page 20000
/bbs/Gossiping/M.1494915049.A.999.html download to ptt/Gossiping/20000_0.txt, time: 4.090000
/bbs/Gossiping/M.1494915176.A.0F3.html download to ptt/Gossiping/20000_1.txt, time: 5.540000
/bbs/Gossiping/M.1494915184.A.966.html download to ptt/Gossiping/20000_2.txt, time: 4.340000
/bbs/Gossiping/M.1494915192.A.5F8.html download to ptt/Gossiping/20000_3.txt, time: 6.700000
/bbs/Gossiping/M.1494915234.A.2FF.html download to ptt/Gossiping/20000_4.txt, time: 7.120000
/bbs/Gossiping/M.1494915294.A.A80.html download to ptt/Gossiping/20000_5.txt, time: 6.130000
/bbs/Gossiping/M.1494915297.A.486.html download to ptt/Gossiping/20000_6.txt, time: 4.310000
/bbs/Gossiping/M.1494915350.A.E35.html download to ptt/Gossiping/20000_7.txt, time: 4.250000
/bbs/Gossiping/M.1494915392.A.E96.html download to ptt/Gossiping/20000_8.txt, time: 3.800000
/bbs/Gossiping/M.1494915403.A.FFE.html download to ptt/Gossiping/20000_9.txt, time: 3.940000
/bbs/Gossiping/M.1494915449.A.98A.html download to ptt/Gossiping/20000_10.txt, time: 3.500000
/bbs/Gossiping/M.1494915462.A.164.html download to ptt/Gossiping/20000_11.txt, time: 5.030000
/bbs/Gossiping/M.1494915468.A.E7B.html download to ptt/Gossiping/20000_12.txt, time: 4.740000
/bbs/Gossiping/M.1494915507.A.340.html download to ptt/Gossiping/20000_13.txt, time: 4.920000
/bbs/Gossiping/M.1494915541.A.FA4.html download to ptt/Gossiping/20000_14.txt, time: 4.920000
/bbs/Gossiping/M.1494915564.A.ED3.html download to ptt/Gossiping/20000_15.txt, time: 4.710000
/bbs/Gossiping/M.1494915634.A.DD2.html download to ptt/Gossiping/20000_16.txt, time: 4.080000
/bbs/Gossiping/M.1494915649.A.02E.html download to ptt/Gossiping/20000_17.txt, time: 6.840000
/bbs/Gossiping/M.1494915653.A.422.html download to ptt/Gossiping/20000_18.txt, time: 6.210000
/bbs/Gossiping/M.1494915707.A.0E3.html download to ptt/Gossiping/20000_19.txt, time: 4.670000
page 19999
/bbs/Gossiping/M.1494914367.A.806.html download to ptt/Gossiping/19999_0.txt, time: 4.530000
/bbs/Gossiping/M.1494914417.A.047.html download to ptt/Gossiping/19999_1.txt, time: 3.600000
/bbs/Gossiping/M.1494914458.A.785.html download to ptt/Gossiping/19999_2.txt, time: 4.210000
/bbs/Gossiping/M.1494914532.A.BD0.html download to ptt/Gossiping/19999_3.txt, time: 4.720000
/bbs/Gossiping/M.1494914534.A.611.html download to ptt/Gossiping/19999_4.txt, time: 3.800000
/bbs/Gossiping/M.1494914579.A.01C.html download to ptt/Gossiping/19999_5.txt, time: 3.570000
/bbs/Gossiping/M.1494914592.A.701.html download to ptt/Gossiping/19999_6.txt, time: 5.310000
/bbs/Gossiping/M.1494914607.A.75A.html download to ptt/Gossiping/19999_7.txt, time: 4.870000
/bbs/Gossiping/M.1494914608.A.BB1.html download to ptt/Gossiping/19999_8.txt, time: 5.400000
/bbs/Gossiping/M.1494914629.A.B88.html download to ptt/Gossiping/19999_9.txt, time: 3.630000
/bbs/Gossiping/M.1494914653.A.020.html download to ptt/Gossiping/19999_10.txt, time: 4.690000
/bbs/Gossiping/M.1494914755.A.E5C.html download to ptt/Gossiping/19999_11.txt, time: 4.900000
/bbs/Gossiping/M.1494914771.A.32E.html download to ptt/Gossiping/19999_12.txt, time: 4.090000
/bbs/Gossiping/M.1494914776.A.71A.html download to ptt/Gossiping/19999_13.txt, time: 6.260000
/bbs/Gossiping/M.1494914870.A.848.html download to ptt/Gossiping/19999_14.txt, time: 4.810000
/bbs/Gossiping/M.1494914918.A.110.html download to ptt/Gossiping/19999_15.txt, time: 9.110000
/bbs/Gossiping/M.1494914935.A.310.html download to ptt/Gossiping/19999_16.txt, time: 4.720000
/bbs/Gossiping/M.1494914963.A.ED8.html download to ptt/Gossiping/19999_17.txt, time: 5.050000
/bbs/Gossiping/M.1494915007.A.CCA.html download to ptt/Gossiping/19999_18.txt, time: 5.540000
/bbs/Gossiping/M.1494915008.A.0C8.html download to ptt/Gossiping/19999_19.txt, time: 6.150000
page 19998
/bbs/Gossiping/M.1494913854.A.93F.html download to ptt/Gossiping/19998_0.txt, time: 4.920000
/bbs/Gossiping/M.1494913877.A.E63.html download to ptt/Gossiping/19998_1.txt, time: 4.690000
/bbs/Gossiping/M.1494913878.A.F5F.html download to ptt/Gossiping/19998_2.txt, time: 4.860000
/bbs/Gossiping/M.1494913879.A.F68.html download to ptt/Gossiping/19998_3.txt, time: 7.460000
/bbs/Gossiping/M.1494913884.A.64D.html download to ptt/Gossiping/19998_4.txt, time: 13.520000
/bbs/Gossiping/M.1494913901.A.A63.html download to ptt/Gossiping/19998_5.txt, time: 9.500000
/bbs/Gossiping/M.1494913959.A.BE4.html download to ptt/Gossiping/19998_6.txt, time: 6.020000
/bbs/Gossiping/M.1494914000.A.F1C.html download to ptt/Gossiping/19998_7.txt, time: 6.530000
/bbs/Gossiping/M.1494914050.A.8E2.html download to ptt/Gossiping/19998_8.txt, time: 4.810000
/bbs/Gossiping/M.1494914085.A.26A.html download to ptt/Gossiping/19998_9.txt, time: 4.490000
/bbs/Gossiping/M.1494914125.A.D75.html download to ptt/Gossiping/19998_10.txt, time: 4.900000
/bbs/Gossiping/M.1494914138.A.E98.html download to ptt/Gossiping/19998_11.txt, time: 3.430000
/bbs/Gossiping/M.1494914148.A.FC7.html download to ptt/Gossiping/19998_12.txt, time: 5.970000
/bbs/Gossiping/M.1494914150.A.5CD.html download to ptt/Gossiping/19998_13.txt, time: 3.290000
/bbs/Gossiping/M.1494914210.A.03B.html download to ptt/Gossiping/19998_14.txt, time: 4.180000
/bbs/Gossiping/M.1494914279.A.6C3.html download to ptt/Gossiping/19998_15.txt, time: 4.750000
/bbs/Gossiping/M.1494914288.A.A35.html download to ptt/Gossiping/19998_16.txt, time: 3.640000
/bbs/Gossiping/M.1494914345.A.621.html download to ptt/Gossiping/19998_17.txt, time: 3.660000
/bbs/Gossiping/M.1494914348.A.B67.html download to ptt/Gossiping/19998_18.txt, time: 4.100000
/bbs/Gossiping/M.1494914353.A.C7D.html download to ptt/Gossiping/19998_19.txt, time: 4.420000
page 19997
/bbs/Gossiping/M.1494913370.A.674.html download to ptt/Gossiping/19997_0.txt, time: 3.920000
/bbs/Gossiping/M.1494913371.A.1BA.html download to ptt/Gossiping/19997_1.txt, time: 3.750000
/bbs/Gossiping/M.1494913382.A.476.html download to ptt/Gossiping/19997_2.txt, time: 3.510000
/bbs/Gossiping/M.1494913407.A.F7B.html download to ptt/Gossiping/19997_3.txt, time: 4.710000
/bbs/Gossiping/M.1494913448.A.7F2.html download to ptt/Gossiping/19997_4.txt, time: 4.060000
/bbs/Gossiping/M.1494913510.A.2F8.html download to ptt/Gossiping/19997_5.txt, time: 5.350000
/bbs/Gossiping/M.1494913514.A.D90.html download to ptt/Gossiping/19997_6.txt, time: 3.640000
/bbs/Gossiping/M.1494913521.A.D46.html download to ptt/Gossiping/19997_7.txt, time: 3.250000
/bbs/Gossiping/M.1494913549.A.F78.html download to ptt/Gossiping/19997_8.txt, time: 3.930000
/bbs/Gossiping/M.1494913552.A.811.html download to ptt/Gossiping/19997_9.txt, time: 3.680000
/bbs/Gossiping/M.1494913569.A.DB6.html download to ptt/Gossiping/19997_10.txt, time: 3.230000
/bbs/Gossiping/M.1494913572.A.002.html download to ptt/Gossiping/19997_11.txt, time: 3.550000
/bbs/Gossiping/M.1494913645.A.4CE.html download to ptt/Gossiping/19997_12.txt, time: 3.390000
/bbs/Gossiping/M.1494913717.A.CE3.html download to ptt/Gossiping/19997_13.txt, time: 6.110000
/bbs/Gossiping/M.1494913728.A.38D.html download to ptt/Gossiping/19997_14.txt, time: 6.370000
/bbs/Gossiping/M.1494913734.A.EB9.html download to ptt/Gossiping/19997_15.txt, time: 5.330000
/bbs/Gossiping/M.1494913753.A.DB9.html download to ptt/Gossiping/19997_16.txt, time: 5.180000
/bbs/Gossiping/M.1494913767.A.3AB.html download to ptt/Gossiping/19997_17.txt, time: 4.660000
/bbs/Gossiping/M.1494913787.A.722.html download to ptt/Gossiping/19997_18.txt, time: 4.760000
/bbs/Gossiping/M.1494913854.A.115.html download to ptt/Gossiping/19997_19.txt, time: 5.050000
page 19996
/bbs/Gossiping/M.1494912631.A.E58.html download to ptt/Gossiping/19996_0.txt, time: 4.540000
/bbs/Gossiping/M.1494912652.A.4B7.html download to ptt/Gossiping/19996_1.txt, time: 4.600000
/bbs/Gossiping/M.1494912654.A.7CC.html download to ptt/Gossiping/19996_2.txt, time: 4.230000
/bbs/Gossiping/M.1494912669.A.112.html download to ptt/Gossiping/19996_3.txt, time: 5.330000
/bbs/Gossiping/M.1494912683.A.991.html download to ptt/Gossiping/19996_4.txt, time: 2.550000
/bbs/Gossiping/M.1494912734.A.CEE.html download to ptt/Gossiping/19996_5.txt, time: 4.650000
/bbs/Gossiping/M.1494912756.A.150.html download to ptt/Gossiping/19996_6.txt, time: 2.970000
/bbs/Gossiping/M.1494912878.A.E98.html download to ptt/Gossiping/19996_7.txt, time: 3.720000
/bbs/Gossiping/M.1494913039.A.F91.html download to ptt/Gossiping/19996_8.txt, time: 3.740000
/bbs/Gossiping/M.1494913049.A.86D.html download to ptt/Gossiping/19996_9.txt, time: 4.820000
/bbs/Gossiping/M.1494913055.A.D5A.html download to ptt/Gossiping/19996_10.txt, time: 3.620000
/bbs/Gossiping/M.1494913080.A.036.html download to ptt/Gossiping/19996_11.txt, time: 2.370000
/bbs/Gossiping/M.1494913083.A.A45.html download to ptt/Gossiping/19996_12.txt, time: 3.490000
/bbs/Gossiping/M.1494913086.A.6C3.html download to ptt/Gossiping/19996_13.txt, time: 2.820000
/bbs/Gossiping/M.1494913087.A.E4A.html download to ptt/Gossiping/19996_14.txt, time: 2.860000
/bbs/Gossiping/M.1494913249.A.909.html download to ptt/Gossiping/19996_15.txt, time: 4.330000
/bbs/Gossiping/M.1494913256.A.998.html download to ptt/Gossiping/19996_16.txt, time: 4.070000
/bbs/Gossiping/M.1494913309.A.D0F.html download to ptt/Gossiping/19996_17.txt, time: 2.270000
/bbs/Gossiping/M.1494913310.A.B8E.html download to ptt/Gossiping/19996_18.txt, time: 3.010000
/bbs/Gossiping/M.1494913322.A.A63.html download to ptt/Gossiping/19996_19.txt, time: 2.990000
time: 526.4487833976746 seconds
