page 20010
/bbs/Gossiping/M.1494921212.A.65F.html download to ptt/Gossiping/20010_0.txt, time: 5.440000
/bbs/Gossiping/M.1494921212.A.E33.html download to ptt/Gossiping/20010_1.txt, time: 3.890000
/bbs/Gossiping/M.1494921224.A.E16.html download to ptt/Gossiping/20010_2.txt, time: 3.790000
/bbs/Gossiping/M.1494921253.A.7D4.html download to ptt/Gossiping/20010_3.txt, time: 3.400000
/bbs/Gossiping/M.1494921261.A.250.html download to ptt/Gossiping/20010_4.txt, time: 4.710000
/bbs/Gossiping/M.1494921376.A.340.html download to ptt/Gossiping/20010_5.txt, time: 5.310000
/bbs/Gossiping/M.1494921439.A.821.html download to ptt/Gossiping/20010_6.txt, time: 8.640000
/bbs/Gossiping/M.1494921489.A.D1A.html download to ptt/Gossiping/20010_7.txt, time: 4.300000
/bbs/Gossiping/M.1494921502.A.82D.html download to ptt/Gossiping/20010_8.txt, time: 5.730000
/bbs/Gossiping/M.1494921513.A.6DE.html download to ptt/Gossiping/20010_9.txt, time: 3.590000
/bbs/Gossiping/M.1494921514.A.78E.html download to ptt/Gossiping/20010_10.txt, time: 4.870000
/bbs/Gossiping/M.1494921553.A.92F.html download to ptt/Gossiping/20010_11.txt, time: 3.340000
/bbs/Gossiping/M.1494921556.A.C02.html download to ptt/Gossiping/20010_12.txt, time: 5.750000
/bbs/Gossiping/M.1494921610.A.AA7.html download to ptt/Gossiping/20010_13.txt, time: 5.400000
/bbs/Gossiping/M.1494921628.A.206.html download to ptt/Gossiping/20010_14.txt, time: 5.970000
/bbs/Gossiping/M.1494921632.A.C73.html download to ptt/Gossiping/20010_15.txt, time: 3.760000
/bbs/Gossiping/M.1494921722.A.FBE.html download to ptt/Gossiping/20010_16.txt, time: 6.220000
/bbs/Gossiping/M.1494921798.A.AA4.html download to ptt/Gossiping/20010_17.txt, time: 5.450000
/bbs/Gossiping/M.1494921842.A.CE9.html download to ptt/Gossiping/20010_18.txt, time: 4.680000
/bbs/Gossiping/M.1494921896.A.01A.html download to ptt/Gossiping/20010_19.txt, time: 4.010000
page 20009
/bbs/Gossiping/M.1494920648.A.E7D.html download to ptt/Gossiping/20009_0.txt, time: 4.530000
/bbs/Gossiping/M.1494920670.A.3C7.html download to ptt/Gossiping/20009_1.txt, time: 7.930000
/bbs/Gossiping/M.1494920746.A.A90.html download to ptt/Gossiping/20009_2.txt, time: 5.690000
/bbs/Gossiping/M.1494920793.A.8D3.html download to ptt/Gossiping/20009_3.txt, time: 3.450000
/bbs/Gossiping/M.1494920818.A.E09.html download to ptt/Gossiping/20009_4.txt, time: 4.390000
/bbs/Gossiping/M.1494920830.A.406.html download to ptt/Gossiping/20009_5.txt, time: 5.880000
/bbs/Gossiping/M.1494920839.A.F29.html download to ptt/Gossiping/20009_6.txt, time: 3.370000
/bbs/Gossiping/M.1494920863.A.C16.html download to ptt/Gossiping/20009_7.txt, time: 5.260000
/bbs/Gossiping/M.1494920865.A.97D.html download to ptt/Gossiping/20009_8.txt, time: 6.260000
/bbs/Gossiping/M.1494920946.A.85F.html download to ptt/Gossiping/20009_9.txt, time: 6.930000
/bbs/Gossiping/M.1494920988.A.C6D.html download to ptt/Gossiping/20009_10.txt, time: 5.430000
/bbs/Gossiping/M.1494920994.A.3F6.html download to ptt/Gossiping/20009_11.txt, time: 4.330000
/bbs/Gossiping/M.1494920995.A.153.html download to ptt/Gossiping/20009_12.txt, time: 4.130000
/bbs/Gossiping/M.1494921056.A.70C.html download to ptt/Gossiping/20009_13.txt, time: 5.220000
/bbs/Gossiping/M.1494921069.A.B0C.html download to ptt/Gossiping/20009_14.txt, time: 5.280000
/bbs/Gossiping/M.1494921070.A.6BD.html download to ptt/Gossiping/20009_15.txt, time: 8.410000
/bbs/Gossiping/M.1494921097.A.C71.html download to ptt/Gossiping/20009_16.txt, time: 13.530000
/bbs/Gossiping/M.1494921113.A.72C.html download to ptt/Gossiping/20009_17.txt, time: 4.350000
/bbs/Gossiping/M.1494921141.A.B60.html download to ptt/Gossiping/20009_18.txt, time: 14.150000
/bbs/Gossiping/M.1494921151.A.F18.html download to ptt/Gossiping/20009_19.txt, time: 8.050000
page 20008
/bbs/Gossiping/M.1494920110.A.B13.html download to ptt/Gossiping/20008_0.txt, time: 6.810000
/bbs/Gossiping/M.1494920171.A.8F8.html download to ptt/Gossiping/20008_1.txt, time: 5.110000
/bbs/Gossiping/M.1494920195.A.4E7.html download to ptt/Gossiping/20008_2.txt, time: 6.170000
/bbs/Gossiping/M.1494920221.A.6FD.html download to ptt/Gossiping/20008_3.txt, time: 7.060000
/bbs/Gossiping/M.1494920236.A.DA5.html download to ptt/Gossiping/20008_4.txt, time: 9.930000
/bbs/Gossiping/M.1494920253.A.E30.html download to ptt/Gossiping/20008_5.txt, time: 3.940000
/bbs/Gossiping/M.1494920260.A.208.html download to ptt/Gossiping/20008_6.txt, time: 5.310000
/bbs/Gossiping/M.1494920323.A.AE6.html download to ptt/Gossiping/20008_7.txt, time: 5.380000
/bbs/Gossiping/M.1494920354.A.535.html download to ptt/Gossiping/20008_8.txt, time: 3.360000
/bbs/Gossiping/M.1494920384.A.7CF.html download to ptt/Gossiping/20008_9.txt, time: 5.400000
/bbs/Gossiping/M.1494920411.A.2D3.html download to ptt/Gossiping/20008_10.txt, time: 4.840000
/bbs/Gossiping/M.1494920412.A.D80.html download to ptt/Gossiping/20008_11.txt, time: 3.560000
/bbs/Gossiping/M.1494920443.A.550.html download to ptt/Gossiping/20008_12.txt, time: 3.660000
/bbs/Gossiping/M.1494920464.A.8E9.html download to ptt/Gossiping/20008_13.txt, time: 4.490000
/bbs/Gossiping/M.1494920541.A.AA5.html download to ptt/Gossiping/20008_14.txt, time: 3.760000
/bbs/Gossiping/M.1494920551.A.DC4.html download to ptt/Gossiping/20008_15.txt, time: 3.520000
/bbs/Gossiping/M.1494920573.A.DC2.html download to ptt/Gossiping/20008_16.txt, time: 2.940000
/bbs/Gossiping/M.1494920578.A.1C0.html download to ptt/Gossiping/20008_17.txt, time: 3.090000
/bbs/Gossiping/M.1494920586.A.EA6.html download to ptt/Gossiping/20008_18.txt, time: 4.900000
/bbs/Gossiping/M.1494920643.A.F82.html download to ptt/Gossiping/20008_19.txt, time: 4.950000
page 20007
/bbs/Gossiping/M.1494919254.A.AE7.html download to ptt/Gossiping/20007_0.txt, time: 5.170000
/bbs/Gossiping/M.1494919285.A.4BE.html download to ptt/Gossiping/20007_1.txt, time: 4.760000
/bbs/Gossiping/M.1494919377.A.FB3.html download to ptt/Gossiping/20007_2.txt, time: 4.140000
/bbs/Gossiping/M.1494919390.A.74D.html download to ptt/Gossiping/20007_3.txt, time: 4.740000
/bbs/Gossiping/M.1494919411.A.5D2.html download to ptt/Gossiping/20007_4.txt, time: 3.590000
/bbs/Gossiping/M.1494919430.A.48E.html download to ptt/Gossiping/20007_5.txt, time: 5.420000
/bbs/Gossiping/M.1494919556.A.4B8.html download to ptt/Gossiping/20007_6.txt, time: 2.500000
/bbs/Gossiping/M.1494919592.A.E18.html download to ptt/Gossiping/20007_7.txt, time: 3.980000
/bbs/Gossiping/M.1494919671.A.19B.html download to ptt/Gossiping/20007_8.txt, time: 4.150000
/bbs/Gossiping/M.1494919678.A.FEB.html download to ptt/Gossiping/20007_9.txt, time: 3.800000
/bbs/Gossiping/M.1494919707.A.D93.html download to ptt/Gossiping/20007_10.txt, time: 5.930000
/bbs/Gossiping/M.1494919738.A.B73.html download to ptt/Gossiping/20007_11.txt, time: 5.450000
/bbs/Gossiping/M.1494919772.A.D63.html download to ptt/Gossiping/20007_12.txt, time: 3.080000
/bbs/Gossiping/M.1494919818.A.B2A.html download to ptt/Gossiping/20007_13.txt, time: 3.400000
/bbs/Gossiping/M.1494919821.A.6B3.html download to ptt/Gossiping/20007_14.txt, time: 3.540000
/bbs/Gossiping/M.1494919822.A.FF2.html download to ptt/Gossiping/20007_15.txt, time: 3.980000
/bbs/Gossiping/M.1494919834.A.B52.html download to ptt/Gossiping/20007_16.txt, time: 3.620000
/bbs/Gossiping/M.1494919934.A.57D.html download to ptt/Gossiping/20007_17.txt, time: 3.240000
/bbs/Gossiping/M.1494920014.A.660.html download to ptt/Gossiping/20007_18.txt, time: 4.990000
/bbs/Gossiping/M.1494920073.A.B43.html download to ptt/Gossiping/20007_19.txt, time: 2.740000
page 20006
/bbs/Gossiping/M.1494918606.A.402.html download to ptt/Gossiping/20006_0.txt, time: 5.430000
/bbs/Gossiping/M.1494918617.A.1B5.html download to ptt/Gossiping/20006_1.txt, time: 4.110000
/bbs/Gossiping/M.1494918715.A.C39.html download to ptt/Gossiping/20006_2.txt, time: 3.900000
/bbs/Gossiping/M.1494918720.A.8B9.html download to ptt/Gossiping/20006_3.txt, time: 4.660000
/bbs/Gossiping/M.1494918771.A.552.html download to ptt/Gossiping/20006_4.txt, time: 3.830000
/bbs/Gossiping/M.1494918774.A.38C.html download to ptt/Gossiping/20006_5.txt, time: 3.100000
/bbs/Gossiping/M.1494918775.A.5A9.html download to ptt/Gossiping/20006_6.txt, time: 2.930000
/bbs/Gossiping/M.1494918808.A.419.html download to ptt/Gossiping/20006_7.txt, time: 4.310000
/bbs/Gossiping/M.1494918826.A.133.html download to ptt/Gossiping/20006_8.txt, time: 3.110000
/bbs/Gossiping/M.1494918829.A.84D.html download to ptt/Gossiping/20006_9.txt, time: 2.390000
/bbs/Gossiping/M.1494918878.A.184.html download to ptt/Gossiping/20006_10.txt, time: 2.690000
/bbs/Gossiping/M.1494918882.A.CF7.html download to ptt/Gossiping/20006_11.txt, time: 3.410000
/bbs/Gossiping/M.1494918915.A.02D.html download to ptt/Gossiping/20006_12.txt, time: 2.530000
/bbs/Gossiping/M.1494918958.A.328.html download to ptt/Gossiping/20006_13.txt, time: 3.110000
/bbs/Gossiping/M.1494918967.A.796.html download to ptt/Gossiping/20006_14.txt, time: 3.360000
/bbs/Gossiping/M.1494919016.A.3B4.html download to ptt/Gossiping/20006_15.txt, time: 9.120000
/bbs/Gossiping/M.1494919057.A.478.html download to ptt/Gossiping/20006_16.txt, time: 5.380000
/bbs/Gossiping/M.1494919074.A.D94.html download to ptt/Gossiping/20006_17.txt, time: 1.020000
/bbs/Gossiping/M.1494919107.A.90C.html download to ptt/Gossiping/20006_18.txt, time: 1.180000
/bbs/Gossiping/M.1494919239.A.E70.html download to ptt/Gossiping/20006_19.txt, time: 0.830000
time: 534.9024691581726 seconds
