page 20020
/bbs/Gossiping/M.1494928612.A.C1C.html download to ptt/Gossiping/20020_0.txt, time: 4.840000
/bbs/Gossiping/M.1494928639.A.A92.html download to ptt/Gossiping/20020_1.txt, time: 3.570000
/bbs/Gossiping/M.1494928665.A.1AF.html download to ptt/Gossiping/20020_2.txt, time: 5.710000
/bbs/Gossiping/M.1494928682.A.948.html download to ptt/Gossiping/20020_3.txt, time: 4.940000
/bbs/Gossiping/M.1494928683.A.66E.html download to ptt/Gossiping/20020_4.txt, time: 3.620000
/bbs/Gossiping/M.1494928686.A.190.html download to ptt/Gossiping/20020_5.txt, time: 4.590000
/bbs/Gossiping/M.1494928696.A.FD0.html download to ptt/Gossiping/20020_6.txt, time: 7.210000
/bbs/Gossiping/M.1494928721.A.84A.html download to ptt/Gossiping/20020_7.txt, time: 4.700000
/bbs/Gossiping/M.1494928824.A.E57.html download to ptt/Gossiping/20020_8.txt, time: 4.370000
/bbs/Gossiping/M.1494928876.A.E8A.html download to ptt/Gossiping/20020_9.txt, time: 4.460000
/bbs/Gossiping/M.1494928890.A.18C.html download to ptt/Gossiping/20020_10.txt, time: 4.230000
/bbs/Gossiping/M.1494928942.A.82C.html download to ptt/Gossiping/20020_11.txt, time: 5.670000
/bbs/Gossiping/M.1494928958.A.D7B.html download to ptt/Gossiping/20020_12.txt, time: 5.690000
/bbs/Gossiping/M.1494928978.A.487.html download to ptt/Gossiping/20020_13.txt, time: 3.770000
/bbs/Gossiping/M.1494928992.A.D9A.html download to ptt/Gossiping/20020_14.txt, time: 4.630000
/bbs/Gossiping/M.1494929002.A.3C9.html download to ptt/Gossiping/20020_15.txt, time: 6.040000
/bbs/Gossiping/M.1494929057.A.DFD.html download to ptt/Gossiping/20020_16.txt, time: 6.350000
/bbs/Gossiping/M.1494929076.A.297.html download to ptt/Gossiping/20020_17.txt, time: 5.340000
/bbs/Gossiping/M.1494929124.A.B4D.html download to ptt/Gossiping/20020_18.txt, time: 4.540000
/bbs/Gossiping/M.1494929129.A.528.html download to ptt/Gossiping/20020_19.txt, time: 5.380000
page 20019
/bbs/Gossiping/M.1494927873.A.8A0.html download to ptt/Gossiping/20019_0.txt, time: 3.990000
/bbs/Gossiping/M.1494928091.A.F07.html download to ptt/Gossiping/20019_1.txt, time: 4.750000
/bbs/Gossiping/M.1494928111.A.DE2.html download to ptt/Gossiping/20019_2.txt, time: 4.130000
/bbs/Gossiping/M.1494928117.A.8F8.html download to ptt/Gossiping/20019_3.txt, time: 5.530000
/bbs/Gossiping/M.1494928206.A.B3F.html download to ptt/Gossiping/20019_4.txt, time: 6.230000
/bbs/Gossiping/M.1494928331.A.4E5.html download to ptt/Gossiping/20019_5.txt, time: 3.890000
/bbs/Gossiping/M.1494928367.A.433.html download to ptt/Gossiping/20019_6.txt, time: 4.200000
/bbs/Gossiping/M.1494928368.A.B22.html download to ptt/Gossiping/20019_7.txt, time: 4.260000
/bbs/Gossiping/M.1494928373.A.168.html download to ptt/Gossiping/20019_8.txt, time: 4.250000
/bbs/Gossiping/M.1494928384.A.808.html download to ptt/Gossiping/20019_9.txt, time: 3.560000
/bbs/Gossiping/M.1494928434.A.8CD.html download to ptt/Gossiping/20019_10.txt, time: 4.460000
/bbs/Gossiping/M.1494928453.A.B2A.html download to ptt/Gossiping/20019_11.txt, time: 5.310000
/bbs/Gossiping/M.1494928465.A.6C7.html download to ptt/Gossiping/20019_12.txt, time: 6.870000
/bbs/Gossiping/M.1494928466.A.4C7.html download to ptt/Gossiping/20019_13.txt, time: 12.730000
/bbs/Gossiping/M.1494928471.A.B8B.html download to ptt/Gossiping/20019_14.txt, time: 5.830000
/bbs/Gossiping/M.1494928500.A.C2C.html download to ptt/Gossiping/20019_15.txt, time: 3.850000
/bbs/Gossiping/M.1494928539.A.51E.html download to ptt/Gossiping/20019_16.txt, time: 7.020000
/bbs/Gossiping/M.1494928574.A.C1F.html download to ptt/Gossiping/20019_17.txt, time: 9.730000
/bbs/Gossiping/M.1494928580.A.1DA.html download to ptt/Gossiping/20019_18.txt, time: 5.310000
/bbs/Gossiping/M.1494928609.A.6CD.html download to ptt/Gossiping/20019_19.txt, time: 5.850000
page 20018
/bbs/Gossiping/M.1494927104.A.72C.html download to ptt/Gossiping/20018_0.txt, time: 5.150000
/bbs/Gossiping/M.1494927238.A.F63.html download to ptt/Gossiping/20018_1.txt, time: 4.640000
/bbs/Gossiping/M.1494927241.A.CB0.html download to ptt/Gossiping/20018_2.txt, time: 5.120000
/bbs/Gossiping/M.1494927269.A.69D.html download to ptt/Gossiping/20018_3.txt, time: 8.710000
/bbs/Gossiping/M.1494927280.A.FC9.html download to ptt/Gossiping/20018_4.txt, time: 8.370000
/bbs/Gossiping/M.1494927283.A.75A.html download to ptt/Gossiping/20018_5.txt, time: 7.190000
/bbs/Gossiping/M.1494927415.A.862.html download to ptt/Gossiping/20018_6.txt, time: 5.320000
/bbs/Gossiping/M.1494927459.A.1EA.html download to ptt/Gossiping/20018_7.txt, time: 5.050000
/bbs/Gossiping/M.1494927522.A.C42.html download to ptt/Gossiping/20018_8.txt, time: 3.510000
/bbs/Gossiping/M.1494927532.A.F49.html download to ptt/Gossiping/20018_9.txt, time: 4.460000
/bbs/Gossiping/M.1494927565.A.D89.html download to ptt/Gossiping/20018_10.txt, time: 4.720000
/bbs/Gossiping/M.1494927574.A.255.html download to ptt/Gossiping/20018_11.txt, time: 5.030000
/bbs/Gossiping/M.1494927590.A.73A.html download to ptt/Gossiping/20018_12.txt, time: 4.080000
/bbs/Gossiping/M.1494927625.A.C91.html download to ptt/Gossiping/20018_13.txt, time: 4.050000
/bbs/Gossiping/M.1494927642.A.09F.html download to ptt/Gossiping/20018_14.txt, time: 3.860000
/bbs/Gossiping/M.1494927715.A.E92.html download to ptt/Gossiping/20018_15.txt, time: 3.880000
/bbs/Gossiping/M.1494927756.A.4FC.html download to ptt/Gossiping/20018_16.txt, time: 5.700000
/bbs/Gossiping/M.1494927757.A.23C.html download to ptt/Gossiping/20018_17.txt, time: 5.040000
/bbs/Gossiping/M.1494927759.A.AC3.html download to ptt/Gossiping/20018_18.txt, time: 5.240000
/bbs/Gossiping/M.1494927830.A.6E2.html download to ptt/Gossiping/20018_19.txt, time: 3.780000
page 20017
/bbs/Gossiping/M.1494926327.A.643.html download to ptt/Gossiping/20017_0.txt, time: 3.380000
/bbs/Gossiping/M.1494926330.A.F53.html download to ptt/Gossiping/20017_1.txt, time: 6.260000
/bbs/Gossiping/M.1494926340.A.D10.html download to ptt/Gossiping/20017_2.txt, time: 4.210000
/bbs/Gossiping/M.1494926382.A.FA0.html download to ptt/Gossiping/20017_3.txt, time: 3.320000
/bbs/Gossiping/M.1494926382.A.854.html download to ptt/Gossiping/20017_4.txt, time: 4.910000
/bbs/Gossiping/M.1494926510.A.0FD.html download to ptt/Gossiping/20017_5.txt, time: 3.920000
/bbs/Gossiping/M.1494926636.A.ABF.html download to ptt/Gossiping/20017_6.txt, time: 3.170000
/bbs/Gossiping/M.1494926637.A.9E4.html download to ptt/Gossiping/20017_7.txt, time: 4.420000
/bbs/Gossiping/M.1494926668.A.28D.html download to ptt/Gossiping/20017_8.txt, time: 5.250000
/bbs/Gossiping/M.1494926694.A.81D.html download to ptt/Gossiping/20017_9.txt, time: 3.800000
/bbs/Gossiping/M.1494926752.A.D3C.html download to ptt/Gossiping/20017_10.txt, time: 4.410000
/bbs/Gossiping/M.1494926772.A.39C.html download to ptt/Gossiping/20017_11.txt, time: 6.270000
/bbs/Gossiping/M.1494926799.A.1B1.html download to ptt/Gossiping/20017_12.txt, time: 5.660000
/bbs/Gossiping/M.1494926823.A.BEC.html download to ptt/Gossiping/20017_13.txt, time: 4.100000
/bbs/Gossiping/M.1494926857.A.120.html download to ptt/Gossiping/20017_14.txt, time: 4.660000
/bbs/Gossiping/M.1494926867.A.FDC.html download to ptt/Gossiping/20017_15.txt, time: 3.960000
/bbs/Gossiping/M.1494926966.A.7B2.html download to ptt/Gossiping/20017_16.txt, time: 4.470000
/bbs/Gossiping/M.1494927024.A.E59.html download to ptt/Gossiping/20017_17.txt, time: 3.990000
/bbs/Gossiping/M.1494927066.A.4E2.html download to ptt/Gossiping/20017_18.txt, time: 3.940000
/bbs/Gossiping/M.1494927096.A.C09.html download to ptt/Gossiping/20017_19.txt, time: 3.740000
page 20016
/bbs/Gossiping/M.1494925526.A.F00.html download to ptt/Gossiping/20016_0.txt, time: 3.300000
/bbs/Gossiping/M.1494925530.A.5EC.html download to ptt/Gossiping/20016_1.txt, time: 4.700000
/bbs/Gossiping/M.1494925556.A.F08.html download to ptt/Gossiping/20016_2.txt, time: 4.590000
/bbs/Gossiping/M.1494925671.A.A9C.html download to ptt/Gossiping/20016_3.txt, time: 3.800000
/bbs/Gossiping/M.1494925678.A.EB4.html download to ptt/Gossiping/20016_4.txt, time: 4.370000
/bbs/Gossiping/M.1494925756.A.469.html download to ptt/Gossiping/20016_5.txt, time: 2.510000
/bbs/Gossiping/M.1494925794.A.310.html download to ptt/Gossiping/20016_6.txt, time: 2.660000
/bbs/Gossiping/M.1494925804.A.0FD.html download to ptt/Gossiping/20016_7.txt, time: 3.920000
/bbs/Gossiping/M.1494925863.A.CD1.html download to ptt/Gossiping/20016_8.txt, time: 4.240000
/bbs/Gossiping/M.1494925873.A.88D.html download to ptt/Gossiping/20016_9.txt, time: 3.330000
/bbs/Gossiping/M.1494925882.A.CA1.html download to ptt/Gossiping/20016_10.txt, time: 2.560000
/bbs/Gossiping/M.1494925973.A.4D2.html download to ptt/Gossiping/20016_11.txt, time: 4.720000
/bbs/Gossiping/M.1494926002.A.1CA.html download to ptt/Gossiping/20016_12.txt, time: 3.140000
/bbs/Gossiping/M.1494926028.A.05C.html download to ptt/Gossiping/20016_13.txt, time: 4.390000
/bbs/Gossiping/M.1494926150.A.AC4.html download to ptt/Gossiping/20016_14.txt, time: 8.130000
/bbs/Gossiping/M.1494926160.A.30F.html download to ptt/Gossiping/20016_15.txt, time: 2.670000
empty download to ptt/Gossiping/20016_16.txt, time: 0.000000
/bbs/Gossiping/M.1494926203.A.6D0.html download to ptt/Gossiping/20016_17.txt, time: 3.950000
/bbs/Gossiping/M.1494926280.A.C4C.html download to ptt/Gossiping/20016_18.txt, time: 2.380000
/bbs/Gossiping/M.1494926303.A.AC9.html download to ptt/Gossiping/20016_19.txt, time: 1.880000
time: 532.3407797813416 seconds
