page 20040
/bbs/Gossiping/M.1494939759.A.460.html download to ptt/Gossiping/20040_0.txt, time: 6.220000
/bbs/Gossiping/M.1494939820.A.853.html download to ptt/Gossiping/20040_1.txt, time: 5.430000
/bbs/Gossiping/M.1494939850.A.658.html download to ptt/Gossiping/20040_2.txt, time: 3.150000
/bbs/Gossiping/M.1494939874.A.C2B.html download to ptt/Gossiping/20040_3.txt, time: 4.410000
/bbs/Gossiping/M.1494939952.A.396.html download to ptt/Gossiping/20040_4.txt, time: 5.580000
/bbs/Gossiping/M.1494940013.A.6C4.html download to ptt/Gossiping/20040_5.txt, time: 8.070000
/bbs/Gossiping/M.1494940035.A.FB9.html download to ptt/Gossiping/20040_6.txt, time: 4.290000
/bbs/Gossiping/M.1494940040.A.850.html download to ptt/Gossiping/20040_7.txt, time: 4.520000
/bbs/Gossiping/M.1494940086.A.C18.html download to ptt/Gossiping/20040_8.txt, time: 3.100000
/bbs/Gossiping/M.1494940096.A.0B9.html download to ptt/Gossiping/20040_9.txt, time: 4.440000
/bbs/Gossiping/M.1494940115.A.0B0.html download to ptt/Gossiping/20040_10.txt, time: 5.450000
/bbs/Gossiping/M.1494940140.A.EEF.html download to ptt/Gossiping/20040_11.txt, time: 4.890000
/bbs/Gossiping/M.1494940160.A.C68.html download to ptt/Gossiping/20040_12.txt, time: 5.790000
/bbs/Gossiping/M.1494940174.A.D9A.html download to ptt/Gossiping/20040_13.txt, time: 4.680000
/bbs/Gossiping/M.1494940191.A.7CA.html download to ptt/Gossiping/20040_14.txt, time: 3.340000
/bbs/Gossiping/M.1494940255.A.C91.html download to ptt/Gossiping/20040_15.txt, time: 3.840000
/bbs/Gossiping/M.1494940265.A.DC8.html download to ptt/Gossiping/20040_16.txt, time: 5.190000
/bbs/Gossiping/M.1494940273.A.40A.html download to ptt/Gossiping/20040_17.txt, time: 5.670000
/bbs/Gossiping/M.1494940276.A.DE0.html download to ptt/Gossiping/20040_18.txt, time: 4.880000
/bbs/Gossiping/M.1494940293.A.1E2.html download to ptt/Gossiping/20040_19.txt, time: 4.440000
page 20039
/bbs/Gossiping/M.1494939204.A.E57.html download to ptt/Gossiping/20039_0.txt, time: 5.550000
/bbs/Gossiping/M.1494939218.A.C1E.html download to ptt/Gossiping/20039_1.txt, time: 3.270000
/bbs/Gossiping/M.1494939229.A.4C2.html download to ptt/Gossiping/20039_2.txt, time: 5.030000
/bbs/Gossiping/M.1494939279.A.BAC.html download to ptt/Gossiping/20039_3.txt, time: 5.080000
/bbs/Gossiping/M.1494939294.A.3E8.html download to ptt/Gossiping/20039_4.txt, time: 5.240000
/bbs/Gossiping/M.1494939354.A.C2D.html download to ptt/Gossiping/20039_5.txt, time: 5.740000
/bbs/Gossiping/M.1494939369.A.B1A.html download to ptt/Gossiping/20039_6.txt, time: 5.260000
/bbs/Gossiping/M.1494939388.A.AA3.html download to ptt/Gossiping/20039_7.txt, time: 3.910000
/bbs/Gossiping/M.1494939397.A.51A.html download to ptt/Gossiping/20039_8.txt, time: 5.630000
/bbs/Gossiping/M.1494939405.A.A26.html download to ptt/Gossiping/20039_9.txt, time: 6.090000
/bbs/Gossiping/M.1494939453.A.583.html download to ptt/Gossiping/20039_10.txt, time: 6.380000
/bbs/Gossiping/M.1494939511.A.BEE.html download to ptt/Gossiping/20039_11.txt, time: 5.390000
/bbs/Gossiping/M.1494939513.A.778.html download to ptt/Gossiping/20039_12.txt, time: 10.110000
/bbs/Gossiping/M.1494939533.A.618.html download to ptt/Gossiping/20039_13.txt, time: 16.170000
/bbs/Gossiping/M.1494939534.A.262.html download to ptt/Gossiping/20039_14.txt, time: 4.700000
/bbs/Gossiping/M.1494939582.A.257.html download to ptt/Gossiping/20039_15.txt, time: 14.110000
/bbs/Gossiping/M.1494939583.A.4F7.html download to ptt/Gossiping/20039_16.txt, time: 4.070000
/bbs/Gossiping/M.1494939632.A.8F9.html download to ptt/Gossiping/20039_17.txt, time: 4.550000
/bbs/Gossiping/M.1494939692.A.6FD.html download to ptt/Gossiping/20039_18.txt, time: 6.880000
/bbs/Gossiping/M.1494939747.A.9B2.html download to ptt/Gossiping/20039_19.txt, time: 4.970000
page 20038
/bbs/Gossiping/M.1494938550.A.FBD.html download to ptt/Gossiping/20038_0.txt, time: 6.640000
/bbs/Gossiping/M.1494938586.A.4B5.html download to ptt/Gossiping/20038_1.txt, time: 3.520000
/bbs/Gossiping/M.1494938628.A.041.html download to ptt/Gossiping/20038_2.txt, time: 5.260000
/bbs/Gossiping/M.1494938637.A.EE2.html download to ptt/Gossiping/20038_3.txt, time: 4.450000
/bbs/Gossiping/M.1494938653.A.056.html download to ptt/Gossiping/20038_4.txt, time: 7.580000
/bbs/Gossiping/M.1494938726.A.2BF.html download to ptt/Gossiping/20038_5.txt, time: 5.790000
/bbs/Gossiping/M.1494938796.A.121.html download to ptt/Gossiping/20038_6.txt, time: 3.110000
/bbs/Gossiping/M.1494938857.A.61F.html download to ptt/Gossiping/20038_7.txt, time: 6.190000
/bbs/Gossiping/M.1494938875.A.E4B.html download to ptt/Gossiping/20038_8.txt, time: 12.400000
/bbs/Gossiping/M.1494938927.A.16D.html download to ptt/Gossiping/20038_9.txt, time: 3.510000
/bbs/Gossiping/M.1494938934.A.241.html download to ptt/Gossiping/20038_10.txt, time: 3.430000
/bbs/Gossiping/M.1494938957.A.D8E.html download to ptt/Gossiping/20038_11.txt, time: 4.510000
/bbs/Gossiping/M.1494938958.A.3A4.html download to ptt/Gossiping/20038_12.txt, time: 5.420000
/bbs/Gossiping/M.1494938972.A.1EE.html download to ptt/Gossiping/20038_13.txt, time: 3.700000
/bbs/Gossiping/M.1494939013.A.C87.html download to ptt/Gossiping/20038_14.txt, time: 4.260000
/bbs/Gossiping/M.1494939067.A.002.html download to ptt/Gossiping/20038_15.txt, time: 4.740000
/bbs/Gossiping/M.1494939107.A.70D.html download to ptt/Gossiping/20038_16.txt, time: 3.500000
/bbs/Gossiping/M.1494939174.A.87D.html download to ptt/Gossiping/20038_17.txt, time: 4.090000
/bbs/Gossiping/M.1494939179.A.B62.html download to ptt/Gossiping/20038_18.txt, time: 5.460000
/bbs/Gossiping/M.1494939202.A.A92.html download to ptt/Gossiping/20038_19.txt, time: 3.420000
page 20037
/bbs/Gossiping/M.1494938014.A.BC8.html download to ptt/Gossiping/20037_0.txt, time: 4.040000
/bbs/Gossiping/M.1494938015.A.DED.html download to ptt/Gossiping/20037_1.txt, time: 4.200000
/bbs/Gossiping/M.1494938021.A.D83.html download to ptt/Gossiping/20037_2.txt, time: 3.660000
/bbs/Gossiping/M.1494938027.A.59F.html download to ptt/Gossiping/20037_3.txt, time: 3.990000
/bbs/Gossiping/M.1494938087.A.5D6.html download to ptt/Gossiping/20037_4.txt, time: 5.010000
/bbs/Gossiping/M.1494938088.A.A9B.html download to ptt/Gossiping/20037_5.txt, time: 4.240000
/bbs/Gossiping/M.1494938119.A.E0C.html download to ptt/Gossiping/20037_6.txt, time: 3.120000
/bbs/Gossiping/M.1494938155.A.CC7.html download to ptt/Gossiping/20037_7.txt, time: 4.650000
/bbs/Gossiping/M.1494938169.A.B7B.html download to ptt/Gossiping/20037_8.txt, time: 7.610000
/bbs/Gossiping/M.1494938315.A.08D.html download to ptt/Gossiping/20037_9.txt, time: 3.930000
/bbs/Gossiping/M.1494938343.A.DF1.html download to ptt/Gossiping/20037_10.txt, time: 3.170000
/bbs/Gossiping/M.1494938369.A.27F.html download to ptt/Gossiping/20037_11.txt, time: 3.120000
/bbs/Gossiping/M.1494938375.A.104.html download to ptt/Gossiping/20037_12.txt, time: 4.170000
/bbs/Gossiping/M.1494938375.A.B03.html download to ptt/Gossiping/20037_13.txt, time: 4.490000
/bbs/Gossiping/M.1494938405.A.3D7.html download to ptt/Gossiping/20037_14.txt, time: 2.630000
/bbs/Gossiping/M.1494938426.A.E5A.html download to ptt/Gossiping/20037_15.txt, time: 5.850000
/bbs/Gossiping/M.1494938443.A.07B.html download to ptt/Gossiping/20037_16.txt, time: 3.810000
/bbs/Gossiping/M.1494938479.A.B5E.html download to ptt/Gossiping/20037_17.txt, time: 4.550000
/bbs/Gossiping/M.1494938511.A.12A.html download to ptt/Gossiping/20037_18.txt, time: 2.570000
/bbs/Gossiping/M.1494938523.A.A9C.html download to ptt/Gossiping/20037_19.txt, time: 3.810000
page 20036
/bbs/Gossiping/M.1494937437.A.C11.html download to ptt/Gossiping/20036_0.txt, time: 3.060000
/bbs/Gossiping/M.1494937477.A.605.html download to ptt/Gossiping/20036_1.txt, time: 4.530000
/bbs/Gossiping/M.1494937520.A.815.html download to ptt/Gossiping/20036_2.txt, time: 2.690000
/bbs/Gossiping/M.1494937548.A.A48.html download to ptt/Gossiping/20036_3.txt, time: 4.550000
/bbs/Gossiping/M.1494937552.A.25D.html download to ptt/Gossiping/20036_4.txt, time: 3.780000
/bbs/Gossiping/M.1494937556.A.D80.html download to ptt/Gossiping/20036_5.txt, time: 2.280000
/bbs/Gossiping/M.1494937566.A.484.html download to ptt/Gossiping/20036_6.txt, time: 3.770000
/bbs/Gossiping/M.1494937608.A.5E9.html download to ptt/Gossiping/20036_7.txt, time: 3.260000
/bbs/Gossiping/M.1494937626.A.7E1.html download to ptt/Gossiping/20036_8.txt, time: 4.800000
/bbs/Gossiping/M.1494937655.A.030.html download to ptt/Gossiping/20036_9.txt, time: 3.080000
/bbs/Gossiping/M.1494937709.A.C4F.html download to ptt/Gossiping/20036_10.txt, time: 3.610000
/bbs/Gossiping/M.1494937758.A.0C7.html download to ptt/Gossiping/20036_11.txt, time: 7.220000
/bbs/Gossiping/M.1494937768.A.DF2.html download to ptt/Gossiping/20036_12.txt, time: 2.230000
/bbs/Gossiping/M.1494937795.A.12A.html download to ptt/Gossiping/20036_13.txt, time: 3.550000
/bbs/Gossiping/M.1494937831.A.43E.html download to ptt/Gossiping/20036_14.txt, time: 1.820000
/bbs/Gossiping/M.1494937859.A.FAB.html download to ptt/Gossiping/20036_15.txt, time: 2.110000
/bbs/Gossiping/M.1494937871.A.A0C.html download to ptt/Gossiping/20036_16.txt, time: 2.420000
/bbs/Gossiping/M.1494937892.A.0DD.html download to ptt/Gossiping/20036_17.txt, time: 1.070000
/bbs/Gossiping/M.1494937913.A.069.html download to ptt/Gossiping/20036_18.txt, time: 1.020000
/bbs/Gossiping/M.1494937978.A.DAF.html download to ptt/Gossiping/20036_19.txt, time: 0.950000
time: 533.4455192089081 seconds
