page 20050
/bbs/Gossiping/M.1494944620.A.DD4.html download to ptt/Gossiping/20050_0.txt, time: 5.730000
/bbs/Gossiping/M.1494944623.A.356.html download to ptt/Gossiping/20050_1.txt, time: 5.990000
/bbs/Gossiping/M.1494944659.A.069.html download to ptt/Gossiping/20050_2.txt, time: 4.460000
/bbs/Gossiping/M.1494944675.A.BBD.html download to ptt/Gossiping/20050_3.txt, time: 5.570000
/bbs/Gossiping/M.1494944678.A.73C.html download to ptt/Gossiping/20050_4.txt, time: 7.690000
/bbs/Gossiping/M.1494944681.A.E31.html download to ptt/Gossiping/20050_5.txt, time: 5.020000
/bbs/Gossiping/M.1494944686.A.93D.html download to ptt/Gossiping/20050_6.txt, time: 3.450000
/bbs/Gossiping/M.1494944701.A.440.html download to ptt/Gossiping/20050_7.txt, time: 4.190000
/bbs/Gossiping/M.1494944706.A.69B.html download to ptt/Gossiping/20050_8.txt, time: 4.670000
/bbs/Gossiping/M.1494944734.A.64D.html download to ptt/Gossiping/20050_9.txt, time: 6.340000
/bbs/Gossiping/M.1494944739.A.BC8.html download to ptt/Gossiping/20050_10.txt, time: 6.220000
/bbs/Gossiping/M.1494944750.A.19E.html download to ptt/Gossiping/20050_11.txt, time: 3.410000
/bbs/Gossiping/M.1494944758.A.067.html download to ptt/Gossiping/20050_12.txt, time: 3.640000
/bbs/Gossiping/M.1494944758.A.F93.html download to ptt/Gossiping/20050_13.txt, time: 4.590000
/bbs/Gossiping/M.1494944764.A.01B.html download to ptt/Gossiping/20050_14.txt, time: 3.540000
/bbs/Gossiping/M.1494944784.A.340.html download to ptt/Gossiping/20050_15.txt, time: 5.590000
/bbs/Gossiping/M.1494944795.A.9A0.html download to ptt/Gossiping/20050_16.txt, time: 4.840000
/bbs/Gossiping/M.1494944811.A.EDE.html download to ptt/Gossiping/20050_17.txt, time: 5.130000
/bbs/Gossiping/M.1494944838.A.243.html download to ptt/Gossiping/20050_18.txt, time: 4.090000
/bbs/Gossiping/M.1494944839.A.6E7.html download to ptt/Gossiping/20050_19.txt, time: 4.090000
page 20049
/bbs/Gossiping/M.1494944174.A.08A.html download to ptt/Gossiping/20049_0.txt, time: 4.320000
/bbs/Gossiping/M.1494944199.A.DF3.html download to ptt/Gossiping/20049_1.txt, time: 3.620000
/bbs/Gossiping/M.1494944201.A.02E.html download to ptt/Gossiping/20049_2.txt, time: 4.980000
/bbs/Gossiping/M.1494944206.A.66B.html download to ptt/Gossiping/20049_3.txt, time: 3.970000
/bbs/Gossiping/M.1494944244.A.E65.html download to ptt/Gossiping/20049_4.txt, time: 4.520000
/bbs/Gossiping/M.1494944257.A.657.html download to ptt/Gossiping/20049_5.txt, time: 5.080000
/bbs/Gossiping/M.1494944267.A.3BC.html download to ptt/Gossiping/20049_6.txt, time: 4.470000
/bbs/Gossiping/M.1494944302.A.F70.html download to ptt/Gossiping/20049_7.txt, time: 4.550000
/bbs/Gossiping/M.1494944309.A.813.html download to ptt/Gossiping/20049_8.txt, time: 4.750000
/bbs/Gossiping/M.1494944317.A.CF7.html download to ptt/Gossiping/20049_9.txt, time: 4.290000
/bbs/Gossiping/M.1494944322.A.873.html download to ptt/Gossiping/20049_10.txt, time: 6.100000
/bbs/Gossiping/M.1494944328.A.43A.html download to ptt/Gossiping/20049_11.txt, time: 5.610000
/bbs/Gossiping/M.1494944365.A.926.html download to ptt/Gossiping/20049_12.txt, time: 5.500000
/bbs/Gossiping/M.1494944376.A.3AE.html download to ptt/Gossiping/20049_13.txt, time: 5.470000
/bbs/Gossiping/M.1494944400.A.742.html download to ptt/Gossiping/20049_14.txt, time: 7.530000
/bbs/Gossiping/M.1494944479.A.131.html download to ptt/Gossiping/20049_15.txt, time: 16.040000
/bbs/Gossiping/M.1494944509.A.250.html download to ptt/Gossiping/20049_16.txt, time: 4.420000
/bbs/Gossiping/M.1494944525.A.1F7.html download to ptt/Gossiping/20049_17.txt, time: 7.280000
/bbs/Gossiping/M.1494944558.A.4E7.html download to ptt/Gossiping/20049_18.txt, time: 9.140000
/bbs/Gossiping/M.1494944598.A.0EE.html download to ptt/Gossiping/20049_19.txt, time: 6.800000
page 20048
/bbs/Gossiping/M.1494943795.A.BAE.html download to ptt/Gossiping/20048_0.txt, time: 4.250000
/bbs/Gossiping/M.1494943812.A.7A2.html download to ptt/Gossiping/20048_1.txt, time: 7.510000
/bbs/Gossiping/M.1494943825.A.E5A.html download to ptt/Gossiping/20048_2.txt, time: 4.510000
/bbs/Gossiping/M.1494943839.A.422.html download to ptt/Gossiping/20048_3.txt, time: 9.330000
/bbs/Gossiping/M.1494943858.A.FB8.html download to ptt/Gossiping/20048_4.txt, time: 3.760000
/bbs/Gossiping/M.1494943868.A.613.html download to ptt/Gossiping/20048_5.txt, time: 8.560000
/bbs/Gossiping/M.1494943873.A.AC2.html download to ptt/Gossiping/20048_6.txt, time: 7.830000
/bbs/Gossiping/M.1494943951.A.C84.html download to ptt/Gossiping/20048_7.txt, time: 5.750000
/bbs/Gossiping/M.1494943979.A.6D0.html download to ptt/Gossiping/20048_8.txt, time: 4.900000
/bbs/Gossiping/M.1494944015.A.B53.html download to ptt/Gossiping/20048_9.txt, time: 5.160000
/bbs/Gossiping/M.1494944028.A.128.html download to ptt/Gossiping/20048_10.txt, time: 4.990000
/bbs/Gossiping/M.1494944047.A.0B5.html download to ptt/Gossiping/20048_11.txt, time: 3.150000
/bbs/Gossiping/M.1494944054.A.5F8.html download to ptt/Gossiping/20048_12.txt, time: 4.070000
/bbs/Gossiping/M.1494944077.A.F42.html download to ptt/Gossiping/20048_13.txt, time: 3.970000
/bbs/Gossiping/M.1494944114.A.D18.html download to ptt/Gossiping/20048_14.txt, time: 4.990000
/bbs/Gossiping/M.1494944114.A.3B6.html download to ptt/Gossiping/20048_15.txt, time: 4.640000
/bbs/Gossiping/M.1494944118.A.A5F.html download to ptt/Gossiping/20048_16.txt, time: 4.020000
/bbs/Gossiping/M.1494944139.A.053.html download to ptt/Gossiping/20048_17.txt, time: 4.290000
/bbs/Gossiping/M.1494944142.A.0D2.html download to ptt/Gossiping/20048_18.txt, time: 4.200000
/bbs/Gossiping/M.1494944143.A.F24.html download to ptt/Gossiping/20048_19.txt, time: 4.610000
page 20047
/bbs/Gossiping/M.1494943242.A.91E.html download to ptt/Gossiping/20047_0.txt, time: 3.480000
/bbs/Gossiping/M.1494943245.A.B31.html download to ptt/Gossiping/20047_1.txt, time: 3.950000
/bbs/Gossiping/M.1494943256.A.BEA.html download to ptt/Gossiping/20047_2.txt, time: 3.940000
/bbs/Gossiping/M.1494943278.A.B7C.html download to ptt/Gossiping/20047_3.txt, time: 4.180000
/bbs/Gossiping/M.1494943278.A.BA5.html download to ptt/Gossiping/20047_4.txt, time: 5.280000
/bbs/Gossiping/M.1494943297.A.434.html download to ptt/Gossiping/20047_5.txt, time: 4.050000
/bbs/Gossiping/M.1494943331.A.267.html download to ptt/Gossiping/20047_6.txt, time: 3.980000
/bbs/Gossiping/M.1494943383.A.5B8.html download to ptt/Gossiping/20047_7.txt, time: 4.300000
/bbs/Gossiping/M.1494943395.A.B4C.html download to ptt/Gossiping/20047_8.txt, time: 4.270000
/bbs/Gossiping/M.1494943411.A.B32.html download to ptt/Gossiping/20047_9.txt, time: 5.050000
/bbs/Gossiping/M.1494943415.A.723.html download to ptt/Gossiping/20047_10.txt, time: 6.530000
/bbs/Gossiping/M.1494943448.A.768.html download to ptt/Gossiping/20047_11.txt, time: 3.370000
/bbs/Gossiping/M.1494943569.A.20D.html download to ptt/Gossiping/20047_12.txt, time: 3.170000
/bbs/Gossiping/M.1494943595.A.DD4.html download to ptt/Gossiping/20047_13.txt, time: 3.250000
/bbs/Gossiping/M.1494943624.A.28D.html download to ptt/Gossiping/20047_14.txt, time: 4.580000
/bbs/Gossiping/M.1494943630.A.592.html download to ptt/Gossiping/20047_15.txt, time: 4.010000
/bbs/Gossiping/M.1494943643.A.31E.html download to ptt/Gossiping/20047_16.txt, time: 2.970000
/bbs/Gossiping/M.1494943692.A.5B7.html download to ptt/Gossiping/20047_17.txt, time: 4.050000
/bbs/Gossiping/M.1494943754.A.CDF.html download to ptt/Gossiping/20047_18.txt, time: 3.280000
/bbs/Gossiping/M.1494943789.A.C71.html download to ptt/Gossiping/20047_19.txt, time: 4.310000
page 20046
/bbs/Gossiping/M.1494942811.A.476.html download to ptt/Gossiping/20046_0.txt, time: 3.460000
/bbs/Gossiping/M.1494942813.A.B60.html download to ptt/Gossiping/20046_1.txt, time: 3.060000
/bbs/Gossiping/M.1494942839.A.E40.html download to ptt/Gossiping/20046_2.txt, time: 3.410000
/bbs/Gossiping/M.1494942850.A.4F6.html download to ptt/Gossiping/20046_3.txt, time: 3.760000
/bbs/Gossiping/M.1494942851.A.A0E.html download to ptt/Gossiping/20046_4.txt, time: 4.730000
/bbs/Gossiping/M.1494942868.A.FCD.html download to ptt/Gossiping/20046_5.txt, time: 3.730000
/bbs/Gossiping/M.1494942935.A.038.html download to ptt/Gossiping/20046_6.txt, time: 3.060000
/bbs/Gossiping/M.1494942964.A.BBD.html download to ptt/Gossiping/20046_7.txt, time: 2.820000
/bbs/Gossiping/M.1494943001.A.228.html download to ptt/Gossiping/20046_8.txt, time: 3.450000
/bbs/Gossiping/M.1494943025.A.314.html download to ptt/Gossiping/20046_9.txt, time: 3.760000
/bbs/Gossiping/M.1494943027.A.33F.html download to ptt/Gossiping/20046_10.txt, time: 2.790000
/bbs/Gossiping/M.1494943056.A.DD6.html download to ptt/Gossiping/20046_11.txt, time: 2.990000
/bbs/Gossiping/M.1494943093.A.BE9.html download to ptt/Gossiping/20046_12.txt, time: 2.500000
/bbs/Gossiping/M.1494943098.A.CD1.html download to ptt/Gossiping/20046_13.txt, time: 5.700000
/bbs/Gossiping/M.1494943108.A.827.html download to ptt/Gossiping/20046_14.txt, time: 2.490000
/bbs/Gossiping/M.1494943157.A.3E9.html download to ptt/Gossiping/20046_15.txt, time: 2.520000
/bbs/Gossiping/M.1494943163.A.A17.html download to ptt/Gossiping/20046_16.txt, time: 3.100000
/bbs/Gossiping/M.1494943184.A.A48.html download to ptt/Gossiping/20046_17.txt, time: 2.220000
/bbs/Gossiping/M.1494943207.A.12C.html download to ptt/Gossiping/20046_18.txt, time: 2.760000
/bbs/Gossiping/M.1494943234.A.587.html download to ptt/Gossiping/20046_19.txt, time: 1.220000
time: 524.7541029453278 seconds
