page 20060
/bbs/Gossiping/M.1494948740.A.834.html download to ptt/Gossiping/20060_0.txt, time: 4.060000
/bbs/Gossiping/M.1494948762.A.942.html download to ptt/Gossiping/20060_1.txt, time: 4.070000
/bbs/Gossiping/M.1494948769.A.F33.html download to ptt/Gossiping/20060_2.txt, time: 4.900000
/bbs/Gossiping/M.1494948865.A.25E.html download to ptt/Gossiping/20060_3.txt, time: 5.010000
/bbs/Gossiping/M.1494948883.A.372.html download to ptt/Gossiping/20060_4.txt, time: 4.350000
/bbs/Gossiping/M.1494948898.A.619.html download to ptt/Gossiping/20060_5.txt, time: 6.230000
/bbs/Gossiping/M.1494948914.A.00A.html download to ptt/Gossiping/20060_6.txt, time: 6.830000
/bbs/Gossiping/M.1494948940.A.5F1.html download to ptt/Gossiping/20060_7.txt, time: 3.610000
/bbs/Gossiping/M.1494948970.A.D77.html download to ptt/Gossiping/20060_8.txt, time: 3.930000
/bbs/Gossiping/M.1494949025.A.443.html download to ptt/Gossiping/20060_9.txt, time: 5.380000
/bbs/Gossiping/M.1494949026.A.E23.html download to ptt/Gossiping/20060_10.txt, time: 5.730000
/bbs/Gossiping/M.1494949058.A.C7C.html download to ptt/Gossiping/20060_11.txt, time: 3.900000
/bbs/Gossiping/M.1494949067.A.086.html download to ptt/Gossiping/20060_12.txt, time: 3.360000
/bbs/Gossiping/M.1494949101.A.862.html download to ptt/Gossiping/20060_13.txt, time: 5.290000
/bbs/Gossiping/M.1494949116.A.722.html download to ptt/Gossiping/20060_14.txt, time: 3.660000
/bbs/Gossiping/M.1494949119.A.BAA.html download to ptt/Gossiping/20060_15.txt, time: 3.760000
/bbs/Gossiping/M.1494949124.A.5B2.html download to ptt/Gossiping/20060_16.txt, time: 5.090000
/bbs/Gossiping/M.1494949147.A.062.html download to ptt/Gossiping/20060_17.txt, time: 4.180000
/bbs/Gossiping/M.1494949184.A.73D.html download to ptt/Gossiping/20060_18.txt, time: 5.520000
/bbs/Gossiping/M.1494949191.A.2D5.html download to ptt/Gossiping/20060_19.txt, time: 4.860000
page 20059
/bbs/Gossiping/M.1494948416.A.3BB.html download to ptt/Gossiping/20059_0.txt, time: 6.810000
/bbs/Gossiping/M.1494948463.A.187.html download to ptt/Gossiping/20059_1.txt, time: 3.650000
/bbs/Gossiping/M.1494948466.A.49C.html download to ptt/Gossiping/20059_2.txt, time: 3.560000
/bbs/Gossiping/M.1494948470.A.178.html download to ptt/Gossiping/20059_3.txt, time: 4.280000
/bbs/Gossiping/M.1494948504.A.AA0.html download to ptt/Gossiping/20059_4.txt, time: 5.770000
/bbs/Gossiping/M.1494948513.A.85A.html download to ptt/Gossiping/20059_5.txt, time: 5.320000
/bbs/Gossiping/M.1494948515.A.3DF.html download to ptt/Gossiping/20059_6.txt, time: 4.600000
/bbs/Gossiping/M.1494948534.A.C24.html download to ptt/Gossiping/20059_7.txt, time: 7.020000
/bbs/Gossiping/M.1494948544.A.697.html download to ptt/Gossiping/20059_8.txt, time: 5.180000
/bbs/Gossiping/M.1494948562.A.EB8.html download to ptt/Gossiping/20059_9.txt, time: 5.670000
/bbs/Gossiping/M.1494948565.A.ADD.html download to ptt/Gossiping/20059_10.txt, time: 5.070000
/bbs/Gossiping/M.1494948577.A.8B2.html download to ptt/Gossiping/20059_11.txt, time: 5.100000
/bbs/Gossiping/M.1494948599.A.934.html download to ptt/Gossiping/20059_12.txt, time: 4.940000
/bbs/Gossiping/M.1494948616.A.4B0.html download to ptt/Gossiping/20059_13.txt, time: 4.370000
/bbs/Gossiping/M.1494948630.A.765.html download to ptt/Gossiping/20059_14.txt, time: 4.380000
/bbs/Gossiping/M.1494948630.A.65D.html download to ptt/Gossiping/20059_15.txt, time: 10.010000
/bbs/Gossiping/M.1494948642.A.700.html download to ptt/Gossiping/20059_16.txt, time: 8.560000
/bbs/Gossiping/M.1494948703.A.F50.html download to ptt/Gossiping/20059_17.txt, time: 5.870000
/bbs/Gossiping/M.1494948712.A.B45.html download to ptt/Gossiping/20059_18.txt, time: 5.970000
/bbs/Gossiping/M.1494948718.A.DC6.html download to ptt/Gossiping/20059_19.txt, time: 5.030000
page 20058
/bbs/Gossiping/M.1494948061.A.0D0.html download to ptt/Gossiping/20058_0.txt, time: 5.640000
/bbs/Gossiping/M.1494948071.A.33B.html download to ptt/Gossiping/20058_1.txt, time: 4.040000
/bbs/Gossiping/M.1494948077.A.94E.html download to ptt/Gossiping/20058_2.txt, time: 4.590000
/bbs/Gossiping/M.1494948160.A.1B7.html download to ptt/Gossiping/20058_3.txt, time: 6.580000
/bbs/Gossiping/M.1494948194.A.983.html download to ptt/Gossiping/20058_4.txt, time: 10.200000
/bbs/Gossiping/M.1494948197.A.974.html download to ptt/Gossiping/20058_5.txt, time: 3.910000
/bbs/Gossiping/M.1494948221.A.9BF.html download to ptt/Gossiping/20058_6.txt, time: 4.250000
/bbs/Gossiping/M.1494948230.A.4A1.html download to ptt/Gossiping/20058_7.txt, time: 6.380000
/bbs/Gossiping/M.1494948236.A.D21.html download to ptt/Gossiping/20058_8.txt, time: 6.780000
/bbs/Gossiping/M.1494948253.A.FB7.html download to ptt/Gossiping/20058_9.txt, time: 4.230000
/bbs/Gossiping/M.1494948268.A.97D.html download to ptt/Gossiping/20058_10.txt, time: 3.260000
/bbs/Gossiping/M.1494948269.A.96C.html download to ptt/Gossiping/20058_11.txt, time: 3.180000
/bbs/Gossiping/M.1494948277.A.22C.html download to ptt/Gossiping/20058_12.txt, time: 6.310000
/bbs/Gossiping/M.1494948300.A.D1D.html download to ptt/Gossiping/20058_13.txt, time: 5.810000
/bbs/Gossiping/M.1494948326.A.6A7.html download to ptt/Gossiping/20058_14.txt, time: 3.110000
/bbs/Gossiping/M.1494948331.A.85C.html download to ptt/Gossiping/20058_15.txt, time: 3.640000
/bbs/Gossiping/M.1494948332.A.9D9.html download to ptt/Gossiping/20058_16.txt, time: 3.430000
/bbs/Gossiping/M.1494948393.A.147.html download to ptt/Gossiping/20058_17.txt, time: 4.040000
/bbs/Gossiping/M.1494948407.A.384.html download to ptt/Gossiping/20058_18.txt, time: 5.140000
/bbs/Gossiping/M.1494948416.A.05C.html download to ptt/Gossiping/20058_19.txt, time: 4.470000
page 20057
/bbs/Gossiping/M.1494947646.A.755.html download to ptt/Gossiping/20057_0.txt, time: 5.230000
/bbs/Gossiping/M.1494947655.A.6D2.html download to ptt/Gossiping/20057_1.txt, time: 3.810000
/bbs/Gossiping/M.1494947656.A.22A.html download to ptt/Gossiping/20057_2.txt, time: 4.390000
/bbs/Gossiping/M.1494947667.A.87C.html download to ptt/Gossiping/20057_3.txt, time: 3.790000
/bbs/Gossiping/M.1494947673.A.C90.html download to ptt/Gossiping/20057_4.txt, time: 3.760000
/bbs/Gossiping/M.1494947743.A.4AB.html download to ptt/Gossiping/20057_5.txt, time: 4.950000
/bbs/Gossiping/M.1494947792.A.107.html download to ptt/Gossiping/20057_6.txt, time: 4.410000
/bbs/Gossiping/M.1494947798.A.065.html download to ptt/Gossiping/20057_7.txt, time: 3.120000
/bbs/Gossiping/M.1494947849.A.439.html download to ptt/Gossiping/20057_8.txt, time: 3.060000
/bbs/Gossiping/M.1494947849.A.EAD.html download to ptt/Gossiping/20057_9.txt, time: 3.470000
/bbs/Gossiping/M.1494947868.A.80C.html download to ptt/Gossiping/20057_10.txt, time: 3.280000
/bbs/Gossiping/M.1494947901.A.126.html download to ptt/Gossiping/20057_11.txt, time: 2.660000
/bbs/Gossiping/M.1494947901.A.88D.html download to ptt/Gossiping/20057_12.txt, time: 4.380000
/bbs/Gossiping/M.1494947923.A.0ED.html download to ptt/Gossiping/20057_13.txt, time: 3.900000
/bbs/Gossiping/M.1494947931.A.B9E.html download to ptt/Gossiping/20057_14.txt, time: 6.950000
/bbs/Gossiping/M.1494947988.A.5CB.html download to ptt/Gossiping/20057_15.txt, time: 7.950000
/bbs/Gossiping/M.1494948022.A.409.html download to ptt/Gossiping/20057_16.txt, time: 4.100000
/bbs/Gossiping/M.1494948041.A.3EA.html download to ptt/Gossiping/20057_17.txt, time: 5.490000
/bbs/Gossiping/M.1494948041.A.556.html download to ptt/Gossiping/20057_18.txt, time: 2.420000
/bbs/Gossiping/M.1494948049.A.745.html download to ptt/Gossiping/20057_19.txt, time: 4.140000
page 20056
/bbs/Gossiping/M.1494947100.A.820.html download to ptt/Gossiping/20056_0.txt, time: 6.250000
/bbs/Gossiping/M.1494947102.A.A14.html download to ptt/Gossiping/20056_1.txt, time: 3.640000
/bbs/Gossiping/M.1494947125.A.F3D.html download to ptt/Gossiping/20056_2.txt, time: 5.220000
/bbs/Gossiping/M.1494947149.A.E11.html download to ptt/Gossiping/20056_3.txt, time: 4.650000
/bbs/Gossiping/M.1494947173.A.17B.html download to ptt/Gossiping/20056_4.txt, time: 3.820000
/bbs/Gossiping/M.1494947187.A.3D8.html download to ptt/Gossiping/20056_5.txt, time: 4.350000
/bbs/Gossiping/M.1494947195.A.697.html download to ptt/Gossiping/20056_6.txt, time: 2.830000
/bbs/Gossiping/M.1494947198.A.B38.html download to ptt/Gossiping/20056_7.txt, time: 3.230000
/bbs/Gossiping/M.1494947204.A.61B.html download to ptt/Gossiping/20056_8.txt, time: 4.150000
/bbs/Gossiping/M.1494947287.A.F0F.html download to ptt/Gossiping/20056_9.txt, time: 2.900000
/bbs/Gossiping/M.1494947311.A.8C2.html download to ptt/Gossiping/20056_10.txt, time: 3.600000
/bbs/Gossiping/M.1494947323.A.0F6.html download to ptt/Gossiping/20056_11.txt, time: 2.610000
/bbs/Gossiping/M.1494947349.A.79B.html download to ptt/Gossiping/20056_12.txt, time: 3.070000
/bbs/Gossiping/M.1494947367.A.512.html download to ptt/Gossiping/20056_13.txt, time: 2.990000
/bbs/Gossiping/M.1494947371.A.F84.html download to ptt/Gossiping/20056_14.txt, time: 3.770000
/bbs/Gossiping/M.1494947399.A.411.html download to ptt/Gossiping/20056_15.txt, time: 3.120000
/bbs/Gossiping/M.1494947448.A.B08.html download to ptt/Gossiping/20056_16.txt, time: 2.350000
/bbs/Gossiping/M.1494947465.A.C14.html download to ptt/Gossiping/20056_17.txt, time: 2.100000
/bbs/Gossiping/M.1494947491.A.207.html download to ptt/Gossiping/20056_18.txt, time: 2.240000
/bbs/Gossiping/M.1494947627.A.A7E.html download to ptt/Gossiping/20056_19.txt, time: 1.990000
time: 520.9277513027191 seconds
