page 20070
/bbs/Gossiping/M.1494952429.A.557.html download to ptt/Gossiping/20070_0.txt, time: 6.210000
/bbs/Gossiping/M.1494952538.A.AD1.html download to ptt/Gossiping/20070_1.txt, time: 4.410000
/bbs/Gossiping/M.1494952567.A.2AF.html download to ptt/Gossiping/20070_2.txt, time: 5.120000
/bbs/Gossiping/M.1494952571.A.083.html download to ptt/Gossiping/20070_3.txt, time: 3.510000
/bbs/Gossiping/M.1494952573.A.825.html download to ptt/Gossiping/20070_4.txt, time: 6.260000
/bbs/Gossiping/M.1494952583.A.AC1.html download to ptt/Gossiping/20070_5.txt, time: 4.040000
/bbs/Gossiping/M.1494952589.A.EB8.html download to ptt/Gossiping/20070_6.txt, time: 7.710000
/bbs/Gossiping/M.1494952599.A.596.html download to ptt/Gossiping/20070_7.txt, time: 6.060000
/bbs/Gossiping/M.1494952641.A.D9F.html download to ptt/Gossiping/20070_8.txt, time: 5.250000
/bbs/Gossiping/M.1494952670.A.180.html download to ptt/Gossiping/20070_9.txt, time: 5.160000
/bbs/Gossiping/M.1494952672.A.989.html download to ptt/Gossiping/20070_10.txt, time: 4.150000
/bbs/Gossiping/M.1494952692.A.C5E.html download to ptt/Gossiping/20070_11.txt, time: 6.320000
/bbs/Gossiping/M.1494952696.A.23C.html download to ptt/Gossiping/20070_12.txt, time: 4.280000
/bbs/Gossiping/M.1494952702.A.ECB.html download to ptt/Gossiping/20070_13.txt, time: 4.780000
/bbs/Gossiping/M.1494952730.A.2B6.html download to ptt/Gossiping/20070_14.txt, time: 4.660000
/bbs/Gossiping/M.1494952737.A.E08.html download to ptt/Gossiping/20070_15.txt, time: 4.720000
/bbs/Gossiping/M.1494952741.A.445.html download to ptt/Gossiping/20070_16.txt, time: 5.720000
/bbs/Gossiping/M.1494952793.A.4AB.html download to ptt/Gossiping/20070_17.txt, time: 4.410000
/bbs/Gossiping/M.1494952795.A.2E8.html download to ptt/Gossiping/20070_18.txt, time: 5.730000
/bbs/Gossiping/M.1494952893.A.5E8.html download to ptt/Gossiping/20070_19.txt, time: 5.660000
page 20069
/bbs/Gossiping/M.1494952094.A.2CF.html download to ptt/Gossiping/20069_0.txt, time: 4.410000
/bbs/Gossiping/M.1494952096.A.B9A.html download to ptt/Gossiping/20069_1.txt, time: 3.580000
/bbs/Gossiping/M.1494952103.A.2BC.html download to ptt/Gossiping/20069_2.txt, time: 3.770000
/bbs/Gossiping/M.1494952108.A.60C.html download to ptt/Gossiping/20069_3.txt, time: 4.440000
/bbs/Gossiping/M.1494952121.A.5E4.html download to ptt/Gossiping/20069_4.txt, time: 3.790000
/bbs/Gossiping/M.1494952160.A.51F.html download to ptt/Gossiping/20069_5.txt, time: 4.310000
/bbs/Gossiping/M.1494952174.A.21F.html download to ptt/Gossiping/20069_6.txt, time: 3.520000
/bbs/Gossiping/M.1494952202.A.C90.html download to ptt/Gossiping/20069_7.txt, time: 6.500000
/bbs/Gossiping/M.1494952224.A.79F.html download to ptt/Gossiping/20069_8.txt, time: 4.610000
/bbs/Gossiping/M.1494952242.A.D4F.html download to ptt/Gossiping/20069_9.txt, time: 4.750000
/bbs/Gossiping/M.1494952255.A.C6E.html download to ptt/Gossiping/20069_10.txt, time: 4.180000
/bbs/Gossiping/M.1494952279.A.665.html download to ptt/Gossiping/20069_11.txt, time: 5.450000
/bbs/Gossiping/M.1494952300.A.8BB.html download to ptt/Gossiping/20069_12.txt, time: 6.050000
/bbs/Gossiping/M.1494952311.A.713.html download to ptt/Gossiping/20069_13.txt, time: 4.830000
/bbs/Gossiping/M.1494952347.A.9DB.html download to ptt/Gossiping/20069_14.txt, time: 7.940000
/bbs/Gossiping/M.1494952353.A.093.html download to ptt/Gossiping/20069_15.txt, time: 6.160000
/bbs/Gossiping/M.1494952377.A.6FF.html download to ptt/Gossiping/20069_16.txt, time: 9.560000
/bbs/Gossiping/M.1494952379.A.DA7.html download to ptt/Gossiping/20069_17.txt, time: 7.450000
/bbs/Gossiping/M.1494952382.A.207.html download to ptt/Gossiping/20069_18.txt, time: 12.780000
/bbs/Gossiping/M.1494952424.A.3F0.html download to ptt/Gossiping/20069_19.txt, time: 4.330000
page 20068
/bbs/Gossiping/M.1494951584.A.DEA.html download to ptt/Gossiping/20068_0.txt, time: 6.770000
/bbs/Gossiping/M.1494951596.A.693.html download to ptt/Gossiping/20068_1.txt, time: 5.290000
/bbs/Gossiping/M.1494951606.A.C75.html download to ptt/Gossiping/20068_2.txt, time: 3.840000
/bbs/Gossiping/M.1494951638.A.D1F.html download to ptt/Gossiping/20068_3.txt, time: 9.750000
/bbs/Gossiping/M.1494951648.A.800.html download to ptt/Gossiping/20068_4.txt, time: 5.660000
/bbs/Gossiping/M.1494951675.A.77B.html download to ptt/Gossiping/20068_5.txt, time: 4.610000
/bbs/Gossiping/M.1494951703.A.E5D.html download to ptt/Gossiping/20068_6.txt, time: 4.060000
/bbs/Gossiping/M.1494951717.A.B23.html download to ptt/Gossiping/20068_7.txt, time: 7.020000
/bbs/Gossiping/M.1494951732.A.CB8.htmlTraceback (most recent call last):
  File "/home/studentyl/anaconda3/lib/python3.6/site-packages/requests/packages/urllib3/connectionpool.py", line 600, in urlopen
    chunked=chunked)
  File "/home/studentyl/anaconda3/lib/python3.6/site-packages/requests/packages/urllib3/connectionpool.py", line 386, in _make_request
    six.raise_from(e, None)
  File "<string>", line 2, in raise_from
  File "/home/studentyl/anaconda3/lib/python3.6/site-packages/requests/packages/urllib3/connectionpool.py", line 382, in _make_request
    httplib_response = conn.getresponse()
  File "/home/studentyl/anaconda3/lib/python3.6/http/client.py", line 1331, in getresponse
    response.begin()
  File "/home/studentyl/anaconda3/lib/python3.6/http/client.py", line 297, in begin
    version, status, reason = self._read_status()
  File "/home/studentyl/anaconda3/lib/python3.6/http/client.py", line 266, in _read_status
    raise RemoteDisconnected("Remote end closed connection without"
http.client.RemoteDisconnected: Remote end closed connection without response

During handling of the above exception, another exception occurred:

Traceback (most recent call last):
  File "/home/studentyl/anaconda3/lib/python3.6/site-packages/requests/adapters.py", line 438, in send
    timeout=timeout
  File "/home/studentyl/anaconda3/lib/python3.6/site-packages/requests/packages/urllib3/connectionpool.py", line 649, in urlopen
    _stacktrace=sys.exc_info()[2])
  File "/home/studentyl/anaconda3/lib/python3.6/site-packages/requests/packages/urllib3/util/retry.py", line 357, in increment
    raise six.reraise(type(error), error, _stacktrace)
  File "/home/studentyl/anaconda3/lib/python3.6/site-packages/requests/packages/urllib3/packages/six.py", line 685, in reraise
    raise value.with_traceback(tb)
  File "/home/studentyl/anaconda3/lib/python3.6/site-packages/requests/packages/urllib3/connectionpool.py", line 600, in urlopen
    chunked=chunked)
  File "/home/studentyl/anaconda3/lib/python3.6/site-packages/requests/packages/urllib3/connectionpool.py", line 386, in _make_request
    six.raise_from(e, None)
  File "<string>", line 2, in raise_from
  File "/home/studentyl/anaconda3/lib/python3.6/site-packages/requests/packages/urllib3/connectionpool.py", line 382, in _make_request
    httplib_response = conn.getresponse()
  File "/home/studentyl/anaconda3/lib/python3.6/http/client.py", line 1331, in getresponse
    response.begin()
  File "/home/studentyl/anaconda3/lib/python3.6/http/client.py", line 297, in begin
    version, status, reason = self._read_status()
  File "/home/studentyl/anaconda3/lib/python3.6/http/client.py", line 266, in _read_status
    raise RemoteDisconnected("Remote end closed connection without"
requests.packages.urllib3.exceptions.ProtocolError: ('Connection aborted.', RemoteDisconnected('Remote end closed connection without response',))

During handling of the above exception, another exception occurred:

Traceback (most recent call last):
  File "./crawler.py", line 177, in <module>
    main(sys.argv[1:])
  File "./crawler.py", line 158, in main
    downloadForum(forumName, startPage, pages)
  File "./crawler.py", line 140, in downloadForum
    downloadPage(str(articleCount), forumName, pageNum, 'https://www.ptt.cc'+link)
  File "./crawler.py", line 82, in downloadPage
    pageText = getPageText(link)
  File "./crawler.py", line 13, in getPageText
    pageText=requests.get(link, cookies={'over18':'1'}).text
  File "/home/studentyl/anaconda3/lib/python3.6/site-packages/requests/api.py", line 72, in get
    return request('get', url, params=params, **kwargs)
  File "/home/studentyl/anaconda3/lib/python3.6/site-packages/requests/api.py", line 58, in request
    return session.request(method=method, url=url, **kwargs)
  File "/home/studentyl/anaconda3/lib/python3.6/site-packages/requests/sessions.py", line 518, in request
    resp = self.send(prep, **send_kwargs)
  File "/home/studentyl/anaconda3/lib/python3.6/site-packages/requests/sessions.py", line 639, in send
    r = adapter.send(request, **kwargs)
  File "/home/studentyl/anaconda3/lib/python3.6/site-packages/requests/adapters.py", line 488, in send
    raise ConnectionError(err, request=request)
requests.exceptions.ConnectionError: ('Connection aborted.', RemoteDisconnected('Remote end closed connection without response',))
