page 20080
/bbs/Gossiping/M.1494960590.A.5C2.html download to ptt/Gossiping/20080_0.txt, time: 4.720000
/bbs/Gossiping/M.1494960817.A.B2A.html download to ptt/Gossiping/20080_1.txt, time: 4.540000
/bbs/Gossiping/M.1494960830.A.0FE.html download to ptt/Gossiping/20080_2.txt, time: 3.450000
/bbs/Gossiping/M.1494960899.A.C07.html download to ptt/Gossiping/20080_3.txt, time: 6.430000
/bbs/Gossiping/M.1494960980.A.F4E.html download to ptt/Gossiping/20080_4.txt, time: 6.650000
/bbs/Gossiping/M.1494961003.A.EA3.html download to ptt/Gossiping/20080_5.txt, time: 4.870000
/bbs/Gossiping/M.1494961188.A.700.html download to ptt/Gossiping/20080_6.txt, time: 5.760000
/bbs/Gossiping/M.1494961310.A.180.html download to ptt/Gossiping/20080_7.txt, time: 4.870000
/bbs/Gossiping/M.1494961311.A.710.html download to ptt/Gossiping/20080_8.txt, time: 5.180000
/bbs/Gossiping/M.1494961385.A.B7D.html download to ptt/Gossiping/20080_9.txt, time: 5.880000
/bbs/Gossiping/M.1494961597.A.289.html download to ptt/Gossiping/20080_10.txt, time: 4.930000
/bbs/Gossiping/M.1494961690.A.AE2.html download to ptt/Gossiping/20080_11.txt, time: 5.020000
/bbs/Gossiping/M.1494961715.A.17B.html download to ptt/Gossiping/20080_12.txt, time: 5.040000
/bbs/Gossiping/M.1494961747.A.71E.html download to ptt/Gossiping/20080_13.txt, time: 4.510000
/bbs/Gossiping/M.1494962115.A.488.html download to ptt/Gossiping/20080_14.txt, time: 4.230000
/bbs/Gossiping/M.1494962134.A.5DF.html download to ptt/Gossiping/20080_15.txt, time: 5.790000
/bbs/Gossiping/M.1494962148.A.4F4.html download to ptt/Gossiping/20080_16.txt, time: 3.770000
/bbs/Gossiping/M.1494962380.A.E7A.html download to ptt/Gossiping/20080_17.txt, time: 4.480000
/bbs/Gossiping/M.1494962393.A.77F.html download to ptt/Gossiping/20080_18.txt, time: 4.970000
/bbs/Gossiping/M.1494962623.A.48B.html download to ptt/Gossiping/20080_19.txt, time: 5.680000
page 20079
/bbs/Gossiping/M.1494958766.A.07C.html download to ptt/Gossiping/20079_0.txt, time: 5.320000
/bbs/Gossiping/M.1494958805.A.706.html download to ptt/Gossiping/20079_1.txt, time: 5.700000
/bbs/Gossiping/M.1494958872.A.82B.html download to ptt/Gossiping/20079_2.txt, time: 3.880000
/bbs/Gossiping/M.1494959013.A.EA3.html download to ptt/Gossiping/20079_3.txt, time: 4.490000
/bbs/Gossiping/M.1494959040.A.6CD.html download to ptt/Gossiping/20079_4.txt, time: 6.560000
/bbs/Gossiping/M.1494959049.A.9E7.html download to ptt/Gossiping/20079_5.txt, time: 5.070000
/bbs/Gossiping/M.1494959220.A.7D0.html download to ptt/Gossiping/20079_6.txt, time: 4.450000
/bbs/Gossiping/M.1494959413.A.52C.html download to ptt/Gossiping/20079_7.txt, time: 5.370000
/bbs/Gossiping/M.1494959447.A.B8A.html download to ptt/Gossiping/20079_8.txt, time: 4.820000
/bbs/Gossiping/M.1494959561.A.83A.html download to ptt/Gossiping/20079_9.txt, time: 5.840000
/bbs/Gossiping/M.1494959621.A.0EA.html download to ptt/Gossiping/20079_10.txt, time: 7.710000
/bbs/Gossiping/M.1494959662.A.2EF.html download to ptt/Gossiping/20079_11.txt, time: 5.100000
/bbs/Gossiping/M.1494959794.A.95E.html download to ptt/Gossiping/20079_12.txt, time: 4.850000
/bbs/Gossiping/M.1494959833.A.3C7.html download to ptt/Gossiping/20079_13.txt, time: 8.010000
/bbs/Gossiping/M.1494960059.A.61B.html download to ptt/Gossiping/20079_14.txt, time: 13.130000
/bbs/Gossiping/M.1494960312.A.7CC.html download to ptt/Gossiping/20079_15.txt, time: 5.390000
/bbs/Gossiping/M.1494960433.A.0A7.html download to ptt/Gossiping/20079_16.txt, time: 7.180000
/bbs/Gossiping/M.1494960499.A.BEC.html download to ptt/Gossiping/20079_17.txt, time: 5.590000
/bbs/Gossiping/M.1494960519.A.EC3.html download to ptt/Gossiping/20079_18.txt, time: 7.680000
/bbs/Gossiping/M.1494960521.A.11A.html download to ptt/Gossiping/20079_19.txt, time: 4.960000
page 20078
/bbs/Gossiping/M.1494957761.A.079.html download to ptt/Gossiping/20078_0.txt, time: 5.070000
/bbs/Gossiping/M.1494957833.A.A39.html download to ptt/Gossiping/20078_1.txt, time: 5.240000
/bbs/Gossiping/M.1494957912.A.09A.html download to ptt/Gossiping/20078_2.txt, time: 3.990000
/bbs/Gossiping/M.1494958003.A.BC0.html download to ptt/Gossiping/20078_3.txt, time: 4.330000
/bbs/Gossiping/M.1494958005.A.280.html download to ptt/Gossiping/20078_4.txt, time: 6.570000
/bbs/Gossiping/M.1494958091.A.8F0.html download to ptt/Gossiping/20078_5.txt, time: 3.970000
/bbs/Gossiping/M.1494958113.A.BF4.html download to ptt/Gossiping/20078_6.txt, time: 3.230000
/bbs/Gossiping/M.1494958115.A.95F.html download to ptt/Gossiping/20078_7.txt, time: 3.910000
/bbs/Gossiping/M.1494958197.A.FF7.html download to ptt/Gossiping/20078_8.txt, time: 5.240000
/bbs/Gossiping/M.1494958231.A.D4C.html download to ptt/Gossiping/20078_9.txt, time: 6.000000
/bbs/Gossiping/M.1494958279.A.A0E.html download to ptt/Gossiping/20078_10.txt, time: 4.750000
/bbs/Gossiping/M.1494958317.A.FE6.html download to ptt/Gossiping/20078_11.txt, time: 3.630000
/bbs/Gossiping/M.1494958330.A.1ED.html download to ptt/Gossiping/20078_12.txt, time: 3.510000
/bbs/Gossiping/M.1494958338.A.851.html download to ptt/Gossiping/20078_13.txt, time: 2.930000
/bbs/Gossiping/M.1494958363.A.6F6.html download to ptt/Gossiping/20078_14.txt, time: 3.940000
/bbs/Gossiping/M.1494958527.A.BA5.html download to ptt/Gossiping/20078_15.txt, time: 3.660000
/bbs/Gossiping/M.1494958538.A.F9B.html download to ptt/Gossiping/20078_16.txt, time: 3.100000
/bbs/Gossiping/M.1494958648.A.E57.html download to ptt/Gossiping/20078_17.txt, time: 3.370000
/bbs/Gossiping/M.1494958672.A.C95.html download to ptt/Gossiping/20078_18.txt, time: 3.560000
/bbs/Gossiping/M.1494958765.A.761.html download to ptt/Gossiping/20078_19.txt, time: 4.790000
page 20077
/bbs/Gossiping/M.1494956815.A.84F.html download to ptt/Gossiping/20077_0.txt, time: 3.010000
/bbs/Gossiping/M.1494956840.A.F11.html download to ptt/Gossiping/20077_1.txt, time: 4.930000
/bbs/Gossiping/M.1494956843.A.442.html download to ptt/Gossiping/20077_2.txt, time: 4.240000
/bbs/Gossiping/M.1494957030.A.CA3.html download to ptt/Gossiping/20077_3.txt, time: 4.430000
/bbs/Gossiping/M.1494957050.A.46E.html download to ptt/Gossiping/20077_4.txt, time: 3.990000
/bbs/Gossiping/M.1494957057.A.7DA.html download to ptt/Gossiping/20077_5.txt, time: 3.870000
/bbs/Gossiping/M.1494957106.A.0DF.html download to ptt/Gossiping/20077_6.txt, time: 2.860000
/bbs/Gossiping/M.1494957179.A.DB3.html download to ptt/Gossiping/20077_7.txt, time: 3.960000
/bbs/Gossiping/M.1494957182.A.56F.html download to ptt/Gossiping/20077_8.txt, time: 3.470000
/bbs/Gossiping/M.1494957211.A.8CE.html download to ptt/Gossiping/20077_9.txt, time: 4.880000
/bbs/Gossiping/M.1494957230.A.029.html download to ptt/Gossiping/20077_10.txt, time: 3.190000
/bbs/Gossiping/M.1494957297.A.5B5.html download to ptt/Gossiping/20077_11.txt, time: 3.390000
/bbs/Gossiping/M.1494957351.A.9E3.html download to ptt/Gossiping/20077_12.txt, time: 8.120000
/bbs/Gossiping/M.1494957352.A.5FE.html download to ptt/Gossiping/20077_13.txt, time: 3.700000
/bbs/Gossiping/M.1494957422.A.8BA.html download to ptt/Gossiping/20077_14.txt, time: 3.060000
/bbs/Gossiping/M.1494957528.A.81F.html download to ptt/Gossiping/20077_15.txt, time: 3.020000
/bbs/Gossiping/M.1494957562.A.7DC.html download to ptt/Gossiping/20077_16.txt, time: 4.190000
/bbs/Gossiping/M.1494957582.A.2DE.html download to ptt/Gossiping/20077_17.txt, time: 5.200000
/bbs/Gossiping/M.1494957594.A.AE5.html download to ptt/Gossiping/20077_18.txt, time: 2.730000
/bbs/Gossiping/M.1494957621.A.3AF.html download to ptt/Gossiping/20077_19.txt, time: 3.190000
page 20076
/bbs/Gossiping/M.1494956138.A.99F.html download to ptt/Gossiping/20076_0.txt, time: 3.890000
/bbs/Gossiping/M.1494956242.A.C45.html download to ptt/Gossiping/20076_1.txt, time: 4.210000
/bbs/Gossiping/M.1494956269.A.672.html download to ptt/Gossiping/20076_2.txt, time: 3.440000
/bbs/Gossiping/M.1494956276.A.305.html download to ptt/Gossiping/20076_3.txt, time: 3.630000
/bbs/Gossiping/M.1494956296.A.D72.html download to ptt/Gossiping/20076_4.txt, time: 3.630000
/bbs/Gossiping/M.1494956391.A.97D.html download to ptt/Gossiping/20076_5.txt, time: 3.250000
/bbs/Gossiping/M.1494956397.A.8DD.html download to ptt/Gossiping/20076_6.txt, time: 3.870000
/bbs/Gossiping/M.1494956398.A.CA1.html download to ptt/Gossiping/20076_7.txt, time: 5.060000
/bbs/Gossiping/M.1494956442.A.D4B.html download to ptt/Gossiping/20076_8.txt, time: 4.190000
/bbs/Gossiping/M.1494956460.A.727.html download to ptt/Gossiping/20076_9.txt, time: 4.190000
/bbs/Gossiping/M.1494956480.A.5E8.html download to ptt/Gossiping/20076_10.txt, time: 3.600000
/bbs/Gossiping/M.1494956498.A.D1D.html download to ptt/Gossiping/20076_11.txt, time: 3.330000
/bbs/Gossiping/M.1494956570.A.0FD.html download to ptt/Gossiping/20076_12.txt, time: 2.740000
/bbs/Gossiping/M.1494956622.A.C2D.html download to ptt/Gossiping/20076_13.txt, time: 4.060000
/bbs/Gossiping/M.1494956718.A.B2C.html download to ptt/Gossiping/20076_14.txt, time: 3.570000
/bbs/Gossiping/M.1494956723.A.64E.html download to ptt/Gossiping/20076_15.txt, time: 2.560000
/bbs/Gossiping/M.1494956746.A.7CB.html download to ptt/Gossiping/20076_16.txt, time: 3.340000
/bbs/Gossiping/M.1494956751.A.642.html download to ptt/Gossiping/20076_17.txt, time: 2.940000
/bbs/Gossiping/M.1494956797.A.39D.html download to ptt/Gossiping/20076_18.txt, time: 2.390000
/bbs/Gossiping/M.1494956803.A.E1D.html download to ptt/Gossiping/20076_19.txt, time: 2.230000
time: 516.9119231700897 seconds
