page 20090
/bbs/Gossiping/M.1494982384.A.3CF.html download to ptt/Gossiping/20090_0.txt, time: 6.010000
/bbs/Gossiping/M.1494982405.A.80B.html download to ptt/Gossiping/20090_1.txt, time: 4.070000
/bbs/Gossiping/M.1494982427.A.9D6.html download to ptt/Gossiping/20090_2.txt, time: 3.860000
/bbs/Gossiping/M.1494982437.A.7A9.html download to ptt/Gossiping/20090_3.txt, time: 3.840000
/bbs/Gossiping/M.1494982488.A.2B9.html download to ptt/Gossiping/20090_4.txt, time: 6.250000
/bbs/Gossiping/M.1494982506.A.F4D.html download to ptt/Gossiping/20090_5.txt, time: 4.590000
/bbs/Gossiping/M.1494982509.A.044.html download to ptt/Gossiping/20090_6.txt, time: 8.980000
/bbs/Gossiping/M.1494982608.A.004.html download to ptt/Gossiping/20090_7.txt, time: 5.070000
/bbs/Gossiping/M.1494982633.A.2F4.html download to ptt/Gossiping/20090_8.txt, time: 3.820000
/bbs/Gossiping/M.1494982634.A.7B6.html download to ptt/Gossiping/20090_9.txt, time: 4.510000
/bbs/Gossiping/M.1494982638.A.6AD.html download to ptt/Gossiping/20090_10.txt, time: 5.730000
/bbs/Gossiping/M.1494982663.A.E4E.html download to ptt/Gossiping/20090_11.txt, time: 4.440000
/bbs/Gossiping/M.1494982676.A.EC1.html download to ptt/Gossiping/20090_12.txt, time: 5.780000
/bbs/Gossiping/M.1494982681.A.604.html download to ptt/Gossiping/20090_13.txt, time: 5.100000
/bbs/Gossiping/M.1494982700.A.2AC.html download to ptt/Gossiping/20090_14.txt, time: 5.010000
/bbs/Gossiping/M.1494982704.A.427.html download to ptt/Gossiping/20090_15.txt, time: 5.120000
/bbs/Gossiping/M.1494982738.A.438.html download to ptt/Gossiping/20090_16.txt, time: 4.930000
/bbs/Gossiping/M.1494982773.A.B3D.html download to ptt/Gossiping/20090_17.txt, time: 6.020000
/bbs/Gossiping/M.1494982786.A.09F.html download to ptt/Gossiping/20090_18.txt, time: 5.740000
/bbs/Gossiping/M.1494982839.A.47E.html download to ptt/Gossiping/20090_19.txt, time: 5.970000
page 20089
/bbs/Gossiping/M.1494981484.A.E42.html download to ptt/Gossiping/20089_0.txt, time: 5.750000
/bbs/Gossiping/M.1494981489.A.27F.html download to ptt/Gossiping/20089_1.txt, time: 5.880000
/bbs/Gossiping/M.1494981498.A.CD0.html download to ptt/Gossiping/20089_2.txt, time: 5.310000
/bbs/Gossiping/M.1494981520.A.481.html download to ptt/Gossiping/20089_3.txt, time: 4.410000
/bbs/Gossiping/M.1494981574.A.B59.html download to ptt/Gossiping/20089_4.txt, time: 3.090000
/bbs/Gossiping/M.1494981585.A.E89.html download to ptt/Gossiping/20089_5.txt, time: 3.560000
/bbs/Gossiping/M.1494981606.A.77A.html download to ptt/Gossiping/20089_6.txt, time: 3.120000
/bbs/Gossiping/M.1494981640.A.EEF.html download to ptt/Gossiping/20089_7.txt, time: 6.710000
/bbs/Gossiping/M.1494981667.A.FBB.html download to ptt/Gossiping/20089_8.txt, time: 6.930000
/bbs/Gossiping/M.1494981902.A.095.html download to ptt/Gossiping/20089_9.txt, time: 7.280000
/bbs/Gossiping/M.1494981953.A.A32.html download to ptt/Gossiping/20089_10.txt, time: 4.120000
/bbs/Gossiping/M.1494982000.A.356.html download to ptt/Gossiping/20089_11.txt, time: 4.600000
/bbs/Gossiping/M.1494982017.A.C92.html download to ptt/Gossiping/20089_12.txt, time: 9.060000
/bbs/Gossiping/M.1494982126.A.65E.html download to ptt/Gossiping/20089_13.txt, time: 6.970000
/bbs/Gossiping/M.1494982206.A.043.html download to ptt/Gossiping/20089_14.txt, time: 6.540000
/bbs/Gossiping/M.1494982276.A.FFB.html download to ptt/Gossiping/20089_15.txt, time: 3.240000
/bbs/Gossiping/M.1494982286.A.A47.html download to ptt/Gossiping/20089_16.txt, time: 5.820000
/bbs/Gossiping/M.1494982333.A.8CA.html download to ptt/Gossiping/20089_17.txt, time: 10.690000
/bbs/Gossiping/M.1494982336.A.711.html download to ptt/Gossiping/20089_18.txt, time: 4.410000
/bbs/Gossiping/M.1494982361.A.FC2.html download to ptt/Gossiping/20089_19.txt, time: 4.460000
page 20088
/bbs/Gossiping/M.1494980575.A.8D6.html download to ptt/Gossiping/20088_0.txt, time: 7.960000
/bbs/Gossiping/M.1494980681.A.9B1.html download to ptt/Gossiping/20088_1.txt, time: 6.820000
/bbs/Gossiping/M.1494980717.A.A41.html download to ptt/Gossiping/20088_2.txt, time: 7.660000
/bbs/Gossiping/M.1494980749.A.366.html download to ptt/Gossiping/20088_3.txt, time: 4.120000
/bbs/Gossiping/M.1494980758.A.83F.html download to ptt/Gossiping/20088_4.txt, time: 7.110000
/bbs/Gossiping/M.1494980813.A.D2D.htmlTraceback (most recent call last):
  File "/home/studentyl/anaconda3/lib/python3.6/site-packages/requests/packages/urllib3/connectionpool.py", line 600, in urlopen
    chunked=chunked)
  File "/home/studentyl/anaconda3/lib/python3.6/site-packages/requests/packages/urllib3/connectionpool.py", line 386, in _make_request
    six.raise_from(e, None)
  File "<string>", line 2, in raise_from
  File "/home/studentyl/anaconda3/lib/python3.6/site-packages/requests/packages/urllib3/connectionpool.py", line 382, in _make_request
    httplib_response = conn.getresponse()
  File "/home/studentyl/anaconda3/lib/python3.6/http/client.py", line 1331, in getresponse
    response.begin()
  File "/home/studentyl/anaconda3/lib/python3.6/http/client.py", line 297, in begin
    version, status, reason = self._read_status()
  File "/home/studentyl/anaconda3/lib/python3.6/http/client.py", line 266, in _read_status
    raise RemoteDisconnected("Remote end closed connection without"
http.client.RemoteDisconnected: Remote end closed connection without response

During handling of the above exception, another exception occurred:

Traceback (most recent call last):
  File "/home/studentyl/anaconda3/lib/python3.6/site-packages/requests/adapters.py", line 438, in send
    timeout=timeout
  File "/home/studentyl/anaconda3/lib/python3.6/site-packages/requests/packages/urllib3/connectionpool.py", line 649, in urlopen
    _stacktrace=sys.exc_info()[2])
  File "/home/studentyl/anaconda3/lib/python3.6/site-packages/requests/packages/urllib3/util/retry.py", line 357, in increment
    raise six.reraise(type(error), error, _stacktrace)
  File "/home/studentyl/anaconda3/lib/python3.6/site-packages/requests/packages/urllib3/packages/six.py", line 685, in reraise
    raise value.with_traceback(tb)
  File "/home/studentyl/anaconda3/lib/python3.6/site-packages/requests/packages/urllib3/connectionpool.py", line 600, in urlopen
    chunked=chunked)
  File "/home/studentyl/anaconda3/lib/python3.6/site-packages/requests/packages/urllib3/connectionpool.py", line 386, in _make_request
    six.raise_from(e, None)
  File "<string>", line 2, in raise_from
  File "/home/studentyl/anaconda3/lib/python3.6/site-packages/requests/packages/urllib3/connectionpool.py", line 382, in _make_request
    httplib_response = conn.getresponse()
  File "/home/studentyl/anaconda3/lib/python3.6/http/client.py", line 1331, in getresponse
    response.begin()
  File "/home/studentyl/anaconda3/lib/python3.6/http/client.py", line 297, in begin
    version, status, reason = self._read_status()
  File "/home/studentyl/anaconda3/lib/python3.6/http/client.py", line 266, in _read_status
    raise RemoteDisconnected("Remote end closed connection without"
requests.packages.urllib3.exceptions.ProtocolError: ('Connection aborted.', RemoteDisconnected('Remote end closed connection without response',))

During handling of the above exception, another exception occurred:

Traceback (most recent call last):
  File "./crawler.py", line 177, in <module>
    main(sys.argv[1:])
  File "./crawler.py", line 158, in main
    downloadForum(forumName, startPage, pages)
  File "./crawler.py", line 140, in downloadForum
    downloadPage(str(articleCount), forumName, pageNum, 'https://www.ptt.cc'+link)
  File "./crawler.py", line 82, in downloadPage
    pageText = getPageText(link)
  File "./crawler.py", line 13, in getPageText
    pageText=requests.get(link, cookies={'over18':'1'}).text
  File "/home/studentyl/anaconda3/lib/python3.6/site-packages/requests/api.py", line 72, in get
    return request('get', url, params=params, **kwargs)
  File "/home/studentyl/anaconda3/lib/python3.6/site-packages/requests/api.py", line 58, in request
    return session.request(method=method, url=url, **kwargs)
  File "/home/studentyl/anaconda3/lib/python3.6/site-packages/requests/sessions.py", line 518, in request
    resp = self.send(prep, **send_kwargs)
  File "/home/studentyl/anaconda3/lib/python3.6/site-packages/requests/sessions.py", line 639, in send
    r = adapter.send(request, **kwargs)
  File "/home/studentyl/anaconda3/lib/python3.6/site-packages/requests/adapters.py", line 488, in send
    raise ConnectionError(err, request=request)
requests.exceptions.ConnectionError: ('Connection aborted.', RemoteDisconnected('Remote end closed connection without response',))
