page 20100
/bbs/Gossiping/M.1494988688.A.791.html download to ptt/Gossiping/20100_0.txt, time: 8.390000
/bbs/Gossiping/M.1494988711.A.135.html download to ptt/Gossiping/20100_1.txt, time: 4.550000
/bbs/Gossiping/M.1494988718.A.2F7.html download to ptt/Gossiping/20100_2.txt, time: 5.210000
/bbs/Gossiping/M.1494988732.A.DDF.html download to ptt/Gossiping/20100_3.txt, time: 4.000000
/bbs/Gossiping/M.1494988742.A.29C.html download to ptt/Gossiping/20100_4.txt, time: 3.950000
/bbs/Gossiping/M.1494988776.A.E5B.html download to ptt/Gossiping/20100_5.txt, time: 4.090000
/bbs/Gossiping/M.1494988788.A.470.html download to ptt/Gossiping/20100_6.txt, time: 4.430000
/bbs/Gossiping/M.1494988798.A.986.html download to ptt/Gossiping/20100_7.txt, time: 7.380000
/bbs/Gossiping/M.1494988885.A.28F.html download to ptt/Gossiping/20100_8.txt, time: 4.550000
/bbs/Gossiping/M.1494988925.A.4A7.html download to ptt/Gossiping/20100_9.txt, time: 5.270000
/bbs/Gossiping/M.1494988973.A.9AA.html download to ptt/Gossiping/20100_10.txt, time: 5.780000
/bbs/Gossiping/M.1494989003.A.C5E.html download to ptt/Gossiping/20100_11.txt, time: 5.730000
/bbs/Gossiping/M.1494989014.A.AC0.html download to ptt/Gossiping/20100_12.txt, time: 4.180000
/bbs/Gossiping/M.1494989088.A.D7E.html download to ptt/Gossiping/20100_13.txt, time: 4.090000
/bbs/Gossiping/M.1494989141.A.91B.html download to ptt/Gossiping/20100_14.txt, time: 5.690000
/bbs/Gossiping/M.1494989175.A.291.html download to ptt/Gossiping/20100_15.txt, time: 6.500000
/bbs/Gossiping/M.1494989200.A.200.html download to ptt/Gossiping/20100_16.txt, time: 6.040000
/bbs/Gossiping/M.1494989225.A.56F.html download to ptt/Gossiping/20100_17.txt, time: 5.390000
/bbs/Gossiping/M.1494989233.A.AC3.html download to ptt/Gossiping/20100_18.txt, time: 5.070000
/bbs/Gossiping/M.1494989239.A.EEF.html download to ptt/Gossiping/20100_19.txt, time: 5.360000
page 20099
/bbs/Gossiping/M.1494988018.A.CFE.html download to ptt/Gossiping/20099_0.txt, time: 5.720000
/bbs/Gossiping/M.1494988033.A.7DE.html download to ptt/Gossiping/20099_1.txt, time: 3.240000
/bbs/Gossiping/M.1494988046.A.A4D.html download to ptt/Gossiping/20099_2.txt, time: 4.370000
/bbs/Gossiping/M.1494988070.A.19D.html download to ptt/Gossiping/20099_3.txt, time: 4.570000
/bbs/Gossiping/M.1494988126.A.F3A.html download to ptt/Gossiping/20099_4.txt, time: 4.640000
/bbs/Gossiping/M.1494988210.A.72E.html download to ptt/Gossiping/20099_5.txt, time: 6.160000
/bbs/Gossiping/M.1494988218.A.02D.html download to ptt/Gossiping/20099_6.txt, time: 4.970000
/bbs/Gossiping/M.1494988273.A.E3B.html download to ptt/Gossiping/20099_7.txt, time: 4.790000
/bbs/Gossiping/M.1494988292.A.B3E.html download to ptt/Gossiping/20099_8.txt, time: 5.870000
/bbs/Gossiping/M.1494988337.A.33A.html download to ptt/Gossiping/20099_9.txt, time: 6.580000
/bbs/Gossiping/M.1494988355.A.15C.html download to ptt/Gossiping/20099_10.txt, time: 4.080000
/bbs/Gossiping/M.1494988376.A.8BA.html download to ptt/Gossiping/20099_11.txt, time: 4.300000
/bbs/Gossiping/M.1494988408.A.CBA.html download to ptt/Gossiping/20099_12.txt, time: 3.800000
/bbs/Gossiping/M.1494988413.A.9E3.html download to ptt/Gossiping/20099_13.txt, time: 4.470000
/bbs/Gossiping/M.1494988428.A.975.html download to ptt/Gossiping/20099_14.txt, time: 7.190000
/bbs/Gossiping/M.1494988429.A.61D.html download to ptt/Gossiping/20099_15.txt, time: 4.750000
/bbs/Gossiping/M.1494988442.A.33C.html download to ptt/Gossiping/20099_16.txt, time: 4.170000
/bbs/Gossiping/M.1494988483.A.566.html download to ptt/Gossiping/20099_17.txt, time: 5.230000
/bbs/Gossiping/M.1494988497.A.446.html download to ptt/Gossiping/20099_18.txt, time: 3.530000
/bbs/Gossiping/M.1494988526.A.C10.html download to ptt/Gossiping/20099_19.txt, time: 6.150000
page 20098
/bbs/Gossiping/M.1494987208.A.647.html download to ptt/Gossiping/20098_0.txt, time: 5.210000
/bbs/Gossiping/M.1494987288.A.1DF.html download to ptt/Gossiping/20098_1.txt, time: 5.970000
/bbs/Gossiping/M.1494987292.A.BAB.html download to ptt/Gossiping/20098_2.txt, time: 5.970000
/bbs/Gossiping/M.1494987307.A.225.html download to ptt/Gossiping/20098_3.txt, time: 4.880000
/bbs/Gossiping/M.1494987308.A.4A1.html download to ptt/Gossiping/20098_4.txt, time: 3.940000
/bbs/Gossiping/M.1494987362.A.12A.html download to ptt/Gossiping/20098_5.txt, time: 10.870000
/bbs/Gossiping/M.1494987397.A.3B7.html download to ptt/Gossiping/20098_6.txt, time: 15.010000
/bbs/Gossiping/M.1494987486.A.CD4.html download to ptt/Gossiping/20098_7.txt, time: 15.260000
/bbs/Gossiping/M.1494987583.A.F58.html download to ptt/Gossiping/20098_8.txt, time: 8.650000
/bbs/Gossiping/M.1494987653.A.533.html download to ptt/Gossiping/20098_9.txt, time: 4.440000
/bbs/Gossiping/M.1494987664.A.BD6.html download to ptt/Gossiping/20098_10.txt, time: 3.520000
/bbs/Gossiping/M.1494987665.A.FB9.html download to ptt/Gossiping/20098_11.txt, time: 6.300000
/bbs/Gossiping/M.1494987752.A.1E9.html download to ptt/Gossiping/20098_12.txt, time: 4.220000
/bbs/Gossiping/M.1494987767.A.214.html download to ptt/Gossiping/20098_13.txt, time: 3.620000
/bbs/Gossiping/M.1494987821.A.333.html download to ptt/Gossiping/20098_14.txt, time: 4.270000
/bbs/Gossiping/M.1494987837.A.37D.html download to ptt/Gossiping/20098_15.txt, time: 4.540000
/bbs/Gossiping/M.1494987897.A.971.html download to ptt/Gossiping/20098_16.txt, time: 5.100000
/bbs/Gossiping/M.1494987921.A.BDB.html download to ptt/Gossiping/20098_17.txt, time: 4.600000
/bbs/Gossiping/M.1494987931.A.AF4.html download to ptt/Gossiping/20098_18.txt, time: 4.130000
/bbs/Gossiping/M.1494987998.A.E85.html download to ptt/Gossiping/20098_19.txt, time: 5.080000
page 20097
/bbs/Gossiping/M.1494986646.A.91E.html download to ptt/Gossiping/20097_0.txt, time: 3.960000
/bbs/Gossiping/M.1494986651.A.7F5.html download to ptt/Gossiping/20097_1.txt, time: 5.660000
/bbs/Gossiping/M.1494986651.A.DC7.html download to ptt/Gossiping/20097_2.txt, time: 4.090000
/bbs/Gossiping/M.1494986674.A.D01.html download to ptt/Gossiping/20097_3.txt, time: 4.410000
/bbs/Gossiping/M.1494986748.A.E01.html download to ptt/Gossiping/20097_4.txt, time: 4.550000
/bbs/Gossiping/M.1494986819.A.E72.html download to ptt/Gossiping/20097_5.txt, time: 3.620000
/bbs/Gossiping/M.1494986830.A.BB7.html download to ptt/Gossiping/20097_6.txt, time: 4.090000
/bbs/Gossiping/M.1494986916.A.D41.html download to ptt/Gossiping/20097_7.txt, time: 4.640000
/bbs/Gossiping/M.1494986920.A.7D2.html download to ptt/Gossiping/20097_8.txt, time: 3.740000
/bbs/Gossiping/M.1494986930.A.B88.html download to ptt/Gossiping/20097_9.txt, time: 4.470000
/bbs/Gossiping/M.1494986981.A.AC2.html download to ptt/Gossiping/20097_10.txt, time: 6.100000
/bbs/Gossiping/M.1494987011.A.F3E.html download to ptt/Gossiping/20097_11.txt, time: 6.910000
/bbs/Gossiping/M.1494987053.A.C87.html download to ptt/Gossiping/20097_12.txt, time: 4.190000
/bbs/Gossiping/M.1494987062.A.245.html download to ptt/Gossiping/20097_13.txt, time: 4.180000
/bbs/Gossiping/M.1494987082.A.BCB.html download to ptt/Gossiping/20097_14.txt, time: 4.770000
/bbs/Gossiping/M.1494987098.A.372.html download to ptt/Gossiping/20097_15.txt, time: 5.180000
/bbs/Gossiping/M.1494987136.A.422.html download to ptt/Gossiping/20097_16.txt, time: 3.070000
/bbs/Gossiping/M.1494987146.A.599.html download to ptt/Gossiping/20097_17.txt, time: 3.570000
/bbs/Gossiping/M.1494987158.A.0FF.html download to ptt/Gossiping/20097_18.txt, time: 2.910000
/bbs/Gossiping/M.1494987179.A.381.html download to ptt/Gossiping/20097_19.txt, time: 3.250000
page 20096
/bbs/Gossiping/M.1494986163.A.C34.html download to ptt/Gossiping/20096_0.txt, time: 4.000000
/bbs/Gossiping/M.1494986184.A.EE6.html download to ptt/Gossiping/20096_1.txt, time: 5.610000
/bbs/Gossiping/M.1494986220.A.749.html download to ptt/Gossiping/20096_2.txt, time: 4.740000
/bbs/Gossiping/M.1494986227.A.7C8.html download to ptt/Gossiping/20096_3.txt, time: 4.100000
/bbs/Gossiping/M.1494986236.A.D05.html download to ptt/Gossiping/20096_4.txt, time: 3.450000
/bbs/Gossiping/M.1494986246.A.FA7.html download to ptt/Gossiping/20096_5.txt, time: 2.800000
/bbs/Gossiping/M.1494986263.A.737.html download to ptt/Gossiping/20096_6.txt, time: 3.310000
/bbs/Gossiping/M.1494986269.A.E90.html download to ptt/Gossiping/20096_7.txt, time: 4.460000
/bbs/Gossiping/M.1494986300.A.55F.html download to ptt/Gossiping/20096_8.txt, time: 3.140000
/bbs/Gossiping/M.1494986308.A.1A4.html download to ptt/Gossiping/20096_9.txt, time: 4.550000
/bbs/Gossiping/M.1494986348.A.2F7.html download to ptt/Gossiping/20096_10.txt, time: 3.110000
/bbs/Gossiping/M.1494986382.A.3E9.html download to ptt/Gossiping/20096_11.txt, time: 4.010000
/bbs/Gossiping/M.1494986429.A.1ED.html download to ptt/Gossiping/20096_12.txt, time: 3.910000
/bbs/Gossiping/M.1494986435.A.EF5.html download to ptt/Gossiping/20096_13.txt, time: 2.490000
/bbs/Gossiping/M.1494986482.A.8A6.html download to ptt/Gossiping/20096_14.txt, time: 2.790000
/bbs/Gossiping/M.1494986497.A.8E0.html download to ptt/Gossiping/20096_15.txt, time: 3.030000
/bbs/Gossiping/M.1494986509.A.0F9.html download to ptt/Gossiping/20096_16.txt, time: 4.810000
/bbs/Gossiping/M.1494986556.A.DB2.html download to ptt/Gossiping/20096_17.txt, time: 3.130000
/bbs/Gossiping/M.1494986567.A.B2B.html download to ptt/Gossiping/20096_18.txt, time: 1.200000
/bbs/Gossiping/M.1494986567.A.32E.html download to ptt/Gossiping/20096_19.txt, time: 0.990000
time: 536.3676807880402 seconds
