page 20110
/bbs/Gossiping/M.1494994216.A.589.html download to ptt/Gossiping/20110_0.txt, time: 3.910000
/bbs/Gossiping/M.1494994219.A.75D.html download to ptt/Gossiping/20110_1.txt, time: 6.420000
/bbs/Gossiping/M.1494994239.A.408.html download to ptt/Gossiping/20110_2.txt, time: 4.930000
/bbs/Gossiping/M.1494994244.A.5D5.html download to ptt/Gossiping/20110_3.txt, time: 4.370000
/bbs/Gossiping/M.1494994279.A.2F6.html download to ptt/Gossiping/20110_4.txt, time: 6.430000
/bbs/Gossiping/M.1494994282.A.59A.html download to ptt/Gossiping/20110_5.txt, time: 6.460000
/bbs/Gossiping/M.1494994395.A.354.html download to ptt/Gossiping/20110_6.txt, time: 4.350000
/bbs/Gossiping/M.1494994419.A.92F.html download to ptt/Gossiping/20110_7.txt, time: 5.780000
/bbs/Gossiping/M.1494994465.A.FAA.html download to ptt/Gossiping/20110_8.txt, time: 3.790000
/bbs/Gossiping/M.1494994517.A.1BE.html download to ptt/Gossiping/20110_9.txt, time: 6.460000
/bbs/Gossiping/M.1494994640.A.9AB.html download to ptt/Gossiping/20110_10.txt, time: 5.090000
/bbs/Gossiping/M.1494994663.A.CF8.html download to ptt/Gossiping/20110_11.txt, time: 5.370000
/bbs/Gossiping/M.1494994721.A.823.html download to ptt/Gossiping/20110_12.txt, time: 6.040000
/bbs/Gossiping/M.1494994751.A.598.html download to ptt/Gossiping/20110_13.txt, time: 5.250000
/bbs/Gossiping/M.1494994777.A.703.html download to ptt/Gossiping/20110_14.txt, time: 4.840000
/bbs/Gossiping/M.1494994779.A.2A9.html download to ptt/Gossiping/20110_15.txt, time: 4.350000
/bbs/Gossiping/M.1494994801.A.54D.html download to ptt/Gossiping/20110_16.txt, time: 5.030000
/bbs/Gossiping/M.1494994849.A.5E3.html download to ptt/Gossiping/20110_17.txt, time: 3.610000
/bbs/Gossiping/M.1494994898.A.EDF.html download to ptt/Gossiping/20110_18.txt, time: 4.650000
/bbs/Gossiping/M.1494994941.A.70C.html download to ptt/Gossiping/20110_19.txt, time: 3.660000
page 20109
/bbs/Gossiping/M.1494993753.A.37D.html download to ptt/Gossiping/20109_0.txt, time: 5.370000
/bbs/Gossiping/M.1494993775.A.FBC.html download to ptt/Gossiping/20109_1.txt, time: 3.240000
/bbs/Gossiping/M.1494993814.A.4E6.html download to ptt/Gossiping/20109_2.txt, time: 4.590000
/bbs/Gossiping/M.1494993820.A.119.html download to ptt/Gossiping/20109_3.txt, time: 4.220000
/bbs/Gossiping/M.1494993861.A.F16.html download to ptt/Gossiping/20109_4.txt, time: 3.570000
/bbs/Gossiping/M.1494993862.A.3DC.html download to ptt/Gossiping/20109_5.txt, time: 4.030000
/bbs/Gossiping/M.1494993886.A.10B.html download to ptt/Gossiping/20109_6.txt, time: 4.080000
/bbs/Gossiping/M.1494993904.A.402.html download to ptt/Gossiping/20109_7.txt, time: 5.830000
/bbs/Gossiping/M.1494993913.A.82E.html download to ptt/Gossiping/20109_8.txt, time: 6.540000
/bbs/Gossiping/M.1494993918.A.B5B.html download to ptt/Gossiping/20109_9.txt, time: 4.250000
/bbs/Gossiping/M.1494993953.A.7DC.html download to ptt/Gossiping/20109_10.txt, time: 5.430000
/bbs/Gossiping/M.1494994046.A.08C.html download to ptt/Gossiping/20109_11.txt, time: 7.200000
/bbs/Gossiping/M.1494994052.A.C02.html download to ptt/Gossiping/20109_12.txt, time: 4.050000
/bbs/Gossiping/M.1494994096.A.53C.html download to ptt/Gossiping/20109_13.txt, time: 7.490000
/bbs/Gossiping/M.1494994102.A.289.html download to ptt/Gossiping/20109_14.txt, time: 6.770000
/bbs/Gossiping/M.1494994113.A.C18.html download to ptt/Gossiping/20109_15.txt, time: 6.530000
/bbs/Gossiping/M.1494994151.A.71E.html download to ptt/Gossiping/20109_16.txt, time: 4.360000
/bbs/Gossiping/M.1494994186.A.675.html download to ptt/Gossiping/20109_17.txt, time: 8.860000
/bbs/Gossiping/M.1494994190.A.5DA.html download to ptt/Gossiping/20109_18.txt, time: 9.970000
/bbs/Gossiping/M.1494994193.A.C59.html download to ptt/Gossiping/20109_19.txt, time: 6.890000
page 20108
/bbs/Gossiping/M.1494993223.A.3C5.html download to ptt/Gossiping/20108_0.txt, time: 6.880000
/bbs/Gossiping/M.1494993276.A.905.htmlTraceback (most recent call last):
  File "/home/studentyl/anaconda3/lib/python3.6/site-packages/requests/packages/urllib3/connectionpool.py", line 600, in urlopen
    chunked=chunked)
  File "/home/studentyl/anaconda3/lib/python3.6/site-packages/requests/packages/urllib3/connectionpool.py", line 386, in _make_request
    six.raise_from(e, None)
  File "<string>", line 2, in raise_from
  File "/home/studentyl/anaconda3/lib/python3.6/site-packages/requests/packages/urllib3/connectionpool.py", line 382, in _make_request
    httplib_response = conn.getresponse()
  File "/home/studentyl/anaconda3/lib/python3.6/http/client.py", line 1331, in getresponse
    response.begin()
  File "/home/studentyl/anaconda3/lib/python3.6/http/client.py", line 297, in begin
    version, status, reason = self._read_status()
  File "/home/studentyl/anaconda3/lib/python3.6/http/client.py", line 266, in _read_status
    raise RemoteDisconnected("Remote end closed connection without"
http.client.RemoteDisconnected: Remote end closed connection without response

During handling of the above exception, another exception occurred:

Traceback (most recent call last):
  File "/home/studentyl/anaconda3/lib/python3.6/site-packages/requests/adapters.py", line 438, in send
    timeout=timeout
  File "/home/studentyl/anaconda3/lib/python3.6/site-packages/requests/packages/urllib3/connectionpool.py", line 649, in urlopen
    _stacktrace=sys.exc_info()[2])
  File "/home/studentyl/anaconda3/lib/python3.6/site-packages/requests/packages/urllib3/util/retry.py", line 357, in increment
    raise six.reraise(type(error), error, _stacktrace)
  File "/home/studentyl/anaconda3/lib/python3.6/site-packages/requests/packages/urllib3/packages/six.py", line 685, in reraise
    raise value.with_traceback(tb)
  File "/home/studentyl/anaconda3/lib/python3.6/site-packages/requests/packages/urllib3/connectionpool.py", line 600, in urlopen
    chunked=chunked)
  File "/home/studentyl/anaconda3/lib/python3.6/site-packages/requests/packages/urllib3/connectionpool.py", line 386, in _make_request
    six.raise_from(e, None)
  File "<string>", line 2, in raise_from
  File "/home/studentyl/anaconda3/lib/python3.6/site-packages/requests/packages/urllib3/connectionpool.py", line 382, in _make_request
    httplib_response = conn.getresponse()
  File "/home/studentyl/anaconda3/lib/python3.6/http/client.py", line 1331, in getresponse
    response.begin()
  File "/home/studentyl/anaconda3/lib/python3.6/http/client.py", line 297, in begin
    version, status, reason = self._read_status()
  File "/home/studentyl/anaconda3/lib/python3.6/http/client.py", line 266, in _read_status
    raise RemoteDisconnected("Remote end closed connection without"
requests.packages.urllib3.exceptions.ProtocolError: ('Connection aborted.', RemoteDisconnected('Remote end closed connection without response',))

During handling of the above exception, another exception occurred:

Traceback (most recent call last):
  File "./crawler.py", line 177, in <module>
    main(sys.argv[1:])
  File "./crawler.py", line 158, in main
    downloadForum(forumName, startPage, pages)
  File "./crawler.py", line 140, in downloadForum
    downloadPage(str(articleCount), forumName, pageNum, 'https://www.ptt.cc'+link)
  File "./crawler.py", line 82, in downloadPage
    pageText = getPageText(link)
  File "./crawler.py", line 13, in getPageText
    pageText=requests.get(link, cookies={'over18':'1'}).text
  File "/home/studentyl/anaconda3/lib/python3.6/site-packages/requests/api.py", line 72, in get
    return request('get', url, params=params, **kwargs)
  File "/home/studentyl/anaconda3/lib/python3.6/site-packages/requests/api.py", line 58, in request
    return session.request(method=method, url=url, **kwargs)
  File "/home/studentyl/anaconda3/lib/python3.6/site-packages/requests/sessions.py", line 518, in request
    resp = self.send(prep, **send_kwargs)
  File "/home/studentyl/anaconda3/lib/python3.6/site-packages/requests/sessions.py", line 639, in send
    r = adapter.send(request, **kwargs)
  File "/home/studentyl/anaconda3/lib/python3.6/site-packages/requests/adapters.py", line 488, in send
    raise ConnectionError(err, request=request)
requests.exceptions.ConnectionError: ('Connection aborted.', RemoteDisconnected('Remote end closed connection without response',))
