page 20120
/bbs/Gossiping/M.1494999063.A.7FD.html download to ptt/Gossiping/20120_0.txt, time: 5.790000
/bbs/Gossiping/M.1494999115.A.75D.html download to ptt/Gossiping/20120_1.txt, time: 3.590000
/bbs/Gossiping/M.1494999130.A.89D.html download to ptt/Gossiping/20120_2.txt, time: 4.400000
/bbs/Gossiping/M.1494999132.A.D4C.html download to ptt/Gossiping/20120_3.txt, time: 4.440000
/bbs/Gossiping/M.1494999153.A.F10.html download to ptt/Gossiping/20120_4.txt, time: 4.530000
/bbs/Gossiping/M.1494999161.A.B68.html download to ptt/Gossiping/20120_5.txt, time: 4.130000
/bbs/Gossiping/M.1494999269.A.63C.html download to ptt/Gossiping/20120_6.txt, time: 6.330000
/bbs/Gossiping/M.1494999271.A.DE5.html download to ptt/Gossiping/20120_7.txt, time: 6.410000
/bbs/Gossiping/M.1494999294.A.F69.html download to ptt/Gossiping/20120_8.txt, time: 4.220000
/bbs/Gossiping/M.1494999316.A.0D2.html download to ptt/Gossiping/20120_9.txt, time: 5.040000
/bbs/Gossiping/M.1494999367.A.D4B.html download to ptt/Gossiping/20120_10.txt, time: 3.160000
/bbs/Gossiping/M.1494999378.A.E39.html download to ptt/Gossiping/20120_11.txt, time: 3.260000
/bbs/Gossiping/M.1494999397.A.B6A.html download to ptt/Gossiping/20120_12.txt, time: 5.050000
/bbs/Gossiping/M.1494999399.A.177.html download to ptt/Gossiping/20120_13.txt, time: 3.920000
/bbs/Gossiping/M.1494999436.A.C57.html download to ptt/Gossiping/20120_14.txt, time: 3.070000
/bbs/Gossiping/M.1494999454.A.ED2.html download to ptt/Gossiping/20120_15.txt, time: 4.210000
/bbs/Gossiping/M.1494999458.A.AC3.html download to ptt/Gossiping/20120_16.txt, time: 2.840000
/bbs/Gossiping/M.1494999472.A.D38.html download to ptt/Gossiping/20120_17.txt, time: 3.590000
/bbs/Gossiping/M.1494999484.A.DE6.html download to ptt/Gossiping/20120_18.txt, time: 5.810000
/bbs/Gossiping/M.1494999512.A.978.html download to ptt/Gossiping/20120_19.txt, time: 5.140000
page 20119
/bbs/Gossiping/M.1494998436.A.1C0.html download to ptt/Gossiping/20119_0.txt, time: 6.060000
/bbs/Gossiping/M.1494998499.A.B43.html download to ptt/Gossiping/20119_1.txt, time: 4.860000
/bbs/Gossiping/M.1494998517.A.244.html download to ptt/Gossiping/20119_2.txt, time: 5.370000
/bbs/Gossiping/M.1494998537.A.FAC.html download to ptt/Gossiping/20119_3.txt, time: 6.490000
/bbs/Gossiping/M.1494998549.A.1B5.html download to ptt/Gossiping/20119_4.txt, time: 5.490000
/bbs/Gossiping/M.1494998582.A.7C4.html download to ptt/Gossiping/20119_5.txt, time: 5.820000
/bbs/Gossiping/M.1494998589.A.727.html download to ptt/Gossiping/20119_6.txt, time: 4.700000
/bbs/Gossiping/M.1494998593.A.9EC.html download to ptt/Gossiping/20119_7.txt, time: 3.470000
/bbs/Gossiping/M.1494998621.A.BA1.html download to ptt/Gossiping/20119_8.txt, time: 3.510000
/bbs/Gossiping/M.1494998636.A.9A2.html download to ptt/Gossiping/20119_9.txt, time: 4.560000
/bbs/Gossiping/M.1494998707.A.403.html download to ptt/Gossiping/20119_10.txt, time: 5.510000
/bbs/Gossiping/M.1494998770.A.09F.html download to ptt/Gossiping/20119_11.txt, time: 4.730000
/bbs/Gossiping/M.1494998785.A.206.html download to ptt/Gossiping/20119_12.txt, time: 6.230000
/bbs/Gossiping/M.1494998786.A.513.html download to ptt/Gossiping/20119_13.txt, time: 4.520000
/bbs/Gossiping/M.1494998845.A.529.html download to ptt/Gossiping/20119_14.txt, time: 5.260000
/bbs/Gossiping/M.1494998868.A.63F.html download to ptt/Gossiping/20119_15.txt, time: 4.690000
/bbs/Gossiping/M.1494998874.A.18A.html download to ptt/Gossiping/20119_16.txt, time: 4.690000
/bbs/Gossiping/M.1494998893.A.303.html download to ptt/Gossiping/20119_17.txt, time: 4.580000
/bbs/Gossiping/M.1494998997.A.EFB.html download to ptt/Gossiping/20119_18.txt, time: 5.970000
/bbs/Gossiping/M.1494999012.A.C49.html download to ptt/Gossiping/20119_19.txt, time: 5.360000
page 20118
/bbs/Gossiping/M.1494998101.A.106.html download to ptt/Gossiping/20118_0.txt, time: 4.180000
/bbs/Gossiping/M.1494998105.A.CF2.html download to ptt/Gossiping/20118_1.txt, time: 7.450000
/bbs/Gossiping/M.1494998107.A.C08.html download to ptt/Gossiping/20118_2.txt, time: 4.970000
/bbs/Gossiping/M.1494998120.A.68E.html download to ptt/Gossiping/20118_3.txt, time: 16.140000
/bbs/Gossiping/M.1494998159.A.CA3.html download to ptt/Gossiping/20118_4.txt, time: 5.820000
/bbs/Gossiping/M.1494998161.A.91C.html download to ptt/Gossiping/20118_5.txt, time: 5.780000
/bbs/Gossiping/M.1494998221.A.6FD.html download to ptt/Gossiping/20118_6.txt, time: 7.120000
/bbs/Gossiping/M.1494998222.A.3E5.html download to ptt/Gossiping/20118_7.txt, time: 15.250000
/bbs/Gossiping/M.1494998245.A.D09.html download to ptt/Gossiping/20118_8.txt, time: 4.670000
/bbs/Gossiping/M.1494998247.A.825.html download to ptt/Gossiping/20118_9.txt, time: 7.580000
/bbs/Gossiping/M.1494998257.A.EA4.html download to ptt/Gossiping/20118_10.txt, time: 3.820000
/bbs/Gossiping/M.1494998260.A.3A9.html download to ptt/Gossiping/20118_11.txt, time: 5.280000
/bbs/Gossiping/M.1494998304.A.751.html download to ptt/Gossiping/20118_12.txt, time: 6.360000
/bbs/Gossiping/M.1494998329.A.1B4.html download to ptt/Gossiping/20118_13.txt, time: 2.970000
/bbs/Gossiping/M.1494998344.A.C3C.html download to ptt/Gossiping/20118_14.txt, time: 4.690000
/bbs/Gossiping/M.1494998345.A.3EC.html download to ptt/Gossiping/20118_15.txt, time: 3.760000
/bbs/Gossiping/M.1494998353.A.B1F.html download to ptt/Gossiping/20118_16.txt, time: 3.700000
/bbs/Gossiping/M.1494998378.A.403.html download to ptt/Gossiping/20118_17.txt, time: 3.630000
/bbs/Gossiping/M.1494998421.A.463.html download to ptt/Gossiping/20118_18.txt, time: 4.520000
/bbs/Gossiping/M.1494998430.A.B7F.html download to ptt/Gossiping/20118_19.txt, time: 3.820000
page 20117
/bbs/Gossiping/M.1494997530.A.702.html download to ptt/Gossiping/20117_0.txt, time: 2.640000
/bbs/Gossiping/M.1494997551.A.ABA.html download to ptt/Gossiping/20117_1.txt, time: 3.600000
/bbs/Gossiping/M.1494997563.A.FCA.html download to ptt/Gossiping/20117_2.txt, time: 3.620000
/bbs/Gossiping/M.1494997608.A.803.html download to ptt/Gossiping/20117_3.txt, time: 3.980000
/bbs/Gossiping/M.1494997653.A.D17.html download to ptt/Gossiping/20117_4.txt, time: 2.810000
/bbs/Gossiping/M.1494997686.A.242.html download to ptt/Gossiping/20117_5.txt, time: 3.530000
/bbs/Gossiping/M.1494997697.A.0A3.html download to ptt/Gossiping/20117_6.txt, time: 3.950000
/bbs/Gossiping/M.1494997698.A.A09.html download to ptt/Gossiping/20117_7.txt, time: 3.930000
/bbs/Gossiping/M.1494997705.A.716.html download to ptt/Gossiping/20117_8.txt, time: 5.020000
/bbs/Gossiping/M.1494997743.A.B10.html download to ptt/Gossiping/20117_9.txt, time: 4.040000
/bbs/Gossiping/M.1494997764.A.C48.html download to ptt/Gossiping/20117_10.txt, time: 3.710000
/bbs/Gossiping/M.1494997774.A.3B6.html download to ptt/Gossiping/20117_11.txt, time: 4.650000
/bbs/Gossiping/M.1494997785.A.A56.html download to ptt/Gossiping/20117_12.txt, time: 4.460000
/bbs/Gossiping/M.1494997814.A.A24.html download to ptt/Gossiping/20117_13.txt, time: 3.970000
/bbs/Gossiping/M.1494997825.A.73C.html download to ptt/Gossiping/20117_14.txt, time: 6.870000
/bbs/Gossiping/M.1494997922.A.B1E.html download to ptt/Gossiping/20117_15.txt, time: 6.040000
/bbs/Gossiping/M.1494997935.A.BA9.html download to ptt/Gossiping/20117_16.txt, time: 2.870000
/bbs/Gossiping/M.1494998031.A.973.html download to ptt/Gossiping/20117_17.txt, time: 4.430000
/bbs/Gossiping/M.1494998052.A.90A.html download to ptt/Gossiping/20117_18.txt, time: 5.010000
/bbs/Gossiping/M.1494998096.A.210.html download to ptt/Gossiping/20117_19.txt, time: 3.800000
page 20116
/bbs/Gossiping/M.1494997107.A.2BD.html download to ptt/Gossiping/20116_0.txt, time: 3.540000
/bbs/Gossiping/M.1494997179.A.0D3.html download to ptt/Gossiping/20116_1.txt, time: 4.790000
/bbs/Gossiping/M.1494997239.A.801.html download to ptt/Gossiping/20116_2.txt, time: 3.610000
/bbs/Gossiping/M.1494997251.A.80E.html download to ptt/Gossiping/20116_3.txt, time: 4.870000
/bbs/Gossiping/M.1494997267.A.DD5.html download to ptt/Gossiping/20116_4.txt, time: 4.100000
/bbs/Gossiping/M.1494997278.A.140.html download to ptt/Gossiping/20116_5.txt, time: 3.790000
/bbs/Gossiping/M.1494997295.A.9A5.html download to ptt/Gossiping/20116_6.txt, time: 3.270000
/bbs/Gossiping/M.1494997297.A.AE6.html download to ptt/Gossiping/20116_7.txt, time: 4.330000
/bbs/Gossiping/M.1494997303.A.2A1.html download to ptt/Gossiping/20116_8.txt, time: 3.200000
/bbs/Gossiping/M.1494997322.A.4BE.html download to ptt/Gossiping/20116_9.txt, time: 3.750000
/bbs/Gossiping/M.1494997330.A.5DF.html download to ptt/Gossiping/20116_10.txt, time: 3.060000
/bbs/Gossiping/M.1494997332.A.FD6.html download to ptt/Gossiping/20116_11.txt, time: 3.440000
/bbs/Gossiping/M.1494997348.A.8E4.html download to ptt/Gossiping/20116_12.txt, time: 4.490000
/bbs/Gossiping/M.1494997350.A.54C.html download to ptt/Gossiping/20116_13.txt, time: 3.110000
/bbs/Gossiping/M.1494997400.A.151.html download to ptt/Gossiping/20116_14.txt, time: 2.960000
/bbs/Gossiping/M.1494997406.A.2B1.html download to ptt/Gossiping/20116_15.txt, time: 3.130000
/bbs/Gossiping/M.1494997413.A.D54.html download to ptt/Gossiping/20116_16.txt, time: 9.470000
/bbs/Gossiping/M.1494997425.A.52D.html download to ptt/Gossiping/20116_17.txt, time: 2.450000
/bbs/Gossiping/M.1494997481.A.B42.html download to ptt/Gossiping/20116_18.txt, time: 2.580000
/bbs/Gossiping/M.1494997517.A.2C2.html download to ptt/Gossiping/20116_19.txt, time: 2.320000
time: 533.2023077011108 seconds
