page 20130
/bbs/Gossiping/M.1495004871.A.3E4.html download to ptt/Gossiping/20130_0.txt, time: 8.650000
/bbs/Gossiping/M.1495004875.A.C2C.html download to ptt/Gossiping/20130_1.txt, time: 5.270000
/bbs/Gossiping/M.1495004957.A.143.html download to ptt/Gossiping/20130_2.txt, time: 4.410000
/bbs/Gossiping/M.1495004968.A.F8E.html download to ptt/Gossiping/20130_3.txt, time: 6.520000
/bbs/Gossiping/M.1495005006.A.51D.html download to ptt/Gossiping/20130_4.txt, time: 3.890000
/bbs/Gossiping/M.1495005020.A.DE7.html download to ptt/Gossiping/20130_5.txt, time: 5.050000
/bbs/Gossiping/M.1495005028.A.71B.html download to ptt/Gossiping/20130_6.txt, time: 4.780000
/bbs/Gossiping/M.1495005049.A.419.html download to ptt/Gossiping/20130_7.txt, time: 8.670000
/bbs/Gossiping/M.1495005054.A.727.html download to ptt/Gossiping/20130_8.txt, time: 5.030000
/bbs/Gossiping/M.1495005160.A.D6D.html download to ptt/Gossiping/20130_9.txt, time: 4.780000
/bbs/Gossiping/M.1495005209.A.A0D.html download to ptt/Gossiping/20130_10.txt, time: 3.350000
/bbs/Gossiping/M.1495005225.A.3B9.html download to ptt/Gossiping/20130_11.txt, time: 4.140000
/bbs/Gossiping/M.1495005262.A.477.html download to ptt/Gossiping/20130_12.txt, time: 4.710000
/bbs/Gossiping/M.1495005270.A.FB2.html download to ptt/Gossiping/20130_13.txt, time: 6.660000
/bbs/Gossiping/M.1495005305.A.4B6.html download to ptt/Gossiping/20130_14.txt, time: 5.850000
/bbs/Gossiping/M.1495005353.A.FF6.html download to ptt/Gossiping/20130_15.txt, time: 3.660000
/bbs/Gossiping/M.1495005358.A.D5C.html download to ptt/Gossiping/20130_16.txt, time: 5.050000
/bbs/Gossiping/M.1495005365.A.065.html download to ptt/Gossiping/20130_17.txt, time: 6.560000
/bbs/Gossiping/M.1495005504.A.C5E.html download to ptt/Gossiping/20130_18.txt, time: 5.440000
/bbs/Gossiping/M.1495005507.A.1E6.html download to ptt/Gossiping/20130_19.txt, time: 4.880000
page 20129
/bbs/Gossiping/M.1495004124.A.6DF.html download to ptt/Gossiping/20129_0.txt, time: 5.140000
/bbs/Gossiping/M.1495004128.A.FF6.html download to ptt/Gossiping/20129_1.txt, time: 4.560000
/bbs/Gossiping/M.1495004161.A.CFF.html download to ptt/Gossiping/20129_2.txt, time: 5.300000
/bbs/Gossiping/M.1495004163.A.8DF.html download to ptt/Gossiping/20129_3.txt, time: 3.940000
/bbs/Gossiping/M.1495004166.A.65E.html download to ptt/Gossiping/20129_4.txt, time: 3.700000
/bbs/Gossiping/M.1495004250.A.94F.html download to ptt/Gossiping/20129_5.txt, time: 4.850000
/bbs/Gossiping/M.1495004418.A.A39.html download to ptt/Gossiping/20129_6.txt, time: 5.060000
/bbs/Gossiping/M.1495004461.A.2E7.html download to ptt/Gossiping/20129_7.txt, time: 5.660000
/bbs/Gossiping/M.1495004461.A.EE8.html download to ptt/Gossiping/20129_8.txt, time: 4.830000
/bbs/Gossiping/M.1495004464.A.CC1.html download to ptt/Gossiping/20129_9.txt, time: 6.420000
/bbs/Gossiping/M.1495004485.A.95D.html download to ptt/Gossiping/20129_10.txt, time: 4.650000
/bbs/Gossiping/M.1495004580.A.E5F.html download to ptt/Gossiping/20129_11.txt, time: 4.660000
/bbs/Gossiping/M.1495004599.A.E58.html download to ptt/Gossiping/20129_12.txt, time: 4.720000
/bbs/Gossiping/M.1495004605.A.32C.html download to ptt/Gossiping/20129_13.txt, time: 4.380000
/bbs/Gossiping/M.1495004694.A.E1F.html download to ptt/Gossiping/20129_14.txt, time: 4.450000
/bbs/Gossiping/M.1495004739.A.F0C.html download to ptt/Gossiping/20129_15.txt, time: 7.780000
/bbs/Gossiping/M.1495004755.A.C7A.html download to ptt/Gossiping/20129_16.txt, time: 13.900000
/bbs/Gossiping/M.1495004790.A.9F6.html download to ptt/Gossiping/20129_17.txt, time: 7.060000
/bbs/Gossiping/M.1495004799.A.40F.html download to ptt/Gossiping/20129_18.txt, time: 11.390000
/bbs/Gossiping/M.1495004843.A.CE5.html download to ptt/Gossiping/20129_19.txt, time: 6.370000
page 20128
/bbs/Gossiping/M.1495003656.A.6B4.html download to ptt/Gossiping/20128_0.txt, time: 6.400000
/bbs/Gossiping/M.1495003658.A.116.html download to ptt/Gossiping/20128_1.txt, time: 8.270000
/bbs/Gossiping/M.1495003680.A.EA9.html download to ptt/Gossiping/20128_2.txt, time: 7.450000
/bbs/Gossiping/M.1495003716.A.A1A.html download to ptt/Gossiping/20128_3.txt, time: 7.440000
/bbs/Gossiping/M.1495003734.A.100.html download to ptt/Gossiping/20128_4.txt, time: 6.310000
/bbs/Gossiping/M.1495003741.A.EDF.html download to ptt/Gossiping/20128_5.txt, time: 5.680000
/bbs/Gossiping/M.1495003784.A.924.html download to ptt/Gossiping/20128_6.txt, time: 5.490000
/bbs/Gossiping/M.1495003812.A.020.html download to ptt/Gossiping/20128_7.txt, time: 6.070000
/bbs/Gossiping/M.1495003817.A.743.html download to ptt/Gossiping/20128_8.txt, time: 2.980000
/bbs/Gossiping/M.1495003877.A.18A.html download to ptt/Gossiping/20128_9.txt, time: 4.730000
/bbs/Gossiping/M.1495003892.A.35E.html download to ptt/Gossiping/20128_10.txt, time: 4.480000
/bbs/Gossiping/M.1495003914.A.C5D.html download to ptt/Gossiping/20128_11.txt, time: 4.010000
/bbs/Gossiping/M.1495003929.A.208.html download to ptt/Gossiping/20128_12.txt, time: 4.170000
/bbs/Gossiping/M.1495003954.A.D02.html download to ptt/Gossiping/20128_13.txt, time: 3.060000
/bbs/Gossiping/M.1495003954.A.FF5.html download to ptt/Gossiping/20128_14.txt, time: 4.360000
/bbs/Gossiping/M.1495003993.A.41D.html download to ptt/Gossiping/20128_15.txt, time: 5.550000
/bbs/Gossiping/M.1495003998.A.FA9.html download to ptt/Gossiping/20128_16.txt, time: 4.440000
/bbs/Gossiping/M.1495004041.A.E51.html download to ptt/Gossiping/20128_17.txt, time: 5.170000
/bbs/Gossiping/M.1495004069.A.235.html download to ptt/Gossiping/20128_18.txt, time: 3.380000
/bbs/Gossiping/M.1495004105.A.A8C.html download to ptt/Gossiping/20128_19.txt, time: 4.080000
page 20127
/bbs/Gossiping/M.1495003045.A.800.html download to ptt/Gossiping/20127_0.txt, time: 5.080000
/bbs/Gossiping/M.1495003062.A.2DB.html download to ptt/Gossiping/20127_1.txt, time: 3.270000
/bbs/Gossiping/M.1495003074.A.681.html download to ptt/Gossiping/20127_2.txt, time: 6.520000
/bbs/Gossiping/M.1495003108.A.56F.html download to ptt/Gossiping/20127_3.txt, time: 3.980000
/bbs/Gossiping/M.1495003179.A.CEB.html download to ptt/Gossiping/20127_4.txt, time: 5.340000
/bbs/Gossiping/M.1495003244.A.1B2.html download to ptt/Gossiping/20127_5.txt, time: 5.910000
/bbs/Gossiping/M.1495003258.A.EF1.html download to ptt/Gossiping/20127_6.txt, time: 4.750000
/bbs/Gossiping/M.1495003260.A.AB0.html download to ptt/Gossiping/20127_7.txt, time: 3.790000
/bbs/Gossiping/M.1495003326.A.278.html download to ptt/Gossiping/20127_8.txt, time: 6.420000
/bbs/Gossiping/M.1495003358.A.D08.html download to ptt/Gossiping/20127_9.txt, time: 6.820000
/bbs/Gossiping/M.1495003379.A.399.html download to ptt/Gossiping/20127_10.txt, time: 3.590000
/bbs/Gossiping/M.1495003463.A.4F0.html download to ptt/Gossiping/20127_11.txt, time: 3.430000
/bbs/Gossiping/M.1495003505.A.EB4.html download to ptt/Gossiping/20127_12.txt, time: 4.080000
/bbs/Gossiping/M.1495003514.A.3BB.html download to ptt/Gossiping/20127_13.txt, time: 3.970000
/bbs/Gossiping/M.1495003548.A.CF8.html download to ptt/Gossiping/20127_14.txt, time: 4.150000
/bbs/Gossiping/M.1495003568.A.5DA.html download to ptt/Gossiping/20127_15.txt, time: 3.880000
/bbs/Gossiping/M.1495003612.A.CAE.html download to ptt/Gossiping/20127_16.txt, time: 2.890000
/bbs/Gossiping/M.1495003614.A.8E4.html download to ptt/Gossiping/20127_17.txt, time: 2.660000
/bbs/Gossiping/M.1495003627.A.DA6.html download to ptt/Gossiping/20127_18.txt, time: 3.620000
/bbs/Gossiping/M.1495003629.A.362.html download to ptt/Gossiping/20127_19.txt, time: 2.970000
page 20126
/bbs/Gossiping/M.1495002544.A.21C.html download to ptt/Gossiping/20126_0.txt, time: 3.070000
/bbs/Gossiping/M.1495002553.A.737.html download to ptt/Gossiping/20126_1.txt, time: 3.980000
/bbs/Gossiping/M.1495002582.A.BFA.html download to ptt/Gossiping/20126_2.txt, time: 3.580000
/bbs/Gossiping/M.1495002636.A.997.html download to ptt/Gossiping/20126_3.txt, time: 3.530000
/bbs/Gossiping/M.1495002663.A.2CB.html download to ptt/Gossiping/20126_4.txt, time: 4.050000
/bbs/Gossiping/M.1495002711.A.D18.html download to ptt/Gossiping/20126_5.txt, time: 4.070000
/bbs/Gossiping/M.1495002747.A.5CD.html download to ptt/Gossiping/20126_6.txt, time: 4.090000
/bbs/Gossiping/M.1495002784.A.610.html download to ptt/Gossiping/20126_7.txt, time: 4.530000
/bbs/Gossiping/M.1495002792.A.76A.html download to ptt/Gossiping/20126_8.txt, time: 4.440000
/bbs/Gossiping/M.1495002793.A.CC6.html download to ptt/Gossiping/20126_9.txt, time: 3.050000
/bbs/Gossiping/M.1495002804.A.106.html download to ptt/Gossiping/20126_10.txt, time: 2.810000
/bbs/Gossiping/M.1495002830.A.E46.html download to ptt/Gossiping/20126_11.txt, time: 4.660000
/bbs/Gossiping/M.1495002840.A.1D0.html download to ptt/Gossiping/20126_12.txt, time: 2.900000
/bbs/Gossiping/M.1495002841.A.0E5.html download to ptt/Gossiping/20126_13.txt, time: 10.260000
/bbs/Gossiping/M.1495002842.A.B3B.html download to ptt/Gossiping/20126_14.txt, time: 3.190000
/bbs/Gossiping/M.1495002881.A.78F.html download to ptt/Gossiping/20126_15.txt, time: 1.500000
/bbs/Gossiping/M.1495002914.A.8CF.html download to ptt/Gossiping/20126_16.txt, time: 1.090000
/bbs/Gossiping/M.1495002916.A.601.html download to ptt/Gossiping/20126_17.txt, time: 0.950000
/bbs/Gossiping/M.1495002919.A.67F.html download to ptt/Gossiping/20126_18.txt, time: 0.840000
/bbs/Gossiping/M.1495002919.A.A2B.html download to ptt/Gossiping/20126_19.txt, time: 1.030000
time: 542.5629677772522 seconds
