page 20140
/bbs/Gossiping/M.1495010982.A.55A.html download to ptt/Gossiping/20140_0.txt, time: 6.500000
/bbs/Gossiping/M.1495011027.A.C55.html download to ptt/Gossiping/20140_1.txt, time: 4.300000
/bbs/Gossiping/M.1495011077.A.80B.html download to ptt/Gossiping/20140_2.txt, time: 4.220000
/bbs/Gossiping/M.1495011107.A.D5D.html download to ptt/Gossiping/20140_3.txt, time: 5.390000
/bbs/Gossiping/M.1495011147.A.92F.html download to ptt/Gossiping/20140_4.txt, time: 5.050000
/bbs/Gossiping/M.1495011148.A.044.html download to ptt/Gossiping/20140_5.txt, time: 4.880000
/bbs/Gossiping/M.1495011164.A.868.html download to ptt/Gossiping/20140_6.txt, time: 6.630000
/bbs/Gossiping/M.1495011227.A.7B2.html download to ptt/Gossiping/20140_7.txt, time: 6.170000
/bbs/Gossiping/M.1495011245.A.95A.html download to ptt/Gossiping/20140_8.txt, time: 3.770000
/bbs/Gossiping/M.1495011283.A.3E4.html download to ptt/Gossiping/20140_9.txt, time: 5.440000
/bbs/Gossiping/M.1495011327.A.44B.html download to ptt/Gossiping/20140_10.txt, time: 7.100000
/bbs/Gossiping/M.1495011405.A.ED3.html download to ptt/Gossiping/20140_11.txt, time: 3.770000
/bbs/Gossiping/M.1495011457.A.7F4.html download to ptt/Gossiping/20140_12.txt, time: 4.630000
/bbs/Gossiping/M.1495011490.A.FF6.html download to ptt/Gossiping/20140_13.txt, time: 3.130000
/bbs/Gossiping/M.1495011519.A.FB6.html download to ptt/Gossiping/20140_14.txt, time: 4.230000
/bbs/Gossiping/M.1495011532.A.091.html download to ptt/Gossiping/20140_15.txt, time: 4.760000
/bbs/Gossiping/M.1495011588.A.432.html download to ptt/Gossiping/20140_16.txt, time: 4.580000
/bbs/Gossiping/M.1495011626.A.040.html download to ptt/Gossiping/20140_17.txt, time: 5.990000
/bbs/Gossiping/M.1495011641.A.2FC.html download to ptt/Gossiping/20140_18.txt, time: 6.170000
/bbs/Gossiping/M.1495011656.A.AE7.html download to ptt/Gossiping/20140_19.txt, time: 5.780000
page 20139
/bbs/Gossiping/M.1495010508.A.A27.html download to ptt/Gossiping/20139_0.txt, time: 5.550000
/bbs/Gossiping/M.1495010526.A.0D1.html download to ptt/Gossiping/20139_1.txt, time: 6.690000
/bbs/Gossiping/M.1495010531.A.5DA.html download to ptt/Gossiping/20139_2.txt, time: 4.940000
/bbs/Gossiping/M.1495010548.A.9A2.html download to ptt/Gossiping/20139_3.txt, time: 4.460000
/bbs/Gossiping/M.1495010561.A.82E.html download to ptt/Gossiping/20139_4.txt, time: 4.420000
/bbs/Gossiping/M.1495010603.A.454.html download to ptt/Gossiping/20139_5.txt, time: 4.550000
/bbs/Gossiping/M.1495010609.A.51A.html download to ptt/Gossiping/20139_6.txt, time: 5.570000
/bbs/Gossiping/M.1495010723.A.CEA.html download to ptt/Gossiping/20139_7.txt, time: 5.830000
/bbs/Gossiping/M.1495010782.A.C99.html download to ptt/Gossiping/20139_8.txt, time: 5.650000
/bbs/Gossiping/M.1495010799.A.97B.html download to ptt/Gossiping/20139_9.txt, time: 4.650000
/bbs/Gossiping/M.1495010860.A.B5C.html download to ptt/Gossiping/20139_10.txt, time: 5.820000
/bbs/Gossiping/M.1495010860.A.32C.html download to ptt/Gossiping/20139_11.txt, time: 4.960000
/bbs/Gossiping/M.1495010871.A.51E.html download to ptt/Gossiping/20139_12.txt, time: 5.230000
/bbs/Gossiping/M.1495010904.A.8BD.html download to ptt/Gossiping/20139_13.txt, time: 7.600000
/bbs/Gossiping/M.1495010944.A.BF2.html download to ptt/Gossiping/20139_14.txt, time: 8.570000
/bbs/Gossiping/M.1495010951.A.BC4.html download to ptt/Gossiping/20139_15.txt, time: 5.560000
/bbs/Gossiping/M.1495010956.A.462.html download to ptt/Gossiping/20139_16.txt, time: 5.660000
/bbs/Gossiping/M.1495010969.A.590.html download to ptt/Gossiping/20139_17.txt, time: 4.450000
/bbs/Gossiping/M.1495010970.A.F5B.html download to ptt/Gossiping/20139_18.txt, time: 4.090000
/bbs/Gossiping/M.1495010981.A.0C4.html download to ptt/Gossiping/20139_19.txt, time: 3.810000
page 20138
/bbs/Gossiping/M.1495009910.A.A91.html download to ptt/Gossiping/20138_0.txt, time: 5.070000
/bbs/Gossiping/M.1495009986.A.F16.html download to ptt/Gossiping/20138_1.txt, time: 4.140000
/bbs/Gossiping/M.1495010015.A.BBF.html download to ptt/Gossiping/20138_2.txt, time: 5.320000
/bbs/Gossiping/M.1495010019.A.DA2.html download to ptt/Gossiping/20138_3.txt, time: 6.640000
/bbs/Gossiping/M.1495010034.A.DA5.html download to ptt/Gossiping/20138_4.txt, time: 8.850000
/bbs/Gossiping/M.1495010105.A.C13.html download to ptt/Gossiping/20138_5.txt, time: 4.210000
/bbs/Gossiping/M.1495010113.A.3F7.html download to ptt/Gossiping/20138_6.txt, time: 3.870000
/bbs/Gossiping/M.1495010140.A.4AE.html download to ptt/Gossiping/20138_7.txt, time: 3.990000
/bbs/Gossiping/M.1495010157.A.F9F.html download to ptt/Gossiping/20138_8.txt, time: 5.410000
/bbs/Gossiping/M.1495010230.A.A40.html download to ptt/Gossiping/20138_9.txt, time: 3.460000
/bbs/Gossiping/M.1495010255.A.B5E.html download to ptt/Gossiping/20138_10.txt, time: 4.330000
/bbs/Gossiping/M.1495010275.A.561.html download to ptt/Gossiping/20138_11.txt, time: 3.200000
/bbs/Gossiping/M.1495010278.A.187.html download to ptt/Gossiping/20138_12.txt, time: 3.600000
/bbs/Gossiping/M.1495010330.A.10A.html download to ptt/Gossiping/20138_13.txt, time: 7.600000
/bbs/Gossiping/M.1495010369.A.8ED.html download to ptt/Gossiping/20138_14.txt, time: 3.310000
/bbs/Gossiping/M.1495010379.A.270.html download to ptt/Gossiping/20138_15.txt, time: 3.820000
/bbs/Gossiping/M.1495010392.A.509.html download to ptt/Gossiping/20138_16.txt, time: 4.720000
/bbs/Gossiping/M.1495010420.A.176.html download to ptt/Gossiping/20138_17.txt, time: 3.840000
/bbs/Gossiping/M.1495010481.A.AD6.html download to ptt/Gossiping/20138_18.txt, time: 5.540000
/bbs/Gossiping/M.1495010506.A.70D.html download to ptt/Gossiping/20138_19.txt, time: 4.290000
page 20137
/bbs/Gossiping/M.1495009224.A.170.html download to ptt/Gossiping/20137_0.txt, time: 5.570000
/bbs/Gossiping/M.1495009295.A.D06.html download to ptt/Gossiping/20137_1.txt, time: 5.580000
/bbs/Gossiping/M.1495009320.A.5BE.html download to ptt/Gossiping/20137_2.txt, time: 4.210000
/bbs/Gossiping/M.1495009382.A.4CC.html download to ptt/Gossiping/20137_3.txt, time: 5.280000
/bbs/Gossiping/M.1495009414.A.474.html download to ptt/Gossiping/20137_4.txt, time: 3.890000
/bbs/Gossiping/M.1495009434.A.31F.html download to ptt/Gossiping/20137_5.txt, time: 2.900000
/bbs/Gossiping/M.1495009468.A.8B3.html download to ptt/Gossiping/20137_6.txt, time: 5.480000
/bbs/Gossiping/M.1495009475.A.B22.html download to ptt/Gossiping/20137_7.txt, time: 3.940000
/bbs/Gossiping/M.1495009518.A.127.html download to ptt/Gossiping/20137_8.txt, time: 3.840000
/bbs/Gossiping/M.1495009537.A.F2E.html download to ptt/Gossiping/20137_9.txt, time: 3.380000
/bbs/Gossiping/M.1495009581.A.138.html download to ptt/Gossiping/20137_10.txt, time: 3.730000
/bbs/Gossiping/M.1495009593.A.580.html download to ptt/Gossiping/20137_11.txt, time: 2.820000
/bbs/Gossiping/M.1495009637.A.25D.html download to ptt/Gossiping/20137_12.txt, time: 3.220000
/bbs/Gossiping/M.1495009645.A.397.html download to ptt/Gossiping/20137_13.txt, time: 6.500000
/bbs/Gossiping/M.1495009709.A.585.html download to ptt/Gossiping/20137_14.txt, time: 4.210000
/bbs/Gossiping/M.1495009787.A.67F.html download to ptt/Gossiping/20137_15.txt, time: 2.930000
/bbs/Gossiping/M.1495009806.A.3BE.html download to ptt/Gossiping/20137_16.txt, time: 2.920000
/bbs/Gossiping/M.1495009837.A.0DA.html download to ptt/Gossiping/20137_17.txt, time: 4.640000
/bbs/Gossiping/M.1495009869.A.5FF.html download to ptt/Gossiping/20137_18.txt, time: 5.340000
/bbs/Gossiping/M.1495009887.A.71B.html download to ptt/Gossiping/20137_19.txt, time: 3.640000
page 20136
/bbs/Gossiping/M.1495008396.A.6AB.html download to ptt/Gossiping/20136_0.txt, time: 4.230000
/bbs/Gossiping/M.1495008498.A.612.html download to ptt/Gossiping/20136_1.txt, time: 3.500000
/bbs/Gossiping/M.1495008536.A.EE6.html download to ptt/Gossiping/20136_2.txt, time: 4.590000
/bbs/Gossiping/M.1495008554.A.7BF.html download to ptt/Gossiping/20136_3.txt, time: 3.740000
/bbs/Gossiping/M.1495008563.A.DF2.html download to ptt/Gossiping/20136_4.txt, time: 5.340000
/bbs/Gossiping/M.1495008612.A.661.html download to ptt/Gossiping/20136_5.txt, time: 3.780000
/bbs/Gossiping/M.1495008636.A.6D4.html download to ptt/Gossiping/20136_6.txt, time: 3.750000
/bbs/Gossiping/M.1495008676.A.A40.html download to ptt/Gossiping/20136_7.txt, time: 3.550000
/bbs/Gossiping/M.1495008708.A.9CC.html download to ptt/Gossiping/20136_8.txt, time: 2.960000
/bbs/Gossiping/M.1495008709.A.D99.html download to ptt/Gossiping/20136_9.txt, time: 3.100000
/bbs/Gossiping/M.1495008758.A.E52.html download to ptt/Gossiping/20136_10.txt, time: 3.070000
/bbs/Gossiping/M.1495008856.A.D01.html download to ptt/Gossiping/20136_11.txt, time: 2.450000
/bbs/Gossiping/M.1495008872.A.17F.html download to ptt/Gossiping/20136_12.txt, time: 3.240000
/bbs/Gossiping/M.1495008884.A.76F.html download to ptt/Gossiping/20136_13.txt, time: 3.290000
/bbs/Gossiping/M.1495008899.A.70E.html download to ptt/Gossiping/20136_14.txt, time: 2.740000
/bbs/Gossiping/M.1495008975.A.7CD.html download to ptt/Gossiping/20136_15.txt, time: 3.960000
/bbs/Gossiping/M.1495009009.A.8A1.html download to ptt/Gossiping/20136_16.txt, time: 3.360000
/bbs/Gossiping/M.1495009018.A.D1D.html download to ptt/Gossiping/20136_17.txt, time: 2.850000
/bbs/Gossiping/M.1495009049.A.9CB.html download to ptt/Gossiping/20136_18.txt, time: 7.590000
/bbs/Gossiping/M.1495009052.A.37E.html download to ptt/Gossiping/20136_19.txt, time: 3.070000
time: 531.7720036506653 seconds
