page 20150
/bbs/Gossiping/M.1495017609.A.42D.html download to ptt/Gossiping/20150_0.txt, time: 4.400000
/bbs/Gossiping/M.1495017632.A.CCD.html download to ptt/Gossiping/20150_1.txt, time: 6.230000
/bbs/Gossiping/M.1495017655.A.FB7.html download to ptt/Gossiping/20150_2.txt, time: 5.810000
/bbs/Gossiping/M.1495017659.A.96A.html download to ptt/Gossiping/20150_3.txt, time: 4.550000
/bbs/Gossiping/M.1495017721.A.73C.html download to ptt/Gossiping/20150_4.txt, time: 5.740000
/bbs/Gossiping/M.1495017752.A.614.html download to ptt/Gossiping/20150_5.txt, time: 7.820000
/bbs/Gossiping/M.1495017815.A.D58.html download to ptt/Gossiping/20150_6.txt, time: 4.120000
/bbs/Gossiping/M.1495017930.A.178.html download to ptt/Gossiping/20150_7.txt, time: 3.760000
/bbs/Gossiping/M.1495017942.A.28D.html download to ptt/Gossiping/20150_8.txt, time: 4.500000
/bbs/Gossiping/M.1495017958.A.02F.html download to ptt/Gossiping/20150_9.txt, time: 6.260000
/bbs/Gossiping/M.1495017977.A.570.html download to ptt/Gossiping/20150_10.txt, time: 3.910000
/bbs/Gossiping/M.1495018011.A.169.html download to ptt/Gossiping/20150_11.txt, time: 4.830000
/bbs/Gossiping/M.1495018056.A.E7B.html download to ptt/Gossiping/20150_12.txt, time: 5.280000
/bbs/Gossiping/M.1495018084.A.87B.html download to ptt/Gossiping/20150_13.txt, time: 4.490000
/bbs/Gossiping/M.1495018122.A.217.html download to ptt/Gossiping/20150_14.txt, time: 4.150000
/bbs/Gossiping/M.1495018180.A.5FA.html download to ptt/Gossiping/20150_15.txt, time: 3.360000
/bbs/Gossiping/M.1495018187.A.5C8.html download to ptt/Gossiping/20150_16.txt, time: 6.890000
/bbs/Gossiping/M.1495018217.A.FF2.html download to ptt/Gossiping/20150_17.txt, time: 4.100000
/bbs/Gossiping/M.1495018219.A.6CE.html download to ptt/Gossiping/20150_18.txt, time: 2.650000
/bbs/Gossiping/M.1495018233.A.50B.html download to ptt/Gossiping/20150_19.txt, time: 6.670000
page 20149
/bbs/Gossiping/M.1495016959.A.D00.html download to ptt/Gossiping/20149_0.txt, time: 4.270000
/bbs/Gossiping/M.1495016972.A.503.html download to ptt/Gossiping/20149_1.txt, time: 4.320000
/bbs/Gossiping/M.1495016972.A.77B.html download to ptt/Gossiping/20149_2.txt, time: 6.100000
/bbs/Gossiping/M.1495017109.A.60F.html download to ptt/Gossiping/20149_3.txt, time: 4.200000
/bbs/Gossiping/M.1495017138.A.525.html download to ptt/Gossiping/20149_4.txt, time: 4.710000
/bbs/Gossiping/M.1495017155.A.519.html download to ptt/Gossiping/20149_5.txt, time: 5.450000
/bbs/Gossiping/M.1495017175.A.BF6.html download to ptt/Gossiping/20149_6.txt, time: 3.620000
/bbs/Gossiping/M.1495017182.A.FD6.html download to ptt/Gossiping/20149_7.txt, time: 3.910000
/bbs/Gossiping/M.1495017225.A.80C.html download to ptt/Gossiping/20149_8.txt, time: 5.110000
/bbs/Gossiping/M.1495017254.A.3F3.html download to ptt/Gossiping/20149_9.txt, time: 4.450000
/bbs/Gossiping/M.1495017254.A.852.html download to ptt/Gossiping/20149_10.txt, time: 5.070000
/bbs/Gossiping/M.1495017275.A.2AF.html download to ptt/Gossiping/20149_11.txt, time: 5.960000
/bbs/Gossiping/M.1495017314.A.999.html download to ptt/Gossiping/20149_12.txt, time: 5.370000
/bbs/Gossiping/M.1495017317.A.287.html download to ptt/Gossiping/20149_13.txt, time: 5.430000
/bbs/Gossiping/M.1495017323.A.80C.html download to ptt/Gossiping/20149_14.txt, time: 3.730000
/bbs/Gossiping/M.1495017367.A.CBC.html download to ptt/Gossiping/20149_15.txt, time: 5.850000
/bbs/Gossiping/M.1495017440.A.A00.html download to ptt/Gossiping/20149_16.txt, time: 5.860000
/bbs/Gossiping/M.1495017464.A.FC3.html download to ptt/Gossiping/20149_17.txt, time: 4.640000
/bbs/Gossiping/M.1495017468.A.E90.html download to ptt/Gossiping/20149_18.txt, time: 6.920000
/bbs/Gossiping/M.1495017503.A.BA1.html download to ptt/Gossiping/20149_19.txt, time: 11.950000
page 20148
/bbs/Gossiping/M.1495016362.A.00D.html download to ptt/Gossiping/20148_0.txt, time: 6.940000
/bbs/Gossiping/M.1495016409.A.593.html download to ptt/Gossiping/20148_1.txt, time: 13.270000
/bbs/Gossiping/M.1495016421.A.EE7.html download to ptt/Gossiping/20148_2.txt, time: 5.600000
/bbs/Gossiping/M.1495016429.A.2BD.html download to ptt/Gossiping/20148_3.txt, time: 5.100000
/bbs/Gossiping/M.1495016452.A.445.html download to ptt/Gossiping/20148_4.txt, time: 4.160000
/bbs/Gossiping/M.1495016507.A.6AC.html download to ptt/Gossiping/20148_5.txt, time: 3.970000
/bbs/Gossiping/M.1495016525.A.8B4.html download to ptt/Gossiping/20148_6.txt, time: 8.110000
/bbs/Gossiping/M.1495016528.A.252.html download to ptt/Gossiping/20148_7.txt, time: 15.830000
/bbs/Gossiping/M.1495016558.A.30B.html download to ptt/Gossiping/20148_8.txt, time: 5.940000
/bbs/Gossiping/M.1495016561.A.F40.html download to ptt/Gossiping/20148_9.txt, time: 3.010000
/bbs/Gossiping/M.1495016567.A.620.html download to ptt/Gossiping/20148_10.txt, time: 5.340000
/bbs/Gossiping/M.1495016586.A.744.html download to ptt/Gossiping/20148_11.txt, time: 3.310000
/bbs/Gossiping/M.1495016648.A.FB4.html download to ptt/Gossiping/20148_12.txt, time: 3.210000
/bbs/Gossiping/M.1495016655.A.8A7.html download to ptt/Gossiping/20148_13.txt, time: 3.510000
/bbs/Gossiping/M.1495016680.A.BCF.html download to ptt/Gossiping/20148_14.txt, time: 3.600000
/bbs/Gossiping/M.1495016693.A.975.html download to ptt/Gossiping/20148_15.txt, time: 3.560000
/bbs/Gossiping/M.1495016729.A.295.html download to ptt/Gossiping/20148_16.txt, time: 4.110000
/bbs/Gossiping/M.1495016821.A.A56.html download to ptt/Gossiping/20148_17.txt, time: 3.870000
/bbs/Gossiping/M.1495016891.A.C64.html download to ptt/Gossiping/20148_18.txt, time: 4.270000
/bbs/Gossiping/M.1495016942.A.435.html download to ptt/Gossiping/20148_19.txt, time: 3.550000
page 20147
/bbs/Gossiping/M.1495015426.A.F9A.html download to ptt/Gossiping/20147_0.txt, time: 3.330000
/bbs/Gossiping/M.1495015496.A.A75.html download to ptt/Gossiping/20147_1.txt, time: 4.350000
/bbs/Gossiping/M.1495015531.A.3AC.html download to ptt/Gossiping/20147_2.txt, time: 5.040000
/bbs/Gossiping/M.1495015544.A.02A.html download to ptt/Gossiping/20147_3.txt, time: 3.490000
/bbs/Gossiping/M.1495015631.A.713.html download to ptt/Gossiping/20147_4.txt, time: 3.130000
/bbs/Gossiping/M.1495015646.A.ED9.html download to ptt/Gossiping/20147_5.txt, time: 4.030000
/bbs/Gossiping/M.1495015656.A.1C3.html download to ptt/Gossiping/20147_6.txt, time: 3.670000
/bbs/Gossiping/M.1495015708.A.897.html download to ptt/Gossiping/20147_7.txt, time: 3.840000
/bbs/Gossiping/M.1495015713.A.1E3.html download to ptt/Gossiping/20147_8.txt, time: 3.130000
/bbs/Gossiping/M.1495015753.A.792.html download to ptt/Gossiping/20147_9.txt, time: 4.940000
/bbs/Gossiping/M.1495015944.A.820.html download to ptt/Gossiping/20147_10.txt, time: 8.530000
/bbs/Gossiping/M.1495015982.A.AEA.html download to ptt/Gossiping/20147_11.txt, time: 5.010000
/bbs/Gossiping/M.1495016024.A.29F.html download to ptt/Gossiping/20147_12.txt, time: 3.100000
/bbs/Gossiping/M.1495016117.A.E6A.html download to ptt/Gossiping/20147_13.txt, time: 4.060000
/bbs/Gossiping/M.1495016147.A.C3D.html download to ptt/Gossiping/20147_14.txt, time: 4.780000
/bbs/Gossiping/M.1495016148.A.705.html download to ptt/Gossiping/20147_15.txt, time: 2.870000
/bbs/Gossiping/M.1495016156.A.FA8.html download to ptt/Gossiping/20147_16.txt, time: 2.840000
/bbs/Gossiping/M.1495016232.A.6AE.html download to ptt/Gossiping/20147_17.txt, time: 4.080000
/bbs/Gossiping/M.1495016257.A.794.html download to ptt/Gossiping/20147_18.txt, time: 3.320000
/bbs/Gossiping/M.1495016264.A.805.html download to ptt/Gossiping/20147_19.txt, time: 4.210000
page 20146
/bbs/Gossiping/M.1495014765.A.951.html download to ptt/Gossiping/20146_0.txt, time: 4.130000
/bbs/Gossiping/M.1495014834.A.272.html download to ptt/Gossiping/20146_1.txt, time: 3.250000
/bbs/Gossiping/M.1495014948.A.415.html download to ptt/Gossiping/20146_2.txt, time: 3.580000
/bbs/Gossiping/M.1495015043.A.E8B.html download to ptt/Gossiping/20146_3.txt, time: 3.610000
/bbs/Gossiping/M.1495015085.A.7A5.html download to ptt/Gossiping/20146_4.txt, time: 3.930000
/bbs/Gossiping/M.1495015106.A.9FD.html download to ptt/Gossiping/20146_5.txt, time: 4.670000
/bbs/Gossiping/M.1495015118.A.52A.html download to ptt/Gossiping/20146_6.txt, time: 3.680000
/bbs/Gossiping/M.1495015125.A.A0A.html download to ptt/Gossiping/20146_7.txt, time: 3.630000
/bbs/Gossiping/M.1495015154.A.34C.html download to ptt/Gossiping/20146_8.txt, time: 3.160000
/bbs/Gossiping/M.1495015158.A.F9E.html download to ptt/Gossiping/20146_9.txt, time: 2.540000
/bbs/Gossiping/M.1495015239.A.879.html download to ptt/Gossiping/20146_10.txt, time: 3.500000
/bbs/Gossiping/M.1495015243.A.179.html download to ptt/Gossiping/20146_11.txt, time: 3.260000
/bbs/Gossiping/M.1495015244.A.F35.html download to ptt/Gossiping/20146_12.txt, time: 2.600000
/bbs/Gossiping/M.1495015300.A.C5D.html download to ptt/Gossiping/20146_13.txt, time: 5.680000
/bbs/Gossiping/M.1495015305.A.44D.html download to ptt/Gossiping/20146_14.txt, time: 2.440000
/bbs/Gossiping/M.1495015327.A.C39.html download to ptt/Gossiping/20146_15.txt, time: 7.460000
/bbs/Gossiping/M.1495015348.A.2BA.html download to ptt/Gossiping/20146_16.txt, time: 1.970000
/bbs/Gossiping/M.1495015361.A.765.html download to ptt/Gossiping/20146_17.txt, time: 1.140000
/bbs/Gossiping/M.1495015413.A.1F4.html download to ptt/Gossiping/20146_18.txt, time: 2.450000
/bbs/Gossiping/M.1495015423.A.F94.html download to ptt/Gossiping/20146_19.txt, time: 1.490000
time: 533.213300704956 seconds
