page 20160
/bbs/Gossiping/M.1495023207.A.DEC.html download to ptt/Gossiping/20160_0.txt, time: 8.630000
/bbs/Gossiping/M.1495023240.A.61B.html download to ptt/Gossiping/20160_1.txt, time: 3.620000
/bbs/Gossiping/M.1495023270.A.B17.html download to ptt/Gossiping/20160_2.txt, time: 4.870000
/bbs/Gossiping/M.1495023292.A.37F.html download to ptt/Gossiping/20160_3.txt, time: 4.700000
/bbs/Gossiping/M.1495023304.A.F85.html download to ptt/Gossiping/20160_4.txt, time: 4.230000
/bbs/Gossiping/M.1495023328.A.AA4.html download to ptt/Gossiping/20160_5.txt, time: 5.530000
/bbs/Gossiping/M.1495023333.A.E2F.html download to ptt/Gossiping/20160_6.txt, time: 9.390000
/bbs/Gossiping/M.1495023389.A.497.html download to ptt/Gossiping/20160_7.txt, time: 3.590000
/bbs/Gossiping/M.1495023418.A.33F.html download to ptt/Gossiping/20160_8.txt, time: 5.510000
/bbs/Gossiping/M.1495023451.A.D1A.html download to ptt/Gossiping/20160_9.txt, time: 4.060000
/bbs/Gossiping/M.1495023455.A.CD7.html download to ptt/Gossiping/20160_10.txt, time: 4.570000
/bbs/Gossiping/M.1495023456.A.EB8.html download to ptt/Gossiping/20160_11.txt, time: 5.130000
/bbs/Gossiping/M.1495023460.A.01C.html download to ptt/Gossiping/20160_12.txt, time: 4.800000
/bbs/Gossiping/M.1495023476.A.D7C.html download to ptt/Gossiping/20160_13.txt, time: 3.400000
/bbs/Gossiping/M.1495023484.A.A20.html download to ptt/Gossiping/20160_14.txt, time: 3.590000
/bbs/Gossiping/M.1495023495.A.B06.html download to ptt/Gossiping/20160_15.txt, time: 5.560000
/bbs/Gossiping/M.1495023530.A.283.html download to ptt/Gossiping/20160_16.txt, time: 7.130000
/bbs/Gossiping/M.1495023564.A.15D.html download to ptt/Gossiping/20160_17.txt, time: 6.630000
/bbs/Gossiping/M.1495023587.A.934.html download to ptt/Gossiping/20160_18.txt, time: 4.100000
/bbs/Gossiping/M.1495023611.A.3BD.html download to ptt/Gossiping/20160_19.txt, time: 3.470000
page 20159
/bbs/Gossiping/M.1495022683.A.067.html download to ptt/Gossiping/20159_0.txt, time: 5.500000
/bbs/Gossiping/M.1495022778.A.B8A.html download to ptt/Gossiping/20159_1.txt, time: 5.560000
/bbs/Gossiping/M.1495022788.A.8EB.html download to ptt/Gossiping/20159_2.txt, time: 5.780000
/bbs/Gossiping/M.1495022802.A.CCC.html download to ptt/Gossiping/20159_3.txt, time: 4.170000
/bbs/Gossiping/M.1495022810.A.B9A.html download to ptt/Gossiping/20159_4.txt, time: 3.670000
/bbs/Gossiping/M.1495022811.A.8CE.html download to ptt/Gossiping/20159_5.txt, time: 5.060000
/bbs/Gossiping/M.1495022846.A.417.html download to ptt/Gossiping/20159_6.txt, time: 5.340000
/bbs/Gossiping/M.1495022869.A.8D6.html download to ptt/Gossiping/20159_7.txt, time: 3.940000
/bbs/Gossiping/M.1495022905.A.A22.html download to ptt/Gossiping/20159_8.txt, time: 4.280000
/bbs/Gossiping/M.1495022913.A.63A.html download to ptt/Gossiping/20159_9.txt, time: 4.970000
/bbs/Gossiping/M.1495022956.A.A40.html download to ptt/Gossiping/20159_10.txt, time: 4.170000
/bbs/Gossiping/M.1495023000.A.697.html download to ptt/Gossiping/20159_11.txt, time: 5.210000
/bbs/Gossiping/M.1495023020.A.640.html download to ptt/Gossiping/20159_12.txt, time: 5.280000
/bbs/Gossiping/M.1495023023.A.73C.html download to ptt/Gossiping/20159_13.txt, time: 4.350000
/bbs/Gossiping/M.1495023027.A.C4F.html download to ptt/Gossiping/20159_14.txt, time: 3.730000
/bbs/Gossiping/M.1495023037.A.5B1.html download to ptt/Gossiping/20159_15.txt, time: 4.870000
/bbs/Gossiping/M.1495023042.A.621.html download to ptt/Gossiping/20159_16.txt, time: 4.760000
/bbs/Gossiping/M.1495023052.A.66B.html download to ptt/Gossiping/20159_17.txt, time: 3.860000
/bbs/Gossiping/M.1495023130.A.DE4.html download to ptt/Gossiping/20159_18.txt, time: 3.820000
/bbs/Gossiping/M.1495023175.A.4D5.html download to ptt/Gossiping/20159_19.txt, time: 5.230000
page 20158
/bbs/Gossiping/M.1495021924.A.BBE.html download to ptt/Gossiping/20158_0.txt, time: 6.310000
/bbs/Gossiping/M.1495022001.A.3BC.html download to ptt/Gossiping/20158_1.txt, time: 3.620000
/bbs/Gossiping/M.1495022019.A.00A.html download to ptt/Gossiping/20158_2.txt, time: 4.990000
/bbs/Gossiping/M.1495022060.A.207.html download to ptt/Gossiping/20158_3.txt, time: 5.090000
/bbs/Gossiping/M.1495022077.A.A4F.html download to ptt/Gossiping/20158_4.txt, time: 7.560000
/bbs/Gossiping/M.1495022082.A.022.html download to ptt/Gossiping/20158_5.txt, time: 9.790000
/bbs/Gossiping/M.1495022135.A.5BB.html download to ptt/Gossiping/20158_6.txt, time: 3.410000
/bbs/Gossiping/M.1495022158.A.50A.html download to ptt/Gossiping/20158_7.txt, time: 4.340000
/bbs/Gossiping/M.1495022280.A.F0B.html download to ptt/Gossiping/20158_8.txt, time: 11.520000
/bbs/Gossiping/M.1495022358.A.FFC.html download to ptt/Gossiping/20158_9.txt, time: 6.580000
/bbs/Gossiping/M.1495022365.A.11B.html download to ptt/Gossiping/20158_10.txt, time: 12.680000
/bbs/Gossiping/M.1495022441.A.255.html download to ptt/Gossiping/20158_11.txt, time: 8.190000
/bbs/Gossiping/M.1495022443.A.FA1.html download to ptt/Gossiping/20158_12.txt, time: 6.470000
/bbs/Gossiping/M.1495022485.A.856.html download to ptt/Gossiping/20158_13.txt, time: 3.550000
/bbs/Gossiping/M.1495022487.A.0AB.html download to ptt/Gossiping/20158_14.txt, time: 3.280000
/bbs/Gossiping/M.1495022519.A.65E.html download to ptt/Gossiping/20158_15.txt, time: 3.980000
/bbs/Gossiping/M.1495022548.A.57D.html download to ptt/Gossiping/20158_16.txt, time: 4.870000
/bbs/Gossiping/M.1495022620.A.A60.html download to ptt/Gossiping/20158_17.txt, time: 4.740000
/bbs/Gossiping/M.1495022645.A.0B0.html download to ptt/Gossiping/20158_18.txt, time: 3.380000
/bbs/Gossiping/M.1495022679.A.E0B.html download to ptt/Gossiping/20158_19.txt, time: 3.220000
page 20157
/bbs/Gossiping/M.1495021080.A.C74.html download to ptt/Gossiping/20157_0.txt, time: 4.380000
/bbs/Gossiping/M.1495021089.A.464.html download to ptt/Gossiping/20157_1.txt, time: 4.310000
/bbs/Gossiping/M.1495021136.A.150.html download to ptt/Gossiping/20157_2.txt, time: 3.410000
/bbs/Gossiping/M.1495021142.A.568.html download to ptt/Gossiping/20157_3.txt, time: 3.940000
/bbs/Gossiping/M.1495021178.A.E94.html download to ptt/Gossiping/20157_4.txt, time: 3.250000
/bbs/Gossiping/M.1495021193.A.659.html download to ptt/Gossiping/20157_5.txt, time: 4.490000
/bbs/Gossiping/M.1495021196.A.486.html download to ptt/Gossiping/20157_6.txt, time: 4.030000
/bbs/Gossiping/M.1495021208.A.617.html download to ptt/Gossiping/20157_7.txt, time: 5.830000
/bbs/Gossiping/M.1495021213.A.9B2.html download to ptt/Gossiping/20157_8.txt, time: 2.880000
/bbs/Gossiping/M.1495021398.A.582.html download to ptt/Gossiping/20157_9.txt, time: 4.950000
/bbs/Gossiping/M.1495021469.A.86C.html download to ptt/Gossiping/20157_10.txt, time: 3.240000
/bbs/Gossiping/M.1495021490.A.5C6.html download to ptt/Gossiping/20157_11.txt, time: 5.690000
/bbs/Gossiping/M.1495021492.A.0AF.html download to ptt/Gossiping/20157_12.txt, time: 5.870000
/bbs/Gossiping/M.1495021588.A.C44.html download to ptt/Gossiping/20157_13.txt, time: 3.360000
/bbs/Gossiping/M.1495021598.A.7BB.html download to ptt/Gossiping/20157_14.txt, time: 5.060000
/bbs/Gossiping/M.1495021781.A.BD5.html download to ptt/Gossiping/20157_15.txt, time: 3.900000
/bbs/Gossiping/M.1495021808.A.DD0.html download to ptt/Gossiping/20157_16.txt, time: 2.840000
/bbs/Gossiping/M.1495021840.A.814.html download to ptt/Gossiping/20157_17.txt, time: 4.690000
/bbs/Gossiping/M.1495021856.A.BD1.html download to ptt/Gossiping/20157_18.txt, time: 3.360000
/bbs/Gossiping/M.1495021865.A.AE1.html download to ptt/Gossiping/20157_19.txt, time: 4.470000
page 20156
/bbs/Gossiping/M.1495020581.A.901.html download to ptt/Gossiping/20156_0.txt, time: 3.420000
/bbs/Gossiping/M.1495020613.A.A35.html download to ptt/Gossiping/20156_1.txt, time: 4.510000
/bbs/Gossiping/M.1495020628.A.C9F.html download to ptt/Gossiping/20156_2.txt, time: 3.830000
/bbs/Gossiping/M.1495020631.A.A8F.html download to ptt/Gossiping/20156_3.txt, time: 4.220000
/bbs/Gossiping/M.1495020676.A.932.html download to ptt/Gossiping/20156_4.txt, time: 3.610000
/bbs/Gossiping/M.1495020687.A.839.html download to ptt/Gossiping/20156_5.txt, time: 4.200000
/bbs/Gossiping/M.1495020693.A.814.html download to ptt/Gossiping/20156_6.txt, time: 3.770000
/bbs/Gossiping/M.1495020720.A.A1C.html download to ptt/Gossiping/20156_7.txt, time: 3.680000
/bbs/Gossiping/M.1495020723.A.A9B.html download to ptt/Gossiping/20156_8.txt, time: 2.060000
/bbs/Gossiping/M.1495020780.A.683.html download to ptt/Gossiping/20156_9.txt, time: 2.960000
/bbs/Gossiping/M.1495020785.A.7FE.html download to ptt/Gossiping/20156_10.txt, time: 2.690000
/bbs/Gossiping/M.1495020850.A.E76.html download to ptt/Gossiping/20156_11.txt, time: 3.730000
/bbs/Gossiping/M.1495020868.A.70D.html download to ptt/Gossiping/20156_12.txt, time: 3.560000
/bbs/Gossiping/M.1495020878.A.7AC.html download to ptt/Gossiping/20156_13.txt, time: 3.540000
/bbs/Gossiping/M.1495020924.A.5DD.html download to ptt/Gossiping/20156_14.txt, time: 4.470000
/bbs/Gossiping/M.1495020978.A.B05.html download to ptt/Gossiping/20156_15.txt, time: 3.900000
/bbs/Gossiping/M.1495021031.A.9C9.html download to ptt/Gossiping/20156_16.txt, time: 3.560000
/bbs/Gossiping/M.1495021038.A.C9A.html download to ptt/Gossiping/20156_17.txt, time: 2.180000
/bbs/Gossiping/M.1495021048.A.5DD.html download to ptt/Gossiping/20156_18.txt, time: 2.700000
/bbs/Gossiping/M.1495021058.A.D7A.html download to ptt/Gossiping/20156_19.txt, time: 3.560000
time: 533.6302418708801 seconds
