page 20170
/bbs/Gossiping/M.1495027698.A.F52.html download to ptt/Gossiping/20170_0.txt, time: 9.580000
/bbs/Gossiping/M.1495027698.A.8F8.html download to ptt/Gossiping/20170_1.txt, time: 3.940000
/bbs/Gossiping/M.1495027708.A.9E5.html download to ptt/Gossiping/20170_2.txt, time: 3.830000
/bbs/Gossiping/M.1495027717.A.3B5.html download to ptt/Gossiping/20170_3.txt, time: 4.830000
/bbs/Gossiping/M.1495027719.A.F9B.html download to ptt/Gossiping/20170_4.txt, time: 4.870000
/bbs/Gossiping/M.1495027731.A.4C5.html download to ptt/Gossiping/20170_5.txt, time: 4.940000
/bbs/Gossiping/M.1495027736.A.930.html download to ptt/Gossiping/20170_6.txt, time: 6.060000
/bbs/Gossiping/M.1495027753.A.2C6.html download to ptt/Gossiping/20170_7.txt, time: 7.200000
/bbs/Gossiping/M.1495027768.A.D0C.html download to ptt/Gossiping/20170_8.txt, time: 4.010000
/bbs/Gossiping/M.1495027769.A.0B4.html download to ptt/Gossiping/20170_9.txt, time: 5.190000
/bbs/Gossiping/M.1495027777.A.8D7.html download to ptt/Gossiping/20170_10.txt, time: 4.290000
/bbs/Gossiping/M.1495027784.A.A4B.html download to ptt/Gossiping/20170_11.txt, time: 3.840000
/bbs/Gossiping/M.1495027789.A.646.html download to ptt/Gossiping/20170_12.txt, time: 4.460000
/bbs/Gossiping/M.1495027802.A.2ED.html download to ptt/Gossiping/20170_13.txt, time: 3.760000
/bbs/Gossiping/M.1495027808.A.137.html download to ptt/Gossiping/20170_14.txt, time: 5.920000
/bbs/Gossiping/M.1495027835.A.F73.html download to ptt/Gossiping/20170_15.txt, time: 6.020000
/bbs/Gossiping/M.1495027845.A.7CF.html download to ptt/Gossiping/20170_16.txt, time: 4.090000
/bbs/Gossiping/M.1495027868.A.35F.html download to ptt/Gossiping/20170_17.txt, time: 4.490000
/bbs/Gossiping/M.1495027908.A.CA3.html download to ptt/Gossiping/20170_18.txt, time: 3.710000
/bbs/Gossiping/M.1495027981.A.D03.html download to ptt/Gossiping/20170_19.txt, time: 5.220000
page 20169
/bbs/Gossiping/M.1495027207.A.84B.html download to ptt/Gossiping/20169_0.txt, time: 5.170000
/bbs/Gossiping/M.1495027268.A.70A.html download to ptt/Gossiping/20169_1.txt, time: 5.390000
/bbs/Gossiping/M.1495027400.A.D59.html download to ptt/Gossiping/20169_2.txt, time: 4.160000
/bbs/Gossiping/M.1495027407.A.868.html download to ptt/Gossiping/20169_3.txt, time: 3.610000
/bbs/Gossiping/M.1495027428.A.927.html download to ptt/Gossiping/20169_4.txt, time: 4.260000
/bbs/Gossiping/M.1495027491.A.90B.html download to ptt/Gossiping/20169_5.txt, time: 5.780000
/bbs/Gossiping/M.1495027515.A.48D.html download to ptt/Gossiping/20169_6.txt, time: 3.260000
/bbs/Gossiping/M.1495027522.A.2BA.html download to ptt/Gossiping/20169_7.txt, time: 4.030000
/bbs/Gossiping/M.1495027523.A.F72.html download to ptt/Gossiping/20169_8.txt, time: 3.860000
/bbs/Gossiping/M.1495027527.A.54B.html download to ptt/Gossiping/20169_9.txt, time: 4.640000
/bbs/Gossiping/M.1495027533.A.B05.html download to ptt/Gossiping/20169_10.txt, time: 5.900000
/bbs/Gossiping/M.1495027549.A.14C.html download to ptt/Gossiping/20169_11.txt, time: 6.460000
/bbs/Gossiping/M.1495027549.A.FBC.html download to ptt/Gossiping/20169_12.txt, time: 5.760000
/bbs/Gossiping/M.1495027556.A.227.html download to ptt/Gossiping/20169_13.txt, time: 5.080000
/bbs/Gossiping/M.1495027582.A.B55.html download to ptt/Gossiping/20169_14.txt, time: 8.150000
/bbs/Gossiping/M.1495027611.A.9EC.html download to ptt/Gossiping/20169_15.txt, time: 3.690000
/bbs/Gossiping/M.1495027613.A.C54.html download to ptt/Gossiping/20169_16.txt, time: 5.640000
/bbs/Gossiping/M.1495027622.A.B2F.html download to ptt/Gossiping/20169_17.txt, time: 8.380000
/bbs/Gossiping/M.1495027651.A.70F.html download to ptt/Gossiping/20169_18.txt, time: 5.960000
/bbs/Gossiping/M.1495027675.A.EC1.html download to ptt/Gossiping/20169_19.txt, time: 4.510000
page 20168
/bbs/Gossiping/M.1495026894.A.BC9.html download to ptt/Gossiping/20168_0.txt, time: 8.160000
/bbs/Gossiping/M.1495026910.A.C72.htmlTraceback (most recent call last):
  File "/home/studentyl/anaconda3/lib/python3.6/site-packages/requests/packages/urllib3/connectionpool.py", line 600, in urlopen
    chunked=chunked)
  File "/home/studentyl/anaconda3/lib/python3.6/site-packages/requests/packages/urllib3/connectionpool.py", line 386, in _make_request
    six.raise_from(e, None)
  File "<string>", line 2, in raise_from
  File "/home/studentyl/anaconda3/lib/python3.6/site-packages/requests/packages/urllib3/connectionpool.py", line 382, in _make_request
    httplib_response = conn.getresponse()
  File "/home/studentyl/anaconda3/lib/python3.6/http/client.py", line 1331, in getresponse
    response.begin()
  File "/home/studentyl/anaconda3/lib/python3.6/http/client.py", line 297, in begin
    version, status, reason = self._read_status()
  File "/home/studentyl/anaconda3/lib/python3.6/http/client.py", line 266, in _read_status
    raise RemoteDisconnected("Remote end closed connection without"
http.client.RemoteDisconnected: Remote end closed connection without response

During handling of the above exception, another exception occurred:

Traceback (most recent call last):
  File "/home/studentyl/anaconda3/lib/python3.6/site-packages/requests/adapters.py", line 438, in send
    timeout=timeout
  File "/home/studentyl/anaconda3/lib/python3.6/site-packages/requests/packages/urllib3/connectionpool.py", line 649, in urlopen
    _stacktrace=sys.exc_info()[2])
  File "/home/studentyl/anaconda3/lib/python3.6/site-packages/requests/packages/urllib3/util/retry.py", line 357, in increment
    raise six.reraise(type(error), error, _stacktrace)
  File "/home/studentyl/anaconda3/lib/python3.6/site-packages/requests/packages/urllib3/packages/six.py", line 685, in reraise
    raise value.with_traceback(tb)
  File "/home/studentyl/anaconda3/lib/python3.6/site-packages/requests/packages/urllib3/connectionpool.py", line 600, in urlopen
    chunked=chunked)
  File "/home/studentyl/anaconda3/lib/python3.6/site-packages/requests/packages/urllib3/connectionpool.py", line 386, in _make_request
    six.raise_from(e, None)
  File "<string>", line 2, in raise_from
  File "/home/studentyl/anaconda3/lib/python3.6/site-packages/requests/packages/urllib3/connectionpool.py", line 382, in _make_request
    httplib_response = conn.getresponse()
  File "/home/studentyl/anaconda3/lib/python3.6/http/client.py", line 1331, in getresponse
    response.begin()
  File "/home/studentyl/anaconda3/lib/python3.6/http/client.py", line 297, in begin
    version, status, reason = self._read_status()
  File "/home/studentyl/anaconda3/lib/python3.6/http/client.py", line 266, in _read_status
    raise RemoteDisconnected("Remote end closed connection without"
requests.packages.urllib3.exceptions.ProtocolError: ('Connection aborted.', RemoteDisconnected('Remote end closed connection without response',))

During handling of the above exception, another exception occurred:

Traceback (most recent call last):
  File "./crawler.py", line 177, in <module>
    main(sys.argv[1:])
  File "./crawler.py", line 158, in main
    downloadForum(forumName, startPage, pages)
  File "./crawler.py", line 140, in downloadForum
    downloadPage(str(articleCount), forumName, pageNum, 'https://www.ptt.cc'+link)
  File "./crawler.py", line 82, in downloadPage
    pageText = getPageText(link)
  File "./crawler.py", line 13, in getPageText
    pageText=requests.get(link, cookies={'over18':'1'}).text
  File "/home/studentyl/anaconda3/lib/python3.6/site-packages/requests/api.py", line 72, in get
    return request('get', url, params=params, **kwargs)
  File "/home/studentyl/anaconda3/lib/python3.6/site-packages/requests/api.py", line 58, in request
    return session.request(method=method, url=url, **kwargs)
  File "/home/studentyl/anaconda3/lib/python3.6/site-packages/requests/sessions.py", line 518, in request
    resp = self.send(prep, **send_kwargs)
  File "/home/studentyl/anaconda3/lib/python3.6/site-packages/requests/sessions.py", line 639, in send
    r = adapter.send(request, **kwargs)
  File "/home/studentyl/anaconda3/lib/python3.6/site-packages/requests/adapters.py", line 488, in send
    raise ConnectionError(err, request=request)
requests.exceptions.ConnectionError: ('Connection aborted.', RemoteDisconnected('Remote end closed connection without response',))
