page 20180
/bbs/Gossiping/M.1495031546.A.1FF.html download to ptt/Gossiping/20180_0.txt, time: 5.380000
/bbs/Gossiping/M.1495031572.A.21A.html download to ptt/Gossiping/20180_1.txt, time: 7.600000
/bbs/Gossiping/M.1495031572.A.6D5.html download to ptt/Gossiping/20180_2.txt, time: 6.080000
/bbs/Gossiping/M.1495031579.A.C10.html download to ptt/Gossiping/20180_3.txt, time: 3.200000
/bbs/Gossiping/M.1495031584.A.2B3.html download to ptt/Gossiping/20180_4.txt, time: 3.810000
/bbs/Gossiping/M.1495031588.A.5A0.html download to ptt/Gossiping/20180_5.txt, time: 3.870000
/bbs/Gossiping/M.1495031592.A.7F2.html download to ptt/Gossiping/20180_6.txt, time: 3.750000
/bbs/Gossiping/M.1495031594.A.415.html download to ptt/Gossiping/20180_7.txt, time: 4.010000
/bbs/Gossiping/M.1495031601.A.51D.html download to ptt/Gossiping/20180_8.txt, time: 6.500000
/bbs/Gossiping/M.1495031664.A.A73.html download to ptt/Gossiping/20180_9.txt, time: 4.830000
/bbs/Gossiping/M.1495031701.A.316.html download to ptt/Gossiping/20180_10.txt, time: 4.710000
/bbs/Gossiping/M.1495031704.A.347.html download to ptt/Gossiping/20180_11.txt, time: 3.920000
/bbs/Gossiping/M.1495031712.A.0CD.html download to ptt/Gossiping/20180_12.txt, time: 4.350000
/bbs/Gossiping/M.1495031730.A.72B.html download to ptt/Gossiping/20180_13.txt, time: 6.060000
/bbs/Gossiping/M.1495031735.A.06E.html download to ptt/Gossiping/20180_14.txt, time: 6.490000
/bbs/Gossiping/M.1495031781.A.0A0.html download to ptt/Gossiping/20180_15.txt, time: 4.770000
/bbs/Gossiping/M.1495031794.A.7BB.html download to ptt/Gossiping/20180_16.txt, time: 5.250000
/bbs/Gossiping/M.1495031797.A.4B9.html download to ptt/Gossiping/20180_17.txt, time: 3.260000
/bbs/Gossiping/M.1495031799.A.C1B.html download to ptt/Gossiping/20180_18.txt, time: 2.950000
/bbs/Gossiping/M.1495031860.A.693.html download to ptt/Gossiping/20180_19.txt, time: 5.780000
page 20179
/bbs/Gossiping/M.1495031120.A.A22.html download to ptt/Gossiping/20179_0.txt, time: 5.660000
/bbs/Gossiping/M.1495031121.A.4DA.html download to ptt/Gossiping/20179_1.txt, time: 3.790000
/bbs/Gossiping/M.1495031146.A.5D7.html download to ptt/Gossiping/20179_2.txt, time: 5.150000
/bbs/Gossiping/M.1495031172.A.7B1.html download to ptt/Gossiping/20179_3.txt, time: 4.550000
/bbs/Gossiping/M.1495031180.A.308.html download to ptt/Gossiping/20179_4.txt, time: 4.790000
/bbs/Gossiping/M.1495031196.A.DFC.html download to ptt/Gossiping/20179_5.txt, time: 4.010000
/bbs/Gossiping/M.1495031199.A.4D8.html download to ptt/Gossiping/20179_6.txt, time: 6.710000
/bbs/Gossiping/M.1495031213.A.DA2.html download to ptt/Gossiping/20179_7.txt, time: 3.880000
/bbs/Gossiping/M.1495031238.A.5E8.html download to ptt/Gossiping/20179_8.txt, time: 4.540000
/bbs/Gossiping/M.1495031261.A.C73.html download to ptt/Gossiping/20179_9.txt, time: 5.190000
/bbs/Gossiping/M.1495031264.A.07C.html download to ptt/Gossiping/20179_10.txt, time: 6.720000
/bbs/Gossiping/M.1495031323.A.7E8.html download to ptt/Gossiping/20179_11.txt, time: 3.790000
/bbs/Gossiping/M.1495031337.A.74B.html download to ptt/Gossiping/20179_12.txt, time: 4.510000
/bbs/Gossiping/M.1495031352.A.BB9.html download to ptt/Gossiping/20179_13.txt, time: 5.510000
/bbs/Gossiping/M.1495031406.A.136.html download to ptt/Gossiping/20179_14.txt, time: 5.060000
/bbs/Gossiping/M.1495031425.A.88E.html download to ptt/Gossiping/20179_15.txt, time: 8.100000
/bbs/Gossiping/M.1495031447.A.978.html download to ptt/Gossiping/20179_16.txt, time: 8.380000
/bbs/Gossiping/M.1495031474.A.65A.html download to ptt/Gossiping/20179_17.txt, time: 12.360000
/bbs/Gossiping/M.1495031479.A.BC1.html download to ptt/Gossiping/20179_18.txt, time: 4.350000
/bbs/Gossiping/M.1495031529.A.A79.html download to ptt/Gossiping/20179_19.txt, time: 4.390000
page 20178
/bbs/Gossiping/M.1495030812.A.C5B.html download to ptt/Gossiping/20178_0.txt, time: 3.740000
/bbs/Gossiping/M.1495030846.A.60C.html download to ptt/Gossiping/20178_1.txt, time: 4.560000
/bbs/Gossiping/M.1495030848.A.DF8.html download to ptt/Gossiping/20178_2.txt, time: 4.090000
/bbs/Gossiping/M.1495030863.A.A21.html download to ptt/Gossiping/20178_3.txt, time: 4.700000
/bbs/Gossiping/M.1495030877.A.073.html download to ptt/Gossiping/20178_4.txt, time: 5.970000
/bbs/Gossiping/M.1495030879.A.663.html download to ptt/Gossiping/20178_5.txt, time: 6.330000
/bbs/Gossiping/M.1495030886.A.333.html download to ptt/Gossiping/20178_6.txt, time: 7.860000
/bbs/Gossiping/M.1495030912.A.3DA.html download to ptt/Gossiping/20178_7.txt, time: 5.700000
/bbs/Gossiping/M.1495030929.A.6E8.html download to ptt/Gossiping/20178_8.txt, time: 7.490000
/bbs/Gossiping/M.1495030940.A.391.html download to ptt/Gossiping/20178_9.txt, time: 3.520000
/bbs/Gossiping/M.1495030951.A.4B4.html download to ptt/Gossiping/20178_10.txt, time: 5.680000
/bbs/Gossiping/M.1495030952.A.D54.html download to ptt/Gossiping/20178_11.txt, time: 3.530000
/bbs/Gossiping/M.1495030988.A.C90.html download to ptt/Gossiping/20178_12.txt, time: 3.160000
/bbs/Gossiping/M.1495030999.A.D93.html download to ptt/Gossiping/20178_13.txt, time: 6.450000
/bbs/Gossiping/M.1495031002.A.3A0.html download to ptt/Gossiping/20178_14.txt, time: 7.580000
/bbs/Gossiping/M.1495031009.A.F21.html download to ptt/Gossiping/20178_15.txt, time: 5.530000
/bbs/Gossiping/M.1495031021.A.2BF.html download to ptt/Gossiping/20178_16.txt, time: 3.200000
/bbs/Gossiping/M.1495031047.A.8A6.html download to ptt/Gossiping/20178_17.txt, time: 5.150000
/bbs/Gossiping/M.1495031080.A.555.html download to ptt/Gossiping/20178_18.txt, time: 2.870000
/bbs/Gossiping/M.1495031114.A.1D7.html download to ptt/Gossiping/20178_19.txt, time: 5.430000
page 20177
/bbs/Gossiping/M.1495030451.A.560.html download to ptt/Gossiping/20177_0.txt, time: 5.510000
/bbs/Gossiping/M.1495030467.A.08A.html download to ptt/Gossiping/20177_1.txt, time: 3.560000
/bbs/Gossiping/M.1495030485.A.C3F.html download to ptt/Gossiping/20177_2.txt, time: 4.110000
/bbs/Gossiping/M.1495030541.A.ADE.html download to ptt/Gossiping/20177_3.txt, time: 3.190000
/bbs/Gossiping/M.1495030557.A.4FD.html download to ptt/Gossiping/20177_4.txt, time: 4.220000
/bbs/Gossiping/M.1495030568.A.AC0.html download to ptt/Gossiping/20177_5.txt, time: 4.040000
/bbs/Gossiping/M.1495030592.A.A47.html download to ptt/Gossiping/20177_6.txt, time: 4.720000
/bbs/Gossiping/M.1495030599.A.EF0.html download to ptt/Gossiping/20177_7.txt, time: 4.180000
/bbs/Gossiping/M.1495030631.A.B2A.html download to ptt/Gossiping/20177_8.txt, time: 3.950000
/bbs/Gossiping/M.1495030644.A.5F6.html download to ptt/Gossiping/20177_9.txt, time: 4.240000
/bbs/Gossiping/M.1495030646.A.F2A.html download to ptt/Gossiping/20177_10.txt, time: 3.520000
/bbs/Gossiping/M.1495030648.A.6D8.html download to ptt/Gossiping/20177_11.txt, time: 5.630000
/bbs/Gossiping/M.1495030650.A.D3E.html download to ptt/Gossiping/20177_12.txt, time: 3.380000
/bbs/Gossiping/M.1495030656.A.6A7.html download to ptt/Gossiping/20177_13.txt, time: 3.290000
/bbs/Gossiping/M.1495030658.A.8A9.html download to ptt/Gossiping/20177_14.txt, time: 6.750000
/bbs/Gossiping/M.1495030683.A.8B4.html download to ptt/Gossiping/20177_15.txt, time: 5.180000
/bbs/Gossiping/M.1495030722.A.9AD.html download to ptt/Gossiping/20177_16.txt, time: 3.320000
/bbs/Gossiping/M.1495030742.A.28E.html download to ptt/Gossiping/20177_17.txt, time: 4.450000
/bbs/Gossiping/M.1495030758.A.1CB.html download to ptt/Gossiping/20177_18.txt, time: 3.290000
/bbs/Gossiping/M.1495030764.A.EA6.html download to ptt/Gossiping/20177_19.txt, time: 3.360000
page 20176
/bbs/Gossiping/M.1495030013.A.CD4.html download to ptt/Gossiping/20176_0.txt, time: 4.540000
/bbs/Gossiping/M.1495030019.A.883.html download to ptt/Gossiping/20176_1.txt, time: 3.840000
/bbs/Gossiping/M.1495030062.A.D7B.html download to ptt/Gossiping/20176_2.txt, time: 5.470000
/bbs/Gossiping/M.1495030123.A.EA0.html download to ptt/Gossiping/20176_3.txt, time: 3.770000
/bbs/Gossiping/M.1495030124.A.003.html download to ptt/Gossiping/20176_4.txt, time: 3.600000
/bbs/Gossiping/M.1495030125.A.0D0.html download to ptt/Gossiping/20176_5.txt, time: 3.330000
/bbs/Gossiping/M.1495030128.A.74B.html download to ptt/Gossiping/20176_6.txt, time: 3.260000
/bbs/Gossiping/M.1495030135.A.EC2.html download to ptt/Gossiping/20176_7.txt, time: 4.480000
/bbs/Gossiping/M.1495030145.A.730.html download to ptt/Gossiping/20176_8.txt, time: 5.770000
/bbs/Gossiping/M.1495030176.A.054.html download to ptt/Gossiping/20176_9.txt, time: 4.940000
/bbs/Gossiping/M.1495030186.A.00F.html download to ptt/Gossiping/20176_10.txt, time: 4.020000
/bbs/Gossiping/M.1495030207.A.E0A.html download to ptt/Gossiping/20176_11.txt, time: 3.640000
/bbs/Gossiping/M.1495030215.A.79B.html download to ptt/Gossiping/20176_12.txt, time: 4.020000
/bbs/Gossiping/M.1495030242.A.8AF.html download to ptt/Gossiping/20176_13.txt, time: 4.040000
/bbs/Gossiping/M.1495030262.A.FBF.html download to ptt/Gossiping/20176_14.txt, time: 3.270000
/bbs/Gossiping/M.1495030272.A.4DB.html download to ptt/Gossiping/20176_15.txt, time: 5.240000
/bbs/Gossiping/M.1495030278.A.A01.html download to ptt/Gossiping/20176_16.txt, time: 3.660000
/bbs/Gossiping/M.1495030411.A.78C.html download to ptt/Gossiping/20176_17.txt, time: 2.220000
/bbs/Gossiping/M.1495030429.A.DA1.html download to ptt/Gossiping/20176_18.txt, time: 2.940000
/bbs/Gossiping/M.1495030435.A.68E.html download to ptt/Gossiping/20176_19.txt, time: 4.360000
time: 536.1060314178467 seconds
