page 20190
/bbs/Gossiping/M.1495035708.A.5F4.html download to ptt/Gossiping/20190_0.txt, time: 7.790000
/bbs/Gossiping/M.1495035712.A.C31.html download to ptt/Gossiping/20190_1.txt, time: 4.200000
/bbs/Gossiping/M.1495035732.A.BE6.html download to ptt/Gossiping/20190_2.txt, time: 7.260000
/bbs/Gossiping/M.1495035836.A.3B9.html download to ptt/Gossiping/20190_3.txt, time: 4.990000
/bbs/Gossiping/M.1495035844.A.0CC.html download to ptt/Gossiping/20190_4.txt, time: 3.870000
/bbs/Gossiping/M.1495035879.A.4B4.html download to ptt/Gossiping/20190_5.txt, time: 4.110000
/bbs/Gossiping/M.1495035900.A.5F5.html download to ptt/Gossiping/20190_6.txt, time: 7.060000
/bbs/Gossiping/M.1495035905.A.D49.html download to ptt/Gossiping/20190_7.txt, time: 4.580000
/bbs/Gossiping/M.1495035947.A.021.html download to ptt/Gossiping/20190_8.txt, time: 4.900000
/bbs/Gossiping/M.1495035949.A.260.html download to ptt/Gossiping/20190_9.txt, time: 5.360000
/bbs/Gossiping/M.1495035956.A.B18.html download to ptt/Gossiping/20190_10.txt, time: 7.750000
/bbs/Gossiping/M.1495036002.A.A04.html download to ptt/Gossiping/20190_11.txt, time: 4.860000
/bbs/Gossiping/M.1495036009.A.146.html download to ptt/Gossiping/20190_12.txt, time: 6.330000
/bbs/Gossiping/M.1495036027.A.05D.html download to ptt/Gossiping/20190_13.txt, time: 3.940000
/bbs/Gossiping/M.1495036047.A.0FA.html download to ptt/Gossiping/20190_14.txt, time: 3.550000
/bbs/Gossiping/M.1495036048.A.2D3.html download to ptt/Gossiping/20190_15.txt, time: 4.920000
/bbs/Gossiping/M.1495036058.A.3E0.html download to ptt/Gossiping/20190_16.txt, time: 5.060000
/bbs/Gossiping/M.1495036068.A.12E.html download to ptt/Gossiping/20190_17.txt, time: 5.730000
/bbs/Gossiping/M.1495036074.A.2E0.html download to ptt/Gossiping/20190_18.txt, time: 4.220000
/bbs/Gossiping/M.1495036117.A.3D8.html download to ptt/Gossiping/20190_19.txt, time: 5.980000
page 20189
/bbs/Gossiping/M.1495035202.A.46D.html download to ptt/Gossiping/20189_0.txt, time: 6.350000
/bbs/Gossiping/M.1495035242.A.6EA.html download to ptt/Gossiping/20189_1.txt, time: 4.730000
/bbs/Gossiping/M.1495035253.A.826.html download to ptt/Gossiping/20189_2.txt, time: 3.600000
/bbs/Gossiping/M.1495035279.A.441.html download to ptt/Gossiping/20189_3.txt, time: 5.200000
/bbs/Gossiping/M.1495035284.A.A9F.html download to ptt/Gossiping/20189_4.txt, time: 4.430000
/bbs/Gossiping/M.1495035326.A.70C.html download to ptt/Gossiping/20189_5.txt, time: 5.300000
/bbs/Gossiping/M.1495035334.A.86C.html download to ptt/Gossiping/20189_6.txt, time: 4.480000
/bbs/Gossiping/M.1495035362.A.314.html download to ptt/Gossiping/20189_7.txt, time: 5.480000
/bbs/Gossiping/M.1495035398.A.A4B.html download to ptt/Gossiping/20189_8.txt, time: 3.800000
/bbs/Gossiping/M.1495035417.A.DCF.html download to ptt/Gossiping/20189_9.txt, time: 6.020000
/bbs/Gossiping/M.1495035421.A.68C.html download to ptt/Gossiping/20189_10.txt, time: 4.600000
/bbs/Gossiping/M.1495035430.A.1A0.html download to ptt/Gossiping/20189_11.txt, time: 6.160000
/bbs/Gossiping/M.1495035520.A.0C3.html download to ptt/Gossiping/20189_12.txt, time: 10.070000
/bbs/Gossiping/M.1495035527.A.0ED.html download to ptt/Gossiping/20189_13.txt, time: 4.710000
/bbs/Gossiping/M.1495035545.A.7D8.html download to ptt/Gossiping/20189_14.txt, time: 3.630000
/bbs/Gossiping/M.1495035620.A.9AC.html download to ptt/Gossiping/20189_15.txt, time: 4.500000
/bbs/Gossiping/M.1495035680.A.2CC.html download to ptt/Gossiping/20189_16.txt, time: 6.120000
/bbs/Gossiping/M.1495035691.A.74F.html download to ptt/Gossiping/20189_17.txt, time: 11.440000
/bbs/Gossiping/M.1495035701.A.3AA.html download to ptt/Gossiping/20189_18.txt, time: 5.170000
/bbs/Gossiping/M.1495035701.A.8FB.html download to ptt/Gossiping/20189_19.txt, time: 8.560000
page 20188
/bbs/Gossiping/M.1495034689.A.5CD.html download to ptt/Gossiping/20188_0.txt, time: 9.240000
/bbs/Gossiping/M.1495034693.A.C11.html download to ptt/Gossiping/20188_1.txt, time: 5.670000
/bbs/Gossiping/M.1495034708.A.2F5.html download to ptt/Gossiping/20188_2.txt, time: 3.760000
/bbs/Gossiping/M.1495034714.A.332.html download to ptt/Gossiping/20188_3.txt, time: 5.880000
/bbs/Gossiping/M.1495034721.A.206.html download to ptt/Gossiping/20188_4.txt, time: 7.160000
/bbs/Gossiping/M.1495034745.A.8C3.html download to ptt/Gossiping/20188_5.txt, time: 5.210000
/bbs/Gossiping/M.1495034817.A.52D.html download to ptt/Gossiping/20188_6.txt, time: 5.260000
/bbs/Gossiping/M.1495034818.A.C3F.html download to ptt/Gossiping/20188_7.txt, time: 7.520000
/bbs/Gossiping/M.1495034858.A.0DC.html download to ptt/Gossiping/20188_8.txt, time: 3.820000
/bbs/Gossiping/M.1495034910.A.9AE.html download to ptt/Gossiping/20188_9.txt, time: 4.400000
/bbs/Gossiping/M.1495034932.A.B2A.html download to ptt/Gossiping/20188_10.txt, time: 5.460000
/bbs/Gossiping/M.1495034946.A.1A7.html download to ptt/Gossiping/20188_11.txt, time: 4.330000
/bbs/Gossiping/M.1495034979.A.30D.html download to ptt/Gossiping/20188_12.txt, time: 3.880000
/bbs/Gossiping/M.1495034986.A.9AE.html download to ptt/Gossiping/20188_13.txt, time: 4.860000
/bbs/Gossiping/M.1495035013.A.316.html download to ptt/Gossiping/20188_14.txt, time: 6.150000
/bbs/Gossiping/M.1495035066.A.DBB.html download to ptt/Gossiping/20188_15.txt, time: 3.380000
/bbs/Gossiping/M.1495035080.A.099.html download to ptt/Gossiping/20188_16.txt, time: 5.260000
/bbs/Gossiping/M.1495035129.A.5FA.html download to ptt/Gossiping/20188_17.txt, time: 2.860000
/bbs/Gossiping/M.1495035185.A.506.html download to ptt/Gossiping/20188_18.txt, time: 4.600000
/bbs/Gossiping/M.1495035196.A.34A.html download to ptt/Gossiping/20188_19.txt, time: 3.970000
page 20187
/bbs/Gossiping/M.1495034270.A.C11.html download to ptt/Gossiping/20187_0.txt, time: 4.220000
/bbs/Gossiping/M.1495034288.A.D11.html download to ptt/Gossiping/20187_1.txt, time: 3.100000
/bbs/Gossiping/M.1495034301.A.87E.html download to ptt/Gossiping/20187_2.txt, time: 2.840000
/bbs/Gossiping/M.1495034302.A.66B.html download to ptt/Gossiping/20187_3.txt, time: 4.850000
/bbs/Gossiping/M.1495034306.A.5EC.html download to ptt/Gossiping/20187_4.txt, time: 4.230000
/bbs/Gossiping/M.1495034350.A.3EF.html download to ptt/Gossiping/20187_5.txt, time: 3.620000
/bbs/Gossiping/M.1495034363.A.77B.html download to ptt/Gossiping/20187_6.txt, time: 3.530000
/bbs/Gossiping/M.1495034373.A.EB6.html download to ptt/Gossiping/20187_7.txt, time: 3.830000
/bbs/Gossiping/M.1495034376.A.20C.html download to ptt/Gossiping/20187_8.txt, time: 5.590000
/bbs/Gossiping/M.1495034383.A.24B.html download to ptt/Gossiping/20187_9.txt, time: 3.230000
/bbs/Gossiping/M.1495034465.A.BAE.html download to ptt/Gossiping/20187_10.txt, time: 3.810000
/bbs/Gossiping/M.1495034472.A.DBD.html download to ptt/Gossiping/20187_11.txt, time: 6.700000
/bbs/Gossiping/M.1495034494.A.9F9.html download to ptt/Gossiping/20187_12.txt, time: 5.090000
/bbs/Gossiping/M.1495034498.A.C70.html download to ptt/Gossiping/20187_13.txt, time: 3.120000
/bbs/Gossiping/M.1495034511.A.ECA.html download to ptt/Gossiping/20187_14.txt, time: 4.990000
/bbs/Gossiping/M.1495034532.A.1D6.html download to ptt/Gossiping/20187_15.txt, time: 4.630000
/bbs/Gossiping/M.1495034537.A.EB4.html download to ptt/Gossiping/20187_16.txt, time: 4.090000
/bbs/Gossiping/M.1495034564.A.01D.html download to ptt/Gossiping/20187_17.txt, time: 5.270000
/bbs/Gossiping/M.1495034653.A.E97.html download to ptt/Gossiping/20187_18.txt, time: 2.680000
/bbs/Gossiping/M.1495034670.A.4D8.html download to ptt/Gossiping/20187_19.txt, time: 3.450000
page 20186
/bbs/Gossiping/M.1495033910.A.865.html download to ptt/Gossiping/20186_0.txt, time: 4.180000
/bbs/Gossiping/M.1495033920.A.F2A.html download to ptt/Gossiping/20186_1.txt, time: 3.670000
/bbs/Gossiping/M.1495033963.A.C8C.html download to ptt/Gossiping/20186_2.txt, time: 5.210000
/bbs/Gossiping/M.1495034011.A.3FF.html download to ptt/Gossiping/20186_3.txt, time: 2.590000
/bbs/Gossiping/M.1495034027.A.DC1.html download to ptt/Gossiping/20186_4.txt, time: 2.890000
/bbs/Gossiping/M.1495034029.A.CDA.html download to ptt/Gossiping/20186_5.txt, time: 3.090000
/bbs/Gossiping/M.1495034040.A.87B.html download to ptt/Gossiping/20186_6.txt, time: 2.680000
/bbs/Gossiping/M.1495034060.A.875.html download to ptt/Gossiping/20186_7.txt, time: 2.750000
/bbs/Gossiping/M.1495034093.A.1A4.html download to ptt/Gossiping/20186_8.txt, time: 4.330000
/bbs/Gossiping/M.1495034106.A.A64.html download to ptt/Gossiping/20186_9.txt, time: 3.240000
/bbs/Gossiping/M.1495034117.A.92A.html download to ptt/Gossiping/20186_10.txt, time: 2.540000
/bbs/Gossiping/M.1495034126.A.FD6.html download to ptt/Gossiping/20186_11.txt, time: 3.370000
/bbs/Gossiping/M.1495034128.A.B43.html download to ptt/Gossiping/20186_12.txt, time: 2.540000
/bbs/Gossiping/M.1495034163.A.35E.html download to ptt/Gossiping/20186_13.txt, time: 2.350000
/bbs/Gossiping/M.1495034180.A.D7C.html download to ptt/Gossiping/20186_14.txt, time: 3.350000
/bbs/Gossiping/M.1495034181.A.7D4.html download to ptt/Gossiping/20186_15.txt, time: 2.670000
/bbs/Gossiping/M.1495034214.A.33D.html download to ptt/Gossiping/20186_16.txt, time: 2.730000
/bbs/Gossiping/M.1495034229.A.BA2.html download to ptt/Gossiping/20186_17.txt, time: 4.240000
/bbs/Gossiping/M.1495034241.A.2AE.html download to ptt/Gossiping/20186_18.txt, time: 2.420000
/bbs/Gossiping/M.1495034258.A.21E.html download to ptt/Gossiping/20186_19.txt, time: 2.420000
time: 528.4343340396881 seconds
