page 20200
/bbs/Gossiping/M.1495039592.A.F84.html download to ptt/Gossiping/20200_0.txt, time: 6.780000
/bbs/Gossiping/M.1495039605.A.4C2.html download to ptt/Gossiping/20200_1.txt, time: 5.110000
/bbs/Gossiping/M.1495039612.A.388.html download to ptt/Gossiping/20200_2.txt, time: 5.600000
/bbs/Gossiping/M.1495039651.A.5E9.html download to ptt/Gossiping/20200_3.txt, time: 5.200000
/bbs/Gossiping/M.1495039669.A.C6A.html download to ptt/Gossiping/20200_4.txt, time: 5.160000
/bbs/Gossiping/M.1495039687.A.870.html download to ptt/Gossiping/20200_5.txt, time: 3.970000
/bbs/Gossiping/M.1495039711.A.B17.html download to ptt/Gossiping/20200_6.txt, time: 8.580000
/bbs/Gossiping/M.1495039712.A.906.html download to ptt/Gossiping/20200_7.txt, time: 4.360000
/bbs/Gossiping/M.1495039722.A.0C5.html download to ptt/Gossiping/20200_8.txt, time: 4.530000
/bbs/Gossiping/M.1495039770.A.C0B.html download to ptt/Gossiping/20200_9.txt, time: 4.590000
/bbs/Gossiping/M.1495039829.A.870.html download to ptt/Gossiping/20200_10.txt, time: 5.730000
/bbs/Gossiping/M.1495039861.A.2AD.html download to ptt/Gossiping/20200_11.txt, time: 5.060000
/bbs/Gossiping/M.1495039876.A.119.html download to ptt/Gossiping/20200_12.txt, time: 4.840000
/bbs/Gossiping/M.1495039884.A.B5C.html download to ptt/Gossiping/20200_13.txt, time: 4.300000
/bbs/Gossiping/M.1495039923.A.FA0.html download to ptt/Gossiping/20200_14.txt, time: 5.260000
/bbs/Gossiping/M.1495039936.A.8D5.html download to ptt/Gossiping/20200_15.txt, time: 6.740000
/bbs/Gossiping/M.1495040032.A.086.html download to ptt/Gossiping/20200_16.txt, time: 4.960000
/bbs/Gossiping/M.1495040065.A.EB3.html download to ptt/Gossiping/20200_17.txt, time: 5.410000
/bbs/Gossiping/M.1495040067.A.CC9.html download to ptt/Gossiping/20200_18.txt, time: 4.120000
/bbs/Gossiping/M.1495040067.A.FDE.html download to ptt/Gossiping/20200_19.txt, time: 5.560000
page 20199
/bbs/Gossiping/M.1495039168.A.2B4.html download to ptt/Gossiping/20199_0.txt, time: 5.340000
/bbs/Gossiping/M.1495039174.A.4D9.html download to ptt/Gossiping/20199_1.txt, time: 5.120000
/bbs/Gossiping/M.1495039184.A.36C.html download to ptt/Gossiping/20199_2.txt, time: 4.220000
/bbs/Gossiping/M.1495039215.A.25C.html download to ptt/Gossiping/20199_3.txt, time: 3.800000
/bbs/Gossiping/M.1495039266.A.3D6.html download to ptt/Gossiping/20199_4.txt, time: 2.740000
/bbs/Gossiping/M.1495039269.A.652.html download to ptt/Gossiping/20199_5.txt, time: 3.670000
/bbs/Gossiping/M.1495039284.A.5DA.html download to ptt/Gossiping/20199_6.txt, time: 3.280000
/bbs/Gossiping/M.1495039306.A.B72.html download to ptt/Gossiping/20199_7.txt, time: 5.400000
/bbs/Gossiping/M.1495039313.A.6E4.html download to ptt/Gossiping/20199_8.txt, time: 5.110000
/bbs/Gossiping/M.1495039329.A.D91.html download to ptt/Gossiping/20199_9.txt, time: 4.080000
/bbs/Gossiping/M.1495039380.A.EA3.html download to ptt/Gossiping/20199_10.txt, time: 5.840000
/bbs/Gossiping/M.1495039418.A.52B.html download to ptt/Gossiping/20199_11.txt, time: 4.780000
/bbs/Gossiping/M.1495039471.A.69D.html download to ptt/Gossiping/20199_12.txt, time: 6.420000
/bbs/Gossiping/M.1495039485.A.520.html download to ptt/Gossiping/20199_13.txt, time: 4.600000
/bbs/Gossiping/M.1495039501.A.4AE.html download to ptt/Gossiping/20199_14.txt, time: 7.720000
/bbs/Gossiping/M.1495039519.A.FAB.html download to ptt/Gossiping/20199_15.txt, time: 5.120000
/bbs/Gossiping/M.1495039522.A.936.html download to ptt/Gossiping/20199_16.txt, time: 5.160000
/bbs/Gossiping/M.1495039560.A.38C.html download to ptt/Gossiping/20199_17.txt, time: 7.030000
/bbs/Gossiping/M.1495039570.A.565.html download to ptt/Gossiping/20199_18.txt, time: 9.570000
/bbs/Gossiping/M.1495039589.A.981.html download to ptt/Gossiping/20199_19.txt, time: 3.190000
page 20198
/bbs/Gossiping/M.1495038679.A.D1D.html download to ptt/Gossiping/20198_0.txt, time: 4.500000
/bbs/Gossiping/M.1495038698.A.B64.html download to ptt/Gossiping/20198_1.txt, time: 6.450000
/bbs/Gossiping/M.1495038702.A.590.html download to ptt/Gossiping/20198_2.txt, time: 8.160000
/bbs/Gossiping/M.1495038753.A.7CA.html download to ptt/Gossiping/20198_3.txt, time: 6.580000
/bbs/Gossiping/M.1495038784.A.CA2.html download to ptt/Gossiping/20198_4.txt, time: 6.370000
/bbs/Gossiping/M.1495038804.A.563.html download to ptt/Gossiping/20198_5.txt, time: 4.250000
/bbs/Gossiping/M.1495038823.A.DF9.html download to ptt/Gossiping/20198_6.txt, time: 3.770000
/bbs/Gossiping/M.1495038854.A.ADC.html download to ptt/Gossiping/20198_7.txt, time: 3.760000
/bbs/Gossiping/M.1495038873.A.0F2.html download to ptt/Gossiping/20198_8.txt, time: 8.170000
/bbs/Gossiping/M.1495038903.A.5EB.html download to ptt/Gossiping/20198_9.txt, time: 7.360000
/bbs/Gossiping/M.1495038995.A.5DA.html download to ptt/Gossiping/20198_10.txt, time: 5.110000
/bbs/Gossiping/M.1495038996.A.83C.html download to ptt/Gossiping/20198_11.txt, time: 5.380000
/bbs/Gossiping/M.1495038997.A.892.html download to ptt/Gossiping/20198_12.txt, time: 5.270000
/bbs/Gossiping/M.1495039029.A.2EA.html download to ptt/Gossiping/20198_13.txt, time: 7.660000
/bbs/Gossiping/M.1495039040.A.485.html download to ptt/Gossiping/20198_14.txt, time: 3.740000
/bbs/Gossiping/M.1495039065.A.47F.html download to ptt/Gossiping/20198_15.txt, time: 4.190000
/bbs/Gossiping/M.1495039091.A.374.html download to ptt/Gossiping/20198_16.txt, time: 3.600000
/bbs/Gossiping/M.1495039108.A.F22.html download to ptt/Gossiping/20198_17.txt, time: 4.880000
/bbs/Gossiping/M.1495039135.A.5F5.html download to ptt/Gossiping/20198_18.txt, time: 3.190000
/bbs/Gossiping/M.1495039146.A.268.html download to ptt/Gossiping/20198_19.txt, time: 5.680000
page 20197
/bbs/Gossiping/M.1495038262.A.D1C.html download to ptt/Gossiping/20197_0.txt, time: 4.870000
/bbs/Gossiping/M.1495038264.A.311.html download to ptt/Gossiping/20197_1.txt, time: 3.480000
/bbs/Gossiping/M.1495038278.A.657.html download to ptt/Gossiping/20197_2.txt, time: 5.340000
/bbs/Gossiping/M.1495038305.A.668.html download to ptt/Gossiping/20197_3.txt, time: 2.750000
/bbs/Gossiping/M.1495038315.A.89E.html download to ptt/Gossiping/20197_4.txt, time: 5.100000
/bbs/Gossiping/M.1495038343.A.E71.html download to ptt/Gossiping/20197_5.txt, time: 2.170000
/bbs/Gossiping/M.1495038351.A.489.html download to ptt/Gossiping/20197_6.txt, time: 4.050000
/bbs/Gossiping/M.1495038355.A.2E7.html download to ptt/Gossiping/20197_7.txt, time: 4.450000
/bbs/Gossiping/M.1495038525.A.A61.html download to ptt/Gossiping/20197_8.txt, time: 5.170000
/bbs/Gossiping/M.1495038546.A.D35.html download to ptt/Gossiping/20197_9.txt, time: 4.410000
/bbs/Gossiping/M.1495038551.A.675.html download to ptt/Gossiping/20197_10.txt, time: 3.390000
/bbs/Gossiping/M.1495038560.A.572.html download to ptt/Gossiping/20197_11.txt, time: 4.610000
/bbs/Gossiping/M.1495038566.A.47D.html download to ptt/Gossiping/20197_12.txt, time: 6.470000
/bbs/Gossiping/M.1495038579.A.7EA.html download to ptt/Gossiping/20197_13.txt, time: 3.940000
/bbs/Gossiping/M.1495038584.A.2E0.html download to ptt/Gossiping/20197_14.txt, time: 5.620000
/bbs/Gossiping/M.1495038592.A.D14.html download to ptt/Gossiping/20197_15.txt, time: 5.150000
/bbs/Gossiping/M.1495038623.A.6C4.html download to ptt/Gossiping/20197_16.txt, time: 4.710000
/bbs/Gossiping/M.1495038645.A.238.html download to ptt/Gossiping/20197_17.txt, time: 4.050000
/bbs/Gossiping/M.1495038650.A.207.html download to ptt/Gossiping/20197_18.txt, time: 3.780000
/bbs/Gossiping/M.1495038660.A.2A9.html download to ptt/Gossiping/20197_19.txt, time: 4.130000
page 20196
/bbs/Gossiping/M.1495037845.A.174.html download to ptt/Gossiping/20196_0.txt, time: 3.450000
/bbs/Gossiping/M.1495037846.A.ED2.html download to ptt/Gossiping/20196_1.txt, time: 4.600000
/bbs/Gossiping/M.1495037914.A.0F2.html download to ptt/Gossiping/20196_2.txt, time: 4.680000
/bbs/Gossiping/M.1495037942.A.085.html download to ptt/Gossiping/20196_3.txt, time: 4.760000
/bbs/Gossiping/M.1495037945.A.50B.html download to ptt/Gossiping/20196_4.txt, time: 3.880000
/bbs/Gossiping/M.1495037945.A.01F.html download to ptt/Gossiping/20196_5.txt, time: 3.910000
/bbs/Gossiping/M.1495037955.A.5C8.html download to ptt/Gossiping/20196_6.txt, time: 3.810000
/bbs/Gossiping/M.1495037956.A.393.html download to ptt/Gossiping/20196_7.txt, time: 2.530000
/bbs/Gossiping/M.1495037958.A.82A.html download to ptt/Gossiping/20196_8.txt, time: 4.180000
/bbs/Gossiping/M.1495038025.A.CCD.html download to ptt/Gossiping/20196_9.txt, time: 4.380000
/bbs/Gossiping/M.1495038041.A.948.html download to ptt/Gossiping/20196_10.txt, time: 3.080000
/bbs/Gossiping/M.1495038048.A.71F.html download to ptt/Gossiping/20196_11.txt, time: 3.790000
/bbs/Gossiping/M.1495038080.A.0E2.html download to ptt/Gossiping/20196_12.txt, time: 2.630000
/bbs/Gossiping/M.1495038148.A.5B2.html download to ptt/Gossiping/20196_13.txt, time: 5.520000
/bbs/Gossiping/M.1495038165.A.B22.html download to ptt/Gossiping/20196_14.txt, time: 5.590000
/bbs/Gossiping/M.1495038173.A.314.html download to ptt/Gossiping/20196_15.txt, time: 2.800000
/bbs/Gossiping/M.1495038202.A.7A8.html download to ptt/Gossiping/20196_16.txt, time: 2.530000
/bbs/Gossiping/M.1495038232.A.058.html download to ptt/Gossiping/20196_17.txt, time: 1.680000
/bbs/Gossiping/M.1495038244.A.71A.html download to ptt/Gossiping/20196_18.txt, time: 1.070000
/bbs/Gossiping/M.1495038246.A.B6D.html download to ptt/Gossiping/20196_19.txt, time: 1.200000
time: 530.780683517456 seconds
