page 20210
/bbs/Gossiping/M.1495046959.A.AE3.html download to ptt/Gossiping/20210_0.txt, time: 5.690000
/bbs/Gossiping/M.1495046968.A.9F8.html download to ptt/Gossiping/20210_1.txt, time: 6.280000
/bbs/Gossiping/M.1495047017.A.3BD.html download to ptt/Gossiping/20210_2.txt, time: 5.450000
/bbs/Gossiping/M.1495047230.A.65D.html download to ptt/Gossiping/20210_3.txt, time: 5.430000
/bbs/Gossiping/M.1495047317.A.04A.html download to ptt/Gossiping/20210_4.txt, time: 3.710000
/bbs/Gossiping/M.1495047366.A.161.html download to ptt/Gossiping/20210_5.txt, time: 6.790000
/bbs/Gossiping/M.1495047463.A.1B8.html download to ptt/Gossiping/20210_6.txt, time: 5.880000
/bbs/Gossiping/M.1495047472.A.3E3.html download to ptt/Gossiping/20210_7.txt, time: 3.850000
/bbs/Gossiping/M.1495047624.A.8F1.html download to ptt/Gossiping/20210_8.txt, time: 4.100000
/bbs/Gossiping/M.1495047644.A.DDE.html download to ptt/Gossiping/20210_9.txt, time: 4.360000
/bbs/Gossiping/M.1495047678.A.E82.html download to ptt/Gossiping/20210_10.txt, time: 3.480000
/bbs/Gossiping/M.1495047716.A.C6A.html download to ptt/Gossiping/20210_11.txt, time: 3.620000
/bbs/Gossiping/M.1495047796.A.078.html download to ptt/Gossiping/20210_12.txt, time: 5.720000
/bbs/Gossiping/M.1495048057.A.CFA.html download to ptt/Gossiping/20210_13.txt, time: 5.190000
/bbs/Gossiping/M.1495048222.A.D6F.html download to ptt/Gossiping/20210_14.txt, time: 3.320000
/bbs/Gossiping/M.1495048263.A.98E.html download to ptt/Gossiping/20210_15.txt, time: 5.240000
/bbs/Gossiping/M.1495048291.A.5E8.html download to ptt/Gossiping/20210_16.txt, time: 4.230000
/bbs/Gossiping/M.1495048336.A.BB1.html download to ptt/Gossiping/20210_17.txt, time: 5.040000
/bbs/Gossiping/M.1495048561.A.269.html download to ptt/Gossiping/20210_18.txt, time: 4.650000
/bbs/Gossiping/M.1495048698.A.ED8.html download to ptt/Gossiping/20210_19.txt, time: 5.240000
page 20209
/bbs/Gossiping/M.1495045716.A.A81.html download to ptt/Gossiping/20209_0.txt, time: 4.740000
/bbs/Gossiping/M.1495045755.A.1D9.html download to ptt/Gossiping/20209_1.txt, time: 4.570000
/bbs/Gossiping/M.1495045812.A.D9C.html download to ptt/Gossiping/20209_2.txt, time: 5.590000
/bbs/Gossiping/M.1495045865.A.B34.html download to ptt/Gossiping/20209_3.txt, time: 4.700000
/bbs/Gossiping/M.1495045892.A.64B.html download to ptt/Gossiping/20209_4.txt, time: 4.620000
/bbs/Gossiping/M.1495046026.A.163.html download to ptt/Gossiping/20209_5.txt, time: 4.340000
/bbs/Gossiping/M.1495046030.A.171.html download to ptt/Gossiping/20209_6.txt, time: 4.700000
/bbs/Gossiping/M.1495046039.A.577.html download to ptt/Gossiping/20209_7.txt, time: 5.790000
/bbs/Gossiping/M.1495046074.A.65E.html download to ptt/Gossiping/20209_8.txt, time: 5.210000
/bbs/Gossiping/M.1495046080.A.5CF.html download to ptt/Gossiping/20209_9.txt, time: 5.500000
/bbs/Gossiping/M.1495046087.A.13F.html download to ptt/Gossiping/20209_10.txt, time: 4.460000
/bbs/Gossiping/M.1495046156.A.789.html download to ptt/Gossiping/20209_11.txt, time: 4.520000
/bbs/Gossiping/M.1495046355.A.D6D.html download to ptt/Gossiping/20209_12.txt, time: 4.700000
/bbs/Gossiping/M.1495046460.A.5D8.html download to ptt/Gossiping/20209_13.txt, time: 5.260000
/bbs/Gossiping/M.1495046475.A.F2D.html download to ptt/Gossiping/20209_14.txt, time: 7.050000
/bbs/Gossiping/M.1495046515.A.E4E.html download to ptt/Gossiping/20209_15.txt, time: 9.330000
/bbs/Gossiping/M.1495046557.A.E42.html download to ptt/Gossiping/20209_16.txt, time: 5.230000
/bbs/Gossiping/M.1495046699.A.808.html download to ptt/Gossiping/20209_17.txt, time: 7.060000
/bbs/Gossiping/M.1495046784.A.9E9.html download to ptt/Gossiping/20209_18.txt, time: 4.880000
/bbs/Gossiping/M.1495046941.A.C78.html download to ptt/Gossiping/20209_19.txt, time: 4.310000
page 20208
/bbs/Gossiping/M.1495044740.A.C25.html download to ptt/Gossiping/20208_0.txt, time: 7.940000
/bbs/Gossiping/M.1495044786.A.0C0.html download to ptt/Gossiping/20208_1.txt, time: 4.300000
/bbs/Gossiping/M.1495044801.A.190.html download to ptt/Gossiping/20208_2.txt, time: 4.590000
/bbs/Gossiping/M.1495044812.A.4B8.html download to ptt/Gossiping/20208_3.txt, time: 7.350000
/bbs/Gossiping/M.1495044817.A.1A8.html download to ptt/Gossiping/20208_4.txt, time: 7.090000
/bbs/Gossiping/M.1495044834.A.399.html download to ptt/Gossiping/20208_5.txt, time: 6.940000
/bbs/Gossiping/M.1495044881.A.A76.html download to ptt/Gossiping/20208_6.txt, time: 6.080000
/bbs/Gossiping/M.1495044957.A.21C.html download to ptt/Gossiping/20208_7.txt, time: 3.670000
/bbs/Gossiping/M.1495045034.A.359.html download to ptt/Gossiping/20208_8.txt, time: 3.920000
/bbs/Gossiping/M.1495045048.A.783.html download to ptt/Gossiping/20208_9.txt, time: 7.040000
/bbs/Gossiping/M.1495045065.A.E4E.html download to ptt/Gossiping/20208_10.txt, time: 5.800000
/bbs/Gossiping/M.1495045111.A.A2E.html download to ptt/Gossiping/20208_11.txt, time: 3.650000
/bbs/Gossiping/M.1495045176.A.F5D.html download to ptt/Gossiping/20208_12.txt, time: 3.910000
/bbs/Gossiping/M.1495045176.A.82A.html download to ptt/Gossiping/20208_13.txt, time: 6.990000
/bbs/Gossiping/M.1495045277.A.714.html download to ptt/Gossiping/20208_14.txt, time: 4.650000
/bbs/Gossiping/M.1495045306.A.6F8.html download to ptt/Gossiping/20208_15.txt, time: 4.670000
/bbs/Gossiping/M.1495045439.A.1E3.html download to ptt/Gossiping/20208_16.txt, time: 3.800000
/bbs/Gossiping/M.1495045549.A.3B2.html download to ptt/Gossiping/20208_17.txt, time: 2.970000
/bbs/Gossiping/M.1495045619.A.512.html download to ptt/Gossiping/20208_18.txt, time: 4.180000
/bbs/Gossiping/M.1495045634.A.6E6.html download to ptt/Gossiping/20208_19.txt, time: 4.030000
page 20207
/bbs/Gossiping/M.1495043665.A.EB0.html download to ptt/Gossiping/20207_0.txt, time: 4.850000
/bbs/Gossiping/M.1495043742.A.3A9.html download to ptt/Gossiping/20207_1.txt, time: 4.140000
/bbs/Gossiping/M.1495043812.A.C33.html download to ptt/Gossiping/20207_2.txt, time: 3.380000
/bbs/Gossiping/M.1495043842.A.FB4.html download to ptt/Gossiping/20207_3.txt, time: 4.670000
/bbs/Gossiping/M.1495043853.A.6B9.html download to ptt/Gossiping/20207_4.txt, time: 4.200000
/bbs/Gossiping/M.1495043854.A.846.html download to ptt/Gossiping/20207_5.txt, time: 3.160000
/bbs/Gossiping/M.1495043932.A.BCE.html download to ptt/Gossiping/20207_6.txt, time: 3.720000
/bbs/Gossiping/M.1495044046.A.DDF.html download to ptt/Gossiping/20207_7.txt, time: 3.290000
/bbs/Gossiping/M.1495044053.A.6EF.html download to ptt/Gossiping/20207_8.txt, time: 3.230000
/bbs/Gossiping/M.1495044107.A.33C.html download to ptt/Gossiping/20207_9.txt, time: 4.070000
/bbs/Gossiping/M.1495044128.A.AA0.html download to ptt/Gossiping/20207_10.txt, time: 6.690000
/bbs/Gossiping/M.1495044132.A.777.html download to ptt/Gossiping/20207_11.txt, time: 3.900000
/bbs/Gossiping/M.1495044333.A.78C.html download to ptt/Gossiping/20207_12.txt, time: 3.550000
/bbs/Gossiping/M.1495044343.A.F5D.html download to ptt/Gossiping/20207_13.txt, time: 4.720000
/bbs/Gossiping/M.1495044344.A.382.html download to ptt/Gossiping/20207_14.txt, time: 6.680000
/bbs/Gossiping/M.1495044370.A.AC0.html download to ptt/Gossiping/20207_15.txt, time: 5.310000
/bbs/Gossiping/M.1495044382.A.B6B.html download to ptt/Gossiping/20207_16.txt, time: 3.900000
/bbs/Gossiping/M.1495044465.A.9A2.html download to ptt/Gossiping/20207_17.txt, time: 3.570000
/bbs/Gossiping/M.1495044577.A.3D9.html download to ptt/Gossiping/20207_18.txt, time: 4.410000
/bbs/Gossiping/M.1495044705.A.3EA.html download to ptt/Gossiping/20207_19.txt, time: 4.910000
page 20206
/bbs/Gossiping/M.1495043108.A.DAE.html download to ptt/Gossiping/20206_0.txt, time: 4.650000
/bbs/Gossiping/M.1495043114.A.372.html download to ptt/Gossiping/20206_1.txt, time: 4.240000
/bbs/Gossiping/M.1495043124.A.74C.html download to ptt/Gossiping/20206_2.txt, time: 5.900000
/bbs/Gossiping/M.1495043135.A.5D5.html download to ptt/Gossiping/20206_3.txt, time: 4.990000
/bbs/Gossiping/M.1495043175.A.E2C.html download to ptt/Gossiping/20206_4.txt, time: 3.440000
/bbs/Gossiping/M.1495043249.A.3E6.html download to ptt/Gossiping/20206_5.txt, time: 5.240000
/bbs/Gossiping/M.1495043279.A.032.html download to ptt/Gossiping/20206_6.txt, time: 3.320000
/bbs/Gossiping/M.1495043311.A.E55.html download to ptt/Gossiping/20206_7.txt, time: 4.850000
/bbs/Gossiping/M.1495043325.A.384.html download to ptt/Gossiping/20206_8.txt, time: 4.580000
/bbs/Gossiping/M.1495043339.A.159.html download to ptt/Gossiping/20206_9.txt, time: 2.520000
/bbs/Gossiping/M.1495043363.A.32A.html download to ptt/Gossiping/20206_10.txt, time: 2.780000
/bbs/Gossiping/M.1495043398.A.87A.html download to ptt/Gossiping/20206_11.txt, time: 4.270000
/bbs/Gossiping/M.1495043408.A.D23.html download to ptt/Gossiping/20206_12.txt, time: 2.330000
/bbs/Gossiping/M.1495043416.A.82E.html download to ptt/Gossiping/20206_13.txt, time: 3.050000
/bbs/Gossiping/M.1495043459.A.0A4.html download to ptt/Gossiping/20206_14.txt, time: 2.910000
/bbs/Gossiping/M.1495043509.A.EE6.html download to ptt/Gossiping/20206_15.txt, time: 2.520000
/bbs/Gossiping/M.1495043520.A.8EA.html download to ptt/Gossiping/20206_16.txt, time: 4.340000
/bbs/Gossiping/M.1495043526.A.A0C.html download to ptt/Gossiping/20206_17.txt, time: 3.760000
/bbs/Gossiping/M.1495043555.A.770.html download to ptt/Gossiping/20206_18.txt, time: 3.120000
/bbs/Gossiping/M.1495043627.A.8DB.html download to ptt/Gossiping/20206_19.txt, time: 2.990000
time: 528.1018769741058 seconds
