page 20230
/bbs/Gossiping/M.1495075379.A.0DC.html download to ptt/Gossiping/20230_0.txt, time: 4.790000
/bbs/Gossiping/M.1495075394.A.8F2.html download to ptt/Gossiping/20230_1.txt, time: 5.600000
/bbs/Gossiping/M.1495075410.A.E55.html download to ptt/Gossiping/20230_2.txt, time: 6.330000
/bbs/Gossiping/M.1495075453.A.4D7.html download to ptt/Gossiping/20230_3.txt, time: 4.680000
/bbs/Gossiping/M.1495075458.A.968.html download to ptt/Gossiping/20230_4.txt, time: 5.760000
/bbs/Gossiping/M.1495075495.A.78F.html download to ptt/Gossiping/20230_5.txt, time: 7.310000
/bbs/Gossiping/M.1495075514.A.6A4.html download to ptt/Gossiping/20230_6.txt, time: 4.030000
/bbs/Gossiping/M.1495075532.A.5D6.html download to ptt/Gossiping/20230_7.txt, time: 4.690000
/bbs/Gossiping/M.1495075564.A.49F.html download to ptt/Gossiping/20230_8.txt, time: 5.080000
/bbs/Gossiping/M.1495075582.A.DB9.html download to ptt/Gossiping/20230_9.txt, time: 6.590000
/bbs/Gossiping/M.1495075603.A.368.html download to ptt/Gossiping/20230_10.txt, time: 6.570000
/bbs/Gossiping/M.1495075680.A.DBE.html download to ptt/Gossiping/20230_11.txt, time: 6.930000
/bbs/Gossiping/M.1495075699.A.E11.html download to ptt/Gossiping/20230_12.txt, time: 5.280000
/bbs/Gossiping/M.1495075714.A.D34.html download to ptt/Gossiping/20230_13.txt, time: 3.720000
/bbs/Gossiping/M.1495075739.A.A59.html download to ptt/Gossiping/20230_14.txt, time: 5.600000
/bbs/Gossiping/M.1495075791.A.B31.html download to ptt/Gossiping/20230_15.txt, time: 4.060000
/bbs/Gossiping/M.1495075797.A.9A6.html download to ptt/Gossiping/20230_16.txt, time: 5.140000
/bbs/Gossiping/M.1495075841.A.FA2.html download to ptt/Gossiping/20230_17.txt, time: 3.730000
/bbs/Gossiping/M.1495075931.A.087.html download to ptt/Gossiping/20230_18.txt, time: 5.330000
/bbs/Gossiping/M.1495075936.A.0FE.html download to ptt/Gossiping/20230_19.txt, time: 5.540000
page 20229
/bbs/Gossiping/M.1495074707.A.58A.html download to ptt/Gossiping/20229_0.txt, time: 3.690000
/bbs/Gossiping/M.1495074746.A.23E.html download to ptt/Gossiping/20229_1.txt, time: 4.490000
/bbs/Gossiping/M.1495074830.A.9C5.html download to ptt/Gossiping/20229_2.txt, time: 5.370000
/bbs/Gossiping/M.1495074853.A.5C7.html download to ptt/Gossiping/20229_3.txt, time: 5.170000
/bbs/Gossiping/M.1495074890.A.F8A.html download to ptt/Gossiping/20229_4.txt, time: 5.680000
/bbs/Gossiping/M.1495074928.A.666.html download to ptt/Gossiping/20229_5.txt, time: 4.630000
/bbs/Gossiping/M.1495074957.A.F0F.html download to ptt/Gossiping/20229_6.txt, time: 6.070000
/bbs/Gossiping/M.1495074967.A.9A8.html download to ptt/Gossiping/20229_7.txt, time: 5.480000
/bbs/Gossiping/M.1495074971.A.D7C.html download to ptt/Gossiping/20229_8.txt, time: 5.390000
/bbs/Gossiping/M.1495075043.A.62A.html download to ptt/Gossiping/20229_9.txt, time: 6.750000
/bbs/Gossiping/M.1495075113.A.D03.html download to ptt/Gossiping/20229_10.txt, time: 5.770000
/bbs/Gossiping/M.1495075139.A.9E5.html download to ptt/Gossiping/20229_11.txt, time: 6.750000
/bbs/Gossiping/M.1495075146.A.535.html download to ptt/Gossiping/20229_12.txt, time: 4.500000
/bbs/Gossiping/M.1495075159.A.864.html download to ptt/Gossiping/20229_13.txt, time: 3.290000
/bbs/Gossiping/M.1495075198.A.F1B.html download to ptt/Gossiping/20229_14.txt, time: 3.970000
/bbs/Gossiping/M.1495075200.A.363.html download to ptt/Gossiping/20229_15.txt, time: 6.280000
/bbs/Gossiping/M.1495075243.A.F56.html download to ptt/Gossiping/20229_16.txt, time: 5.850000
/bbs/Gossiping/M.1495075292.A.D6E.html download to ptt/Gossiping/20229_17.txt, time: 5.140000
/bbs/Gossiping/M.1495075292.A.B93.html download to ptt/Gossiping/20229_18.txt, time: 9.010000
/bbs/Gossiping/M.1495075317.A.11E.html download to ptt/Gossiping/20229_19.txt, time: 4.740000
page 20228
/bbs/Gossiping/M.1495074260.A.212.html download to ptt/Gossiping/20228_0.txt, time: 4.240000
/bbs/Gossiping/M.1495074260.A.5AF.html download to ptt/Gossiping/20228_1.txt, time: 6.370000
/bbs/Gossiping/M.1495074263.A.D92.htmlTraceback (most recent call last):
  File "/home/studentyl/anaconda3/lib/python3.6/site-packages/requests/packages/urllib3/connectionpool.py", line 600, in urlopen
    chunked=chunked)
  File "/home/studentyl/anaconda3/lib/python3.6/site-packages/requests/packages/urllib3/connectionpool.py", line 386, in _make_request
    six.raise_from(e, None)
  File "<string>", line 2, in raise_from
  File "/home/studentyl/anaconda3/lib/python3.6/site-packages/requests/packages/urllib3/connectionpool.py", line 382, in _make_request
    httplib_response = conn.getresponse()
  File "/home/studentyl/anaconda3/lib/python3.6/http/client.py", line 1331, in getresponse
    response.begin()
  File "/home/studentyl/anaconda3/lib/python3.6/http/client.py", line 297, in begin
    version, status, reason = self._read_status()
  File "/home/studentyl/anaconda3/lib/python3.6/http/client.py", line 266, in _read_status
    raise RemoteDisconnected("Remote end closed connection without"
http.client.RemoteDisconnected: Remote end closed connection without response

During handling of the above exception, another exception occurred:

Traceback (most recent call last):
  File "/home/studentyl/anaconda3/lib/python3.6/site-packages/requests/adapters.py", line 438, in send
    timeout=timeout
  File "/home/studentyl/anaconda3/lib/python3.6/site-packages/requests/packages/urllib3/connectionpool.py", line 649, in urlopen
    _stacktrace=sys.exc_info()[2])
  File "/home/studentyl/anaconda3/lib/python3.6/site-packages/requests/packages/urllib3/util/retry.py", line 357, in increment
    raise six.reraise(type(error), error, _stacktrace)
  File "/home/studentyl/anaconda3/lib/python3.6/site-packages/requests/packages/urllib3/packages/six.py", line 685, in reraise
    raise value.with_traceback(tb)
  File "/home/studentyl/anaconda3/lib/python3.6/site-packages/requests/packages/urllib3/connectionpool.py", line 600, in urlopen
    chunked=chunked)
  File "/home/studentyl/anaconda3/lib/python3.6/site-packages/requests/packages/urllib3/connectionpool.py", line 386, in _make_request
    six.raise_from(e, None)
  File "<string>", line 2, in raise_from
  File "/home/studentyl/anaconda3/lib/python3.6/site-packages/requests/packages/urllib3/connectionpool.py", line 382, in _make_request
    httplib_response = conn.getresponse()
  File "/home/studentyl/anaconda3/lib/python3.6/http/client.py", line 1331, in getresponse
    response.begin()
  File "/home/studentyl/anaconda3/lib/python3.6/http/client.py", line 297, in begin
    version, status, reason = self._read_status()
  File "/home/studentyl/anaconda3/lib/python3.6/http/client.py", line 266, in _read_status
    raise RemoteDisconnected("Remote end closed connection without"
requests.packages.urllib3.exceptions.ProtocolError: ('Connection aborted.', RemoteDisconnected('Remote end closed connection without response',))

During handling of the above exception, another exception occurred:

Traceback (most recent call last):
  File "./crawler.py", line 177, in <module>
    main(sys.argv[1:])
  File "./crawler.py", line 158, in main
    downloadForum(forumName, startPage, pages)
  File "./crawler.py", line 140, in downloadForum
    downloadPage(str(articleCount), forumName, pageNum, 'https://www.ptt.cc'+link)
  File "./crawler.py", line 82, in downloadPage
    pageText = getPageText(link)
  File "./crawler.py", line 13, in getPageText
    pageText=requests.get(link, cookies={'over18':'1'}).text
  File "/home/studentyl/anaconda3/lib/python3.6/site-packages/requests/api.py", line 72, in get
    return request('get', url, params=params, **kwargs)
  File "/home/studentyl/anaconda3/lib/python3.6/site-packages/requests/api.py", line 58, in request
    return session.request(method=method, url=url, **kwargs)
  File "/home/studentyl/anaconda3/lib/python3.6/site-packages/requests/sessions.py", line 518, in request
    resp = self.send(prep, **send_kwargs)
  File "/home/studentyl/anaconda3/lib/python3.6/site-packages/requests/sessions.py", line 639, in send
    r = adapter.send(request, **kwargs)
  File "/home/studentyl/anaconda3/lib/python3.6/site-packages/requests/adapters.py", line 488, in send
    raise ConnectionError(err, request=request)
requests.exceptions.ConnectionError: ('Connection aborted.', RemoteDisconnected('Remote end closed connection without response',))
