page 20240
/bbs/Gossiping/M.1495080820.A.D5D.html download to ptt/Gossiping/20240_0.txt, time: 8.320000
/bbs/Gossiping/M.1495080833.A.7DF.html download to ptt/Gossiping/20240_1.txt, time: 6.610000
/bbs/Gossiping/M.1495080885.A.92E.html download to ptt/Gossiping/20240_2.txt, time: 5.000000
/bbs/Gossiping/M.1495080894.A.384.html download to ptt/Gossiping/20240_3.txt, time: 5.710000
/bbs/Gossiping/M.1495080903.A.BF5.html download to ptt/Gossiping/20240_4.txt, time: 3.670000
/bbs/Gossiping/M.1495080935.A.2D4.html download to ptt/Gossiping/20240_5.txt, time: 4.760000
/bbs/Gossiping/M.1495081000.A.477.html download to ptt/Gossiping/20240_6.txt, time: 4.510000
/bbs/Gossiping/M.1495081012.A.749.html download to ptt/Gossiping/20240_7.txt, time: 9.490000
/bbs/Gossiping/M.1495081014.A.F1A.html download to ptt/Gossiping/20240_8.txt, time: 3.540000
/bbs/Gossiping/M.1495081057.A.A5C.html download to ptt/Gossiping/20240_9.txt, time: 5.930000
/bbs/Gossiping/M.1495081061.A.1E0.html download to ptt/Gossiping/20240_10.txt, time: 4.680000
/bbs/Gossiping/M.1495081067.A.460.html download to ptt/Gossiping/20240_11.txt, time: 5.480000
/bbs/Gossiping/M.1495081100.A.605.html download to ptt/Gossiping/20240_12.txt, time: 2.960000
/bbs/Gossiping/M.1495081102.A.2A3.html download to ptt/Gossiping/20240_13.txt, time: 3.580000
/bbs/Gossiping/M.1495081117.A.F2F.html download to ptt/Gossiping/20240_14.txt, time: 5.980000
/bbs/Gossiping/M.1495081121.A.C6D.html download to ptt/Gossiping/20240_15.txt, time: 4.990000
/bbs/Gossiping/M.1495081124.A.A6E.html download to ptt/Gossiping/20240_16.txt, time: 6.450000
/bbs/Gossiping/M.1495081136.A.ECF.html download to ptt/Gossiping/20240_17.txt, time: 5.170000
/bbs/Gossiping/M.1495081175.A.01F.html download to ptt/Gossiping/20240_18.txt, time: 5.140000
/bbs/Gossiping/M.1495081180.A.522.html download to ptt/Gossiping/20240_19.txt, time: 6.490000
page 20239
/bbs/Gossiping/M.1495080245.A.025.html download to ptt/Gossiping/20239_0.txt, time: 6.310000
/bbs/Gossiping/M.1495080264.A.0EE.html download to ptt/Gossiping/20239_1.txt, time: 7.310000
/bbs/Gossiping/M.1495080284.A.97F.html download to ptt/Gossiping/20239_2.txt, time: 4.460000
/bbs/Gossiping/M.1495080322.A.E93.html download to ptt/Gossiping/20239_3.txt, time: 4.810000
/bbs/Gossiping/M.1495080433.A.7BB.html download to ptt/Gossiping/20239_4.txt, time: 4.460000
/bbs/Gossiping/M.1495080483.A.E94.html download to ptt/Gossiping/20239_5.txt, time: 3.510000
/bbs/Gossiping/M.1495080516.A.3A3.html download to ptt/Gossiping/20239_6.txt, time: 3.780000
/bbs/Gossiping/M.1495080525.A.C4F.html download to ptt/Gossiping/20239_7.txt, time: 3.530000
/bbs/Gossiping/M.1495080563.A.14C.html download to ptt/Gossiping/20239_8.txt, time: 4.520000
/bbs/Gossiping/M.1495080574.A.3AA.html download to ptt/Gossiping/20239_9.txt, time: 6.810000
/bbs/Gossiping/M.1495080585.A.5F0.html download to ptt/Gossiping/20239_10.txt, time: 4.820000
/bbs/Gossiping/M.1495080614.A.A22.html download to ptt/Gossiping/20239_11.txt, time: 5.430000
/bbs/Gossiping/M.1495080619.A.486.html download to ptt/Gossiping/20239_12.txt, time: 4.420000
/bbs/Gossiping/M.1495080653.A.430.html download to ptt/Gossiping/20239_13.txt, time: 4.650000
/bbs/Gossiping/M.1495080697.A.982.html download to ptt/Gossiping/20239_14.txt, time: 12.820000
/bbs/Gossiping/M.1495080717.A.991.html download to ptt/Gossiping/20239_15.txt, time: 10.120000
/bbs/Gossiping/M.1495080725.A.559.html download to ptt/Gossiping/20239_16.txt, time: 12.100000
/bbs/Gossiping/M.1495080726.A.AF8.html download to ptt/Gossiping/20239_17.txt, time: 14.590000
/bbs/Gossiping/M.1495080779.A.1E3.html download to ptt/Gossiping/20239_18.txt, time: 10.930000
/bbs/Gossiping/M.1495080792.A.7C6.html download to ptt/Gossiping/20239_19.txt, time: 5.450000
page 20238
/bbs/Gossiping/M.1495079561.A.3D9.html download to ptt/Gossiping/20238_0.txt, time: 3.770000
/bbs/Gossiping/M.1495079625.A.78F.html download to ptt/Gossiping/20238_1.txt, time: 4.540000
/bbs/Gossiping/M.1495079662.A.F3A.html download to ptt/Gossiping/20238_2.txt, time: 4.880000
/bbs/Gossiping/M.1495079753.A.80F.html download to ptt/Gossiping/20238_3.txt, time: 5.950000
/bbs/Gossiping/M.1495079778.A.ABD.html download to ptt/Gossiping/20238_4.txt, time: 6.770000
/bbs/Gossiping/M.1495079819.A.26A.html download to ptt/Gossiping/20238_5.txt, time: 5.710000
/bbs/Gossiping/M.1495079840.A.223.html download to ptt/Gossiping/20238_6.txt, time: 4.060000
/bbs/Gossiping/M.1495079884.A.43E.html download to ptt/Gossiping/20238_7.txt, time: 3.790000
/bbs/Gossiping/M.1495079980.A.739.html download to ptt/Gossiping/20238_8.txt, time: 3.630000
/bbs/Gossiping/M.1495080023.A.7E7.html download to ptt/Gossiping/20238_9.txt, time: 3.850000
/bbs/Gossiping/M.1495080041.A.B12.html download to ptt/Gossiping/20238_10.txt, time: 4.400000
/bbs/Gossiping/M.1495080049.A.786.html download to ptt/Gossiping/20238_11.txt, time: 2.920000
/bbs/Gossiping/M.1495080066.A.E89.html download to ptt/Gossiping/20238_12.txt, time: 5.030000
/bbs/Gossiping/M.1495080111.A.BBE.html download to ptt/Gossiping/20238_13.txt, time: 4.710000
/bbs/Gossiping/M.1495080114.A.C4F.html download to ptt/Gossiping/20238_14.txt, time: 3.930000
/bbs/Gossiping/M.1495080143.A.8D8.html download to ptt/Gossiping/20238_15.txt, time: 5.170000
/bbs/Gossiping/M.1495080150.A.1D9.html download to ptt/Gossiping/20238_16.txt, time: 4.790000
/bbs/Gossiping/M.1495080158.A.401.html download to ptt/Gossiping/20238_17.txt, time: 4.010000
/bbs/Gossiping/M.1495080187.A.8FA.html download to ptt/Gossiping/20238_18.txt, time: 4.550000
/bbs/Gossiping/M.1495080241.A.C9C.html download to ptt/Gossiping/20238_19.txt, time: 4.170000
page 20237
/bbs/Gossiping/M.1495078931.A.243.html download to ptt/Gossiping/20237_0.txt, time: 5.260000
/bbs/Gossiping/M.1495078935.A.3EF.html download to ptt/Gossiping/20237_1.txt, time: 3.120000
/bbs/Gossiping/M.1495079001.A.DFF.html download to ptt/Gossiping/20237_2.txt, time: 5.300000
/bbs/Gossiping/M.1495079014.A.0FF.html download to ptt/Gossiping/20237_3.txt, time: 4.060000
/bbs/Gossiping/M.1495079016.A.6B4.html download to ptt/Gossiping/20237_4.txt, time: 3.960000
/bbs/Gossiping/M.1495079034.A.7C2.html download to ptt/Gossiping/20237_5.txt, time: 5.370000
/bbs/Gossiping/M.1495079081.A.058.html download to ptt/Gossiping/20237_6.txt, time: 3.910000
/bbs/Gossiping/M.1495079135.A.09B.html download to ptt/Gossiping/20237_7.txt, time: 3.920000
/bbs/Gossiping/M.1495079145.A.C9F.html download to ptt/Gossiping/20237_8.txt, time: 5.320000
/bbs/Gossiping/M.1495079187.A.F44.html download to ptt/Gossiping/20237_9.txt, time: 5.860000
/bbs/Gossiping/M.1495079205.A.45F.html download to ptt/Gossiping/20237_10.txt, time: 5.920000
/bbs/Gossiping/M.1495079285.A.5F2.html download to ptt/Gossiping/20237_11.txt, time: 4.950000
/bbs/Gossiping/M.1495079419.A.14E.html download to ptt/Gossiping/20237_12.txt, time: 4.610000
/bbs/Gossiping/M.1495079434.A.D9B.html download to ptt/Gossiping/20237_13.txt, time: 4.810000
/bbs/Gossiping/M.1495079474.A.CA1.html download to ptt/Gossiping/20237_14.txt, time: 3.360000
/bbs/Gossiping/M.1495079505.A.89C.html download to ptt/Gossiping/20237_15.txt, time: 5.320000
/bbs/Gossiping/M.1495079522.A.112.html download to ptt/Gossiping/20237_16.txt, time: 3.330000
/bbs/Gossiping/M.1495079538.A.D54.html download to ptt/Gossiping/20237_17.txt, time: 3.600000
/bbs/Gossiping/M.1495079549.A.3A1.html download to ptt/Gossiping/20237_18.txt, time: 2.880000
/bbs/Gossiping/M.1495079552.A.3EB.html download to ptt/Gossiping/20237_19.txt, time: 4.450000
page 20236
/bbs/Gossiping/M.1495078398.A.555.html download to ptt/Gossiping/20236_0.txt, time: 5.460000
/bbs/Gossiping/M.1495078400.A.A97.html download to ptt/Gossiping/20236_1.txt, time: 3.860000
/bbs/Gossiping/M.1495078425.A.634.html download to ptt/Gossiping/20236_2.txt, time: 4.360000
/bbs/Gossiping/M.1495078432.A.887.html download to ptt/Gossiping/20236_3.txt, time: 2.880000
/bbs/Gossiping/M.1495078442.A.572.html download to ptt/Gossiping/20236_4.txt, time: 3.020000
/bbs/Gossiping/M.1495078460.A.EFC.html download to ptt/Gossiping/20236_5.txt, time: 3.590000
/bbs/Gossiping/M.1495078463.A.CED.html download to ptt/Gossiping/20236_6.txt, time: 3.770000
/bbs/Gossiping/M.1495078489.A.938.html download to ptt/Gossiping/20236_7.txt, time: 2.780000
/bbs/Gossiping/M.1495078504.A.304.html download to ptt/Gossiping/20236_8.txt, time: 2.410000
/bbs/Gossiping/M.1495078527.A.F91.html download to ptt/Gossiping/20236_9.txt, time: 2.530000
/bbs/Gossiping/M.1495078570.A.DEF.html download to ptt/Gossiping/20236_10.txt, time: 3.300000
/bbs/Gossiping/M.1495078579.A.C1F.html download to ptt/Gossiping/20236_11.txt, time: 6.900000
/bbs/Gossiping/M.1495078617.A.3FD.html download to ptt/Gossiping/20236_12.txt, time: 3.990000
/bbs/Gossiping/M.1495078619.A.5F1.html download to ptt/Gossiping/20236_13.txt, time: 2.440000
/bbs/Gossiping/M.1495078621.A.76B.html download to ptt/Gossiping/20236_14.txt, time: 2.230000
/bbs/Gossiping/M.1495078681.A.847.html download to ptt/Gossiping/20236_15.txt, time: 3.540000
/bbs/Gossiping/M.1495078749.A.D11.html download to ptt/Gossiping/20236_16.txt, time: 3.530000
/bbs/Gossiping/M.1495078751.A.D0E.html download to ptt/Gossiping/20236_17.txt, time: 1.020000
/bbs/Gossiping/M.1495078762.A.FCA.html download to ptt/Gossiping/20236_18.txt, time: 0.920000
/bbs/Gossiping/M.1495078814.A.61D.html download to ptt/Gossiping/20236_19.txt, time: 0.990000
time: 540.1394534111023 seconds
