page 20250
/bbs/Gossiping/M.1495084913.A.AC6.html download to ptt/Gossiping/20250_0.txt, time: 4.840000
/bbs/Gossiping/M.1495084920.A.EF0.html download to ptt/Gossiping/20250_1.txt, time: 4.170000
/bbs/Gossiping/M.1495084949.A.73C.html download to ptt/Gossiping/20250_2.txt, time: 4.670000
/bbs/Gossiping/M.1495084961.A.692.html download to ptt/Gossiping/20250_3.txt, time: 4.000000
/bbs/Gossiping/M.1495084962.A.F22.html download to ptt/Gossiping/20250_4.txt, time: 4.350000
/bbs/Gossiping/M.1495085023.A.A4B.html download to ptt/Gossiping/20250_5.txt, time: 4.090000
/bbs/Gossiping/M.1495085039.A.DC3.html download to ptt/Gossiping/20250_6.txt, time: 6.750000
/bbs/Gossiping/M.1495085088.A.4B8.html download to ptt/Gossiping/20250_7.txt, time: 6.480000
/bbs/Gossiping/M.1495085141.A.EC2.html download to ptt/Gossiping/20250_8.txt, time: 4.530000
/bbs/Gossiping/M.1495085183.A.ECB.html download to ptt/Gossiping/20250_9.txt, time: 4.880000
/bbs/Gossiping/M.1495085251.A.1A4.html download to ptt/Gossiping/20250_10.txt, time: 3.980000
/bbs/Gossiping/M.1495085257.A.0EF.html download to ptt/Gossiping/20250_11.txt, time: 2.960000
/bbs/Gossiping/M.1495085270.A.329.html download to ptt/Gossiping/20250_12.txt, time: 4.350000
/bbs/Gossiping/M.1495085295.A.7BC.html download to ptt/Gossiping/20250_13.txt, time: 4.960000
/bbs/Gossiping/M.1495085317.A.021.html download to ptt/Gossiping/20250_14.txt, time: 4.630000
/bbs/Gossiping/M.1495085352.A.723.html download to ptt/Gossiping/20250_15.txt, time: 6.930000
/bbs/Gossiping/M.1495085353.A.F1B.html download to ptt/Gossiping/20250_16.txt, time: 5.040000
/bbs/Gossiping/M.1495085397.A.B86.html download to ptt/Gossiping/20250_17.txt, time: 4.720000
/bbs/Gossiping/M.1495085399.A.77E.html download to ptt/Gossiping/20250_18.txt, time: 5.470000
/bbs/Gossiping/M.1495085427.A.E21.html download to ptt/Gossiping/20250_19.txt, time: 4.000000
page 20249
/bbs/Gossiping/M.1495084410.A.BD0.html download to ptt/Gossiping/20249_0.txt, time: 3.680000
/bbs/Gossiping/M.1495084435.A.4BC.html download to ptt/Gossiping/20249_1.txt, time: 4.890000
/bbs/Gossiping/M.1495084445.A.481.html download to ptt/Gossiping/20249_2.txt, time: 6.270000
/bbs/Gossiping/M.1495084502.A.D7D.html download to ptt/Gossiping/20249_3.txt, time: 4.320000
/bbs/Gossiping/M.1495084507.A.930.html download to ptt/Gossiping/20249_4.txt, time: 4.420000
/bbs/Gossiping/M.1495084543.A.CB9.html download to ptt/Gossiping/20249_5.txt, time: 2.880000
/bbs/Gossiping/M.1495084551.A.2B6.html download to ptt/Gossiping/20249_6.txt, time: 5.220000
/bbs/Gossiping/M.1495084566.A.BD5.html download to ptt/Gossiping/20249_7.txt, time: 5.830000
/bbs/Gossiping/M.1495084593.A.637.html download to ptt/Gossiping/20249_8.txt, time: 4.340000
/bbs/Gossiping/M.1495084593.A.D02.html download to ptt/Gossiping/20249_9.txt, time: 6.190000
/bbs/Gossiping/M.1495084596.A.D5B.html download to ptt/Gossiping/20249_10.txt, time: 4.840000
/bbs/Gossiping/M.1495084603.A.C1A.html download to ptt/Gossiping/20249_11.txt, time: 4.050000
/bbs/Gossiping/M.1495084615.A.A2F.html download to ptt/Gossiping/20249_12.txt, time: 6.260000
/bbs/Gossiping/M.1495084663.A.DCB.html download to ptt/Gossiping/20249_13.txt, time: 4.510000
/bbs/Gossiping/M.1495084698.A.6C9.html download to ptt/Gossiping/20249_14.txt, time: 4.770000
/bbs/Gossiping/M.1495084710.A.030.html download to ptt/Gossiping/20249_15.txt, time: 7.280000
/bbs/Gossiping/M.1495084727.A.24E.html download to ptt/Gossiping/20249_16.txt, time: 4.890000
/bbs/Gossiping/M.1495084730.A.5A6.html download to ptt/Gossiping/20249_17.txt, time: 5.880000
/bbs/Gossiping/M.1495084817.A.5F7.html download to ptt/Gossiping/20249_18.txt, time: 4.400000
/bbs/Gossiping/M.1495084862.A.836.html download to ptt/Gossiping/20249_19.txt, time: 6.200000
page 20248
/bbs/Gossiping/M.1495083931.A.FA4.html download to ptt/Gossiping/20248_0.txt, time: 9.370000
/bbs/Gossiping/M.1495083936.A.3D0.html download to ptt/Gossiping/20248_1.txt, time: 9.900000
/bbs/Gossiping/M.1495083937.A.C64.html download to ptt/Gossiping/20248_2.txt, time: 6.060000
/bbs/Gossiping/M.1495083948.A.3A9.html download to ptt/Gossiping/20248_3.txt, time: 8.930000
/bbs/Gossiping/M.1495083987.A.B6F.html download to ptt/Gossiping/20248_4.txt, time: 5.670000
/bbs/Gossiping/M.1495084000.A.AA9.html download to ptt/Gossiping/20248_5.txt, time: 5.930000
/bbs/Gossiping/M.1495084014.A.C89.html download to ptt/Gossiping/20248_6.txt, time: 4.730000
/bbs/Gossiping/M.1495084024.A.8E7.html download to ptt/Gossiping/20248_7.txt, time: 4.720000
/bbs/Gossiping/M.1495084091.A.A89.html download to ptt/Gossiping/20248_8.txt, time: 12.250000
/bbs/Gossiping/M.1495084120.A.0FD.html download to ptt/Gossiping/20248_9.txt, time: 6.810000
/bbs/Gossiping/M.1495084167.A.B99.html download to ptt/Gossiping/20248_10.txt, time: 6.990000
/bbs/Gossiping/M.1495084185.A.4E5.html download to ptt/Gossiping/20248_11.txt, time: 4.290000
/bbs/Gossiping/M.1495084193.A.F88.html download to ptt/Gossiping/20248_12.txt, time: 4.820000
/bbs/Gossiping/M.1495084210.A.D45.html download to ptt/Gossiping/20248_13.txt, time: 4.130000
/bbs/Gossiping/M.1495084220.A.EE6.html download to ptt/Gossiping/20248_14.txt, time: 3.570000
/bbs/Gossiping/M.1495084255.A.4DD.html download to ptt/Gossiping/20248_15.txt, time: 3.730000
/bbs/Gossiping/M.1495084320.A.440.html download to ptt/Gossiping/20248_16.txt, time: 4.150000
/bbs/Gossiping/M.1495084345.A.60A.html download to ptt/Gossiping/20248_17.txt, time: 3.360000
/bbs/Gossiping/M.1495084364.A.958.html download to ptt/Gossiping/20248_18.txt, time: 2.890000
/bbs/Gossiping/M.1495084404.A.C4D.html download to ptt/Gossiping/20248_19.txt, time: 4.010000
page 20247
/bbs/Gossiping/M.1495083446.A.A58.html download to ptt/Gossiping/20247_0.txt, time: 3.990000
/bbs/Gossiping/M.1495083448.A.FA5.html download to ptt/Gossiping/20247_1.txt, time: 4.680000
/bbs/Gossiping/M.1495083487.A.93A.html download to ptt/Gossiping/20247_2.txt, time: 4.330000
/bbs/Gossiping/M.1495083506.A.4C8.html download to ptt/Gossiping/20247_3.txt, time: 4.350000
/bbs/Gossiping/M.1495083527.A.721.html download to ptt/Gossiping/20247_4.txt, time: 4.370000
/bbs/Gossiping/M.1495083546.A.887.html download to ptt/Gossiping/20247_5.txt, time: 4.350000
/bbs/Gossiping/M.1495083547.A.FB8.html download to ptt/Gossiping/20247_6.txt, time: 4.060000
/bbs/Gossiping/M.1495083585.A.CC2.html download to ptt/Gossiping/20247_7.txt, time: 4.030000
/bbs/Gossiping/M.1495083590.A.45F.html download to ptt/Gossiping/20247_8.txt, time: 3.200000
/bbs/Gossiping/M.1495083601.A.36F.html download to ptt/Gossiping/20247_9.txt, time: 4.440000
/bbs/Gossiping/M.1495083608.A.58D.html download to ptt/Gossiping/20247_10.txt, time: 4.020000
/bbs/Gossiping/M.1495083685.A.CBC.html download to ptt/Gossiping/20247_11.txt, time: 5.350000
/bbs/Gossiping/M.1495083720.A.0F4.html download to ptt/Gossiping/20247_12.txt, time: 5.730000
/bbs/Gossiping/M.1495083739.A.845.html download to ptt/Gossiping/20247_13.txt, time: 4.770000
/bbs/Gossiping/M.1495083742.A.4F8.html download to ptt/Gossiping/20247_14.txt, time: 3.990000
/bbs/Gossiping/M.1495083776.A.068.html download to ptt/Gossiping/20247_15.txt, time: 3.690000
/bbs/Gossiping/M.1495083806.A.D5D.html download to ptt/Gossiping/20247_16.txt, time: 5.740000
/bbs/Gossiping/M.1495083813.A.3F1.html download to ptt/Gossiping/20247_17.txt, time: 3.460000
/bbs/Gossiping/M.1495083814.A.AD1.html download to ptt/Gossiping/20247_18.txt, time: 4.010000
/bbs/Gossiping/M.1495083898.A.B4B.html download to ptt/Gossiping/20247_19.txt, time: 2.820000
page 20246
/bbs/Gossiping/M.1495082996.A.2ED.html download to ptt/Gossiping/20246_0.txt, time: 3.180000
/bbs/Gossiping/M.1495083005.A.321.html download to ptt/Gossiping/20246_1.txt, time: 3.410000
/bbs/Gossiping/M.1495083022.A.DE8.html download to ptt/Gossiping/20246_2.txt, time: 3.350000
/bbs/Gossiping/M.1495083027.A.8E8.html download to ptt/Gossiping/20246_3.txt, time: 2.910000
/bbs/Gossiping/M.1495083037.A.6BF.html download to ptt/Gossiping/20246_4.txt, time: 4.100000
/bbs/Gossiping/M.1495083052.A.B9B.html download to ptt/Gossiping/20246_5.txt, time: 3.650000
/bbs/Gossiping/M.1495083085.A.FE1.html download to ptt/Gossiping/20246_6.txt, time: 2.070000
/bbs/Gossiping/M.1495083085.A.0DA.html download to ptt/Gossiping/20246_7.txt, time: 3.420000
/bbs/Gossiping/M.1495083089.A.CD2.html download to ptt/Gossiping/20246_8.txt, time: 3.780000
/bbs/Gossiping/M.1495083100.A.61A.html download to ptt/Gossiping/20246_9.txt, time: 2.470000
/bbs/Gossiping/M.1495083103.A.497.html download to ptt/Gossiping/20246_10.txt, time: 3.770000
/bbs/Gossiping/M.1495083204.A.AB3.html download to ptt/Gossiping/20246_11.txt, time: 4.360000
/bbs/Gossiping/M.1495083208.A.93F.html download to ptt/Gossiping/20246_12.txt, time: 2.920000
/bbs/Gossiping/M.1495083333.A.7AD.html download to ptt/Gossiping/20246_13.txt, time: 2.560000
/bbs/Gossiping/M.1495083336.A.F19.html download to ptt/Gossiping/20246_14.txt, time: 2.600000
/bbs/Gossiping/M.1495083347.A.7F6.html download to ptt/Gossiping/20246_15.txt, time: 4.920000
/bbs/Gossiping/M.1495083366.A.CFB.html download to ptt/Gossiping/20246_16.txt, time: 2.450000
/bbs/Gossiping/M.1495083383.A.5DB.html download to ptt/Gossiping/20246_17.txt, time: 8.330000
/bbs/Gossiping/M.1495083423.A.1B9.html download to ptt/Gossiping/20246_18.txt, time: 2.830000
/bbs/Gossiping/M.1495083444.A.5C7.html download to ptt/Gossiping/20246_19.txt, time: 1.840000
time: 532.5028622150421 seconds
