page 20270
/bbs/Gossiping/M.1495094557.A.D47.html download to ptt/Gossiping/20270_0.txt, time: 6.630000
/bbs/Gossiping/M.1495094560.A.26C.html download to ptt/Gossiping/20270_1.txt, time: 4.500000
/bbs/Gossiping/M.1495094570.A.29E.html download to ptt/Gossiping/20270_2.txt, time: 4.060000
/bbs/Gossiping/M.1495094651.A.AEF.html download to ptt/Gossiping/20270_3.txt, time: 4.050000
/bbs/Gossiping/M.1495094668.A.536.html download to ptt/Gossiping/20270_4.txt, time: 4.250000
/bbs/Gossiping/M.1495094669.A.540.html download to ptt/Gossiping/20270_5.txt, time: 4.150000
/bbs/Gossiping/M.1495094671.A.C03.html download to ptt/Gossiping/20270_6.txt, time: 6.550000
/bbs/Gossiping/M.1495094700.A.D90.html download to ptt/Gossiping/20270_7.txt, time: 6.820000
/bbs/Gossiping/M.1495094711.A.0A1.html download to ptt/Gossiping/20270_8.txt, time: 4.370000
/bbs/Gossiping/M.1495094779.A.6F0.html download to ptt/Gossiping/20270_9.txt, time: 5.540000
/bbs/Gossiping/M.1495094819.A.601.html download to ptt/Gossiping/20270_10.txt, time: 4.790000
/bbs/Gossiping/M.1495094831.A.41B.html download to ptt/Gossiping/20270_11.txt, time: 4.140000
/bbs/Gossiping/M.1495094862.A.F3C.html download to ptt/Gossiping/20270_12.txt, time: 4.350000
/bbs/Gossiping/M.1495094906.A.6E0.html download to ptt/Gossiping/20270_13.txt, time: 3.410000
/bbs/Gossiping/M.1495094956.A.FD3.html download to ptt/Gossiping/20270_14.txt, time: 4.130000
/bbs/Gossiping/M.1495094984.A.131.html download to ptt/Gossiping/20270_15.txt, time: 5.180000
/bbs/Gossiping/M.1495094999.A.5DE.html download to ptt/Gossiping/20270_16.txt, time: 6.440000
/bbs/Gossiping/M.1495095002.A.3A1.html download to ptt/Gossiping/20270_17.txt, time: 5.730000
/bbs/Gossiping/M.1495095004.A.00E.html download to ptt/Gossiping/20270_18.txt, time: 4.020000
/bbs/Gossiping/M.1495095017.A.214.html download to ptt/Gossiping/20270_19.txt, time: 4.960000
page 20269
/bbs/Gossiping/M.1495093921.A.235.html download to ptt/Gossiping/20269_0.txt, time: 5.220000
/bbs/Gossiping/M.1495094050.A.414.html download to ptt/Gossiping/20269_1.txt, time: 5.170000
/bbs/Gossiping/M.1495094160.A.33D.html download to ptt/Gossiping/20269_2.txt, time: 6.640000
/bbs/Gossiping/M.1495094191.A.7B9.html download to ptt/Gossiping/20269_3.txt, time: 4.710000
/bbs/Gossiping/M.1495094249.A.B4D.html download to ptt/Gossiping/20269_4.txt, time: 4.450000
/bbs/Gossiping/M.1495094249.A.BD2.html download to ptt/Gossiping/20269_5.txt, time: 4.820000
/bbs/Gossiping/M.1495094250.A.60E.html download to ptt/Gossiping/20269_6.txt, time: 4.710000
/bbs/Gossiping/M.1495094308.A.7E1.html download to ptt/Gossiping/20269_7.txt, time: 4.840000
/bbs/Gossiping/M.1495094336.A.2EC.html download to ptt/Gossiping/20269_8.txt, time: 6.140000
/bbs/Gossiping/M.1495094354.A.1AF.html download to ptt/Gossiping/20269_9.txt, time: 4.950000
/bbs/Gossiping/M.1495094360.A.47C.html download to ptt/Gossiping/20269_10.txt, time: 4.100000
/bbs/Gossiping/M.1495094367.A.816.html download to ptt/Gossiping/20269_11.txt, time: 5.160000
/bbs/Gossiping/M.1495094382.A.A90.html download to ptt/Gossiping/20269_12.txt, time: 4.460000
/bbs/Gossiping/M.1495094385.A.F91.html download to ptt/Gossiping/20269_13.txt, time: 4.670000
/bbs/Gossiping/M.1495094408.A.475.html download to ptt/Gossiping/20269_14.txt, time: 6.020000
/bbs/Gossiping/M.1495094453.A.1C3.html download to ptt/Gossiping/20269_15.txt, time: 6.250000
/bbs/Gossiping/M.1495094495.A.D9B.html download to ptt/Gossiping/20269_16.txt, time: 5.310000
/bbs/Gossiping/M.1495094503.A.FC5.html download to ptt/Gossiping/20269_17.txt, time: 7.410000
/bbs/Gossiping/M.1495094527.A.75B.html download to ptt/Gossiping/20269_18.txt, time: 6.970000
/bbs/Gossiping/M.1495094553.A.2BE.html download to ptt/Gossiping/20269_19.txt, time: 12.140000
page 20268
/bbs/Gossiping/M.1495093332.A.5D9.html download to ptt/Gossiping/20268_0.txt, time: 4.160000
/bbs/Gossiping/M.1495093338.A.A5F.html download to ptt/Gossiping/20268_1.txt, time: 9.700000
/bbs/Gossiping/M.1495093344.A.6F2.html download to ptt/Gossiping/20268_2.txt, time: 11.900000
/bbs/Gossiping/M.1495093348.A.6C6.html download to ptt/Gossiping/20268_3.txt, time: 8.650000
/bbs/Gossiping/M.1495093350.A.5E1.html download to ptt/Gossiping/20268_4.txt, time: 8.080000
/bbs/Gossiping/M.1495093355.A.AA8.html download to ptt/Gossiping/20268_5.txt, time: 6.610000
/bbs/Gossiping/M.1495093356.A.9A7.html download to ptt/Gossiping/20268_6.txt, time: 9.200000
/bbs/Gossiping/M.1495093404.A.682.html download to ptt/Gossiping/20268_7.txt, time: 6.230000
/bbs/Gossiping/M.1495093468.A.537.html download to ptt/Gossiping/20268_8.txt, time: 3.780000
/bbs/Gossiping/M.1495093513.A.AC5.html download to ptt/Gossiping/20268_9.txt, time: 5.080000
/bbs/Gossiping/M.1495093526.A.A30.html download to ptt/Gossiping/20268_10.txt, time: 4.310000
/bbs/Gossiping/M.1495093535.A.BE6.html download to ptt/Gossiping/20268_11.txt, time: 3.550000
/bbs/Gossiping/M.1495093694.A.9CB.html download to ptt/Gossiping/20268_12.txt, time: 3.450000
/bbs/Gossiping/M.1495093703.A.808.html download to ptt/Gossiping/20268_13.txt, time: 3.700000
/bbs/Gossiping/M.1495093713.A.7F6.html download to ptt/Gossiping/20268_14.txt, time: 3.870000
/bbs/Gossiping/M.1495093774.A.0C3.html download to ptt/Gossiping/20268_15.txt, time: 4.420000
/bbs/Gossiping/M.1495093792.A.983.html download to ptt/Gossiping/20268_16.txt, time: 4.370000
/bbs/Gossiping/M.1495093811.A.169.html download to ptt/Gossiping/20268_17.txt, time: 2.960000
/bbs/Gossiping/M.1495093812.A.93B.html download to ptt/Gossiping/20268_18.txt, time: 3.900000
/bbs/Gossiping/M.1495093827.A.0EB.html download to ptt/Gossiping/20268_19.txt, time: 4.590000
page 20267
/bbs/Gossiping/M.1495092760.A.807.html download to ptt/Gossiping/20267_0.txt, time: 4.060000
/bbs/Gossiping/M.1495092821.A.93E.html download to ptt/Gossiping/20267_1.txt, time: 3.310000
/bbs/Gossiping/M.1495092838.A.7C5.html download to ptt/Gossiping/20267_2.txt, time: 3.910000
/bbs/Gossiping/M.1495092890.A.5F7.html download to ptt/Gossiping/20267_3.txt, time: 4.840000
/bbs/Gossiping/M.1495092898.A.F21.html download to ptt/Gossiping/20267_4.txt, time: 3.360000
/bbs/Gossiping/M.1495092943.A.75F.html download to ptt/Gossiping/20267_5.txt, time: 3.590000
/bbs/Gossiping/M.1495093030.A.DF4.html download to ptt/Gossiping/20267_6.txt, time: 4.210000
/bbs/Gossiping/M.1495093031.A.CEF.html download to ptt/Gossiping/20267_7.txt, time: 3.790000
/bbs/Gossiping/M.1495093056.A.E4F.html download to ptt/Gossiping/20267_8.txt, time: 3.030000
/bbs/Gossiping/M.1495093075.A.F80.html download to ptt/Gossiping/20267_9.txt, time: 4.210000
/bbs/Gossiping/M.1495093128.A.F20.html download to ptt/Gossiping/20267_10.txt, time: 4.080000
/bbs/Gossiping/M.1495093148.A.891.html download to ptt/Gossiping/20267_11.txt, time: 6.870000
/bbs/Gossiping/M.1495093182.A.8B2.html download to ptt/Gossiping/20267_12.txt, time: 6.020000
/bbs/Gossiping/M.1495093192.A.C90.html download to ptt/Gossiping/20267_13.txt, time: 4.240000
/bbs/Gossiping/M.1495093228.A.A3F.html download to ptt/Gossiping/20267_14.txt, time: 4.300000
/bbs/Gossiping/M.1495093237.A.F97.html download to ptt/Gossiping/20267_15.txt, time: 4.040000
/bbs/Gossiping/M.1495093281.A.338.html download to ptt/Gossiping/20267_16.txt, time: 4.860000
/bbs/Gossiping/M.1495093281.A.55D.html download to ptt/Gossiping/20267_17.txt, time: 2.850000
/bbs/Gossiping/M.1495093311.A.29D.html download to ptt/Gossiping/20267_18.txt, time: 4.900000
/bbs/Gossiping/M.1495093326.A.B3F.html download to ptt/Gossiping/20267_19.txt, time: 3.070000
page 20266
/bbs/Gossiping/M.1495092163.A.2E5.html download to ptt/Gossiping/20266_0.txt, time: 3.500000
/bbs/Gossiping/M.1495092191.A.235.html download to ptt/Gossiping/20266_1.txt, time: 4.320000
/bbs/Gossiping/M.1495092208.A.ED6.html download to ptt/Gossiping/20266_2.txt, time: 3.500000
/bbs/Gossiping/M.1495092233.A.85C.html download to ptt/Gossiping/20266_3.txt, time: 4.770000
/bbs/Gossiping/M.1495092252.A.56D.html download to ptt/Gossiping/20266_4.txt, time: 4.010000
/bbs/Gossiping/M.1495092287.A.0E6.html download to ptt/Gossiping/20266_5.txt, time: 4.830000
/bbs/Gossiping/M.1495092335.A.20D.html download to ptt/Gossiping/20266_6.txt, time: 4.160000
/bbs/Gossiping/M.1495092421.A.833.html download to ptt/Gossiping/20266_7.txt, time: 4.070000
/bbs/Gossiping/M.1495092442.A.DD3.html download to ptt/Gossiping/20266_8.txt, time: 3.090000
/bbs/Gossiping/M.1495092491.A.762.html download to ptt/Gossiping/20266_9.txt, time: 3.110000
/bbs/Gossiping/M.1495092508.A.5C2.html download to ptt/Gossiping/20266_10.txt, time: 5.900000
/bbs/Gossiping/M.1495092562.A.4FD.html download to ptt/Gossiping/20266_11.txt, time: 3.630000
/bbs/Gossiping/M.1495092587.A.BD2.html download to ptt/Gossiping/20266_12.txt, time: 3.930000
/bbs/Gossiping/M.1495092593.A.9B6.html download to ptt/Gossiping/20266_13.txt, time: 9.000000
/bbs/Gossiping/M.1495092606.A.382.html download to ptt/Gossiping/20266_14.txt, time: 3.040000
/bbs/Gossiping/M.1495092622.A.A07.html download to ptt/Gossiping/20266_15.txt, time: 1.460000
/bbs/Gossiping/M.1495092667.A.EA3.html download to ptt/Gossiping/20266_16.txt, time: 1.310000
/bbs/Gossiping/M.1495092713.A.A8A.html download to ptt/Gossiping/20266_17.txt, time: 1.110000
/bbs/Gossiping/M.1495092723.A.BB2.html download to ptt/Gossiping/20266_18.txt, time: 1.120000
/bbs/Gossiping/M.1495092758.A.488.html download to ptt/Gossiping/20266_19.txt, time: 1.080000
time: 531.0610852241516 seconds
