page 20280
/bbs/Gossiping/M.1495100206.A.35D.html download to ptt/Gossiping/20280_0.txt, time: 5.890000
/bbs/Gossiping/M.1495100207.A.487.html download to ptt/Gossiping/20280_1.txt, time: 3.360000
/bbs/Gossiping/M.1495100214.A.21E.html download to ptt/Gossiping/20280_2.txt, time: 4.750000
/bbs/Gossiping/M.1495100230.A.F10.html download to ptt/Gossiping/20280_3.txt, time: 4.760000
/bbs/Gossiping/M.1495100236.A.E41.html download to ptt/Gossiping/20280_4.txt, time: 5.730000
/bbs/Gossiping/M.1495100247.A.909.html download to ptt/Gossiping/20280_5.txt, time: 5.320000
/bbs/Gossiping/M.1495100265.A.685.html download to ptt/Gossiping/20280_6.txt, time: 8.920000
/bbs/Gossiping/M.1495100284.A.144.html download to ptt/Gossiping/20280_7.txt, time: 4.900000
/bbs/Gossiping/M.1495100285.A.6C7.html download to ptt/Gossiping/20280_8.txt, time: 4.080000
/bbs/Gossiping/M.1495100361.A.283.html download to ptt/Gossiping/20280_9.txt, time: 5.030000
/bbs/Gossiping/M.1495100363.A.544.html download to ptt/Gossiping/20280_10.txt, time: 6.610000
/bbs/Gossiping/M.1495100380.A.3AD.html download to ptt/Gossiping/20280_11.txt, time: 6.330000
/bbs/Gossiping/M.1495100404.A.3C3.html download to ptt/Gossiping/20280_12.txt, time: 3.810000
/bbs/Gossiping/M.1495100482.A.396.html download to ptt/Gossiping/20280_13.txt, time: 6.400000
/bbs/Gossiping/M.1495100509.A.53C.html download to ptt/Gossiping/20280_14.txt, time: 5.440000
/bbs/Gossiping/M.1495100509.A.FF7.html download to ptt/Gossiping/20280_15.txt, time: 3.550000
/bbs/Gossiping/M.1495100599.A.769.html download to ptt/Gossiping/20280_16.txt, time: 4.970000
/bbs/Gossiping/M.1495100619.A.AB5.html download to ptt/Gossiping/20280_17.txt, time: 5.240000
/bbs/Gossiping/M.1495100635.A.7E7.html download to ptt/Gossiping/20280_18.txt, time: 5.710000
/bbs/Gossiping/M.1495100643.A.267.html download to ptt/Gossiping/20280_19.txt, time: 4.110000
page 20279
/bbs/Gossiping/M.1495099702.A.0C2.html download to ptt/Gossiping/20279_0.txt, time: 5.600000
/bbs/Gossiping/M.1495099730.A.903.html download to ptt/Gossiping/20279_1.txt, time: 7.020000
/bbs/Gossiping/M.1495099731.A.173.html download to ptt/Gossiping/20279_2.txt, time: 5.330000
/bbs/Gossiping/M.1495099745.A.37C.html download to ptt/Gossiping/20279_3.txt, time: 4.320000
/bbs/Gossiping/M.1495099745.A.020.html download to ptt/Gossiping/20279_4.txt, time: 5.300000
/bbs/Gossiping/M.1495099762.A.CB5.html download to ptt/Gossiping/20279_5.txt, time: 5.690000
/bbs/Gossiping/M.1495099809.A.910.html download to ptt/Gossiping/20279_6.txt, time: 5.300000
/bbs/Gossiping/M.1495099821.A.605.html download to ptt/Gossiping/20279_7.txt, time: 5.200000
/bbs/Gossiping/M.1495099849.A.48A.html download to ptt/Gossiping/20279_8.txt, time: 4.400000
/bbs/Gossiping/M.1495099860.A.841.html download to ptt/Gossiping/20279_9.txt, time: 3.330000
/bbs/Gossiping/M.1495099869.A.F5C.html download to ptt/Gossiping/20279_10.txt, time: 4.460000
/bbs/Gossiping/M.1495099899.A.BCB.html download to ptt/Gossiping/20279_11.txt, time: 6.790000
/bbs/Gossiping/M.1495099904.A.0AE.html download to ptt/Gossiping/20279_12.txt, time: 3.890000
/bbs/Gossiping/M.1495099926.A.974.html download to ptt/Gossiping/20279_13.txt, time: 4.740000
/bbs/Gossiping/M.1495099955.A.F62.html download to ptt/Gossiping/20279_14.txt, time: 4.880000
/bbs/Gossiping/M.1495099957.A.6A9.html download to ptt/Gossiping/20279_15.txt, time: 4.960000
/bbs/Gossiping/M.1495099999.A.080.html download to ptt/Gossiping/20279_16.txt, time: 5.400000
/bbs/Gossiping/M.1495100000.A.3B8.html download to ptt/Gossiping/20279_17.txt, time: 9.070000
/bbs/Gossiping/M.1495100038.A.BD1.html download to ptt/Gossiping/20279_18.txt, time: 8.760000
/bbs/Gossiping/M.1495100180.A.906.html download to ptt/Gossiping/20279_19.txt, time: 6.270000
page 20278
/bbs/Gossiping/M.1495099128.A.A33.html download to ptt/Gossiping/20278_0.txt, time: 6.380000
/bbs/Gossiping/M.1495099252.A.AE7.html download to ptt/Gossiping/20278_1.txt, time: 5.130000
/bbs/Gossiping/M.1495099269.A.CB6.html download to ptt/Gossiping/20278_2.txt, time: 7.200000
/bbs/Gossiping/M.1495099308.A.C7A.html download to ptt/Gossiping/20278_3.txt, time: 7.320000
/bbs/Gossiping/M.1495099328.A.6DD.html download to ptt/Gossiping/20278_4.txt, time: 5.100000
/bbs/Gossiping/M.1495099353.A.610.html download to ptt/Gossiping/20278_5.txt, time: 3.820000
/bbs/Gossiping/M.1495099376.A.4B7.html download to ptt/Gossiping/20278_6.txt, time: 3.870000
/bbs/Gossiping/M.1495099403.A.67F.html download to ptt/Gossiping/20278_7.txt, time: 9.450000
/bbs/Gossiping/M.1495099413.A.E2A.html download to ptt/Gossiping/20278_8.txt, time: 6.930000
/bbs/Gossiping/M.1495099429.A.1CB.html download to ptt/Gossiping/20278_9.txt, time: 6.770000
/bbs/Gossiping/M.1495099439.A.524.html download to ptt/Gossiping/20278_10.txt, time: 6.620000
/bbs/Gossiping/M.1495099445.A.9DA.html download to ptt/Gossiping/20278_11.txt, time: 3.530000
/bbs/Gossiping/M.1495099458.A.D92.html download to ptt/Gossiping/20278_12.txt, time: 2.770000
/bbs/Gossiping/M.1495099476.A.A15.html download to ptt/Gossiping/20278_13.txt, time: 3.630000
/bbs/Gossiping/M.1495099524.A.34D.html download to ptt/Gossiping/20278_14.txt, time: 3.810000
/bbs/Gossiping/M.1495099570.A.CF5.html download to ptt/Gossiping/20278_15.txt, time: 3.910000
/bbs/Gossiping/M.1495099580.A.46D.html download to ptt/Gossiping/20278_16.txt, time: 3.050000
/bbs/Gossiping/M.1495099612.A.9B4.html download to ptt/Gossiping/20278_17.txt, time: 4.680000
/bbs/Gossiping/M.1495099638.A.436.html download to ptt/Gossiping/20278_18.txt, time: 4.220000
/bbs/Gossiping/M.1495099670.A.C1F.html download to ptt/Gossiping/20278_19.txt, time: 4.910000
page 20277
/bbs/Gossiping/M.1495098527.A.3BC.html download to ptt/Gossiping/20277_0.txt, time: 3.760000
/bbs/Gossiping/M.1495098559.A.EA4.html download to ptt/Gossiping/20277_1.txt, time: 4.340000
/bbs/Gossiping/M.1495098566.A.0BE.html download to ptt/Gossiping/20277_2.txt, time: 3.270000
/bbs/Gossiping/M.1495098604.A.AD7.html download to ptt/Gossiping/20277_3.txt, time: 3.800000
/bbs/Gossiping/M.1495098617.A.4D5.html download to ptt/Gossiping/20277_4.txt, time: 4.030000
/bbs/Gossiping/M.1495098649.A.518.html download to ptt/Gossiping/20277_5.txt, time: 3.600000
/bbs/Gossiping/M.1495098663.A.4D4.html download to ptt/Gossiping/20277_6.txt, time: 3.620000
/bbs/Gossiping/M.1495098684.A.0CA.html download to ptt/Gossiping/20277_7.txt, time: 4.150000
/bbs/Gossiping/M.1495098693.A.3F2.html download to ptt/Gossiping/20277_8.txt, time: 5.540000
/bbs/Gossiping/M.1495098698.A.D9B.html download to ptt/Gossiping/20277_9.txt, time: 4.340000
/bbs/Gossiping/M.1495098699.A.4F5.html download to ptt/Gossiping/20277_10.txt, time: 3.340000
/bbs/Gossiping/M.1495098750.A.BDD.html download to ptt/Gossiping/20277_11.txt, time: 6.220000
/bbs/Gossiping/M.1495098760.A.266.html download to ptt/Gossiping/20277_12.txt, time: 5.070000
/bbs/Gossiping/M.1495098762.A.002.html download to ptt/Gossiping/20277_13.txt, time: 3.780000
/bbs/Gossiping/M.1495098821.A.EC8.html download to ptt/Gossiping/20277_14.txt, time: 3.140000
/bbs/Gossiping/M.1495098871.A.2EF.html download to ptt/Gossiping/20277_15.txt, time: 3.000000
/bbs/Gossiping/M.1495098876.A.49B.html download to ptt/Gossiping/20277_16.txt, time: 3.280000
/bbs/Gossiping/M.1495098876.A.E7F.html download to ptt/Gossiping/20277_17.txt, time: 4.260000
/bbs/Gossiping/M.1495098895.A.044.html download to ptt/Gossiping/20277_18.txt, time: 5.010000
/bbs/Gossiping/M.1495098921.A.203.html download to ptt/Gossiping/20277_19.txt, time: 4.000000
page 20276
/bbs/Gossiping/M.1495097766.A.D84.html download to ptt/Gossiping/20276_0.txt, time: 4.810000
/bbs/Gossiping/M.1495097804.A.3C0.html download to ptt/Gossiping/20276_1.txt, time: 5.150000
/bbs/Gossiping/M.1495097805.A.FBE.html download to ptt/Gossiping/20276_2.txt, time: 4.270000
/bbs/Gossiping/M.1495097845.A.12F.html download to ptt/Gossiping/20276_3.txt, time: 4.580000
/bbs/Gossiping/M.1495097868.A.B0B.html download to ptt/Gossiping/20276_4.txt, time: 4.090000
/bbs/Gossiping/M.1495097871.A.678.html download to ptt/Gossiping/20276_5.txt, time: 4.710000
/bbs/Gossiping/M.1495097897.A.BDE.html download to ptt/Gossiping/20276_6.txt, time: 3.980000
/bbs/Gossiping/M.1495097897.A.1EA.html download to ptt/Gossiping/20276_7.txt, time: 3.520000
/bbs/Gossiping/M.1495097914.A.CD2.html download to ptt/Gossiping/20276_8.txt, time: 3.800000
/bbs/Gossiping/M.1495098044.A.D77.html download to ptt/Gossiping/20276_9.txt, time: 4.140000
/bbs/Gossiping/M.1495098110.A.6B2.html download to ptt/Gossiping/20276_10.txt, time: 3.310000
/bbs/Gossiping/M.1495098137.A.6AC.html download to ptt/Gossiping/20276_11.txt, time: 4.730000
/bbs/Gossiping/M.1495098209.A.50B.html download to ptt/Gossiping/20276_12.txt, time: 2.530000
/bbs/Gossiping/M.1495098300.A.1D7.html download to ptt/Gossiping/20276_13.txt, time: 3.730000
/bbs/Gossiping/M.1495098328.A.EAD.html download to ptt/Gossiping/20276_14.txt, time: 3.920000
/bbs/Gossiping/M.1495098355.A.FC1.html download to ptt/Gossiping/20276_15.txt, time: 3.490000
/bbs/Gossiping/M.1495098356.A.7DB.html download to ptt/Gossiping/20276_16.txt, time: 2.510000
/bbs/Gossiping/M.1495098393.A.2A8.html download to ptt/Gossiping/20276_17.txt, time: 1.750000
/bbs/Gossiping/M.1495098461.A.A7A.html download to ptt/Gossiping/20276_18.txt, time: 4.250000
/bbs/Gossiping/M.1495098502.A.DA1.html download to ptt/Gossiping/20276_19.txt, time: 1.330000
time: 535.0034234523773 seconds
