page 20290
/bbs/Gossiping/M.1495106316.A.7DB.html download to ptt/Gossiping/20290_0.txt, time: 6.550000
/bbs/Gossiping/M.1495106317.A.621.html download to ptt/Gossiping/20290_1.txt, time: 8.940000
/bbs/Gossiping/M.1495106329.A.F0B.html download to ptt/Gossiping/20290_2.txt, time: 3.150000
/bbs/Gossiping/M.1495106439.A.9A4.html download to ptt/Gossiping/20290_3.txt, time: 6.710000
/bbs/Gossiping/M.1495106525.A.590.html download to ptt/Gossiping/20290_4.txt, time: 5.680000
/bbs/Gossiping/M.1495106525.A.8D4.html download to ptt/Gossiping/20290_5.txt, time: 5.890000
/bbs/Gossiping/M.1495106534.A.ED9.html download to ptt/Gossiping/20290_6.txt, time: 8.190000
/bbs/Gossiping/M.1495106546.A.BFE.html download to ptt/Gossiping/20290_7.txt, time: 4.380000
/bbs/Gossiping/M.1495106570.A.957.html download to ptt/Gossiping/20290_8.txt, time: 4.470000
/bbs/Gossiping/M.1495106611.A.626.html download to ptt/Gossiping/20290_9.txt, time: 4.350000
/bbs/Gossiping/M.1495106640.A.6BA.html download to ptt/Gossiping/20290_10.txt, time: 4.900000
/bbs/Gossiping/M.1495106647.A.606.html download to ptt/Gossiping/20290_11.txt, time: 4.070000
/bbs/Gossiping/M.1495106710.A.780.html download to ptt/Gossiping/20290_12.txt, time: 3.580000
/bbs/Gossiping/M.1495106732.A.659.html download to ptt/Gossiping/20290_13.txt, time: 5.020000
/bbs/Gossiping/M.1495106733.A.B49.html download to ptt/Gossiping/20290_14.txt, time: 4.070000
/bbs/Gossiping/M.1495106768.A.DB2.html download to ptt/Gossiping/20290_15.txt, time: 4.890000
/bbs/Gossiping/M.1495106771.A.1B9.html download to ptt/Gossiping/20290_16.txt, time: 5.390000
/bbs/Gossiping/M.1495106780.A.AD0.html download to ptt/Gossiping/20290_17.txt, time: 4.600000
/bbs/Gossiping/M.1495106813.A.BE0.html download to ptt/Gossiping/20290_18.txt, time: 3.540000
/bbs/Gossiping/M.1495106832.A.7B2.html download to ptt/Gossiping/20290_19.txt, time: 4.860000
page 20289
/bbs/Gossiping/M.1495105715.A.71E.html download to ptt/Gossiping/20289_0.txt, time: 4.370000
/bbs/Gossiping/M.1495105732.A.1DA.html download to ptt/Gossiping/20289_1.txt, time: 4.600000
/bbs/Gossiping/M.1495105832.A.6CB.html download to ptt/Gossiping/20289_2.txt, time: 2.990000
/bbs/Gossiping/M.1495105896.A.EF9.html download to ptt/Gossiping/20289_3.txt, time: 5.390000
/bbs/Gossiping/M.1495105921.A.11E.html download to ptt/Gossiping/20289_4.txt, time: 4.450000
/bbs/Gossiping/M.1495105939.A.8D5.html download to ptt/Gossiping/20289_5.txt, time: 3.490000
/bbs/Gossiping/M.1495105941.A.F4C.html download to ptt/Gossiping/20289_6.txt, time: 5.520000
/bbs/Gossiping/M.1495105967.A.78D.html download to ptt/Gossiping/20289_7.txt, time: 5.450000
/bbs/Gossiping/M.1495106014.A.874.html download to ptt/Gossiping/20289_8.txt, time: 4.450000
/bbs/Gossiping/M.1495106024.A.068.html download to ptt/Gossiping/20289_9.txt, time: 3.790000
/bbs/Gossiping/M.1495106055.A.7B0.html download to ptt/Gossiping/20289_10.txt, time: 3.730000
/bbs/Gossiping/M.1495106087.A.B8C.html download to ptt/Gossiping/20289_11.txt, time: 5.140000
/bbs/Gossiping/M.1495106151.A.F18.html download to ptt/Gossiping/20289_12.txt, time: 3.900000
/bbs/Gossiping/M.1495106153.A.D2B.html download to ptt/Gossiping/20289_13.txt, time: 5.450000
/bbs/Gossiping/M.1495106201.A.684.html download to ptt/Gossiping/20289_14.txt, time: 4.900000
/bbs/Gossiping/M.1495106240.A.271.html download to ptt/Gossiping/20289_15.txt, time: 7.110000
/bbs/Gossiping/M.1495106264.A.BB5.html download to ptt/Gossiping/20289_16.txt, time: 5.390000
/bbs/Gossiping/M.1495106300.A.0AC.html download to ptt/Gossiping/20289_17.txt, time: 4.660000
/bbs/Gossiping/M.1495106302.A.B51.html download to ptt/Gossiping/20289_18.txt, time: 4.310000
/bbs/Gossiping/M.1495106313.A.70F.html download to ptt/Gossiping/20289_19.txt, time: 6.770000
page 20288
/bbs/Gossiping/M.1495105278.A.CC3.html download to ptt/Gossiping/20288_0.txt, time: 7.450000
/bbs/Gossiping/M.1495105316.A.D51.html download to ptt/Gossiping/20288_1.txt, time: 6.230000
/bbs/Gossiping/M.1495105327.A.AA6.html download to ptt/Gossiping/20288_2.txt, time: 6.550000
/bbs/Gossiping/M.1495105343.A.152.html download to ptt/Gossiping/20288_3.txt, time: 4.990000
/bbs/Gossiping/M.1495105350.A.F5C.html download to ptt/Gossiping/20288_4.txt, time: 7.120000
/bbs/Gossiping/M.1495105372.A.C4A.html download to ptt/Gossiping/20288_5.txt, time: 6.450000
/bbs/Gossiping/M.1495105391.A.903.html download to ptt/Gossiping/20288_6.txt, time: 5.110000
/bbs/Gossiping/M.1495105404.A.983.html download to ptt/Gossiping/20288_7.txt, time: 5.830000
/bbs/Gossiping/M.1495105470.A.F8D.html download to ptt/Gossiping/20288_8.txt, time: 4.110000
/bbs/Gossiping/M.1495105499.A.EDA.html download to ptt/Gossiping/20288_9.txt, time: 5.080000
/bbs/Gossiping/M.1495105507.A.83C.html download to ptt/Gossiping/20288_10.txt, time: 5.480000
/bbs/Gossiping/M.1495105542.A.90D.html download to ptt/Gossiping/20288_11.txt, time: 10.170000
/bbs/Gossiping/M.1495105599.A.425.html download to ptt/Gossiping/20288_12.txt, time: 4.650000
/bbs/Gossiping/M.1495105600.A.8FE.html download to ptt/Gossiping/20288_13.txt, time: 4.400000
/bbs/Gossiping/M.1495105606.A.547.html download to ptt/Gossiping/20288_14.txt, time: 6.020000
/bbs/Gossiping/M.1495105652.A.58D.html download to ptt/Gossiping/20288_15.txt, time: 4.000000
/bbs/Gossiping/M.1495105664.A.599.html download to ptt/Gossiping/20288_16.txt, time: 3.530000
/bbs/Gossiping/M.1495105669.A.EFF.html download to ptt/Gossiping/20288_17.txt, time: 3.410000
/bbs/Gossiping/M.1495105674.A.48E.html download to ptt/Gossiping/20288_18.txt, time: 5.830000
/bbs/Gossiping/M.1495105683.A.70D.html download to ptt/Gossiping/20288_19.txt, time: 2.880000
page 20287
/bbs/Gossiping/M.1495104473.A.EE7.html download to ptt/Gossiping/20287_0.txt, time: 4.570000
/bbs/Gossiping/M.1495104486.A.B94.html download to ptt/Gossiping/20287_1.txt, time: 4.010000
/bbs/Gossiping/M.1495104582.A.09E.html download to ptt/Gossiping/20287_2.txt, time: 3.390000
/bbs/Gossiping/M.1495104585.A.60E.html download to ptt/Gossiping/20287_3.txt, time: 3.840000
/bbs/Gossiping/M.1495104618.A.73A.html download to ptt/Gossiping/20287_4.txt, time: 3.640000
/bbs/Gossiping/M.1495104658.A.6DB.html download to ptt/Gossiping/20287_5.txt, time: 3.350000
/bbs/Gossiping/M.1495104754.A.EB9.html download to ptt/Gossiping/20287_6.txt, time: 3.360000
/bbs/Gossiping/M.1495104841.A.7A4.html download to ptt/Gossiping/20287_7.txt, time: 4.450000
/bbs/Gossiping/M.1495104854.A.DC8.html download to ptt/Gossiping/20287_8.txt, time: 3.940000
/bbs/Gossiping/M.1495104856.A.42B.html download to ptt/Gossiping/20287_9.txt, time: 3.330000
/bbs/Gossiping/M.1495104871.A.295.html download to ptt/Gossiping/20287_10.txt, time: 5.490000
/bbs/Gossiping/M.1495104890.A.7D5.html download to ptt/Gossiping/20287_11.txt, time: 3.100000
/bbs/Gossiping/M.1495104890.A.623.html download to ptt/Gossiping/20287_12.txt, time: 3.940000
/bbs/Gossiping/M.1495104924.A.135.html download to ptt/Gossiping/20287_13.txt, time: 6.030000
/bbs/Gossiping/M.1495104943.A.A68.html download to ptt/Gossiping/20287_14.txt, time: 7.280000
/bbs/Gossiping/M.1495105029.A.A6E.html download to ptt/Gossiping/20287_15.txt, time: 4.890000
/bbs/Gossiping/M.1495105049.A.00D.html download to ptt/Gossiping/20287_16.txt, time: 3.400000
/bbs/Gossiping/M.1495105152.A.138.html download to ptt/Gossiping/20287_17.txt, time: 3.140000
/bbs/Gossiping/M.1495105215.A.5AD.html download to ptt/Gossiping/20287_18.txt, time: 3.530000
/bbs/Gossiping/M.1495105250.A.E68.html download to ptt/Gossiping/20287_19.txt, time: 2.520000
page 20286
/bbs/Gossiping/M.1495104037.A.CAC.html download to ptt/Gossiping/20286_0.txt, time: 3.370000
/bbs/Gossiping/M.1495104057.A.52D.html download to ptt/Gossiping/20286_1.txt, time: 4.120000
/bbs/Gossiping/M.1495104069.A.700.html download to ptt/Gossiping/20286_2.txt, time: 3.890000
/bbs/Gossiping/M.1495104075.A.6A1.html download to ptt/Gossiping/20286_3.txt, time: 3.620000
/bbs/Gossiping/M.1495104080.A.761.html download to ptt/Gossiping/20286_4.txt, time: 2.640000
/bbs/Gossiping/M.1495104146.A.863.html download to ptt/Gossiping/20286_5.txt, time: 3.290000
/bbs/Gossiping/M.1495104162.A.36E.html download to ptt/Gossiping/20286_6.txt, time: 3.290000
/bbs/Gossiping/M.1495104170.A.650.html download to ptt/Gossiping/20286_7.txt, time: 4.650000
/bbs/Gossiping/M.1495104226.A.4BC.html download to ptt/Gossiping/20286_8.txt, time: 3.730000
/bbs/Gossiping/M.1495104243.A.313.html download to ptt/Gossiping/20286_9.txt, time: 3.890000
/bbs/Gossiping/M.1495104286.A.DF2.html download to ptt/Gossiping/20286_10.txt, time: 5.670000
/bbs/Gossiping/M.1495104309.A.FFF.html download to ptt/Gossiping/20286_11.txt, time: 2.960000
/bbs/Gossiping/M.1495104310.A.F08.html download to ptt/Gossiping/20286_12.txt, time: 2.940000
/bbs/Gossiping/M.1495104331.A.408.html download to ptt/Gossiping/20286_13.txt, time: 3.630000
/bbs/Gossiping/M.1495104375.A.B29.html download to ptt/Gossiping/20286_14.txt, time: 2.740000
/bbs/Gossiping/M.1495104382.A.E56.html download to ptt/Gossiping/20286_15.txt, time: 2.110000
/bbs/Gossiping/M.1495104429.A.06C.html download to ptt/Gossiping/20286_16.txt, time: 3.190000
/bbs/Gossiping/M.1495104437.A.E1E.html download to ptt/Gossiping/20286_17.txt, time: 3.550000
/bbs/Gossiping/M.1495104464.A.F12.html download to ptt/Gossiping/20286_18.txt, time: 6.310000
/bbs/Gossiping/M.1495104468.A.C80.html download to ptt/Gossiping/20286_19.txt, time: 3.270000
time: 528.6230342388153 seconds
