page 20300
/bbs/Gossiping/M.1495110705.A.3DF.html download to ptt/Gossiping/20300_0.txt, time: 6.070000
/bbs/Gossiping/M.1495110753.A.8B0.html download to ptt/Gossiping/20300_1.txt, time: 3.230000
/bbs/Gossiping/M.1495110792.A.B43.html download to ptt/Gossiping/20300_2.txt, time: 4.080000
/bbs/Gossiping/M.1495110827.A.A9C.html download to ptt/Gossiping/20300_3.txt, time: 3.230000
/bbs/Gossiping/M.1495110833.A.592.html download to ptt/Gossiping/20300_4.txt, time: 4.350000
/bbs/Gossiping/M.1495110872.A.2A3.html download to ptt/Gossiping/20300_5.txt, time: 4.390000
/bbs/Gossiping/M.1495110875.A.0EC.html download to ptt/Gossiping/20300_6.txt, time: 6.780000
/bbs/Gossiping/M.1495110898.A.9E1.html download to ptt/Gossiping/20300_7.txt, time: 5.440000
/bbs/Gossiping/M.1495110920.A.C8F.html download to ptt/Gossiping/20300_8.txt, time: 3.680000
/bbs/Gossiping/M.1495110925.A.C2A.html download to ptt/Gossiping/20300_9.txt, time: 6.100000
/bbs/Gossiping/M.1495110952.A.3CD.html download to ptt/Gossiping/20300_10.txt, time: 4.520000
/bbs/Gossiping/M.1495110958.A.7AD.html download to ptt/Gossiping/20300_11.txt, time: 6.160000
/bbs/Gossiping/M.1495110969.A.93A.html download to ptt/Gossiping/20300_12.txt, time: 5.430000
/bbs/Gossiping/M.1495110999.A.2CE.html download to ptt/Gossiping/20300_13.txt, time: 5.180000
/bbs/Gossiping/M.1495111088.A.4EE.html download to ptt/Gossiping/20300_14.txt, time: 5.550000
/bbs/Gossiping/M.1495111099.A.056.html download to ptt/Gossiping/20300_15.txt, time: 5.980000
/bbs/Gossiping/M.1495111123.A.C40.html download to ptt/Gossiping/20300_16.txt, time: 4.160000
/bbs/Gossiping/M.1495111125.A.40E.html download to ptt/Gossiping/20300_17.txt, time: 6.720000
/bbs/Gossiping/M.1495111204.A.471.html download to ptt/Gossiping/20300_18.txt, time: 3.270000
/bbs/Gossiping/M.1495111205.A.908.html download to ptt/Gossiping/20300_19.txt, time: 4.170000
page 20299
/bbs/Gossiping/M.1495110291.A.BFC.html download to ptt/Gossiping/20299_0.txt, time: 6.070000
/bbs/Gossiping/M.1495110297.A.E6F.html download to ptt/Gossiping/20299_1.txt, time: 3.540000
/bbs/Gossiping/M.1495110318.A.32D.html download to ptt/Gossiping/20299_2.txt, time: 6.150000
/bbs/Gossiping/M.1495110351.A.47D.html download to ptt/Gossiping/20299_3.txt, time: 4.880000
/bbs/Gossiping/M.1495110418.A.69F.html download to ptt/Gossiping/20299_4.txt, time: 4.430000
/bbs/Gossiping/M.1495110443.A.0F2.html download to ptt/Gossiping/20299_5.txt, time: 5.460000
/bbs/Gossiping/M.1495110470.A.6D1.html download to ptt/Gossiping/20299_6.txt, time: 3.720000
/bbs/Gossiping/M.1495110471.A.503.html download to ptt/Gossiping/20299_7.txt, time: 4.350000
/bbs/Gossiping/M.1495110500.A.738.html download to ptt/Gossiping/20299_8.txt, time: 4.510000
/bbs/Gossiping/M.1495110511.A.CAF.html download to ptt/Gossiping/20299_9.txt, time: 4.340000
/bbs/Gossiping/M.1495110522.A.B2D.html download to ptt/Gossiping/20299_10.txt, time: 5.600000
/bbs/Gossiping/M.1495110528.A.5B5.html download to ptt/Gossiping/20299_11.txt, time: 3.940000
/bbs/Gossiping/M.1495110575.A.530.html download to ptt/Gossiping/20299_12.txt, time: 4.990000
/bbs/Gossiping/M.1495110577.A.6FE.html download to ptt/Gossiping/20299_13.txt, time: 4.020000
/bbs/Gossiping/M.1495110596.A.CBC.html download to ptt/Gossiping/20299_14.txt, time: 5.090000
/bbs/Gossiping/M.1495110624.A.916.html download to ptt/Gossiping/20299_15.txt, time: 6.140000
/bbs/Gossiping/M.1495110630.A.906.html download to ptt/Gossiping/20299_16.txt, time: 8.050000
/bbs/Gossiping/M.1495110680.A.D3F.html download to ptt/Gossiping/20299_17.txt, time: 4.080000
/bbs/Gossiping/M.1495110693.A.790.html download to ptt/Gossiping/20299_18.txt, time: 6.980000
/bbs/Gossiping/M.1495110695.A.249.html download to ptt/Gossiping/20299_19.txt, time: 8.480000
page 20298
/bbs/Gossiping/M.1495109918.A.0F7.html download to ptt/Gossiping/20298_0.txt, time: 5.380000
/bbs/Gossiping/M.1495109945.A.A20.html download to ptt/Gossiping/20298_1.txt, time: 5.730000
/bbs/Gossiping/M.1495109945.A.B86.html download to ptt/Gossiping/20298_2.txt, time: 7.410000
/bbs/Gossiping/M.1495109953.A.271.html download to ptt/Gossiping/20298_3.txt, time: 6.110000
/bbs/Gossiping/M.1495109974.A.B08.html download to ptt/Gossiping/20298_4.txt, time: 4.380000
/bbs/Gossiping/M.1495110004.A.AB2.html download to ptt/Gossiping/20298_5.txt, time: 3.880000
/bbs/Gossiping/M.1495110024.A.3D1.html download to ptt/Gossiping/20298_6.txt, time: 7.530000
/bbs/Gossiping/M.1495110051.A.7D7.html download to ptt/Gossiping/20298_7.txt, time: 3.450000
/bbs/Gossiping/M.1495110092.A.EAE.html download to ptt/Gossiping/20298_8.txt, time: 5.500000
/bbs/Gossiping/M.1495110111.A.187.html download to ptt/Gossiping/20298_9.txt, time: 3.800000
/bbs/Gossiping/M.1495110154.A.67F.html download to ptt/Gossiping/20298_10.txt, time: 4.920000
/bbs/Gossiping/M.1495110160.A.54A.html download to ptt/Gossiping/20298_11.txt, time: 3.020000
/bbs/Gossiping/M.1495110169.A.40D.html download to ptt/Gossiping/20298_12.txt, time: 4.100000
/bbs/Gossiping/M.1495110191.A.8AC.html download to ptt/Gossiping/20298_13.txt, time: 7.290000
/bbs/Gossiping/M.1495110252.A.AF2.html download to ptt/Gossiping/20298_14.txt, time: 3.930000
/bbs/Gossiping/M.1495110252.A.9F7.html download to ptt/Gossiping/20298_15.txt, time: 5.460000
/bbs/Gossiping/M.1495110265.A.295.html download to ptt/Gossiping/20298_16.txt, time: 3.640000
/bbs/Gossiping/M.1495110275.A.AF3.html download to ptt/Gossiping/20298_17.txt, time: 3.480000
/bbs/Gossiping/M.1495110279.A.6C2.html download to ptt/Gossiping/20298_18.txt, time: 4.300000
/bbs/Gossiping/M.1495110291.A.CA5.html download to ptt/Gossiping/20298_19.txt, time: 3.690000
page 20297
/bbs/Gossiping/M.1495109499.A.181.html download to ptt/Gossiping/20297_0.txt, time: 2.960000
/bbs/Gossiping/M.1495109504.A.689.html download to ptt/Gossiping/20297_1.txt, time: 3.320000
/bbs/Gossiping/M.1495109525.A.65C.html download to ptt/Gossiping/20297_2.txt, time: 6.000000
/bbs/Gossiping/M.1495109594.A.098.html download to ptt/Gossiping/20297_3.txt, time: 3.080000
/bbs/Gossiping/M.1495109625.A.1F8.html download to ptt/Gossiping/20297_4.txt, time: 3.640000
/bbs/Gossiping/M.1495109662.A.D23.html download to ptt/Gossiping/20297_5.txt, time: 4.290000
/bbs/Gossiping/M.1495109667.A.DB0.html download to ptt/Gossiping/20297_6.txt, time: 4.470000
/bbs/Gossiping/M.1495109674.A.21E.html download to ptt/Gossiping/20297_7.txt, time: 4.740000
/bbs/Gossiping/M.1495109682.A.0E8.html download to ptt/Gossiping/20297_8.txt, time: 3.840000
/bbs/Gossiping/M.1495109694.A.A48.html download to ptt/Gossiping/20297_9.txt, time: 2.680000
/bbs/Gossiping/M.1495109711.A.ACA.html download to ptt/Gossiping/20297_10.txt, time: 4.320000
/bbs/Gossiping/M.1495109731.A.C03.html download to ptt/Gossiping/20297_11.txt, time: 3.520000
/bbs/Gossiping/M.1495109749.A.987.html download to ptt/Gossiping/20297_12.txt, time: 4.560000
/bbs/Gossiping/M.1495109755.A.59E.html download to ptt/Gossiping/20297_13.txt, time: 2.740000
/bbs/Gossiping/M.1495109800.A.1C8.html download to ptt/Gossiping/20297_14.txt, time: 6.990000
/bbs/Gossiping/M.1495109828.A.41F.html download to ptt/Gossiping/20297_15.txt, time: 4.990000
/bbs/Gossiping/M.1495109870.A.729.html download to ptt/Gossiping/20297_16.txt, time: 3.470000
/bbs/Gossiping/M.1495109889.A.256.html download to ptt/Gossiping/20297_17.txt, time: 2.780000
/bbs/Gossiping/M.1495109898.A.592.html download to ptt/Gossiping/20297_18.txt, time: 4.380000
/bbs/Gossiping/M.1495109912.A.2DD.html download to ptt/Gossiping/20297_19.txt, time: 4.490000
page 20296
/bbs/Gossiping/M.1495109138.A.A03.html download to ptt/Gossiping/20296_0.txt, time: 4.380000
/bbs/Gossiping/M.1495109143.A.50C.html download to ptt/Gossiping/20296_1.txt, time: 5.270000
/bbs/Gossiping/M.1495109143.A.39D.html download to ptt/Gossiping/20296_2.txt, time: 5.690000
/bbs/Gossiping/M.1495109168.A.9EA.html download to ptt/Gossiping/20296_3.txt, time: 4.040000
/bbs/Gossiping/M.1495109178.A.2A0.html download to ptt/Gossiping/20296_4.txt, time: 2.840000
/bbs/Gossiping/M.1495109178.A.88B.html download to ptt/Gossiping/20296_5.txt, time: 5.040000
/bbs/Gossiping/M.1495109236.A.3BB.html download to ptt/Gossiping/20296_6.txt, time: 3.370000
/bbs/Gossiping/M.1495109275.A.DE7.html download to ptt/Gossiping/20296_7.txt, time: 3.700000
/bbs/Gossiping/M.1495109303.A.BE2.html download to ptt/Gossiping/20296_8.txt, time: 3.700000
/bbs/Gossiping/M.1495109308.A.261.html download to ptt/Gossiping/20296_9.txt, time: 2.620000
/bbs/Gossiping/M.1495109333.A.92E.html download to ptt/Gossiping/20296_10.txt, time: 2.600000
/bbs/Gossiping/M.1495109357.A.01D.html download to ptt/Gossiping/20296_11.txt, time: 2.120000
/bbs/Gossiping/M.1495109372.A.263.html download to ptt/Gossiping/20296_12.txt, time: 3.670000
/bbs/Gossiping/M.1495109390.A.6C7.html download to ptt/Gossiping/20296_13.txt, time: 3.690000
/bbs/Gossiping/M.1495109398.A.EE5.html download to ptt/Gossiping/20296_14.txt, time: 3.340000
/bbs/Gossiping/M.1495109417.A.968.html download to ptt/Gossiping/20296_15.txt, time: 2.860000
/bbs/Gossiping/M.1495109421.A.214.html download to ptt/Gossiping/20296_16.txt, time: 2.980000
/bbs/Gossiping/M.1495109421.A.11C.html download to ptt/Gossiping/20296_17.txt, time: 5.020000
/bbs/Gossiping/M.1495109454.A.983.html download to ptt/Gossiping/20296_18.txt, time: 1.990000
/bbs/Gossiping/M.1495109494.A.3E5.html download to ptt/Gossiping/20296_19.txt, time: 2.070000
time: 523.1826984882355 seconds
