page 20320
/bbs/Gossiping/M.1495120365.A.8B1.html download to ptt/Gossiping/20320_0.txt, time: 7.300000
/bbs/Gossiping/M.1495120372.A.92F.html download to ptt/Gossiping/20320_1.txt, time: 7.000000
/bbs/Gossiping/M.1495120380.A.182.html download to ptt/Gossiping/20320_2.txt, time: 4.670000
/bbs/Gossiping/M.1495120394.A.06A.html download to ptt/Gossiping/20320_3.txt, time: 3.460000
/bbs/Gossiping/M.1495120427.A.EC1.html download to ptt/Gossiping/20320_4.txt, time: 5.410000
/bbs/Gossiping/M.1495120460.A.004.html download to ptt/Gossiping/20320_5.txt, time: 6.140000
/bbs/Gossiping/M.1495120462.A.D1F.html download to ptt/Gossiping/20320_6.txt, time: 7.590000
/bbs/Gossiping/M.1495120471.A.D6F.html download to ptt/Gossiping/20320_7.txt, time: 4.620000
/bbs/Gossiping/M.1495120475.A.2B4.html download to ptt/Gossiping/20320_8.txt, time: 5.110000
/bbs/Gossiping/M.1495120489.A.735.html download to ptt/Gossiping/20320_9.txt, time: 4.180000
/bbs/Gossiping/M.1495120496.A.ED8.html download to ptt/Gossiping/20320_10.txt, time: 5.950000
/bbs/Gossiping/M.1495120511.A.6F6.html download to ptt/Gossiping/20320_11.txt, time: 6.500000
/bbs/Gossiping/M.1495120547.A.AC8.html download to ptt/Gossiping/20320_12.txt, time: 6.040000
/bbs/Gossiping/M.1495120584.A.639.html download to ptt/Gossiping/20320_13.txt, time: 5.190000
/bbs/Gossiping/M.1495120587.A.838.html download to ptt/Gossiping/20320_14.txt, time: 3.510000
/bbs/Gossiping/M.1495120611.A.008.html download to ptt/Gossiping/20320_15.txt, time: 3.870000
/bbs/Gossiping/M.1495120619.A.171.html download to ptt/Gossiping/20320_16.txt, time: 6.200000
/bbs/Gossiping/M.1495120636.A.A65.html download to ptt/Gossiping/20320_17.txt, time: 4.290000
/bbs/Gossiping/M.1495120637.A.4E4.html download to ptt/Gossiping/20320_18.txt, time: 5.450000
/bbs/Gossiping/M.1495120671.A.2A9.html download to ptt/Gossiping/20320_19.txt, time: 4.560000
page 20319
/bbs/Gossiping/M.1495119941.A.F8D.html download to ptt/Gossiping/20319_0.txt, time: 4.410000
/bbs/Gossiping/M.1495119944.A.C44.html download to ptt/Gossiping/20319_1.txt, time: 3.500000
/bbs/Gossiping/M.1495119955.A.994.html download to ptt/Gossiping/20319_2.txt, time: 4.760000
/bbs/Gossiping/M.1495119977.A.965.html download to ptt/Gossiping/20319_3.txt, time: 5.210000
/bbs/Gossiping/M.1495119982.A.317.html download to ptt/Gossiping/20319_4.txt, time: 4.630000
/bbs/Gossiping/M.1495120003.A.532.html download to ptt/Gossiping/20319_5.txt, time: 5.200000
/bbs/Gossiping/M.1495120007.A.CB3.html download to ptt/Gossiping/20319_6.txt, time: 3.960000
/bbs/Gossiping/M.1495120020.A.850.html download to ptt/Gossiping/20319_7.txt, time: 4.550000
/bbs/Gossiping/M.1495120024.A.716.html download to ptt/Gossiping/20319_8.txt, time: 5.090000
/bbs/Gossiping/M.1495120025.A.F25.html download to ptt/Gossiping/20319_9.txt, time: 4.540000
/bbs/Gossiping/M.1495120101.A.2EF.html download to ptt/Gossiping/20319_10.txt, time: 4.330000
/bbs/Gossiping/M.1495120159.A.0BC.html download to ptt/Gossiping/20319_11.txt, time: 4.430000
/bbs/Gossiping/M.1495120164.A.828.html download to ptt/Gossiping/20319_12.txt, time: 5.080000
/bbs/Gossiping/M.1495120187.A.7BE.html download to ptt/Gossiping/20319_13.txt, time: 7.030000
/bbs/Gossiping/M.1495120214.A.4D0.html download to ptt/Gossiping/20319_14.txt, time: 8.350000
/bbs/Gossiping/M.1495120239.A.701.html download to ptt/Gossiping/20319_15.txt, time: 7.810000
/bbs/Gossiping/M.1495120283.A.FFC.html download to ptt/Gossiping/20319_16.txt, time: 5.730000
/bbs/Gossiping/M.1495120318.A.10F.html download to ptt/Gossiping/20319_17.txt, time: 5.520000
/bbs/Gossiping/M.1495120358.A.F06.html download to ptt/Gossiping/20319_18.txt, time: 8.870000
/bbs/Gossiping/M.1495120364.A.D19.html download to ptt/Gossiping/20319_19.txt, time: 6.040000
page 20318
/bbs/Gossiping/M.1495119548.A.58B.html download to ptt/Gossiping/20318_0.txt, time: 5.900000
/bbs/Gossiping/M.1495119597.A.7FD.html download to ptt/Gossiping/20318_1.txt, time: 3.650000
/bbs/Gossiping/M.1495119620.A.4C6.html download to ptt/Gossiping/20318_2.txt, time: 6.810000
/bbs/Gossiping/M.1495119629.A.390.html download to ptt/Gossiping/20318_3.txt, time: 6.890000
/bbs/Gossiping/M.1495119674.A.C45.html download to ptt/Gossiping/20318_4.txt, time: 3.980000
/bbs/Gossiping/M.1495119677.A.5E7.html download to ptt/Gossiping/20318_5.txt, time: 5.570000
/bbs/Gossiping/M.1495119698.A.05D.html download to ptt/Gossiping/20318_6.txt, time: 5.010000
/bbs/Gossiping/M.1495119710.A.F32.html download to ptt/Gossiping/20318_7.txt, time: 6.180000
/bbs/Gossiping/M.1495119724.A.6BD.html download to ptt/Gossiping/20318_8.txt, time: 4.330000
/bbs/Gossiping/M.1495119738.A.708.html download to ptt/Gossiping/20318_9.txt, time: 3.450000
/bbs/Gossiping/M.1495119751.A.31C.html download to ptt/Gossiping/20318_10.txt, time: 8.150000
/bbs/Gossiping/M.1495119825.A.3FC.html download to ptt/Gossiping/20318_11.txt, time: 5.550000
/bbs/Gossiping/M.1495119828.A.2EF.html download to ptt/Gossiping/20318_12.txt, time: 7.130000
/bbs/Gossiping/M.1495119840.A.3F7.html download to ptt/Gossiping/20318_13.txt, time: 3.750000
/bbs/Gossiping/M.1495119842.A.2E3.html download to ptt/Gossiping/20318_14.txt, time: 5.710000
/bbs/Gossiping/M.1495119862.A.215.html download to ptt/Gossiping/20318_15.txt, time: 4.700000
/bbs/Gossiping/M.1495119863.A.B56.html download to ptt/Gossiping/20318_16.txt, time: 3.590000
/bbs/Gossiping/M.1495119882.A.DF5.html download to ptt/Gossiping/20318_17.txt, time: 4.090000
/bbs/Gossiping/M.1495119884.A.B81.html download to ptt/Gossiping/20318_18.txt, time: 4.190000
/bbs/Gossiping/M.1495119940.A.01F.html download to ptt/Gossiping/20318_19.txt, time: 4.390000
page 20317
/bbs/Gossiping/M.1495119167.A.2BF.html download to ptt/Gossiping/20317_0.txt, time: 5.840000
/bbs/Gossiping/M.1495119183.A.DED.html download to ptt/Gossiping/20317_1.txt, time: 4.450000
/bbs/Gossiping/M.1495119202.A.052.html download to ptt/Gossiping/20317_2.txt, time: 4.040000
/bbs/Gossiping/M.1495119238.A.254.html download to ptt/Gossiping/20317_3.txt, time: 4.060000
/bbs/Gossiping/M.1495119247.A.FA3.html download to ptt/Gossiping/20317_4.txt, time: 4.750000
/bbs/Gossiping/M.1495119253.A.1C1.html download to ptt/Gossiping/20317_5.txt, time: 4.480000
/bbs/Gossiping/M.1495119253.A.D18.html download to ptt/Gossiping/20317_6.txt, time: 4.140000
/bbs/Gossiping/M.1495119272.A.77E.html download to ptt/Gossiping/20317_7.txt, time: 3.000000
/bbs/Gossiping/M.1495119288.A.C39.html download to ptt/Gossiping/20317_8.txt, time: 3.510000
/bbs/Gossiping/M.1495119298.A.4FD.html download to ptt/Gossiping/20317_9.txt, time: 3.240000
/bbs/Gossiping/M.1495119299.A.FB8.html download to ptt/Gossiping/20317_10.txt, time: 5.020000
/bbs/Gossiping/M.1495119345.A.291.html download to ptt/Gossiping/20317_11.txt, time: 7.120000
/bbs/Gossiping/M.1495119378.A.3B3.html download to ptt/Gossiping/20317_12.txt, time: 4.050000
/bbs/Gossiping/M.1495119394.A.F96.html download to ptt/Gossiping/20317_13.txt, time: 2.970000
/bbs/Gossiping/M.1495119445.A.40B.html download to ptt/Gossiping/20317_14.txt, time: 3.770000
/bbs/Gossiping/M.1495119446.A.64F.html download to ptt/Gossiping/20317_15.txt, time: 4.460000
/bbs/Gossiping/M.1495119493.A.576.html download to ptt/Gossiping/20317_16.txt, time: 3.120000
/bbs/Gossiping/M.1495119501.A.0E2.html download to ptt/Gossiping/20317_17.txt, time: 3.350000
/bbs/Gossiping/M.1495119533.A.BA7.html download to ptt/Gossiping/20317_18.txt, time: 4.170000
/bbs/Gossiping/M.1495119547.A.F27.html download to ptt/Gossiping/20317_19.txt, time: 3.210000
page 20316
/bbs/Gossiping/M.1495118772.A.89F.html download to ptt/Gossiping/20316_0.txt, time: 4.550000
/bbs/Gossiping/M.1495118780.A.A80.html download to ptt/Gossiping/20316_1.txt, time: 4.530000
/bbs/Gossiping/M.1495118803.A.E25.html download to ptt/Gossiping/20316_2.txt, time: 3.780000
/bbs/Gossiping/M.1495118811.A.79B.html download to ptt/Gossiping/20316_3.txt, time: 3.500000
/bbs/Gossiping/M.1495118824.A.A7C.html download to ptt/Gossiping/20316_4.txt, time: 3.140000
/bbs/Gossiping/M.1495118830.A.F95.html download to ptt/Gossiping/20316_5.txt, time: 3.230000
/bbs/Gossiping/M.1495118849.A.E72.html download to ptt/Gossiping/20316_6.txt, time: 3.940000
/bbs/Gossiping/M.1495118861.A.277.html download to ptt/Gossiping/20316_7.txt, time: 3.820000
/bbs/Gossiping/M.1495118869.A.336.html download to ptt/Gossiping/20316_8.txt, time: 3.630000
/bbs/Gossiping/M.1495118913.A.029.html download to ptt/Gossiping/20316_9.txt, time: 3.150000
/bbs/Gossiping/M.1495118937.A.184.html download to ptt/Gossiping/20316_10.txt, time: 3.240000
/bbs/Gossiping/M.1495118947.A.68D.html download to ptt/Gossiping/20316_11.txt, time: 4.140000
/bbs/Gossiping/M.1495118993.A.B99.html download to ptt/Gossiping/20316_12.txt, time: 7.920000
/bbs/Gossiping/M.1495119006.A.328.html download to ptt/Gossiping/20316_13.txt, time: 3.820000
/bbs/Gossiping/M.1495119041.A.FF5.html download to ptt/Gossiping/20316_14.txt, time: 2.200000
/bbs/Gossiping/M.1495119051.A.5C4.html download to ptt/Gossiping/20316_15.txt, time: 1.740000
/bbs/Gossiping/M.1495119086.A.A2B.html download to ptt/Gossiping/20316_16.txt, time: 1.420000
/bbs/Gossiping/M.1495119118.A.5B6.html download to ptt/Gossiping/20316_17.txt, time: 1.650000
/bbs/Gossiping/M.1495119142.A.566.html download to ptt/Gossiping/20316_18.txt, time: 3.040000
/bbs/Gossiping/M.1495119145.A.0CF.html download to ptt/Gossiping/20316_19.txt, time: 2.220000
time: 534.443145275116 seconds
