page 20330
/bbs/Gossiping/M.1495124282.A.B25.html download to ptt/Gossiping/20330_0.txt, time: 8.660000
/bbs/Gossiping/M.1495124291.A.7C2.html download to ptt/Gossiping/20330_1.txt, time: 4.870000
/bbs/Gossiping/M.1495124301.A.85A.html download to ptt/Gossiping/20330_2.txt, time: 3.230000
/bbs/Gossiping/M.1495124307.A.8C8.html download to ptt/Gossiping/20330_3.txt, time: 5.440000
/bbs/Gossiping/M.1495124309.A.C60.html download to ptt/Gossiping/20330_4.txt, time: 5.810000
/bbs/Gossiping/M.1495124323.A.203.html download to ptt/Gossiping/20330_5.txt, time: 4.040000
/bbs/Gossiping/M.1495124348.A.71C.html download to ptt/Gossiping/20330_6.txt, time: 4.150000
/bbs/Gossiping/M.1495124355.A.4A0.html download to ptt/Gossiping/20330_7.txt, time: 7.950000
/bbs/Gossiping/M.1495124416.A.9E7.html download to ptt/Gossiping/20330_8.txt, time: 6.710000
/bbs/Gossiping/M.1495124420.A.5DC.html download to ptt/Gossiping/20330_9.txt, time: 4.840000
/bbs/Gossiping/M.1495124490.A.C84.html download to ptt/Gossiping/20330_10.txt, time: 5.150000
/bbs/Gossiping/M.1495124577.A.287.html download to ptt/Gossiping/20330_11.txt, time: 4.090000
/bbs/Gossiping/M.1495124600.A.9DF.html download to ptt/Gossiping/20330_12.txt, time: 5.430000
/bbs/Gossiping/M.1495124604.A.183.html download to ptt/Gossiping/20330_13.txt, time: 5.040000
/bbs/Gossiping/M.1495124646.A.A14.html download to ptt/Gossiping/20330_14.txt, time: 5.110000
/bbs/Gossiping/M.1495124716.A.A3C.html download to ptt/Gossiping/20330_15.txt, time: 4.110000
/bbs/Gossiping/M.1495124727.A.657.html download to ptt/Gossiping/20330_16.txt, time: 5.190000
/bbs/Gossiping/M.1495124730.A.A9F.html download to ptt/Gossiping/20330_17.txt, time: 5.750000
/bbs/Gossiping/M.1495124757.A.2A9.html download to ptt/Gossiping/20330_18.txt, time: 7.130000
/bbs/Gossiping/M.1495124758.A.29E.html download to ptt/Gossiping/20330_19.txt, time: 6.410000
page 20329
/bbs/Gossiping/M.1495123756.A.18B.html download to ptt/Gossiping/20329_0.txt, time: 5.620000
/bbs/Gossiping/M.1495123760.A.BEB.html download to ptt/Gossiping/20329_1.txt, time: 5.380000
/bbs/Gossiping/M.1495123760.A.A60.html download to ptt/Gossiping/20329_2.txt, time: 5.950000
/bbs/Gossiping/M.1495123761.A.19E.html download to ptt/Gossiping/20329_3.txt, time: 5.040000
/bbs/Gossiping/M.1495123770.A.5EF.html download to ptt/Gossiping/20329_4.txt, time: 5.340000
/bbs/Gossiping/M.1495123788.A.2E2.html download to ptt/Gossiping/20329_5.txt, time: 5.410000
/bbs/Gossiping/M.1495123900.A.B42.html download to ptt/Gossiping/20329_6.txt, time: 4.890000
/bbs/Gossiping/M.1495123904.A.B5F.html download to ptt/Gossiping/20329_7.txt, time: 5.130000
/bbs/Gossiping/M.1495123933.A.7DF.html download to ptt/Gossiping/20329_8.txt, time: 3.860000
/bbs/Gossiping/M.1495124031.A.704.html download to ptt/Gossiping/20329_9.txt, time: 3.630000
/bbs/Gossiping/M.1495124041.A.C7A.html download to ptt/Gossiping/20329_10.txt, time: 5.290000
/bbs/Gossiping/M.1495124043.A.12E.html download to ptt/Gossiping/20329_11.txt, time: 5.280000
/bbs/Gossiping/M.1495124078.A.028.html download to ptt/Gossiping/20329_12.txt, time: 8.580000
/bbs/Gossiping/M.1495124116.A.EB8.html download to ptt/Gossiping/20329_13.txt, time: 13.160000
/bbs/Gossiping/M.1495124137.A.F92.html download to ptt/Gossiping/20329_14.txt, time: 7.150000
/bbs/Gossiping/M.1495124145.A.744.html download to ptt/Gossiping/20329_15.txt, time: 5.410000
/bbs/Gossiping/M.1495124173.A.922.html download to ptt/Gossiping/20329_16.txt, time: 15.780000
/bbs/Gossiping/M.1495124222.A.F61.html download to ptt/Gossiping/20329_17.txt, time: 8.170000
/bbs/Gossiping/M.1495124263.A.5EB.html download to ptt/Gossiping/20329_18.txt, time: 5.330000
/bbs/Gossiping/M.1495124265.A.158.html download to ptt/Gossiping/20329_19.txt, time: 7.730000
page 20328
/bbs/Gossiping/M.1495123440.A.97B.html download to ptt/Gossiping/20328_0.txt, time: 5.990000
/bbs/Gossiping/M.1495123460.A.022.html download to ptt/Gossiping/20328_1.txt, time: 8.330000
/bbs/Gossiping/M.1495123479.A.389.html download to ptt/Gossiping/20328_2.txt, time: 6.090000
/bbs/Gossiping/M.1495123516.A.2A7.html download to ptt/Gossiping/20328_3.txt, time: 5.740000
/bbs/Gossiping/M.1495123518.A.4DD.html download to ptt/Gossiping/20328_4.txt, time: 3.800000
/bbs/Gossiping/M.1495123525.A.64D.html download to ptt/Gossiping/20328_5.txt, time: 7.530000
/bbs/Gossiping/M.1495123554.A.631.html download to ptt/Gossiping/20328_6.txt, time: 3.050000
/bbs/Gossiping/M.1495123569.A.BA9.html download to ptt/Gossiping/20328_7.txt, time: 2.960000
/bbs/Gossiping/M.1495123583.A.CD9.html download to ptt/Gossiping/20328_8.txt, time: 3.820000
/bbs/Gossiping/M.1495123593.A.14B.html download to ptt/Gossiping/20328_9.txt, time: 3.390000
/bbs/Gossiping/M.1495123594.A.4B8.html download to ptt/Gossiping/20328_10.txt, time: 4.970000
/bbs/Gossiping/M.1495123600.A.948.html download to ptt/Gossiping/20328_11.txt, time: 3.550000
/bbs/Gossiping/M.1495123610.A.CF6.html download to ptt/Gossiping/20328_12.txt, time: 3.310000
/bbs/Gossiping/M.1495123611.A.BE7.html download to ptt/Gossiping/20328_13.txt, time: 2.770000
/bbs/Gossiping/M.1495123643.A.725.html download to ptt/Gossiping/20328_14.txt, time: 4.350000
/bbs/Gossiping/M.1495123679.A.AA8.html download to ptt/Gossiping/20328_15.txt, time: 3.690000
/bbs/Gossiping/M.1495123685.A.BEF.html download to ptt/Gossiping/20328_16.txt, time: 3.970000
/bbs/Gossiping/M.1495123687.A.275.html download to ptt/Gossiping/20328_17.txt, time: 4.460000
/bbs/Gossiping/M.1495123716.A.FC6.html download to ptt/Gossiping/20328_18.txt, time: 4.130000
/bbs/Gossiping/M.1495123716.A.6FC.html download to ptt/Gossiping/20328_19.txt, time: 4.270000
page 20327
/bbs/Gossiping/M.1495123102.A.F59.html download to ptt/Gossiping/20327_0.txt, time: 4.110000
/bbs/Gossiping/M.1495123111.A.EBD.html download to ptt/Gossiping/20327_1.txt, time: 4.840000
/bbs/Gossiping/M.1495123144.A.DF2.html download to ptt/Gossiping/20327_2.txt, time: 3.040000
/bbs/Gossiping/M.1495123147.A.ED9.html download to ptt/Gossiping/20327_3.txt, time: 5.190000
/bbs/Gossiping/M.1495123147.A.9EE.html download to ptt/Gossiping/20327_4.txt, time: 3.340000
/bbs/Gossiping/M.1495123163.A.68A.html download to ptt/Gossiping/20327_5.txt, time: 3.710000
/bbs/Gossiping/M.1495123164.A.E4B.html download to ptt/Gossiping/20327_6.txt, time: 6.490000
/bbs/Gossiping/M.1495123175.A.854.html download to ptt/Gossiping/20327_7.txt, time: 4.410000
/bbs/Gossiping/M.1495123198.A.49F.html download to ptt/Gossiping/20327_8.txt, time: 3.850000
/bbs/Gossiping/M.1495123199.A.972.html download to ptt/Gossiping/20327_9.txt, time: 5.240000
/bbs/Gossiping/M.1495123265.A.171.html download to ptt/Gossiping/20327_10.txt, time: 2.970000
/bbs/Gossiping/M.1495123276.A.519.html download to ptt/Gossiping/20327_11.txt, time: 4.140000
/bbs/Gossiping/M.1495123312.A.691.html download to ptt/Gossiping/20327_12.txt, time: 3.540000
/bbs/Gossiping/M.1495123318.A.819.html download to ptt/Gossiping/20327_13.txt, time: 3.390000
/bbs/Gossiping/M.1495123335.A.25E.html download to ptt/Gossiping/20327_14.txt, time: 4.700000
/bbs/Gossiping/M.1495123345.A.7FE.html download to ptt/Gossiping/20327_15.txt, time: 5.390000
/bbs/Gossiping/M.1495123381.A.899.html download to ptt/Gossiping/20327_16.txt, time: 3.960000
/bbs/Gossiping/M.1495123395.A.A25.html download to ptt/Gossiping/20327_17.txt, time: 3.600000
/bbs/Gossiping/M.1495123402.A.AEB.html download to ptt/Gossiping/20327_18.txt, time: 3.350000
/bbs/Gossiping/M.1495123437.A.D93.html download to ptt/Gossiping/20327_19.txt, time: 5.250000
page 20326
/bbs/Gossiping/M.1495122784.A.746.html download to ptt/Gossiping/20326_0.txt, time: 3.550000
/bbs/Gossiping/M.1495122802.A.CA9.html download to ptt/Gossiping/20326_1.txt, time: 3.850000
/bbs/Gossiping/M.1495122816.A.120.html download to ptt/Gossiping/20326_2.txt, time: 3.440000
/bbs/Gossiping/M.1495122826.A.92D.html download to ptt/Gossiping/20326_3.txt, time: 3.570000
/bbs/Gossiping/M.1495122832.A.EC2.html download to ptt/Gossiping/20326_4.txt, time: 4.070000
/bbs/Gossiping/M.1495122904.A.393.html download to ptt/Gossiping/20326_5.txt, time: 3.010000
/bbs/Gossiping/M.1495122938.A.5C2.html download to ptt/Gossiping/20326_6.txt, time: 3.050000
/bbs/Gossiping/M.1495122953.A.65B.html download to ptt/Gossiping/20326_7.txt, time: 5.350000
/bbs/Gossiping/M.1495122958.A.730.html download to ptt/Gossiping/20326_8.txt, time: 4.230000
/bbs/Gossiping/M.1495122964.A.B4F.html download to ptt/Gossiping/20326_9.txt, time: 3.600000
/bbs/Gossiping/M.1495122977.A.B02.html download to ptt/Gossiping/20326_10.txt, time: 3.240000
/bbs/Gossiping/M.1495122980.A.791.html download to ptt/Gossiping/20326_11.txt, time: 2.670000
/bbs/Gossiping/M.1495122987.A.222.html download to ptt/Gossiping/20326_12.txt, time: 2.850000
/bbs/Gossiping/M.1495123032.A.6BA.html download to ptt/Gossiping/20326_13.txt, time: 1.390000
/bbs/Gossiping/M.1495123054.A.4F4.html download to ptt/Gossiping/20326_14.txt, time: 1.300000
/bbs/Gossiping/M.1495123063.A.BF2.html download to ptt/Gossiping/20326_15.txt, time: 0.890000
/bbs/Gossiping/M.1495123080.A.593.html download to ptt/Gossiping/20326_16.txt, time: 0.960000
/bbs/Gossiping/M.1495123097.A.616.html download to ptt/Gossiping/20326_17.txt, time: 0.830000
/bbs/Gossiping/M.1495123101.A.941.html download to ptt/Gossiping/20326_18.txt, time: 0.800000
/bbs/Gossiping/M.1495123101.A.218.html download to ptt/Gossiping/20326_19.txt, time: 0.950000
time: 543.9191539287567 seconds
