page 20350
/bbs/Gossiping/M.1495150964.A.131.html download to ptt/Gossiping/20350_0.txt, time: 9.690000
/bbs/Gossiping/M.1495151027.A.47E.html download to ptt/Gossiping/20350_1.txt, time: 4.320000
/bbs/Gossiping/M.1495151156.A.7EA.html download to ptt/Gossiping/20350_2.txt, time: 4.420000
/bbs/Gossiping/M.1495151185.A.10C.html download to ptt/Gossiping/20350_3.txt, time: 5.430000
/bbs/Gossiping/M.1495151246.A.1B3.html download to ptt/Gossiping/20350_4.txt, time: 4.180000
/bbs/Gossiping/M.1495151248.A.EDE.html download to ptt/Gossiping/20350_5.txt, time: 5.480000
/bbs/Gossiping/M.1495151350.A.14F.html download to ptt/Gossiping/20350_6.txt, time: 4.720000
/bbs/Gossiping/M.1495151396.A.55C.html download to ptt/Gossiping/20350_7.txt, time: 7.390000
/bbs/Gossiping/M.1495151538.A.5CD.html download to ptt/Gossiping/20350_8.txt, time: 3.290000
/bbs/Gossiping/M.1495151556.A.E85.html download to ptt/Gossiping/20350_9.txt, time: 4.260000
/bbs/Gossiping/M.1495151571.A.C51.html download to ptt/Gossiping/20350_10.txt, time: 4.060000
/bbs/Gossiping/M.1495151757.A.4B6.html download to ptt/Gossiping/20350_11.txt, time: 6.720000
/bbs/Gossiping/M.1495151759.A.163.html download to ptt/Gossiping/20350_12.txt, time: 6.270000
/bbs/Gossiping/M.1495151935.A.1BD.html download to ptt/Gossiping/20350_13.txt, time: 4.790000
/bbs/Gossiping/M.1495151937.A.FDC.html download to ptt/Gossiping/20350_14.txt, time: 5.230000
/bbs/Gossiping/M.1495151938.A.624.html download to ptt/Gossiping/20350_15.txt, time: 4.940000
/bbs/Gossiping/M.1495151986.A.879.html download to ptt/Gossiping/20350_16.txt, time: 5.070000
/bbs/Gossiping/M.1495152151.A.33D.html download to ptt/Gossiping/20350_17.txt, time: 4.330000
/bbs/Gossiping/M.1495152166.A.33A.html download to ptt/Gossiping/20350_18.txt, time: 4.830000
/bbs/Gossiping/M.1495152232.A.069.html download to ptt/Gossiping/20350_19.txt, time: 5.450000
page 20349
/bbs/Gossiping/M.1495149294.A.A4C.html download to ptt/Gossiping/20349_0.txt, time: 6.610000
/bbs/Gossiping/M.1495149392.A.A10.html download to ptt/Gossiping/20349_1.txt, time: 3.330000
/bbs/Gossiping/M.1495149619.A.613.html download to ptt/Gossiping/20349_2.txt, time: 5.570000
/bbs/Gossiping/M.1495149652.A.E9E.html download to ptt/Gossiping/20349_3.txt, time: 4.400000
/bbs/Gossiping/M.1495149811.A.A7A.html download to ptt/Gossiping/20349_4.txt, time: 5.570000
/bbs/Gossiping/M.1495149890.A.C9B.html download to ptt/Gossiping/20349_5.txt, time: 3.190000
/bbs/Gossiping/M.1495149942.A.743.html download to ptt/Gossiping/20349_6.txt, time: 4.900000
/bbs/Gossiping/M.1495150117.A.291.html download to ptt/Gossiping/20349_7.txt, time: 3.770000
/bbs/Gossiping/M.1495150151.A.7C6.html download to ptt/Gossiping/20349_8.txt, time: 5.310000
/bbs/Gossiping/M.1495150279.A.191.html download to ptt/Gossiping/20349_9.txt, time: 5.100000
/bbs/Gossiping/M.1495150328.A.7D9.html download to ptt/Gossiping/20349_10.txt, time: 4.250000
/bbs/Gossiping/M.1495150374.A.7D5.html download to ptt/Gossiping/20349_11.txt, time: 4.500000
/bbs/Gossiping/M.1495150377.A.4FE.html download to ptt/Gossiping/20349_12.txt, time: 3.980000
/bbs/Gossiping/M.1495150381.A.FC3.html download to ptt/Gossiping/20349_13.txt, time: 5.790000
/bbs/Gossiping/M.1495150477.A.ED7.html download to ptt/Gossiping/20349_14.txt, time: 4.160000
/bbs/Gossiping/M.1495150549.A.5D5.html download to ptt/Gossiping/20349_15.txt, time: 7.030000
/bbs/Gossiping/M.1495150625.A.F87.html download to ptt/Gossiping/20349_16.txt, time: 4.340000
/bbs/Gossiping/M.1495150766.A.7BB.html download to ptt/Gossiping/20349_17.txt, time: 5.410000
/bbs/Gossiping/M.1495150881.A.475.html download to ptt/Gossiping/20349_18.txt, time: 4.480000
/bbs/Gossiping/M.1495150960.A.87A.html download to ptt/Gossiping/20349_19.txt, time: 5.380000
page 20348
/bbs/Gossiping/M.1495146881.A.315.html download to ptt/Gossiping/20348_0.txt, time: 6.780000
/bbs/Gossiping/M.1495146979.A.A81.html download to ptt/Gossiping/20348_1.txt, time: 7.240000
/bbs/Gossiping/M.1495147165.A.A79.html download to ptt/Gossiping/20348_2.txt, time: 5.510000
/bbs/Gossiping/M.1495147462.A.4AB.html download to ptt/Gossiping/20348_3.txt, time: 5.180000
/bbs/Gossiping/M.1495147799.A.0B3.html download to ptt/Gossiping/20348_4.txt, time: 8.550000
/bbs/Gossiping/M.1495147966.A.B1C.html download to ptt/Gossiping/20348_5.txt, time: 8.210000
/bbs/Gossiping/M.1495147972.A.E0A.html download to ptt/Gossiping/20348_6.txt, time: 6.220000
/bbs/Gossiping/M.1495148025.A.9B0.html download to ptt/Gossiping/20348_7.txt, time: 5.480000
/bbs/Gossiping/M.1495148073.A.5E1.html download to ptt/Gossiping/20348_8.txt, time: 5.000000
/bbs/Gossiping/M.1495148458.A.8D2.html download to ptt/Gossiping/20348_9.txt, time: 3.580000
/bbs/Gossiping/M.1495148539.A.274.html download to ptt/Gossiping/20348_10.txt, time: 5.200000
/bbs/Gossiping/M.1495148567.A.EC2.html download to ptt/Gossiping/20348_11.txt, time: 4.460000
/bbs/Gossiping/M.1495148609.A.952.html download to ptt/Gossiping/20348_12.txt, time: 3.310000
/bbs/Gossiping/M.1495148841.A.771.html download to ptt/Gossiping/20348_13.txt, time: 3.140000
/bbs/Gossiping/M.1495148862.A.7EE.html download to ptt/Gossiping/20348_14.txt, time: 4.140000
/bbs/Gossiping/M.1495148877.A.231.html download to ptt/Gossiping/20348_15.txt, time: 5.560000
/bbs/Gossiping/M.1495148884.A.A17.html download to ptt/Gossiping/20348_16.txt, time: 5.780000
/bbs/Gossiping/M.1495148906.A.AAB.html download to ptt/Gossiping/20348_17.txt, time: 2.890000
/bbs/Gossiping/M.1495149265.A.4D2.html download to ptt/Gossiping/20348_18.txt, time: 3.410000
/bbs/Gossiping/M.1495149284.A.352.html download to ptt/Gossiping/20348_19.txt, time: 3.620000
page 20347
/bbs/Gossiping/M.1495142729.A.9C6.html download to ptt/Gossiping/20347_0.txt, time: 3.550000
/bbs/Gossiping/M.1495142766.A.CD6.html download to ptt/Gossiping/20347_1.txt, time: 3.210000
/bbs/Gossiping/M.1495142801.A.8A1.html download to ptt/Gossiping/20347_2.txt, time: 2.990000
/bbs/Gossiping/M.1495143209.A.360.html download to ptt/Gossiping/20347_3.txt, time: 3.290000
/bbs/Gossiping/M.1495143492.A.8E6.html download to ptt/Gossiping/20347_4.txt, time: 4.890000
/bbs/Gossiping/M.1495144027.A.10F.html download to ptt/Gossiping/20347_5.txt, time: 4.920000
/bbs/Gossiping/M.1495144435.A.A55.html download to ptt/Gossiping/20347_6.txt, time: 4.910000
/bbs/Gossiping/M.1495144578.A.9BE.html download to ptt/Gossiping/20347_7.txt, time: 3.740000
/bbs/Gossiping/M.1495144651.A.60C.html download to ptt/Gossiping/20347_8.txt, time: 2.490000
/bbs/Gossiping/M.1495145026.A.8AB.html download to ptt/Gossiping/20347_9.txt, time: 4.810000
/bbs/Gossiping/M.1495145198.A.B50.html download to ptt/Gossiping/20347_10.txt, time: 2.570000
/bbs/Gossiping/M.1495145265.A.611.html download to ptt/Gossiping/20347_11.txt, time: 3.320000
/bbs/Gossiping/M.1495145575.A.DFA.html download to ptt/Gossiping/20347_12.txt, time: 4.840000
/bbs/Gossiping/M.1495146011.A.E15.html download to ptt/Gossiping/20347_13.txt, time: 5.160000
/bbs/Gossiping/M.1495146069.A.082.html download to ptt/Gossiping/20347_14.txt, time: 2.630000
/bbs/Gossiping/M.1495146198.A.8C0.html download to ptt/Gossiping/20347_15.txt, time: 3.610000
/bbs/Gossiping/M.1495146270.A.B87.html download to ptt/Gossiping/20347_16.txt, time: 3.610000
/bbs/Gossiping/M.1495146369.A.F21.html download to ptt/Gossiping/20347_17.txt, time: 4.300000
/bbs/Gossiping/M.1495146512.A.88B.html download to ptt/Gossiping/20347_18.txt, time: 7.320000
/bbs/Gossiping/M.1495146832.A.46E.html download to ptt/Gossiping/20347_19.txt, time: 4.300000
page 20346
/bbs/Gossiping/M.1495138743.A.FF7.html download to ptt/Gossiping/20346_0.txt, time: 4.520000
/bbs/Gossiping/M.1495138814.A.001.html download to ptt/Gossiping/20346_1.txt, time: 4.080000
/bbs/Gossiping/M.1495138976.A.3B6.html download to ptt/Gossiping/20346_2.txt, time: 4.600000
/bbs/Gossiping/M.1495139611.A.B24.html download to ptt/Gossiping/20346_3.txt, time: 5.580000
/bbs/Gossiping/M.1495139758.A.736.html download to ptt/Gossiping/20346_4.txt, time: 5.120000
/bbs/Gossiping/M.1495140104.A.3BB.html download to ptt/Gossiping/20346_5.txt, time: 5.460000
/bbs/Gossiping/M.1495140229.A.495.html download to ptt/Gossiping/20346_6.txt, time: 4.750000
/bbs/Gossiping/M.1495140286.A.1F4.html download to ptt/Gossiping/20346_7.txt, time: 3.790000
/bbs/Gossiping/M.1495140728.A.570.html download to ptt/Gossiping/20346_8.txt, time: 3.390000
/bbs/Gossiping/M.1495140851.A.F49.html download to ptt/Gossiping/20346_9.txt, time: 3.850000
/bbs/Gossiping/M.1495140893.A.FAB.html download to ptt/Gossiping/20346_10.txt, time: 4.390000
/bbs/Gossiping/M.1495140913.A.AC0.html download to ptt/Gossiping/20346_11.txt, time: 3.040000
/bbs/Gossiping/M.1495141077.A.CA6.html download to ptt/Gossiping/20346_12.txt, time: 3.530000
/bbs/Gossiping/M.1495141109.A.975.html download to ptt/Gossiping/20346_13.txt, time: 2.920000
/bbs/Gossiping/M.1495141335.A.B3D.html download to ptt/Gossiping/20346_14.txt, time: 3.150000
/bbs/Gossiping/M.1495141514.A.8CC.html download to ptt/Gossiping/20346_15.txt, time: 3.160000
/bbs/Gossiping/M.1495141793.A.FEE.html download to ptt/Gossiping/20346_16.txt, time: 4.430000
/bbs/Gossiping/M.1495141809.A.731.html download to ptt/Gossiping/20346_17.txt, time: 3.210000
/bbs/Gossiping/M.1495141869.A.F50.html download to ptt/Gossiping/20346_18.txt, time: 2.830000
/bbs/Gossiping/M.1495141930.A.36A.html download to ptt/Gossiping/20346_19.txt, time: 3.430000
time: 520.1650478839874 seconds
