page 20360
/bbs/Gossiping/M.1495159199.A.C88.html download to ptt/Gossiping/20360_0.txt, time: 3.380000
/bbs/Gossiping/M.1495159200.A.800.html download to ptt/Gossiping/20360_1.txt, time: 7.480000
/bbs/Gossiping/M.1495159265.A.13A.html download to ptt/Gossiping/20360_2.txt, time: 5.470000
/bbs/Gossiping/M.1495159271.A.E2A.html download to ptt/Gossiping/20360_3.txt, time: 3.230000
/bbs/Gossiping/M.1495159333.A.AB8.html download to ptt/Gossiping/20360_4.txt, time: 5.340000
/bbs/Gossiping/M.1495159348.A.A81.html download to ptt/Gossiping/20360_5.txt, time: 5.240000
/bbs/Gossiping/M.1495159361.A.D91.html download to ptt/Gossiping/20360_6.txt, time: 4.690000
/bbs/Gossiping/M.1495159479.A.FA6.html download to ptt/Gossiping/20360_7.txt, time: 4.200000
/bbs/Gossiping/M.1495159529.A.D56.html download to ptt/Gossiping/20360_8.txt, time: 7.920000
/bbs/Gossiping/M.1495159619.A.A24.html download to ptt/Gossiping/20360_9.txt, time: 5.320000
/bbs/Gossiping/M.1495159660.A.472.html download to ptt/Gossiping/20360_10.txt, time: 4.670000
/bbs/Gossiping/M.1495159688.A.7CD.html download to ptt/Gossiping/20360_11.txt, time: 4.320000
/bbs/Gossiping/M.1495159691.A.B30.html download to ptt/Gossiping/20360_12.txt, time: 5.290000
/bbs/Gossiping/M.1495159722.A.DD4.html download to ptt/Gossiping/20360_13.txt, time: 4.590000
/bbs/Gossiping/M.1495159789.A.85E.html download to ptt/Gossiping/20360_14.txt, time: 5.210000
/bbs/Gossiping/M.1495159866.A.332.html download to ptt/Gossiping/20360_15.txt, time: 6.180000
/bbs/Gossiping/M.1495159871.A.6BE.html download to ptt/Gossiping/20360_16.txt, time: 6.040000
/bbs/Gossiping/M.1495159874.A.F27.html download to ptt/Gossiping/20360_17.txt, time: 5.310000
/bbs/Gossiping/M.1495159880.A.014.html download to ptt/Gossiping/20360_18.txt, time: 4.110000
/bbs/Gossiping/M.1495159905.A.EC7.html download to ptt/Gossiping/20360_19.txt, time: 6.060000
page 20359
/bbs/Gossiping/M.1495158656.A.0F0.html download to ptt/Gossiping/20359_0.txt, time: 6.470000
/bbs/Gossiping/M.1495158673.A.7E1.html download to ptt/Gossiping/20359_1.txt, time: 3.930000
/bbs/Gossiping/M.1495158706.A.7F2.html download to ptt/Gossiping/20359_2.txt, time: 3.170000
/bbs/Gossiping/M.1495158709.A.C09.html download to ptt/Gossiping/20359_3.txt, time: 5.850000
/bbs/Gossiping/M.1495158719.A.729.html download to ptt/Gossiping/20359_4.txt, time: 6.460000
/bbs/Gossiping/M.1495158727.A.7E3.html download to ptt/Gossiping/20359_5.txt, time: 4.500000
/bbs/Gossiping/M.1495158760.A.A31.html download to ptt/Gossiping/20359_6.txt, time: 4.300000
/bbs/Gossiping/M.1495158811.A.643.html download to ptt/Gossiping/20359_7.txt, time: 6.910000
/bbs/Gossiping/M.1495158833.A.6CC.html download to ptt/Gossiping/20359_8.txt, time: 4.970000
/bbs/Gossiping/M.1495158878.A.173.html download to ptt/Gossiping/20359_9.txt, time: 4.630000
/bbs/Gossiping/M.1495158926.A.443.html download to ptt/Gossiping/20359_10.txt, time: 4.160000
/bbs/Gossiping/M.1495158934.A.6E0.html download to ptt/Gossiping/20359_11.txt, time: 5.210000
/bbs/Gossiping/M.1495158997.A.987.html download to ptt/Gossiping/20359_12.txt, time: 6.100000
/bbs/Gossiping/M.1495159019.A.024.html download to ptt/Gossiping/20359_13.txt, time: 3.950000
/bbs/Gossiping/M.1495159045.A.EE6.html download to ptt/Gossiping/20359_14.txt, time: 11.660000
/bbs/Gossiping/M.1495159051.A.056.html download to ptt/Gossiping/20359_15.txt, time: 7.710000
/bbs/Gossiping/M.1495159104.A.BE0.html download to ptt/Gossiping/20359_16.txt, time: 5.810000
/bbs/Gossiping/M.1495159132.A.1D1.html download to ptt/Gossiping/20359_17.txt, time: 4.750000
/bbs/Gossiping/M.1495159146.A.70B.html download to ptt/Gossiping/20359_18.txt, time: 4.960000
/bbs/Gossiping/M.1495159172.A.E52.html download to ptt/Gossiping/20359_19.txt, time: 11.610000
page 20358
/bbs/Gossiping/M.1495157973.A.4C1.html download to ptt/Gossiping/20358_0.txt, time: 5.510000
/bbs/Gossiping/M.1495157987.A.001.html download to ptt/Gossiping/20358_1.txt, time: 16.230000
/bbs/Gossiping/M.1495158043.A.D23.html download to ptt/Gossiping/20358_2.txt, time: 5.220000
/bbs/Gossiping/M.1495158063.A.192.html download to ptt/Gossiping/20358_3.txt, time: 5.220000
/bbs/Gossiping/M.1495158082.A.14E.html download to ptt/Gossiping/20358_4.txt, time: 5.330000
/bbs/Gossiping/M.1495158097.A.AED.html download to ptt/Gossiping/20358_5.txt, time: 11.950000
/bbs/Gossiping/M.1495158117.A.AF6.html download to ptt/Gossiping/20358_6.txt, time: 5.210000
/bbs/Gossiping/M.1495158261.A.7C6.html download to ptt/Gossiping/20358_7.txt, time: 3.920000
/bbs/Gossiping/M.1495158289.A.1E6.html download to ptt/Gossiping/20358_8.txt, time: 3.780000
/bbs/Gossiping/M.1495158367.A.F84.html download to ptt/Gossiping/20358_9.txt, time: 3.390000
/bbs/Gossiping/M.1495158373.A.6C8.html download to ptt/Gossiping/20358_10.txt, time: 4.170000
/bbs/Gossiping/M.1495158421.A.3A4.html download to ptt/Gossiping/20358_11.txt, time: 4.000000
/bbs/Gossiping/M.1495158439.A.3D4.html download to ptt/Gossiping/20358_12.txt, time: 3.480000
/bbs/Gossiping/M.1495158445.A.D7A.html download to ptt/Gossiping/20358_13.txt, time: 3.830000
/bbs/Gossiping/M.1495158483.A.507.html download to ptt/Gossiping/20358_14.txt, time: 2.940000
/bbs/Gossiping/M.1495158512.A.DF2.html download to ptt/Gossiping/20358_15.txt, time: 5.230000
/bbs/Gossiping/M.1495158512.A.403.html download to ptt/Gossiping/20358_16.txt, time: 3.290000
/bbs/Gossiping/M.1495158544.A.65B.html download to ptt/Gossiping/20358_17.txt, time: 4.250000
/bbs/Gossiping/M.1495158574.A.B3C.html download to ptt/Gossiping/20358_18.txt, time: 4.640000
/bbs/Gossiping/M.1495158635.A.A6A.html download to ptt/Gossiping/20358_19.txt, time: 3.240000
page 20357
/bbs/Gossiping/M.1495157449.A.53A.html download to ptt/Gossiping/20357_0.txt, time: 4.140000
/bbs/Gossiping/M.1495157450.A.3C5.html download to ptt/Gossiping/20357_1.txt, time: 3.110000
/bbs/Gossiping/M.1495157481.A.870.html download to ptt/Gossiping/20357_2.txt, time: 4.730000
/bbs/Gossiping/M.1495157529.A.AE7.html download to ptt/Gossiping/20357_3.txt, time: 3.620000
/bbs/Gossiping/M.1495157532.A.C01.html download to ptt/Gossiping/20357_4.txt, time: 5.130000
/bbs/Gossiping/M.1495157683.A.44A.html download to ptt/Gossiping/20357_5.txt, time: 4.490000
/bbs/Gossiping/M.1495157690.A.E6B.html download to ptt/Gossiping/20357_6.txt, time: 4.560000
/bbs/Gossiping/M.1495157698.A.A3E.html download to ptt/Gossiping/20357_7.txt, time: 2.830000
/bbs/Gossiping/M.1495157699.A.C1F.html download to ptt/Gossiping/20357_8.txt, time: 3.560000
/bbs/Gossiping/M.1495157772.A.041.html download to ptt/Gossiping/20357_9.txt, time: 3.030000
/bbs/Gossiping/M.1495157793.A.2AE.html download to ptt/Gossiping/20357_10.txt, time: 4.020000
/bbs/Gossiping/M.1495157805.A.D08.html download to ptt/Gossiping/20357_11.txt, time: 4.700000
/bbs/Gossiping/M.1495157842.A.65B.html download to ptt/Gossiping/20357_12.txt, time: 2.780000
/bbs/Gossiping/M.1495157854.A.894.html download to ptt/Gossiping/20357_13.txt, time: 7.380000
/bbs/Gossiping/M.1495157863.A.3AA.html download to ptt/Gossiping/20357_14.txt, time: 3.580000
/bbs/Gossiping/M.1495157865.A.B4A.html download to ptt/Gossiping/20357_15.txt, time: 2.760000
/bbs/Gossiping/M.1495157880.A.BDF.html download to ptt/Gossiping/20357_16.txt, time: 3.230000
/bbs/Gossiping/M.1495157894.A.B97.html download to ptt/Gossiping/20357_17.txt, time: 3.500000
/bbs/Gossiping/M.1495157896.A.6DA.html download to ptt/Gossiping/20357_18.txt, time: 4.360000
/bbs/Gossiping/M.1495157942.A.E87.html download to ptt/Gossiping/20357_19.txt, time: 3.850000
page 20356
/bbs/Gossiping/M.1495156887.A.B0F.html download to ptt/Gossiping/20356_0.txt, time: 3.630000
/bbs/Gossiping/M.1495156939.A.DAA.html download to ptt/Gossiping/20356_1.txt, time: 4.910000
/bbs/Gossiping/M.1495156950.A.13D.html download to ptt/Gossiping/20356_2.txt, time: 5.340000
/bbs/Gossiping/M.1495156956.A.CD2.html download to ptt/Gossiping/20356_3.txt, time: 2.880000
/bbs/Gossiping/M.1495157043.A.C79.html download to ptt/Gossiping/20356_4.txt, time: 4.900000
/bbs/Gossiping/M.1495157064.A.8FE.html download to ptt/Gossiping/20356_5.txt, time: 4.040000
/bbs/Gossiping/M.1495157081.A.AB1.html download to ptt/Gossiping/20356_6.txt, time: 4.450000
/bbs/Gossiping/M.1495157104.A.1AD.html download to ptt/Gossiping/20356_7.txt, time: 2.940000
/bbs/Gossiping/M.1495157123.A.E34.html download to ptt/Gossiping/20356_8.txt, time: 2.970000
/bbs/Gossiping/M.1495157180.A.2AF.html download to ptt/Gossiping/20356_9.txt, time: 2.740000
/bbs/Gossiping/M.1495157212.A.098.html download to ptt/Gossiping/20356_10.txt, time: 2.840000
/bbs/Gossiping/M.1495157215.A.DC6.html download to ptt/Gossiping/20356_11.txt, time: 3.950000
/bbs/Gossiping/M.1495157250.A.50C.html download to ptt/Gossiping/20356_12.txt, time: 2.750000
/bbs/Gossiping/M.1495157282.A.13F.html download to ptt/Gossiping/20356_13.txt, time: 3.040000
/bbs/Gossiping/M.1495157302.A.E5A.html download to ptt/Gossiping/20356_14.txt, time: 2.570000
/bbs/Gossiping/M.1495157310.A.892.html download to ptt/Gossiping/20356_15.txt, time: 4.060000
/bbs/Gossiping/M.1495157355.A.C67.html download to ptt/Gossiping/20356_16.txt, time: 5.280000
/bbs/Gossiping/M.1495157361.A.181.html download to ptt/Gossiping/20356_17.txt, time: 4.110000
/bbs/Gossiping/M.1495157381.A.AD5.html download to ptt/Gossiping/20356_18.txt, time: 1.960000
/bbs/Gossiping/M.1495157419.A.AE1.html download to ptt/Gossiping/20356_19.txt, time: 3.140000
time: 534.5380890369415 seconds
