page 20370
/bbs/Gossiping/M.1495164526.A.00B.html download to ptt/Gossiping/20370_0.txt, time: 5.690000
/bbs/Gossiping/M.1495164534.A.C92.html download to ptt/Gossiping/20370_1.txt, time: 6.340000
/bbs/Gossiping/M.1495164552.A.F28.html download to ptt/Gossiping/20370_2.txt, time: 4.960000
/bbs/Gossiping/M.1495164560.A.5E1.html download to ptt/Gossiping/20370_3.txt, time: 3.990000
/bbs/Gossiping/M.1495164629.A.C34.html download to ptt/Gossiping/20370_4.txt, time: 2.890000
/bbs/Gossiping/M.1495164633.A.BEF.html download to ptt/Gossiping/20370_5.txt, time: 4.440000
/bbs/Gossiping/M.1495164697.A.70B.html download to ptt/Gossiping/20370_6.txt, time: 3.170000
/bbs/Gossiping/M.1495164744.A.59C.html download to ptt/Gossiping/20370_7.txt, time: 5.840000
/bbs/Gossiping/M.1495164748.A.595.html download to ptt/Gossiping/20370_8.txt, time: 7.150000
/bbs/Gossiping/M.1495164749.A.545.html download to ptt/Gossiping/20370_9.txt, time: 4.140000
/bbs/Gossiping/M.1495164762.A.53C.html download to ptt/Gossiping/20370_10.txt, time: 3.840000
/bbs/Gossiping/M.1495164796.A.F25.html download to ptt/Gossiping/20370_11.txt, time: 3.490000
/bbs/Gossiping/M.1495164825.A.F7E.html download to ptt/Gossiping/20370_12.txt, time: 6.400000
/bbs/Gossiping/M.1495164844.A.A54.html download to ptt/Gossiping/20370_13.txt, time: 3.030000
/bbs/Gossiping/M.1495164886.A.94E.html download to ptt/Gossiping/20370_14.txt, time: 4.910000
/bbs/Gossiping/M.1495164949.A.D45.html download to ptt/Gossiping/20370_15.txt, time: 4.200000
/bbs/Gossiping/M.1495164949.A.674.html download to ptt/Gossiping/20370_16.txt, time: 5.270000
/bbs/Gossiping/M.1495165014.A.9A3.html download to ptt/Gossiping/20370_17.txt, time: 4.400000
/bbs/Gossiping/M.1495165028.A.D2C.html download to ptt/Gossiping/20370_18.txt, time: 3.560000
/bbs/Gossiping/M.1495165037.A.DAA.html download to ptt/Gossiping/20370_19.txt, time: 4.900000
page 20369
/bbs/Gossiping/M.1495163767.A.6EB.html download to ptt/Gossiping/20369_0.txt, time: 5.880000
/bbs/Gossiping/M.1495163775.A.3CB.html download to ptt/Gossiping/20369_1.txt, time: 4.470000
/bbs/Gossiping/M.1495163866.A.A23.html download to ptt/Gossiping/20369_2.txt, time: 6.370000
/bbs/Gossiping/M.1495163896.A.AEA.html download to ptt/Gossiping/20369_3.txt, time: 7.040000
/bbs/Gossiping/M.1495163905.A.9D3.html download to ptt/Gossiping/20369_4.txt, time: 5.500000
/bbs/Gossiping/M.1495163914.A.598.html download to ptt/Gossiping/20369_5.txt, time: 5.850000
/bbs/Gossiping/M.1495163942.A.727.html download to ptt/Gossiping/20369_6.txt, time: 3.910000
/bbs/Gossiping/M.1495164076.A.C2B.html download to ptt/Gossiping/20369_7.txt, time: 4.590000
/bbs/Gossiping/M.1495164155.A.A75.html download to ptt/Gossiping/20369_8.txt, time: 4.490000
/bbs/Gossiping/M.1495164240.A.A48.html download to ptt/Gossiping/20369_9.txt, time: 4.730000
/bbs/Gossiping/M.1495164266.A.F2A.html download to ptt/Gossiping/20369_10.txt, time: 4.490000
/bbs/Gossiping/M.1495164284.A.75D.html download to ptt/Gossiping/20369_11.txt, time: 4.100000
/bbs/Gossiping/M.1495164287.A.82B.html download to ptt/Gossiping/20369_12.txt, time: 4.800000
/bbs/Gossiping/M.1495164338.A.A86.html download to ptt/Gossiping/20369_13.txt, time: 4.760000
/bbs/Gossiping/M.1495164421.A.A0A.html download to ptt/Gossiping/20369_14.txt, time: 4.840000
/bbs/Gossiping/M.1495164450.A.519.html download to ptt/Gossiping/20369_15.txt, time: 5.780000
/bbs/Gossiping/M.1495164478.A.B57.html download to ptt/Gossiping/20369_16.txt, time: 5.860000
/bbs/Gossiping/M.1495164492.A.188.html download to ptt/Gossiping/20369_17.txt, time: 4.540000
/bbs/Gossiping/M.1495164505.A.78A.html download to ptt/Gossiping/20369_18.txt, time: 13.100000
/bbs/Gossiping/M.1495164518.A.101.html download to ptt/Gossiping/20369_19.txt, time: 11.570000
page 20368
/bbs/Gossiping/M.1495163471.A.B42.html download to ptt/Gossiping/20368_0.txt, time: 7.570000
/bbs/Gossiping/M.1495163471.A.B40.html download to ptt/Gossiping/20368_1.txt, time: 3.730000
/bbs/Gossiping/M.1495163499.A.BE8.html download to ptt/Gossiping/20368_2.txt, time: 4.130000
/bbs/Gossiping/M.1495163504.A.96C.html download to ptt/Gossiping/20368_3.txt, time: 10.270000
/bbs/Gossiping/M.1495163523.A.F26.html download to ptt/Gossiping/20368_4.txt, time: 7.450000
/bbs/Gossiping/M.1495163525.A.5B3.html download to ptt/Gossiping/20368_5.txt, time: 4.690000
/bbs/Gossiping/M.1495163559.A.C43.html download to ptt/Gossiping/20368_6.txt, time: 5.620000
/bbs/Gossiping/M.1495163573.A.1A7.html download to ptt/Gossiping/20368_7.txt, time: 4.590000
/bbs/Gossiping/M.1495163584.A.EF9.html download to ptt/Gossiping/20368_8.txt, time: 5.030000
/bbs/Gossiping/M.1495163597.A.935.html download to ptt/Gossiping/20368_9.txt, time: 4.060000
/bbs/Gossiping/M.1495163608.A.66C.html download to ptt/Gossiping/20368_10.txt, time: 4.870000
/bbs/Gossiping/M.1495163608.A.23A.html download to ptt/Gossiping/20368_11.txt, time: 14.530000
/bbs/Gossiping/M.1495163613.A.86E.html download to ptt/Gossiping/20368_12.txt, time: 3.550000
/bbs/Gossiping/M.1495163618.A.766.html download to ptt/Gossiping/20368_13.txt, time: 3.240000
/bbs/Gossiping/M.1495163641.A.5E2.html download to ptt/Gossiping/20368_14.txt, time: 4.250000
/bbs/Gossiping/M.1495163658.A.432.html download to ptt/Gossiping/20368_15.txt, time: 3.110000
/bbs/Gossiping/M.1495163663.A.451.html download to ptt/Gossiping/20368_16.txt, time: 5.480000
/bbs/Gossiping/M.1495163665.A.C65.html download to ptt/Gossiping/20368_17.txt, time: 5.150000
/bbs/Gossiping/M.1495163698.A.688.html download to ptt/Gossiping/20368_18.txt, time: 3.330000
/bbs/Gossiping/M.1495163716.A.BA1.html download to ptt/Gossiping/20368_19.txt, time: 2.990000
page 20367
/bbs/Gossiping/M.1495163111.A.FEE.html download to ptt/Gossiping/20367_0.txt, time: 6.150000
/bbs/Gossiping/M.1495163116.A.C3F.html download to ptt/Gossiping/20367_1.txt, time: 3.110000
/bbs/Gossiping/M.1495163116.A.4D7.html download to ptt/Gossiping/20367_2.txt, time: 5.430000
/bbs/Gossiping/M.1495163127.A.FED.html download to ptt/Gossiping/20367_3.txt, time: 4.940000
/bbs/Gossiping/M.1495163128.A.679.html download to ptt/Gossiping/20367_4.txt, time: 4.260000
/bbs/Gossiping/M.1495163144.A.C5F.html download to ptt/Gossiping/20367_5.txt, time: 3.670000
/bbs/Gossiping/M.1495163170.A.FC7.html download to ptt/Gossiping/20367_6.txt, time: 3.330000
/bbs/Gossiping/M.1495163214.A.E4D.html download to ptt/Gossiping/20367_7.txt, time: 4.230000
/bbs/Gossiping/M.1495163245.A.948.html download to ptt/Gossiping/20367_8.txt, time: 3.270000
/bbs/Gossiping/M.1495163253.A.3DD.html download to ptt/Gossiping/20367_9.txt, time: 4.550000
/bbs/Gossiping/M.1495163259.A.153.html download to ptt/Gossiping/20367_10.txt, time: 6.000000
/bbs/Gossiping/M.1495163378.A.29B.html download to ptt/Gossiping/20367_11.txt, time: 9.300000
/bbs/Gossiping/M.1495163379.A.9FC.html download to ptt/Gossiping/20367_12.txt, time: 5.450000
/bbs/Gossiping/M.1495163396.A.C66.html download to ptt/Gossiping/20367_13.txt, time: 3.880000
/bbs/Gossiping/M.1495163413.A.7EB.html download to ptt/Gossiping/20367_14.txt, time: 3.420000
empty download to ptt/Gossiping/20367_15.txt, time: 0.000000
/bbs/Gossiping/M.1495163423.A.0D7.html download to ptt/Gossiping/20367_16.txt, time: 4.700000
/bbs/Gossiping/M.1495163426.A.5B6.html download to ptt/Gossiping/20367_17.txt, time: 3.440000
/bbs/Gossiping/M.1495163451.A.768.html download to ptt/Gossiping/20367_18.txt, time: 4.220000
/bbs/Gossiping/M.1495163469.A.29A.html download to ptt/Gossiping/20367_19.txt, time: 5.550000
page 20366
/bbs/Gossiping/M.1495162737.A.E15.html download to ptt/Gossiping/20366_0.txt, time: 4.050000
/bbs/Gossiping/M.1495162777.A.58F.html download to ptt/Gossiping/20366_1.txt, time: 3.060000
/bbs/Gossiping/M.1495162793.A.AA3.html download to ptt/Gossiping/20366_2.txt, time: 5.690000
/bbs/Gossiping/M.1495162809.A.A23.html download to ptt/Gossiping/20366_3.txt, time: 3.110000
/bbs/Gossiping/M.1495162835.A.876.html download to ptt/Gossiping/20366_4.txt, time: 3.650000
/bbs/Gossiping/M.1495162839.A.B40.html download to ptt/Gossiping/20366_5.txt, time: 3.470000
/bbs/Gossiping/M.1495162854.A.E31.html download to ptt/Gossiping/20366_6.txt, time: 4.080000
/bbs/Gossiping/M.1495162862.A.1E9.html download to ptt/Gossiping/20366_7.txt, time: 4.020000
/bbs/Gossiping/M.1495162911.A.71A.html download to ptt/Gossiping/20366_8.txt, time: 3.920000
/bbs/Gossiping/M.1495162922.A.E27.html download to ptt/Gossiping/20366_9.txt, time: 2.440000
/bbs/Gossiping/M.1495162929.A.A01.html download to ptt/Gossiping/20366_10.txt, time: 3.160000
/bbs/Gossiping/M.1495162948.A.676.html download to ptt/Gossiping/20366_11.txt, time: 4.150000
/bbs/Gossiping/M.1495162971.A.605.html download to ptt/Gossiping/20366_12.txt, time: 6.220000
/bbs/Gossiping/M.1495162973.A.1D1.html download to ptt/Gossiping/20366_13.txt, time: 5.770000
/bbs/Gossiping/M.1495162987.A.911.html download to ptt/Gossiping/20366_14.txt, time: 3.120000
/bbs/Gossiping/M.1495163008.A.10F.html download to ptt/Gossiping/20366_15.txt, time: 2.240000
/bbs/Gossiping/M.1495163020.A.CD9.html download to ptt/Gossiping/20366_16.txt, time: 4.830000
/bbs/Gossiping/M.1495163044.A.0E3.html download to ptt/Gossiping/20366_17.txt, time: 1.530000
/bbs/Gossiping/M.1495163097.A.ADB.html download to ptt/Gossiping/20366_18.txt, time: 0.900000
/bbs/Gossiping/M.1495163100.A.216.html download to ptt/Gossiping/20366_19.txt, time: 0.840000
time: 540.3320109844208 seconds
