page 20380
empty download to ptt/Gossiping/20380_0.txt, time: 0.000000
/bbs/Gossiping/M.1495169133.A.374.html download to ptt/Gossiping/20380_1.txt, time: 6.560000
/bbs/Gossiping/M.1495169178.A.5C7.html download to ptt/Gossiping/20380_2.txt, time: 4.800000
/bbs/Gossiping/M.1495169207.A.FDF.html download to ptt/Gossiping/20380_3.txt, time: 5.640000
/bbs/Gossiping/M.1495169220.A.F80.html download to ptt/Gossiping/20380_4.txt, time: 5.720000
/bbs/Gossiping/M.1495169303.A.A2D.html download to ptt/Gossiping/20380_5.txt, time: 5.190000
/bbs/Gossiping/M.1495169330.A.301.html download to ptt/Gossiping/20380_6.txt, time: 10.280000
/bbs/Gossiping/M.1495169356.A.5A2.html download to ptt/Gossiping/20380_7.txt, time: 4.760000
/bbs/Gossiping/M.1495169457.A.7EE.html download to ptt/Gossiping/20380_8.txt, time: 4.530000
/bbs/Gossiping/M.1495169470.A.597.html download to ptt/Gossiping/20380_9.txt, time: 3.940000
/bbs/Gossiping/M.1495169482.A.A99.html download to ptt/Gossiping/20380_10.txt, time: 4.670000
/bbs/Gossiping/M.1495169520.A.5AA.html download to ptt/Gossiping/20380_11.txt, time: 4.460000
/bbs/Gossiping/M.1495169621.A.163.html download to ptt/Gossiping/20380_12.txt, time: 5.170000
/bbs/Gossiping/M.1495169635.A.6A6.html download to ptt/Gossiping/20380_13.txt, time: 5.740000
/bbs/Gossiping/M.1495169695.A.585.html download to ptt/Gossiping/20380_14.txt, time: 6.180000
/bbs/Gossiping/M.1495169707.A.34E.html download to ptt/Gossiping/20380_15.txt, time: 5.760000
/bbs/Gossiping/M.1495169725.A.FDA.html download to ptt/Gossiping/20380_16.txt, time: 4.680000
/bbs/Gossiping/M.1495169735.A.6B1.html download to ptt/Gossiping/20380_17.txt, time: 5.180000
/bbs/Gossiping/M.1495169746.A.344.html download to ptt/Gossiping/20380_18.txt, time: 4.540000
/bbs/Gossiping/M.1495169755.A.E2F.html download to ptt/Gossiping/20380_19.txt, time: 3.500000
page 20379
/bbs/Gossiping/M.1495168685.A.2F1.html download to ptt/Gossiping/20379_0.txt, time: 4.940000
/bbs/Gossiping/M.1495168717.A.614.html download to ptt/Gossiping/20379_1.txt, time: 6.940000
/bbs/Gossiping/M.1495168735.A.E25.html download to ptt/Gossiping/20379_2.txt, time: 4.270000
/bbs/Gossiping/M.1495168745.A.4F6.html download to ptt/Gossiping/20379_3.txt, time: 5.000000
/bbs/Gossiping/M.1495168764.A.836.html download to ptt/Gossiping/20379_4.txt, time: 3.730000
/bbs/Gossiping/M.1495168778.A.EA0.html download to ptt/Gossiping/20379_5.txt, time: 4.170000
/bbs/Gossiping/M.1495168797.A.0F8.html download to ptt/Gossiping/20379_6.txt, time: 3.040000
/bbs/Gossiping/M.1495168868.A.57D.html download to ptt/Gossiping/20379_7.txt, time: 3.260000
/bbs/Gossiping/M.1495168877.A.519.html download to ptt/Gossiping/20379_8.txt, time: 5.760000
/bbs/Gossiping/M.1495168880.A.58E.html download to ptt/Gossiping/20379_9.txt, time: 6.260000
/bbs/Gossiping/M.1495168938.A.7D2.html download to ptt/Gossiping/20379_10.txt, time: 6.140000
/bbs/Gossiping/M.1495168967.A.FC6.html download to ptt/Gossiping/20379_11.txt, time: 5.280000
/bbs/Gossiping/M.1495168971.A.F32.html download to ptt/Gossiping/20379_12.txt, time: 3.740000
/bbs/Gossiping/M.1495168973.A.871.html download to ptt/Gossiping/20379_13.txt, time: 5.300000
/bbs/Gossiping/M.1495168982.A.86C.html download to ptt/Gossiping/20379_14.txt, time: 4.230000
/bbs/Gossiping/M.1495169045.A.1DE.html download to ptt/Gossiping/20379_15.txt, time: 9.160000
/bbs/Gossiping/M.1495169072.A.332.html download to ptt/Gossiping/20379_16.txt, time: 3.930000
/bbs/Gossiping/M.1495169081.A.E42.html download to ptt/Gossiping/20379_17.txt, time: 4.940000
/bbs/Gossiping/M.1495169093.A.0CD.html download to ptt/Gossiping/20379_18.txt, time: 3.830000
/bbs/Gossiping/M.1495169111.A.A4E.html download to ptt/Gossiping/20379_19.txt, time: 5.880000
page 20378
/bbs/Gossiping/M.1495168311.A.088.html download to ptt/Gossiping/20378_0.txt, time: 4.120000
/bbs/Gossiping/M.1495168322.A.E1B.html download to ptt/Gossiping/20378_1.txt, time: 4.290000
/bbs/Gossiping/M.1495168331.A.2A9.html download to ptt/Gossiping/20378_2.txt, time: 7.410000
/bbs/Gossiping/M.1495168368.A.E4C.html download to ptt/Gossiping/20378_3.txt, time: 4.450000
/bbs/Gossiping/M.1495168412.A.5CD.html download to ptt/Gossiping/20378_4.txt, time: 7.090000
/bbs/Gossiping/M.1495168436.A.5C1.html download to ptt/Gossiping/20378_5.txt, time: 6.600000
/bbs/Gossiping/M.1495168448.A.192.html download to ptt/Gossiping/20378_6.txt, time: 10.870000
/bbs/Gossiping/M.1495168471.A.387.html download to ptt/Gossiping/20378_7.txt, time: 8.800000
/bbs/Gossiping/M.1495168491.A.E89.html download to ptt/Gossiping/20378_8.txt, time: 3.770000
/bbs/Gossiping/M.1495168503.A.69F.html download to ptt/Gossiping/20378_9.txt, time: 4.410000
/bbs/Gossiping/M.1495168513.A.F09.html download to ptt/Gossiping/20378_10.txt, time: 3.170000
/bbs/Gossiping/M.1495168527.A.A26.html download to ptt/Gossiping/20378_11.txt, time: 3.970000
/bbs/Gossiping/M.1495168539.A.CE0.html download to ptt/Gossiping/20378_12.txt, time: 8.090000
/bbs/Gossiping/M.1495168598.A.8B8.html download to ptt/Gossiping/20378_13.txt, time: 3.280000
/bbs/Gossiping/M.1495168611.A.E75.html download to ptt/Gossiping/20378_14.txt, time: 3.560000
/bbs/Gossiping/M.1495168623.A.D46.html download to ptt/Gossiping/20378_15.txt, time: 4.620000
/bbs/Gossiping/M.1495168639.A.1E3.html download to ptt/Gossiping/20378_16.txt, time: 3.440000
/bbs/Gossiping/M.1495168659.A.E4F.html download to ptt/Gossiping/20378_17.txt, time: 3.700000
/bbs/Gossiping/M.1495168675.A.091.html download to ptt/Gossiping/20378_18.txt, time: 3.900000
/bbs/Gossiping/M.1495168679.A.322.html download to ptt/Gossiping/20378_19.txt, time: 3.480000
page 20377
/bbs/Gossiping/M.1495167843.A.117.html download to ptt/Gossiping/20377_0.txt, time: 3.990000
/bbs/Gossiping/M.1495167906.A.27F.html download to ptt/Gossiping/20377_1.txt, time: 4.410000
/bbs/Gossiping/M.1495167930.A.AB9.html download to ptt/Gossiping/20377_2.txt, time: 3.790000
/bbs/Gossiping/M.1495167932.A.AFB.html download to ptt/Gossiping/20377_3.txt, time: 5.670000
/bbs/Gossiping/M.1495167957.A.669.html download to ptt/Gossiping/20377_4.txt, time: 5.580000
/bbs/Gossiping/M.1495168000.A.7A6.html download to ptt/Gossiping/20377_5.txt, time: 2.860000
/bbs/Gossiping/M.1495168050.A.086.html download to ptt/Gossiping/20377_6.txt, time: 2.440000
/bbs/Gossiping/M.1495168065.A.F8B.html download to ptt/Gossiping/20377_7.txt, time: 3.900000
/bbs/Gossiping/M.1495168074.A.D18.html download to ptt/Gossiping/20377_8.txt, time: 3.370000
/bbs/Gossiping/M.1495168075.A.DE1.html download to ptt/Gossiping/20377_9.txt, time: 5.110000
/bbs/Gossiping/M.1495168092.A.324.html download to ptt/Gossiping/20377_10.txt, time: 3.570000
/bbs/Gossiping/M.1495168100.A.276.html download to ptt/Gossiping/20377_11.txt, time: 5.070000
/bbs/Gossiping/M.1495168125.A.971.html download to ptt/Gossiping/20377_12.txt, time: 4.280000
/bbs/Gossiping/M.1495168131.A.C76.html download to ptt/Gossiping/20377_13.txt, time: 6.960000
/bbs/Gossiping/M.1495168135.A.B50.html download to ptt/Gossiping/20377_14.txt, time: 7.630000
/bbs/Gossiping/M.1495168169.A.B45.html download to ptt/Gossiping/20377_15.txt, time: 3.020000
/bbs/Gossiping/M.1495168171.A.E00.html download to ptt/Gossiping/20377_16.txt, time: 3.280000
/bbs/Gossiping/M.1495168186.A.018.html download to ptt/Gossiping/20377_17.txt, time: 3.260000
/bbs/Gossiping/M.1495168245.A.A4B.html download to ptt/Gossiping/20377_18.txt, time: 3.260000
/bbs/Gossiping/M.1495168254.A.360.html download to ptt/Gossiping/20377_19.txt, time: 5.770000
page 20376
/bbs/Gossiping/M.1495167451.A.A22.html download to ptt/Gossiping/20376_0.txt, time: 3.220000
/bbs/Gossiping/M.1495167474.A.5DC.html download to ptt/Gossiping/20376_1.txt, time: 5.150000
/bbs/Gossiping/M.1495167529.A.613.html download to ptt/Gossiping/20376_2.txt, time: 3.980000
/bbs/Gossiping/M.1495167535.A.D46.html download to ptt/Gossiping/20376_3.txt, time: 3.600000
/bbs/Gossiping/M.1495167536.A.69D.html download to ptt/Gossiping/20376_4.txt, time: 2.890000
/bbs/Gossiping/M.1495167544.A.2E3.html download to ptt/Gossiping/20376_5.txt, time: 3.340000
/bbs/Gossiping/M.1495167544.A.FE5.html download to ptt/Gossiping/20376_6.txt, time: 3.520000
/bbs/Gossiping/M.1495167544.A.3C1.html download to ptt/Gossiping/20376_7.txt, time: 4.030000
/bbs/Gossiping/M.1495167600.A.8FE.html download to ptt/Gossiping/20376_8.txt, time: 3.080000
/bbs/Gossiping/M.1495167619.A.3D4.html download to ptt/Gossiping/20376_9.txt, time: 4.130000
/bbs/Gossiping/M.1495167640.A.E1C.html download to ptt/Gossiping/20376_10.txt, time: 2.830000
/bbs/Gossiping/M.1495167685.A.FE4.html download to ptt/Gossiping/20376_11.txt, time: 2.630000
/bbs/Gossiping/M.1495167708.A.994.html download to ptt/Gossiping/20376_12.txt, time: 3.510000
/bbs/Gossiping/M.1495167725.A.9C2.html download to ptt/Gossiping/20376_13.txt, time: 2.610000
/bbs/Gossiping/M.1495167732.A.C63.html download to ptt/Gossiping/20376_14.txt, time: 3.720000
/bbs/Gossiping/M.1495167754.A.358.html download to ptt/Gossiping/20376_15.txt, time: 3.230000
/bbs/Gossiping/M.1495167776.A.16E.html download to ptt/Gossiping/20376_16.txt, time: 4.100000
/bbs/Gossiping/M.1495167825.A.083.html download to ptt/Gossiping/20376_17.txt, time: 7.190000
/bbs/Gossiping/M.1495167830.A.397.html download to ptt/Gossiping/20376_18.txt, time: 4.030000
/bbs/Gossiping/M.1495167831.A.267.html download to ptt/Gossiping/20376_19.txt, time: 3.980000
time: 532.855893611908 seconds
