page 20390
/bbs/Gossiping/M.1495174605.A.648.html download to ptt/Gossiping/20390_0.txt, time: 5.780000
/bbs/Gossiping/M.1495174609.A.D28.html download to ptt/Gossiping/20390_1.txt, time: 5.050000
/bbs/Gossiping/M.1495174656.A.DA5.html download to ptt/Gossiping/20390_2.txt, time: 4.250000
/bbs/Gossiping/M.1495174672.A.2F5.html download to ptt/Gossiping/20390_3.txt, time: 4.840000
/bbs/Gossiping/M.1495174712.A.080.html download to ptt/Gossiping/20390_4.txt, time: 3.850000
/bbs/Gossiping/M.1495174738.A.83A.html download to ptt/Gossiping/20390_5.txt, time: 4.700000
/bbs/Gossiping/M.1495174799.A.ED3.html download to ptt/Gossiping/20390_6.txt, time: 5.380000
/bbs/Gossiping/M.1495174825.A.29B.html download to ptt/Gossiping/20390_7.txt, time: 7.680000
/bbs/Gossiping/M.1495174840.A.7E9.html download to ptt/Gossiping/20390_8.txt, time: 3.850000
/bbs/Gossiping/M.1495174880.A.6E9.html download to ptt/Gossiping/20390_9.txt, time: 6.120000
/bbs/Gossiping/M.1495174914.A.777.html download to ptt/Gossiping/20390_10.txt, time: 4.320000
/bbs/Gossiping/M.1495174969.A.175.html download to ptt/Gossiping/20390_11.txt, time: 4.260000
/bbs/Gossiping/M.1495175021.A.BEC.html download to ptt/Gossiping/20390_12.txt, time: 4.380000
/bbs/Gossiping/M.1495175031.A.964.html download to ptt/Gossiping/20390_13.txt, time: 6.080000
/bbs/Gossiping/M.1495175045.A.050.html download to ptt/Gossiping/20390_14.txt, time: 3.610000
/bbs/Gossiping/M.1495175063.A.29E.html download to ptt/Gossiping/20390_15.txt, time: 4.300000
/bbs/Gossiping/M.1495175065.A.056.html download to ptt/Gossiping/20390_16.txt, time: 3.650000
/bbs/Gossiping/M.1495175147.A.7CC.html download to ptt/Gossiping/20390_17.txt, time: 2.920000
/bbs/Gossiping/M.1495175163.A.05C.html download to ptt/Gossiping/20390_18.txt, time: 2.940000
/bbs/Gossiping/M.1495175167.A.0C9.html download to ptt/Gossiping/20390_19.txt, time: 3.740000
page 20389
/bbs/Gossiping/M.1495174086.A.D46.html download to ptt/Gossiping/20389_0.txt, time: 5.860000
/bbs/Gossiping/M.1495174091.A.F03.html download to ptt/Gossiping/20389_1.txt, time: 4.050000
/bbs/Gossiping/M.1495174128.A.161.html download to ptt/Gossiping/20389_2.txt, time: 4.650000
/bbs/Gossiping/M.1495174140.A.D5D.html download to ptt/Gossiping/20389_3.txt, time: 5.670000
/bbs/Gossiping/M.1495174158.A.E38.html download to ptt/Gossiping/20389_4.txt, time: 5.120000
/bbs/Gossiping/M.1495174250.A.A6D.html download to ptt/Gossiping/20389_5.txt, time: 5.180000
/bbs/Gossiping/M.1495174258.A.123.html download to ptt/Gossiping/20389_6.txt, time: 4.590000
/bbs/Gossiping/M.1495174273.A.EED.html download to ptt/Gossiping/20389_7.txt, time: 3.410000
/bbs/Gossiping/M.1495174336.A.D35.html download to ptt/Gossiping/20389_8.txt, time: 5.630000
/bbs/Gossiping/M.1495174340.A.671.html download to ptt/Gossiping/20389_9.txt, time: 4.570000
/bbs/Gossiping/M.1495174379.A.05D.html download to ptt/Gossiping/20389_10.txt, time: 4.380000
/bbs/Gossiping/M.1495174399.A.AF6.html download to ptt/Gossiping/20389_11.txt, time: 5.250000
/bbs/Gossiping/M.1495174426.A.61B.html download to ptt/Gossiping/20389_12.txt, time: 6.690000
/bbs/Gossiping/M.1495174453.A.04A.html download to ptt/Gossiping/20389_13.txt, time: 5.990000
/bbs/Gossiping/M.1495174483.A.EBC.html download to ptt/Gossiping/20389_14.txt, time: 5.620000
/bbs/Gossiping/M.1495174492.A.2A6.html download to ptt/Gossiping/20389_15.txt, time: 4.670000
/bbs/Gossiping/M.1495174528.A.8F1.html download to ptt/Gossiping/20389_16.txt, time: 5.560000
/bbs/Gossiping/M.1495174540.A.C0A.html download to ptt/Gossiping/20389_17.txt, time: 4.350000
/bbs/Gossiping/M.1495174555.A.941.html download to ptt/Gossiping/20389_18.txt, time: 11.570000
/bbs/Gossiping/M.1495174573.A.7BE.html download to ptt/Gossiping/20389_19.txt, time: 4.830000
page 20388
/bbs/Gossiping/M.1495173488.A.40B.html download to ptt/Gossiping/20388_0.txt, time: 5.990000
/bbs/Gossiping/M.1495173653.A.7B1.html download to ptt/Gossiping/20388_1.txt, time: 8.640000
/bbs/Gossiping/M.1495173704.A.148.html download to ptt/Gossiping/20388_2.txt, time: 4.680000
/bbs/Gossiping/M.1495173704.A.E9D.html download to ptt/Gossiping/20388_3.txt, time: 6.200000
/bbs/Gossiping/M.1495173738.A.C20.html download to ptt/Gossiping/20388_4.txt, time: 9.610000
/bbs/Gossiping/M.1495173773.A.7FF.html download to ptt/Gossiping/20388_5.txt, time: 16.880000
/bbs/Gossiping/M.1495173798.A.509.html download to ptt/Gossiping/20388_6.txt, time: 3.740000
/bbs/Gossiping/M.1495173800.A.DE2.html download to ptt/Gossiping/20388_7.txt, time: 10.310000
/bbs/Gossiping/M.1495173832.A.4C7.html download to ptt/Gossiping/20388_8.txt, time: 8.380000
/bbs/Gossiping/M.1495173834.A.467.html download to ptt/Gossiping/20388_9.txt, time: 4.590000
/bbs/Gossiping/M.1495173856.A.A55.html download to ptt/Gossiping/20388_10.txt, time: 6.380000
/bbs/Gossiping/M.1495173862.A.11D.html download to ptt/Gossiping/20388_11.txt, time: 4.080000
/bbs/Gossiping/M.1495173892.A.632.html download to ptt/Gossiping/20388_12.txt, time: 5.420000
/bbs/Gossiping/M.1495173905.A.2E6.html download to ptt/Gossiping/20388_13.txt, time: 3.560000
/bbs/Gossiping/M.1495173922.A.7A4.html download to ptt/Gossiping/20388_14.txt, time: 3.950000
/bbs/Gossiping/M.1495173931.A.6FB.html download to ptt/Gossiping/20388_15.txt, time: 5.760000
/bbs/Gossiping/M.1495173975.A.742.html download to ptt/Gossiping/20388_16.txt, time: 4.750000
/bbs/Gossiping/M.1495174023.A.0D0.html download to ptt/Gossiping/20388_17.txt, time: 4.780000
/bbs/Gossiping/M.1495174029.A.4DE.html download to ptt/Gossiping/20388_18.txt, time: 3.880000
/bbs/Gossiping/M.1495174046.A.28F.html download to ptt/Gossiping/20388_19.txt, time: 5.170000
page 20387
/bbs/Gossiping/M.1495172939.A.73F.html download to ptt/Gossiping/20387_0.txt, time: 4.290000
/bbs/Gossiping/M.1495173005.A.DFC.html download to ptt/Gossiping/20387_1.txt, time: 4.530000
/bbs/Gossiping/M.1495173007.A.5B2.html download to ptt/Gossiping/20387_2.txt, time: 5.470000
/bbs/Gossiping/M.1495173008.A.3A4.html download to ptt/Gossiping/20387_3.txt, time: 3.460000
/bbs/Gossiping/M.1495173103.A.575.html download to ptt/Gossiping/20387_4.txt, time: 3.590000
/bbs/Gossiping/M.1495173151.A.77C.html download to ptt/Gossiping/20387_5.txt, time: 5.030000
/bbs/Gossiping/M.1495173159.A.A75.html download to ptt/Gossiping/20387_6.txt, time: 4.340000
/bbs/Gossiping/M.1495173176.A.6DD.html download to ptt/Gossiping/20387_7.txt, time: 4.920000
/bbs/Gossiping/M.1495173243.A.866.html download to ptt/Gossiping/20387_8.txt, time: 5.110000
/bbs/Gossiping/M.1495173256.A.4ED.html download to ptt/Gossiping/20387_9.txt, time: 7.390000
/bbs/Gossiping/M.1495173260.A.713.html download to ptt/Gossiping/20387_10.txt, time: 5.340000
/bbs/Gossiping/M.1495173262.A.D57.html download to ptt/Gossiping/20387_11.txt, time: 6.090000
/bbs/Gossiping/M.1495173282.A.170.html download to ptt/Gossiping/20387_12.txt, time: 3.350000
/bbs/Gossiping/M.1495173314.A.ADD.html download to ptt/Gossiping/20387_13.txt, time: 4.430000
/bbs/Gossiping/M.1495173338.A.9C7.html download to ptt/Gossiping/20387_14.txt, time: 3.170000
/bbs/Gossiping/M.1495173349.A.C5D.html download to ptt/Gossiping/20387_15.txt, time: 3.570000
/bbs/Gossiping/M.1495173380.A.AA8.html download to ptt/Gossiping/20387_16.txt, time: 3.600000
/bbs/Gossiping/M.1495173432.A.C67.html download to ptt/Gossiping/20387_17.txt, time: 3.160000
/bbs/Gossiping/M.1495173475.A.9E5.html download to ptt/Gossiping/20387_18.txt, time: 4.030000
/bbs/Gossiping/M.1495173479.A.640.html download to ptt/Gossiping/20387_19.txt, time: 4.130000
page 20386
/bbs/Gossiping/M.1495172083.A.E89.html download to ptt/Gossiping/20386_0.txt, time: 4.490000
/bbs/Gossiping/M.1495172146.A.48F.html download to ptt/Gossiping/20386_1.txt, time: 3.990000
/bbs/Gossiping/M.1495172232.A.C1C.html download to ptt/Gossiping/20386_2.txt, time: 5.110000
/bbs/Gossiping/M.1495172246.A.A62.html download to ptt/Gossiping/20386_3.txt, time: 4.460000
/bbs/Gossiping/M.1495172306.A.745.html download to ptt/Gossiping/20386_4.txt, time: 3.390000
/bbs/Gossiping/M.1495172321.A.14C.html download to ptt/Gossiping/20386_5.txt, time: 2.860000
/bbs/Gossiping/M.1495172354.A.B8E.html download to ptt/Gossiping/20386_6.txt, time: 3.930000
/bbs/Gossiping/M.1495172392.A.BAC.html download to ptt/Gossiping/20386_7.txt, time: 4.300000
/bbs/Gossiping/M.1495172472.A.635.html download to ptt/Gossiping/20386_8.txt, time: 2.840000
/bbs/Gossiping/M.1495172502.A.B43.html download to ptt/Gossiping/20386_9.txt, time: 3.710000
/bbs/Gossiping/M.1495172511.A.07C.html download to ptt/Gossiping/20386_10.txt, time: 4.540000
/bbs/Gossiping/M.1495172552.A.89F.html download to ptt/Gossiping/20386_11.txt, time: 4.710000
/bbs/Gossiping/M.1495172596.A.1A9.html download to ptt/Gossiping/20386_12.txt, time: 2.240000
/bbs/Gossiping/M.1495172670.A.F77.html download to ptt/Gossiping/20386_13.txt, time: 3.920000
/bbs/Gossiping/M.1495172713.A.39D.html download to ptt/Gossiping/20386_14.txt, time: 1.960000
/bbs/Gossiping/M.1495172746.A.0F9.html download to ptt/Gossiping/20386_15.txt, time: 3.860000
/bbs/Gossiping/M.1495172770.A.58F.html download to ptt/Gossiping/20386_16.txt, time: 1.040000
/bbs/Gossiping/M.1495172845.A.EDE.html download to ptt/Gossiping/20386_17.txt, time: 1.020000
/bbs/Gossiping/M.1495172884.A.981.html download to ptt/Gossiping/20386_18.txt, time: 0.880000
/bbs/Gossiping/M.1495172921.A.E14.html download to ptt/Gossiping/20386_19.txt, time: 0.820000
time: 534.9992799758911 seconds
