page 20400
/bbs/Gossiping/M.1495180166.A.9FF.html download to ptt/Gossiping/20400_0.txt, time: 5.550000
/bbs/Gossiping/M.1495180211.A.D46.html download to ptt/Gossiping/20400_1.txt, time: 3.730000
/bbs/Gossiping/M.1495180233.A.AB3.html download to ptt/Gossiping/20400_2.txt, time: 4.090000
/bbs/Gossiping/M.1495180269.A.8BF.html download to ptt/Gossiping/20400_3.txt, time: 5.430000
/bbs/Gossiping/M.1495180330.A.165.html download to ptt/Gossiping/20400_4.txt, time: 3.820000
/bbs/Gossiping/M.1495180359.A.879.html download to ptt/Gossiping/20400_5.txt, time: 4.420000
/bbs/Gossiping/M.1495180367.A.B0F.html download to ptt/Gossiping/20400_6.txt, time: 7.210000
/bbs/Gossiping/M.1495180380.A.3FA.html download to ptt/Gossiping/20400_7.txt, time: 5.470000
/bbs/Gossiping/M.1495180381.A.3F6.html download to ptt/Gossiping/20400_8.txt, time: 4.940000
/bbs/Gossiping/M.1495180467.A.108.html download to ptt/Gossiping/20400_9.txt, time: 6.490000
/bbs/Gossiping/M.1495180493.A.BEC.html download to ptt/Gossiping/20400_10.txt, time: 5.360000
/bbs/Gossiping/M.1495180518.A.3F7.html download to ptt/Gossiping/20400_11.txt, time: 3.480000
/bbs/Gossiping/M.1495180565.A.852.html download to ptt/Gossiping/20400_12.txt, time: 3.440000
/bbs/Gossiping/M.1495180645.A.E86.html download to ptt/Gossiping/20400_13.txt, time: 5.680000
/bbs/Gossiping/M.1495180675.A.3C8.html download to ptt/Gossiping/20400_14.txt, time: 4.930000
/bbs/Gossiping/M.1495180767.A.B39.html download to ptt/Gossiping/20400_15.txt, time: 4.780000
/bbs/Gossiping/M.1495180788.A.3D5.html download to ptt/Gossiping/20400_16.txt, time: 6.250000
/bbs/Gossiping/M.1495180804.A.E17.html download to ptt/Gossiping/20400_17.txt, time: 5.590000
/bbs/Gossiping/M.1495180858.A.17A.html download to ptt/Gossiping/20400_18.txt, time: 4.080000
/bbs/Gossiping/M.1495180866.A.5C0.html download to ptt/Gossiping/20400_19.txt, time: 3.130000
page 20399
/bbs/Gossiping/M.1495179650.A.284.html download to ptt/Gossiping/20399_0.txt, time: 5.380000
/bbs/Gossiping/M.1495179650.A.DEA.html download to ptt/Gossiping/20399_1.txt, time: 5.320000
/bbs/Gossiping/M.1495179676.A.E13.html download to ptt/Gossiping/20399_2.txt, time: 3.590000
/bbs/Gossiping/M.1495179692.A.0DF.html download to ptt/Gossiping/20399_3.txt, time: 5.010000
/bbs/Gossiping/M.1495179722.A.8FC.html download to ptt/Gossiping/20399_4.txt, time: 4.410000
/bbs/Gossiping/M.1495179812.A.B87.html download to ptt/Gossiping/20399_5.txt, time: 4.170000
/bbs/Gossiping/M.1495179825.A.BF3.html download to ptt/Gossiping/20399_6.txt, time: 5.980000
/bbs/Gossiping/M.1495179849.A.A34.html download to ptt/Gossiping/20399_7.txt, time: 4.340000
/bbs/Gossiping/M.1495179878.A.73B.html download to ptt/Gossiping/20399_8.txt, time: 5.630000
/bbs/Gossiping/M.1495179880.A.643.html download to ptt/Gossiping/20399_9.txt, time: 4.480000
/bbs/Gossiping/M.1495179883.A.A70.html download to ptt/Gossiping/20399_10.txt, time: 4.860000
/bbs/Gossiping/M.1495179952.A.389.html download to ptt/Gossiping/20399_11.txt, time: 4.640000
/bbs/Gossiping/M.1495179957.A.C06.html download to ptt/Gossiping/20399_12.txt, time: 4.270000
/bbs/Gossiping/M.1495179979.A.CA0.html download to ptt/Gossiping/20399_13.txt, time: 5.590000
/bbs/Gossiping/M.1495179984.A.ADA.html download to ptt/Gossiping/20399_14.txt, time: 10.050000
/bbs/Gossiping/M.1495180000.A.7F9.html download to ptt/Gossiping/20399_15.txt, time: 10.990000
/bbs/Gossiping/M.1495180014.A.189.html download to ptt/Gossiping/20399_16.txt, time: 5.550000
/bbs/Gossiping/M.1495180040.A.134.html download to ptt/Gossiping/20399_17.txt, time: 6.840000
/bbs/Gossiping/M.1495180081.A.949.html download to ptt/Gossiping/20399_18.txt, time: 5.940000
/bbs/Gossiping/M.1495180119.A.F7E.html download to ptt/Gossiping/20399_19.txt, time: 11.110000
page 20398
/bbs/Gossiping/M.1495179026.A.D31.html download to ptt/Gossiping/20398_0.txt, time: 5.240000
/bbs/Gossiping/M.1495179041.A.523.html download to ptt/Gossiping/20398_1.txt, time: 5.150000
/bbs/Gossiping/M.1495179111.A.B9D.html download to ptt/Gossiping/20398_2.txt, time: 6.130000
/bbs/Gossiping/M.1495179156.A.E70.html download to ptt/Gossiping/20398_3.txt, time: 3.320000
/bbs/Gossiping/M.1495179162.A.40A.html download to ptt/Gossiping/20398_4.txt, time: 3.720000
/bbs/Gossiping/M.1495179191.A.A11.html download to ptt/Gossiping/20398_5.txt, time: 4.160000
/bbs/Gossiping/M.1495179202.A.610.html download to ptt/Gossiping/20398_6.txt, time: 3.760000
/bbs/Gossiping/M.1495179258.A.A28.html download to ptt/Gossiping/20398_7.txt, time: 5.770000
/bbs/Gossiping/M.1495179271.A.B53.html download to ptt/Gossiping/20398_8.txt, time: 5.060000
/bbs/Gossiping/M.1495179293.A.349.html download to ptt/Gossiping/20398_9.txt, time: 3.710000
/bbs/Gossiping/M.1495179320.A.0B0.html download to ptt/Gossiping/20398_10.txt, time: 6.500000
/bbs/Gossiping/M.1495179323.A.7AA.html download to ptt/Gossiping/20398_11.txt, time: 13.030000
/bbs/Gossiping/M.1495179383.A.B3A.html download to ptt/Gossiping/20398_12.txt, time: 3.300000
/bbs/Gossiping/M.1495179393.A.A43.html download to ptt/Gossiping/20398_13.txt, time: 4.760000
/bbs/Gossiping/M.1495179468.A.861.html download to ptt/Gossiping/20398_14.txt, time: 4.130000
/bbs/Gossiping/M.1495179488.A.EDB.html download to ptt/Gossiping/20398_15.txt, time: 4.060000
/bbs/Gossiping/M.1495179524.A.71C.html download to ptt/Gossiping/20398_16.txt, time: 5.990000
/bbs/Gossiping/M.1495179525.A.5C8.html download to ptt/Gossiping/20398_17.txt, time: 4.430000
/bbs/Gossiping/M.1495179528.A.668.html download to ptt/Gossiping/20398_18.txt, time: 4.070000
/bbs/Gossiping/M.1495179541.A.EB5.html download to ptt/Gossiping/20398_19.txt, time: 4.070000
page 20397
/bbs/Gossiping/M.1495178556.A.FAD.html download to ptt/Gossiping/20397_0.txt, time: 3.980000
/bbs/Gossiping/M.1495178576.A.C36.html download to ptt/Gossiping/20397_1.txt, time: 6.160000
/bbs/Gossiping/M.1495178597.A.D17.html download to ptt/Gossiping/20397_2.txt, time: 5.270000
/bbs/Gossiping/M.1495178624.A.F39.html download to ptt/Gossiping/20397_3.txt, time: 2.840000
/bbs/Gossiping/M.1495178673.A.ED5.html download to ptt/Gossiping/20397_4.txt, time: 3.540000
/bbs/Gossiping/M.1495178673.A.FDE.html download to ptt/Gossiping/20397_5.txt, time: 3.640000
/bbs/Gossiping/M.1495178692.A.078.html download to ptt/Gossiping/20397_6.txt, time: 5.850000
/bbs/Gossiping/M.1495178706.A.866.html download to ptt/Gossiping/20397_7.txt, time: 2.850000
/bbs/Gossiping/M.1495178726.A.0D0.html download to ptt/Gossiping/20397_8.txt, time: 4.650000
/bbs/Gossiping/M.1495178738.A.3CA.html download to ptt/Gossiping/20397_9.txt, time: 4.170000
/bbs/Gossiping/M.1495178745.A.193.html download to ptt/Gossiping/20397_10.txt, time: 7.650000
/bbs/Gossiping/M.1495178818.A.5C8.html download to ptt/Gossiping/20397_11.txt, time: 6.170000
/bbs/Gossiping/M.1495178834.A.08F.html download to ptt/Gossiping/20397_12.txt, time: 5.950000
/bbs/Gossiping/M.1495178868.A.528.html download to ptt/Gossiping/20397_13.txt, time: 4.540000
/bbs/Gossiping/M.1495178932.A.40D.html download to ptt/Gossiping/20397_14.txt, time: 3.230000
/bbs/Gossiping/M.1495178937.A.926.html download to ptt/Gossiping/20397_15.txt, time: 4.800000
/bbs/Gossiping/M.1495178947.A.2A9.html download to ptt/Gossiping/20397_16.txt, time: 4.030000
/bbs/Gossiping/M.1495178973.A.AD9.html download to ptt/Gossiping/20397_17.txt, time: 4.990000
/bbs/Gossiping/M.1495178982.A.FF2.html download to ptt/Gossiping/20397_18.txt, time: 3.740000
/bbs/Gossiping/M.1495179012.A.A96.html download to ptt/Gossiping/20397_19.txt, time: 4.920000
page 20396
/bbs/Gossiping/M.1495178028.A.94F.html download to ptt/Gossiping/20396_0.txt, time: 6.150000
/bbs/Gossiping/M.1495178103.A.A1C.html download to ptt/Gossiping/20396_1.txt, time: 5.010000
/bbs/Gossiping/M.1495178108.A.6FD.html download to ptt/Gossiping/20396_2.txt, time: 3.340000
/bbs/Gossiping/M.1495178179.A.E52.html download to ptt/Gossiping/20396_3.txt, time: 2.910000
/bbs/Gossiping/M.1495178181.A.BD8.html download to ptt/Gossiping/20396_4.txt, time: 3.340000
/bbs/Gossiping/M.1495178229.A.15F.html download to ptt/Gossiping/20396_5.txt, time: 4.640000
/bbs/Gossiping/M.1495178249.A.ECC.html download to ptt/Gossiping/20396_6.txt, time: 3.750000
/bbs/Gossiping/M.1495178268.A.E84.html download to ptt/Gossiping/20396_7.txt, time: 2.740000
/bbs/Gossiping/M.1495178315.A.3F4.html download to ptt/Gossiping/20396_8.txt, time: 4.730000
/bbs/Gossiping/M.1495178315.A.53C.html download to ptt/Gossiping/20396_9.txt, time: 3.940000
/bbs/Gossiping/M.1495178325.A.FE8.html download to ptt/Gossiping/20396_10.txt, time: 3.930000
/bbs/Gossiping/M.1495178374.A.AF9.html download to ptt/Gossiping/20396_11.txt, time: 3.720000
/bbs/Gossiping/M.1495178381.A.EE3.html download to ptt/Gossiping/20396_12.txt, time: 2.440000
/bbs/Gossiping/M.1495178393.A.8F4.html download to ptt/Gossiping/20396_13.txt, time: 1.920000
/bbs/Gossiping/M.1495178478.A.141.html download to ptt/Gossiping/20396_14.txt, time: 1.830000
/bbs/Gossiping/M.1495178514.A.156.html download to ptt/Gossiping/20396_15.txt, time: 2.080000
/bbs/Gossiping/M.1495178522.A.07C.html download to ptt/Gossiping/20396_16.txt, time: 3.850000
/bbs/Gossiping/M.1495178532.A.EFD.html download to ptt/Gossiping/20396_17.txt, time: 1.170000
/bbs/Gossiping/M.1495178539.A.B08.html download to ptt/Gossiping/20396_18.txt, time: 1.340000
/bbs/Gossiping/M.1495178545.A.2F2.html download to ptt/Gossiping/20396_19.txt, time: 0.960000
time: 534.637778043747 seconds
