page 20410
/bbs/Gossiping/M.1495186458.A.9EE.html download to ptt/Gossiping/20410_0.txt, time: 3.580000
/bbs/Gossiping/M.1495186495.A.F03.html download to ptt/Gossiping/20410_1.txt, time: 3.780000
/bbs/Gossiping/M.1495186528.A.9FF.html download to ptt/Gossiping/20410_2.txt, time: 10.200000
/bbs/Gossiping/M.1495186535.A.C1C.html download to ptt/Gossiping/20410_3.txt, time: 5.360000
/bbs/Gossiping/M.1495186565.A.EBC.html download to ptt/Gossiping/20410_4.txt, time: 3.820000
/bbs/Gossiping/M.1495186599.A.5A5.html download to ptt/Gossiping/20410_5.txt, time: 4.500000
/bbs/Gossiping/M.1495186610.A.3C1.html download to ptt/Gossiping/20410_6.txt, time: 5.360000
/bbs/Gossiping/M.1495186612.A.0B0.html download to ptt/Gossiping/20410_7.txt, time: 4.600000
/bbs/Gossiping/M.1495186614.A.2C8.html download to ptt/Gossiping/20410_8.txt, time: 8.590000
/bbs/Gossiping/M.1495186621.A.9BC.html download to ptt/Gossiping/20410_9.txt, time: 5.460000
/bbs/Gossiping/M.1495186631.A.38A.html download to ptt/Gossiping/20410_10.txt, time: 4.200000
/bbs/Gossiping/M.1495186678.A.431.html download to ptt/Gossiping/20410_11.txt, time: 4.440000
/bbs/Gossiping/M.1495186684.A.05E.html download to ptt/Gossiping/20410_12.txt, time: 5.950000
/bbs/Gossiping/M.1495186696.A.743.html download to ptt/Gossiping/20410_13.txt, time: 5.080000
/bbs/Gossiping/M.1495186705.A.54A.html download to ptt/Gossiping/20410_14.txt, time: 3.770000
/bbs/Gossiping/M.1495186782.A.30A.html download to ptt/Gossiping/20410_15.txt, time: 5.440000
/bbs/Gossiping/M.1495186830.A.20D.html download to ptt/Gossiping/20410_16.txt, time: 3.450000
/bbs/Gossiping/M.1495186855.A.C99.html download to ptt/Gossiping/20410_17.txt, time: 2.960000
/bbs/Gossiping/M.1495186864.A.420.html download to ptt/Gossiping/20410_18.txt, time: 6.540000
/bbs/Gossiping/M.1495186877.A.4A7.html download to ptt/Gossiping/20410_19.txt, time: 6.330000
page 20409
/bbs/Gossiping/M.1495185941.A.CE0.html download to ptt/Gossiping/20409_0.txt, time: 4.580000
/bbs/Gossiping/M.1495186019.A.F58.html download to ptt/Gossiping/20409_1.txt, time: 3.890000
/bbs/Gossiping/M.1495186020.A.F51.html download to ptt/Gossiping/20409_2.txt, time: 5.700000
/bbs/Gossiping/M.1495186049.A.198.html download to ptt/Gossiping/20409_3.txt, time: 3.560000
/bbs/Gossiping/M.1495186094.A.E33.html download to ptt/Gossiping/20409_4.txt, time: 4.310000
/bbs/Gossiping/M.1495186124.A.964.html download to ptt/Gossiping/20409_5.txt, time: 4.680000
/bbs/Gossiping/M.1495186125.A.3D8.html download to ptt/Gossiping/20409_6.txt, time: 4.200000
/bbs/Gossiping/M.1495186141.A.493.html download to ptt/Gossiping/20409_7.txt, time: 5.640000
/bbs/Gossiping/M.1495186170.A.77E.html download to ptt/Gossiping/20409_8.txt, time: 5.190000
/bbs/Gossiping/M.1495186174.A.7FE.html download to ptt/Gossiping/20409_9.txt, time: 5.300000
/bbs/Gossiping/M.1495186187.A.60A.html download to ptt/Gossiping/20409_10.txt, time: 4.820000
/bbs/Gossiping/M.1495186213.A.764.html download to ptt/Gossiping/20409_11.txt, time: 4.610000
/bbs/Gossiping/M.1495186229.A.4D5.html download to ptt/Gossiping/20409_12.txt, time: 3.940000
/bbs/Gossiping/M.1495186261.A.03E.html download to ptt/Gossiping/20409_13.txt, time: 5.290000
/bbs/Gossiping/M.1495186325.A.73E.html download to ptt/Gossiping/20409_14.txt, time: 5.280000
/bbs/Gossiping/M.1495186353.A.E3D.html download to ptt/Gossiping/20409_15.txt, time: 5.150000
/bbs/Gossiping/M.1495186359.A.72B.html download to ptt/Gossiping/20409_16.txt, time: 6.240000
/bbs/Gossiping/M.1495186370.A.EC6.html download to ptt/Gossiping/20409_17.txt, time: 6.300000
/bbs/Gossiping/M.1495186377.A.834.html download to ptt/Gossiping/20409_18.txt, time: 10.180000
/bbs/Gossiping/M.1495186433.A.4C5.html download to ptt/Gossiping/20409_19.txt, time: 5.610000
page 20408
/bbs/Gossiping/M.1495185362.A.048.html download to ptt/Gossiping/20408_0.txt, time: 5.260000
/bbs/Gossiping/M.1495185422.A.C7A.html download to ptt/Gossiping/20408_1.txt, time: 8.030000
/bbs/Gossiping/M.1495185478.A.A3F.html download to ptt/Gossiping/20408_2.txt, time: 6.740000
/bbs/Gossiping/M.1495185496.A.E3E.html download to ptt/Gossiping/20408_3.txt, time: 5.360000
/bbs/Gossiping/M.1495185512.A.5AF.html download to ptt/Gossiping/20408_4.txt, time: 6.130000
/bbs/Gossiping/M.1495185514.A.93E.html download to ptt/Gossiping/20408_5.txt, time: 7.910000
/bbs/Gossiping/M.1495185538.A.441.html download to ptt/Gossiping/20408_6.txt, time: 5.540000
/bbs/Gossiping/M.1495185556.A.776.html download to ptt/Gossiping/20408_7.txt, time: 3.660000
/bbs/Gossiping/M.1495185618.A.11D.html download to ptt/Gossiping/20408_8.txt, time: 3.670000
/bbs/Gossiping/M.1495185625.A.7E9.html download to ptt/Gossiping/20408_9.txt, time: 10.830000
/bbs/Gossiping/M.1495185625.A.FDC.html download to ptt/Gossiping/20408_10.txt, time: 7.140000
/bbs/Gossiping/M.1495185626.A.B9F.html download to ptt/Gossiping/20408_11.txt, time: 5.650000
/bbs/Gossiping/M.1495185636.A.BB6.html download to ptt/Gossiping/20408_12.txt, time: 5.830000
/bbs/Gossiping/M.1495185686.A.C87.html download to ptt/Gossiping/20408_13.txt, time: 4.290000
/bbs/Gossiping/M.1495185710.A.F85.html download to ptt/Gossiping/20408_14.txt, time: 4.330000
/bbs/Gossiping/M.1495185734.A.24A.html download to ptt/Gossiping/20408_15.txt, time: 4.090000
/bbs/Gossiping/M.1495185795.A.FEF.html download to ptt/Gossiping/20408_16.txt, time: 3.470000
/bbs/Gossiping/M.1495185846.A.2CD.html download to ptt/Gossiping/20408_17.txt, time: 4.280000
/bbs/Gossiping/M.1495185907.A.7D5.html download to ptt/Gossiping/20408_18.txt, time: 3.370000
/bbs/Gossiping/M.1495185914.A.B7F.html download to ptt/Gossiping/20408_19.txt, time: 4.640000
page 20407
/bbs/Gossiping/M.1495184454.A.06C.html download to ptt/Gossiping/20407_0.txt, time: 3.310000
/bbs/Gossiping/M.1495184470.A.551.html download to ptt/Gossiping/20407_1.txt, time: 2.400000
/bbs/Gossiping/M.1495184485.A.EEA.html download to ptt/Gossiping/20407_2.txt, time: 4.320000
/bbs/Gossiping/M.1495184491.A.38C.html download to ptt/Gossiping/20407_3.txt, time: 2.810000
/bbs/Gossiping/M.1495184610.A.10E.html download to ptt/Gossiping/20407_4.txt, time: 5.580000
/bbs/Gossiping/M.1495184682.A.841.html download to ptt/Gossiping/20407_5.txt, time: 4.190000
/bbs/Gossiping/M.1495184688.A.BA6.html download to ptt/Gossiping/20407_6.txt, time: 4.780000
/bbs/Gossiping/M.1495184767.A.260.html download to ptt/Gossiping/20407_7.txt, time: 5.830000
/bbs/Gossiping/M.1495184797.A.7FA.html download to ptt/Gossiping/20407_8.txt, time: 4.190000
/bbs/Gossiping/M.1495184814.A.0B6.html download to ptt/Gossiping/20407_9.txt, time: 4.980000
/bbs/Gossiping/M.1495184857.A.431.html download to ptt/Gossiping/20407_10.txt, time: 4.080000
/bbs/Gossiping/M.1495184879.A.58C.html download to ptt/Gossiping/20407_11.txt, time: 3.710000
/bbs/Gossiping/M.1495184960.A.41C.html download to ptt/Gossiping/20407_12.txt, time: 3.170000
/bbs/Gossiping/M.1495184983.A.86D.html download to ptt/Gossiping/20407_13.txt, time: 8.020000
/bbs/Gossiping/M.1495185152.A.C67.html download to ptt/Gossiping/20407_14.txt, time: 6.640000
/bbs/Gossiping/M.1495185194.A.311.html download to ptt/Gossiping/20407_15.txt, time: 2.920000
/bbs/Gossiping/M.1495185214.A.8A3.html download to ptt/Gossiping/20407_16.txt, time: 3.700000
/bbs/Gossiping/M.1495185275.A.C8B.html download to ptt/Gossiping/20407_17.txt, time: 3.680000
/bbs/Gossiping/M.1495185279.A.2DB.html download to ptt/Gossiping/20407_18.txt, time: 4.740000
/bbs/Gossiping/M.1495185290.A.2B9.html download to ptt/Gossiping/20407_19.txt, time: 3.530000
page 20406
/bbs/Gossiping/M.1495183727.A.FA3.html download to ptt/Gossiping/20406_0.txt, time: 4.240000
/bbs/Gossiping/M.1495183752.A.28D.html download to ptt/Gossiping/20406_1.txt, time: 3.350000
/bbs/Gossiping/M.1495183757.A.631.html download to ptt/Gossiping/20406_2.txt, time: 5.180000
/bbs/Gossiping/M.1495183782.A.50A.html download to ptt/Gossiping/20406_3.txt, time: 2.870000
/bbs/Gossiping/M.1495183793.A.678.html download to ptt/Gossiping/20406_4.txt, time: 4.660000
/bbs/Gossiping/M.1495183794.A.CCD.html download to ptt/Gossiping/20406_5.txt, time: 4.450000
/bbs/Gossiping/M.1495183895.A.CCB.html download to ptt/Gossiping/20406_6.txt, time: 3.800000
/bbs/Gossiping/M.1495183946.A.F44.html download to ptt/Gossiping/20406_7.txt, time: 3.740000
/bbs/Gossiping/M.1495183987.A.602.html download to ptt/Gossiping/20406_8.txt, time: 3.330000
/bbs/Gossiping/M.1495184002.A.D47.html download to ptt/Gossiping/20406_9.txt, time: 3.060000
/bbs/Gossiping/M.1495184020.A.29C.html download to ptt/Gossiping/20406_10.txt, time: 3.600000
/bbs/Gossiping/M.1495184035.A.FAE.html download to ptt/Gossiping/20406_11.txt, time: 3.610000
/bbs/Gossiping/M.1495184147.A.FD4.html download to ptt/Gossiping/20406_12.txt, time: 3.100000
/bbs/Gossiping/M.1495184164.A.1B5.html download to ptt/Gossiping/20406_13.txt, time: 2.980000
/bbs/Gossiping/M.1495184209.A.EFC.html download to ptt/Gossiping/20406_14.txt, time: 2.870000
/bbs/Gossiping/M.1495184326.A.29C.html download to ptt/Gossiping/20406_15.txt, time: 4.510000
/bbs/Gossiping/M.1495184397.A.854.html download to ptt/Gossiping/20406_16.txt, time: 4.330000
/bbs/Gossiping/M.1495184399.A.4C6.html download to ptt/Gossiping/20406_17.txt, time: 3.860000
/bbs/Gossiping/M.1495184422.A.059.html download to ptt/Gossiping/20406_18.txt, time: 2.500000
/bbs/Gossiping/M.1495184449.A.28C.html download to ptt/Gossiping/20406_19.txt, time: 2.140000
time: 538.6947708129883 seconds
