page 20430
/bbs/Gossiping/M.1495197846.A.370.html download to ptt/Gossiping/20430_0.txt, time: 5.610000
/bbs/Gossiping/M.1495197883.A.D38.html download to ptt/Gossiping/20430_1.txt, time: 7.910000
/bbs/Gossiping/M.1495197885.A.D25.html download to ptt/Gossiping/20430_2.txt, time: 3.240000
/bbs/Gossiping/M.1495197906.A.8C3.html download to ptt/Gossiping/20430_3.txt, time: 4.340000
/bbs/Gossiping/M.1495197907.A.0F3.html download to ptt/Gossiping/20430_4.txt, time: 4.620000
/bbs/Gossiping/M.1495197949.A.F98.html download to ptt/Gossiping/20430_5.txt, time: 4.690000
/bbs/Gossiping/M.1495197982.A.268.html download to ptt/Gossiping/20430_6.txt, time: 4.710000
/bbs/Gossiping/M.1495197994.A.33D.html download to ptt/Gossiping/20430_7.txt, time: 7.310000
/bbs/Gossiping/M.1495198012.A.1B2.html download to ptt/Gossiping/20430_8.txt, time: 7.010000
/bbs/Gossiping/M.1495198019.A.48A.html download to ptt/Gossiping/20430_9.txt, time: 3.410000
/bbs/Gossiping/M.1495198022.A.6EB.html download to ptt/Gossiping/20430_10.txt, time: 4.700000
/bbs/Gossiping/M.1495198024.A.C90.html download to ptt/Gossiping/20430_11.txt, time: 5.080000
/bbs/Gossiping/M.1495198078.A.434.html download to ptt/Gossiping/20430_12.txt, time: 7.400000
/bbs/Gossiping/M.1495198089.A.A3D.html download to ptt/Gossiping/20430_13.txt, time: 5.660000
/bbs/Gossiping/M.1495198092.A.F99.html download to ptt/Gossiping/20430_14.txt, time: 4.060000
/bbs/Gossiping/M.1495198117.A.CCC.html download to ptt/Gossiping/20430_15.txt, time: 2.880000
/bbs/Gossiping/M.1495198124.A.FE3.html download to ptt/Gossiping/20430_16.txt, time: 4.330000
/bbs/Gossiping/M.1495198172.A.1BF.html download to ptt/Gossiping/20430_17.txt, time: 4.420000
/bbs/Gossiping/M.1495198177.A.C5F.html download to ptt/Gossiping/20430_18.txt, time: 3.630000
/bbs/Gossiping/M.1495198188.A.FA3.html download to ptt/Gossiping/20430_19.txt, time: 7.240000
page 20429
/bbs/Gossiping/M.1495197218.A.3BB.html download to ptt/Gossiping/20429_0.txt, time: 3.760000
/bbs/Gossiping/M.1495197250.A.708.html download to ptt/Gossiping/20429_1.txt, time: 4.520000
/bbs/Gossiping/M.1495197321.A.8B8.html download to ptt/Gossiping/20429_2.txt, time: 5.440000
/bbs/Gossiping/M.1495197354.A.78B.html download to ptt/Gossiping/20429_3.txt, time: 4.050000
/bbs/Gossiping/M.1495197397.A.4F3.html download to ptt/Gossiping/20429_4.txt, time: 3.750000
/bbs/Gossiping/M.1495197406.A.AF4.html download to ptt/Gossiping/20429_5.txt, time: 5.690000
/bbs/Gossiping/M.1495197417.A.179.html download to ptt/Gossiping/20429_6.txt, time: 4.050000
/bbs/Gossiping/M.1495197468.A.DD9.html download to ptt/Gossiping/20429_7.txt, time: 4.650000
/bbs/Gossiping/M.1495197535.A.0B7.html download to ptt/Gossiping/20429_8.txt, time: 4.650000
/bbs/Gossiping/M.1495197543.A.ED6.html download to ptt/Gossiping/20429_9.txt, time: 3.900000
/bbs/Gossiping/M.1495197543.A.FC6.html download to ptt/Gossiping/20429_10.txt, time: 3.980000
/bbs/Gossiping/M.1495197565.A.06F.html download to ptt/Gossiping/20429_11.txt, time: 4.090000
/bbs/Gossiping/M.1495197567.A.176.html download to ptt/Gossiping/20429_12.txt, time: 4.050000
/bbs/Gossiping/M.1495197572.A.943.html download to ptt/Gossiping/20429_13.txt, time: 4.280000
/bbs/Gossiping/M.1495197612.A.E5E.html download to ptt/Gossiping/20429_14.txt, time: 4.190000
/bbs/Gossiping/M.1495197720.A.4A9.html download to ptt/Gossiping/20429_15.txt, time: 4.570000
/bbs/Gossiping/M.1495197724.A.3D0.html download to ptt/Gossiping/20429_16.txt, time: 6.270000
/bbs/Gossiping/M.1495197777.A.CE9.html download to ptt/Gossiping/20429_17.txt, time: 4.840000
/bbs/Gossiping/M.1495197795.A.A9F.html download to ptt/Gossiping/20429_18.txt, time: 6.120000
/bbs/Gossiping/M.1495197826.A.3CE.html download to ptt/Gossiping/20429_19.txt, time: 5.920000
page 20428
/bbs/Gossiping/M.1495196903.A.994.html download to ptt/Gossiping/20428_0.txt, time: 12.250000
/bbs/Gossiping/M.1495196938.A.0EC.html download to ptt/Gossiping/20428_1.txt, time: 6.180000
/bbs/Gossiping/M.1495196962.A.179.html download to ptt/Gossiping/20428_2.txt, time: 13.410000
/bbs/Gossiping/M.1495196963.A.318.html download to ptt/Gossiping/20428_3.txt, time: 6.120000
/bbs/Gossiping/M.1495196969.A.87D.html download to ptt/Gossiping/20428_4.txt, time: 8.670000
/bbs/Gossiping/M.1495197019.A.870.html download to ptt/Gossiping/20428_5.txt, time: 4.730000
/bbs/Gossiping/M.1495197024.A.70F.html download to ptt/Gossiping/20428_6.txt, time: 5.210000
/bbs/Gossiping/M.1495197033.A.1FD.html download to ptt/Gossiping/20428_7.txt, time: 14.530000
/bbs/Gossiping/M.1495197035.A.440.html download to ptt/Gossiping/20428_8.txt, time: 3.970000
/bbs/Gossiping/M.1495197054.A.749.html download to ptt/Gossiping/20428_9.txt, time: 5.730000
/bbs/Gossiping/M.1495197086.A.1DF.html download to ptt/Gossiping/20428_10.txt, time: 5.660000
/bbs/Gossiping/M.1495197098.A.2FE.html download to ptt/Gossiping/20428_11.txt, time: 3.570000
/bbs/Gossiping/M.1495197130.A.A73.html download to ptt/Gossiping/20428_12.txt, time: 5.660000
/bbs/Gossiping/M.1495197141.A.933.html download to ptt/Gossiping/20428_13.txt, time: 4.370000
/bbs/Gossiping/M.1495197154.A.D4C.html download to ptt/Gossiping/20428_14.txt, time: 3.910000
/bbs/Gossiping/M.1495197178.A.03F.html download to ptt/Gossiping/20428_15.txt, time: 4.120000
/bbs/Gossiping/M.1495197199.A.1DD.html download to ptt/Gossiping/20428_16.txt, time: 3.960000
/bbs/Gossiping/M.1495197205.A.468.html download to ptt/Gossiping/20428_17.txt, time: 3.460000
/bbs/Gossiping/M.1495197205.A.5F8.html download to ptt/Gossiping/20428_18.txt, time: 3.990000
/bbs/Gossiping/M.1495197209.A.345.html download to ptt/Gossiping/20428_19.txt, time: 2.790000
page 20427
/bbs/Gossiping/M.1495196336.A.BDD.html download to ptt/Gossiping/20427_0.txt, time: 4.990000
/bbs/Gossiping/M.1495196342.A.990.html download to ptt/Gossiping/20427_1.txt, time: 3.630000
/bbs/Gossiping/M.1495196393.A.782.html download to ptt/Gossiping/20427_2.txt, time: 3.260000
/bbs/Gossiping/M.1495196394.A.4BD.html download to ptt/Gossiping/20427_3.txt, time: 2.870000
/bbs/Gossiping/M.1495196401.A.2B3.html download to ptt/Gossiping/20427_4.txt, time: 4.580000
/bbs/Gossiping/M.1495196414.A.068.html download to ptt/Gossiping/20427_5.txt, time: 3.510000
/bbs/Gossiping/M.1495196462.A.C92.html download to ptt/Gossiping/20427_6.txt, time: 5.320000
/bbs/Gossiping/M.1495196510.A.7B3.html download to ptt/Gossiping/20427_7.txt, time: 5.780000
/bbs/Gossiping/M.1495196552.A.792.html download to ptt/Gossiping/20427_8.txt, time: 4.980000
/bbs/Gossiping/M.1495196607.A.DA8.html download to ptt/Gossiping/20427_9.txt, time: 4.050000
/bbs/Gossiping/M.1495196624.A.E74.html download to ptt/Gossiping/20427_10.txt, time: 4.080000
/bbs/Gossiping/M.1495196681.A.A95.html download to ptt/Gossiping/20427_11.txt, time: 3.130000
/bbs/Gossiping/M.1495196683.A.E2E.html download to ptt/Gossiping/20427_12.txt, time: 5.200000
/bbs/Gossiping/M.1495196794.A.CDD.html download to ptt/Gossiping/20427_13.txt, time: 6.160000
/bbs/Gossiping/M.1495196839.A.837.html download to ptt/Gossiping/20427_14.txt, time: 5.270000
/bbs/Gossiping/M.1495196844.A.B14.html download to ptt/Gossiping/20427_15.txt, time: 3.980000
/bbs/Gossiping/M.1495196851.A.7E0.html download to ptt/Gossiping/20427_16.txt, time: 5.700000
/bbs/Gossiping/M.1495196869.A.38B.html download to ptt/Gossiping/20427_17.txt, time: 5.070000
/bbs/Gossiping/M.1495196873.A.FEA.html download to ptt/Gossiping/20427_18.txt, time: 3.250000
/bbs/Gossiping/M.1495196899.A.622.html download to ptt/Gossiping/20427_19.txt, time: 2.850000
page 20426
/bbs/Gossiping/M.1495195830.A.6A9.html download to ptt/Gossiping/20426_0.txt, time: 4.870000
/bbs/Gossiping/M.1495195847.A.F0D.html download to ptt/Gossiping/20426_1.txt, time: 4.470000
/bbs/Gossiping/M.1495195896.A.2F6.html download to ptt/Gossiping/20426_2.txt, time: 3.400000
/bbs/Gossiping/M.1495195910.A.674.html download to ptt/Gossiping/20426_3.txt, time: 5.030000
/bbs/Gossiping/M.1495195937.A.C1C.html download to ptt/Gossiping/20426_4.txt, time: 4.810000
/bbs/Gossiping/M.1495196010.A.382.html download to ptt/Gossiping/20426_5.txt, time: 2.640000
/bbs/Gossiping/M.1495196010.A.971.html download to ptt/Gossiping/20426_6.txt, time: 3.450000
/bbs/Gossiping/M.1495196062.A.521.html download to ptt/Gossiping/20426_7.txt, time: 4.030000
/bbs/Gossiping/M.1495196077.A.22F.html download to ptt/Gossiping/20426_8.txt, time: 3.780000
/bbs/Gossiping/M.1495196115.A.7BE.html download to ptt/Gossiping/20426_9.txt, time: 3.620000
/bbs/Gossiping/M.1495196128.A.A93.html download to ptt/Gossiping/20426_10.txt, time: 2.690000
/bbs/Gossiping/M.1495196147.A.5F4.html download to ptt/Gossiping/20426_11.txt, time: 2.440000
/bbs/Gossiping/M.1495196150.A.FC0.html download to ptt/Gossiping/20426_12.txt, time: 4.120000
/bbs/Gossiping/M.1495196204.A.F3B.html download to ptt/Gossiping/20426_13.txt, time: 4.240000
/bbs/Gossiping/M.1495196211.A.6F9.html download to ptt/Gossiping/20426_14.txt, time: 5.000000
/bbs/Gossiping/M.1495196223.A.AC1.html download to ptt/Gossiping/20426_15.txt, time: 2.130000
/bbs/Gossiping/M.1495196242.A.90D.html download to ptt/Gossiping/20426_16.txt, time: 2.140000
/bbs/Gossiping/M.1495196249.A.BE8.html download to ptt/Gossiping/20426_17.txt, time: 3.220000
/bbs/Gossiping/M.1495196281.A.7BC.html download to ptt/Gossiping/20426_18.txt, time: 6.120000
/bbs/Gossiping/M.1495196315.A.6DE.html download to ptt/Gossiping/20426_19.txt, time: 2.150000
time: 542.0644066333771 seconds
