page 20440
/bbs/Gossiping/M.1495202939.A.586.html download to ptt/Gossiping/20440_0.txt, time: 6.610000
/bbs/Gossiping/M.1495202953.A.AA8.html download to ptt/Gossiping/20440_1.txt, time: 8.210000
/bbs/Gossiping/M.1495202973.A.55F.html download to ptt/Gossiping/20440_2.txt, time: 3.120000
/bbs/Gossiping/M.1495202984.A.E0F.html download to ptt/Gossiping/20440_3.txt, time: 3.880000
/bbs/Gossiping/M.1495202995.A.227.html download to ptt/Gossiping/20440_4.txt, time: 3.760000
/bbs/Gossiping/M.1495203002.A.BED.html download to ptt/Gossiping/20440_5.txt, time: 6.100000
/bbs/Gossiping/M.1495203076.A.D25.html download to ptt/Gossiping/20440_6.txt, time: 3.850000
/bbs/Gossiping/M.1495203082.A.00E.html download to ptt/Gossiping/20440_7.txt, time: 6.300000
/bbs/Gossiping/M.1495203172.A.D2C.html download to ptt/Gossiping/20440_8.txt, time: 5.870000
/bbs/Gossiping/M.1495203172.A.E79.html download to ptt/Gossiping/20440_9.txt, time: 5.380000
/bbs/Gossiping/M.1495203188.A.FE9.html download to ptt/Gossiping/20440_10.txt, time: 4.280000
/bbs/Gossiping/M.1495203225.A.DD0.html download to ptt/Gossiping/20440_11.txt, time: 3.650000
/bbs/Gossiping/M.1495203229.A.F51.html download to ptt/Gossiping/20440_12.txt, time: 4.050000
/bbs/Gossiping/M.1495203272.A.DBB.html download to ptt/Gossiping/20440_13.txt, time: 5.490000
/bbs/Gossiping/M.1495203273.A.7BF.html download to ptt/Gossiping/20440_14.txt, time: 5.530000
/bbs/Gossiping/M.1495203279.A.CCA.html download to ptt/Gossiping/20440_15.txt, time: 6.670000
/bbs/Gossiping/M.1495203331.A.71B.html download to ptt/Gossiping/20440_16.txt, time: 2.800000
/bbs/Gossiping/M.1495203332.A.EF5.html download to ptt/Gossiping/20440_17.txt, time: 4.850000
/bbs/Gossiping/M.1495203422.A.9EB.html download to ptt/Gossiping/20440_18.txt, time: 5.810000
/bbs/Gossiping/M.1495203437.A.3DD.html download to ptt/Gossiping/20440_19.txt, time: 3.850000
page 20439
/bbs/Gossiping/M.1495202406.A.90E.html download to ptt/Gossiping/20439_0.txt, time: 7.050000
/bbs/Gossiping/M.1495202437.A.53F.html download to ptt/Gossiping/20439_1.txt, time: 5.220000
/bbs/Gossiping/M.1495202472.A.828.html download to ptt/Gossiping/20439_2.txt, time: 6.310000
/bbs/Gossiping/M.1495202483.A.19D.html download to ptt/Gossiping/20439_3.txt, time: 5.220000
/bbs/Gossiping/M.1495202537.A.C6F.html download to ptt/Gossiping/20439_4.txt, time: 5.130000
/bbs/Gossiping/M.1495202540.A.9FF.html download to ptt/Gossiping/20439_5.txt, time: 4.450000
/bbs/Gossiping/M.1495202548.A.513.html download to ptt/Gossiping/20439_6.txt, time: 5.800000
/bbs/Gossiping/M.1495202550.A.08F.html download to ptt/Gossiping/20439_7.txt, time: 2.980000
/bbs/Gossiping/M.1495202605.A.957.html download to ptt/Gossiping/20439_8.txt, time: 5.770000
/bbs/Gossiping/M.1495202622.A.6D8.html download to ptt/Gossiping/20439_9.txt, time: 4.710000
/bbs/Gossiping/M.1495202650.A.AFD.html download to ptt/Gossiping/20439_10.txt, time: 4.670000
/bbs/Gossiping/M.1495202656.A.3A9.html download to ptt/Gossiping/20439_11.txt, time: 4.550000
/bbs/Gossiping/M.1495202656.A.AC1.html download to ptt/Gossiping/20439_12.txt, time: 4.910000
/bbs/Gossiping/M.1495202683.A.70F.html download to ptt/Gossiping/20439_13.txt, time: 5.650000
/bbs/Gossiping/M.1495202697.A.72F.html download to ptt/Gossiping/20439_14.txt, time: 6.510000
/bbs/Gossiping/M.1495202764.A.4C5.html download to ptt/Gossiping/20439_15.txt, time: 9.470000
/bbs/Gossiping/M.1495202814.A.961.html download to ptt/Gossiping/20439_16.txt, time: 3.910000
/bbs/Gossiping/M.1495202816.A.019.html download to ptt/Gossiping/20439_17.txt, time: 4.610000
/bbs/Gossiping/M.1495202851.A.2FA.html download to ptt/Gossiping/20439_18.txt, time: 8.300000
/bbs/Gossiping/M.1495202916.A.0E6.html download to ptt/Gossiping/20439_19.txt, time: 5.720000
page 20438
/bbs/Gossiping/M.1495201864.A.4EA.html download to ptt/Gossiping/20438_0.txt, time: 4.840000
/bbs/Gossiping/M.1495201870.A.356.html download to ptt/Gossiping/20438_1.txt, time: 14.930000
/bbs/Gossiping/M.1495201901.A.538.html download to ptt/Gossiping/20438_2.txt, time: 4.360000
/bbs/Gossiping/M.1495201925.A.952.html download to ptt/Gossiping/20438_3.txt, time: 6.270000
/bbs/Gossiping/M.1495201935.A.99C.html download to ptt/Gossiping/20438_4.txt, time: 3.640000
/bbs/Gossiping/M.1495201955.A.60E.html download to ptt/Gossiping/20438_5.txt, time: 5.200000
/bbs/Gossiping/M.1495201956.A.84A.html download to ptt/Gossiping/20438_6.txt, time: 5.600000
/bbs/Gossiping/M.1495202047.A.9C9.html download to ptt/Gossiping/20438_7.txt, time: 5.740000
/bbs/Gossiping/M.1495202115.A.AEE.html download to ptt/Gossiping/20438_8.txt, time: 5.390000
/bbs/Gossiping/M.1495202126.A.877.html download to ptt/Gossiping/20438_9.txt, time: 4.290000
/bbs/Gossiping/M.1495202162.A.DB4.html download to ptt/Gossiping/20438_10.txt, time: 3.290000
/bbs/Gossiping/M.1495202166.A.B2F.html download to ptt/Gossiping/20438_11.txt, time: 7.240000
/bbs/Gossiping/M.1495202195.A.A2E.html download to ptt/Gossiping/20438_12.txt, time: 2.830000
/bbs/Gossiping/M.1495202211.A.D8B.html download to ptt/Gossiping/20438_13.txt, time: 7.090000
/bbs/Gossiping/M.1495202220.A.ECE.html download to ptt/Gossiping/20438_14.txt, time: 3.300000
/bbs/Gossiping/M.1495202253.A.F15.html download to ptt/Gossiping/20438_15.txt, time: 4.880000
/bbs/Gossiping/M.1495202322.A.DD2.html download to ptt/Gossiping/20438_16.txt, time: 4.460000
/bbs/Gossiping/M.1495202332.A.A56.html download to ptt/Gossiping/20438_17.txt, time: 3.740000
/bbs/Gossiping/M.1495202375.A.B79.html download to ptt/Gossiping/20438_18.txt, time: 3.300000
/bbs/Gossiping/M.1495202395.A.BD3.html download to ptt/Gossiping/20438_19.txt, time: 4.080000
page 20437
/bbs/Gossiping/M.1495201379.A.777.html download to ptt/Gossiping/20437_0.txt, time: 3.040000
/bbs/Gossiping/M.1495201390.A.5EB.html download to ptt/Gossiping/20437_1.txt, time: 2.530000
/bbs/Gossiping/M.1495201391.A.F66.html download to ptt/Gossiping/20437_2.txt, time: 4.950000
/bbs/Gossiping/M.1495201459.A.313.html download to ptt/Gossiping/20437_3.txt, time: 5.310000
/bbs/Gossiping/M.1495201471.A.31B.html download to ptt/Gossiping/20437_4.txt, time: 3.110000
/bbs/Gossiping/M.1495201482.A.D0C.html download to ptt/Gossiping/20437_5.txt, time: 4.510000
/bbs/Gossiping/M.1495201518.A.844.html download to ptt/Gossiping/20437_6.txt, time: 4.160000
/bbs/Gossiping/M.1495201523.A.1BE.html download to ptt/Gossiping/20437_7.txt, time: 3.620000
/bbs/Gossiping/M.1495201553.A.22F.html download to ptt/Gossiping/20437_8.txt, time: 4.160000
/bbs/Gossiping/M.1495201561.A.112.html download to ptt/Gossiping/20437_9.txt, time: 4.410000
/bbs/Gossiping/M.1495201592.A.E17.html download to ptt/Gossiping/20437_10.txt, time: 3.950000
/bbs/Gossiping/M.1495201605.A.8BB.html download to ptt/Gossiping/20437_11.txt, time: 5.060000
/bbs/Gossiping/M.1495201689.A.16E.html download to ptt/Gossiping/20437_12.txt, time: 2.900000
/bbs/Gossiping/M.1495201710.A.CAC.html download to ptt/Gossiping/20437_13.txt, time: 2.790000
/bbs/Gossiping/M.1495201722.A.E19.html download to ptt/Gossiping/20437_14.txt, time: 6.880000
/bbs/Gossiping/M.1495201729.A.7D8.html download to ptt/Gossiping/20437_15.txt, time: 5.760000
/bbs/Gossiping/M.1495201757.A.1F6.html download to ptt/Gossiping/20437_16.txt, time: 4.530000
/bbs/Gossiping/M.1495201837.A.791.html download to ptt/Gossiping/20437_17.txt, time: 3.940000
/bbs/Gossiping/M.1495201845.A.167.html download to ptt/Gossiping/20437_18.txt, time: 5.520000
/bbs/Gossiping/M.1495201861.A.F08.html download to ptt/Gossiping/20437_19.txt, time: 3.860000
page 20436
/bbs/Gossiping/M.1495200883.A.DB7.html download to ptt/Gossiping/20436_0.txt, time: 4.280000
/bbs/Gossiping/M.1495200896.A.5E2.html download to ptt/Gossiping/20436_1.txt, time: 3.180000
/bbs/Gossiping/M.1495200938.A.005.html download to ptt/Gossiping/20436_2.txt, time: 3.950000
/bbs/Gossiping/M.1495200961.A.CE0.html download to ptt/Gossiping/20436_3.txt, time: 2.740000
/bbs/Gossiping/M.1495200968.A.66A.html download to ptt/Gossiping/20436_4.txt, time: 4.110000
/bbs/Gossiping/M.1495200970.A.6BD.html download to ptt/Gossiping/20436_5.txt, time: 4.600000
/bbs/Gossiping/M.1495200994.A.A18.html download to ptt/Gossiping/20436_6.txt, time: 4.020000
/bbs/Gossiping/M.1495200999.A.04D.html download to ptt/Gossiping/20436_7.txt, time: 3.850000
/bbs/Gossiping/M.1495201026.A.477.html download to ptt/Gossiping/20436_8.txt, time: 4.330000
/bbs/Gossiping/M.1495201070.A.6A8.html download to ptt/Gossiping/20436_9.txt, time: 4.120000
/bbs/Gossiping/M.1495201118.A.896.html download to ptt/Gossiping/20436_10.txt, time: 3.140000
/bbs/Gossiping/M.1495201152.A.DB4.html download to ptt/Gossiping/20436_11.txt, time: 3.780000
/bbs/Gossiping/M.1495201215.A.0A8.html download to ptt/Gossiping/20436_12.txt, time: 2.860000
/bbs/Gossiping/M.1495201295.A.EA9.html download to ptt/Gossiping/20436_13.txt, time: 3.160000
/bbs/Gossiping/M.1495201300.A.992.html download to ptt/Gossiping/20436_14.txt, time: 2.540000
/bbs/Gossiping/M.1495201301.A.DE9.html download to ptt/Gossiping/20436_15.txt, time: 3.360000
/bbs/Gossiping/M.1495201323.A.F65.html download to ptt/Gossiping/20436_16.txt, time: 4.610000
/bbs/Gossiping/M.1495201335.A.D0B.html download to ptt/Gossiping/20436_17.txt, time: 2.200000
/bbs/Gossiping/M.1495201335.A.7EC.html download to ptt/Gossiping/20436_18.txt, time: 3.030000
/bbs/Gossiping/M.1495201349.A.F54.html download to ptt/Gossiping/20436_19.txt, time: 1.730000
time: 532.836350440979 seconds
