page 20450
/bbs/Gossiping/M.1495207521.A.471.html download to ptt/Gossiping/20450_0.txt, time: 8.400000
/bbs/Gossiping/M.1495207530.A.486.html download to ptt/Gossiping/20450_1.txt, time: 6.480000
/bbs/Gossiping/M.1495207613.A.D6F.html download to ptt/Gossiping/20450_2.txt, time: 5.130000
/bbs/Gossiping/M.1495207614.A.E8D.html download to ptt/Gossiping/20450_3.txt, time: 5.630000
/bbs/Gossiping/M.1495207615.A.F48.html download to ptt/Gossiping/20450_4.txt, time: 6.020000
/bbs/Gossiping/M.1495207618.A.D94.html download to ptt/Gossiping/20450_5.txt, time: 3.270000
/bbs/Gossiping/M.1495207666.A.BE6.html download to ptt/Gossiping/20450_6.txt, time: 4.960000
/bbs/Gossiping/M.1495207682.A.F56.html download to ptt/Gossiping/20450_7.txt, time: 7.450000
/bbs/Gossiping/M.1495207684.A.B17.html download to ptt/Gossiping/20450_8.txt, time: 5.300000
/bbs/Gossiping/M.1495207696.A.B08.html download to ptt/Gossiping/20450_9.txt, time: 4.960000
/bbs/Gossiping/M.1495207728.A.8C0.html download to ptt/Gossiping/20450_10.txt, time: 3.450000
/bbs/Gossiping/M.1495207765.A.3AA.html download to ptt/Gossiping/20450_11.txt, time: 3.280000
/bbs/Gossiping/M.1495207770.A.1D3.html download to ptt/Gossiping/20450_12.txt, time: 4.470000
/bbs/Gossiping/M.1495207776.A.72D.html download to ptt/Gossiping/20450_13.txt, time: 4.800000
/bbs/Gossiping/M.1495207781.A.758.html download to ptt/Gossiping/20450_14.txt, time: 3.840000
/bbs/Gossiping/M.1495207793.A.F7D.html download to ptt/Gossiping/20450_15.txt, time: 4.050000
/bbs/Gossiping/M.1495207808.A.354.html download to ptt/Gossiping/20450_16.txt, time: 6.150000
/bbs/Gossiping/M.1495207814.A.9A7.html download to ptt/Gossiping/20450_17.txt, time: 4.130000
/bbs/Gossiping/M.1495207821.A.2D8.html download to ptt/Gossiping/20450_18.txt, time: 6.070000
/bbs/Gossiping/M.1495207854.A.B25.html download to ptt/Gossiping/20450_19.txt, time: 5.870000
page 20449
/bbs/Gossiping/M.1495207052.A.133.html download to ptt/Gossiping/20449_0.txt, time: 3.950000
/bbs/Gossiping/M.1495207053.A.8A9.html download to ptt/Gossiping/20449_1.txt, time: 4.090000
/bbs/Gossiping/M.1495207055.A.327.html download to ptt/Gossiping/20449_2.txt, time: 3.340000
/bbs/Gossiping/M.1495207106.A.FB5.html download to ptt/Gossiping/20449_3.txt, time: 2.760000
/bbs/Gossiping/M.1495207126.A.49E.html download to ptt/Gossiping/20449_4.txt, time: 4.210000
/bbs/Gossiping/M.1495207153.A.4B9.html download to ptt/Gossiping/20449_5.txt, time: 4.170000
/bbs/Gossiping/M.1495207179.A.FF0.html download to ptt/Gossiping/20449_6.txt, time: 4.190000
/bbs/Gossiping/M.1495207198.A.CE2.html download to ptt/Gossiping/20449_7.txt, time: 6.290000
/bbs/Gossiping/M.1495207204.A.5E6.html download to ptt/Gossiping/20449_8.txt, time: 6.510000
/bbs/Gossiping/M.1495207226.A.B5F.html download to ptt/Gossiping/20449_9.txt, time: 6.020000
/bbs/Gossiping/M.1495207263.A.49D.html download to ptt/Gossiping/20449_10.txt, time: 5.450000
/bbs/Gossiping/M.1495207365.A.5E9.html download to ptt/Gossiping/20449_11.txt, time: 5.420000
/bbs/Gossiping/M.1495207448.A.31C.html download to ptt/Gossiping/20449_12.txt, time: 4.100000
/bbs/Gossiping/M.1495207455.A.9D0.html download to ptt/Gossiping/20449_13.txt, time: 4.400000
/bbs/Gossiping/M.1495207459.A.65A.html download to ptt/Gossiping/20449_14.txt, time: 4.850000
/bbs/Gossiping/M.1495207471.A.585.html download to ptt/Gossiping/20449_15.txt, time: 6.680000
/bbs/Gossiping/M.1495207473.A.627.html download to ptt/Gossiping/20449_16.txt, time: 7.770000
/bbs/Gossiping/M.1495207480.A.F0D.html download to ptt/Gossiping/20449_17.txt, time: 8.720000
/bbs/Gossiping/M.1495207480.A.DF8.html download to ptt/Gossiping/20449_18.txt, time: 5.680000
/bbs/Gossiping/M.1495207493.A.F8C.html download to ptt/Gossiping/20449_19.txt, time: 4.520000
page 20448
/bbs/Gossiping/M.1495206579.A.A00.html download to ptt/Gossiping/20448_0.txt, time: 4.630000
/bbs/Gossiping/M.1495206591.A.BC8.html download to ptt/Gossiping/20448_1.txt, time: 5.960000
/bbs/Gossiping/M.1495206600.A.210.html download to ptt/Gossiping/20448_2.txt, time: 4.010000
/bbs/Gossiping/M.1495206637.A.F1D.html download to ptt/Gossiping/20448_3.txt, time: 7.510000
/bbs/Gossiping/M.1495206644.A.EC6.html download to ptt/Gossiping/20448_4.txt, time: 5.630000
/bbs/Gossiping/M.1495206651.A.718.html download to ptt/Gossiping/20448_5.txt, time: 6.280000
/bbs/Gossiping/M.1495206654.A.69B.html download to ptt/Gossiping/20448_6.txt, time: 6.840000
/bbs/Gossiping/M.1495206671.A.74B.html download to ptt/Gossiping/20448_7.txt, time: 3.900000
/bbs/Gossiping/M.1495206673.A.1FF.html download to ptt/Gossiping/20448_8.txt, time: 4.990000
/bbs/Gossiping/M.1495206697.A.015.html download to ptt/Gossiping/20448_9.txt, time: 4.780000
/bbs/Gossiping/M.1495206774.A.3A7.html download to ptt/Gossiping/20448_10.txt, time: 6.510000
/bbs/Gossiping/M.1495206799.A.7F0.html download to ptt/Gossiping/20448_11.txt, time: 5.240000
/bbs/Gossiping/M.1495206811.A.9DB.html download to ptt/Gossiping/20448_12.txt, time: 4.740000
/bbs/Gossiping/M.1495206965.A.60A.html download to ptt/Gossiping/20448_13.txt, time: 12.310000
/bbs/Gossiping/M.1495206970.A.368.html download to ptt/Gossiping/20448_14.txt, time: 7.140000
/bbs/Gossiping/M.1495206971.A.470.html download to ptt/Gossiping/20448_15.txt, time: 4.830000
/bbs/Gossiping/M.1495206993.A.A78.html download to ptt/Gossiping/20448_16.txt, time: 4.260000
/bbs/Gossiping/M.1495207009.A.758.html download to ptt/Gossiping/20448_17.txt, time: 3.700000
/bbs/Gossiping/M.1495207030.A.CBA.html download to ptt/Gossiping/20448_18.txt, time: 4.630000
/bbs/Gossiping/M.1495207048.A.B88.html download to ptt/Gossiping/20448_19.txt, time: 5.080000
page 20447
/bbs/Gossiping/M.1495206343.A.BF5.html download to ptt/Gossiping/20447_0.txt, time: 4.770000
/bbs/Gossiping/M.1495206364.A.B9E.html download to ptt/Gossiping/20447_1.txt, time: 4.150000
/bbs/Gossiping/M.1495206419.A.C56.html download to ptt/Gossiping/20447_2.txt, time: 2.780000
/bbs/Gossiping/M.1495206425.A.310.html download to ptt/Gossiping/20447_3.txt, time: 3.710000
/bbs/Gossiping/M.1495206433.A.8CA.html download to ptt/Gossiping/20447_4.txt, time: 4.000000
/bbs/Gossiping/M.1495206434.A.4C3.html download to ptt/Gossiping/20447_5.txt, time: 5.880000
/bbs/Gossiping/M.1495206449.A.D77.html download to ptt/Gossiping/20447_6.txt, time: 4.400000
/bbs/Gossiping/M.1495206451.A.0C8.html download to ptt/Gossiping/20447_7.txt, time: 5.060000
/bbs/Gossiping/M.1495206453.A.94B.html download to ptt/Gossiping/20447_8.txt, time: 5.030000
/bbs/Gossiping/M.1495206461.A.F73.html download to ptt/Gossiping/20447_9.txt, time: 3.010000
/bbs/Gossiping/M.1495206461.A.B78.html download to ptt/Gossiping/20447_10.txt, time: 3.350000
/bbs/Gossiping/M.1495206473.A.CAF.html download to ptt/Gossiping/20447_11.txt, time: 3.620000
/bbs/Gossiping/M.1495206479.A.F10.html download to ptt/Gossiping/20447_12.txt, time: 3.480000
/bbs/Gossiping/M.1495206489.A.D09.html download to ptt/Gossiping/20447_13.txt, time: 6.610000
/bbs/Gossiping/M.1495206489.A.433.html download to ptt/Gossiping/20447_14.txt, time: 5.020000
/bbs/Gossiping/M.1495206497.A.835.html download to ptt/Gossiping/20447_15.txt, time: 5.360000
/bbs/Gossiping/M.1495206502.A.2F1.html download to ptt/Gossiping/20447_16.txt, time: 3.590000
/bbs/Gossiping/M.1495206525.A.84D.html download to ptt/Gossiping/20447_17.txt, time: 3.520000
/bbs/Gossiping/M.1495206531.A.D28.html download to ptt/Gossiping/20447_18.txt, time: 4.200000
/bbs/Gossiping/M.1495206574.A.A71.html download to ptt/Gossiping/20447_19.txt, time: 2.790000
page 20446
/bbs/Gossiping/M.1495205763.A.0C1.html download to ptt/Gossiping/20446_0.txt, time: 3.160000
/bbs/Gossiping/M.1495205777.A.9C6.html download to ptt/Gossiping/20446_1.txt, time: 5.080000
/bbs/Gossiping/M.1495205861.A.711.html download to ptt/Gossiping/20446_2.txt, time: 3.110000
/bbs/Gossiping/M.1495205862.A.B06.html download to ptt/Gossiping/20446_3.txt, time: 4.170000
/bbs/Gossiping/M.1495205908.A.F74.html download to ptt/Gossiping/20446_4.txt, time: 4.010000
/bbs/Gossiping/M.1495205919.A.4F9.html download to ptt/Gossiping/20446_5.txt, time: 4.790000
/bbs/Gossiping/M.1495205925.A.50F.html download to ptt/Gossiping/20446_6.txt, time: 4.150000
/bbs/Gossiping/M.1495205947.A.38B.html download to ptt/Gossiping/20446_7.txt, time: 4.590000
/bbs/Gossiping/M.1495205969.A.0E5.html download to ptt/Gossiping/20446_8.txt, time: 3.320000
/bbs/Gossiping/M.1495206049.A.D8A.html download to ptt/Gossiping/20446_9.txt, time: 4.270000
/bbs/Gossiping/M.1495206050.A.81F.html download to ptt/Gossiping/20446_10.txt, time: 2.450000
/bbs/Gossiping/M.1495206156.A.57A.html download to ptt/Gossiping/20446_11.txt, time: 5.280000
/bbs/Gossiping/M.1495206158.A.02F.html download to ptt/Gossiping/20446_12.txt, time: 3.230000
/bbs/Gossiping/M.1495206171.A.55E.html download to ptt/Gossiping/20446_13.txt, time: 4.310000
/bbs/Gossiping/M.1495206222.A.482.html download to ptt/Gossiping/20446_14.txt, time: 4.290000
/bbs/Gossiping/M.1495206258.A.D4B.html download to ptt/Gossiping/20446_15.txt, time: 6.560000
/bbs/Gossiping/M.1495206276.A.35E.html download to ptt/Gossiping/20446_16.txt, time: 2.320000
/bbs/Gossiping/M.1495206283.A.C15.html download to ptt/Gossiping/20446_17.txt, time: 3.230000
/bbs/Gossiping/M.1495206315.A.299.html download to ptt/Gossiping/20446_18.txt, time: 2.030000
/bbs/Gossiping/M.1495206333.A.116.html download to ptt/Gossiping/20446_19.txt, time: 2.040000
time: 537.0393092632294 seconds
