page 20460
/bbs/Gossiping/M.1495211028.A.6BF.html download to ptt/Gossiping/20460_0.txt, time: 9.480000
/bbs/Gossiping/M.1495211031.A.163.html download to ptt/Gossiping/20460_1.txt, time: 3.600000
/bbs/Gossiping/M.1495211051.A.3FF.html download to ptt/Gossiping/20460_2.txt, time: 5.270000
/bbs/Gossiping/M.1495211096.A.C1B.html download to ptt/Gossiping/20460_3.txt, time: 3.680000
/bbs/Gossiping/M.1495211106.A.32E.html download to ptt/Gossiping/20460_4.txt, time: 4.290000
/bbs/Gossiping/M.1495211108.A.664.html download to ptt/Gossiping/20460_5.txt, time: 4.490000
/bbs/Gossiping/M.1495211117.A.A4F.html download to ptt/Gossiping/20460_6.txt, time: 7.300000
/bbs/Gossiping/M.1495211127.A.161.html download to ptt/Gossiping/20460_7.txt, time: 6.350000
/bbs/Gossiping/M.1495211133.A.8E5.html download to ptt/Gossiping/20460_8.txt, time: 3.860000
/bbs/Gossiping/M.1495211178.A.9BD.html download to ptt/Gossiping/20460_9.txt, time: 4.730000
/bbs/Gossiping/M.1495211193.A.699.html download to ptt/Gossiping/20460_10.txt, time: 4.610000
/bbs/Gossiping/M.1495211204.A.41D.html download to ptt/Gossiping/20460_11.txt, time: 3.600000
/bbs/Gossiping/M.1495211213.A.CAC.html download to ptt/Gossiping/20460_12.txt, time: 3.890000
/bbs/Gossiping/M.1495211219.A.1F9.html download to ptt/Gossiping/20460_13.txt, time: 5.090000
/bbs/Gossiping/M.1495211238.A.663.html download to ptt/Gossiping/20460_14.txt, time: 5.380000
/bbs/Gossiping/M.1495211246.A.491.html download to ptt/Gossiping/20460_15.txt, time: 5.220000
/bbs/Gossiping/M.1495211279.A.48A.html download to ptt/Gossiping/20460_16.txt, time: 4.030000
/bbs/Gossiping/M.1495211300.A.923.html download to ptt/Gossiping/20460_17.txt, time: 2.860000
/bbs/Gossiping/M.1495211312.A.F03.html download to ptt/Gossiping/20460_18.txt, time: 4.540000
/bbs/Gossiping/M.1495211357.A.3C0.html download to ptt/Gossiping/20460_19.txt, time: 4.060000
page 20459
/bbs/Gossiping/M.1495210545.A.D92.html download to ptt/Gossiping/20459_0.txt, time: 3.560000
/bbs/Gossiping/M.1495210570.A.41C.html download to ptt/Gossiping/20459_1.txt, time: 5.760000
/bbs/Gossiping/M.1495210588.A.6C2.html download to ptt/Gossiping/20459_2.txt, time: 7.750000
/bbs/Gossiping/M.1495210596.A.0E3.html download to ptt/Gossiping/20459_3.txt, time: 5.370000
/bbs/Gossiping/M.1495210611.A.82E.html download to ptt/Gossiping/20459_4.txt, time: 4.970000
/bbs/Gossiping/M.1495210639.A.D5C.html download to ptt/Gossiping/20459_5.txt, time: 5.680000
/bbs/Gossiping/M.1495210641.A.6ED.html download to ptt/Gossiping/20459_6.txt, time: 3.900000
/bbs/Gossiping/M.1495210668.A.FEF.html download to ptt/Gossiping/20459_7.txt, time: 2.860000
/bbs/Gossiping/M.1495210676.A.4E1.html download to ptt/Gossiping/20459_8.txt, time: 3.200000
/bbs/Gossiping/M.1495210681.A.3BF.html download to ptt/Gossiping/20459_9.txt, time: 3.220000
/bbs/Gossiping/M.1495210687.A.C2D.html download to ptt/Gossiping/20459_10.txt, time: 5.080000
/bbs/Gossiping/M.1495210760.A.31B.html download to ptt/Gossiping/20459_11.txt, time: 4.840000
/bbs/Gossiping/M.1495210833.A.80D.html download to ptt/Gossiping/20459_12.txt, time: 4.460000
/bbs/Gossiping/M.1495210876.A.EF0.html download to ptt/Gossiping/20459_13.txt, time: 4.170000
/bbs/Gossiping/M.1495210901.A.22A.html download to ptt/Gossiping/20459_14.txt, time: 6.430000
/bbs/Gossiping/M.1495210909.A.BD4.html download to ptt/Gossiping/20459_15.txt, time: 6.730000
/bbs/Gossiping/M.1495210950.A.87A.html download to ptt/Gossiping/20459_16.txt, time: 6.360000
/bbs/Gossiping/M.1495210973.A.B35.html download to ptt/Gossiping/20459_17.txt, time: 5.800000
/bbs/Gossiping/M.1495211023.A.5B3.html download to ptt/Gossiping/20459_18.txt, time: 3.890000
/bbs/Gossiping/M.1495211025.A.A7A.html download to ptt/Gossiping/20459_19.txt, time: 4.610000
page 20458
/bbs/Gossiping/M.1495210147.A.0DA.html download to ptt/Gossiping/20458_0.txt, time: 9.020000
/bbs/Gossiping/M.1495210150.A.663.html download to ptt/Gossiping/20458_1.txt, time: 6.350000
/bbs/Gossiping/M.1495210173.A.603.html download to ptt/Gossiping/20458_2.txt, time: 8.740000
/bbs/Gossiping/M.1495210206.A.4D8.html download to ptt/Gossiping/20458_3.txt, time: 4.210000
/bbs/Gossiping/M.1495210233.A.868.html download to ptt/Gossiping/20458_4.txt, time: 4.740000
/bbs/Gossiping/M.1495210234.A.DD8.html download to ptt/Gossiping/20458_5.txt, time: 6.500000
/bbs/Gossiping/M.1495210234.A.D12.html download to ptt/Gossiping/20458_6.txt, time: 6.330000
/bbs/Gossiping/M.1495210264.A.1E6.html download to ptt/Gossiping/20458_7.txt, time: 6.360000
/bbs/Gossiping/M.1495210268.A.93F.html download to ptt/Gossiping/20458_8.txt, time: 4.500000
/bbs/Gossiping/M.1495210287.A.452.html download to ptt/Gossiping/20458_9.txt, time: 4.830000
/bbs/Gossiping/M.1495210296.A.CA3.html download to ptt/Gossiping/20458_10.txt, time: 5.940000
/bbs/Gossiping/M.1495210297.A.97F.html download to ptt/Gossiping/20458_11.txt, time: 8.330000
/bbs/Gossiping/M.1495210304.A.CD0.html download to ptt/Gossiping/20458_12.txt, time: 8.200000
/bbs/Gossiping/M.1495210313.A.56F.html download to ptt/Gossiping/20458_13.txt, time: 10.410000
/bbs/Gossiping/M.1495210319.A.6C8.html download to ptt/Gossiping/20458_14.txt, time: 3.050000
/bbs/Gossiping/M.1495210345.A.DC6.html download to ptt/Gossiping/20458_15.txt, time: 3.590000
/bbs/Gossiping/M.1495210362.A.ECE.html download to ptt/Gossiping/20458_16.txt, time: 3.640000
/bbs/Gossiping/M.1495210389.A.72B.html download to ptt/Gossiping/20458_17.txt, time: 4.620000
/bbs/Gossiping/M.1495210439.A.A7B.html download to ptt/Gossiping/20458_18.txt, time: 3.860000
/bbs/Gossiping/M.1495210445.A.D5D.html download to ptt/Gossiping/20458_19.txt, time: 3.290000
page 20457
/bbs/Gossiping/M.1495209812.A.566.html download to ptt/Gossiping/20457_0.txt, time: 3.310000
/bbs/Gossiping/M.1495209855.A.D2A.html download to ptt/Gossiping/20457_1.txt, time: 4.340000
/bbs/Gossiping/M.1495209878.A.66E.html download to ptt/Gossiping/20457_2.txt, time: 4.450000
/bbs/Gossiping/M.1495209895.A.A01.html download to ptt/Gossiping/20457_3.txt, time: 3.470000
/bbs/Gossiping/M.1495209934.A.EE0.html download to ptt/Gossiping/20457_4.txt, time: 5.130000
/bbs/Gossiping/M.1495209935.A.D0E.html download to ptt/Gossiping/20457_5.txt, time: 5.150000
/bbs/Gossiping/M.1495209968.A.21F.html download to ptt/Gossiping/20457_6.txt, time: 4.320000
/bbs/Gossiping/M.1495209982.A.5AE.html download to ptt/Gossiping/20457_7.txt, time: 4.350000
/bbs/Gossiping/M.1495209990.A.E4F.html download to ptt/Gossiping/20457_8.txt, time: 5.300000
/bbs/Gossiping/M.1495209995.A.D39.html download to ptt/Gossiping/20457_9.txt, time: 5.560000
/bbs/Gossiping/M.1495210013.A.BB0.html download to ptt/Gossiping/20457_10.txt, time: 3.150000
/bbs/Gossiping/M.1495210040.A.425.html download to ptt/Gossiping/20457_11.txt, time: 4.530000
/bbs/Gossiping/M.1495210057.A.102.html download to ptt/Gossiping/20457_12.txt, time: 3.080000
/bbs/Gossiping/M.1495210062.A.4DF.html download to ptt/Gossiping/20457_13.txt, time: 5.780000
/bbs/Gossiping/M.1495210082.A.EDE.html download to ptt/Gossiping/20457_14.txt, time: 6.940000
/bbs/Gossiping/M.1495210083.A.258.html download to ptt/Gossiping/20457_15.txt, time: 3.650000
/bbs/Gossiping/M.1495210089.A.AC3.html download to ptt/Gossiping/20457_16.txt, time: 3.120000
/bbs/Gossiping/M.1495210100.A.70F.html download to ptt/Gossiping/20457_17.txt, time: 3.860000
/bbs/Gossiping/M.1495210103.A.D2A.html download to ptt/Gossiping/20457_18.txt, time: 3.240000
/bbs/Gossiping/M.1495210116.A.F26.html download to ptt/Gossiping/20457_19.txt, time: 3.800000
page 20456
/bbs/Gossiping/M.1495209426.A.8AF.html download to ptt/Gossiping/20456_0.txt, time: 4.920000
/bbs/Gossiping/M.1495209432.A.FF3.html download to ptt/Gossiping/20456_1.txt, time: 3.080000
/bbs/Gossiping/M.1495209460.A.D97.html download to ptt/Gossiping/20456_2.txt, time: 3.140000
/bbs/Gossiping/M.1495209472.A.ABE.html download to ptt/Gossiping/20456_3.txt, time: 3.180000
/bbs/Gossiping/M.1495209476.A.239.html download to ptt/Gossiping/20456_4.txt, time: 5.230000
/bbs/Gossiping/M.1495209491.A.023.html download to ptt/Gossiping/20456_5.txt, time: 4.020000
/bbs/Gossiping/M.1495209498.A.F8C.html download to ptt/Gossiping/20456_6.txt, time: 3.930000
/bbs/Gossiping/M.1495209541.A.A8C.html download to ptt/Gossiping/20456_7.txt, time: 4.020000
/bbs/Gossiping/M.1495209550.A.C81.html download to ptt/Gossiping/20456_8.txt, time: 3.720000
/bbs/Gossiping/M.1495209558.A.B2F.html download to ptt/Gossiping/20456_9.txt, time: 2.510000
/bbs/Gossiping/M.1495209565.A.6E0.html download to ptt/Gossiping/20456_10.txt, time: 4.460000
/bbs/Gossiping/M.1495209567.A.99B.html download to ptt/Gossiping/20456_11.txt, time: 3.310000
/bbs/Gossiping/M.1495209581.A.BAF.html download to ptt/Gossiping/20456_12.txt, time: 3.430000
/bbs/Gossiping/M.1495209659.A.EF2.html download to ptt/Gossiping/20456_13.txt, time: 3.850000
/bbs/Gossiping/M.1495209675.A.4E7.html download to ptt/Gossiping/20456_14.txt, time: 3.180000
/bbs/Gossiping/M.1495209731.A.0FC.html download to ptt/Gossiping/20456_15.txt, time: 3.210000
/bbs/Gossiping/M.1495209752.A.8C2.html download to ptt/Gossiping/20456_16.txt, time: 3.430000
/bbs/Gossiping/M.1495209755.A.53D.html download to ptt/Gossiping/20456_17.txt, time: 4.040000
/bbs/Gossiping/M.1495209801.A.638.html download to ptt/Gossiping/20456_18.txt, time: 2.010000
/bbs/Gossiping/M.1495209809.A.F35.html download to ptt/Gossiping/20456_19.txt, time: 3.930000
time: 527.754144191742 seconds
