page 20470
/bbs/Gossiping/M.1495216456.A.303.html download to ptt/Gossiping/20470_0.txt, time: 7.120000
/bbs/Gossiping/M.1495216474.A.75A.html download to ptt/Gossiping/20470_1.txt, time: 7.750000
/bbs/Gossiping/M.1495216490.A.F2A.html download to ptt/Gossiping/20470_2.txt, time: 3.730000
/bbs/Gossiping/M.1495216551.A.195.html download to ptt/Gossiping/20470_3.txt, time: 3.950000
/bbs/Gossiping/M.1495216621.A.91F.html download to ptt/Gossiping/20470_4.txt, time: 3.360000
/bbs/Gossiping/M.1495216630.A.F51.html download to ptt/Gossiping/20470_5.txt, time: 5.840000
/bbs/Gossiping/M.1495216661.A.3E4.html download to ptt/Gossiping/20470_6.txt, time: 5.280000
/bbs/Gossiping/M.1495216742.A.D47.html download to ptt/Gossiping/20470_7.txt, time: 9.040000
/bbs/Gossiping/M.1495216794.A.92E.html download to ptt/Gossiping/20470_8.txt, time: 4.790000
/bbs/Gossiping/M.1495216813.A.567.html download to ptt/Gossiping/20470_9.txt, time: 4.300000
/bbs/Gossiping/M.1495216820.A.D8F.html download to ptt/Gossiping/20470_10.txt, time: 4.570000
/bbs/Gossiping/M.1495216822.A.08C.html download to ptt/Gossiping/20470_11.txt, time: 3.800000
/bbs/Gossiping/M.1495216914.A.8C5.html download to ptt/Gossiping/20470_12.txt, time: 3.950000
/bbs/Gossiping/M.1495216987.A.759.html download to ptt/Gossiping/20470_13.txt, time: 4.190000
/bbs/Gossiping/M.1495217024.A.6E9.html download to ptt/Gossiping/20470_14.txt, time: 6.470000
/bbs/Gossiping/M.1495217157.A.7CE.html download to ptt/Gossiping/20470_15.txt, time: 5.180000
/bbs/Gossiping/M.1495217164.A.906.html download to ptt/Gossiping/20470_16.txt, time: 4.680000
/bbs/Gossiping/M.1495217176.A.51C.html download to ptt/Gossiping/20470_17.txt, time: 3.510000
/bbs/Gossiping/M.1495217255.A.E46.html download to ptt/Gossiping/20470_18.txt, time: 6.050000
/bbs/Gossiping/M.1495217273.A.A88.html download to ptt/Gossiping/20470_19.txt, time: 5.770000
page 20469
/bbs/Gossiping/M.1495215778.A.D6A.html download to ptt/Gossiping/20469_0.txt, time: 3.510000
/bbs/Gossiping/M.1495215788.A.2E1.html download to ptt/Gossiping/20469_1.txt, time: 3.860000
/bbs/Gossiping/M.1495215812.A.F59.html download to ptt/Gossiping/20469_2.txt, time: 4.080000
/bbs/Gossiping/M.1495215815.A.FE0.html download to ptt/Gossiping/20469_3.txt, time: 4.280000
/bbs/Gossiping/M.1495215818.A.F1B.html download to ptt/Gossiping/20469_4.txt, time: 3.290000
/bbs/Gossiping/M.1495215828.A.26B.html download to ptt/Gossiping/20469_5.txt, time: 3.350000
/bbs/Gossiping/M.1495215887.A.E2E.html download to ptt/Gossiping/20469_6.txt, time: 4.490000
/bbs/Gossiping/M.1495215912.A.652.html download to ptt/Gossiping/20469_7.txt, time: 3.640000
/bbs/Gossiping/M.1495215976.A.0C4.html download to ptt/Gossiping/20469_8.txt, time: 5.130000
/bbs/Gossiping/M.1495215991.A.AB5.html download to ptt/Gossiping/20469_9.txt, time: 4.260000
/bbs/Gossiping/M.1495215993.A.A8F.html download to ptt/Gossiping/20469_10.txt, time: 6.300000
/bbs/Gossiping/M.1495216023.A.7B4.html download to ptt/Gossiping/20469_11.txt, time: 4.350000
/bbs/Gossiping/M.1495216140.A.371.html download to ptt/Gossiping/20469_12.txt, time: 3.790000
/bbs/Gossiping/M.1495216145.A.DC0.html download to ptt/Gossiping/20469_13.txt, time: 5.140000
/bbs/Gossiping/M.1495216178.A.28C.html download to ptt/Gossiping/20469_14.txt, time: 6.380000
/bbs/Gossiping/M.1495216205.A.08D.html download to ptt/Gossiping/20469_15.txt, time: 7.020000
/bbs/Gossiping/M.1495216245.A.945.html download to ptt/Gossiping/20469_16.txt, time: 4.760000
/bbs/Gossiping/M.1495216254.A.873.html download to ptt/Gossiping/20469_17.txt, time: 6.980000
/bbs/Gossiping/M.1495216262.A.C46.html download to ptt/Gossiping/20469_18.txt, time: 5.780000
/bbs/Gossiping/M.1495216296.A.2DE.html download to ptt/Gossiping/20469_19.txt, time: 4.280000
page 20468
/bbs/Gossiping/M.1495215009.A.2CF.html download to ptt/Gossiping/20468_0.txt, time: 6.570000
/bbs/Gossiping/M.1495215028.A.95E.html download to ptt/Gossiping/20468_1.txt, time: 6.870000
/bbs/Gossiping/M.1495215059.A.490.html download to ptt/Gossiping/20468_2.txt, time: 4.980000
/bbs/Gossiping/M.1495215073.A.124.html download to ptt/Gossiping/20468_3.txt, time: 8.570000
/bbs/Gossiping/M.1495215104.A.470.html download to ptt/Gossiping/20468_4.txt, time: 4.920000
/bbs/Gossiping/M.1495215192.A.551.html download to ptt/Gossiping/20468_5.txt, time: 6.550000
/bbs/Gossiping/M.1495215259.A.4A1.html download to ptt/Gossiping/20468_6.txt, time: 3.700000
/bbs/Gossiping/M.1495215309.A.967.html download to ptt/Gossiping/20468_7.txt, time: 8.640000
/bbs/Gossiping/M.1495215457.A.BC6.html download to ptt/Gossiping/20468_8.txt, time: 7.970000
/bbs/Gossiping/M.1495215478.A.FF6.html download to ptt/Gossiping/20468_9.txt, time: 5.250000
/bbs/Gossiping/M.1495215478.A.1BD.html download to ptt/Gossiping/20468_10.txt, time: 5.050000
/bbs/Gossiping/M.1495215564.A.BE1.html download to ptt/Gossiping/20468_11.txt, time: 6.620000
/bbs/Gossiping/M.1495215574.A.4E3.html download to ptt/Gossiping/20468_12.txt, time: 6.820000
/bbs/Gossiping/M.1495215610.A.6B2.html download to ptt/Gossiping/20468_13.txt, time: 12.690000
/bbs/Gossiping/M.1495215615.A.1D4.html download to ptt/Gossiping/20468_14.txt, time: 6.090000
/bbs/Gossiping/M.1495215698.A.C14.html download to ptt/Gossiping/20468_15.txt, time: 3.200000
/bbs/Gossiping/M.1495215699.A.72B.html download to ptt/Gossiping/20468_16.txt, time: 3.440000
/bbs/Gossiping/M.1495215711.A.AD3.html download to ptt/Gossiping/20468_17.txt, time: 3.560000
/bbs/Gossiping/M.1495215729.A.0D2.html download to ptt/Gossiping/20468_18.txt, time: 3.530000
/bbs/Gossiping/M.1495215748.A.D38.html download to ptt/Gossiping/20468_19.txt, time: 4.380000
page 20467
/bbs/Gossiping/M.1495214473.A.055.html download to ptt/Gossiping/20467_0.txt, time: 4.220000
/bbs/Gossiping/M.1495214475.A.842.html download to ptt/Gossiping/20467_1.txt, time: 4.140000
/bbs/Gossiping/M.1495214501.A.E37.html download to ptt/Gossiping/20467_2.txt, time: 4.060000
/bbs/Gossiping/M.1495214527.A.C81.html download to ptt/Gossiping/20467_3.txt, time: 4.330000
/bbs/Gossiping/M.1495214548.A.B91.html download to ptt/Gossiping/20467_4.txt, time: 4.820000
/bbs/Gossiping/M.1495214574.A.97B.html download to ptt/Gossiping/20467_5.txt, time: 3.410000
/bbs/Gossiping/M.1495214649.A.6A4.html download to ptt/Gossiping/20467_6.txt, time: 4.090000
/bbs/Gossiping/M.1495214673.A.4A9.html download to ptt/Gossiping/20467_7.txt, time: 3.160000
/bbs/Gossiping/M.1495214749.A.26B.html download to ptt/Gossiping/20467_8.txt, time: 4.930000
/bbs/Gossiping/M.1495214804.A.636.html download to ptt/Gossiping/20467_9.txt, time: 3.620000
/bbs/Gossiping/M.1495214807.A.FFF.html download to ptt/Gossiping/20467_10.txt, time: 4.830000
/bbs/Gossiping/M.1495214820.A.E21.html download to ptt/Gossiping/20467_11.txt, time: 2.790000
/bbs/Gossiping/M.1495214824.A.E0F.html download to ptt/Gossiping/20467_12.txt, time: 4.290000
/bbs/Gossiping/M.1495214873.A.9C7.html download to ptt/Gossiping/20467_13.txt, time: 3.380000
/bbs/Gossiping/M.1495214883.A.866.html download to ptt/Gossiping/20467_14.txt, time: 4.980000
/bbs/Gossiping/M.1495214896.A.BC7.html download to ptt/Gossiping/20467_15.txt, time: 6.640000
/bbs/Gossiping/M.1495214934.A.B89.html download to ptt/Gossiping/20467_16.txt, time: 4.110000
/bbs/Gossiping/M.1495214942.A.C12.html download to ptt/Gossiping/20467_17.txt, time: 3.590000
/bbs/Gossiping/M.1495214944.A.8F8.html download to ptt/Gossiping/20467_18.txt, time: 4.450000
/bbs/Gossiping/M.1495214989.A.3A1.html download to ptt/Gossiping/20467_19.txt, time: 4.800000
page 20466
/bbs/Gossiping/M.1495213734.A.A2B.html download to ptt/Gossiping/20466_0.txt, time: 5.390000
/bbs/Gossiping/M.1495213804.A.75C.html download to ptt/Gossiping/20466_1.txt, time: 4.990000
/bbs/Gossiping/M.1495213840.A.5D6.html download to ptt/Gossiping/20466_2.txt, time: 4.800000
/bbs/Gossiping/M.1495213856.A.21C.html download to ptt/Gossiping/20466_3.txt, time: 3.790000
/bbs/Gossiping/M.1495213909.A.FC3.html download to ptt/Gossiping/20466_4.txt, time: 4.740000
/bbs/Gossiping/M.1495213914.A.9C7.html download to ptt/Gossiping/20466_5.txt, time: 5.190000
/bbs/Gossiping/M.1495213915.A.2D5.html download to ptt/Gossiping/20466_6.txt, time: 3.570000
/bbs/Gossiping/M.1495213995.A.040.html download to ptt/Gossiping/20466_7.txt, time: 3.100000
/bbs/Gossiping/M.1495214018.A.B0B.html download to ptt/Gossiping/20466_8.txt, time: 4.780000
/bbs/Gossiping/M.1495214054.A.9FD.html download to ptt/Gossiping/20466_9.txt, time: 2.800000
/bbs/Gossiping/M.1495214056.A.6E4.html download to ptt/Gossiping/20466_10.txt, time: 3.380000
/bbs/Gossiping/M.1495214057.A.627.html download to ptt/Gossiping/20466_11.txt, time: 3.750000
/bbs/Gossiping/M.1495214067.A.B7B.html download to ptt/Gossiping/20466_12.txt, time: 2.670000
/bbs/Gossiping/M.1495214078.A.A85.html download to ptt/Gossiping/20466_13.txt, time: 4.100000
/bbs/Gossiping/M.1495214177.A.A13.html download to ptt/Gossiping/20466_14.txt, time: 3.200000
/bbs/Gossiping/M.1495214289.A.B8C.html download to ptt/Gossiping/20466_15.txt, time: 5.030000
/bbs/Gossiping/M.1495214346.A.C55.html download to ptt/Gossiping/20466_16.txt, time: 5.360000
/bbs/Gossiping/M.1495214349.A.BB7.html download to ptt/Gossiping/20466_17.txt, time: 3.160000
/bbs/Gossiping/M.1495214438.A.1AC.html download to ptt/Gossiping/20466_18.txt, time: 2.350000
/bbs/Gossiping/M.1495214473.A.ED2.html download to ptt/Gossiping/20466_19.txt, time: 1.570000
time: 539.5638706684113 seconds
