page 20480
/bbs/Gossiping/M.1495234814.A.5E4.html download to ptt/Gossiping/20480_0.txt, time: 4.040000
/bbs/Gossiping/M.1495234952.A.8AA.html download to ptt/Gossiping/20480_1.txt, time: 4.970000
/bbs/Gossiping/M.1495235062.A.A17.html download to ptt/Gossiping/20480_2.txt, time: 6.860000
/bbs/Gossiping/M.1495235096.A.926.html download to ptt/Gossiping/20480_3.txt, time: 4.990000
/bbs/Gossiping/M.1495235359.A.BC2.html download to ptt/Gossiping/20480_4.txt, time: 3.830000
/bbs/Gossiping/M.1495235721.A.68D.html download to ptt/Gossiping/20480_5.txt, time: 4.720000
/bbs/Gossiping/M.1495235774.A.468.html download to ptt/Gossiping/20480_6.txt, time: 5.880000
/bbs/Gossiping/M.1495236014.A.034.html download to ptt/Gossiping/20480_7.txt, time: 4.540000
/bbs/Gossiping/M.1495236106.A.044.html download to ptt/Gossiping/20480_8.txt, time: 7.650000
/bbs/Gossiping/M.1495236356.A.ECA.html download to ptt/Gossiping/20480_9.txt, time: 4.160000
/bbs/Gossiping/M.1495236773.A.FB4.html download to ptt/Gossiping/20480_10.txt, time: 4.650000
/bbs/Gossiping/M.1495237014.A.072.html download to ptt/Gossiping/20480_11.txt, time: 5.680000
/bbs/Gossiping/M.1495237016.A.38C.html download to ptt/Gossiping/20480_12.txt, time: 3.710000
/bbs/Gossiping/M.1495237107.A.C52.html download to ptt/Gossiping/20480_13.txt, time: 4.280000
/bbs/Gossiping/M.1495237301.A.A0A.html download to ptt/Gossiping/20480_14.txt, time: 3.710000
/bbs/Gossiping/M.1495237349.A.425.html download to ptt/Gossiping/20480_15.txt, time: 4.120000
/bbs/Gossiping/M.1495237452.A.077.html download to ptt/Gossiping/20480_16.txt, time: 5.110000
/bbs/Gossiping/M.1495237746.A.3AC.html download to ptt/Gossiping/20480_17.txt, time: 3.510000
/bbs/Gossiping/M.1495237768.A.CB8.html download to ptt/Gossiping/20480_18.txt, time: 4.020000
/bbs/Gossiping/M.1495237778.A.4ED.html download to ptt/Gossiping/20480_19.txt, time: 4.740000
page 20479
/bbs/Gossiping/M.1495231727.A.3A8.html download to ptt/Gossiping/20479_0.txt, time: 5.690000
/bbs/Gossiping/M.1495231826.A.9E2.html download to ptt/Gossiping/20479_1.txt, time: 4.680000
/bbs/Gossiping/M.1495232038.A.05D.html download to ptt/Gossiping/20479_2.txt, time: 6.280000
/bbs/Gossiping/M.1495232062.A.02D.html download to ptt/Gossiping/20479_3.txt, time: 3.840000
/bbs/Gossiping/M.1495232197.A.6DC.html download to ptt/Gossiping/20479_4.txt, time: 6.380000
/bbs/Gossiping/M.1495232265.A.AC2.html download to ptt/Gossiping/20479_5.txt, time: 5.280000
/bbs/Gossiping/M.1495232504.A.E89.html download to ptt/Gossiping/20479_6.txt, time: 4.410000
/bbs/Gossiping/M.1495233065.A.F08.html download to ptt/Gossiping/20479_7.txt, time: 5.160000
/bbs/Gossiping/M.1495233138.A.259.html download to ptt/Gossiping/20479_8.txt, time: 4.200000
/bbs/Gossiping/M.1495233595.A.600.html download to ptt/Gossiping/20479_9.txt, time: 5.190000
/bbs/Gossiping/M.1495233684.A.329.html download to ptt/Gossiping/20479_10.txt, time: 4.710000
/bbs/Gossiping/M.1495233832.A.C2D.html download to ptt/Gossiping/20479_11.txt, time: 5.110000
/bbs/Gossiping/M.1495233835.A.E88.html download to ptt/Gossiping/20479_12.txt, time: 4.360000
/bbs/Gossiping/M.1495233920.A.C59.html download to ptt/Gossiping/20479_13.txt, time: 4.200000
/bbs/Gossiping/M.1495234201.A.541.html download to ptt/Gossiping/20479_14.txt, time: 6.290000
/bbs/Gossiping/M.1495234202.A.750.html download to ptt/Gossiping/20479_15.txt, time: 5.330000
/bbs/Gossiping/M.1495234265.A.AB4.html download to ptt/Gossiping/20479_16.txt, time: 14.880000
/bbs/Gossiping/M.1495234460.A.093.html download to ptt/Gossiping/20479_17.txt, time: 6.660000
/bbs/Gossiping/M.1495234646.A.8CE.html download to ptt/Gossiping/20479_18.txt, time: 5.310000
/bbs/Gossiping/M.1495234795.A.24D.html download to ptt/Gossiping/20479_19.txt, time: 5.040000
page 20478
/bbs/Gossiping/M.1495227569.A.A54.html download to ptt/Gossiping/20478_0.txt, time: 6.150000
/bbs/Gossiping/M.1495227842.A.9E9.html download to ptt/Gossiping/20478_1.txt, time: 5.230000
/bbs/Gossiping/M.1495228013.A.FC7.html download to ptt/Gossiping/20478_2.txt, time: 8.060000
/bbs/Gossiping/M.1495228033.A.FA0.html download to ptt/Gossiping/20478_3.txt, time: 5.030000
/bbs/Gossiping/M.1495228228.A.42F.html download to ptt/Gossiping/20478_4.txt, time: 6.740000
/bbs/Gossiping/M.1495228278.A.ABF.html download to ptt/Gossiping/20478_5.txt, time: 8.360000
/bbs/Gossiping/M.1495228351.A.D8D.html download to ptt/Gossiping/20478_6.txt, time: 4.780000
/bbs/Gossiping/M.1495228372.A.C75.html download to ptt/Gossiping/20478_7.txt, time: 5.200000
/bbs/Gossiping/M.1495228392.A.5C6.html download to ptt/Gossiping/20478_8.txt, time: 4.700000
/bbs/Gossiping/M.1495229031.A.BF0.html download to ptt/Gossiping/20478_9.txt, time: 4.530000
/bbs/Gossiping/M.1495229471.A.E10.html download to ptt/Gossiping/20478_10.txt, time: 7.330000
/bbs/Gossiping/M.1495229566.A.9A4.html download to ptt/Gossiping/20478_11.txt, time: 10.030000
/bbs/Gossiping/M.1495229575.A.392.html download to ptt/Gossiping/20478_12.txt, time: 4.240000
/bbs/Gossiping/M.1495229663.A.727.html download to ptt/Gossiping/20478_13.txt, time: 7.350000
/bbs/Gossiping/M.1495229762.A.495.html download to ptt/Gossiping/20478_14.txt, time: 3.560000
/bbs/Gossiping/M.1495230185.A.2E5.html download to ptt/Gossiping/20478_15.txt, time: 3.700000
/bbs/Gossiping/M.1495230342.A.0AF.html download to ptt/Gossiping/20478_16.txt, time: 5.230000
/bbs/Gossiping/M.1495230394.A.2F8.html download to ptt/Gossiping/20478_17.txt, time: 5.270000
/bbs/Gossiping/M.1495230745.A.365.html download to ptt/Gossiping/20478_18.txt, time: 3.200000
/bbs/Gossiping/M.1495230970.A.47C.html download to ptt/Gossiping/20478_19.txt, time: 3.650000
page 20477
/bbs/Gossiping/M.1495225953.A.A68.html download to ptt/Gossiping/20477_0.txt, time: 4.940000
/bbs/Gossiping/M.1495226002.A.730.html download to ptt/Gossiping/20477_1.txt, time: 4.990000
/bbs/Gossiping/M.1495226045.A.1E9.html download to ptt/Gossiping/20477_2.txt, time: 3.960000
/bbs/Gossiping/M.1495226212.A.9D4.html download to ptt/Gossiping/20477_3.txt, time: 5.270000
/bbs/Gossiping/M.1495226324.A.7A5.html download to ptt/Gossiping/20477_4.txt, time: 3.510000
/bbs/Gossiping/M.1495226362.A.348.html download to ptt/Gossiping/20477_5.txt, time: 4.080000
/bbs/Gossiping/M.1495226419.A.15C.html download to ptt/Gossiping/20477_6.txt, time: 4.380000
/bbs/Gossiping/M.1495226554.A.04E.html download to ptt/Gossiping/20477_7.txt, time: 3.260000
/bbs/Gossiping/M.1495226671.A.2BA.html download to ptt/Gossiping/20477_8.txt, time: 3.690000
/bbs/Gossiping/M.1495226717.A.5D4.html download to ptt/Gossiping/20477_9.txt, time: 4.750000
/bbs/Gossiping/M.1495226784.A.FF9.html download to ptt/Gossiping/20477_10.txt, time: 3.040000
/bbs/Gossiping/M.1495226818.A.169.html download to ptt/Gossiping/20477_11.txt, time: 3.750000
/bbs/Gossiping/M.1495226826.A.D66.html download to ptt/Gossiping/20477_12.txt, time: 5.610000
/bbs/Gossiping/M.1495226894.A.B54.html download to ptt/Gossiping/20477_13.txt, time: 4.860000
/bbs/Gossiping/M.1495226930.A.A2E.html download to ptt/Gossiping/20477_14.txt, time: 7.830000
/bbs/Gossiping/M.1495227056.A.E08.html download to ptt/Gossiping/20477_15.txt, time: 3.240000
/bbs/Gossiping/M.1495227196.A.A18.html download to ptt/Gossiping/20477_16.txt, time: 3.100000
/bbs/Gossiping/M.1495227343.A.BDF.html download to ptt/Gossiping/20477_17.txt, time: 3.240000
/bbs/Gossiping/M.1495227395.A.26C.html download to ptt/Gossiping/20477_18.txt, time: 3.160000
/bbs/Gossiping/M.1495227470.A.5E6.html download to ptt/Gossiping/20477_19.txt, time: 3.340000
page 20476
/bbs/Gossiping/M.1495224599.A.401.html download to ptt/Gossiping/20476_0.txt, time: 3.410000
/bbs/Gossiping/M.1495224631.A.B46.html download to ptt/Gossiping/20476_1.txt, time: 3.630000
/bbs/Gossiping/M.1495224794.A.E4A.html download to ptt/Gossiping/20476_2.txt, time: 6.160000
/bbs/Gossiping/M.1495224855.A.90C.html download to ptt/Gossiping/20476_3.txt, time: 3.620000
/bbs/Gossiping/M.1495224880.A.3B8.html download to ptt/Gossiping/20476_4.txt, time: 4.210000
/bbs/Gossiping/M.1495224932.A.248.html download to ptt/Gossiping/20476_5.txt, time: 5.000000
/bbs/Gossiping/M.1495224970.A.672.html download to ptt/Gossiping/20476_6.txt, time: 3.740000
/bbs/Gossiping/M.1495224992.A.2DE.html download to ptt/Gossiping/20476_7.txt, time: 3.610000
/bbs/Gossiping/M.1495225098.A.938.html download to ptt/Gossiping/20476_8.txt, time: 4.190000
/bbs/Gossiping/M.1495225372.A.EE8.html download to ptt/Gossiping/20476_9.txt, time: 3.360000
/bbs/Gossiping/M.1495225395.A.1E3.html download to ptt/Gossiping/20476_10.txt, time: 2.800000
/bbs/Gossiping/M.1495225513.A.FEF.html download to ptt/Gossiping/20476_11.txt, time: 4.200000
/bbs/Gossiping/M.1495225631.A.E6A.html download to ptt/Gossiping/20476_12.txt, time: 2.970000
/bbs/Gossiping/M.1495225644.A.886.html download to ptt/Gossiping/20476_13.txt, time: 3.220000
/bbs/Gossiping/M.1495225675.A.20C.html download to ptt/Gossiping/20476_14.txt, time: 3.360000
/bbs/Gossiping/M.1495225791.A.F42.html download to ptt/Gossiping/20476_15.txt, time: 2.440000
/bbs/Gossiping/M.1495225832.A.6C9.html download to ptt/Gossiping/20476_16.txt, time: 5.060000
/bbs/Gossiping/M.1495225904.A.45F.html download to ptt/Gossiping/20476_17.txt, time: 3.240000
/bbs/Gossiping/M.1495225912.A.5FE.html download to ptt/Gossiping/20476_18.txt, time: 4.310000
/bbs/Gossiping/M.1495225935.A.0A7.html download to ptt/Gossiping/20476_19.txt, time: 3.450000
time: 537.7036890983582 seconds
