page 20490
/bbs/Gossiping/M.1495246263.A.36D.html download to ptt/Gossiping/20490_0.txt, time: 7.360000
/bbs/Gossiping/M.1495246307.A.FF3.html download to ptt/Gossiping/20490_1.txt, time: 6.140000
/bbs/Gossiping/M.1495246347.A.B7E.html download to ptt/Gossiping/20490_2.txt, time: 4.280000
/bbs/Gossiping/M.1495246428.A.727.html download to ptt/Gossiping/20490_3.txt, time: 5.310000
/bbs/Gossiping/M.1495246460.A.604.html download to ptt/Gossiping/20490_4.txt, time: 5.450000
/bbs/Gossiping/M.1495246485.A.66C.html download to ptt/Gossiping/20490_5.txt, time: 5.220000
/bbs/Gossiping/M.1495246516.A.8AD.html download to ptt/Gossiping/20490_6.txt, time: 4.490000
/bbs/Gossiping/M.1495246669.A.73D.html download to ptt/Gossiping/20490_7.txt, time: 7.510000
/bbs/Gossiping/M.1495246700.A.434.html download to ptt/Gossiping/20490_8.txt, time: 4.410000
/bbs/Gossiping/M.1495246771.A.119.html download to ptt/Gossiping/20490_9.txt, time: 3.460000
/bbs/Gossiping/M.1495246870.A.CB7.html download to ptt/Gossiping/20490_10.txt, time: 5.050000
/bbs/Gossiping/M.1495246876.A.552.html download to ptt/Gossiping/20490_11.txt, time: 3.390000
/bbs/Gossiping/M.1495246928.A.753.html download to ptt/Gossiping/20490_12.txt, time: 5.840000
/bbs/Gossiping/M.1495246944.A.F61.html download to ptt/Gossiping/20490_13.txt, time: 5.240000
/bbs/Gossiping/M.1495246984.A.609.html download to ptt/Gossiping/20490_14.txt, time: 3.700000
/bbs/Gossiping/M.1495247087.A.93E.html download to ptt/Gossiping/20490_15.txt, time: 4.320000
/bbs/Gossiping/M.1495247091.A.11C.html download to ptt/Gossiping/20490_16.txt, time: 3.620000
/bbs/Gossiping/M.1495247095.A.85A.html download to ptt/Gossiping/20490_17.txt, time: 5.800000
/bbs/Gossiping/M.1495247140.A.E0A.html download to ptt/Gossiping/20490_18.txt, time: 5.340000
/bbs/Gossiping/M.1495247211.A.02A.html download to ptt/Gossiping/20490_19.txt, time: 5.260000
page 20489
/bbs/Gossiping/M.1495245304.A.2D8.html download to ptt/Gossiping/20489_0.txt, time: 5.850000
/bbs/Gossiping/M.1495245411.A.FF8.html download to ptt/Gossiping/20489_1.txt, time: 4.590000
/bbs/Gossiping/M.1495245484.A.29E.html download to ptt/Gossiping/20489_2.txt, time: 4.060000
/bbs/Gossiping/M.1495245490.A.6EA.html download to ptt/Gossiping/20489_3.txt, time: 4.570000
/bbs/Gossiping/M.1495245492.A.275.html download to ptt/Gossiping/20489_4.txt, time: 3.400000
/bbs/Gossiping/M.1495245508.A.365.html download to ptt/Gossiping/20489_5.txt, time: 4.210000
/bbs/Gossiping/M.1495245510.A.EE9.html download to ptt/Gossiping/20489_6.txt, time: 4.130000
/bbs/Gossiping/M.1495245544.A.951.html download to ptt/Gossiping/20489_7.txt, time: 4.390000
/bbs/Gossiping/M.1495245666.A.2BD.html download to ptt/Gossiping/20489_8.txt, time: 5.430000
/bbs/Gossiping/M.1495245769.A.405.html download to ptt/Gossiping/20489_9.txt, time: 4.150000
/bbs/Gossiping/M.1495245794.A.1D8.html download to ptt/Gossiping/20489_10.txt, time: 3.400000
/bbs/Gossiping/M.1495245809.A.D41.html download to ptt/Gossiping/20489_11.txt, time: 5.070000
/bbs/Gossiping/M.1495245814.A.8DE.html download to ptt/Gossiping/20489_12.txt, time: 4.250000
/bbs/Gossiping/M.1495245909.A.E4F.html download to ptt/Gossiping/20489_13.txt, time: 5.060000
/bbs/Gossiping/M.1495246061.A.0FF.html download to ptt/Gossiping/20489_14.txt, time: 4.160000
/bbs/Gossiping/M.1495246077.A.CC0.html download to ptt/Gossiping/20489_15.txt, time: 4.970000
/bbs/Gossiping/M.1495246092.A.BA3.html download to ptt/Gossiping/20489_16.txt, time: 6.010000
/bbs/Gossiping/M.1495246120.A.61C.html download to ptt/Gossiping/20489_17.txt, time: 4.390000
/bbs/Gossiping/M.1495246181.A.073.html download to ptt/Gossiping/20489_18.txt, time: 6.280000
/bbs/Gossiping/M.1495246257.A.92E.html download to ptt/Gossiping/20489_19.txt, time: 3.910000
page 20488
/bbs/Gossiping/M.1495244649.A.118.html download to ptt/Gossiping/20488_0.txt, time: 4.530000
/bbs/Gossiping/M.1495244658.A.3C3.html download to ptt/Gossiping/20488_1.txt, time: 9.270000
/bbs/Gossiping/M.1495244739.A.227.html download to ptt/Gossiping/20488_2.txt, time: 6.510000
/bbs/Gossiping/M.1495244755.A.EA0.html download to ptt/Gossiping/20488_3.txt, time: 4.760000
/bbs/Gossiping/M.1495244775.A.979.html download to ptt/Gossiping/20488_4.txt, time: 6.520000
/bbs/Gossiping/M.1495244797.A.1AF.html download to ptt/Gossiping/20488_5.txt, time: 6.770000
/bbs/Gossiping/M.1495244822.A.880.html download to ptt/Gossiping/20488_6.txt, time: 9.450000
/bbs/Gossiping/M.1495244839.A.D3A.html download to ptt/Gossiping/20488_7.txt, time: 3.750000
/bbs/Gossiping/M.1495244880.A.57F.html download to ptt/Gossiping/20488_8.txt, time: 7.700000
/bbs/Gossiping/M.1495244955.A.C21.html download to ptt/Gossiping/20488_9.txt, time: 5.770000
/bbs/Gossiping/M.1495244975.A.D6C.html download to ptt/Gossiping/20488_10.txt, time: 4.420000
/bbs/Gossiping/M.1495245012.A.93A.html download to ptt/Gossiping/20488_11.txt, time: 6.230000
/bbs/Gossiping/M.1495245027.A.6A8.html download to ptt/Gossiping/20488_12.txt, time: 3.840000
/bbs/Gossiping/M.1495245062.A.9D7.html download to ptt/Gossiping/20488_13.txt, time: 5.360000
/bbs/Gossiping/M.1495245123.A.D35.html download to ptt/Gossiping/20488_14.txt, time: 5.300000
/bbs/Gossiping/M.1495245178.A.9B0.html download to ptt/Gossiping/20488_15.txt, time: 5.290000
/bbs/Gossiping/M.1495245257.A.062.html download to ptt/Gossiping/20488_16.txt, time: 3.780000
/bbs/Gossiping/M.1495245267.A.DEF.html download to ptt/Gossiping/20488_17.txt, time: 3.060000
/bbs/Gossiping/M.1495245281.A.189.html download to ptt/Gossiping/20488_18.txt, time: 3.400000
/bbs/Gossiping/M.1495245285.A.127.html download to ptt/Gossiping/20488_19.txt, time: 3.190000
page 20487
/bbs/Gossiping/M.1495244090.A.45B.html download to ptt/Gossiping/20487_0.txt, time: 3.700000
/bbs/Gossiping/M.1495244134.A.CDD.html download to ptt/Gossiping/20487_1.txt, time: 4.280000
/bbs/Gossiping/M.1495244138.A.568.html download to ptt/Gossiping/20487_2.txt, time: 2.360000
/bbs/Gossiping/M.1495244171.A.56B.html download to ptt/Gossiping/20487_3.txt, time: 4.730000
/bbs/Gossiping/M.1495244215.A.3F6.html download to ptt/Gossiping/20487_4.txt, time: 4.780000
/bbs/Gossiping/M.1495244217.A.CDD.html download to ptt/Gossiping/20487_5.txt, time: 4.630000
/bbs/Gossiping/M.1495244232.A.25C.html download to ptt/Gossiping/20487_6.txt, time: 5.540000
/bbs/Gossiping/M.1495244241.A.CE4.html download to ptt/Gossiping/20487_7.txt, time: 3.900000
/bbs/Gossiping/M.1495244245.A.5FD.html download to ptt/Gossiping/20487_8.txt, time: 4.000000
/bbs/Gossiping/M.1495244285.A.EF1.html download to ptt/Gossiping/20487_9.txt, time: 3.390000
/bbs/Gossiping/M.1495244302.A.234.html download to ptt/Gossiping/20487_10.txt, time: 4.380000
/bbs/Gossiping/M.1495244328.A.420.html download to ptt/Gossiping/20487_11.txt, time: 3.400000
/bbs/Gossiping/M.1495244367.A.321.html download to ptt/Gossiping/20487_12.txt, time: 4.550000
/bbs/Gossiping/M.1495244504.A.B0C.html download to ptt/Gossiping/20487_13.txt, time: 2.630000
/bbs/Gossiping/M.1495244508.A.1D8.html download to ptt/Gossiping/20487_14.txt, time: 3.850000
/bbs/Gossiping/M.1495244523.A.ADE.html download to ptt/Gossiping/20487_15.txt, time: 3.420000
/bbs/Gossiping/M.1495244558.A.EDB.html download to ptt/Gossiping/20487_16.txt, time: 4.170000
/bbs/Gossiping/M.1495244592.A.BBA.html download to ptt/Gossiping/20487_17.txt, time: 7.800000
/bbs/Gossiping/M.1495244623.A.7C6.html download to ptt/Gossiping/20487_18.txt, time: 3.900000
/bbs/Gossiping/M.1495244638.A.4DC.html download to ptt/Gossiping/20487_19.txt, time: 3.070000
page 20486
/bbs/Gossiping/M.1495243228.A.DBA.html download to ptt/Gossiping/20486_0.txt, time: 2.910000
/bbs/Gossiping/M.1495243245.A.C23.html download to ptt/Gossiping/20486_1.txt, time: 5.880000
/bbs/Gossiping/M.1495243268.A.968.html download to ptt/Gossiping/20486_2.txt, time: 3.940000
/bbs/Gossiping/M.1495243337.A.2F0.html download to ptt/Gossiping/20486_3.txt, time: 3.940000
/bbs/Gossiping/M.1495243364.A.2E3.html download to ptt/Gossiping/20486_4.txt, time: 3.670000
/bbs/Gossiping/M.1495243412.A.9DE.html download to ptt/Gossiping/20486_5.txt, time: 4.360000
/bbs/Gossiping/M.1495243548.A.2A8.html download to ptt/Gossiping/20486_6.txt, time: 3.860000
/bbs/Gossiping/M.1495243571.A.48A.html download to ptt/Gossiping/20486_7.txt, time: 3.510000
/bbs/Gossiping/M.1495243711.A.273.html download to ptt/Gossiping/20486_8.txt, time: 4.640000
/bbs/Gossiping/M.1495243789.A.93A.html download to ptt/Gossiping/20486_9.txt, time: 4.200000
/bbs/Gossiping/M.1495243792.A.C18.html download to ptt/Gossiping/20486_10.txt, time: 3.900000
/bbs/Gossiping/M.1495243809.A.2C9.html download to ptt/Gossiping/20486_11.txt, time: 3.950000
/bbs/Gossiping/M.1495243851.A.AB7.html download to ptt/Gossiping/20486_12.txt, time: 2.780000
/bbs/Gossiping/M.1495243865.A.246.html download to ptt/Gossiping/20486_13.txt, time: 4.770000
/bbs/Gossiping/M.1495243901.A.7D4.html download to ptt/Gossiping/20486_14.txt, time: 3.530000
/bbs/Gossiping/M.1495243976.A.307.html download to ptt/Gossiping/20486_15.txt, time: 3.280000
/bbs/Gossiping/M.1495244000.A.D98.html download to ptt/Gossiping/20486_16.txt, time: 2.600000
/bbs/Gossiping/M.1495244022.A.28B.html download to ptt/Gossiping/20486_17.txt, time: 3.220000
/bbs/Gossiping/M.1495244023.A.3F1.html download to ptt/Gossiping/20486_18.txt, time: 3.220000
/bbs/Gossiping/M.1495244058.A.3CA.html download to ptt/Gossiping/20486_19.txt, time: 4.210000
time: 521.0587882995605 seconds
