page 20500
/bbs/Gossiping/M.1495253160.A.484.html download to ptt/Gossiping/20500_0.txt, time: 8.150000
/bbs/Gossiping/M.1495253175.A.E6A.html download to ptt/Gossiping/20500_1.txt, time: 7.130000
/bbs/Gossiping/M.1495253199.A.A68.html download to ptt/Gossiping/20500_2.txt, time: 4.680000
/bbs/Gossiping/M.1495253206.A.0D0.html download to ptt/Gossiping/20500_3.txt, time: 3.860000
/bbs/Gossiping/M.1495253207.A.703.html download to ptt/Gossiping/20500_4.txt, time: 4.830000
/bbs/Gossiping/M.1495253228.A.01B.html download to ptt/Gossiping/20500_5.txt, time: 4.950000
/bbs/Gossiping/M.1495253232.A.B3B.html download to ptt/Gossiping/20500_6.txt, time: 6.540000
/bbs/Gossiping/M.1495253253.A.B73.html download to ptt/Gossiping/20500_7.txt, time: 6.210000
/bbs/Gossiping/M.1495253323.A.64D.html download to ptt/Gossiping/20500_8.txt, time: 4.550000
/bbs/Gossiping/M.1495253326.A.8E1.html download to ptt/Gossiping/20500_9.txt, time: 4.840000
/bbs/Gossiping/M.1495253391.A.569.html download to ptt/Gossiping/20500_10.txt, time: 4.320000
/bbs/Gossiping/M.1495253455.A.511.html download to ptt/Gossiping/20500_11.txt, time: 5.330000
/bbs/Gossiping/M.1495253473.A.CB8.html download to ptt/Gossiping/20500_12.txt, time: 4.870000
/bbs/Gossiping/M.1495253484.A.843.html download to ptt/Gossiping/20500_13.txt, time: 3.350000
/bbs/Gossiping/M.1495253485.A.D9D.html download to ptt/Gossiping/20500_14.txt, time: 5.310000
/bbs/Gossiping/M.1495253528.A.22C.html download to ptt/Gossiping/20500_15.txt, time: 6.390000
/bbs/Gossiping/M.1495253544.A.845.html download to ptt/Gossiping/20500_16.txt, time: 4.620000
/bbs/Gossiping/M.1495253554.A.3B4.html download to ptt/Gossiping/20500_17.txt, time: 4.480000
/bbs/Gossiping/M.1495253572.A.B17.html download to ptt/Gossiping/20500_18.txt, time: 4.690000
/bbs/Gossiping/M.1495253633.A.B82.html download to ptt/Gossiping/20500_19.txt, time: 5.020000
page 20499
/bbs/Gossiping/M.1495252470.A.2CA.html download to ptt/Gossiping/20499_0.txt, time: 4.010000
/bbs/Gossiping/M.1495252499.A.B67.html download to ptt/Gossiping/20499_1.txt, time: 5.420000
/bbs/Gossiping/M.1495252507.A.526.html download to ptt/Gossiping/20499_2.txt, time: 3.610000
/bbs/Gossiping/M.1495252529.A.8EA.html download to ptt/Gossiping/20499_3.txt, time: 4.490000
/bbs/Gossiping/M.1495252577.A.A26.html download to ptt/Gossiping/20499_4.txt, time: 4.050000
/bbs/Gossiping/M.1495252585.A.0CD.html download to ptt/Gossiping/20499_5.txt, time: 6.220000
/bbs/Gossiping/M.1495252588.A.AE7.html download to ptt/Gossiping/20499_6.txt, time: 5.430000
/bbs/Gossiping/M.1495252656.A.816.html download to ptt/Gossiping/20499_7.txt, time: 5.220000
/bbs/Gossiping/M.1495252696.A.050.html download to ptt/Gossiping/20499_8.txt, time: 4.230000
/bbs/Gossiping/M.1495252697.A.19F.html download to ptt/Gossiping/20499_9.txt, time: 4.560000
/bbs/Gossiping/M.1495252792.A.393.html download to ptt/Gossiping/20499_10.txt, time: 4.550000
/bbs/Gossiping/M.1495252882.A.445.html download to ptt/Gossiping/20499_11.txt, time: 5.060000
/bbs/Gossiping/M.1495252920.A.EA5.html download to ptt/Gossiping/20499_12.txt, time: 5.380000
/bbs/Gossiping/M.1495252959.A.5AE.html download to ptt/Gossiping/20499_13.txt, time: 5.190000
/bbs/Gossiping/M.1495253006.A.B9F.html download to ptt/Gossiping/20499_14.txt, time: 6.790000
/bbs/Gossiping/M.1495253021.A.656.html download to ptt/Gossiping/20499_15.txt, time: 4.860000
/bbs/Gossiping/M.1495253025.A.D72.html download to ptt/Gossiping/20499_16.txt, time: 5.510000
/bbs/Gossiping/M.1495253083.A.056.html download to ptt/Gossiping/20499_17.txt, time: 8.080000
/bbs/Gossiping/M.1495253087.A.0CF.html download to ptt/Gossiping/20499_18.txt, time: 6.030000
/bbs/Gossiping/M.1495253144.A.C31.html download to ptt/Gossiping/20499_19.txt, time: 4.770000
page 20498
/bbs/Gossiping/M.1495252041.A.FD1.html download to ptt/Gossiping/20498_0.txt, time: 7.740000
/bbs/Gossiping/M.1495252060.A.C86.html download to ptt/Gossiping/20498_1.txt, time: 6.010000
/bbs/Gossiping/M.1495252073.A.4B5.html download to ptt/Gossiping/20498_2.txt, time: 4.040000
/bbs/Gossiping/M.1495252078.A.24A.html download to ptt/Gossiping/20498_3.txt, time: 10.340000
/bbs/Gossiping/M.1495252141.A.E6D.html download to ptt/Gossiping/20498_4.txt, time: 4.720000
/bbs/Gossiping/M.1495252156.A.8D9.html download to ptt/Gossiping/20498_5.txt, time: 8.210000
/bbs/Gossiping/M.1495252175.A.56A.html download to ptt/Gossiping/20498_6.txt, time: 18.300000
/bbs/Gossiping/M.1495252195.A.9F4.html download to ptt/Gossiping/20498_7.txt, time: 4.810000
/bbs/Gossiping/M.1495252209.A.5A2.html download to ptt/Gossiping/20498_8.txt, time: 9.240000
/bbs/Gossiping/M.1495252248.A.41C.html download to ptt/Gossiping/20498_9.txt, time: 6.540000
/bbs/Gossiping/M.1495252272.A.833.html download to ptt/Gossiping/20498_10.txt, time: 3.760000
/bbs/Gossiping/M.1495252281.A.EA1.html download to ptt/Gossiping/20498_11.txt, time: 4.900000
/bbs/Gossiping/M.1495252292.A.AA0.html download to ptt/Gossiping/20498_12.txt, time: 3.800000
/bbs/Gossiping/M.1495252310.A.B80.html download to ptt/Gossiping/20498_13.txt, time: 3.490000
/bbs/Gossiping/M.1495252315.A.FB0.html download to ptt/Gossiping/20498_14.txt, time: 4.570000
/bbs/Gossiping/M.1495252346.A.51F.html download to ptt/Gossiping/20498_15.txt, time: 3.720000
/bbs/Gossiping/M.1495252356.A.2E4.html download to ptt/Gossiping/20498_16.txt, time: 4.840000
/bbs/Gossiping/M.1495252362.A.461.html download to ptt/Gossiping/20498_17.txt, time: 4.540000
/bbs/Gossiping/M.1495252392.A.3F5.html download to ptt/Gossiping/20498_18.txt, time: 4.160000
/bbs/Gossiping/M.1495252447.A.208.html download to ptt/Gossiping/20498_19.txt, time: 5.710000
page 20497
/bbs/Gossiping/M.1495251435.A.C5A.html download to ptt/Gossiping/20497_0.txt, time: 3.850000
/bbs/Gossiping/M.1495251475.A.2C7.html download to ptt/Gossiping/20497_1.txt, time: 3.790000
/bbs/Gossiping/M.1495251483.A.8DF.html download to ptt/Gossiping/20497_2.txt, time: 3.520000
/bbs/Gossiping/M.1495251488.A.660.html download to ptt/Gossiping/20497_3.txt, time: 4.050000
/bbs/Gossiping/M.1495251496.A.D4A.html download to ptt/Gossiping/20497_4.txt, time: 3.380000
/bbs/Gossiping/M.1495251526.A.A5D.html download to ptt/Gossiping/20497_5.txt, time: 3.790000
/bbs/Gossiping/M.1495251542.A.7BC.html download to ptt/Gossiping/20497_6.txt, time: 4.390000
/bbs/Gossiping/M.1495251547.A.E3F.html download to ptt/Gossiping/20497_7.txt, time: 3.490000
/bbs/Gossiping/M.1495251615.A.711.html download to ptt/Gossiping/20497_8.txt, time: 5.290000
/bbs/Gossiping/M.1495251625.A.3AF.html download to ptt/Gossiping/20497_9.txt, time: 4.190000
/bbs/Gossiping/M.1495251658.A.3B3.html download to ptt/Gossiping/20497_10.txt, time: 7.250000
/bbs/Gossiping/M.1495251668.A.4EA.html download to ptt/Gossiping/20497_11.txt, time: 5.470000
/bbs/Gossiping/M.1495251703.A.2EC.html download to ptt/Gossiping/20497_12.txt, time: 3.170000
/bbs/Gossiping/M.1495251818.A.B5C.html download to ptt/Gossiping/20497_13.txt, time: 3.580000
/bbs/Gossiping/M.1495251823.A.255.html download to ptt/Gossiping/20497_14.txt, time: 3.720000
/bbs/Gossiping/M.1495251829.A.227.html download to ptt/Gossiping/20497_15.txt, time: 3.120000
/bbs/Gossiping/M.1495251837.A.BAA.html download to ptt/Gossiping/20497_16.txt, time: 2.790000
/bbs/Gossiping/M.1495251861.A.E18.html download to ptt/Gossiping/20497_17.txt, time: 4.600000
/bbs/Gossiping/M.1495251871.A.FE5.html download to ptt/Gossiping/20497_18.txt, time: 3.810000
/bbs/Gossiping/M.1495251890.A.993.html download to ptt/Gossiping/20497_19.txt, time: 4.030000
page 20496
/bbs/Gossiping/M.1495250912.A.F21.html download to ptt/Gossiping/20496_0.txt, time: 3.810000
/bbs/Gossiping/M.1495250923.A.356.html download to ptt/Gossiping/20496_1.txt, time: 3.420000
/bbs/Gossiping/M.1495250939.A.BDF.html download to ptt/Gossiping/20496_2.txt, time: 5.850000
/bbs/Gossiping/M.1495250974.A.4FE.html download to ptt/Gossiping/20496_3.txt, time: 3.620000
/bbs/Gossiping/M.1495250996.A.442.html download to ptt/Gossiping/20496_4.txt, time: 3.660000
/bbs/Gossiping/M.1495251018.A.CDE.html download to ptt/Gossiping/20496_5.txt, time: 2.860000
/bbs/Gossiping/M.1495251040.A.7E7.html download to ptt/Gossiping/20496_6.txt, time: 2.970000
/bbs/Gossiping/M.1495251094.A.F5A.html download to ptt/Gossiping/20496_7.txt, time: 2.580000
/bbs/Gossiping/M.1495251121.A.B04.html download to ptt/Gossiping/20496_8.txt, time: 3.060000
/bbs/Gossiping/M.1495251123.A.B29.html download to ptt/Gossiping/20496_9.txt, time: 4.010000
/bbs/Gossiping/M.1495251131.A.DB0.html download to ptt/Gossiping/20496_10.txt, time: 2.670000
/bbs/Gossiping/M.1495251203.A.701.html download to ptt/Gossiping/20496_11.txt, time: 4.310000
/bbs/Gossiping/M.1495251207.A.30A.html download to ptt/Gossiping/20496_12.txt, time: 3.100000
/bbs/Gossiping/M.1495251282.A.45F.html download to ptt/Gossiping/20496_13.txt, time: 2.670000
/bbs/Gossiping/M.1495251286.A.624.html download to ptt/Gossiping/20496_14.txt, time: 2.510000
/bbs/Gossiping/M.1495251308.A.AF1.html download to ptt/Gossiping/20496_15.txt, time: 3.280000
/bbs/Gossiping/M.1495251365.A.028.html download to ptt/Gossiping/20496_16.txt, time: 2.160000
/bbs/Gossiping/M.1495251414.A.4FE.html download to ptt/Gossiping/20496_17.txt, time: 2.950000
/bbs/Gossiping/M.1495251420.A.EA4.html download to ptt/Gossiping/20496_18.txt, time: 2.150000
/bbs/Gossiping/M.1495251434.A.AD5.html download to ptt/Gossiping/20496_19.txt, time: 1.970000
time: 530.368622303009 seconds
