page 20510
/bbs/Gossiping/M.1495259190.A.5B7.html download to ptt/Gossiping/20510_0.txt, time: 9.050000
/bbs/Gossiping/M.1495259214.A.DB5.html download to ptt/Gossiping/20510_1.txt, time: 4.510000
/bbs/Gossiping/M.1495259244.A.7F1.html download to ptt/Gossiping/20510_2.txt, time: 3.580000
/bbs/Gossiping/M.1495259270.A.BA3.html download to ptt/Gossiping/20510_3.txt, time: 3.680000
/bbs/Gossiping/M.1495259305.A.28D.html download to ptt/Gossiping/20510_4.txt, time: 4.230000
/bbs/Gossiping/M.1495259318.A.883.html download to ptt/Gossiping/20510_5.txt, time: 3.400000
/bbs/Gossiping/M.1495259337.A.24C.html download to ptt/Gossiping/20510_6.txt, time: 4.610000
/bbs/Gossiping/M.1495259358.A.6F4.html download to ptt/Gossiping/20510_7.txt, time: 7.340000
/bbs/Gossiping/M.1495259366.A.9B7.html download to ptt/Gossiping/20510_8.txt, time: 4.770000
/bbs/Gossiping/M.1495259440.A.BCC.html download to ptt/Gossiping/20510_9.txt, time: 5.700000
/bbs/Gossiping/M.1495259485.A.0CE.html download to ptt/Gossiping/20510_10.txt, time: 4.580000
/bbs/Gossiping/M.1495259495.A.3DD.html download to ptt/Gossiping/20510_11.txt, time: 6.920000
/bbs/Gossiping/M.1495259524.A.F5A.html download to ptt/Gossiping/20510_12.txt, time: 6.360000
/bbs/Gossiping/M.1495259572.A.61F.html download to ptt/Gossiping/20510_13.txt, time: 4.570000
/bbs/Gossiping/M.1495259592.A.FCD.html download to ptt/Gossiping/20510_14.txt, time: 4.620000
/bbs/Gossiping/M.1495259613.A.E17.html download to ptt/Gossiping/20510_15.txt, time: 2.910000
/bbs/Gossiping/M.1495259615.A.72F.html download to ptt/Gossiping/20510_16.txt, time: 4.230000
/bbs/Gossiping/M.1495259621.A.2C4.html download to ptt/Gossiping/20510_17.txt, time: 3.990000
/bbs/Gossiping/M.1495259624.A.4FD.html download to ptt/Gossiping/20510_18.txt, time: 4.330000
/bbs/Gossiping/M.1495259650.A.38E.html download to ptt/Gossiping/20510_19.txt, time: 5.150000
page 20509
/bbs/Gossiping/M.1495258654.A.0B6.html download to ptt/Gossiping/20509_0.txt, time: 5.240000
/bbs/Gossiping/M.1495258656.A.2C3.html download to ptt/Gossiping/20509_1.txt, time: 4.930000
/bbs/Gossiping/M.1495258682.A.CDC.html download to ptt/Gossiping/20509_2.txt, time: 3.090000
/bbs/Gossiping/M.1495258689.A.9EF.html download to ptt/Gossiping/20509_3.txt, time: 4.460000
/bbs/Gossiping/M.1495258754.A.2DD.html download to ptt/Gossiping/20509_4.txt, time: 4.200000
/bbs/Gossiping/M.1495258767.A.1C9.html download to ptt/Gossiping/20509_5.txt, time: 4.000000
/bbs/Gossiping/M.1495258792.A.76D.html download to ptt/Gossiping/20509_6.txt, time: 4.490000
/bbs/Gossiping/M.1495258826.A.05D.html download to ptt/Gossiping/20509_7.txt, time: 5.110000
/bbs/Gossiping/M.1495258895.A.114.html download to ptt/Gossiping/20509_8.txt, time: 3.860000
/bbs/Gossiping/M.1495258973.A.043.html download to ptt/Gossiping/20509_9.txt, time: 4.330000
/bbs/Gossiping/M.1495258978.A.E57.html download to ptt/Gossiping/20509_10.txt, time: 5.040000
/bbs/Gossiping/M.1495258991.A.34D.html download to ptt/Gossiping/20509_11.txt, time: 4.530000
/bbs/Gossiping/M.1495259008.A.9B7.html download to ptt/Gossiping/20509_12.txt, time: 5.320000
/bbs/Gossiping/M.1495259009.A.1B5.html download to ptt/Gossiping/20509_13.txt, time: 5.980000
/bbs/Gossiping/M.1495259013.A.328.html download to ptt/Gossiping/20509_14.txt, time: 5.030000
/bbs/Gossiping/M.1495259049.A.230.html download to ptt/Gossiping/20509_15.txt, time: 9.600000
/bbs/Gossiping/M.1495259073.A.CAC.html download to ptt/Gossiping/20509_16.txt, time: 5.320000
/bbs/Gossiping/M.1495259089.A.8C6.html download to ptt/Gossiping/20509_17.txt, time: 7.070000
/bbs/Gossiping/M.1495259153.A.DA9.html download to ptt/Gossiping/20509_18.txt, time: 7.510000
/bbs/Gossiping/M.1495259178.A.139.html download to ptt/Gossiping/20509_19.txt, time: 4.400000
page 20508
/bbs/Gossiping/M.1495258031.A.AF4.html download to ptt/Gossiping/20508_0.txt, time: 4.430000
/bbs/Gossiping/M.1495258084.A.40A.html download to ptt/Gossiping/20508_1.txt, time: 8.550000
/bbs/Gossiping/M.1495258127.A.DA1.html download to ptt/Gossiping/20508_2.txt, time: 5.410000
/bbs/Gossiping/M.1495258161.A.547.html download to ptt/Gossiping/20508_3.txt, time: 4.320000
/bbs/Gossiping/M.1495258178.A.462.html download to ptt/Gossiping/20508_4.txt, time: 5.490000
/bbs/Gossiping/M.1495258208.A.943.html download to ptt/Gossiping/20508_5.txt, time: 7.250000
/bbs/Gossiping/M.1495258209.A.088.html download to ptt/Gossiping/20508_6.txt, time: 11.180000
/bbs/Gossiping/M.1495258237.A.AD4.html download to ptt/Gossiping/20508_7.txt, time: 5.930000
/bbs/Gossiping/M.1495258247.A.6D9.html download to ptt/Gossiping/20508_8.txt, time: 4.330000
/bbs/Gossiping/M.1495258258.A.508.html download to ptt/Gossiping/20508_9.txt, time: 6.900000
/bbs/Gossiping/M.1495258298.A.495.html download to ptt/Gossiping/20508_10.txt, time: 4.740000
/bbs/Gossiping/M.1495258324.A.3A3.html download to ptt/Gossiping/20508_11.txt, time: 4.560000
/bbs/Gossiping/M.1495258341.A.8AD.html download to ptt/Gossiping/20508_12.txt, time: 3.640000
/bbs/Gossiping/M.1495258351.A.3D7.html download to ptt/Gossiping/20508_13.txt, time: 6.620000
/bbs/Gossiping/M.1495258427.A.65F.html download to ptt/Gossiping/20508_14.txt, time: 4.070000
/bbs/Gossiping/M.1495258433.A.10B.html download to ptt/Gossiping/20508_15.txt, time: 3.310000
/bbs/Gossiping/M.1495258437.A.59A.html download to ptt/Gossiping/20508_16.txt, time: 3.670000
/bbs/Gossiping/M.1495258593.A.F20.html download to ptt/Gossiping/20508_17.txt, time: 4.120000
/bbs/Gossiping/M.1495258615.A.905.html download to ptt/Gossiping/20508_18.txt, time: 4.160000
/bbs/Gossiping/M.1495258619.A.5EE.html download to ptt/Gossiping/20508_19.txt, time: 3.890000
page 20507
/bbs/Gossiping/M.1495257160.A.A9E.html download to ptt/Gossiping/20507_0.txt, time: 5.090000
/bbs/Gossiping/M.1495257217.A.274.html download to ptt/Gossiping/20507_1.txt, time: 3.410000
/bbs/Gossiping/M.1495257311.A.246.html download to ptt/Gossiping/20507_2.txt, time: 4.830000
/bbs/Gossiping/M.1495257345.A.CBC.html download to ptt/Gossiping/20507_3.txt, time: 4.750000
/bbs/Gossiping/M.1495257396.A.49E.html download to ptt/Gossiping/20507_4.txt, time: 3.930000
/bbs/Gossiping/M.1495257511.A.9E8.html download to ptt/Gossiping/20507_5.txt, time: 3.240000
/bbs/Gossiping/M.1495257514.A.C0B.html download to ptt/Gossiping/20507_6.txt, time: 4.460000
/bbs/Gossiping/M.1495257546.A.D6D.html download to ptt/Gossiping/20507_7.txt, time: 3.560000
/bbs/Gossiping/M.1495257629.A.CC8.html download to ptt/Gossiping/20507_8.txt, time: 5.650000
/bbs/Gossiping/M.1495257662.A.C01.html download to ptt/Gossiping/20507_9.txt, time: 4.930000
/bbs/Gossiping/M.1495257665.A.C97.html download to ptt/Gossiping/20507_10.txt, time: 4.540000
/bbs/Gossiping/M.1495257691.A.7A3.html download to ptt/Gossiping/20507_11.txt, time: 5.050000
/bbs/Gossiping/M.1495257691.A.330.html download to ptt/Gossiping/20507_12.txt, time: 5.530000
/bbs/Gossiping/M.1495257696.A.CBA.html download to ptt/Gossiping/20507_13.txt, time: 8.410000
/bbs/Gossiping/M.1495257723.A.F7D.html download to ptt/Gossiping/20507_14.txt, time: 4.820000
/bbs/Gossiping/M.1495257788.A.C02.html download to ptt/Gossiping/20507_15.txt, time: 3.160000
/bbs/Gossiping/M.1495257808.A.B34.html download to ptt/Gossiping/20507_16.txt, time: 4.700000
/bbs/Gossiping/M.1495257868.A.8D6.html download to ptt/Gossiping/20507_17.txt, time: 4.340000
/bbs/Gossiping/M.1495257951.A.F4C.html download to ptt/Gossiping/20507_18.txt, time: 3.840000
/bbs/Gossiping/M.1495257975.A.F82.html download to ptt/Gossiping/20507_19.txt, time: 2.810000
page 20506
/bbs/Gossiping/M.1495256438.A.6C8.html download to ptt/Gossiping/20506_0.txt, time: 2.960000
/bbs/Gossiping/M.1495256540.A.9B5.html download to ptt/Gossiping/20506_1.txt, time: 3.250000
/bbs/Gossiping/M.1495256540.A.01C.html download to ptt/Gossiping/20506_2.txt, time: 3.280000
/bbs/Gossiping/M.1495256694.A.E3E.html download to ptt/Gossiping/20506_3.txt, time: 4.530000
/bbs/Gossiping/M.1495256711.A.1F0.html download to ptt/Gossiping/20506_4.txt, time: 3.890000
/bbs/Gossiping/M.1495256730.A.28F.html download to ptt/Gossiping/20506_5.txt, time: 4.380000
/bbs/Gossiping/M.1495256797.A.242.html download to ptt/Gossiping/20506_6.txt, time: 3.720000
/bbs/Gossiping/M.1495256846.A.63F.html download to ptt/Gossiping/20506_7.txt, time: 2.800000
/bbs/Gossiping/M.1495256887.A.1EF.html download to ptt/Gossiping/20506_8.txt, time: 4.470000
/bbs/Gossiping/M.1495256900.A.BA4.html download to ptt/Gossiping/20506_9.txt, time: 3.990000
/bbs/Gossiping/M.1495256906.A.262.html download to ptt/Gossiping/20506_10.txt, time: 2.860000
/bbs/Gossiping/M.1495256959.A.B04.html download to ptt/Gossiping/20506_11.txt, time: 3.540000
/bbs/Gossiping/M.1495256967.A.CB8.html download to ptt/Gossiping/20506_12.txt, time: 3.370000
/bbs/Gossiping/M.1495256975.A.FC0.html download to ptt/Gossiping/20506_13.txt, time: 2.800000
/bbs/Gossiping/M.1495257037.A.BF9.html download to ptt/Gossiping/20506_14.txt, time: 3.670000
/bbs/Gossiping/M.1495257044.A.A7F.html download to ptt/Gossiping/20506_15.txt, time: 2.660000
/bbs/Gossiping/M.1495257053.A.19D.html download to ptt/Gossiping/20506_16.txt, time: 2.410000
/bbs/Gossiping/M.1495257114.A.3FF.html download to ptt/Gossiping/20506_17.txt, time: 3.840000
/bbs/Gossiping/M.1495257144.A.9EF.html download to ptt/Gossiping/20506_18.txt, time: 7.700000
/bbs/Gossiping/M.1495257148.A.3C5.html download to ptt/Gossiping/20506_19.txt, time: 2.670000
time: 534.35950922966 seconds
