page 20520
/bbs/Gossiping/M.1495264753.A.289.html download to ptt/Gossiping/20520_0.txt, time: 3.830000
/bbs/Gossiping/M.1495264822.A.E11.html download to ptt/Gossiping/20520_1.txt, time: 3.470000
/bbs/Gossiping/M.1495264860.A.4F6.html download to ptt/Gossiping/20520_2.txt, time: 8.090000
/bbs/Gossiping/M.1495264897.A.8BF.html download to ptt/Gossiping/20520_3.txt, time: 4.450000
/bbs/Gossiping/M.1495264899.A.82C.html download to ptt/Gossiping/20520_4.txt, time: 3.490000
/bbs/Gossiping/M.1495264916.A.065.html download to ptt/Gossiping/20520_5.txt, time: 5.890000
/bbs/Gossiping/M.1495264926.A.1CC.html download to ptt/Gossiping/20520_6.txt, time: 4.930000
/bbs/Gossiping/M.1495265018.A.A2C.html download to ptt/Gossiping/20520_7.txt, time: 4.060000
/bbs/Gossiping/M.1495265020.A.C70.html download to ptt/Gossiping/20520_8.txt, time: 5.980000
/bbs/Gossiping/M.1495265053.A.E41.html download to ptt/Gossiping/20520_9.txt, time: 7.080000
/bbs/Gossiping/M.1495265084.A.597.html download to ptt/Gossiping/20520_10.txt, time: 4.540000
/bbs/Gossiping/M.1495265093.A.AD0.html download to ptt/Gossiping/20520_11.txt, time: 3.390000
/bbs/Gossiping/M.1495265174.A.80E.html download to ptt/Gossiping/20520_12.txt, time: 4.180000
/bbs/Gossiping/M.1495265228.A.69B.html download to ptt/Gossiping/20520_13.txt, time: 4.660000
/bbs/Gossiping/M.1495265228.A.82A.html download to ptt/Gossiping/20520_14.txt, time: 7.110000
/bbs/Gossiping/M.1495265230.A.775.html download to ptt/Gossiping/20520_15.txt, time: 4.920000
/bbs/Gossiping/M.1495265263.A.77E.html download to ptt/Gossiping/20520_16.txt, time: 4.780000
/bbs/Gossiping/M.1495265289.A.D55.html download to ptt/Gossiping/20520_17.txt, time: 3.290000
/bbs/Gossiping/M.1495265374.A.713.html download to ptt/Gossiping/20520_18.txt, time: 4.100000
/bbs/Gossiping/M.1495265376.A.E6F.html download to ptt/Gossiping/20520_19.txt, time: 5.050000
page 20519
/bbs/Gossiping/M.1495264138.A.EBD.html download to ptt/Gossiping/20519_0.txt, time: 4.730000
/bbs/Gossiping/M.1495264195.A.302.html download to ptt/Gossiping/20519_1.txt, time: 4.270000
/bbs/Gossiping/M.1495264219.A.C20.html download to ptt/Gossiping/20519_2.txt, time: 5.890000
/bbs/Gossiping/M.1495264256.A.5B0.html download to ptt/Gossiping/20519_3.txt, time: 5.780000
/bbs/Gossiping/M.1495264307.A.FF3.html download to ptt/Gossiping/20519_4.txt, time: 5.660000
/bbs/Gossiping/M.1495264338.A.C65.html download to ptt/Gossiping/20519_5.txt, time: 5.330000
/bbs/Gossiping/M.1495264367.A.BB8.html download to ptt/Gossiping/20519_6.txt, time: 3.640000
/bbs/Gossiping/M.1495264381.A.4E9.html download to ptt/Gossiping/20519_7.txt, time: 5.520000
/bbs/Gossiping/M.1495264387.A.CFB.html download to ptt/Gossiping/20519_8.txt, time: 5.650000
/bbs/Gossiping/M.1495264403.A.2C0.html download to ptt/Gossiping/20519_9.txt, time: 3.990000
/bbs/Gossiping/M.1495264425.A.3ED.html download to ptt/Gossiping/20519_10.txt, time: 5.630000
/bbs/Gossiping/M.1495264453.A.20D.html download to ptt/Gossiping/20519_11.txt, time: 5.840000
/bbs/Gossiping/M.1495264455.A.E34.html download to ptt/Gossiping/20519_12.txt, time: 5.210000
/bbs/Gossiping/M.1495264508.A.814.html download to ptt/Gossiping/20519_13.txt, time: 6.050000
/bbs/Gossiping/M.1495264518.A.4E1.html download to ptt/Gossiping/20519_14.txt, time: 5.720000
/bbs/Gossiping/M.1495264540.A.586.html download to ptt/Gossiping/20519_15.txt, time: 4.540000
/bbs/Gossiping/M.1495264568.A.E60.html download to ptt/Gossiping/20519_16.txt, time: 4.510000
/bbs/Gossiping/M.1495264618.A.03D.html download to ptt/Gossiping/20519_17.txt, time: 4.820000
/bbs/Gossiping/M.1495264700.A.144.html download to ptt/Gossiping/20519_18.txt, time: 5.450000
/bbs/Gossiping/M.1495264721.A.739.html download to ptt/Gossiping/20519_19.txt, time: 4.590000
page 20518
/bbs/Gossiping/M.1495263534.A.6EB.html download to ptt/Gossiping/20518_0.txt, time: 6.760000
/bbs/Gossiping/M.1495263568.A.5DC.html download to ptt/Gossiping/20518_1.txt, time: 5.030000
/bbs/Gossiping/M.1495263671.A.0F1.html download to ptt/Gossiping/20518_2.txt, time: 4.630000
/bbs/Gossiping/M.1495263695.A.CB6.html download to ptt/Gossiping/20518_3.txt, time: 5.760000
/bbs/Gossiping/M.1495263695.A.8C3.html download to ptt/Gossiping/20518_4.txt, time: 7.210000
/bbs/Gossiping/M.1495263706.A.9B1.html download to ptt/Gossiping/20518_5.txt, time: 8.810000
/bbs/Gossiping/M.1495263714.A.1C0.html download to ptt/Gossiping/20518_6.txt, time: 9.350000
/bbs/Gossiping/M.1495263752.A.E3C.html download to ptt/Gossiping/20518_7.txt, time: 4.180000
/bbs/Gossiping/M.1495263781.A.AE4.html download to ptt/Gossiping/20518_8.txt, time: 3.620000
/bbs/Gossiping/M.1495263839.A.24C.html download to ptt/Gossiping/20518_9.txt, time: 11.360000
/bbs/Gossiping/M.1495263905.A.043.html download to ptt/Gossiping/20518_10.txt, time: 7.320000
/bbs/Gossiping/M.1495263924.A.3F4.html download to ptt/Gossiping/20518_11.txt, time: 5.780000
/bbs/Gossiping/M.1495263952.A.735.html download to ptt/Gossiping/20518_12.txt, time: 7.890000
/bbs/Gossiping/M.1495263978.A.424.html download to ptt/Gossiping/20518_13.txt, time: 3.680000
/bbs/Gossiping/M.1495264025.A.B03.html download to ptt/Gossiping/20518_14.txt, time: 3.470000
/bbs/Gossiping/M.1495264048.A.129.html download to ptt/Gossiping/20518_15.txt, time: 3.620000
/bbs/Gossiping/M.1495264063.A.B98.html download to ptt/Gossiping/20518_16.txt, time: 2.940000
/bbs/Gossiping/M.1495264071.A.2F7.html download to ptt/Gossiping/20518_17.txt, time: 3.920000
/bbs/Gossiping/M.1495264076.A.C00.html download to ptt/Gossiping/20518_18.txt, time: 3.590000
/bbs/Gossiping/M.1495264115.A.84F.html download to ptt/Gossiping/20518_19.txt, time: 3.060000
page 20517
/bbs/Gossiping/M.1495262938.A.F5D.html download to ptt/Gossiping/20517_0.txt, time: 5.400000
/bbs/Gossiping/M.1495262975.A.B4C.html download to ptt/Gossiping/20517_1.txt, time: 5.920000
/bbs/Gossiping/M.1495263052.A.233.html download to ptt/Gossiping/20517_2.txt, time: 3.680000
/bbs/Gossiping/M.1495263052.A.6F8.html download to ptt/Gossiping/20517_3.txt, time: 3.490000
/bbs/Gossiping/M.1495263079.A.A1B.html download to ptt/Gossiping/20517_4.txt, time: 3.040000
/bbs/Gossiping/M.1495263169.A.D33.html download to ptt/Gossiping/20517_5.txt, time: 5.930000
/bbs/Gossiping/M.1495263198.A.1E6.html download to ptt/Gossiping/20517_6.txt, time: 2.710000
/bbs/Gossiping/M.1495263215.A.712.html download to ptt/Gossiping/20517_7.txt, time: 4.060000
/bbs/Gossiping/M.1495263243.A.5AD.html download to ptt/Gossiping/20517_8.txt, time: 3.140000
/bbs/Gossiping/M.1495263273.A.ECA.html download to ptt/Gossiping/20517_9.txt, time: 4.100000
/bbs/Gossiping/M.1495263347.A.F95.html download to ptt/Gossiping/20517_10.txt, time: 3.280000
/bbs/Gossiping/M.1495263396.A.BA4.html download to ptt/Gossiping/20517_11.txt, time: 3.960000
/bbs/Gossiping/M.1495263431.A.AA3.html download to ptt/Gossiping/20517_12.txt, time: 3.790000
/bbs/Gossiping/M.1495263456.A.90A.html download to ptt/Gossiping/20517_13.txt, time: 6.060000
/bbs/Gossiping/M.1495263469.A.FA3.html download to ptt/Gossiping/20517_14.txt, time: 7.800000
/bbs/Gossiping/M.1495263469.A.A31.html download to ptt/Gossiping/20517_15.txt, time: 4.370000
/bbs/Gossiping/M.1495263472.A.900.html download to ptt/Gossiping/20517_16.txt, time: 5.330000
/bbs/Gossiping/M.1495263477.A.839.html download to ptt/Gossiping/20517_17.txt, time: 4.410000
/bbs/Gossiping/M.1495263484.A.773.html download to ptt/Gossiping/20517_18.txt, time: 5.570000
/bbs/Gossiping/M.1495263500.A.4D6.html download to ptt/Gossiping/20517_19.txt, time: 5.300000
page 20516
/bbs/Gossiping/M.1495262385.A.125.html download to ptt/Gossiping/20516_0.txt, time: 5.190000
/bbs/Gossiping/M.1495262386.A.FA4.html download to ptt/Gossiping/20516_1.txt, time: 3.690000
/bbs/Gossiping/M.1495262475.A.FDD.html download to ptt/Gossiping/20516_2.txt, time: 3.440000
/bbs/Gossiping/M.1495262476.A.5C2.html download to ptt/Gossiping/20516_3.txt, time: 2.820000
/bbs/Gossiping/M.1495262549.A.3A7.html download to ptt/Gossiping/20516_4.txt, time: 4.410000
/bbs/Gossiping/M.1495262594.A.480.html download to ptt/Gossiping/20516_5.txt, time: 3.710000
/bbs/Gossiping/M.1495262623.A.C99.html download to ptt/Gossiping/20516_6.txt, time: 4.360000
/bbs/Gossiping/M.1495262633.A.2B7.html download to ptt/Gossiping/20516_7.txt, time: 3.220000
/bbs/Gossiping/M.1495262637.A.E72.html download to ptt/Gossiping/20516_8.txt, time: 3.790000
/bbs/Gossiping/M.1495262669.A.9AE.html download to ptt/Gossiping/20516_9.txt, time: 2.150000
/bbs/Gossiping/M.1495262673.A.576.html download to ptt/Gossiping/20516_10.txt, time: 3.750000
/bbs/Gossiping/M.1495262682.A.669.html download to ptt/Gossiping/20516_11.txt, time: 3.100000
/bbs/Gossiping/M.1495262698.A.CA9.html download to ptt/Gossiping/20516_12.txt, time: 2.870000
/bbs/Gossiping/M.1495262716.A.6D1.html download to ptt/Gossiping/20516_13.txt, time: 2.590000
/bbs/Gossiping/M.1495262724.A.043.html download to ptt/Gossiping/20516_14.txt, time: 2.510000
/bbs/Gossiping/M.1495262746.A.AC8.html download to ptt/Gossiping/20516_15.txt, time: 3.140000
/bbs/Gossiping/M.1495262827.A.315.html download to ptt/Gossiping/20516_16.txt, time: 4.320000
/bbs/Gossiping/M.1495262871.A.846.html download to ptt/Gossiping/20516_17.txt, time: 2.200000
/bbs/Gossiping/M.1495262915.A.3EF.html download to ptt/Gossiping/20516_18.txt, time: 11.250000
/bbs/Gossiping/M.1495262922.A.920.html download to ptt/Gossiping/20516_19.txt, time: 3.030000
time: 544.9193203449249 seconds
