page 20530
/bbs/Gossiping/M.1495270336.A.846.html download to ptt/Gossiping/20530_0.txt, time: 6.310000
/bbs/Gossiping/M.1495270340.A.EB6.html download to ptt/Gossiping/20530_1.txt, time: 8.220000
/bbs/Gossiping/M.1495270379.A.C4C.html download to ptt/Gossiping/20530_2.txt, time: 6.430000
/bbs/Gossiping/M.1495270419.A.FC7.html download to ptt/Gossiping/20530_3.txt, time: 3.480000
/bbs/Gossiping/M.1495270460.A.83B.html download to ptt/Gossiping/20530_4.txt, time: 5.150000
/bbs/Gossiping/M.1495270489.A.B1D.html download to ptt/Gossiping/20530_5.txt, time: 6.250000
/bbs/Gossiping/M.1495270524.A.A76.html download to ptt/Gossiping/20530_6.txt, time: 4.700000
/bbs/Gossiping/M.1495270534.A.799.html download to ptt/Gossiping/20530_7.txt, time: 6.410000
/bbs/Gossiping/M.1495270541.A.A08.html download to ptt/Gossiping/20530_8.txt, time: 6.920000
/bbs/Gossiping/M.1495270573.A.D53.html download to ptt/Gossiping/20530_9.txt, time: 5.140000
/bbs/Gossiping/M.1495270657.A.130.html download to ptt/Gossiping/20530_10.txt, time: 4.730000
/bbs/Gossiping/M.1495270671.A.4EA.html download to ptt/Gossiping/20530_11.txt, time: 2.830000
/bbs/Gossiping/M.1495270683.A.15E.html download to ptt/Gossiping/20530_12.txt, time: 5.790000
/bbs/Gossiping/M.1495270689.A.078.html download to ptt/Gossiping/20530_13.txt, time: 4.290000
/bbs/Gossiping/M.1495270715.A.F92.html download to ptt/Gossiping/20530_14.txt, time: 3.600000
/bbs/Gossiping/M.1495270763.A.60C.html download to ptt/Gossiping/20530_15.txt, time: 4.460000
/bbs/Gossiping/M.1495270766.A.B0E.html download to ptt/Gossiping/20530_16.txt, time: 4.410000
/bbs/Gossiping/M.1495270828.A.3C9.html download to ptt/Gossiping/20530_17.txt, time: 5.610000
/bbs/Gossiping/M.1495270840.A.6B0.html download to ptt/Gossiping/20530_18.txt, time: 5.270000
/bbs/Gossiping/M.1495270845.A.582.html download to ptt/Gossiping/20530_19.txt, time: 3.860000
page 20529
/bbs/Gossiping/M.1495269681.A.D7D.html download to ptt/Gossiping/20529_0.txt, time: 4.870000
/bbs/Gossiping/M.1495269757.A.DD3.html download to ptt/Gossiping/20529_1.txt, time: 3.740000
/bbs/Gossiping/M.1495269790.A.AD4.html download to ptt/Gossiping/20529_2.txt, time: 5.800000
/bbs/Gossiping/M.1495269867.A.3FD.html download to ptt/Gossiping/20529_3.txt, time: 6.020000
/bbs/Gossiping/M.1495269888.A.1B1.html download to ptt/Gossiping/20529_4.txt, time: 4.580000
/bbs/Gossiping/M.1495269924.A.ABE.html download to ptt/Gossiping/20529_5.txt, time: 3.680000
/bbs/Gossiping/M.1495269947.A.5EA.html download to ptt/Gossiping/20529_6.txt, time: 4.340000
/bbs/Gossiping/M.1495269977.A.04F.html download to ptt/Gossiping/20529_7.txt, time: 5.530000
/bbs/Gossiping/M.1495269990.A.3E4.html download to ptt/Gossiping/20529_8.txt, time: 6.140000
/bbs/Gossiping/M.1495270010.A.24C.html download to ptt/Gossiping/20529_9.txt, time: 4.950000
/bbs/Gossiping/M.1495270038.A.3B8.html download to ptt/Gossiping/20529_10.txt, time: 5.300000
/bbs/Gossiping/M.1495270088.A.8A3.html download to ptt/Gossiping/20529_11.txt, time: 4.930000
/bbs/Gossiping/M.1495270161.A.93D.html download to ptt/Gossiping/20529_12.txt, time: 6.410000
/bbs/Gossiping/M.1495270231.A.AD0.html download to ptt/Gossiping/20529_13.txt, time: 5.240000
/bbs/Gossiping/M.1495270254.A.FEA.html download to ptt/Gossiping/20529_14.txt, time: 5.300000
/bbs/Gossiping/M.1495270274.A.3F2.html download to ptt/Gossiping/20529_15.txt, time: 5.800000
/bbs/Gossiping/M.1495270278.A.52D.html download to ptt/Gossiping/20529_16.txt, time: 6.770000
/bbs/Gossiping/M.1495270301.A.8DE.html download to ptt/Gossiping/20529_17.txt, time: 4.640000
/bbs/Gossiping/M.1495270303.A.E60.html download to ptt/Gossiping/20529_18.txt, time: 3.890000
/bbs/Gossiping/M.1495270322.A.3D4.html download to ptt/Gossiping/20529_19.txt, time: 4.860000
page 20528
/bbs/Gossiping/M.1495269113.A.FB4.html download to ptt/Gossiping/20528_0.txt, time: 3.980000
/bbs/Gossiping/M.1495269142.A.6D7.html download to ptt/Gossiping/20528_1.txt, time: 10.540000
/bbs/Gossiping/M.1495269167.A.1E2.html download to ptt/Gossiping/20528_2.txt, time: 4.690000
/bbs/Gossiping/M.1495269172.A.9F2.html download to ptt/Gossiping/20528_3.txt, time: 4.330000
/bbs/Gossiping/M.1495269187.A.BFE.html download to ptt/Gossiping/20528_4.txt, time: 4.900000
/bbs/Gossiping/M.1495269211.A.747.html download to ptt/Gossiping/20528_5.txt, time: 8.030000
/bbs/Gossiping/M.1495269252.A.400.html download to ptt/Gossiping/20528_6.txt, time: 7.940000
/bbs/Gossiping/M.1495269295.A.16B.html download to ptt/Gossiping/20528_7.txt, time: 4.340000
/bbs/Gossiping/M.1495269315.A.989.html download to ptt/Gossiping/20528_8.txt, time: 4.330000
/bbs/Gossiping/M.1495269316.A.49E.html download to ptt/Gossiping/20528_9.txt, time: 6.890000
/bbs/Gossiping/M.1495269318.A.C04.html download to ptt/Gossiping/20528_10.txt, time: 5.110000
/bbs/Gossiping/M.1495269415.A.3E3.html download to ptt/Gossiping/20528_11.txt, time: 3.920000
/bbs/Gossiping/M.1495269456.A.703.html download to ptt/Gossiping/20528_12.txt, time: 4.870000
/bbs/Gossiping/M.1495269498.A.B91.html download to ptt/Gossiping/20528_13.txt, time: 3.960000
/bbs/Gossiping/M.1495269512.A.56C.html download to ptt/Gossiping/20528_14.txt, time: 8.050000
/bbs/Gossiping/M.1495269558.A.2D1.html download to ptt/Gossiping/20528_15.txt, time: 3.780000
/bbs/Gossiping/M.1495269584.A.D04.html download to ptt/Gossiping/20528_16.txt, time: 3.510000
/bbs/Gossiping/M.1495269586.A.251.html download to ptt/Gossiping/20528_17.txt, time: 3.570000
/bbs/Gossiping/M.1495269596.A.9C4.html download to ptt/Gossiping/20528_18.txt, time: 3.450000
/bbs/Gossiping/M.1495269655.A.301.html download to ptt/Gossiping/20528_19.txt, time: 3.930000
page 20527
/bbs/Gossiping/M.1495268567.A.134.html download to ptt/Gossiping/20527_0.txt, time: 3.420000
/bbs/Gossiping/M.1495268635.A.B05.html download to ptt/Gossiping/20527_1.txt, time: 2.910000
/bbs/Gossiping/M.1495268644.A.989.html download to ptt/Gossiping/20527_2.txt, time: 3.940000
/bbs/Gossiping/M.1495268737.A.951.html download to ptt/Gossiping/20527_3.txt, time: 5.620000
/bbs/Gossiping/M.1495268814.A.5E9.html download to ptt/Gossiping/20527_4.txt, time: 3.840000
/bbs/Gossiping/M.1495268847.A.1FA.html download to ptt/Gossiping/20527_5.txt, time: 3.940000
/bbs/Gossiping/M.1495268851.A.172.html download to ptt/Gossiping/20527_6.txt, time: 3.280000
/bbs/Gossiping/M.1495268889.A.E97.html download to ptt/Gossiping/20527_7.txt, time: 4.070000
/bbs/Gossiping/M.1495268933.A.23F.html download to ptt/Gossiping/20527_8.txt, time: 4.210000
/bbs/Gossiping/M.1495268934.A.0B1.html download to ptt/Gossiping/20527_9.txt, time: 3.430000
/bbs/Gossiping/M.1495268935.A.20B.html download to ptt/Gossiping/20527_10.txt, time: 3.880000
/bbs/Gossiping/M.1495268962.A.9E3.html download to ptt/Gossiping/20527_11.txt, time: 4.470000
empty download to ptt/Gossiping/20527_12.txt, time: 0.000000
/bbs/Gossiping/M.1495268995.A.13F.html download to ptt/Gossiping/20527_13.txt, time: 3.620000
/bbs/Gossiping/M.1495269006.A.DED.html download to ptt/Gossiping/20527_14.txt, time: 4.540000
/bbs/Gossiping/M.1495269065.A.6D4.html download to ptt/Gossiping/20527_15.txt, time: 3.190000
/bbs/Gossiping/M.1495269067.A.541.html download to ptt/Gossiping/20527_16.txt, time: 4.680000
/bbs/Gossiping/M.1495269077.A.35E.html download to ptt/Gossiping/20527_17.txt, time: 6.370000
/bbs/Gossiping/M.1495269078.A.AB3.html download to ptt/Gossiping/20527_18.txt, time: 6.620000
/bbs/Gossiping/M.1495269094.A.689.html download to ptt/Gossiping/20527_19.txt, time: 4.920000
page 20526
/bbs/Gossiping/M.1495267783.A.E16.html download to ptt/Gossiping/20526_0.txt, time: 4.560000
/bbs/Gossiping/M.1495267828.A.0DD.html download to ptt/Gossiping/20526_1.txt, time: 6.540000
/bbs/Gossiping/M.1495267923.A.FBD.html download to ptt/Gossiping/20526_2.txt, time: 3.250000
/bbs/Gossiping/M.1495267970.A.9C8.html download to ptt/Gossiping/20526_3.txt, time: 4.840000
/bbs/Gossiping/M.1495267991.A.276.html download to ptt/Gossiping/20526_4.txt, time: 3.050000
/bbs/Gossiping/M.1495268018.A.1DF.html download to ptt/Gossiping/20526_5.txt, time: 3.800000
/bbs/Gossiping/M.1495268054.A.53A.html download to ptt/Gossiping/20526_6.txt, time: 2.750000
/bbs/Gossiping/M.1495268060.A.5A2.html download to ptt/Gossiping/20526_7.txt, time: 2.610000
/bbs/Gossiping/M.1495268116.A.A55.html download to ptt/Gossiping/20526_8.txt, time: 3.330000
/bbs/Gossiping/M.1495268132.A.653.html download to ptt/Gossiping/20526_9.txt, time: 3.850000
/bbs/Gossiping/M.1495268201.A.EAE.html download to ptt/Gossiping/20526_10.txt, time: 4.020000
/bbs/Gossiping/M.1495268261.A.2D2.html download to ptt/Gossiping/20526_11.txt, time: 4.110000
/bbs/Gossiping/M.1495268279.A.CE8.html download to ptt/Gossiping/20526_12.txt, time: 3.550000
/bbs/Gossiping/M.1495268294.A.03D.html download to ptt/Gossiping/20526_13.txt, time: 2.650000
/bbs/Gossiping/M.1495268312.A.DCC.html download to ptt/Gossiping/20526_14.txt, time: 3.680000
/bbs/Gossiping/M.1495268413.A.9BA.html download to ptt/Gossiping/20526_15.txt, time: 4.340000
/bbs/Gossiping/M.1495268431.A.1C2.html download to ptt/Gossiping/20526_16.txt, time: 4.570000
/bbs/Gossiping/M.1495268482.A.B1A.html download to ptt/Gossiping/20526_17.txt, time: 2.950000
/bbs/Gossiping/M.1495268487.A.10D.html download to ptt/Gossiping/20526_18.txt, time: 4.010000
/bbs/Gossiping/M.1495268549.A.1D1.html download to ptt/Gossiping/20526_19.txt, time: 4.010000
time: 528.5547666549683 seconds
