page 20540
/bbs/Gossiping/M.1495276312.A.9E3.html download to ptt/Gossiping/20540_0.txt, time: 8.720000
/bbs/Gossiping/M.1495276356.A.40B.html download to ptt/Gossiping/20540_1.txt, time: 4.280000
/bbs/Gossiping/M.1495276358.A.ECB.html download to ptt/Gossiping/20540_2.txt, time: 4.750000
/bbs/Gossiping/M.1495276367.A.9D1.html download to ptt/Gossiping/20540_3.txt, time: 3.910000
/bbs/Gossiping/M.1495276368.A.458.html download to ptt/Gossiping/20540_4.txt, time: 5.010000
/bbs/Gossiping/M.1495276458.A.CCC.html download to ptt/Gossiping/20540_5.txt, time: 4.180000
/bbs/Gossiping/M.1495276637.A.AA9.html download to ptt/Gossiping/20540_6.txt, time: 4.360000
/bbs/Gossiping/M.1495276691.A.3FB.html download to ptt/Gossiping/20540_7.txt, time: 5.170000
/bbs/Gossiping/M.1495276692.A.A2F.html download to ptt/Gossiping/20540_8.txt, time: 6.820000
/bbs/Gossiping/M.1495276737.A.828.html download to ptt/Gossiping/20540_9.txt, time: 4.750000
/bbs/Gossiping/M.1495276746.A.4BC.html download to ptt/Gossiping/20540_10.txt, time: 5.680000
/bbs/Gossiping/M.1495276765.A.C44.html download to ptt/Gossiping/20540_11.txt, time: 3.270000
/bbs/Gossiping/M.1495276816.A.540.html download to ptt/Gossiping/20540_12.txt, time: 4.980000
/bbs/Gossiping/M.1495276865.A.F99.html download to ptt/Gossiping/20540_13.txt, time: 5.670000
/bbs/Gossiping/M.1495276938.A.3B4.html download to ptt/Gossiping/20540_14.txt, time: 5.170000
/bbs/Gossiping/M.1495276963.A.88B.html download to ptt/Gossiping/20540_15.txt, time: 5.620000
/bbs/Gossiping/M.1495276970.A.484.html download to ptt/Gossiping/20540_16.txt, time: 2.910000
/bbs/Gossiping/M.1495276999.A.D04.html download to ptt/Gossiping/20540_17.txt, time: 4.180000
/bbs/Gossiping/M.1495277014.A.E1A.html download to ptt/Gossiping/20540_18.txt, time: 4.640000
/bbs/Gossiping/M.1495277025.A.7DC.html download to ptt/Gossiping/20540_19.txt, time: 3.520000
page 20539
/bbs/Gossiping/M.1495275856.A.BAE.html download to ptt/Gossiping/20539_0.txt, time: 4.830000
/bbs/Gossiping/M.1495275858.A.5FF.html download to ptt/Gossiping/20539_1.txt, time: 5.720000
/bbs/Gossiping/M.1495275870.A.E64.html download to ptt/Gossiping/20539_2.txt, time: 5.700000
/bbs/Gossiping/M.1495275892.A.C73.html download to ptt/Gossiping/20539_3.txt, time: 3.610000
/bbs/Gossiping/M.1495275893.A.F03.html download to ptt/Gossiping/20539_4.txt, time: 4.730000
/bbs/Gossiping/M.1495275917.A.281.html download to ptt/Gossiping/20539_5.txt, time: 3.760000
/bbs/Gossiping/M.1495275963.A.A55.html download to ptt/Gossiping/20539_6.txt, time: 4.300000
/bbs/Gossiping/M.1495275973.A.1AA.html download to ptt/Gossiping/20539_7.txt, time: 3.630000
/bbs/Gossiping/M.1495276039.A.536.html download to ptt/Gossiping/20539_8.txt, time: 4.960000
/bbs/Gossiping/M.1495276046.A.722.html download to ptt/Gossiping/20539_9.txt, time: 5.290000
/bbs/Gossiping/M.1495276059.A.EF7.html download to ptt/Gossiping/20539_10.txt, time: 5.110000
/bbs/Gossiping/M.1495276082.A.794.html download to ptt/Gossiping/20539_11.txt, time: 5.410000
/bbs/Gossiping/M.1495276085.A.695.html download to ptt/Gossiping/20539_12.txt, time: 6.730000
/bbs/Gossiping/M.1495276108.A.20D.html download to ptt/Gossiping/20539_13.txt, time: 3.990000
/bbs/Gossiping/M.1495276111.A.848.html download to ptt/Gossiping/20539_14.txt, time: 4.770000
/bbs/Gossiping/M.1495276155.A.6E4.html download to ptt/Gossiping/20539_15.txt, time: 4.460000
/bbs/Gossiping/M.1495276242.A.085.html download to ptt/Gossiping/20539_16.txt, time: 7.090000
/bbs/Gossiping/M.1495276279.A.4F4.html download to ptt/Gossiping/20539_17.txt, time: 8.200000
/bbs/Gossiping/M.1495276292.A.451.html download to ptt/Gossiping/20539_18.txt, time: 7.200000
/bbs/Gossiping/M.1495276304.A.8AB.html download to ptt/Gossiping/20539_19.txt, time: 7.480000
page 20538
/bbs/Gossiping/M.1495275226.A.426.html download to ptt/Gossiping/20538_0.txt, time: 7.790000
/bbs/Gossiping/M.1495275265.A.A6F.html download to ptt/Gossiping/20538_1.txt, time: 8.790000
/bbs/Gossiping/M.1495275295.A.C97.html download to ptt/Gossiping/20538_2.txt, time: 6.100000
/bbs/Gossiping/M.1495275305.A.891.html download to ptt/Gossiping/20538_3.txt, time: 6.520000
/bbs/Gossiping/M.1495275322.A.07F.html download to ptt/Gossiping/20538_4.txt, time: 6.420000
/bbs/Gossiping/M.1495275325.A.1E2.html download to ptt/Gossiping/20538_5.txt, time: 3.840000
/bbs/Gossiping/M.1495275406.A.679.html download to ptt/Gossiping/20538_6.txt, time: 3.720000
/bbs/Gossiping/M.1495275423.A.D97.html download to ptt/Gossiping/20538_7.txt, time: 4.790000
/bbs/Gossiping/M.1495275464.A.BD3.html download to ptt/Gossiping/20538_8.txt, time: 5.790000
/bbs/Gossiping/M.1495275529.A.4C1.html download to ptt/Gossiping/20538_9.txt, time: 7.240000
/bbs/Gossiping/M.1495275551.A.2B0.html download to ptt/Gossiping/20538_10.txt, time: 6.530000
/bbs/Gossiping/M.1495275586.A.730.html download to ptt/Gossiping/20538_11.txt, time: 4.920000
/bbs/Gossiping/M.1495275603.A.E74.html download to ptt/Gossiping/20538_12.txt, time: 12.350000
/bbs/Gossiping/M.1495275626.A.C00.html download to ptt/Gossiping/20538_13.txt, time: 4.380000
/bbs/Gossiping/M.1495275657.A.2EF.html download to ptt/Gossiping/20538_14.txt, time: 4.490000
/bbs/Gossiping/M.1495275700.A.EFC.html download to ptt/Gossiping/20538_15.txt, time: 3.680000
/bbs/Gossiping/M.1495275708.A.98C.html download to ptt/Gossiping/20538_16.txt, time: 4.470000
/bbs/Gossiping/M.1495275746.A.03D.html download to ptt/Gossiping/20538_17.txt, time: 3.830000
/bbs/Gossiping/M.1495275770.A.153.html download to ptt/Gossiping/20538_18.txt, time: 5.010000
/bbs/Gossiping/M.1495275831.A.6F7.html download to ptt/Gossiping/20538_19.txt, time: 3.980000
page 20537
/bbs/Gossiping/M.1495274785.A.EC4.html download to ptt/Gossiping/20537_0.txt, time: 4.180000
/bbs/Gossiping/M.1495274786.A.868.html download to ptt/Gossiping/20537_1.txt, time: 4.750000
/bbs/Gossiping/M.1495274787.A.407.html download to ptt/Gossiping/20537_2.txt, time: 6.270000
/bbs/Gossiping/M.1495274813.A.711.html download to ptt/Gossiping/20537_3.txt, time: 4.470000
/bbs/Gossiping/M.1495274818.A.88D.html download to ptt/Gossiping/20537_4.txt, time: 3.400000
/bbs/Gossiping/M.1495274836.A.9D5.html download to ptt/Gossiping/20537_5.txt, time: 3.940000
/bbs/Gossiping/M.1495274846.A.322.html download to ptt/Gossiping/20537_6.txt, time: 3.250000
/bbs/Gossiping/M.1495274858.A.893.html download to ptt/Gossiping/20537_7.txt, time: 4.800000
/bbs/Gossiping/M.1495274868.A.31C.html download to ptt/Gossiping/20537_8.txt, time: 4.740000
/bbs/Gossiping/M.1495274948.A.357.html download to ptt/Gossiping/20537_9.txt, time: 5.180000
/bbs/Gossiping/M.1495274985.A.AEE.html download to ptt/Gossiping/20537_10.txt, time: 3.890000
/bbs/Gossiping/M.1495275044.A.16D.html download to ptt/Gossiping/20537_11.txt, time: 7.280000
/bbs/Gossiping/M.1495275058.A.EFB.html download to ptt/Gossiping/20537_12.txt, time: 4.050000
/bbs/Gossiping/M.1495275059.A.6D4.html download to ptt/Gossiping/20537_13.txt, time: 5.050000
/bbs/Gossiping/M.1495275068.A.57D.html download to ptt/Gossiping/20537_14.txt, time: 4.430000
/bbs/Gossiping/M.1495275111.A.F51.html download to ptt/Gossiping/20537_15.txt, time: 4.090000
/bbs/Gossiping/M.1495275135.A.40F.html download to ptt/Gossiping/20537_16.txt, time: 5.180000
/bbs/Gossiping/M.1495275138.A.249.html download to ptt/Gossiping/20537_17.txt, time: 5.520000
/bbs/Gossiping/M.1495275139.A.437.html download to ptt/Gossiping/20537_18.txt, time: 3.560000
/bbs/Gossiping/M.1495275189.A.8E4.html download to ptt/Gossiping/20537_19.txt, time: 4.220000
page 20536
/bbs/Gossiping/M.1495274003.A.F64.html download to ptt/Gossiping/20536_0.txt, time: 3.380000
/bbs/Gossiping/M.1495274072.A.8AB.html download to ptt/Gossiping/20536_1.txt, time: 3.930000
/bbs/Gossiping/M.1495274111.A.7A3.html download to ptt/Gossiping/20536_2.txt, time: 3.650000
/bbs/Gossiping/M.1495274123.A.65F.html download to ptt/Gossiping/20536_3.txt, time: 4.370000
/bbs/Gossiping/M.1495274143.A.50D.html download to ptt/Gossiping/20536_4.txt, time: 3.500000
/bbs/Gossiping/M.1495274158.A.B27.html download to ptt/Gossiping/20536_5.txt, time: 4.220000
/bbs/Gossiping/M.1495274247.A.3A3.html download to ptt/Gossiping/20536_6.txt, time: 2.450000
/bbs/Gossiping/M.1495274283.A.065.html download to ptt/Gossiping/20536_7.txt, time: 3.540000
/bbs/Gossiping/M.1495274305.A.1A1.html download to ptt/Gossiping/20536_8.txt, time: 2.870000
/bbs/Gossiping/M.1495274323.A.9D1.html download to ptt/Gossiping/20536_9.txt, time: 2.650000
/bbs/Gossiping/M.1495274428.A.BA5.html download to ptt/Gossiping/20536_10.txt, time: 3.810000
/bbs/Gossiping/M.1495274430.A.0F1.html download to ptt/Gossiping/20536_11.txt, time: 2.860000
/bbs/Gossiping/M.1495274498.A.178.html download to ptt/Gossiping/20536_12.txt, time: 5.280000
/bbs/Gossiping/M.1495274532.A.90B.html download to ptt/Gossiping/20536_13.txt, time: 4.660000
/bbs/Gossiping/M.1495274591.A.09A.html download to ptt/Gossiping/20536_14.txt, time: 2.460000
/bbs/Gossiping/M.1495274621.A.A1E.html download to ptt/Gossiping/20536_15.txt, time: 2.110000
/bbs/Gossiping/M.1495274641.A.99C.html download to ptt/Gossiping/20536_16.txt, time: 1.470000
/bbs/Gossiping/M.1495274731.A.D59.html download to ptt/Gossiping/20536_17.txt, time: 1.990000
/bbs/Gossiping/M.1495274762.A.266.html download to ptt/Gossiping/20536_18.txt, time: 1.180000
/bbs/Gossiping/M.1495274785.A.20B.html download to ptt/Gossiping/20536_19.txt, time: 1.560000
time: 536.0920524597168 seconds
