page 20550
/bbs/Gossiping/M.1495280962.A.469.html download to ptt/Gossiping/20550_0.txt, time: 8.280000
/bbs/Gossiping/M.1495280979.A.8E1.html download to ptt/Gossiping/20550_1.txt, time: 4.490000
/bbs/Gossiping/M.1495281044.A.FE7.html download to ptt/Gossiping/20550_2.txt, time: 3.280000
/bbs/Gossiping/M.1495281053.A.2E3.html download to ptt/Gossiping/20550_3.txt, time: 3.500000
/bbs/Gossiping/M.1495281065.A.DE5.html download to ptt/Gossiping/20550_4.txt, time: 4.110000
/bbs/Gossiping/M.1495281067.A.BBC.html download to ptt/Gossiping/20550_5.txt, time: 4.390000
/bbs/Gossiping/M.1495281122.A.042.html download to ptt/Gossiping/20550_6.txt, time: 4.080000
/bbs/Gossiping/M.1495281135.A.1C4.html download to ptt/Gossiping/20550_7.txt, time: 7.220000
/bbs/Gossiping/M.1495281154.A.CCE.html download to ptt/Gossiping/20550_8.txt, time: 7.210000
/bbs/Gossiping/M.1495281157.A.41F.html download to ptt/Gossiping/20550_9.txt, time: 4.410000
/bbs/Gossiping/M.1495281161.A.A3F.html download to ptt/Gossiping/20550_10.txt, time: 5.240000
/bbs/Gossiping/M.1495281236.A.6D5.html download to ptt/Gossiping/20550_11.txt, time: 4.460000
/bbs/Gossiping/M.1495281252.A.A14.html download to ptt/Gossiping/20550_12.txt, time: 4.660000
/bbs/Gossiping/M.1495281260.A.117.html download to ptt/Gossiping/20550_13.txt, time: 3.640000
/bbs/Gossiping/M.1495281284.A.ED2.html download to ptt/Gossiping/20550_14.txt, time: 4.410000
/bbs/Gossiping/M.1495281285.A.94F.html download to ptt/Gossiping/20550_15.txt, time: 4.220000
/bbs/Gossiping/M.1495281294.A.1AF.html download to ptt/Gossiping/20550_16.txt, time: 4.760000
/bbs/Gossiping/M.1495281376.A.144.html download to ptt/Gossiping/20550_17.txt, time: 3.760000
/bbs/Gossiping/M.1495281431.A.9E3.html download to ptt/Gossiping/20550_18.txt, time: 3.690000
/bbs/Gossiping/M.1495281449.A.0F3.html download to ptt/Gossiping/20550_19.txt, time: 4.470000
page 20549
/bbs/Gossiping/M.1495280626.A.E36.html download to ptt/Gossiping/20549_0.txt, time: 4.110000
/bbs/Gossiping/M.1495280629.A.FCE.html download to ptt/Gossiping/20549_1.txt, time: 4.880000
/bbs/Gossiping/M.1495280650.A.902.html download to ptt/Gossiping/20549_2.txt, time: 4.590000
/bbs/Gossiping/M.1495280662.A.902.html download to ptt/Gossiping/20549_3.txt, time: 6.510000
/bbs/Gossiping/M.1495280688.A.81A.html download to ptt/Gossiping/20549_4.txt, time: 5.380000
/bbs/Gossiping/M.1495280720.A.C85.html download to ptt/Gossiping/20549_5.txt, time: 5.990000
/bbs/Gossiping/M.1495280724.A.B1A.html download to ptt/Gossiping/20549_6.txt, time: 4.080000
/bbs/Gossiping/M.1495280726.A.DCC.html download to ptt/Gossiping/20549_7.txt, time: 5.210000
/bbs/Gossiping/M.1495280745.A.5E6.html download to ptt/Gossiping/20549_8.txt, time: 3.330000
/bbs/Gossiping/M.1495280752.A.441.html download to ptt/Gossiping/20549_9.txt, time: 3.390000
/bbs/Gossiping/M.1495280758.A.A57.html download to ptt/Gossiping/20549_10.txt, time: 3.990000
/bbs/Gossiping/M.1495280793.A.739.html download to ptt/Gossiping/20549_11.txt, time: 5.810000
/bbs/Gossiping/M.1495280811.A.377.html download to ptt/Gossiping/20549_12.txt, time: 5.760000
/bbs/Gossiping/M.1495280821.A.E7C.html download to ptt/Gossiping/20549_13.txt, time: 4.520000
/bbs/Gossiping/M.1495280895.A.1AB.html download to ptt/Gossiping/20549_14.txt, time: 4.180000
/bbs/Gossiping/M.1495280906.A.169.html download to ptt/Gossiping/20549_15.txt, time: 4.010000
/bbs/Gossiping/M.1495280948.A.D97.html download to ptt/Gossiping/20549_16.txt, time: 6.190000
/bbs/Gossiping/M.1495280954.A.785.html download to ptt/Gossiping/20549_17.txt, time: 13.570000
/bbs/Gossiping/M.1495280960.A.B93.html download to ptt/Gossiping/20549_18.txt, time: 6.980000
/bbs/Gossiping/M.1495280960.A.4E0.html download to ptt/Gossiping/20549_19.txt, time: 8.520000
page 20548
empty download to ptt/Gossiping/20548_0.txt, time: 0.000000
/bbs/Gossiping/M.1495280227.A.3AD.html download to ptt/Gossiping/20548_1.txt, time: 4.260000
/bbs/Gossiping/M.1495280249.A.F6B.html download to ptt/Gossiping/20548_2.txt, time: 4.460000
/bbs/Gossiping/M.1495280250.A.F2A.html download to ptt/Gossiping/20548_3.txt, time: 6.440000
/bbs/Gossiping/M.1495280279.A.719.html download to ptt/Gossiping/20548_4.txt, time: 5.640000
/bbs/Gossiping/M.1495280287.A.A41.html download to ptt/Gossiping/20548_5.txt, time: 4.080000
/bbs/Gossiping/M.1495280314.A.AF0.html download to ptt/Gossiping/20548_6.txt, time: 8.150000
/bbs/Gossiping/M.1495280327.A.968.html download to ptt/Gossiping/20548_7.txt, time: 4.060000
/bbs/Gossiping/M.1495280374.A.4DD.html download to ptt/Gossiping/20548_8.txt, time: 3.450000
/bbs/Gossiping/M.1495280410.A.879.html download to ptt/Gossiping/20548_9.txt, time: 16.580000
/bbs/Gossiping/M.1495280417.A.49A.html download to ptt/Gossiping/20548_10.txt, time: 8.860000
/bbs/Gossiping/M.1495280427.A.7B3.html download to ptt/Gossiping/20548_11.txt, time: 5.670000
/bbs/Gossiping/M.1495280459.A.27E.html download to ptt/Gossiping/20548_12.txt, time: 3.580000
/bbs/Gossiping/M.1495280475.A.FE5.html download to ptt/Gossiping/20548_13.txt, time: 6.350000
/bbs/Gossiping/M.1495280481.A.275.html download to ptt/Gossiping/20548_14.txt, time: 4.590000
/bbs/Gossiping/M.1495280484.A.AF8.html download to ptt/Gossiping/20548_15.txt, time: 3.790000
/bbs/Gossiping/M.1495280485.A.9FF.html download to ptt/Gossiping/20548_16.txt, time: 3.640000
/bbs/Gossiping/M.1495280496.A.973.html download to ptt/Gossiping/20548_17.txt, time: 3.380000
/bbs/Gossiping/M.1495280522.A.7E1.html download to ptt/Gossiping/20548_18.txt, time: 3.750000
/bbs/Gossiping/M.1495280587.A.8B0.html download to ptt/Gossiping/20548_19.txt, time: 3.480000
page 20547
/bbs/Gossiping/M.1495279740.A.130.html download to ptt/Gossiping/20547_0.txt, time: 2.930000
/bbs/Gossiping/M.1495279776.A.443.html download to ptt/Gossiping/20547_1.txt, time: 3.750000
/bbs/Gossiping/M.1495279811.A.1EC.html download to ptt/Gossiping/20547_2.txt, time: 6.130000
/bbs/Gossiping/M.1495279813.A.44E.html download to ptt/Gossiping/20547_3.txt, time: 4.230000
/bbs/Gossiping/M.1495279849.A.2CB.html download to ptt/Gossiping/20547_4.txt, time: 3.900000
/bbs/Gossiping/M.1495279949.A.285.html download to ptt/Gossiping/20547_5.txt, time: 3.620000
/bbs/Gossiping/M.1495279958.A.150.html download to ptt/Gossiping/20547_6.txt, time: 3.950000
/bbs/Gossiping/M.1495279981.A.09B.html download to ptt/Gossiping/20547_7.txt, time: 4.250000
/bbs/Gossiping/M.1495279992.A.725.html download to ptt/Gossiping/20547_8.txt, time: 3.910000
/bbs/Gossiping/M.1495280001.A.B82.html download to ptt/Gossiping/20547_9.txt, time: 4.080000
/bbs/Gossiping/M.1495280014.A.E3E.html download to ptt/Gossiping/20547_10.txt, time: 5.820000
/bbs/Gossiping/M.1495280026.A.C29.html download to ptt/Gossiping/20547_11.txt, time: 2.770000
/bbs/Gossiping/M.1495280039.A.70B.html download to ptt/Gossiping/20547_12.txt, time: 3.390000
/bbs/Gossiping/M.1495280054.A.176.html download to ptt/Gossiping/20547_13.txt, time: 3.240000
/bbs/Gossiping/M.1495280059.A.433.html download to ptt/Gossiping/20547_14.txt, time: 3.920000
/bbs/Gossiping/M.1495280062.A.471.html download to ptt/Gossiping/20547_15.txt, time: 5.360000
/bbs/Gossiping/M.1495280062.A.B09.html download to ptt/Gossiping/20547_16.txt, time: 6.270000
/bbs/Gossiping/M.1495280131.A.1A5.html download to ptt/Gossiping/20547_17.txt, time: 3.840000
/bbs/Gossiping/M.1495280220.A.98B.html download to ptt/Gossiping/20547_18.txt, time: 6.210000
/bbs/Gossiping/M.1495280223.A.770.html download to ptt/Gossiping/20547_19.txt, time: 3.050000
page 20546
/bbs/Gossiping/M.1495279320.A.1B7.html download to ptt/Gossiping/20546_0.txt, time: 3.380000
/bbs/Gossiping/M.1495279345.A.7F3.html download to ptt/Gossiping/20546_1.txt, time: 3.980000
/bbs/Gossiping/M.1495279346.A.6F3.html download to ptt/Gossiping/20546_2.txt, time: 3.170000
/bbs/Gossiping/M.1495279366.A.B6E.html download to ptt/Gossiping/20546_3.txt, time: 4.690000
/bbs/Gossiping/M.1495279373.A.17D.html download to ptt/Gossiping/20546_4.txt, time: 3.560000
/bbs/Gossiping/M.1495279413.A.22A.html download to ptt/Gossiping/20546_5.txt, time: 3.830000
/bbs/Gossiping/M.1495279489.A.6D8.html download to ptt/Gossiping/20546_6.txt, time: 3.160000
/bbs/Gossiping/M.1495279490.A.4DA.html download to ptt/Gossiping/20546_7.txt, time: 5.170000
/bbs/Gossiping/M.1495279506.A.940.html download to ptt/Gossiping/20546_8.txt, time: 3.970000
/bbs/Gossiping/M.1495279527.A.570.html download to ptt/Gossiping/20546_9.txt, time: 3.300000
/bbs/Gossiping/M.1495279568.A.CEB.html download to ptt/Gossiping/20546_10.txt, time: 2.930000
/bbs/Gossiping/M.1495279584.A.DF3.html download to ptt/Gossiping/20546_11.txt, time: 3.700000
/bbs/Gossiping/M.1495279587.A.9A7.html download to ptt/Gossiping/20546_12.txt, time: 2.310000
/bbs/Gossiping/M.1495279606.A.BBE.html download to ptt/Gossiping/20546_13.txt, time: 2.910000
/bbs/Gossiping/M.1495279660.A.D27.html download to ptt/Gossiping/20546_14.txt, time: 4.130000
/bbs/Gossiping/M.1495279683.A.9AF.html download to ptt/Gossiping/20546_15.txt, time: 3.400000
/bbs/Gossiping/M.1495279699.A.63A.html download to ptt/Gossiping/20546_16.txt, time: 3.410000
/bbs/Gossiping/M.1495279704.A.BF4.html download to ptt/Gossiping/20546_17.txt, time: 3.270000
/bbs/Gossiping/M.1495279713.A.B16.html download to ptt/Gossiping/20546_18.txt, time: 5.270000
/bbs/Gossiping/M.1495279725.A.4A7.html download to ptt/Gossiping/20546_19.txt, time: 2.890000
time: 523.4789471626282 seconds
