page 20560
/bbs/Gossiping/M.1495285191.A.1B8.html download to ptt/Gossiping/20560_0.txt, time: 8.390000
/bbs/Gossiping/M.1495285198.A.BA9.html download to ptt/Gossiping/20560_1.txt, time: 5.170000
/bbs/Gossiping/M.1495285217.A.3D3.html download to ptt/Gossiping/20560_2.txt, time: 5.470000
/bbs/Gossiping/M.1495285274.A.B0C.html download to ptt/Gossiping/20560_3.txt, time: 6.210000
/bbs/Gossiping/M.1495285295.A.A1D.html download to ptt/Gossiping/20560_4.txt, time: 5.730000
/bbs/Gossiping/M.1495285380.A.3E8.html download to ptt/Gossiping/20560_5.txt, time: 3.310000
/bbs/Gossiping/M.1495285383.A.CA6.html download to ptt/Gossiping/20560_6.txt, time: 5.180000
/bbs/Gossiping/M.1495285409.A.E7B.html download to ptt/Gossiping/20560_7.txt, time: 7.670000
/bbs/Gossiping/M.1495285444.A.25F.html download to ptt/Gossiping/20560_8.txt, time: 4.400000
/bbs/Gossiping/M.1495285527.A.946.html download to ptt/Gossiping/20560_9.txt, time: 5.360000
/bbs/Gossiping/M.1495285601.A.A3A.html download to ptt/Gossiping/20560_10.txt, time: 4.010000
/bbs/Gossiping/M.1495285606.A.002.html download to ptt/Gossiping/20560_11.txt, time: 7.410000
/bbs/Gossiping/M.1495285610.A.439.html download to ptt/Gossiping/20560_12.txt, time: 4.850000
/bbs/Gossiping/M.1495285611.A.5AB.html download to ptt/Gossiping/20560_13.txt, time: 3.460000
/bbs/Gossiping/M.1495285649.A.717.html download to ptt/Gossiping/20560_14.txt, time: 3.840000
/bbs/Gossiping/M.1495285705.A.994.html download to ptt/Gossiping/20560_15.txt, time: 4.360000
/bbs/Gossiping/M.1495285711.A.DB2.html download to ptt/Gossiping/20560_16.txt, time: 4.310000
/bbs/Gossiping/M.1495285712.A.9DF.html download to ptt/Gossiping/20560_17.txt, time: 5.850000
/bbs/Gossiping/M.1495285717.A.61F.html download to ptt/Gossiping/20560_18.txt, time: 5.970000
/bbs/Gossiping/M.1495285728.A.346.html download to ptt/Gossiping/20560_19.txt, time: 6.330000
page 20559
/bbs/Gossiping/M.1495284698.A.30B.html download to ptt/Gossiping/20559_0.txt, time: 3.800000
/bbs/Gossiping/M.1495284701.A.952.html download to ptt/Gossiping/20559_1.txt, time: 4.390000
/bbs/Gossiping/M.1495284712.A.A3D.html download to ptt/Gossiping/20559_2.txt, time: 6.030000
/bbs/Gossiping/M.1495284750.A.8C9.html download to ptt/Gossiping/20559_3.txt, time: 6.090000
/bbs/Gossiping/M.1495284783.A.807.html download to ptt/Gossiping/20559_4.txt, time: 6.480000
/bbs/Gossiping/M.1495284801.A.5F6.html download to ptt/Gossiping/20559_5.txt, time: 5.350000
/bbs/Gossiping/M.1495284866.A.3FB.html download to ptt/Gossiping/20559_6.txt, time: 6.940000
/bbs/Gossiping/M.1495284877.A.A16.html download to ptt/Gossiping/20559_7.txt, time: 4.520000
/bbs/Gossiping/M.1495284891.A.9BD.html download to ptt/Gossiping/20559_8.txt, time: 6.160000
/bbs/Gossiping/M.1495284892.A.AB2.html download to ptt/Gossiping/20559_9.txt, time: 4.300000
/bbs/Gossiping/M.1495285026.A.F51.html download to ptt/Gossiping/20559_10.txt, time: 4.910000
/bbs/Gossiping/M.1495285033.A.A50.html download to ptt/Gossiping/20559_11.txt, time: 4.800000
/bbs/Gossiping/M.1495285043.A.3EF.html download to ptt/Gossiping/20559_12.txt, time: 5.020000
/bbs/Gossiping/M.1495285075.A.5A3.html download to ptt/Gossiping/20559_13.txt, time: 6.030000
/bbs/Gossiping/M.1495285112.A.38D.html download to ptt/Gossiping/20559_14.txt, time: 6.440000
/bbs/Gossiping/M.1495285121.A.E6A.html download to ptt/Gossiping/20559_15.txt, time: 4.340000
/bbs/Gossiping/M.1495285123.A.777.html download to ptt/Gossiping/20559_16.txt, time: 5.370000
/bbs/Gossiping/M.1495285134.A.D37.html download to ptt/Gossiping/20559_17.txt, time: 10.730000
/bbs/Gossiping/M.1495285157.A.EB2.html download to ptt/Gossiping/20559_18.txt, time: 11.150000
/bbs/Gossiping/M.1495285159.A.7BF.html download to ptt/Gossiping/20559_19.txt, time: 3.860000
page 20558
/bbs/Gossiping/M.1495284393.A.5DC.html download to ptt/Gossiping/20558_0.txt, time: 8.230000
/bbs/Gossiping/M.1495284393.A.EE8.html download to ptt/Gossiping/20558_1.txt, time: 6.520000
/bbs/Gossiping/M.1495284429.A.400.html download to ptt/Gossiping/20558_2.txt, time: 10.950000
/bbs/Gossiping/M.1495284433.A.D2B.html download to ptt/Gossiping/20558_3.txt, time: 12.950000
/bbs/Gossiping/M.1495284437.A.8A7.html download to ptt/Gossiping/20558_4.txt, time: 7.230000
/bbs/Gossiping/M.1495284498.A.7D9.html download to ptt/Gossiping/20558_5.txt, time: 6.230000
/bbs/Gossiping/M.1495284529.A.EA2.html download to ptt/Gossiping/20558_6.txt, time: 6.350000
/bbs/Gossiping/M.1495284542.A.B2A.html download to ptt/Gossiping/20558_7.txt, time: 9.540000
/bbs/Gossiping/M.1495284559.A.396.html download to ptt/Gossiping/20558_8.txt, time: 4.030000
/bbs/Gossiping/M.1495284565.A.974.html download to ptt/Gossiping/20558_9.txt, time: 3.280000
/bbs/Gossiping/M.1495284569.A.6AF.html download to ptt/Gossiping/20558_10.txt, time: 5.710000
/bbs/Gossiping/M.1495284571.A.338.html download to ptt/Gossiping/20558_11.txt, time: 4.070000
/bbs/Gossiping/M.1495284575.A.62A.html download to ptt/Gossiping/20558_12.txt, time: 5.410000
/bbs/Gossiping/M.1495284584.A.98D.html download to ptt/Gossiping/20558_13.txt, time: 3.540000
/bbs/Gossiping/M.1495284587.A.E6F.html download to ptt/Gossiping/20558_14.txt, time: 3.950000
/bbs/Gossiping/M.1495284605.A.6CC.html download to ptt/Gossiping/20558_15.txt, time: 5.440000
/bbs/Gossiping/M.1495284614.A.1BB.html download to ptt/Gossiping/20558_16.txt, time: 4.860000
/bbs/Gossiping/M.1495284635.A.83A.html download to ptt/Gossiping/20558_17.txt, time: 5.080000
/bbs/Gossiping/M.1495284639.A.14E.html download to ptt/Gossiping/20558_18.txt, time: 4.430000
/bbs/Gossiping/M.1495284645.A.C6E.html download to ptt/Gossiping/20558_19.txt, time: 3.200000
page 20557
/bbs/Gossiping/M.1495284037.A.301.html download to ptt/Gossiping/20557_0.txt, time: 4.440000
empty download to ptt/Gossiping/20557_1.txt, time: 0.000000
/bbs/Gossiping/M.1495284072.A.307.html download to ptt/Gossiping/20557_2.txt, time: 3.840000
/bbs/Gossiping/M.1495284078.A.00D.html download to ptt/Gossiping/20557_3.txt, time: 4.310000
/bbs/Gossiping/M.1495284080.A.EDD.html download to ptt/Gossiping/20557_4.txt, time: 3.590000
/bbs/Gossiping/M.1495284108.A.80A.html download to ptt/Gossiping/20557_5.txt, time: 3.190000
/bbs/Gossiping/M.1495284166.A.F12.html download to ptt/Gossiping/20557_6.txt, time: 4.080000
/bbs/Gossiping/M.1495284194.A.BEC.html download to ptt/Gossiping/20557_7.txt, time: 2.760000
/bbs/Gossiping/M.1495284195.A.A14.html download to ptt/Gossiping/20557_8.txt, time: 4.240000
/bbs/Gossiping/M.1495284204.A.A59.html download to ptt/Gossiping/20557_9.txt, time: 6.110000
/bbs/Gossiping/M.1495284220.A.9AF.html download to ptt/Gossiping/20557_10.txt, time: 4.530000
/bbs/Gossiping/M.1495284257.A.6F5.html download to ptt/Gossiping/20557_11.txt, time: 4.200000
/bbs/Gossiping/M.1495284259.A.DAB.html download to ptt/Gossiping/20557_12.txt, time: 3.360000
/bbs/Gossiping/M.1495284260.A.8C4.html download to ptt/Gossiping/20557_13.txt, time: 3.880000
/bbs/Gossiping/M.1495284265.A.114.html download to ptt/Gossiping/20557_14.txt, time: 4.380000
/bbs/Gossiping/M.1495284277.A.26E.html download to ptt/Gossiping/20557_15.txt, time: 5.430000
/bbs/Gossiping/M.1495284307.A.6D8.html download to ptt/Gossiping/20557_16.txt, time: 3.190000
/bbs/Gossiping/M.1495284330.A.893.html download to ptt/Gossiping/20557_17.txt, time: 3.530000
/bbs/Gossiping/M.1495284384.A.6F2.html download to ptt/Gossiping/20557_18.txt, time: 4.400000
/bbs/Gossiping/M.1495284386.A.D48.html download to ptt/Gossiping/20557_19.txt, time: 3.740000
page 20556
/bbs/Gossiping/M.1495283618.A.4A9.html download to ptt/Gossiping/20556_0.txt, time: 3.670000
/bbs/Gossiping/M.1495283620.A.1BC.html download to ptt/Gossiping/20556_1.txt, time: 4.060000
/bbs/Gossiping/M.1495283628.A.36D.html download to ptt/Gossiping/20556_2.txt, time: 2.730000
/bbs/Gossiping/M.1495283655.A.E1E.html download to ptt/Gossiping/20556_3.txt, time: 3.330000
/bbs/Gossiping/M.1495283684.A.C35.html download to ptt/Gossiping/20556_4.txt, time: 2.990000
/bbs/Gossiping/M.1495283686.A.617.html download to ptt/Gossiping/20556_5.txt, time: 3.300000
/bbs/Gossiping/M.1495283745.A.253.html download to ptt/Gossiping/20556_6.txt, time: 3.100000
/bbs/Gossiping/M.1495283755.A.8C8.html download to ptt/Gossiping/20556_7.txt, time: 2.600000
/bbs/Gossiping/M.1495283760.A.36B.html download to ptt/Gossiping/20556_8.txt, time: 4.130000
/bbs/Gossiping/M.1495283763.A.784.html download to ptt/Gossiping/20556_9.txt, time: 3.600000
/bbs/Gossiping/M.1495283779.A.BE1.html download to ptt/Gossiping/20556_10.txt, time: 3.170000
/bbs/Gossiping/M.1495283780.A.2D3.html download to ptt/Gossiping/20556_11.txt, time: 3.360000
/bbs/Gossiping/M.1495283789.A.DD7.html download to ptt/Gossiping/20556_12.txt, time: 3.230000
/bbs/Gossiping/M.1495283816.A.734.html download to ptt/Gossiping/20556_13.txt, time: 3.270000
/bbs/Gossiping/M.1495283832.A.3BA.html download to ptt/Gossiping/20556_14.txt, time: 5.830000
/bbs/Gossiping/M.1495283847.A.4CF.html download to ptt/Gossiping/20556_15.txt, time: 3.120000
/bbs/Gossiping/M.1495283947.A.63B.html download to ptt/Gossiping/20556_16.txt, time: 3.490000
/bbs/Gossiping/M.1495283959.A.855.html download to ptt/Gossiping/20556_17.txt, time: 2.350000
/bbs/Gossiping/M.1495283981.A.59B.html download to ptt/Gossiping/20556_18.txt, time: 0.880000
/bbs/Gossiping/M.1495284011.A.D26.html download to ptt/Gossiping/20556_19.txt, time: 1.160000
time: 537.6610496044159 seconds
