page 20590
/bbs/Gossiping/M.1495300516.A.A9E.html download to ptt/Gossiping/20590_0.txt, time: 5.880000
/bbs/Gossiping/M.1495300572.A.A02.html download to ptt/Gossiping/20590_1.txt, time: 8.880000
/bbs/Gossiping/M.1495300646.A.905.html download to ptt/Gossiping/20590_2.txt, time: 4.480000
/bbs/Gossiping/M.1495300691.A.F29.html download to ptt/Gossiping/20590_3.txt, time: 4.900000
/bbs/Gossiping/M.1495300736.A.348.html download to ptt/Gossiping/20590_4.txt, time: 5.670000
/bbs/Gossiping/M.1495300763.A.062.html download to ptt/Gossiping/20590_5.txt, time: 4.740000
/bbs/Gossiping/M.1495300766.A.A1E.html download to ptt/Gossiping/20590_6.txt, time: 5.810000
/bbs/Gossiping/M.1495300769.A.209.html download to ptt/Gossiping/20590_7.txt, time: 10.210000
/bbs/Gossiping/M.1495300770.A.E20.html download to ptt/Gossiping/20590_8.txt, time: 5.240000
/bbs/Gossiping/M.1495300785.A.728.html download to ptt/Gossiping/20590_9.txt, time: 5.620000
/bbs/Gossiping/M.1495300800.A.F38.html download to ptt/Gossiping/20590_10.txt, time: 4.480000
/bbs/Gossiping/M.1495300827.A.9AA.html download to ptt/Gossiping/20590_11.txt, time: 4.630000
/bbs/Gossiping/M.1495300850.A.0B7.html download to ptt/Gossiping/20590_12.txt, time: 4.850000
/bbs/Gossiping/M.1495300862.A.B1E.html download to ptt/Gossiping/20590_13.txt, time: 4.580000
/bbs/Gossiping/M.1495300871.A.4A7.html download to ptt/Gossiping/20590_14.txt, time: 5.750000
/bbs/Gossiping/M.1495300873.A.045.html download to ptt/Gossiping/20590_15.txt, time: 5.040000
/bbs/Gossiping/M.1495300921.A.A48.html download to ptt/Gossiping/20590_16.txt, time: 8.070000
/bbs/Gossiping/M.1495300969.A.C94.html download to ptt/Gossiping/20590_17.txt, time: 4.480000
/bbs/Gossiping/M.1495301008.A.358.html download to ptt/Gossiping/20590_18.txt, time: 4.690000
/bbs/Gossiping/M.1495301046.A.EB3.html download to ptt/Gossiping/20590_19.txt, time: 3.720000
page 20589
/bbs/Gossiping/M.1495299952.A.A9B.html download to ptt/Gossiping/20589_0.txt, time: 6.850000
/bbs/Gossiping/M.1495300008.A.63E.html download to ptt/Gossiping/20589_1.txt, time: 4.420000
/bbs/Gossiping/M.1495300036.A.7ED.html download to ptt/Gossiping/20589_2.txt, time: 4.460000
/bbs/Gossiping/M.1495300051.A.EB9.html download to ptt/Gossiping/20589_3.txt, time: 4.290000
/bbs/Gossiping/M.1495300087.A.81A.html download to ptt/Gossiping/20589_4.txt, time: 5.500000
/bbs/Gossiping/M.1495300162.A.495.html download to ptt/Gossiping/20589_5.txt, time: 3.810000
/bbs/Gossiping/M.1495300177.A.837.html download to ptt/Gossiping/20589_6.txt, time: 4.740000
/bbs/Gossiping/M.1495300179.A.3BD.html download to ptt/Gossiping/20589_7.txt, time: 6.270000
/bbs/Gossiping/M.1495300194.A.22D.html download to ptt/Gossiping/20589_8.txt, time: 5.040000
/bbs/Gossiping/M.1495300217.A.0D0.html download to ptt/Gossiping/20589_9.txt, time: 4.640000
/bbs/Gossiping/M.1495300285.A.C28.html download to ptt/Gossiping/20589_10.txt, time: 4.740000
/bbs/Gossiping/M.1495300336.A.CD0.html download to ptt/Gossiping/20589_11.txt, time: 4.060000
/bbs/Gossiping/M.1495300354.A.4E0.html download to ptt/Gossiping/20589_12.txt, time: 5.010000
/bbs/Gossiping/M.1495300367.A.F64.html download to ptt/Gossiping/20589_13.txt, time: 7.430000
/bbs/Gossiping/M.1495300392.A.26B.html download to ptt/Gossiping/20589_14.txt, time: 9.310000
/bbs/Gossiping/M.1495300395.A.569.html download to ptt/Gossiping/20589_15.txt, time: 8.970000
/bbs/Gossiping/M.1495300431.A.A80.html download to ptt/Gossiping/20589_16.txt, time: 5.870000
/bbs/Gossiping/M.1495300442.A.3C8.html download to ptt/Gossiping/20589_17.txt, time: 5.590000
/bbs/Gossiping/M.1495300450.A.37C.html download to ptt/Gossiping/20589_18.txt, time: 5.840000
/bbs/Gossiping/M.1495300488.A.508.html download to ptt/Gossiping/20589_19.txt, time: 5.520000
page 20588
/bbs/Gossiping/M.1495299494.A.465.html download to ptt/Gossiping/20588_0.txt, time: 4.500000
/bbs/Gossiping/M.1495299512.A.488.html download to ptt/Gossiping/20588_1.txt, time: 5.860000
/bbs/Gossiping/M.1495299536.A.B7D.html download to ptt/Gossiping/20588_2.txt, time: 6.390000
/bbs/Gossiping/M.1495299546.A.868.html download to ptt/Gossiping/20588_3.txt, time: 6.870000
/bbs/Gossiping/M.1495299565.A.40A.html download to ptt/Gossiping/20588_4.txt, time: 5.690000
/bbs/Gossiping/M.1495299586.A.B0F.html download to ptt/Gossiping/20588_5.txt, time: 6.340000
/bbs/Gossiping/M.1495299599.A.A5F.html download to ptt/Gossiping/20588_6.txt, time: 3.610000
/bbs/Gossiping/M.1495299641.A.DC5.html download to ptt/Gossiping/20588_7.txt, time: 6.290000
/bbs/Gossiping/M.1495299655.A.83D.htmlTraceback (most recent call last):
  File "/home/studentyl/anaconda3/lib/python3.6/site-packages/requests/packages/urllib3/connectionpool.py", line 600, in urlopen
    chunked=chunked)
  File "/home/studentyl/anaconda3/lib/python3.6/site-packages/requests/packages/urllib3/connectionpool.py", line 386, in _make_request
    six.raise_from(e, None)
  File "<string>", line 2, in raise_from
  File "/home/studentyl/anaconda3/lib/python3.6/site-packages/requests/packages/urllib3/connectionpool.py", line 382, in _make_request
    httplib_response = conn.getresponse()
  File "/home/studentyl/anaconda3/lib/python3.6/http/client.py", line 1331, in getresponse
    response.begin()
  File "/home/studentyl/anaconda3/lib/python3.6/http/client.py", line 297, in begin
    version, status, reason = self._read_status()
  File "/home/studentyl/anaconda3/lib/python3.6/http/client.py", line 266, in _read_status
    raise RemoteDisconnected("Remote end closed connection without"
http.client.RemoteDisconnected: Remote end closed connection without response

During handling of the above exception, another exception occurred:

Traceback (most recent call last):
  File "/home/studentyl/anaconda3/lib/python3.6/site-packages/requests/adapters.py", line 438, in send
    timeout=timeout
  File "/home/studentyl/anaconda3/lib/python3.6/site-packages/requests/packages/urllib3/connectionpool.py", line 649, in urlopen
    _stacktrace=sys.exc_info()[2])
  File "/home/studentyl/anaconda3/lib/python3.6/site-packages/requests/packages/urllib3/util/retry.py", line 357, in increment
    raise six.reraise(type(error), error, _stacktrace)
  File "/home/studentyl/anaconda3/lib/python3.6/site-packages/requests/packages/urllib3/packages/six.py", line 685, in reraise
    raise value.with_traceback(tb)
  File "/home/studentyl/anaconda3/lib/python3.6/site-packages/requests/packages/urllib3/connectionpool.py", line 600, in urlopen
    chunked=chunked)
  File "/home/studentyl/anaconda3/lib/python3.6/site-packages/requests/packages/urllib3/connectionpool.py", line 386, in _make_request
    six.raise_from(e, None)
  File "<string>", line 2, in raise_from
  File "/home/studentyl/anaconda3/lib/python3.6/site-packages/requests/packages/urllib3/connectionpool.py", line 382, in _make_request
    httplib_response = conn.getresponse()
  File "/home/studentyl/anaconda3/lib/python3.6/http/client.py", line 1331, in getresponse
    response.begin()
  File "/home/studentyl/anaconda3/lib/python3.6/http/client.py", line 297, in begin
    version, status, reason = self._read_status()
  File "/home/studentyl/anaconda3/lib/python3.6/http/client.py", line 266, in _read_status
    raise RemoteDisconnected("Remote end closed connection without"
requests.packages.urllib3.exceptions.ProtocolError: ('Connection aborted.', RemoteDisconnected('Remote end closed connection without response',))

During handling of the above exception, another exception occurred:

Traceback (most recent call last):
  File "./crawler.py", line 177, in <module>
    main(sys.argv[1:])
  File "./crawler.py", line 158, in main
    downloadForum(forumName, startPage, pages)
  File "./crawler.py", line 140, in downloadForum
    downloadPage(str(articleCount), forumName, pageNum, 'https://www.ptt.cc'+link)
  File "./crawler.py", line 82, in downloadPage
    pageText = getPageText(link)
  File "./crawler.py", line 13, in getPageText
    pageText=requests.get(link, cookies={'over18':'1'}).text
  File "/home/studentyl/anaconda3/lib/python3.6/site-packages/requests/api.py", line 72, in get
    return request('get', url, params=params, **kwargs)
  File "/home/studentyl/anaconda3/lib/python3.6/site-packages/requests/api.py", line 58, in request
    return session.request(method=method, url=url, **kwargs)
  File "/home/studentyl/anaconda3/lib/python3.6/site-packages/requests/sessions.py", line 518, in request
    resp = self.send(prep, **send_kwargs)
  File "/home/studentyl/anaconda3/lib/python3.6/site-packages/requests/sessions.py", line 639, in send
    r = adapter.send(request, **kwargs)
  File "/home/studentyl/anaconda3/lib/python3.6/site-packages/requests/adapters.py", line 488, in send
    raise ConnectionError(err, request=request)
requests.exceptions.ConnectionError: ('Connection aborted.', RemoteDisconnected('Remote end closed connection without response',))
