page 20600
/bbs/Gossiping/M.1495311314.A.182.html download to ptt/Gossiping/20600_0.txt, time: 9.690000
/bbs/Gossiping/M.1495311613.A.7A4.html download to ptt/Gossiping/20600_1.txt, time: 6.150000
/bbs/Gossiping/M.1495311680.A.E54.html download to ptt/Gossiping/20600_2.txt, time: 4.180000
/bbs/Gossiping/M.1495312021.A.78C.html download to ptt/Gossiping/20600_3.txt, time: 4.100000
/bbs/Gossiping/M.1495312201.A.8E4.html download to ptt/Gossiping/20600_4.txt, time: 4.500000
/bbs/Gossiping/M.1495312537.A.939.html download to ptt/Gossiping/20600_5.txt, time: 3.760000
/bbs/Gossiping/M.1495312598.A.ED9.html download to ptt/Gossiping/20600_6.txt, time: 5.390000
/bbs/Gossiping/M.1495312853.A.06E.html download to ptt/Gossiping/20600_7.txt, time: 6.610000
/bbs/Gossiping/M.1495313132.A.146.html download to ptt/Gossiping/20600_8.txt, time: 5.740000
/bbs/Gossiping/M.1495313289.A.151.html download to ptt/Gossiping/20600_9.txt, time: 2.880000
/bbs/Gossiping/M.1495313515.A.B26.html download to ptt/Gossiping/20600_10.txt, time: 4.920000
/bbs/Gossiping/M.1495313919.A.903.html download to ptt/Gossiping/20600_11.txt, time: 2.760000
/bbs/Gossiping/M.1495314565.A.330.html download to ptt/Gossiping/20600_12.txt, time: 4.670000
/bbs/Gossiping/M.1495338490.A.4A9.html download to ptt/Gossiping/20600_13.txt, time: 2.970000
/bbs/Gossiping/M.1495338732.A.D0D.html download to ptt/Gossiping/20600_14.txt, time: 5.920000
/bbs/Gossiping/M.1495338740.A.798.html download to ptt/Gossiping/20600_15.txt, time: 5.280000
/bbs/Gossiping/M.1495338767.A.EB3.html download to ptt/Gossiping/20600_16.txt, time: 4.960000
/bbs/Gossiping/M.1495338820.A.BC0.html download to ptt/Gossiping/20600_17.txt, time: 5.750000
/bbs/Gossiping/M.1495338899.A.6F3.html download to ptt/Gossiping/20600_18.txt, time: 4.110000
/bbs/Gossiping/M.1495338904.A.404.html download to ptt/Gossiping/20600_19.txt, time: 6.320000
page 20599
/bbs/Gossiping/M.1495308762.A.F66.html download to ptt/Gossiping/20599_0.txt, time: 4.710000
/bbs/Gossiping/M.1495308829.A.6A9.html download to ptt/Gossiping/20599_1.txt, time: 4.980000
/bbs/Gossiping/M.1495308912.A.453.html download to ptt/Gossiping/20599_2.txt, time: 3.060000
/bbs/Gossiping/M.1495309096.A.6DF.html download to ptt/Gossiping/20599_3.txt, time: 4.270000
/bbs/Gossiping/M.1495309103.A.880.html download to ptt/Gossiping/20599_4.txt, time: 4.490000
/bbs/Gossiping/M.1495309186.A.179.html download to ptt/Gossiping/20599_5.txt, time: 4.520000
/bbs/Gossiping/M.1495309317.A.0C3.html download to ptt/Gossiping/20599_6.txt, time: 5.320000
/bbs/Gossiping/M.1495309370.A.672.html download to ptt/Gossiping/20599_7.txt, time: 3.760000
/bbs/Gossiping/M.1495309699.A.F0B.html download to ptt/Gossiping/20599_8.txt, time: 2.970000
/bbs/Gossiping/M.1495310005.A.1E1.html download to ptt/Gossiping/20599_9.txt, time: 4.000000
/bbs/Gossiping/M.1495310293.A.8AF.html download to ptt/Gossiping/20599_10.txt, time: 5.630000
/bbs/Gossiping/M.1495310328.A.8C5.html download to ptt/Gossiping/20599_11.txt, time: 5.590000
/bbs/Gossiping/M.1495310382.A.7D2.html download to ptt/Gossiping/20599_12.txt, time: 5.030000
/bbs/Gossiping/M.1495310406.A.4C2.html download to ptt/Gossiping/20599_13.txt, time: 6.770000
/bbs/Gossiping/M.1495310648.A.F24.html download to ptt/Gossiping/20599_14.txt, time: 4.910000
/bbs/Gossiping/M.1495310988.A.3E3.html download to ptt/Gossiping/20599_15.txt, time: 3.870000
/bbs/Gossiping/M.1495310990.A.172.html download to ptt/Gossiping/20599_16.txt, time: 5.070000
/bbs/Gossiping/M.1495311022.A.85E.html download to ptt/Gossiping/20599_17.txt, time: 4.770000
/bbs/Gossiping/M.1495311088.A.BB6.html download to ptt/Gossiping/20599_18.txt, time: 4.490000
/bbs/Gossiping/M.1495311226.A.128.html download to ptt/Gossiping/20599_19.txt, time: 4.740000
page 20598
/bbs/Gossiping/M.1495307528.A.212.html download to ptt/Gossiping/20598_0.txt, time: 5.620000
/bbs/Gossiping/M.1495307555.A.FD2.html download to ptt/Gossiping/20598_1.txt, time: 6.350000
/bbs/Gossiping/M.1495307577.A.8C2.html download to ptt/Gossiping/20598_2.txt, time: 7.060000
/bbs/Gossiping/M.1495307584.A.AED.html download to ptt/Gossiping/20598_3.txt, time: 11.940000
/bbs/Gossiping/M.1495307928.A.23E.html download to ptt/Gossiping/20598_4.txt, time: 6.690000
/bbs/Gossiping/M.1495308000.A.056.html download to ptt/Gossiping/20598_5.txt, time: 3.930000
/bbs/Gossiping/M.1495308008.A.EFB.htmlTraceback (most recent call last):
  File "/home/studentyl/anaconda3/lib/python3.6/site-packages/requests/packages/urllib3/connectionpool.py", line 600, in urlopen
    chunked=chunked)
  File "/home/studentyl/anaconda3/lib/python3.6/site-packages/requests/packages/urllib3/connectionpool.py", line 386, in _make_request
    six.raise_from(e, None)
  File "<string>", line 2, in raise_from
  File "/home/studentyl/anaconda3/lib/python3.6/site-packages/requests/packages/urllib3/connectionpool.py", line 382, in _make_request
    httplib_response = conn.getresponse()
  File "/home/studentyl/anaconda3/lib/python3.6/http/client.py", line 1331, in getresponse
    response.begin()
  File "/home/studentyl/anaconda3/lib/python3.6/http/client.py", line 297, in begin
    version, status, reason = self._read_status()
  File "/home/studentyl/anaconda3/lib/python3.6/http/client.py", line 266, in _read_status
    raise RemoteDisconnected("Remote end closed connection without"
http.client.RemoteDisconnected: Remote end closed connection without response

During handling of the above exception, another exception occurred:

Traceback (most recent call last):
  File "/home/studentyl/anaconda3/lib/python3.6/site-packages/requests/adapters.py", line 438, in send
    timeout=timeout
  File "/home/studentyl/anaconda3/lib/python3.6/site-packages/requests/packages/urllib3/connectionpool.py", line 649, in urlopen
    _stacktrace=sys.exc_info()[2])
  File "/home/studentyl/anaconda3/lib/python3.6/site-packages/requests/packages/urllib3/util/retry.py", line 357, in increment
    raise six.reraise(type(error), error, _stacktrace)
  File "/home/studentyl/anaconda3/lib/python3.6/site-packages/requests/packages/urllib3/packages/six.py", line 685, in reraise
    raise value.with_traceback(tb)
  File "/home/studentyl/anaconda3/lib/python3.6/site-packages/requests/packages/urllib3/connectionpool.py", line 600, in urlopen
    chunked=chunked)
  File "/home/studentyl/anaconda3/lib/python3.6/site-packages/requests/packages/urllib3/connectionpool.py", line 386, in _make_request
    six.raise_from(e, None)
  File "<string>", line 2, in raise_from
  File "/home/studentyl/anaconda3/lib/python3.6/site-packages/requests/packages/urllib3/connectionpool.py", line 382, in _make_request
    httplib_response = conn.getresponse()
  File "/home/studentyl/anaconda3/lib/python3.6/http/client.py", line 1331, in getresponse
    response.begin()
  File "/home/studentyl/anaconda3/lib/python3.6/http/client.py", line 297, in begin
    version, status, reason = self._read_status()
  File "/home/studentyl/anaconda3/lib/python3.6/http/client.py", line 266, in _read_status
    raise RemoteDisconnected("Remote end closed connection without"
requests.packages.urllib3.exceptions.ProtocolError: ('Connection aborted.', RemoteDisconnected('Remote end closed connection without response',))

During handling of the above exception, another exception occurred:

Traceback (most recent call last):
  File "./crawler.py", line 177, in <module>
    main(sys.argv[1:])
  File "./crawler.py", line 158, in main
    downloadForum(forumName, startPage, pages)
  File "./crawler.py", line 140, in downloadForum
    downloadPage(str(articleCount), forumName, pageNum, 'https://www.ptt.cc'+link)
  File "./crawler.py", line 82, in downloadPage
    pageText = getPageText(link)
  File "./crawler.py", line 13, in getPageText
    pageText=requests.get(link, cookies={'over18':'1'}).text
  File "/home/studentyl/anaconda3/lib/python3.6/site-packages/requests/api.py", line 72, in get
    return request('get', url, params=params, **kwargs)
  File "/home/studentyl/anaconda3/lib/python3.6/site-packages/requests/api.py", line 58, in request
    return session.request(method=method, url=url, **kwargs)
  File "/home/studentyl/anaconda3/lib/python3.6/site-packages/requests/sessions.py", line 518, in request
    resp = self.send(prep, **send_kwargs)
  File "/home/studentyl/anaconda3/lib/python3.6/site-packages/requests/sessions.py", line 639, in send
    r = adapter.send(request, **kwargs)
  File "/home/studentyl/anaconda3/lib/python3.6/site-packages/requests/adapters.py", line 488, in send
    raise ConnectionError(err, request=request)
requests.exceptions.ConnectionError: ('Connection aborted.', RemoteDisconnected('Remote end closed connection without response',))
