page 20610
/bbs/Gossiping/M.1495345379.A.086.html download to ptt/Gossiping/20610_0.txt, time: 4.620000
/bbs/Gossiping/M.1495345401.A.2A9.html download to ptt/Gossiping/20610_1.txt, time: 7.490000
/bbs/Gossiping/M.1495345488.A.CF3.html download to ptt/Gossiping/20610_2.txt, time: 6.640000
/bbs/Gossiping/M.1495345502.A.5AE.html download to ptt/Gossiping/20610_3.txt, time: 4.500000
/bbs/Gossiping/M.1495345519.A.C1E.html download to ptt/Gossiping/20610_4.txt, time: 5.170000
/bbs/Gossiping/M.1495345535.A.2B7.html download to ptt/Gossiping/20610_5.txt, time: 3.890000
/bbs/Gossiping/M.1495345552.A.970.html download to ptt/Gossiping/20610_6.txt, time: 5.030000
/bbs/Gossiping/M.1495345629.A.7C9.html download to ptt/Gossiping/20610_7.txt, time: 4.070000
/bbs/Gossiping/M.1495345663.A.E63.html download to ptt/Gossiping/20610_8.txt, time: 7.420000
empty download to ptt/Gossiping/20610_9.txt, time: 0.000000
/bbs/Gossiping/M.1495345803.A.380.html download to ptt/Gossiping/20610_10.txt, time: 4.580000
/bbs/Gossiping/M.1495345822.A.DC9.html download to ptt/Gossiping/20610_11.txt, time: 4.590000
/bbs/Gossiping/M.1495345879.A.50B.html download to ptt/Gossiping/20610_12.txt, time: 5.150000
/bbs/Gossiping/M.1495345922.A.037.html download to ptt/Gossiping/20610_13.txt, time: 5.540000
/bbs/Gossiping/M.1495345945.A.921.html download to ptt/Gossiping/20610_14.txt, time: 4.090000
/bbs/Gossiping/M.1495345968.A.DE3.html download to ptt/Gossiping/20610_15.txt, time: 5.480000
/bbs/Gossiping/M.1495346017.A.925.html download to ptt/Gossiping/20610_16.txt, time: 5.670000
/bbs/Gossiping/M.1495346052.A.799.html download to ptt/Gossiping/20610_17.txt, time: 3.880000
/bbs/Gossiping/M.1495346065.A.983.html download to ptt/Gossiping/20610_18.txt, time: 3.810000
/bbs/Gossiping/M.1495346070.A.1B8.html download to ptt/Gossiping/20610_19.txt, time: 3.010000
page 20609
/bbs/Gossiping/M.1495344881.A.707.html download to ptt/Gossiping/20609_0.txt, time: 4.010000
/bbs/Gossiping/M.1495344914.A.1A1.html download to ptt/Gossiping/20609_1.txt, time: 6.150000
/bbs/Gossiping/M.1495344954.A.C93.html download to ptt/Gossiping/20609_2.txt, time: 5.310000
/bbs/Gossiping/M.1495344981.A.A08.html download to ptt/Gossiping/20609_3.txt, time: 4.180000
/bbs/Gossiping/M.1495344993.A.C06.html download to ptt/Gossiping/20609_4.txt, time: 4.320000
/bbs/Gossiping/M.1495345021.A.D32.html download to ptt/Gossiping/20609_5.txt, time: 4.780000
/bbs/Gossiping/M.1495345063.A.A60.html download to ptt/Gossiping/20609_6.txt, time: 5.790000
/bbs/Gossiping/M.1495345110.A.413.html download to ptt/Gossiping/20609_7.txt, time: 5.940000
/bbs/Gossiping/M.1495345119.A.F87.html download to ptt/Gossiping/20609_8.txt, time: 4.150000
/bbs/Gossiping/M.1495345124.A.A0D.html download to ptt/Gossiping/20609_9.txt, time: 3.830000
/bbs/Gossiping/M.1495345143.A.7B6.html download to ptt/Gossiping/20609_10.txt, time: 3.100000
/bbs/Gossiping/M.1495345151.A.532.html download to ptt/Gossiping/20609_11.txt, time: 3.060000
/bbs/Gossiping/M.1495345151.A.64D.html download to ptt/Gossiping/20609_12.txt, time: 5.560000
/bbs/Gossiping/M.1495345167.A.338.html download to ptt/Gossiping/20609_13.txt, time: 5.660000
/bbs/Gossiping/M.1495345176.A.61F.html download to ptt/Gossiping/20609_14.txt, time: 5.300000
/bbs/Gossiping/M.1495345304.A.F70.html download to ptt/Gossiping/20609_15.txt, time: 5.300000
/bbs/Gossiping/M.1495345307.A.9F8.html download to ptt/Gossiping/20609_16.txt, time: 4.470000
/bbs/Gossiping/M.1495345327.A.39E.html download to ptt/Gossiping/20609_17.txt, time: 4.830000
/bbs/Gossiping/M.1495345335.A.CDB.html download to ptt/Gossiping/20609_18.txt, time: 5.940000
/bbs/Gossiping/M.1495345357.A.C3C.html download to ptt/Gossiping/20609_19.txt, time: 7.820000
page 20608
/bbs/Gossiping/M.1495344220.A.367.html download to ptt/Gossiping/20608_0.txt, time: 11.860000
/bbs/Gossiping/M.1495344235.A.605.html download to ptt/Gossiping/20608_1.txt, time: 8.500000
/bbs/Gossiping/M.1495344241.A.414.html download to ptt/Gossiping/20608_2.txt, time: 5.580000
/bbs/Gossiping/M.1495344242.A.E49.html download to ptt/Gossiping/20608_3.txt, time: 4.590000
/bbs/Gossiping/M.1495344267.A.8FC.html download to ptt/Gossiping/20608_4.txt, time: 4.190000
/bbs/Gossiping/M.1495344275.A.59B.html download to ptt/Gossiping/20608_5.txt, time: 5.390000
/bbs/Gossiping/M.1495344297.A.539.html download to ptt/Gossiping/20608_6.txt, time: 4.710000
/bbs/Gossiping/M.1495344330.A.FB3.html download to ptt/Gossiping/20608_7.txt, time: 7.030000
/bbs/Gossiping/M.1495344360.A.E0D.html download to ptt/Gossiping/20608_8.txt, time: 6.950000
/bbs/Gossiping/M.1495344369.A.0C4.html download to ptt/Gossiping/20608_9.txt, time: 5.740000
/bbs/Gossiping/M.1495344439.A.088.html download to ptt/Gossiping/20608_10.txt, time: 12.550000
/bbs/Gossiping/M.1495344474.A.CD0.html download to ptt/Gossiping/20608_11.txt, time: 4.000000
/bbs/Gossiping/M.1495344584.A.327.html download to ptt/Gossiping/20608_12.txt, time: 3.430000
/bbs/Gossiping/M.1495344605.A.442.html download to ptt/Gossiping/20608_13.txt, time: 3.010000
/bbs/Gossiping/M.1495344613.A.224.html download to ptt/Gossiping/20608_14.txt, time: 5.860000
/bbs/Gossiping/M.1495344670.A.36C.html download to ptt/Gossiping/20608_15.txt, time: 4.850000
/bbs/Gossiping/M.1495344687.A.37E.html download to ptt/Gossiping/20608_16.txt, time: 5.010000
/bbs/Gossiping/M.1495344719.A.B1C.html download to ptt/Gossiping/20608_17.txt, time: 5.110000
/bbs/Gossiping/M.1495344814.A.2A4.html download to ptt/Gossiping/20608_18.txt, time: 4.430000
/bbs/Gossiping/M.1495344844.A.303.html download to ptt/Gossiping/20608_19.txt, time: 4.410000
page 20607
/bbs/Gossiping/M.1495343616.A.676.html download to ptt/Gossiping/20607_0.txt, time: 3.310000
/bbs/Gossiping/M.1495343624.A.81E.html download to ptt/Gossiping/20607_1.txt, time: 2.820000
/bbs/Gossiping/M.1495343625.A.275.html download to ptt/Gossiping/20607_2.txt, time: 4.980000
/bbs/Gossiping/M.1495343629.A.C69.html download to ptt/Gossiping/20607_3.txt, time: 4.390000
/bbs/Gossiping/M.1495343662.A.4EB.html download to ptt/Gossiping/20607_4.txt, time: 5.920000
/bbs/Gossiping/M.1495343666.A.A8C.html download to ptt/Gossiping/20607_5.txt, time: 4.330000
/bbs/Gossiping/M.1495343739.A.116.html download to ptt/Gossiping/20607_6.txt, time: 3.840000
/bbs/Gossiping/M.1495343847.A.AC0.html download to ptt/Gossiping/20607_7.txt, time: 5.790000
/bbs/Gossiping/M.1495343849.A.ACB.html download to ptt/Gossiping/20607_8.txt, time: 4.830000
/bbs/Gossiping/M.1495343876.A.54B.html download to ptt/Gossiping/20607_9.txt, time: 4.270000
/bbs/Gossiping/M.1495343900.A.5CA.html download to ptt/Gossiping/20607_10.txt, time: 3.900000
/bbs/Gossiping/M.1495343940.A.AB9.html download to ptt/Gossiping/20607_11.txt, time: 4.310000
/bbs/Gossiping/M.1495343952.A.37E.html download to ptt/Gossiping/20607_12.txt, time: 4.890000
/bbs/Gossiping/M.1495343953.A.A80.html download to ptt/Gossiping/20607_13.txt, time: 3.980000
/bbs/Gossiping/M.1495343990.A.B9C.html download to ptt/Gossiping/20607_14.txt, time: 3.580000
/bbs/Gossiping/M.1495343994.A.D4C.html download to ptt/Gossiping/20607_15.txt, time: 7.850000
/bbs/Gossiping/M.1495344142.A.F27.html download to ptt/Gossiping/20607_16.txt, time: 4.280000
/bbs/Gossiping/M.1495344167.A.028.html download to ptt/Gossiping/20607_17.txt, time: 3.060000
/bbs/Gossiping/M.1495344191.A.88E.html download to ptt/Gossiping/20607_18.txt, time: 3.280000
/bbs/Gossiping/M.1495344201.A.AE6.html download to ptt/Gossiping/20607_19.txt, time: 4.960000
page 20606
/bbs/Gossiping/M.1495342960.A.C14.html download to ptt/Gossiping/20606_0.txt, time: 4.340000
/bbs/Gossiping/M.1495342977.A.74C.html download to ptt/Gossiping/20606_1.txt, time: 3.100000
/bbs/Gossiping/M.1495343000.A.104.html download to ptt/Gossiping/20606_2.txt, time: 3.900000
/bbs/Gossiping/M.1495343001.A.77A.html download to ptt/Gossiping/20606_3.txt, time: 4.560000
/bbs/Gossiping/M.1495343023.A.A84.html download to ptt/Gossiping/20606_4.txt, time: 3.510000
/bbs/Gossiping/M.1495343086.A.90E.html download to ptt/Gossiping/20606_5.txt, time: 3.220000
/bbs/Gossiping/M.1495343092.A.A36.html download to ptt/Gossiping/20606_6.txt, time: 5.060000
/bbs/Gossiping/M.1495343094.A.8B0.html download to ptt/Gossiping/20606_7.txt, time: 4.170000
/bbs/Gossiping/M.1495343142.A.4EF.html download to ptt/Gossiping/20606_8.txt, time: 3.850000
/bbs/Gossiping/M.1495343145.A.880.html download to ptt/Gossiping/20606_9.txt, time: 3.290000
/bbs/Gossiping/M.1495343195.A.1B7.html download to ptt/Gossiping/20606_10.txt, time: 3.430000
/bbs/Gossiping/M.1495343267.A.4B3.html download to ptt/Gossiping/20606_11.txt, time: 2.780000
/bbs/Gossiping/M.1495343283.A.A78.html download to ptt/Gossiping/20606_12.txt, time: 3.550000
/bbs/Gossiping/M.1495343285.A.6F2.html download to ptt/Gossiping/20606_13.txt, time: 3.190000
/bbs/Gossiping/M.1495343343.A.365.html download to ptt/Gossiping/20606_14.txt, time: 3.080000
/bbs/Gossiping/M.1495343365.A.46E.html download to ptt/Gossiping/20606_15.txt, time: 2.760000
/bbs/Gossiping/M.1495343382.A.53D.html download to ptt/Gossiping/20606_16.txt, time: 2.960000
/bbs/Gossiping/M.1495343452.A.A5A.html download to ptt/Gossiping/20606_17.txt, time: 6.140000
/bbs/Gossiping/M.1495343455.A.372.html download to ptt/Gossiping/20606_18.txt, time: 2.550000
/bbs/Gossiping/M.1495343572.A.355.html download to ptt/Gossiping/20606_19.txt, time: 2.560000
time: 533.6674048900604 seconds
