page 20620
/bbs/Gossiping/M.1495351818.A.082.html download to ptt/Gossiping/20620_0.txt, time: 6.280000
/bbs/Gossiping/M.1495351837.A.E75.html download to ptt/Gossiping/20620_1.txt, time: 7.350000
/bbs/Gossiping/M.1495351849.A.DD2.html download to ptt/Gossiping/20620_2.txt, time: 6.050000
/bbs/Gossiping/M.1495352073.A.0A1.html download to ptt/Gossiping/20620_3.txt, time: 4.650000
/bbs/Gossiping/M.1495352083.A.0CE.html download to ptt/Gossiping/20620_4.txt, time: 6.010000
/bbs/Gossiping/M.1495352090.A.C62.html download to ptt/Gossiping/20620_5.txt, time: 4.820000
/bbs/Gossiping/M.1495352135.A.7EE.html download to ptt/Gossiping/20620_6.txt, time: 4.640000
/bbs/Gossiping/M.1495352195.A.CBE.html download to ptt/Gossiping/20620_7.txt, time: 5.570000
/bbs/Gossiping/M.1495352229.A.9AF.html download to ptt/Gossiping/20620_8.txt, time: 6.750000
/bbs/Gossiping/M.1495352255.A.4FD.html download to ptt/Gossiping/20620_9.txt, time: 4.450000
/bbs/Gossiping/M.1495352291.A.B0F.html download to ptt/Gossiping/20620_10.txt, time: 4.520000
/bbs/Gossiping/M.1495352323.A.1F9.html download to ptt/Gossiping/20620_11.txt, time: 3.180000
/bbs/Gossiping/M.1495352337.A.9B2.html download to ptt/Gossiping/20620_12.txt, time: 4.370000
/bbs/Gossiping/M.1495352347.A.C77.html download to ptt/Gossiping/20620_13.txt, time: 3.970000
/bbs/Gossiping/M.1495352350.A.0F8.html download to ptt/Gossiping/20620_14.txt, time: 4.820000
/bbs/Gossiping/M.1495352363.A.893.html download to ptt/Gossiping/20620_15.txt, time: 3.240000
/bbs/Gossiping/M.1495352371.A.998.html download to ptt/Gossiping/20620_16.txt, time: 4.950000
/bbs/Gossiping/M.1495352431.A.B51.html download to ptt/Gossiping/20620_17.txt, time: 5.250000
empty download to ptt/Gossiping/20620_18.txt, time: 0.000000
/bbs/Gossiping/M.1495352501.A.A2C.html download to ptt/Gossiping/20620_19.txt, time: 7.730000
page 20619
/bbs/Gossiping/M.1495351278.A.22D.html download to ptt/Gossiping/20619_0.txt, time: 4.170000
/bbs/Gossiping/M.1495351314.A.200.html download to ptt/Gossiping/20619_1.txt, time: 4.600000
/bbs/Gossiping/M.1495351331.A.5A7.html download to ptt/Gossiping/20619_2.txt, time: 4.600000
/bbs/Gossiping/M.1495351336.A.C23.html download to ptt/Gossiping/20619_3.txt, time: 5.600000
/bbs/Gossiping/M.1495351371.A.BF1.html download to ptt/Gossiping/20619_4.txt, time: 2.720000
/bbs/Gossiping/M.1495351412.A.4B0.html download to ptt/Gossiping/20619_5.txt, time: 5.310000
/bbs/Gossiping/M.1495351459.A.54E.html download to ptt/Gossiping/20619_6.txt, time: 5.330000
/bbs/Gossiping/M.1495351468.A.01D.html download to ptt/Gossiping/20619_7.txt, time: 3.710000
/bbs/Gossiping/M.1495351476.A.608.html download to ptt/Gossiping/20619_8.txt, time: 4.880000
/bbs/Gossiping/M.1495351539.A.F23.html download to ptt/Gossiping/20619_9.txt, time: 6.210000
/bbs/Gossiping/M.1495351611.A.E1E.html download to ptt/Gossiping/20619_10.txt, time: 6.410000
/bbs/Gossiping/M.1495351628.A.12F.html download to ptt/Gossiping/20619_11.txt, time: 5.290000
/bbs/Gossiping/M.1495351629.A.177.html download to ptt/Gossiping/20619_12.txt, time: 3.800000
/bbs/Gossiping/M.1495351633.A.5F7.html download to ptt/Gossiping/20619_13.txt, time: 5.650000
/bbs/Gossiping/M.1495351694.A.8CE.html download to ptt/Gossiping/20619_14.txt, time: 5.890000
/bbs/Gossiping/M.1495351723.A.E05.html download to ptt/Gossiping/20619_15.txt, time: 4.770000
/bbs/Gossiping/M.1495351736.A.D96.html download to ptt/Gossiping/20619_16.txt, time: 8.220000
/bbs/Gossiping/M.1495351752.A.E2C.html download to ptt/Gossiping/20619_17.txt, time: 10.310000
/bbs/Gossiping/M.1495351759.A.421.html download to ptt/Gossiping/20619_18.txt, time: 8.090000
/bbs/Gossiping/M.1495351780.A.63B.html download to ptt/Gossiping/20619_19.txt, time: 5.540000
page 20618
/bbs/Gossiping/M.1495350709.A.72B.html download to ptt/Gossiping/20618_0.txt, time: 6.680000
/bbs/Gossiping/M.1495350758.A.AED.html download to ptt/Gossiping/20618_1.txt, time: 4.980000
/bbs/Gossiping/M.1495350778.A.CA0.html download to ptt/Gossiping/20618_2.txt, time: 14.550000
/bbs/Gossiping/M.1495350817.A.405.html download to ptt/Gossiping/20618_3.txt, time: 5.190000
/bbs/Gossiping/M.1495350860.A.B8F.html download to ptt/Gossiping/20618_4.txt, time: 7.480000
/bbs/Gossiping/M.1495350866.A.314.html download to ptt/Gossiping/20618_5.txt, time: 13.030000
/bbs/Gossiping/M.1495350897.A.051.html download to ptt/Gossiping/20618_6.txt, time: 6.310000
/bbs/Gossiping/M.1495350904.A.105.html download to ptt/Gossiping/20618_7.txt, time: 4.910000
/bbs/Gossiping/M.1495350950.A.26A.html download to ptt/Gossiping/20618_8.txt, time: 4.140000
/bbs/Gossiping/M.1495350953.A.C94.html download to ptt/Gossiping/20618_9.txt, time: 4.380000
/bbs/Gossiping/M.1495350997.A.0F3.html download to ptt/Gossiping/20618_10.txt, time: 3.910000
/bbs/Gossiping/M.1495351016.A.42D.html download to ptt/Gossiping/20618_11.txt, time: 3.590000
/bbs/Gossiping/M.1495351022.A.92C.html download to ptt/Gossiping/20618_12.txt, time: 2.900000
/bbs/Gossiping/M.1495351064.A.CF8.html download to ptt/Gossiping/20618_13.txt, time: 6.500000
/bbs/Gossiping/M.1495351139.A.A73.html download to ptt/Gossiping/20618_14.txt, time: 4.050000
/bbs/Gossiping/M.1495351205.A.911.html download to ptt/Gossiping/20618_15.txt, time: 5.040000
/bbs/Gossiping/M.1495351209.A.9F9.html download to ptt/Gossiping/20618_16.txt, time: 3.690000
/bbs/Gossiping/M.1495351209.A.34F.html download to ptt/Gossiping/20618_17.txt, time: 3.110000
/bbs/Gossiping/M.1495351248.A.521.html download to ptt/Gossiping/20618_18.txt, time: 3.670000
/bbs/Gossiping/M.1495351264.A.2A7.html download to ptt/Gossiping/20618_19.txt, time: 2.920000
page 20617
/bbs/Gossiping/M.1495350062.A.418.html download to ptt/Gossiping/20617_0.txt, time: 3.070000
/bbs/Gossiping/M.1495350086.A.608.html download to ptt/Gossiping/20617_1.txt, time: 3.450000
/bbs/Gossiping/M.1495350118.A.9A5.html download to ptt/Gossiping/20617_2.txt, time: 5.090000
/bbs/Gossiping/M.1495350221.A.474.html download to ptt/Gossiping/20617_3.txt, time: 4.720000
/bbs/Gossiping/M.1495350222.A.2EA.html download to ptt/Gossiping/20617_4.txt, time: 4.710000
/bbs/Gossiping/M.1495350241.A.F8A.html download to ptt/Gossiping/20617_5.txt, time: 3.590000
/bbs/Gossiping/M.1495350257.A.9C5.html download to ptt/Gossiping/20617_6.txt, time: 5.290000
/bbs/Gossiping/M.1495350283.A.4FE.html download to ptt/Gossiping/20617_7.txt, time: 4.150000
/bbs/Gossiping/M.1495350334.A.9F9.html download to ptt/Gossiping/20617_8.txt, time: 3.170000
/bbs/Gossiping/M.1495350345.A.BEF.html download to ptt/Gossiping/20617_9.txt, time: 4.010000
/bbs/Gossiping/M.1495350359.A.DC0.html download to ptt/Gossiping/20617_10.txt, time: 4.090000
/bbs/Gossiping/M.1495350370.A.B41.html download to ptt/Gossiping/20617_11.txt, time: 3.600000
/bbs/Gossiping/M.1495350422.A.99C.html download to ptt/Gossiping/20617_12.txt, time: 4.480000
/bbs/Gossiping/M.1495350434.A.E3F.html download to ptt/Gossiping/20617_13.txt, time: 3.940000
/bbs/Gossiping/M.1495350440.A.A0C.html download to ptt/Gossiping/20617_14.txt, time: 8.330000
/bbs/Gossiping/M.1495350454.A.382.html download to ptt/Gossiping/20617_15.txt, time: 5.440000
/bbs/Gossiping/M.1495350643.A.89C.html download to ptt/Gossiping/20617_16.txt, time: 3.870000
/bbs/Gossiping/M.1495350662.A.6E9.html download to ptt/Gossiping/20617_17.txt, time: 4.460000
/bbs/Gossiping/M.1495350696.A.4F7.html download to ptt/Gossiping/20617_18.txt, time: 3.490000
/bbs/Gossiping/M.1495350707.A.B83.html download to ptt/Gossiping/20617_19.txt, time: 4.550000
page 20616
/bbs/Gossiping/M.1495349262.A.69E.html download to ptt/Gossiping/20616_0.txt, time: 3.380000
/bbs/Gossiping/M.1495349268.A.1E8.html download to ptt/Gossiping/20616_1.txt, time: 3.860000
/bbs/Gossiping/M.1495349344.A.A53.html download to ptt/Gossiping/20616_2.txt, time: 3.890000
/bbs/Gossiping/M.1495349450.A.20B.html download to ptt/Gossiping/20616_3.txt, time: 4.430000
/bbs/Gossiping/M.1495349458.A.7BA.html download to ptt/Gossiping/20616_4.txt, time: 2.990000
/bbs/Gossiping/M.1495349565.A.907.html download to ptt/Gossiping/20616_5.txt, time: 3.080000
/bbs/Gossiping/M.1495349602.A.641.html download to ptt/Gossiping/20616_6.txt, time: 3.700000
/bbs/Gossiping/M.1495349640.A.30C.html download to ptt/Gossiping/20616_7.txt, time: 3.540000
/bbs/Gossiping/M.1495349660.A.D90.html download to ptt/Gossiping/20616_8.txt, time: 2.860000
/bbs/Gossiping/M.1495349691.A.F74.html download to ptt/Gossiping/20616_9.txt, time: 3.220000
/bbs/Gossiping/M.1495349765.A.629.html download to ptt/Gossiping/20616_10.txt, time: 3.620000
/bbs/Gossiping/M.1495349781.A.1A3.html download to ptt/Gossiping/20616_11.txt, time: 3.420000
/bbs/Gossiping/M.1495349791.A.1ED.html download to ptt/Gossiping/20616_12.txt, time: 2.520000
/bbs/Gossiping/M.1495349818.A.F77.html download to ptt/Gossiping/20616_13.txt, time: 3.960000
/bbs/Gossiping/M.1495349848.A.F19.html download to ptt/Gossiping/20616_14.txt, time: 2.860000
/bbs/Gossiping/M.1495349934.A.721.html download to ptt/Gossiping/20616_15.txt, time: 3.570000
/bbs/Gossiping/M.1495349963.A.A39.html download to ptt/Gossiping/20616_16.txt, time: 3.660000
/bbs/Gossiping/M.1495350002.A.50E.html download to ptt/Gossiping/20616_17.txt, time: 3.550000
/bbs/Gossiping/M.1495350037.A.71A.html download to ptt/Gossiping/20616_18.txt, time: 6.250000
/bbs/Gossiping/M.1495350051.A.B42.html download to ptt/Gossiping/20616_19.txt, time: 3.610000
time: 535.2553715705872 seconds
