page 20630
/bbs/Gossiping/M.1495357908.A.96F.html download to ptt/Gossiping/20630_0.txt, time: 6.110000
/bbs/Gossiping/M.1495357922.A.6FB.html download to ptt/Gossiping/20630_1.txt, time: 6.960000
/bbs/Gossiping/M.1495357926.A.F0B.html download to ptt/Gossiping/20630_2.txt, time: 5.300000
/bbs/Gossiping/M.1495357934.A.089.html download to ptt/Gossiping/20630_3.txt, time: 4.450000
/bbs/Gossiping/M.1495357961.A.51F.html download to ptt/Gossiping/20630_4.txt, time: 4.320000
/bbs/Gossiping/M.1495357984.A.6F1.html download to ptt/Gossiping/20630_5.txt, time: 3.410000
/bbs/Gossiping/M.1495358089.A.F62.html download to ptt/Gossiping/20630_6.txt, time: 4.240000
/bbs/Gossiping/M.1495358131.A.043.html download to ptt/Gossiping/20630_7.txt, time: 4.700000
/bbs/Gossiping/M.1495358167.A.07E.html download to ptt/Gossiping/20630_8.txt, time: 6.580000
/bbs/Gossiping/M.1495358190.A.1D3.html download to ptt/Gossiping/20630_9.txt, time: 6.410000
/bbs/Gossiping/M.1495358193.A.5B6.html download to ptt/Gossiping/20630_10.txt, time: 5.050000
/bbs/Gossiping/M.1495358225.A.B84.html download to ptt/Gossiping/20630_11.txt, time: 4.490000
/bbs/Gossiping/M.1495358276.A.A10.html download to ptt/Gossiping/20630_12.txt, time: 3.960000
/bbs/Gossiping/M.1495358278.A.3A1.html download to ptt/Gossiping/20630_13.txt, time: 6.220000
/bbs/Gossiping/M.1495358287.A.C79.html download to ptt/Gossiping/20630_14.txt, time: 6.550000
/bbs/Gossiping/M.1495358370.A.9AA.html download to ptt/Gossiping/20630_15.txt, time: 6.070000
/bbs/Gossiping/M.1495358371.A.EB8.html download to ptt/Gossiping/20630_16.txt, time: 5.540000
/bbs/Gossiping/M.1495358392.A.58B.html download to ptt/Gossiping/20630_17.txt, time: 3.610000
/bbs/Gossiping/M.1495358396.A.6F1.html download to ptt/Gossiping/20630_18.txt, time: 4.380000
/bbs/Gossiping/M.1495358423.A.1EB.html download to ptt/Gossiping/20630_19.txt, time: 4.240000
page 20629
/bbs/Gossiping/M.1495357526.A.248.html download to ptt/Gossiping/20629_0.txt, time: 4.600000
/bbs/Gossiping/M.1495357534.A.6DB.html download to ptt/Gossiping/20629_1.txt, time: 6.680000
/bbs/Gossiping/M.1495357572.A.C27.html download to ptt/Gossiping/20629_2.txt, time: 5.160000
/bbs/Gossiping/M.1495357580.A.13C.html download to ptt/Gossiping/20629_3.txt, time: 4.040000
/bbs/Gossiping/M.1495357602.A.21C.html download to ptt/Gossiping/20629_4.txt, time: 4.230000
/bbs/Gossiping/M.1495357604.A.6E8.html download to ptt/Gossiping/20629_5.txt, time: 3.870000
/bbs/Gossiping/M.1495357627.A.1AF.html download to ptt/Gossiping/20629_6.txt, time: 4.470000
/bbs/Gossiping/M.1495357628.A.731.html download to ptt/Gossiping/20629_7.txt, time: 5.570000
/bbs/Gossiping/M.1495357698.A.FB6.html download to ptt/Gossiping/20629_8.txt, time: 4.490000
/bbs/Gossiping/M.1495357731.A.AC7.html download to ptt/Gossiping/20629_9.txt, time: 3.100000
/bbs/Gossiping/M.1495357736.A.FB5.html download to ptt/Gossiping/20629_10.txt, time: 4.820000
/bbs/Gossiping/M.1495357800.A.B80.html download to ptt/Gossiping/20629_11.txt, time: 5.800000
/bbs/Gossiping/M.1495357815.A.300.html download to ptt/Gossiping/20629_12.txt, time: 5.680000
/bbs/Gossiping/M.1495357839.A.591.html download to ptt/Gossiping/20629_13.txt, time: 6.820000
/bbs/Gossiping/M.1495357861.A.376.html download to ptt/Gossiping/20629_14.txt, time: 7.070000
/bbs/Gossiping/M.1495357881.A.7E1.html download to ptt/Gossiping/20629_15.txt, time: 15.150000
/bbs/Gossiping/M.1495357890.A.38C.html download to ptt/Gossiping/20629_16.txt, time: 4.960000
/bbs/Gossiping/M.1495357891.A.19D.html download to ptt/Gossiping/20629_17.txt, time: 6.910000
/bbs/Gossiping/M.1495357895.A.642.html download to ptt/Gossiping/20629_18.txt, time: 12.850000
/bbs/Gossiping/M.1495357895.A.660.html download to ptt/Gossiping/20629_19.txt, time: 6.290000
page 20628
/bbs/Gossiping/M.1495356906.A.C1A.html download to ptt/Gossiping/20628_0.txt, time: 6.890000
/bbs/Gossiping/M.1495356937.A.EB7.html download to ptt/Gossiping/20628_1.txt, time: 5.870000
/bbs/Gossiping/M.1495356949.A.92F.html download to ptt/Gossiping/20628_2.txt, time: 3.850000
/bbs/Gossiping/M.1495356966.A.D07.html download to ptt/Gossiping/20628_3.txt, time: 6.790000
/bbs/Gossiping/M.1495357048.A.1D6.html download to ptt/Gossiping/20628_4.txt, time: 4.880000
/bbs/Gossiping/M.1495357114.A.F94.html download to ptt/Gossiping/20628_5.txt, time: 3.570000
/bbs/Gossiping/M.1495357117.A.2E6.html download to ptt/Gossiping/20628_6.txt, time: 6.080000
/bbs/Gossiping/M.1495357181.A.4B0.html download to ptt/Gossiping/20628_7.txt, time: 6.970000
/bbs/Gossiping/M.1495357186.A.593.html download to ptt/Gossiping/20628_8.txt, time: 7.840000
/bbs/Gossiping/M.1495357213.A.43C.html download to ptt/Gossiping/20628_9.txt, time: 4.540000
/bbs/Gossiping/M.1495357263.A.C00.html download to ptt/Gossiping/20628_10.txt, time: 3.620000
/bbs/Gossiping/M.1495357294.A.E99.html download to ptt/Gossiping/20628_11.txt, time: 3.950000
/bbs/Gossiping/M.1495357295.A.4FB.html download to ptt/Gossiping/20628_12.txt, time: 3.610000
/bbs/Gossiping/M.1495357307.A.A3E.html download to ptt/Gossiping/20628_13.txt, time: 7.190000
/bbs/Gossiping/M.1495357341.A.6B5.html download to ptt/Gossiping/20628_14.txt, time: 3.220000
/bbs/Gossiping/M.1495357346.A.2E5.html download to ptt/Gossiping/20628_15.txt, time: 4.040000
/bbs/Gossiping/M.1495357373.A.22F.html download to ptt/Gossiping/20628_16.txt, time: 5.040000
/bbs/Gossiping/M.1495357417.A.CC6.html download to ptt/Gossiping/20628_17.txt, time: 3.770000
/bbs/Gossiping/M.1495357478.A.E7C.html download to ptt/Gossiping/20628_18.txt, time: 4.840000
/bbs/Gossiping/M.1495357520.A.D8E.html download to ptt/Gossiping/20628_19.txt, time: 5.250000
page 20627
/bbs/Gossiping/M.1495356205.A.E0E.html download to ptt/Gossiping/20627_0.txt, time: 4.350000
/bbs/Gossiping/M.1495356260.A.4E3.html download to ptt/Gossiping/20627_1.txt, time: 3.600000
/bbs/Gossiping/M.1495356309.A.679.html download to ptt/Gossiping/20627_2.txt, time: 3.500000
/bbs/Gossiping/M.1495356335.A.B75.html download to ptt/Gossiping/20627_3.txt, time: 3.130000
/bbs/Gossiping/M.1495356347.A.29C.html download to ptt/Gossiping/20627_4.txt, time: 4.730000
/bbs/Gossiping/M.1495356366.A.3E3.html download to ptt/Gossiping/20627_5.txt, time: 3.710000
/bbs/Gossiping/M.1495356429.A.419.html download to ptt/Gossiping/20627_6.txt, time: 4.990000
/bbs/Gossiping/M.1495356468.A.24E.html download to ptt/Gossiping/20627_7.txt, time: 3.740000
/bbs/Gossiping/M.1495356532.A.842.html download to ptt/Gossiping/20627_8.txt, time: 4.100000
/bbs/Gossiping/M.1495356534.A.CCC.html download to ptt/Gossiping/20627_9.txt, time: 3.400000
/bbs/Gossiping/M.1495356590.A.486.html download to ptt/Gossiping/20627_10.txt, time: 3.390000
/bbs/Gossiping/M.1495356643.A.7B6.html download to ptt/Gossiping/20627_11.txt, time: 3.400000
/bbs/Gossiping/M.1495356674.A.516.html download to ptt/Gossiping/20627_12.txt, time: 2.640000
/bbs/Gossiping/M.1495356688.A.58A.html download to ptt/Gossiping/20627_13.txt, time: 6.290000
/bbs/Gossiping/M.1495356700.A.8A2.html download to ptt/Gossiping/20627_14.txt, time: 7.070000
/bbs/Gossiping/M.1495356786.A.5B3.html download to ptt/Gossiping/20627_15.txt, time: 3.350000
/bbs/Gossiping/M.1495356809.A.4BD.html download to ptt/Gossiping/20627_16.txt, time: 3.390000
/bbs/Gossiping/M.1495356836.A.D5B.html download to ptt/Gossiping/20627_17.txt, time: 3.240000
/bbs/Gossiping/M.1495356843.A.EB7.html download to ptt/Gossiping/20627_18.txt, time: 3.180000
/bbs/Gossiping/M.1495356862.A.A71.html download to ptt/Gossiping/20627_19.txt, time: 3.310000
page 20626
/bbs/Gossiping/M.1495355666.A.A86.html download to ptt/Gossiping/20626_0.txt, time: 5.570000
/bbs/Gossiping/M.1495355740.A.AED.html download to ptt/Gossiping/20626_1.txt, time: 4.290000
/bbs/Gossiping/M.1495355746.A.075.html download to ptt/Gossiping/20626_2.txt, time: 3.820000
/bbs/Gossiping/M.1495355754.A.A6E.html download to ptt/Gossiping/20626_3.txt, time: 4.180000
/bbs/Gossiping/M.1495355794.A.7FF.html download to ptt/Gossiping/20626_4.txt, time: 3.600000
/bbs/Gossiping/M.1495355797.A.7EC.html download to ptt/Gossiping/20626_5.txt, time: 3.460000
/bbs/Gossiping/M.1495355798.A.E31.html download to ptt/Gossiping/20626_6.txt, time: 4.010000
/bbs/Gossiping/M.1495355808.A.1F3.html download to ptt/Gossiping/20626_7.txt, time: 4.440000
/bbs/Gossiping/M.1495355818.A.422.html download to ptt/Gossiping/20626_8.txt, time: 3.400000
/bbs/Gossiping/M.1495355860.A.FC6.html download to ptt/Gossiping/20626_9.txt, time: 2.850000
/bbs/Gossiping/M.1495355865.A.D1D.html download to ptt/Gossiping/20626_10.txt, time: 2.890000
/bbs/Gossiping/M.1495355870.A.180.html download to ptt/Gossiping/20626_11.txt, time: 2.200000
/bbs/Gossiping/M.1495355941.A.7A5.html download to ptt/Gossiping/20626_12.txt, time: 2.540000
/bbs/Gossiping/M.1495356009.A.DEE.html download to ptt/Gossiping/20626_13.txt, time: 3.220000
/bbs/Gossiping/M.1495356031.A.93F.html download to ptt/Gossiping/20626_14.txt, time: 3.170000
/bbs/Gossiping/M.1495356032.A.9C4.html download to ptt/Gossiping/20626_15.txt, time: 3.600000
/bbs/Gossiping/M.1495356116.A.78F.html download to ptt/Gossiping/20626_16.txt, time: 2.810000
/bbs/Gossiping/M.1495356155.A.FFE.html download to ptt/Gossiping/20626_17.txt, time: 3.800000
/bbs/Gossiping/M.1495356170.A.62E.html download to ptt/Gossiping/20626_18.txt, time: 12.590000
/bbs/Gossiping/M.1495356199.A.C10.html download to ptt/Gossiping/20626_19.txt, time: 6.100000
time: 541.5042731761932 seconds
