page 20640
/bbs/Gossiping/M.1495363724.A.507.html download to ptt/Gossiping/20640_0.txt, time: 6.600000
/bbs/Gossiping/M.1495363725.A.145.html download to ptt/Gossiping/20640_1.txt, time: 6.190000
/bbs/Gossiping/M.1495363741.A.0E0.html download to ptt/Gossiping/20640_2.txt, time: 3.780000
/bbs/Gossiping/M.1495363747.A.587.html download to ptt/Gossiping/20640_3.txt, time: 4.150000
/bbs/Gossiping/M.1495363765.A.FA8.html download to ptt/Gossiping/20640_4.txt, time: 4.520000
/bbs/Gossiping/M.1495363768.A.E4E.html download to ptt/Gossiping/20640_5.txt, time: 5.620000
/bbs/Gossiping/M.1495363796.A.364.html download to ptt/Gossiping/20640_6.txt, time: 4.250000
/bbs/Gossiping/M.1495363798.A.616.html download to ptt/Gossiping/20640_7.txt, time: 7.930000
/bbs/Gossiping/M.1495363816.A.020.html download to ptt/Gossiping/20640_8.txt, time: 4.290000
/bbs/Gossiping/M.1495363834.A.465.html download to ptt/Gossiping/20640_9.txt, time: 3.920000
/bbs/Gossiping/M.1495363854.A.494.html download to ptt/Gossiping/20640_10.txt, time: 4.580000
/bbs/Gossiping/M.1495363893.A.D2A.html download to ptt/Gossiping/20640_11.txt, time: 4.100000
/bbs/Gossiping/M.1495363895.A.AC3.html download to ptt/Gossiping/20640_12.txt, time: 4.910000
/bbs/Gossiping/M.1495363942.A.B22.html download to ptt/Gossiping/20640_13.txt, time: 4.690000
/bbs/Gossiping/M.1495363943.A.219.html download to ptt/Gossiping/20640_14.txt, time: 4.110000
/bbs/Gossiping/M.1495363947.A.AF3.html download to ptt/Gossiping/20640_15.txt, time: 4.260000
/bbs/Gossiping/M.1495363951.A.59A.html download to ptt/Gossiping/20640_16.txt, time: 4.730000
/bbs/Gossiping/M.1495364009.A.4D2.html download to ptt/Gossiping/20640_17.txt, time: 5.360000
/bbs/Gossiping/M.1495364017.A.E19.html download to ptt/Gossiping/20640_18.txt, time: 5.000000
/bbs/Gossiping/M.1495364036.A.E66.html download to ptt/Gossiping/20640_19.txt, time: 6.650000
page 20639
/bbs/Gossiping/M.1495363164.A.64C.html download to ptt/Gossiping/20639_0.txt, time: 4.290000
/bbs/Gossiping/M.1495363200.A.689.html download to ptt/Gossiping/20639_1.txt, time: 4.820000
/bbs/Gossiping/M.1495363241.A.831.html download to ptt/Gossiping/20639_2.txt, time: 5.910000
/bbs/Gossiping/M.1495363260.A.E27.html download to ptt/Gossiping/20639_3.txt, time: 5.250000
/bbs/Gossiping/M.1495363296.A.3D0.html download to ptt/Gossiping/20639_4.txt, time: 6.660000
/bbs/Gossiping/M.1495363297.A.758.html download to ptt/Gossiping/20639_5.txt, time: 6.160000
/bbs/Gossiping/M.1495363326.A.E4D.html download to ptt/Gossiping/20639_6.txt, time: 3.080000
/bbs/Gossiping/M.1495363334.A.DB7.html download to ptt/Gossiping/20639_7.txt, time: 4.370000
/bbs/Gossiping/M.1495363361.A.FF3.html download to ptt/Gossiping/20639_8.txt, time: 5.820000
/bbs/Gossiping/M.1495363361.A.2A3.html download to ptt/Gossiping/20639_9.txt, time: 5.270000
/bbs/Gossiping/M.1495363368.A.C43.html download to ptt/Gossiping/20639_10.txt, time: 5.360000
/bbs/Gossiping/M.1495363390.A.2D3.html download to ptt/Gossiping/20639_11.txt, time: 4.550000
/bbs/Gossiping/M.1495363407.A.D05.html download to ptt/Gossiping/20639_12.txt, time: 4.160000
/bbs/Gossiping/M.1495363407.A.722.html download to ptt/Gossiping/20639_13.txt, time: 4.840000
/bbs/Gossiping/M.1495363443.A.E60.html download to ptt/Gossiping/20639_14.txt, time: 4.970000
/bbs/Gossiping/M.1495363479.A.5EC.html download to ptt/Gossiping/20639_15.txt, time: 13.220000
/bbs/Gossiping/M.1495363535.A.A07.html download to ptt/Gossiping/20639_16.txt, time: 7.080000
/bbs/Gossiping/M.1495363539.A.0AE.html download to ptt/Gossiping/20639_17.txt, time: 5.330000
/bbs/Gossiping/M.1495363606.A.988.html download to ptt/Gossiping/20639_18.txt, time: 6.780000
/bbs/Gossiping/M.1495363664.A.B73.html download to ptt/Gossiping/20639_19.txt, time: 4.470000
page 20638
/bbs/Gossiping/M.1495362520.A.527.html download to ptt/Gossiping/20638_0.txt, time: 4.980000
/bbs/Gossiping/M.1495362572.A.41A.html download to ptt/Gossiping/20638_1.txt, time: 4.360000
/bbs/Gossiping/M.1495362577.A.750.html download to ptt/Gossiping/20638_2.txt, time: 4.620000
/bbs/Gossiping/M.1495362582.A.9EB.html download to ptt/Gossiping/20638_3.txt, time: 5.010000
/bbs/Gossiping/M.1495362600.A.A5A.html download to ptt/Gossiping/20638_4.txt, time: 5.000000
/bbs/Gossiping/M.1495362649.A.469.html download to ptt/Gossiping/20638_5.txt, time: 6.580000
/bbs/Gossiping/M.1495362697.A.8DD.html download to ptt/Gossiping/20638_6.txt, time: 4.120000
/bbs/Gossiping/M.1495362712.A.2B0.html download to ptt/Gossiping/20638_7.txt, time: 3.730000
/bbs/Gossiping/M.1495362734.A.538.html download to ptt/Gossiping/20638_8.txt, time: 10.090000
/bbs/Gossiping/M.1495362762.A.752.html download to ptt/Gossiping/20638_9.txt, time: 10.910000
/bbs/Gossiping/M.1495362773.A.C36.html download to ptt/Gossiping/20638_10.txt, time: 5.280000
/bbs/Gossiping/M.1495362774.A.136.html download to ptt/Gossiping/20638_11.txt, time: 3.480000
/bbs/Gossiping/M.1495362845.A.65E.html download to ptt/Gossiping/20638_12.txt, time: 3.370000
/bbs/Gossiping/M.1495362943.A.4E6.html download to ptt/Gossiping/20638_13.txt, time: 7.080000
/bbs/Gossiping/M.1495362943.A.8AD.html download to ptt/Gossiping/20638_14.txt, time: 4.670000
/bbs/Gossiping/M.1495362967.A.1AB.html download to ptt/Gossiping/20638_15.txt, time: 5.110000
/bbs/Gossiping/M.1495363008.A.87D.html download to ptt/Gossiping/20638_16.txt, time: 5.780000
/bbs/Gossiping/M.1495363061.A.D72.html download to ptt/Gossiping/20638_17.txt, time: 3.810000
/bbs/Gossiping/M.1495363081.A.000.html download to ptt/Gossiping/20638_18.txt, time: 4.170000
/bbs/Gossiping/M.1495363138.A.869.html download to ptt/Gossiping/20638_19.txt, time: 4.640000
page 20637
/bbs/Gossiping/M.1495361770.A.2F2.html download to ptt/Gossiping/20637_0.txt, time: 6.040000
/bbs/Gossiping/M.1495361807.A.400.html download to ptt/Gossiping/20637_1.txt, time: 4.500000
/bbs/Gossiping/M.1495361866.A.45D.html download to ptt/Gossiping/20637_2.txt, time: 3.710000
/bbs/Gossiping/M.1495361878.A.F92.html download to ptt/Gossiping/20637_3.txt, time: 4.400000
/bbs/Gossiping/M.1495361883.A.9E3.html download to ptt/Gossiping/20637_4.txt, time: 3.320000
/bbs/Gossiping/M.1495361887.A.D8D.html download to ptt/Gossiping/20637_5.txt, time: 3.800000
/bbs/Gossiping/M.1495361909.A.5CB.html download to ptt/Gossiping/20637_6.txt, time: 4.000000
/bbs/Gossiping/M.1495361940.A.435.html download to ptt/Gossiping/20637_7.txt, time: 5.090000
/bbs/Gossiping/M.1495362037.A.3D3.html download to ptt/Gossiping/20637_8.txt, time: 3.740000
/bbs/Gossiping/M.1495362052.A.7DB.html download to ptt/Gossiping/20637_9.txt, time: 4.420000
/bbs/Gossiping/M.1495362066.A.6AF.html download to ptt/Gossiping/20637_10.txt, time: 3.750000
/bbs/Gossiping/M.1495362209.A.C48.html download to ptt/Gossiping/20637_11.txt, time: 3.280000
/bbs/Gossiping/M.1495362250.A.F8B.html download to ptt/Gossiping/20637_12.txt, time: 6.900000
/bbs/Gossiping/M.1495362262.A.489.html download to ptt/Gossiping/20637_13.txt, time: 4.560000
/bbs/Gossiping/M.1495362275.A.820.html download to ptt/Gossiping/20637_14.txt, time: 4.190000
/bbs/Gossiping/M.1495362299.A.23C.html download to ptt/Gossiping/20637_15.txt, time: 3.520000
/bbs/Gossiping/M.1495362428.A.F7F.html download to ptt/Gossiping/20637_16.txt, time: 3.610000
/bbs/Gossiping/M.1495362472.A.1E0.html download to ptt/Gossiping/20637_17.txt, time: 4.770000
/bbs/Gossiping/M.1495362481.A.731.html download to ptt/Gossiping/20637_18.txt, time: 5.480000
/bbs/Gossiping/M.1495362486.A.D0A.html download to ptt/Gossiping/20637_19.txt, time: 4.750000
page 20636
/bbs/Gossiping/M.1495361299.A.B99.html download to ptt/Gossiping/20636_0.txt, time: 4.220000
/bbs/Gossiping/M.1495361305.A.2EF.html download to ptt/Gossiping/20636_1.txt, time: 3.260000
/bbs/Gossiping/M.1495361347.A.ADE.html download to ptt/Gossiping/20636_2.txt, time: 3.540000
/bbs/Gossiping/M.1495361373.A.85A.html download to ptt/Gossiping/20636_3.txt, time: 4.420000
/bbs/Gossiping/M.1495361407.A.5ED.html download to ptt/Gossiping/20636_4.txt, time: 4.080000
/bbs/Gossiping/M.1495361409.A.6FE.html download to ptt/Gossiping/20636_5.txt, time: 3.460000
/bbs/Gossiping/M.1495361437.A.852.html download to ptt/Gossiping/20636_6.txt, time: 3.270000
/bbs/Gossiping/M.1495361440.A.E50.html download to ptt/Gossiping/20636_7.txt, time: 2.450000
/bbs/Gossiping/M.1495361449.A.CB6.html download to ptt/Gossiping/20636_8.txt, time: 2.560000
/bbs/Gossiping/M.1495361506.A.47B.html download to ptt/Gossiping/20636_9.txt, time: 4.680000
/bbs/Gossiping/M.1495361535.A.1F3.html download to ptt/Gossiping/20636_10.txt, time: 2.390000
/bbs/Gossiping/M.1495361558.A.713.html download to ptt/Gossiping/20636_11.txt, time: 4.670000
/bbs/Gossiping/M.1495361571.A.95E.html download to ptt/Gossiping/20636_12.txt, time: 3.680000
/bbs/Gossiping/M.1495361592.A.5E9.html download to ptt/Gossiping/20636_13.txt, time: 3.750000
/bbs/Gossiping/M.1495361607.A.038.html download to ptt/Gossiping/20636_14.txt, time: 3.060000
/bbs/Gossiping/M.1495361609.A.694.html download to ptt/Gossiping/20636_15.txt, time: 2.670000
/bbs/Gossiping/M.1495361633.A.E32.html download to ptt/Gossiping/20636_16.txt, time: 3.200000
/bbs/Gossiping/M.1495361724.A.FA0.html download to ptt/Gossiping/20636_17.txt, time: 2.260000
/bbs/Gossiping/M.1495361733.A.4B8.html download to ptt/Gossiping/20636_18.txt, time: 2.090000
/bbs/Gossiping/M.1495361749.A.4F2.html download to ptt/Gossiping/20636_19.txt, time: 1.980000
time: 536.9873642921448 seconds
