page 20650
/bbs/Gossiping/M.1495368886.A.D7E.html download to ptt/Gossiping/20650_0.txt, time: 9.730000
/bbs/Gossiping/M.1495368931.A.255.html download to ptt/Gossiping/20650_1.txt, time: 7.120000
/bbs/Gossiping/M.1495368943.A.9F9.html download to ptt/Gossiping/20650_2.txt, time: 4.890000
/bbs/Gossiping/M.1495368982.A.8C9.html download to ptt/Gossiping/20650_3.txt, time: 3.820000
/bbs/Gossiping/M.1495368997.A.1C4.html download to ptt/Gossiping/20650_4.txt, time: 4.000000
/bbs/Gossiping/M.1495369004.A.00F.html download to ptt/Gossiping/20650_5.txt, time: 4.130000
/bbs/Gossiping/M.1495369025.A.BD7.html download to ptt/Gossiping/20650_6.txt, time: 4.910000
/bbs/Gossiping/M.1495369050.A.343.html download to ptt/Gossiping/20650_7.txt, time: 6.840000
/bbs/Gossiping/M.1495369069.A.60A.html download to ptt/Gossiping/20650_8.txt, time: 4.500000
/bbs/Gossiping/M.1495369096.A.BCC.html download to ptt/Gossiping/20650_9.txt, time: 4.650000
/bbs/Gossiping/M.1495369099.A.260.html download to ptt/Gossiping/20650_10.txt, time: 4.150000
/bbs/Gossiping/M.1495369150.A.660.html download to ptt/Gossiping/20650_11.txt, time: 3.710000
/bbs/Gossiping/M.1495369280.A.B20.html download to ptt/Gossiping/20650_12.txt, time: 3.490000
/bbs/Gossiping/M.1495369293.A.F95.html download to ptt/Gossiping/20650_13.txt, time: 6.180000
/bbs/Gossiping/M.1495369317.A.F26.html download to ptt/Gossiping/20650_14.txt, time: 5.700000
/bbs/Gossiping/M.1495369392.A.847.html download to ptt/Gossiping/20650_15.txt, time: 5.240000
/bbs/Gossiping/M.1495369395.A.CFD.html download to ptt/Gossiping/20650_16.txt, time: 5.390000
/bbs/Gossiping/M.1495369425.A.540.html download to ptt/Gossiping/20650_17.txt, time: 3.580000
/bbs/Gossiping/M.1495369428.A.94F.html download to ptt/Gossiping/20650_18.txt, time: 3.730000
/bbs/Gossiping/M.1495369434.A.040.html download to ptt/Gossiping/20650_19.txt, time: 6.330000
page 20649
/bbs/Gossiping/M.1495368474.A.0A1.html download to ptt/Gossiping/20649_0.txt, time: 4.490000
/bbs/Gossiping/M.1495368515.A.F7D.html download to ptt/Gossiping/20649_1.txt, time: 5.350000
/bbs/Gossiping/M.1495368516.A.2BE.html download to ptt/Gossiping/20649_2.txt, time: 5.400000
/bbs/Gossiping/M.1495368517.A.BCF.html download to ptt/Gossiping/20649_3.txt, time: 4.820000
/bbs/Gossiping/M.1495368532.A.62F.html download to ptt/Gossiping/20649_4.txt, time: 4.110000
/bbs/Gossiping/M.1495368543.A.F5A.html download to ptt/Gossiping/20649_5.txt, time: 6.200000
/bbs/Gossiping/M.1495368546.A.2D3.html download to ptt/Gossiping/20649_6.txt, time: 3.950000
/bbs/Gossiping/M.1495368569.A.E38.html download to ptt/Gossiping/20649_7.txt, time: 2.870000
/bbs/Gossiping/M.1495368613.A.9B0.html download to ptt/Gossiping/20649_8.txt, time: 3.270000
/bbs/Gossiping/M.1495368621.A.BFE.html download to ptt/Gossiping/20649_9.txt, time: 5.590000
/bbs/Gossiping/M.1495368636.A.26F.html download to ptt/Gossiping/20649_10.txt, time: 4.590000
/bbs/Gossiping/M.1495368638.A.E3C.html download to ptt/Gossiping/20649_11.txt, time: 4.100000
/bbs/Gossiping/M.1495368646.A.F78.html download to ptt/Gossiping/20649_12.txt, time: 5.950000
/bbs/Gossiping/M.1495368653.A.461.html download to ptt/Gossiping/20649_13.txt, time: 4.460000
/bbs/Gossiping/M.1495368679.A.190.html download to ptt/Gossiping/20649_14.txt, time: 4.580000
/bbs/Gossiping/M.1495368726.A.589.html download to ptt/Gossiping/20649_15.txt, time: 6.110000
/bbs/Gossiping/M.1495368744.A.CFD.html download to ptt/Gossiping/20649_16.txt, time: 4.690000
/bbs/Gossiping/M.1495368808.A.FDC.html download to ptt/Gossiping/20649_17.txt, time: 8.130000
/bbs/Gossiping/M.1495368871.A.DCE.html download to ptt/Gossiping/20649_18.txt, time: 3.250000
/bbs/Gossiping/M.1495368873.A.79D.html download to ptt/Gossiping/20649_19.txt, time: 5.770000
page 20648
/bbs/Gossiping/M.1495368031.A.269.html download to ptt/Gossiping/20648_0.txt, time: 6.410000
/bbs/Gossiping/M.1495368034.A.34C.html download to ptt/Gossiping/20648_1.txt, time: 4.220000
/bbs/Gossiping/M.1495368037.A.44E.htmlTraceback (most recent call last):
  File "/home/studentyl/anaconda3/lib/python3.6/site-packages/requests/packages/urllib3/connectionpool.py", line 600, in urlopen
    chunked=chunked)
  File "/home/studentyl/anaconda3/lib/python3.6/site-packages/requests/packages/urllib3/connectionpool.py", line 386, in _make_request
    six.raise_from(e, None)
  File "<string>", line 2, in raise_from
  File "/home/studentyl/anaconda3/lib/python3.6/site-packages/requests/packages/urllib3/connectionpool.py", line 382, in _make_request
    httplib_response = conn.getresponse()
  File "/home/studentyl/anaconda3/lib/python3.6/http/client.py", line 1331, in getresponse
    response.begin()
  File "/home/studentyl/anaconda3/lib/python3.6/http/client.py", line 297, in begin
    version, status, reason = self._read_status()
  File "/home/studentyl/anaconda3/lib/python3.6/http/client.py", line 266, in _read_status
    raise RemoteDisconnected("Remote end closed connection without"
http.client.RemoteDisconnected: Remote end closed connection without response

During handling of the above exception, another exception occurred:

Traceback (most recent call last):
  File "/home/studentyl/anaconda3/lib/python3.6/site-packages/requests/adapters.py", line 438, in send
    timeout=timeout
  File "/home/studentyl/anaconda3/lib/python3.6/site-packages/requests/packages/urllib3/connectionpool.py", line 649, in urlopen
    _stacktrace=sys.exc_info()[2])
  File "/home/studentyl/anaconda3/lib/python3.6/site-packages/requests/packages/urllib3/util/retry.py", line 357, in increment
    raise six.reraise(type(error), error, _stacktrace)
  File "/home/studentyl/anaconda3/lib/python3.6/site-packages/requests/packages/urllib3/packages/six.py", line 685, in reraise
    raise value.with_traceback(tb)
  File "/home/studentyl/anaconda3/lib/python3.6/site-packages/requests/packages/urllib3/connectionpool.py", line 600, in urlopen
    chunked=chunked)
  File "/home/studentyl/anaconda3/lib/python3.6/site-packages/requests/packages/urllib3/connectionpool.py", line 386, in _make_request
    six.raise_from(e, None)
  File "<string>", line 2, in raise_from
  File "/home/studentyl/anaconda3/lib/python3.6/site-packages/requests/packages/urllib3/connectionpool.py", line 382, in _make_request
    httplib_response = conn.getresponse()
  File "/home/studentyl/anaconda3/lib/python3.6/http/client.py", line 1331, in getresponse
    response.begin()
  File "/home/studentyl/anaconda3/lib/python3.6/http/client.py", line 297, in begin
    version, status, reason = self._read_status()
  File "/home/studentyl/anaconda3/lib/python3.6/http/client.py", line 266, in _read_status
    raise RemoteDisconnected("Remote end closed connection without"
requests.packages.urllib3.exceptions.ProtocolError: ('Connection aborted.', RemoteDisconnected('Remote end closed connection without response',))

During handling of the above exception, another exception occurred:

Traceback (most recent call last):
  File "./crawler.py", line 177, in <module>
    main(sys.argv[1:])
  File "./crawler.py", line 158, in main
    downloadForum(forumName, startPage, pages)
  File "./crawler.py", line 140, in downloadForum
    downloadPage(str(articleCount), forumName, pageNum, 'https://www.ptt.cc'+link)
  File "./crawler.py", line 82, in downloadPage
    pageText = getPageText(link)
  File "./crawler.py", line 13, in getPageText
    pageText=requests.get(link, cookies={'over18':'1'}).text
  File "/home/studentyl/anaconda3/lib/python3.6/site-packages/requests/api.py", line 72, in get
    return request('get', url, params=params, **kwargs)
  File "/home/studentyl/anaconda3/lib/python3.6/site-packages/requests/api.py", line 58, in request
    return session.request(method=method, url=url, **kwargs)
  File "/home/studentyl/anaconda3/lib/python3.6/site-packages/requests/sessions.py", line 518, in request
    resp = self.send(prep, **send_kwargs)
  File "/home/studentyl/anaconda3/lib/python3.6/site-packages/requests/sessions.py", line 639, in send
    r = adapter.send(request, **kwargs)
  File "/home/studentyl/anaconda3/lib/python3.6/site-packages/requests/adapters.py", line 488, in send
    raise ConnectionError(err, request=request)
requests.exceptions.ConnectionError: ('Connection aborted.', RemoteDisconnected('Remote end closed connection without response',))
