page 20660
/bbs/Gossiping/M.1495374183.A.413.html download to ptt/Gossiping/20660_0.txt, time: 8.770000
/bbs/Gossiping/M.1495374221.A.C5C.html download to ptt/Gossiping/20660_1.txt, time: 7.410000
/bbs/Gossiping/M.1495374222.A.F17.html download to ptt/Gossiping/20660_2.txt, time: 3.330000
/bbs/Gossiping/M.1495374239.A.7E5.html download to ptt/Gossiping/20660_3.txt, time: 4.130000
/bbs/Gossiping/M.1495374248.A.6F8.html download to ptt/Gossiping/20660_4.txt, time: 3.230000
/bbs/Gossiping/M.1495374318.A.9C0.html download to ptt/Gossiping/20660_5.txt, time: 4.670000
/bbs/Gossiping/M.1495374337.A.9D7.html download to ptt/Gossiping/20660_6.txt, time: 4.680000
/bbs/Gossiping/M.1495374340.A.003.html download to ptt/Gossiping/20660_7.txt, time: 7.090000
/bbs/Gossiping/M.1495374368.A.332.html download to ptt/Gossiping/20660_8.txt, time: 5.930000
/bbs/Gossiping/M.1495374369.A.02C.html download to ptt/Gossiping/20660_9.txt, time: 4.080000
/bbs/Gossiping/M.1495374375.A.CAA.html download to ptt/Gossiping/20660_10.txt, time: 4.740000
/bbs/Gossiping/M.1495374450.A.6DA.html download to ptt/Gossiping/20660_11.txt, time: 3.770000
/bbs/Gossiping/M.1495374473.A.35C.html download to ptt/Gossiping/20660_12.txt, time: 5.850000
/bbs/Gossiping/M.1495374478.A.1A8.html download to ptt/Gossiping/20660_13.txt, time: 3.640000
/bbs/Gossiping/M.1495374491.A.799.html download to ptt/Gossiping/20660_14.txt, time: 3.220000
/bbs/Gossiping/M.1495374493.A.64B.html download to ptt/Gossiping/20660_15.txt, time: 3.850000
/bbs/Gossiping/M.1495374503.A.50E.html download to ptt/Gossiping/20660_16.txt, time: 5.170000
/bbs/Gossiping/M.1495374524.A.637.html download to ptt/Gossiping/20660_17.txt, time: 6.000000
/bbs/Gossiping/M.1495374524.A.93A.html download to ptt/Gossiping/20660_18.txt, time: 3.690000
/bbs/Gossiping/M.1495374599.A.835.html download to ptt/Gossiping/20660_19.txt, time: 4.630000
page 20659
/bbs/Gossiping/M.1495373826.A.492.html download to ptt/Gossiping/20659_0.txt, time: 5.570000
/bbs/Gossiping/M.1495373855.A.CAC.html download to ptt/Gossiping/20659_1.txt, time: 3.980000
/bbs/Gossiping/M.1495373929.A.41F.html download to ptt/Gossiping/20659_2.txt, time: 3.950000
/bbs/Gossiping/M.1495373935.A.7F4.html download to ptt/Gossiping/20659_3.txt, time: 7.460000
/bbs/Gossiping/M.1495373943.A.0BB.html download to ptt/Gossiping/20659_4.txt, time: 6.360000
/bbs/Gossiping/M.1495373952.A.418.html download to ptt/Gossiping/20659_5.txt, time: 4.580000
/bbs/Gossiping/M.1495373953.A.377.html download to ptt/Gossiping/20659_6.txt, time: 5.890000
/bbs/Gossiping/M.1495373955.A.97D.html download to ptt/Gossiping/20659_7.txt, time: 3.830000
/bbs/Gossiping/M.1495373988.A.9FD.html download to ptt/Gossiping/20659_8.txt, time: 5.820000
/bbs/Gossiping/M.1495374070.A.566.html download to ptt/Gossiping/20659_9.txt, time: 5.200000
/bbs/Gossiping/M.1495374094.A.989.html download to ptt/Gossiping/20659_10.txt, time: 7.200000
/bbs/Gossiping/M.1495374104.A.A66.html download to ptt/Gossiping/20659_11.txt, time: 4.150000
/bbs/Gossiping/M.1495374111.A.6CE.html download to ptt/Gossiping/20659_12.txt, time: 4.900000
/bbs/Gossiping/M.1495374119.A.17B.html download to ptt/Gossiping/20659_13.txt, time: 4.580000
/bbs/Gossiping/M.1495374135.A.548.html download to ptt/Gossiping/20659_14.txt, time: 5.340000
/bbs/Gossiping/M.1495374136.A.F10.html download to ptt/Gossiping/20659_15.txt, time: 6.930000
/bbs/Gossiping/M.1495374151.A.E63.html download to ptt/Gossiping/20659_16.txt, time: 5.350000
/bbs/Gossiping/M.1495374157.A.4BB.html download to ptt/Gossiping/20659_17.txt, time: 4.720000
/bbs/Gossiping/M.1495374158.A.B8F.html download to ptt/Gossiping/20659_18.txt, time: 5.090000
/bbs/Gossiping/M.1495374162.A.6D6.html download to ptt/Gossiping/20659_19.txt, time: 5.680000
page 20658
/bbs/Gossiping/M.1495373434.A.FBA.html download to ptt/Gossiping/20658_0.txt, time: 6.100000
/bbs/Gossiping/M.1495373451.A.2B0.html download to ptt/Gossiping/20658_1.txt, time: 5.610000
/bbs/Gossiping/M.1495373455.A.618.html download to ptt/Gossiping/20658_2.txt, time: 5.020000
/bbs/Gossiping/M.1495373460.A.ABB.html download to ptt/Gossiping/20658_3.txt, time: 4.550000
/bbs/Gossiping/M.1495373463.A.E38.html download to ptt/Gossiping/20658_4.txt, time: 4.960000
/bbs/Gossiping/M.1495373504.A.1F8.html download to ptt/Gossiping/20658_5.txt, time: 3.490000
/bbs/Gossiping/M.1495373532.A.ED1.html download to ptt/Gossiping/20658_6.txt, time: 6.750000
/bbs/Gossiping/M.1495373533.A.912.html download to ptt/Gossiping/20658_7.txt, time: 15.930000
/bbs/Gossiping/M.1495373538.A.AB4.html download to ptt/Gossiping/20658_8.txt, time: 6.750000
/bbs/Gossiping/M.1495373614.A.BB4.html download to ptt/Gossiping/20658_9.txt, time: 6.410000
/bbs/Gossiping/M.1495373652.A.AA7.html download to ptt/Gossiping/20658_10.txt, time: 4.300000
/bbs/Gossiping/M.1495373653.A.C36.html download to ptt/Gossiping/20658_11.txt, time: 6.750000
/bbs/Gossiping/M.1495373673.A.31F.html download to ptt/Gossiping/20658_12.txt, time: 6.250000
/bbs/Gossiping/M.1495373677.A.CE3.html download to ptt/Gossiping/20658_13.txt, time: 5.580000
/bbs/Gossiping/M.1495373703.A.F37.html download to ptt/Gossiping/20658_14.txt, time: 4.750000
/bbs/Gossiping/M.1495373724.A.B07.html download to ptt/Gossiping/20658_15.txt, time: 3.200000
/bbs/Gossiping/M.1495373748.A.5AE.html download to ptt/Gossiping/20658_16.txt, time: 4.930000
/bbs/Gossiping/M.1495373773.A.9E1.html download to ptt/Gossiping/20658_17.txt, time: 3.740000
/bbs/Gossiping/M.1495373812.A.802.html download to ptt/Gossiping/20658_18.txt, time: 3.880000
/bbs/Gossiping/M.1495373821.A.912.html download to ptt/Gossiping/20658_19.txt, time: 3.320000
page 20657
/bbs/Gossiping/M.1495373009.A.14D.html download to ptt/Gossiping/20657_0.txt, time: 3.040000
/bbs/Gossiping/M.1495373053.A.9EE.html download to ptt/Gossiping/20657_1.txt, time: 4.370000
/bbs/Gossiping/M.1495373072.A.1A2.html download to ptt/Gossiping/20657_2.txt, time: 4.290000
/bbs/Gossiping/M.1495373102.A.AC1.html download to ptt/Gossiping/20657_3.txt, time: 3.430000
/bbs/Gossiping/M.1495373116.A.09F.html download to ptt/Gossiping/20657_4.txt, time: 3.080000
/bbs/Gossiping/M.1495373136.A.E2A.html download to ptt/Gossiping/20657_5.txt, time: 5.090000
/bbs/Gossiping/M.1495373173.A.A2C.html download to ptt/Gossiping/20657_6.txt, time: 3.320000
/bbs/Gossiping/M.1495373174.A.FCD.html download to ptt/Gossiping/20657_7.txt, time: 4.860000
/bbs/Gossiping/M.1495373211.A.3EB.html download to ptt/Gossiping/20657_8.txt, time: 3.580000
/bbs/Gossiping/M.1495373222.A.6CE.html download to ptt/Gossiping/20657_9.txt, time: 3.970000
/bbs/Gossiping/M.1495373260.A.7A5.html download to ptt/Gossiping/20657_10.txt, time: 3.060000
/bbs/Gossiping/M.1495373292.A.F09.html download to ptt/Gossiping/20657_11.txt, time: 3.400000
/bbs/Gossiping/M.1495373302.A.CAD.html download to ptt/Gossiping/20657_12.txt, time: 3.190000
/bbs/Gossiping/M.1495373311.A.3EC.html download to ptt/Gossiping/20657_13.txt, time: 3.400000
/bbs/Gossiping/M.1495373318.A.E5A.html download to ptt/Gossiping/20657_14.txt, time: 3.760000
/bbs/Gossiping/M.1495373332.A.C3A.html download to ptt/Gossiping/20657_15.txt, time: 2.900000
/bbs/Gossiping/M.1495373341.A.302.html download to ptt/Gossiping/20657_16.txt, time: 2.930000
/bbs/Gossiping/M.1495373364.A.64B.html download to ptt/Gossiping/20657_17.txt, time: 8.630000
/bbs/Gossiping/M.1495373418.A.81E.html download to ptt/Gossiping/20657_18.txt, time: 4.110000
/bbs/Gossiping/M.1495373429.A.564.html download to ptt/Gossiping/20657_19.txt, time: 4.480000
page 20656
/bbs/Gossiping/M.1495372453.A.426.html download to ptt/Gossiping/20656_0.txt, time: 4.580000
empty download to ptt/Gossiping/20656_1.txt, time: 0.000000
/bbs/Gossiping/M.1495372513.A.906.html download to ptt/Gossiping/20656_2.txt, time: 4.720000
/bbs/Gossiping/M.1495372521.A.C30.html download to ptt/Gossiping/20656_3.txt, time: 4.350000
/bbs/Gossiping/M.1495372555.A.29F.html download to ptt/Gossiping/20656_4.txt, time: 5.420000
/bbs/Gossiping/M.1495372561.A.BB3.html download to ptt/Gossiping/20656_5.txt, time: 4.500000
/bbs/Gossiping/M.1495372568.A.0EE.html download to ptt/Gossiping/20656_6.txt, time: 4.510000
/bbs/Gossiping/M.1495372570.A.280.html download to ptt/Gossiping/20656_7.txt, time: 5.120000
/bbs/Gossiping/M.1495372661.A.7AF.html download to ptt/Gossiping/20656_8.txt, time: 4.860000
/bbs/Gossiping/M.1495372664.A.DBE.html download to ptt/Gossiping/20656_9.txt, time: 5.120000
/bbs/Gossiping/M.1495372704.A.AE0.html download to ptt/Gossiping/20656_10.txt, time: 4.000000
/bbs/Gossiping/M.1495372707.A.69E.html download to ptt/Gossiping/20656_11.txt, time: 5.640000
/bbs/Gossiping/M.1495372727.A.0A0.html download to ptt/Gossiping/20656_12.txt, time: 3.290000
/bbs/Gossiping/M.1495372734.A.317.html download to ptt/Gossiping/20656_13.txt, time: 3.340000
/bbs/Gossiping/M.1495372829.A.2FE.html download to ptt/Gossiping/20656_14.txt, time: 2.730000
/bbs/Gossiping/M.1495372846.A.501.html download to ptt/Gossiping/20656_15.txt, time: 3.200000
/bbs/Gossiping/M.1495372856.A.A82.html download to ptt/Gossiping/20656_16.txt, time: 2.590000
/bbs/Gossiping/M.1495372899.A.36D.html download to ptt/Gossiping/20656_17.txt, time: 2.770000
/bbs/Gossiping/M.1495372934.A.783.html download to ptt/Gossiping/20656_18.txt, time: 4.400000
/bbs/Gossiping/M.1495372987.A.86F.html download to ptt/Gossiping/20656_19.txt, time: 2.790000
time: 524.9654932022095 seconds
