page 20680
/bbs/Gossiping/M.1495383114.A.071.html download to ptt/Gossiping/20680_0.txt, time: 5.080000
/bbs/Gossiping/M.1495383126.A.3D0.html download to ptt/Gossiping/20680_1.txt, time: 4.920000
/bbs/Gossiping/M.1495383148.A.278.html download to ptt/Gossiping/20680_2.txt, time: 9.100000
/bbs/Gossiping/M.1495383217.A.A3F.html download to ptt/Gossiping/20680_3.txt, time: 3.970000
/bbs/Gossiping/M.1495383224.A.BFB.html download to ptt/Gossiping/20680_4.txt, time: 6.800000
/bbs/Gossiping/M.1495383226.A.4C9.html download to ptt/Gossiping/20680_5.txt, time: 5.180000
/bbs/Gossiping/M.1495383233.A.D27.html download to ptt/Gossiping/20680_6.txt, time: 5.260000
/bbs/Gossiping/M.1495383238.A.4EC.html download to ptt/Gossiping/20680_7.txt, time: 6.680000
/bbs/Gossiping/M.1495383306.A.3FB.html download to ptt/Gossiping/20680_8.txt, time: 6.080000
/bbs/Gossiping/M.1495383331.A.28D.html download to ptt/Gossiping/20680_9.txt, time: 5.160000
/bbs/Gossiping/M.1495383352.A.5CB.html download to ptt/Gossiping/20680_10.txt, time: 5.410000
/bbs/Gossiping/M.1495383360.A.A49.html download to ptt/Gossiping/20680_11.txt, time: 4.260000
/bbs/Gossiping/M.1495383371.A.6A2.html download to ptt/Gossiping/20680_12.txt, time: 3.380000
/bbs/Gossiping/M.1495383376.A.1D4.html download to ptt/Gossiping/20680_13.txt, time: 5.010000
/bbs/Gossiping/M.1495383384.A.4A7.html download to ptt/Gossiping/20680_14.txt, time: 7.020000
/bbs/Gossiping/M.1495383385.A.D02.html download to ptt/Gossiping/20680_15.txt, time: 5.560000
/bbs/Gossiping/M.1495383418.A.049.html download to ptt/Gossiping/20680_16.txt, time: 4.390000
/bbs/Gossiping/M.1495383429.A.09F.html download to ptt/Gossiping/20680_17.txt, time: 3.640000
/bbs/Gossiping/M.1495383520.A.F90.html download to ptt/Gossiping/20680_18.txt, time: 5.550000
/bbs/Gossiping/M.1495383520.A.1AD.html download to ptt/Gossiping/20680_19.txt, time: 5.750000
page 20679
/bbs/Gossiping/M.1495382628.A.B99.html download to ptt/Gossiping/20679_0.txt, time: 4.650000
/bbs/Gossiping/M.1495382729.A.E3F.html download to ptt/Gossiping/20679_1.txt, time: 4.680000
/bbs/Gossiping/M.1495382747.A.F39.html download to ptt/Gossiping/20679_2.txt, time: 4.430000
/bbs/Gossiping/M.1495382764.A.BD5.html download to ptt/Gossiping/20679_3.txt, time: 3.990000
/bbs/Gossiping/M.1495382797.A.FA7.html download to ptt/Gossiping/20679_4.txt, time: 4.750000
/bbs/Gossiping/M.1495382802.A.1F3.html download to ptt/Gossiping/20679_5.txt, time: 5.460000
/bbs/Gossiping/M.1495382827.A.E21.html download to ptt/Gossiping/20679_6.txt, time: 4.230000
/bbs/Gossiping/M.1495382847.A.55A.html download to ptt/Gossiping/20679_7.txt, time: 5.860000
/bbs/Gossiping/M.1495382889.A.60D.html download to ptt/Gossiping/20679_8.txt, time: 5.520000
/bbs/Gossiping/M.1495382898.A.DAC.html download to ptt/Gossiping/20679_9.txt, time: 3.710000
/bbs/Gossiping/M.1495382941.A.DF3.html download to ptt/Gossiping/20679_10.txt, time: 5.310000
/bbs/Gossiping/M.1495382942.A.307.html download to ptt/Gossiping/20679_11.txt, time: 5.770000
/bbs/Gossiping/M.1495382995.A.01A.html download to ptt/Gossiping/20679_12.txt, time: 6.430000
/bbs/Gossiping/M.1495383025.A.75F.html download to ptt/Gossiping/20679_13.txt, time: 5.740000
/bbs/Gossiping/M.1495383029.A.5D2.html download to ptt/Gossiping/20679_14.txt, time: 6.880000
/bbs/Gossiping/M.1495383059.A.2DA.html download to ptt/Gossiping/20679_15.txt, time: 7.730000
/bbs/Gossiping/M.1495383066.A.CA6.html download to ptt/Gossiping/20679_16.txt, time: 5.080000
/bbs/Gossiping/M.1495383074.A.4DE.html download to ptt/Gossiping/20679_17.txt, time: 8.890000
/bbs/Gossiping/M.1495383080.A.BF1.html download to ptt/Gossiping/20679_18.txt, time: 10.680000
/bbs/Gossiping/M.1495383098.A.953.html download to ptt/Gossiping/20679_19.txt, time: 9.240000
page 20678
/bbs/Gossiping/M.1495382300.A.FB6.html download to ptt/Gossiping/20678_0.txt, time: 5.000000
/bbs/Gossiping/M.1495382316.A.86A.html download to ptt/Gossiping/20678_1.txt, time: 7.640000
/bbs/Gossiping/M.1495382321.A.046.html download to ptt/Gossiping/20678_2.txt, time: 6.100000
/bbs/Gossiping/M.1495382345.A.C2A.html download to ptt/Gossiping/20678_3.txt, time: 9.850000
/bbs/Gossiping/M.1495382361.A.F15.html download to ptt/Gossiping/20678_4.txt, time: 5.000000
/bbs/Gossiping/M.1495382361.A.276.html download to ptt/Gossiping/20678_5.txt, time: 5.000000
/bbs/Gossiping/M.1495382362.A.4EB.html download to ptt/Gossiping/20678_6.txt, time: 6.120000
/bbs/Gossiping/M.1495382362.A.EEB.html download to ptt/Gossiping/20678_7.txt, time: 3.470000
/bbs/Gossiping/M.1495382371.A.C36.html download to ptt/Gossiping/20678_8.txt, time: 5.550000
/bbs/Gossiping/M.1495382397.A.580.html download to ptt/Gossiping/20678_9.txt, time: 4.380000
/bbs/Gossiping/M.1495382408.A.F51.html download to ptt/Gossiping/20678_10.txt, time: 4.470000
/bbs/Gossiping/M.1495382417.A.B92.html download to ptt/Gossiping/20678_11.txt, time: 4.150000
/bbs/Gossiping/M.1495382419.A.150.html download to ptt/Gossiping/20678_12.txt, time: 3.580000
/bbs/Gossiping/M.1495382435.A.8C3.html download to ptt/Gossiping/20678_13.txt, time: 3.950000
/bbs/Gossiping/M.1495382435.A.A39.html download to ptt/Gossiping/20678_14.txt, time: 3.740000
/bbs/Gossiping/M.1495382438.A.DAC.html download to ptt/Gossiping/20678_15.txt, time: 3.150000
/bbs/Gossiping/M.1495382445.A.A8F.html download to ptt/Gossiping/20678_16.txt, time: 3.670000
/bbs/Gossiping/M.1495382512.A.6BA.html download to ptt/Gossiping/20678_17.txt, time: 4.480000
/bbs/Gossiping/M.1495382607.A.81B.html download to ptt/Gossiping/20678_18.txt, time: 4.560000
/bbs/Gossiping/M.1495382616.A.EB3.html download to ptt/Gossiping/20678_19.txt, time: 4.250000
page 20677
/bbs/Gossiping/M.1495382000.A.3FC.html download to ptt/Gossiping/20677_0.txt, time: 4.210000
/bbs/Gossiping/M.1495382044.A.661.html download to ptt/Gossiping/20677_1.txt, time: 3.280000
/bbs/Gossiping/M.1495382066.A.31C.html download to ptt/Gossiping/20677_2.txt, time: 4.710000
/bbs/Gossiping/M.1495382067.A.1F7.html download to ptt/Gossiping/20677_3.txt, time: 2.980000
/bbs/Gossiping/M.1495382111.A.8E4.html download to ptt/Gossiping/20677_4.txt, time: 4.650000
/bbs/Gossiping/M.1495382128.A.758.html download to ptt/Gossiping/20677_5.txt, time: 5.990000
/bbs/Gossiping/M.1495382129.A.5C4.html download to ptt/Gossiping/20677_6.txt, time: 4.320000
/bbs/Gossiping/M.1495382156.A.296.html download to ptt/Gossiping/20677_7.txt, time: 3.210000
/bbs/Gossiping/M.1495382184.A.925.html download to ptt/Gossiping/20677_8.txt, time: 3.990000
/bbs/Gossiping/M.1495382187.A.164.html download to ptt/Gossiping/20677_9.txt, time: 2.640000
/bbs/Gossiping/M.1495382194.A.CA0.html download to ptt/Gossiping/20677_10.txt, time: 4.920000
/bbs/Gossiping/M.1495382208.A.347.html download to ptt/Gossiping/20677_11.txt, time: 3.100000
/bbs/Gossiping/M.1495382208.A.590.html download to ptt/Gossiping/20677_12.txt, time: 5.630000
/bbs/Gossiping/M.1495382213.A.5B2.html download to ptt/Gossiping/20677_13.txt, time: 7.170000
/bbs/Gossiping/M.1495382245.A.042.html download to ptt/Gossiping/20677_14.txt, time: 3.680000
/bbs/Gossiping/M.1495382255.A.9C7.html download to ptt/Gossiping/20677_15.txt, time: 5.690000
/bbs/Gossiping/M.1495382258.A.F3C.html download to ptt/Gossiping/20677_16.txt, time: 4.980000
/bbs/Gossiping/M.1495382260.A.729.html download to ptt/Gossiping/20677_17.txt, time: 3.610000
/bbs/Gossiping/M.1495382281.A.E1C.html download to ptt/Gossiping/20677_18.txt, time: 3.030000
/bbs/Gossiping/M.1495382296.A.140.html download to ptt/Gossiping/20677_19.txt, time: 4.620000
page 20676
/bbs/Gossiping/M.1495381403.A.58E.html download to ptt/Gossiping/20676_0.txt, time: 4.400000
/bbs/Gossiping/M.1495381438.A.E0A.html download to ptt/Gossiping/20676_1.txt, time: 3.000000
/bbs/Gossiping/M.1495381485.A.972.html download to ptt/Gossiping/20676_2.txt, time: 3.040000
/bbs/Gossiping/M.1495381497.A.81F.html download to ptt/Gossiping/20676_3.txt, time: 3.090000
/bbs/Gossiping/M.1495381513.A.13E.html download to ptt/Gossiping/20676_4.txt, time: 4.420000
/bbs/Gossiping/M.1495381539.A.D70.html download to ptt/Gossiping/20676_5.txt, time: 3.710000
/bbs/Gossiping/M.1495381567.A.148.html download to ptt/Gossiping/20676_6.txt, time: 3.510000
/bbs/Gossiping/M.1495381601.A.4D6.html download to ptt/Gossiping/20676_7.txt, time: 2.850000
/bbs/Gossiping/M.1495381640.A.49B.html download to ptt/Gossiping/20676_8.txt, time: 5.120000
/bbs/Gossiping/M.1495381656.A.482.html download to ptt/Gossiping/20676_9.txt, time: 3.870000
/bbs/Gossiping/M.1495381694.A.2C9.html download to ptt/Gossiping/20676_10.txt, time: 3.220000
/bbs/Gossiping/M.1495381741.A.5D1.html download to ptt/Gossiping/20676_11.txt, time: 3.150000
/bbs/Gossiping/M.1495381776.A.967.html download to ptt/Gossiping/20676_12.txt, time: 3.440000
/bbs/Gossiping/M.1495381811.A.0E7.html download to ptt/Gossiping/20676_13.txt, time: 3.040000
/bbs/Gossiping/M.1495381820.A.DB0.html download to ptt/Gossiping/20676_14.txt, time: 8.740000
/bbs/Gossiping/M.1495381836.A.D6C.html download to ptt/Gossiping/20676_15.txt, time: 3.700000
/bbs/Gossiping/M.1495381863.A.D38.html download to ptt/Gossiping/20676_16.txt, time: 1.830000
/bbs/Gossiping/M.1495381872.A.E40.html download to ptt/Gossiping/20676_17.txt, time: 2.020000
/bbs/Gossiping/M.1495381915.A.735.html download to ptt/Gossiping/20676_18.txt, time: 3.250000
/bbs/Gossiping/M.1495381935.A.A98.html download to ptt/Gossiping/20676_19.txt, time: 1.620000
time: 547.0898189544678 seconds
