page 20690
/bbs/Gossiping/M.1495388345.A.6CD.html download to ptt/Gossiping/20690_0.txt, time: 6.830000
/bbs/Gossiping/M.1495388389.A.FFD.html download to ptt/Gossiping/20690_1.txt, time: 9.960000
/bbs/Gossiping/M.1495388436.A.CF9.html download to ptt/Gossiping/20690_2.txt, time: 4.560000
/bbs/Gossiping/M.1495388443.A.F01.html download to ptt/Gossiping/20690_3.txt, time: 3.260000
/bbs/Gossiping/M.1495388457.A.312.html download to ptt/Gossiping/20690_4.txt, time: 4.810000
/bbs/Gossiping/M.1495388465.A.0FE.html download to ptt/Gossiping/20690_5.txt, time: 4.190000
/bbs/Gossiping/M.1495388570.A.25B.html download to ptt/Gossiping/20690_6.txt, time: 4.100000
/bbs/Gossiping/M.1495388595.A.92E.html download to ptt/Gossiping/20690_7.txt, time: 5.360000
/bbs/Gossiping/M.1495388601.A.1F1.html download to ptt/Gossiping/20690_8.txt, time: 8.340000
/bbs/Gossiping/M.1495388646.A.414.html download to ptt/Gossiping/20690_9.txt, time: 6.090000
/bbs/Gossiping/M.1495388667.A.D8D.html download to ptt/Gossiping/20690_10.txt, time: 5.550000
/bbs/Gossiping/M.1495388726.A.8F0.html download to ptt/Gossiping/20690_11.txt, time: 5.500000
/bbs/Gossiping/M.1495388753.A.FD3.html download to ptt/Gossiping/20690_12.txt, time: 2.790000
/bbs/Gossiping/M.1495388762.A.487.html download to ptt/Gossiping/20690_13.txt, time: 5.030000
/bbs/Gossiping/M.1495388782.A.DE7.html download to ptt/Gossiping/20690_14.txt, time: 4.000000
/bbs/Gossiping/M.1495388923.A.3CA.html download to ptt/Gossiping/20690_15.txt, time: 3.710000
/bbs/Gossiping/M.1495388947.A.CA8.html download to ptt/Gossiping/20690_16.txt, time: 5.100000
/bbs/Gossiping/M.1495388991.A.BC0.html download to ptt/Gossiping/20690_17.txt, time: 5.390000
/bbs/Gossiping/M.1495389009.A.F3A.html download to ptt/Gossiping/20690_18.txt, time: 5.520000
/bbs/Gossiping/M.1495389092.A.2BB.html download to ptt/Gossiping/20690_19.txt, time: 4.190000
page 20689
/bbs/Gossiping/M.1495387625.A.2BF.html download to ptt/Gossiping/20689_0.txt, time: 4.630000
/bbs/Gossiping/M.1495387642.A.4AD.html download to ptt/Gossiping/20689_1.txt, time: 3.650000
/bbs/Gossiping/M.1495387654.A.888.html download to ptt/Gossiping/20689_2.txt, time: 3.830000
/bbs/Gossiping/M.1495387711.A.46B.html download to ptt/Gossiping/20689_3.txt, time: 6.210000
/bbs/Gossiping/M.1495387726.A.41B.html download to ptt/Gossiping/20689_4.txt, time: 5.910000
/bbs/Gossiping/M.1495387842.A.42A.html download to ptt/Gossiping/20689_5.txt, time: 4.940000
/bbs/Gossiping/M.1495388020.A.A05.html download to ptt/Gossiping/20689_6.txt, time: 4.970000
/bbs/Gossiping/M.1495388022.A.FE5.html download to ptt/Gossiping/20689_7.txt, time: 5.480000
/bbs/Gossiping/M.1495388072.A.510.html download to ptt/Gossiping/20689_8.txt, time: 5.490000
/bbs/Gossiping/M.1495388113.A.FFB.html download to ptt/Gossiping/20689_9.txt, time: 5.800000
/bbs/Gossiping/M.1495388124.A.3F6.html download to ptt/Gossiping/20689_10.txt, time: 5.100000
/bbs/Gossiping/M.1495388139.A.8C3.html download to ptt/Gossiping/20689_11.txt, time: 4.010000
/bbs/Gossiping/M.1495388153.A.DDC.html download to ptt/Gossiping/20689_12.txt, time: 4.900000
/bbs/Gossiping/M.1495388186.A.8D9.html download to ptt/Gossiping/20689_13.txt, time: 5.720000
/bbs/Gossiping/M.1495388244.A.8D3.html download to ptt/Gossiping/20689_14.txt, time: 6.070000
/bbs/Gossiping/M.1495388260.A.4E7.html download to ptt/Gossiping/20689_15.txt, time: 6.980000
/bbs/Gossiping/M.1495388275.A.5CD.html download to ptt/Gossiping/20689_16.txt, time: 6.730000
/bbs/Gossiping/M.1495388306.A.ED2.html download to ptt/Gossiping/20689_17.txt, time: 8.370000
/bbs/Gossiping/M.1495388315.A.FD1.html download to ptt/Gossiping/20689_18.txt, time: 5.420000
/bbs/Gossiping/M.1495388325.A.7D0.html download to ptt/Gossiping/20689_19.txt, time: 5.810000
page 20688
/bbs/Gossiping/M.1495387229.A.BE5.html download to ptt/Gossiping/20688_0.txt, time: 4.250000
/bbs/Gossiping/M.1495387267.A.7CB.html download to ptt/Gossiping/20688_1.txt, time: 8.230000
/bbs/Gossiping/M.1495387279.A.45A.html download to ptt/Gossiping/20688_2.txt, time: 5.110000
/bbs/Gossiping/M.1495387310.A.59A.html download to ptt/Gossiping/20688_3.txt, time: 5.120000
/bbs/Gossiping/M.1495387314.A.CE9.html download to ptt/Gossiping/20688_4.txt, time: 5.340000
/bbs/Gossiping/M.1495387350.A.AFD.html download to ptt/Gossiping/20688_5.txt, time: 5.830000
/bbs/Gossiping/M.1495387352.A.298.html download to ptt/Gossiping/20688_6.txt, time: 3.660000
/bbs/Gossiping/M.1495387382.A.30D.html download to ptt/Gossiping/20688_7.txt, time: 5.520000
/bbs/Gossiping/M.1495387404.A.6D4.html download to ptt/Gossiping/20688_8.txt, time: 5.820000
/bbs/Gossiping/M.1495387443.A.65F.html download to ptt/Gossiping/20688_9.txt, time: 4.370000
/bbs/Gossiping/M.1495387481.A.AF9.html download to ptt/Gossiping/20688_10.txt, time: 6.660000
/bbs/Gossiping/M.1495387495.A.573.html download to ptt/Gossiping/20688_11.txt, time: 11.380000
/bbs/Gossiping/M.1495387522.A.4FE.html download to ptt/Gossiping/20688_12.txt, time: 5.530000
/bbs/Gossiping/M.1495387524.A.681.html download to ptt/Gossiping/20688_13.txt, time: 6.170000
/bbs/Gossiping/M.1495387560.A.A7D.html download to ptt/Gossiping/20688_14.txt, time: 3.400000
/bbs/Gossiping/M.1495387583.A.1B6.html download to ptt/Gossiping/20688_15.txt, time: 4.990000
/bbs/Gossiping/M.1495387586.A.E89.html download to ptt/Gossiping/20688_16.txt, time: 4.250000
/bbs/Gossiping/M.1495387588.A.84C.html download to ptt/Gossiping/20688_17.txt, time: 4.550000
/bbs/Gossiping/M.1495387588.A.08D.html download to ptt/Gossiping/20688_18.txt, time: 5.020000
/bbs/Gossiping/M.1495387614.A.7AF.html download to ptt/Gossiping/20688_19.txt, time: 5.070000
page 20687
/bbs/Gossiping/M.1495386613.A.B3B.html download to ptt/Gossiping/20687_0.txt, time: 4.450000
/bbs/Gossiping/M.1495386624.A.0A9.html download to ptt/Gossiping/20687_1.txt, time: 4.060000
/bbs/Gossiping/M.1495386642.A.417.html download to ptt/Gossiping/20687_2.txt, time: 5.920000
/bbs/Gossiping/M.1495386715.A.CAF.html download to ptt/Gossiping/20687_3.txt, time: 4.090000
/bbs/Gossiping/M.1495386719.A.076.html download to ptt/Gossiping/20687_4.txt, time: 4.970000
/bbs/Gossiping/M.1495386746.A.774.html download to ptt/Gossiping/20687_5.txt, time: 4.250000
/bbs/Gossiping/M.1495386791.A.9AB.html download to ptt/Gossiping/20687_6.txt, time: 5.460000
/bbs/Gossiping/M.1495386818.A.D1F.html download to ptt/Gossiping/20687_7.txt, time: 4.060000
/bbs/Gossiping/M.1495386823.A.B9F.html download to ptt/Gossiping/20687_8.txt, time: 3.570000
/bbs/Gossiping/M.1495386853.A.526.html download to ptt/Gossiping/20687_9.txt, time: 3.640000
/bbs/Gossiping/M.1495386964.A.BE6.html download to ptt/Gossiping/20687_10.txt, time: 3.860000
/bbs/Gossiping/M.1495386982.A.112.html download to ptt/Gossiping/20687_11.txt, time: 7.640000
/bbs/Gossiping/M.1495387011.A.AAC.html download to ptt/Gossiping/20687_12.txt, time: 5.300000
/bbs/Gossiping/M.1495387023.A.4C6.html download to ptt/Gossiping/20687_13.txt, time: 3.990000
/bbs/Gossiping/M.1495387031.A.090.html download to ptt/Gossiping/20687_14.txt, time: 2.940000
/bbs/Gossiping/M.1495387051.A.374.html download to ptt/Gossiping/20687_15.txt, time: 3.310000
/bbs/Gossiping/M.1495387052.A.5FE.html download to ptt/Gossiping/20687_16.txt, time: 3.410000
/bbs/Gossiping/M.1495387092.A.D71.html download to ptt/Gossiping/20687_17.txt, time: 3.340000
/bbs/Gossiping/M.1495387158.A.12D.html download to ptt/Gossiping/20687_18.txt, time: 3.480000
/bbs/Gossiping/M.1495387173.A.6C7.html download to ptt/Gossiping/20687_19.txt, time: 3.490000
page 20686
/bbs/Gossiping/M.1495385933.A.593.html download to ptt/Gossiping/20686_0.txt, time: 6.620000
/bbs/Gossiping/M.1495385937.A.E37.html download to ptt/Gossiping/20686_1.txt, time: 3.570000
/bbs/Gossiping/M.1495386000.A.081.html download to ptt/Gossiping/20686_2.txt, time: 3.440000
/bbs/Gossiping/M.1495386000.A.574.html download to ptt/Gossiping/20686_3.txt, time: 3.190000
/bbs/Gossiping/M.1495386070.A.878.html download to ptt/Gossiping/20686_4.txt, time: 4.930000
/bbs/Gossiping/M.1495386080.A.9AF.html download to ptt/Gossiping/20686_5.txt, time: 2.950000
/bbs/Gossiping/M.1495386088.A.2C6.html download to ptt/Gossiping/20686_6.txt, time: 2.090000
/bbs/Gossiping/M.1495386089.A.AEF.html download to ptt/Gossiping/20686_7.txt, time: 4.300000
/bbs/Gossiping/M.1495386089.A.25F.html download to ptt/Gossiping/20686_8.txt, time: 4.290000
/bbs/Gossiping/M.1495386123.A.266.html download to ptt/Gossiping/20686_9.txt, time: 2.880000
/bbs/Gossiping/M.1495386163.A.722.html download to ptt/Gossiping/20686_10.txt, time: 2.750000
/bbs/Gossiping/M.1495386284.A.C95.html download to ptt/Gossiping/20686_11.txt, time: 2.620000
/bbs/Gossiping/M.1495386380.A.EFA.html download to ptt/Gossiping/20686_12.txt, time: 4.640000
/bbs/Gossiping/M.1495386420.A.051.html download to ptt/Gossiping/20686_13.txt, time: 3.100000
/bbs/Gossiping/M.1495386453.A.293.html download to ptt/Gossiping/20686_14.txt, time: 4.210000
/bbs/Gossiping/M.1495386459.A.B96.html download to ptt/Gossiping/20686_15.txt, time: 3.530000
/bbs/Gossiping/M.1495386490.A.C37.html download to ptt/Gossiping/20686_16.txt, time: 2.280000
/bbs/Gossiping/M.1495386490.A.DB9.html download to ptt/Gossiping/20686_17.txt, time: 2.250000
/bbs/Gossiping/M.1495386602.A.EEF.html download to ptt/Gossiping/20686_18.txt, time: 1.750000
/bbs/Gossiping/M.1495386610.A.CEA.html download to ptt/Gossiping/20686_19.txt, time: 1.520000
time: 539.2129466533661 seconds
