page 20700
/bbs/Gossiping/M.1495409281.A.CC4.html download to ptt/Gossiping/20700_0.txt, time: 4.930000
/bbs/Gossiping/M.1495409363.A.A59.html download to ptt/Gossiping/20700_1.txt, time: 7.870000
/bbs/Gossiping/M.1495409597.A.6B9.html download to ptt/Gossiping/20700_2.txt, time: 5.090000
/bbs/Gossiping/M.1495409696.A.83A.html download to ptt/Gossiping/20700_3.txt, time: 3.630000
/bbs/Gossiping/M.1495409914.A.E64.html download to ptt/Gossiping/20700_4.txt, time: 3.720000
/bbs/Gossiping/M.1495410084.A.D2F.html download to ptt/Gossiping/20700_5.txt, time: 3.980000
/bbs/Gossiping/M.1495410102.A.A4E.html download to ptt/Gossiping/20700_6.txt, time: 4.900000
/bbs/Gossiping/M.1495410126.A.336.html download to ptt/Gossiping/20700_7.txt, time: 3.890000
/bbs/Gossiping/M.1495410140.A.83D.html download to ptt/Gossiping/20700_8.txt, time: 6.780000
/bbs/Gossiping/M.1495410377.A.74D.html download to ptt/Gossiping/20700_9.txt, time: 6.380000
/bbs/Gossiping/M.1495410430.A.A8F.html download to ptt/Gossiping/20700_10.txt, time: 4.050000
/bbs/Gossiping/M.1495410451.A.F08.html download to ptt/Gossiping/20700_11.txt, time: 5.320000
/bbs/Gossiping/M.1495410634.A.74F.html download to ptt/Gossiping/20700_12.txt, time: 3.520000
/bbs/Gossiping/M.1495410756.A.3B9.html download to ptt/Gossiping/20700_13.txt, time: 3.330000
/bbs/Gossiping/M.1495410921.A.461.html download to ptt/Gossiping/20700_14.txt, time: 4.540000
/bbs/Gossiping/M.1495410940.A.733.html download to ptt/Gossiping/20700_15.txt, time: 3.660000
/bbs/Gossiping/M.1495410972.A.8AC.html download to ptt/Gossiping/20700_16.txt, time: 3.560000
/bbs/Gossiping/M.1495410975.A.A36.html download to ptt/Gossiping/20700_17.txt, time: 4.020000
/bbs/Gossiping/M.1495410978.A.044.html download to ptt/Gossiping/20700_18.txt, time: 4.250000
/bbs/Gossiping/M.1495411007.A.1E0.html download to ptt/Gossiping/20700_19.txt, time: 3.510000
page 20699
/bbs/Gossiping/M.1495407217.A.E7F.html download to ptt/Gossiping/20699_0.txt, time: 5.880000
/bbs/Gossiping/M.1495407623.A.536.html download to ptt/Gossiping/20699_1.txt, time: 6.770000
/bbs/Gossiping/M.1495407712.A.987.html download to ptt/Gossiping/20699_2.txt, time: 4.000000
/bbs/Gossiping/M.1495407718.A.0BE.html download to ptt/Gossiping/20699_3.txt, time: 5.100000
/bbs/Gossiping/M.1495408230.A.D9F.html download to ptt/Gossiping/20699_4.txt, time: 4.170000
/bbs/Gossiping/M.1495408277.A.E48.html download to ptt/Gossiping/20699_5.txt, time: 6.690000
/bbs/Gossiping/M.1495408283.A.E80.html download to ptt/Gossiping/20699_6.txt, time: 4.280000
/bbs/Gossiping/M.1495408286.A.7C3.html download to ptt/Gossiping/20699_7.txt, time: 5.340000
/bbs/Gossiping/M.1495408494.A.61F.html download to ptt/Gossiping/20699_8.txt, time: 3.610000
/bbs/Gossiping/M.1495408549.A.BB6.html download to ptt/Gossiping/20699_9.txt, time: 5.440000
/bbs/Gossiping/M.1495408583.A.1CE.html download to ptt/Gossiping/20699_10.txt, time: 3.560000
/bbs/Gossiping/M.1495408708.A.312.html download to ptt/Gossiping/20699_11.txt, time: 4.680000
/bbs/Gossiping/M.1495408831.A.EB4.html download to ptt/Gossiping/20699_12.txt, time: 5.460000
/bbs/Gossiping/M.1495408918.A.ADD.html download to ptt/Gossiping/20699_13.txt, time: 3.570000
/bbs/Gossiping/M.1495409034.A.770.html download to ptt/Gossiping/20699_14.txt, time: 5.040000
/bbs/Gossiping/M.1495409093.A.C30.html download to ptt/Gossiping/20699_15.txt, time: 4.560000
/bbs/Gossiping/M.1495409131.A.DAA.html download to ptt/Gossiping/20699_16.txt, time: 4.900000
/bbs/Gossiping/M.1495409156.A.920.html download to ptt/Gossiping/20699_17.txt, time: 7.430000
/bbs/Gossiping/M.1495409230.A.B5F.html download to ptt/Gossiping/20699_18.txt, time: 6.240000
/bbs/Gossiping/M.1495409269.A.36A.html download to ptt/Gossiping/20699_19.txt, time: 8.400000
page 20698
/bbs/Gossiping/M.1495403669.A.4C4.html download to ptt/Gossiping/20698_0.txt, time: 9.360000
/bbs/Gossiping/M.1495403834.A.E52.html download to ptt/Gossiping/20698_1.txt, time: 6.790000
/bbs/Gossiping/M.1495403849.A.DD2.html download to ptt/Gossiping/20698_2.txt, time: 4.210000
/bbs/Gossiping/M.1495404088.A.AFB.html download to ptt/Gossiping/20698_3.txt, time: 7.450000
/bbs/Gossiping/M.1495404466.A.BB7.html download to ptt/Gossiping/20698_4.txt, time: 5.870000
/bbs/Gossiping/M.1495404777.A.EEB.html download to ptt/Gossiping/20698_5.txt, time: 4.550000
/bbs/Gossiping/M.1495404869.A.41F.html download to ptt/Gossiping/20698_6.txt, time: 8.040000
/bbs/Gossiping/M.1495404978.A.62E.html download to ptt/Gossiping/20698_7.txt, time: 10.060000
/bbs/Gossiping/M.1495405035.A.A75.html download to ptt/Gossiping/20698_8.txt, time: 3.820000
/bbs/Gossiping/M.1495405131.A.561.html download to ptt/Gossiping/20698_9.txt, time: 7.040000
/bbs/Gossiping/M.1495405338.A.642.html download to ptt/Gossiping/20698_10.txt, time: 9.760000
/bbs/Gossiping/M.1495405614.A.745.html download to ptt/Gossiping/20698_11.txt, time: 5.930000
/bbs/Gossiping/M.1495405651.A.510.html download to ptt/Gossiping/20698_12.txt, time: 4.600000
/bbs/Gossiping/M.1495406117.A.5C0.html download to ptt/Gossiping/20698_13.txt, time: 7.400000
/bbs/Gossiping/M.1495406399.A.13C.html download to ptt/Gossiping/20698_14.txt, time: 4.020000
/bbs/Gossiping/M.1495406479.A.7DF.html download to ptt/Gossiping/20698_15.txt, time: 3.610000
/bbs/Gossiping/M.1495406537.A.1B2.html download to ptt/Gossiping/20698_16.txt, time: 3.380000
/bbs/Gossiping/M.1495407032.A.FD9.html download to ptt/Gossiping/20698_17.txt, time: 3.560000
/bbs/Gossiping/M.1495407092.A.319.html download to ptt/Gossiping/20698_18.txt, time: 3.940000
/bbs/Gossiping/M.1495407093.A.B56.html download to ptt/Gossiping/20698_19.txt, time: 4.140000
page 20697
/bbs/Gossiping/M.1495398815.A.2C7.html download to ptt/Gossiping/20697_0.txt, time: 2.340000
/bbs/Gossiping/M.1495398930.A.7D2.html download to ptt/Gossiping/20697_1.txt, time: 3.350000
/bbs/Gossiping/M.1495399169.A.5D6.html download to ptt/Gossiping/20697_2.txt, time: 4.310000
/bbs/Gossiping/M.1495399217.A.7CA.html download to ptt/Gossiping/20697_3.txt, time: 5.220000
/bbs/Gossiping/M.1495400268.A.499.html download to ptt/Gossiping/20697_4.txt, time: 4.520000
/bbs/Gossiping/M.1495400358.A.657.html download to ptt/Gossiping/20697_5.txt, time: 3.890000
/bbs/Gossiping/M.1495400836.A.627.html download to ptt/Gossiping/20697_6.txt, time: 4.450000
/bbs/Gossiping/M.1495400907.A.04A.html download to ptt/Gossiping/20697_7.txt, time: 4.430000
/bbs/Gossiping/M.1495401097.A.7AA.html download to ptt/Gossiping/20697_8.txt, time: 4.110000
/bbs/Gossiping/M.1495401147.A.41F.html download to ptt/Gossiping/20697_9.txt, time: 4.180000
/bbs/Gossiping/M.1495401396.A.190.html download to ptt/Gossiping/20697_10.txt, time: 3.950000
/bbs/Gossiping/M.1495402351.A.B83.html download to ptt/Gossiping/20697_11.txt, time: 3.400000
/bbs/Gossiping/M.1495402451.A.BE5.html download to ptt/Gossiping/20697_12.txt, time: 3.560000
/bbs/Gossiping/M.1495402519.A.EFD.html download to ptt/Gossiping/20697_13.txt, time: 4.300000
/bbs/Gossiping/M.1495402586.A.A22.html download to ptt/Gossiping/20697_14.txt, time: 6.430000
/bbs/Gossiping/M.1495402841.A.D50.html download to ptt/Gossiping/20697_15.txt, time: 3.350000
/bbs/Gossiping/M.1495403050.A.BA7.html download to ptt/Gossiping/20697_16.txt, time: 5.020000
/bbs/Gossiping/M.1495403124.A.1D7.html download to ptt/Gossiping/20697_17.txt, time: 3.710000
/bbs/Gossiping/M.1495403250.A.FF4.html download to ptt/Gossiping/20697_18.txt, time: 4.730000
/bbs/Gossiping/M.1495403620.A.855.html download to ptt/Gossiping/20697_19.txt, time: 3.750000
page 20696
/bbs/Gossiping/M.1495396152.A.B35.html download to ptt/Gossiping/20696_0.txt, time: 3.430000
/bbs/Gossiping/M.1495396518.A.E7A.html download to ptt/Gossiping/20696_1.txt, time: 2.980000
/bbs/Gossiping/M.1495396585.A.5FC.html download to ptt/Gossiping/20696_2.txt, time: 3.180000
/bbs/Gossiping/M.1495396637.A.25A.html download to ptt/Gossiping/20696_3.txt, time: 3.260000
/bbs/Gossiping/M.1495396810.A.D27.html download to ptt/Gossiping/20696_4.txt, time: 4.620000
/bbs/Gossiping/M.1495397103.A.34F.html download to ptt/Gossiping/20696_5.txt, time: 3.110000
/bbs/Gossiping/M.1495397111.A.EDB.html download to ptt/Gossiping/20696_6.txt, time: 4.960000
/bbs/Gossiping/M.1495397341.A.D5A.html download to ptt/Gossiping/20696_7.txt, time: 3.790000
/bbs/Gossiping/M.1495397477.A.D9F.html download to ptt/Gossiping/20696_8.txt, time: 3.670000
/bbs/Gossiping/M.1495397568.A.0FA.html download to ptt/Gossiping/20696_9.txt, time: 2.910000
/bbs/Gossiping/M.1495397596.A.18A.html download to ptt/Gossiping/20696_10.txt, time: 2.790000
/bbs/Gossiping/M.1495397754.A.643.html download to ptt/Gossiping/20696_11.txt, time: 2.890000
/bbs/Gossiping/M.1495397771.A.D89.html download to ptt/Gossiping/20696_12.txt, time: 5.910000
/bbs/Gossiping/M.1495397827.A.A80.html download to ptt/Gossiping/20696_13.txt, time: 3.330000
/bbs/Gossiping/M.1495397945.A.43F.html download to ptt/Gossiping/20696_14.txt, time: 3.350000
/bbs/Gossiping/M.1495398145.A.2A8.html download to ptt/Gossiping/20696_15.txt, time: 3.620000
/bbs/Gossiping/M.1495398183.A.4F3.html download to ptt/Gossiping/20696_16.txt, time: 4.670000
/bbs/Gossiping/M.1495398314.A.03F.html download to ptt/Gossiping/20696_17.txt, time: 4.680000
/bbs/Gossiping/M.1495398449.A.7EC.html download to ptt/Gossiping/20696_18.txt, time: 2.320000
/bbs/Gossiping/M.1495398525.A.4C1.html download to ptt/Gossiping/20696_19.txt, time: 2.150000
time: 532.4530692100525 seconds
