page 20710
/bbs/Gossiping/M.1495419182.A.19B.html download to ptt/Gossiping/20710_0.txt, time: 7.400000
/bbs/Gossiping/M.1495419213.A.10F.html download to ptt/Gossiping/20710_1.txt, time: 6.840000
/bbs/Gossiping/M.1495419225.A.79E.html download to ptt/Gossiping/20710_2.txt, time: 5.230000
/bbs/Gossiping/M.1495419247.A.723.html download to ptt/Gossiping/20710_3.txt, time: 5.150000
/bbs/Gossiping/M.1495419376.A.693.html download to ptt/Gossiping/20710_4.txt, time: 5.100000
/bbs/Gossiping/M.1495419383.A.11D.html download to ptt/Gossiping/20710_5.txt, time: 4.700000
/bbs/Gossiping/M.1495419397.A.A5A.html download to ptt/Gossiping/20710_6.txt, time: 4.790000
/bbs/Gossiping/M.1495419412.A.E69.html download to ptt/Gossiping/20710_7.txt, time: 7.130000
/bbs/Gossiping/M.1495419451.A.CA4.html download to ptt/Gossiping/20710_8.txt, time: 5.000000
/bbs/Gossiping/M.1495419467.A.4FD.html download to ptt/Gossiping/20710_9.txt, time: 5.410000
/bbs/Gossiping/M.1495419503.A.28B.html download to ptt/Gossiping/20710_10.txt, time: 3.410000
/bbs/Gossiping/M.1495419520.A.DFF.html download to ptt/Gossiping/20710_11.txt, time: 4.370000
empty download to ptt/Gossiping/20710_12.txt, time: 0.000000
/bbs/Gossiping/M.1495419539.A.3FC.html download to ptt/Gossiping/20710_13.txt, time: 5.320000
/bbs/Gossiping/M.1495419573.A.3DB.html download to ptt/Gossiping/20710_14.txt, time: 4.050000
/bbs/Gossiping/M.1495419663.A.449.html download to ptt/Gossiping/20710_15.txt, time: 5.640000
/bbs/Gossiping/M.1495419710.A.F52.html download to ptt/Gossiping/20710_16.txt, time: 4.630000
/bbs/Gossiping/M.1495419714.A.20E.html download to ptt/Gossiping/20710_17.txt, time: 4.810000
/bbs/Gossiping/M.1495419722.A.D9E.html download to ptt/Gossiping/20710_18.txt, time: 4.270000
/bbs/Gossiping/M.1495419743.A.35C.html download to ptt/Gossiping/20710_19.txt, time: 4.080000
page 20709
/bbs/Gossiping/M.1495418788.A.644.html download to ptt/Gossiping/20709_0.txt, time: 6.750000
/bbs/Gossiping/M.1495418815.A.A99.html download to ptt/Gossiping/20709_1.txt, time: 5.280000
/bbs/Gossiping/M.1495418861.A.DEE.html download to ptt/Gossiping/20709_2.txt, time: 3.190000
/bbs/Gossiping/M.1495418884.A.FA9.html download to ptt/Gossiping/20709_3.txt, time: 4.530000
/bbs/Gossiping/M.1495418969.A.628.html download to ptt/Gossiping/20709_4.txt, time: 4.780000
/bbs/Gossiping/M.1495418969.A.3C4.html download to ptt/Gossiping/20709_5.txt, time: 4.000000
/bbs/Gossiping/M.1495418986.A.6B2.html download to ptt/Gossiping/20709_6.txt, time: 4.310000
/bbs/Gossiping/M.1495418989.A.50E.html download to ptt/Gossiping/20709_7.txt, time: 4.780000
/bbs/Gossiping/M.1495419024.A.E68.html download to ptt/Gossiping/20709_8.txt, time: 5.760000
/bbs/Gossiping/M.1495419026.A.018.html download to ptt/Gossiping/20709_9.txt, time: 3.670000
/bbs/Gossiping/M.1495419029.A.9B7.html download to ptt/Gossiping/20709_10.txt, time: 5.270000
/bbs/Gossiping/M.1495419034.A.C30.html download to ptt/Gossiping/20709_11.txt, time: 5.070000
/bbs/Gossiping/M.1495419047.A.408.html download to ptt/Gossiping/20709_12.txt, time: 4.260000
/bbs/Gossiping/M.1495419054.A.5CF.html download to ptt/Gossiping/20709_13.txt, time: 4.870000
/bbs/Gossiping/M.1495419081.A.0C6.html download to ptt/Gossiping/20709_14.txt, time: 5.530000
/bbs/Gossiping/M.1495419086.A.306.html download to ptt/Gossiping/20709_15.txt, time: 16.590000
/bbs/Gossiping/M.1495419095.A.AE3.html download to ptt/Gossiping/20709_16.txt, time: 7.490000
/bbs/Gossiping/M.1495419147.A.ED5.html download to ptt/Gossiping/20709_17.txt, time: 4.320000
/bbs/Gossiping/M.1495419168.A.2D2.html download to ptt/Gossiping/20709_18.txt, time: 5.340000
/bbs/Gossiping/M.1495419179.A.B06.html download to ptt/Gossiping/20709_19.txt, time: 7.240000
page 20708
/bbs/Gossiping/M.1495418148.A.44F.html download to ptt/Gossiping/20708_0.txt, time: 5.620000
/bbs/Gossiping/M.1495418161.A.0D8.html download to ptt/Gossiping/20708_1.txt, time: 4.200000
/bbs/Gossiping/M.1495418183.A.F11.html download to ptt/Gossiping/20708_2.txt, time: 5.730000
/bbs/Gossiping/M.1495418200.A.577.html download to ptt/Gossiping/20708_3.txt, time: 3.790000
/bbs/Gossiping/M.1495418219.A.149.html download to ptt/Gossiping/20708_4.txt, time: 6.810000
/bbs/Gossiping/M.1495418241.A.C3A.html download to ptt/Gossiping/20708_5.txt, time: 5.570000
/bbs/Gossiping/M.1495418259.A.C1D.html download to ptt/Gossiping/20708_6.txt, time: 3.670000
/bbs/Gossiping/M.1495418365.A.DFD.html download to ptt/Gossiping/20708_7.txt, time: 3.920000
/bbs/Gossiping/M.1495418413.A.7D2.html download to ptt/Gossiping/20708_8.txt, time: 4.290000
/bbs/Gossiping/M.1495418429.A.04C.html download to ptt/Gossiping/20708_9.txt, time: 3.840000
/bbs/Gossiping/M.1495418499.A.F0B.html download to ptt/Gossiping/20708_10.txt, time: 5.580000
/bbs/Gossiping/M.1495418510.A.B96.html download to ptt/Gossiping/20708_11.txt, time: 3.910000
/bbs/Gossiping/M.1495418530.A.260.html download to ptt/Gossiping/20708_12.txt, time: 8.410000
/bbs/Gossiping/M.1495418603.A.D05.html download to ptt/Gossiping/20708_13.txt, time: 3.860000
/bbs/Gossiping/M.1495418609.A.3FB.html download to ptt/Gossiping/20708_14.txt, time: 5.210000
/bbs/Gossiping/M.1495418611.A.899.html download to ptt/Gossiping/20708_15.txt, time: 3.750000
/bbs/Gossiping/M.1495418647.A.25F.html download to ptt/Gossiping/20708_16.txt, time: 3.360000
/bbs/Gossiping/M.1495418656.A.FBC.html download to ptt/Gossiping/20708_17.txt, time: 3.660000
/bbs/Gossiping/M.1495418767.A.1FD.html download to ptt/Gossiping/20708_18.txt, time: 4.790000
/bbs/Gossiping/M.1495418772.A.63A.html download to ptt/Gossiping/20708_19.txt, time: 3.410000
page 20707
/bbs/Gossiping/M.1495417539.A.CE2.html download to ptt/Gossiping/20707_0.txt, time: 2.960000
/bbs/Gossiping/M.1495417567.A.7AE.html download to ptt/Gossiping/20707_1.txt, time: 3.090000
/bbs/Gossiping/M.1495417652.A.6B1.html download to ptt/Gossiping/20707_2.txt, time: 4.380000
/bbs/Gossiping/M.1495417658.A.EB0.html download to ptt/Gossiping/20707_3.txt, time: 3.080000
/bbs/Gossiping/M.1495417659.A.8B4.html download to ptt/Gossiping/20707_4.txt, time: 6.130000
/bbs/Gossiping/M.1495417669.A.C1B.html download to ptt/Gossiping/20707_5.txt, time: 4.610000
/bbs/Gossiping/M.1495417707.A.4C5.html download to ptt/Gossiping/20707_6.txt, time: 4.300000
/bbs/Gossiping/M.1495417719.A.AB3.html download to ptt/Gossiping/20707_7.txt, time: 4.800000
/bbs/Gossiping/M.1495417722.A.A23.html download to ptt/Gossiping/20707_8.txt, time: 3.520000
/bbs/Gossiping/M.1495417784.A.D5D.html download to ptt/Gossiping/20707_9.txt, time: 3.830000
/bbs/Gossiping/M.1495417825.A.8CB.html download to ptt/Gossiping/20707_10.txt, time: 2.830000
/bbs/Gossiping/M.1495417854.A.D95.html download to ptt/Gossiping/20707_11.txt, time: 4.730000
empty download to ptt/Gossiping/20707_12.txt, time: 0.000000
/bbs/Gossiping/M.1495417952.A.6EF.html download to ptt/Gossiping/20707_13.txt, time: 3.230000
/bbs/Gossiping/M.1495417964.A.263.html download to ptt/Gossiping/20707_14.txt, time: 5.290000
/bbs/Gossiping/M.1495418010.A.FFE.html download to ptt/Gossiping/20707_15.txt, time: 3.160000
/bbs/Gossiping/M.1495418029.A.A57.html download to ptt/Gossiping/20707_16.txt, time: 5.220000
/bbs/Gossiping/M.1495418062.A.483.html download to ptt/Gossiping/20707_17.txt, time: 7.800000
/bbs/Gossiping/M.1495418066.A.3E2.html download to ptt/Gossiping/20707_18.txt, time: 5.040000
/bbs/Gossiping/M.1495418088.A.BE3.html download to ptt/Gossiping/20707_19.txt, time: 2.960000
page 20706
/bbs/Gossiping/M.1495416699.A.D31.html download to ptt/Gossiping/20706_0.txt, time: 4.230000
/bbs/Gossiping/M.1495416706.A.5B9.html download to ptt/Gossiping/20706_1.txt, time: 2.680000
/bbs/Gossiping/M.1495416754.A.B48.html download to ptt/Gossiping/20706_2.txt, time: 4.280000
/bbs/Gossiping/M.1495416764.A.4D8.html download to ptt/Gossiping/20706_3.txt, time: 4.220000
/bbs/Gossiping/M.1495416772.A.D51.html download to ptt/Gossiping/20706_4.txt, time: 5.610000
/bbs/Gossiping/M.1495416784.A.73A.html download to ptt/Gossiping/20706_5.txt, time: 3.460000
/bbs/Gossiping/M.1495416820.A.1F0.html download to ptt/Gossiping/20706_6.txt, time: 3.210000
/bbs/Gossiping/M.1495416824.A.9F1.html download to ptt/Gossiping/20706_7.txt, time: 3.320000
/bbs/Gossiping/M.1495416860.A.4EC.html download to ptt/Gossiping/20706_8.txt, time: 4.200000
/bbs/Gossiping/M.1495416869.A.2E5.html download to ptt/Gossiping/20706_9.txt, time: 4.250000
/bbs/Gossiping/M.1495417041.A.92E.html download to ptt/Gossiping/20706_10.txt, time: 3.050000
/bbs/Gossiping/M.1495417122.A.BE2.html download to ptt/Gossiping/20706_11.txt, time: 2.900000
/bbs/Gossiping/M.1495417171.A.369.html download to ptt/Gossiping/20706_12.txt, time: 2.910000
/bbs/Gossiping/M.1495417196.A.0EE.html download to ptt/Gossiping/20706_13.txt, time: 3.030000
/bbs/Gossiping/M.1495417224.A.43C.html download to ptt/Gossiping/20706_14.txt, time: 4.820000
/bbs/Gossiping/M.1495417281.A.525.html download to ptt/Gossiping/20706_15.txt, time: 2.960000
/bbs/Gossiping/M.1495417294.A.E6C.html download to ptt/Gossiping/20706_16.txt, time: 2.510000
/bbs/Gossiping/M.1495417483.A.09D.html download to ptt/Gossiping/20706_17.txt, time: 3.490000
/bbs/Gossiping/M.1495417533.A.34B.html download to ptt/Gossiping/20706_18.txt, time: 3.360000
/bbs/Gossiping/M.1495417538.A.7C6.html download to ptt/Gossiping/20706_19.txt, time: 4.140000
time: 523.7903513908386 seconds
