page 20720
/bbs/Gossiping/M.1495426202.A.7B4.html download to ptt/Gossiping/20720_0.txt, time: 5.610000
/bbs/Gossiping/M.1495426211.A.0AC.html download to ptt/Gossiping/20720_1.txt, time: 9.960000
/bbs/Gossiping/M.1495426317.A.5E5.html download to ptt/Gossiping/20720_2.txt, time: 5.640000
/bbs/Gossiping/M.1495426346.A.DA7.html download to ptt/Gossiping/20720_3.txt, time: 5.020000
/bbs/Gossiping/M.1495426362.A.79D.html download to ptt/Gossiping/20720_4.txt, time: 4.030000
/bbs/Gossiping/M.1495426450.A.3E8.html download to ptt/Gossiping/20720_5.txt, time: 6.010000
/bbs/Gossiping/M.1495426450.A.31B.html download to ptt/Gossiping/20720_6.txt, time: 6.950000
/bbs/Gossiping/M.1495426470.A.C2F.html download to ptt/Gossiping/20720_7.txt, time: 7.120000
/bbs/Gossiping/M.1495426478.A.57F.html download to ptt/Gossiping/20720_8.txt, time: 4.550000
/bbs/Gossiping/M.1495426515.A.543.html download to ptt/Gossiping/20720_9.txt, time: 5.080000
/bbs/Gossiping/M.1495426533.A.729.html download to ptt/Gossiping/20720_10.txt, time: 5.730000
/bbs/Gossiping/M.1495426535.A.3DF.html download to ptt/Gossiping/20720_11.txt, time: 5.540000
/bbs/Gossiping/M.1495426541.A.676.html download to ptt/Gossiping/20720_12.txt, time: 4.540000
/bbs/Gossiping/M.1495426543.A.9F0.html download to ptt/Gossiping/20720_13.txt, time: 4.040000
/bbs/Gossiping/M.1495426572.A.F77.html download to ptt/Gossiping/20720_14.txt, time: 5.600000
/bbs/Gossiping/M.1495426579.A.0D7.html download to ptt/Gossiping/20720_15.txt, time: 4.970000
/bbs/Gossiping/M.1495426587.A.82C.html download to ptt/Gossiping/20720_16.txt, time: 3.060000
/bbs/Gossiping/M.1495426604.A.A92.html download to ptt/Gossiping/20720_17.txt, time: 5.220000
/bbs/Gossiping/M.1495426609.A.C0E.html download to ptt/Gossiping/20720_18.txt, time: 5.170000
/bbs/Gossiping/M.1495426616.A.986.html download to ptt/Gossiping/20720_19.txt, time: 4.720000
page 20719
/bbs/Gossiping/M.1495425502.A.9E7.html download to ptt/Gossiping/20719_0.txt, time: 4.230000
/bbs/Gossiping/M.1495425632.A.CED.html download to ptt/Gossiping/20719_1.txt, time: 3.810000
/bbs/Gossiping/M.1495425650.A.38B.html download to ptt/Gossiping/20719_2.txt, time: 4.080000
/bbs/Gossiping/M.1495425660.A.AB9.html download to ptt/Gossiping/20719_3.txt, time: 3.120000
/bbs/Gossiping/M.1495425666.A.78B.html download to ptt/Gossiping/20719_4.txt, time: 4.590000
/bbs/Gossiping/M.1495425744.A.75D.html download to ptt/Gossiping/20719_5.txt, time: 5.550000
/bbs/Gossiping/M.1495425751.A.361.html download to ptt/Gossiping/20719_6.txt, time: 5.870000
/bbs/Gossiping/M.1495425807.A.92A.html download to ptt/Gossiping/20719_7.txt, time: 4.370000
/bbs/Gossiping/M.1495425872.A.21E.html download to ptt/Gossiping/20719_8.txt, time: 4.160000
/bbs/Gossiping/M.1495425893.A.8B8.html download to ptt/Gossiping/20719_9.txt, time: 5.300000
/bbs/Gossiping/M.1495425927.A.F75.html download to ptt/Gossiping/20719_10.txt, time: 5.960000
/bbs/Gossiping/M.1495425930.A.0CF.html download to ptt/Gossiping/20719_11.txt, time: 5.510000
/bbs/Gossiping/M.1495425972.A.C13.html download to ptt/Gossiping/20719_12.txt, time: 5.620000
/bbs/Gossiping/M.1495425973.A.AEA.html download to ptt/Gossiping/20719_13.txt, time: 5.010000
/bbs/Gossiping/M.1495425976.A.4A9.html download to ptt/Gossiping/20719_14.txt, time: 3.860000
/bbs/Gossiping/M.1495425993.A.D81.html download to ptt/Gossiping/20719_15.txt, time: 6.190000
/bbs/Gossiping/M.1495426038.A.B83.html download to ptt/Gossiping/20719_16.txt, time: 4.680000
/bbs/Gossiping/M.1495426148.A.58C.html download to ptt/Gossiping/20719_17.txt, time: 4.280000
/bbs/Gossiping/M.1495426190.A.A61.html download to ptt/Gossiping/20719_18.txt, time: 4.460000
/bbs/Gossiping/M.1495426194.A.688.html download to ptt/Gossiping/20719_19.txt, time: 5.480000
page 20718
/bbs/Gossiping/M.1495425011.A.EAE.html download to ptt/Gossiping/20718_0.txt, time: 4.280000
/bbs/Gossiping/M.1495425048.A.C0F.html download to ptt/Gossiping/20718_1.txt, time: 4.570000
/bbs/Gossiping/M.1495425054.A.A24.html download to ptt/Gossiping/20718_2.txt, time: 4.390000
/bbs/Gossiping/M.1495425060.A.6E4.html download to ptt/Gossiping/20718_3.txt, time: 4.310000
/bbs/Gossiping/M.1495425063.A.CF3.html download to ptt/Gossiping/20718_4.txt, time: 6.760000
/bbs/Gossiping/M.1495425129.A.95A.html download to ptt/Gossiping/20718_5.txt, time: 6.200000
/bbs/Gossiping/M.1495425141.A.7EA.html download to ptt/Gossiping/20718_6.txt, time: 8.470000
/bbs/Gossiping/M.1495425177.A.039.html download to ptt/Gossiping/20718_7.txt, time: 5.630000
/bbs/Gossiping/M.1495425187.A.338.html download to ptt/Gossiping/20718_8.txt, time: 3.600000
/bbs/Gossiping/M.1495425194.A.710.html download to ptt/Gossiping/20718_9.txt, time: 7.480000
/bbs/Gossiping/M.1495425203.A.C41.htmlTraceback (most recent call last):
  File "/home/studentyl/anaconda3/lib/python3.6/site-packages/requests/packages/urllib3/connectionpool.py", line 600, in urlopen
    chunked=chunked)
  File "/home/studentyl/anaconda3/lib/python3.6/site-packages/requests/packages/urllib3/connectionpool.py", line 386, in _make_request
    six.raise_from(e, None)
  File "<string>", line 2, in raise_from
  File "/home/studentyl/anaconda3/lib/python3.6/site-packages/requests/packages/urllib3/connectionpool.py", line 382, in _make_request
    httplib_response = conn.getresponse()
  File "/home/studentyl/anaconda3/lib/python3.6/http/client.py", line 1331, in getresponse
    response.begin()
  File "/home/studentyl/anaconda3/lib/python3.6/http/client.py", line 297, in begin
    version, status, reason = self._read_status()
  File "/home/studentyl/anaconda3/lib/python3.6/http/client.py", line 266, in _read_status
    raise RemoteDisconnected("Remote end closed connection without"
http.client.RemoteDisconnected: Remote end closed connection without response

During handling of the above exception, another exception occurred:

Traceback (most recent call last):
  File "/home/studentyl/anaconda3/lib/python3.6/site-packages/requests/adapters.py", line 438, in send
    timeout=timeout
  File "/home/studentyl/anaconda3/lib/python3.6/site-packages/requests/packages/urllib3/connectionpool.py", line 649, in urlopen
    _stacktrace=sys.exc_info()[2])
  File "/home/studentyl/anaconda3/lib/python3.6/site-packages/requests/packages/urllib3/util/retry.py", line 357, in increment
    raise six.reraise(type(error), error, _stacktrace)
  File "/home/studentyl/anaconda3/lib/python3.6/site-packages/requests/packages/urllib3/packages/six.py", line 685, in reraise
    raise value.with_traceback(tb)
  File "/home/studentyl/anaconda3/lib/python3.6/site-packages/requests/packages/urllib3/connectionpool.py", line 600, in urlopen
    chunked=chunked)
  File "/home/studentyl/anaconda3/lib/python3.6/site-packages/requests/packages/urllib3/connectionpool.py", line 386, in _make_request
    six.raise_from(e, None)
  File "<string>", line 2, in raise_from
  File "/home/studentyl/anaconda3/lib/python3.6/site-packages/requests/packages/urllib3/connectionpool.py", line 382, in _make_request
    httplib_response = conn.getresponse()
  File "/home/studentyl/anaconda3/lib/python3.6/http/client.py", line 1331, in getresponse
    response.begin()
  File "/home/studentyl/anaconda3/lib/python3.6/http/client.py", line 297, in begin
    version, status, reason = self._read_status()
  File "/home/studentyl/anaconda3/lib/python3.6/http/client.py", line 266, in _read_status
    raise RemoteDisconnected("Remote end closed connection without"
requests.packages.urllib3.exceptions.ProtocolError: ('Connection aborted.', RemoteDisconnected('Remote end closed connection without response',))

During handling of the above exception, another exception occurred:

Traceback (most recent call last):
  File "./crawler.py", line 177, in <module>
    main(sys.argv[1:])
  File "./crawler.py", line 158, in main
    downloadForum(forumName, startPage, pages)
  File "./crawler.py", line 140, in downloadForum
    downloadPage(str(articleCount), forumName, pageNum, 'https://www.ptt.cc'+link)
  File "./crawler.py", line 82, in downloadPage
    pageText = getPageText(link)
  File "./crawler.py", line 13, in getPageText
    pageText=requests.get(link, cookies={'over18':'1'}).text
  File "/home/studentyl/anaconda3/lib/python3.6/site-packages/requests/api.py", line 72, in get
    return request('get', url, params=params, **kwargs)
  File "/home/studentyl/anaconda3/lib/python3.6/site-packages/requests/api.py", line 58, in request
    return session.request(method=method, url=url, **kwargs)
  File "/home/studentyl/anaconda3/lib/python3.6/site-packages/requests/sessions.py", line 518, in request
    resp = self.send(prep, **send_kwargs)
  File "/home/studentyl/anaconda3/lib/python3.6/site-packages/requests/sessions.py", line 639, in send
    r = adapter.send(request, **kwargs)
  File "/home/studentyl/anaconda3/lib/python3.6/site-packages/requests/adapters.py", line 488, in send
    raise ConnectionError(err, request=request)
requests.exceptions.ConnectionError: ('Connection aborted.', RemoteDisconnected('Remote end closed connection without response',))
