page 20730
/bbs/Gossiping/M.1495431060.A.668.html download to ptt/Gossiping/20730_0.txt, time: 3.900000
/bbs/Gossiping/M.1495431074.A.2AE.html download to ptt/Gossiping/20730_1.txt, time: 8.320000
/bbs/Gossiping/M.1495431076.A.9A3.html download to ptt/Gossiping/20730_2.txt, time: 4.440000
/bbs/Gossiping/M.1495431076.A.E1E.html download to ptt/Gossiping/20730_3.txt, time: 4.780000
/bbs/Gossiping/M.1495431139.A.301.html download to ptt/Gossiping/20730_4.txt, time: 3.670000
/bbs/Gossiping/M.1495431146.A.F4A.html download to ptt/Gossiping/20730_5.txt, time: 4.840000
/bbs/Gossiping/M.1495431147.A.165.html download to ptt/Gossiping/20730_6.txt, time: 5.530000
/bbs/Gossiping/M.1495431153.A.B20.html download to ptt/Gossiping/20730_7.txt, time: 5.300000
/bbs/Gossiping/M.1495431176.A.952.html download to ptt/Gossiping/20730_8.txt, time: 7.350000
/bbs/Gossiping/M.1495431276.A.C9C.html download to ptt/Gossiping/20730_9.txt, time: 5.480000
/bbs/Gossiping/M.1495431289.A.497.html download to ptt/Gossiping/20730_10.txt, time: 4.240000
/bbs/Gossiping/M.1495431410.A.6A3.html download to ptt/Gossiping/20730_11.txt, time: 4.210000
/bbs/Gossiping/M.1495431431.A.281.html download to ptt/Gossiping/20730_12.txt, time: 4.490000
/bbs/Gossiping/M.1495431450.A.B8A.html download to ptt/Gossiping/20730_13.txt, time: 3.820000
/bbs/Gossiping/M.1495431509.A.CE7.html download to ptt/Gossiping/20730_14.txt, time: 3.420000
/bbs/Gossiping/M.1495431538.A.4AA.html download to ptt/Gossiping/20730_15.txt, time: 4.140000
/bbs/Gossiping/M.1495431622.A.5C6.html download to ptt/Gossiping/20730_16.txt, time: 3.510000
/bbs/Gossiping/M.1495431626.A.EB5.html download to ptt/Gossiping/20730_17.txt, time: 3.290000
/bbs/Gossiping/M.1495431685.A.92D.html download to ptt/Gossiping/20730_18.txt, time: 7.560000
/bbs/Gossiping/M.1495431696.A.7E0.html download to ptt/Gossiping/20730_19.txt, time: 4.570000
page 20729
/bbs/Gossiping/M.1495430533.A.391.html download to ptt/Gossiping/20729_0.txt, time: 6.400000
/bbs/Gossiping/M.1495430584.A.B35.html download to ptt/Gossiping/20729_1.txt, time: 4.670000
/bbs/Gossiping/M.1495430658.A.B18.html download to ptt/Gossiping/20729_2.txt, time: 5.100000
/bbs/Gossiping/M.1495430658.A.EAF.html download to ptt/Gossiping/20729_3.txt, time: 3.940000
/bbs/Gossiping/M.1495430667.A.14C.html download to ptt/Gossiping/20729_4.txt, time: 5.440000
/bbs/Gossiping/M.1495430728.A.AA0.html download to ptt/Gossiping/20729_5.txt, time: 4.040000
/bbs/Gossiping/M.1495430762.A.A3E.html download to ptt/Gossiping/20729_6.txt, time: 2.530000
/bbs/Gossiping/M.1495430765.A.861.html download to ptt/Gossiping/20729_7.txt, time: 5.090000
/bbs/Gossiping/M.1495430803.A.B54.html download to ptt/Gossiping/20729_8.txt, time: 5.940000
/bbs/Gossiping/M.1495430816.A.CA7.html download to ptt/Gossiping/20729_9.txt, time: 3.570000
/bbs/Gossiping/M.1495430816.A.3BE.html download to ptt/Gossiping/20729_10.txt, time: 3.540000
/bbs/Gossiping/M.1495430849.A.5CE.html download to ptt/Gossiping/20729_11.txt, time: 4.960000
/bbs/Gossiping/M.1495430852.A.34C.html download to ptt/Gossiping/20729_12.txt, time: 4.890000
/bbs/Gossiping/M.1495430854.A.240.html download to ptt/Gossiping/20729_13.txt, time: 5.710000
/bbs/Gossiping/M.1495430891.A.CF2.html download to ptt/Gossiping/20729_14.txt, time: 4.670000
/bbs/Gossiping/M.1495430940.A.BC3.html download to ptt/Gossiping/20729_15.txt, time: 4.830000
/bbs/Gossiping/M.1495430970.A.6D5.html download to ptt/Gossiping/20729_16.txt, time: 17.020000
/bbs/Gossiping/M.1495430995.A.960.html download to ptt/Gossiping/20729_17.txt, time: 8.230000
/bbs/Gossiping/M.1495431032.A.365.html download to ptt/Gossiping/20729_18.txt, time: 6.290000
/bbs/Gossiping/M.1495431039.A.A90.html download to ptt/Gossiping/20729_19.txt, time: 4.660000
page 20728
/bbs/Gossiping/M.1495430053.A.39E.html download to ptt/Gossiping/20728_0.txt, time: 7.460000
/bbs/Gossiping/M.1495430068.A.F6E.html download to ptt/Gossiping/20728_1.txt, time: 5.040000
/bbs/Gossiping/M.1495430093.A.304.html download to ptt/Gossiping/20728_2.txt, time: 4.730000
/bbs/Gossiping/M.1495430099.A.320.html download to ptt/Gossiping/20728_3.txt, time: 11.430000
/bbs/Gossiping/M.1495430104.A.59C.html download to ptt/Gossiping/20728_4.txt, time: 8.510000
/bbs/Gossiping/M.1495430127.A.1C9.html download to ptt/Gossiping/20728_5.txt, time: 5.390000
/bbs/Gossiping/M.1495430252.A.66D.html download to ptt/Gossiping/20728_6.txt, time: 4.330000
/bbs/Gossiping/M.1495430274.A.2C2.html download to ptt/Gossiping/20728_7.txt, time: 3.290000
/bbs/Gossiping/M.1495430276.A.A0D.html download to ptt/Gossiping/20728_8.txt, time: 5.800000
/bbs/Gossiping/M.1495430279.A.97A.html download to ptt/Gossiping/20728_9.txt, time: 7.130000
/bbs/Gossiping/M.1495430282.A.2DE.html download to ptt/Gossiping/20728_10.txt, time: 4.160000
/bbs/Gossiping/M.1495430284.A.9E3.html download to ptt/Gossiping/20728_11.txt, time: 12.530000
/bbs/Gossiping/M.1495430379.A.CCF.html download to ptt/Gossiping/20728_12.txt, time: 4.280000
/bbs/Gossiping/M.1495430413.A.1A7.html download to ptt/Gossiping/20728_13.txt, time: 3.300000
/bbs/Gossiping/M.1495430430.A.606.html download to ptt/Gossiping/20728_14.txt, time: 5.470000
/bbs/Gossiping/M.1495430436.A.092.html download to ptt/Gossiping/20728_15.txt, time: 3.890000
/bbs/Gossiping/M.1495430436.A.02E.html download to ptt/Gossiping/20728_16.txt, time: 3.800000
/bbs/Gossiping/M.1495430467.A.615.html download to ptt/Gossiping/20728_17.txt, time: 5.140000
/bbs/Gossiping/M.1495430472.A.95C.html download to ptt/Gossiping/20728_18.txt, time: 3.110000
/bbs/Gossiping/M.1495430484.A.70B.html download to ptt/Gossiping/20728_19.txt, time: 5.260000
page 20727
/bbs/Gossiping/M.1495429601.A.748.html download to ptt/Gossiping/20727_0.txt, time: 3.420000
/bbs/Gossiping/M.1495429626.A.F23.html download to ptt/Gossiping/20727_1.txt, time: 3.900000
/bbs/Gossiping/M.1495429720.A.EE8.html download to ptt/Gossiping/20727_2.txt, time: 3.560000
/bbs/Gossiping/M.1495429759.A.C83.html download to ptt/Gossiping/20727_3.txt, time: 5.200000
/bbs/Gossiping/M.1495429805.A.C29.html download to ptt/Gossiping/20727_4.txt, time: 4.670000
/bbs/Gossiping/M.1495429823.A.E76.html download to ptt/Gossiping/20727_5.txt, time: 3.870000
/bbs/Gossiping/M.1495429826.A.07C.html download to ptt/Gossiping/20727_6.txt, time: 3.750000
/bbs/Gossiping/M.1495429832.A.822.html download to ptt/Gossiping/20727_7.txt, time: 4.960000
/bbs/Gossiping/M.1495429848.A.1DF.html download to ptt/Gossiping/20727_8.txt, time: 3.190000
/bbs/Gossiping/M.1495429866.A.845.html download to ptt/Gossiping/20727_9.txt, time: 4.410000
/bbs/Gossiping/M.1495429883.A.4EB.html download to ptt/Gossiping/20727_10.txt, time: 4.440000
/bbs/Gossiping/M.1495429932.A.48E.html download to ptt/Gossiping/20727_11.txt, time: 7.550000
/bbs/Gossiping/M.1495429936.A.79E.html download to ptt/Gossiping/20727_12.txt, time: 6.410000
/bbs/Gossiping/M.1495429964.A.A09.html download to ptt/Gossiping/20727_13.txt, time: 5.790000
/bbs/Gossiping/M.1495429978.A.46A.html download to ptt/Gossiping/20727_14.txt, time: 3.910000
/bbs/Gossiping/M.1495429998.A.FAC.html download to ptt/Gossiping/20727_15.txt, time: 6.280000
/bbs/Gossiping/M.1495430001.A.A3A.html download to ptt/Gossiping/20727_16.txt, time: 3.790000
/bbs/Gossiping/M.1495430008.A.960.html download to ptt/Gossiping/20727_17.txt, time: 5.470000
/bbs/Gossiping/M.1495430026.A.5B7.html download to ptt/Gossiping/20727_18.txt, time: 3.520000
/bbs/Gossiping/M.1495430049.A.456.html download to ptt/Gossiping/20727_19.txt, time: 3.070000
page 20726
empty download to ptt/Gossiping/20726_0.txt, time: 0.000000
/bbs/Gossiping/M.1495429117.A.37F.html download to ptt/Gossiping/20726_1.txt, time: 3.310000
/bbs/Gossiping/M.1495429132.A.A98.html download to ptt/Gossiping/20726_2.txt, time: 3.100000
/bbs/Gossiping/M.1495429153.A.E20.html download to ptt/Gossiping/20726_3.txt, time: 4.720000
/bbs/Gossiping/M.1495429252.A.F0B.html download to ptt/Gossiping/20726_4.txt, time: 3.460000
/bbs/Gossiping/M.1495429253.A.35F.html download to ptt/Gossiping/20726_5.txt, time: 3.060000
/bbs/Gossiping/M.1495429263.A.511.html download to ptt/Gossiping/20726_6.txt, time: 5.400000
/bbs/Gossiping/M.1495429286.A.9D3.html download to ptt/Gossiping/20726_7.txt, time: 3.690000
/bbs/Gossiping/M.1495429317.A.2EB.html download to ptt/Gossiping/20726_8.txt, time: 3.820000
/bbs/Gossiping/M.1495429333.A.224.html download to ptt/Gossiping/20726_9.txt, time: 3.390000
/bbs/Gossiping/M.1495429432.A.D56.html download to ptt/Gossiping/20726_10.txt, time: 2.490000
/bbs/Gossiping/M.1495429432.A.63B.html download to ptt/Gossiping/20726_11.txt, time: 4.280000
/bbs/Gossiping/M.1495429441.A.6E4.html download to ptt/Gossiping/20726_12.txt, time: 3.060000
/bbs/Gossiping/M.1495429512.A.A7E.html download to ptt/Gossiping/20726_13.txt, time: 6.620000
/bbs/Gossiping/M.1495429524.A.D7C.html download to ptt/Gossiping/20726_14.txt, time: 2.800000
/bbs/Gossiping/M.1495429528.A.2B2.html download to ptt/Gossiping/20726_15.txt, time: 4.280000
/bbs/Gossiping/M.1495429553.A.3FA.html download to ptt/Gossiping/20726_16.txt, time: 1.940000
/bbs/Gossiping/M.1495429554.A.394.html download to ptt/Gossiping/20726_17.txt, time: 1.460000
/bbs/Gossiping/M.1495429581.A.88E.html download to ptt/Gossiping/20726_18.txt, time: 1.160000
/bbs/Gossiping/M.1495429599.A.8FB.html download to ptt/Gossiping/20726_19.txt, time: 1.160000
time: 536.0216584205627 seconds
