page 20740
/bbs/Gossiping/M.1495436738.A.F28.html download to ptt/Gossiping/20740_0.txt, time: 3.920000
/bbs/Gossiping/M.1495436754.A.42D.html download to ptt/Gossiping/20740_1.txt, time: 5.970000
/bbs/Gossiping/M.1495436798.A.992.html download to ptt/Gossiping/20740_2.txt, time: 7.120000
/bbs/Gossiping/M.1495436826.A.7C2.html download to ptt/Gossiping/20740_3.txt, time: 4.080000
/bbs/Gossiping/M.1495436831.A.B2C.html download to ptt/Gossiping/20740_4.txt, time: 3.470000
/bbs/Gossiping/M.1495436900.A.192.html download to ptt/Gossiping/20740_5.txt, time: 4.190000
/bbs/Gossiping/M.1495436903.A.B74.html download to ptt/Gossiping/20740_6.txt, time: 4.380000
/bbs/Gossiping/M.1495437020.A.4AD.html download to ptt/Gossiping/20740_7.txt, time: 3.440000
/bbs/Gossiping/M.1495437055.A.554.html download to ptt/Gossiping/20740_8.txt, time: 5.990000
/bbs/Gossiping/M.1495437092.A.51C.html download to ptt/Gossiping/20740_9.txt, time: 9.470000
/bbs/Gossiping/M.1495437185.A.689.html download to ptt/Gossiping/20740_10.txt, time: 5.260000
/bbs/Gossiping/M.1495437203.A.7BB.html download to ptt/Gossiping/20740_11.txt, time: 4.400000
/bbs/Gossiping/M.1495437208.A.31F.html download to ptt/Gossiping/20740_12.txt, time: 4.010000
/bbs/Gossiping/M.1495437266.A.E58.html download to ptt/Gossiping/20740_13.txt, time: 4.440000
/bbs/Gossiping/M.1495437302.A.EB7.html download to ptt/Gossiping/20740_14.txt, time: 4.890000
/bbs/Gossiping/M.1495437309.A.1BD.html download to ptt/Gossiping/20740_15.txt, time: 6.040000
/bbs/Gossiping/M.1495437318.A.220.html download to ptt/Gossiping/20740_16.txt, time: 4.440000
/bbs/Gossiping/M.1495437445.A.946.html download to ptt/Gossiping/20740_17.txt, time: 5.840000
/bbs/Gossiping/M.1495437504.A.BEF.html download to ptt/Gossiping/20740_18.txt, time: 6.780000
/bbs/Gossiping/M.1495437510.A.722.html download to ptt/Gossiping/20740_19.txt, time: 4.560000
page 20739
/bbs/Gossiping/M.1495436256.A.41D.html download to ptt/Gossiping/20739_0.txt, time: 6.220000
/bbs/Gossiping/M.1495436268.A.370.html download to ptt/Gossiping/20739_1.txt, time: 3.410000
/bbs/Gossiping/M.1495436288.A.B13.html download to ptt/Gossiping/20739_2.txt, time: 5.420000
/bbs/Gossiping/M.1495436297.A.0F9.html download to ptt/Gossiping/20739_3.txt, time: 5.010000
/bbs/Gossiping/M.1495436301.A.344.html download to ptt/Gossiping/20739_4.txt, time: 3.840000
/bbs/Gossiping/M.1495436337.A.D5D.html download to ptt/Gossiping/20739_5.txt, time: 5.610000
/bbs/Gossiping/M.1495436341.A.124.html download to ptt/Gossiping/20739_6.txt, time: 5.530000
/bbs/Gossiping/M.1495436382.A.9E6.html download to ptt/Gossiping/20739_7.txt, time: 4.230000
/bbs/Gossiping/M.1495436401.A.7A3.html download to ptt/Gossiping/20739_8.txt, time: 4.650000
/bbs/Gossiping/M.1495436420.A.8CA.html download to ptt/Gossiping/20739_9.txt, time: 3.590000
/bbs/Gossiping/M.1495436453.A.DC9.html download to ptt/Gossiping/20739_10.txt, time: 5.280000
/bbs/Gossiping/M.1495436494.A.DB0.html download to ptt/Gossiping/20739_11.txt, time: 5.250000
/bbs/Gossiping/M.1495436509.A.40F.html download to ptt/Gossiping/20739_12.txt, time: 5.120000
/bbs/Gossiping/M.1495436561.A.D61.html download to ptt/Gossiping/20739_13.txt, time: 5.140000
/bbs/Gossiping/M.1495436588.A.FEA.html download to ptt/Gossiping/20739_14.txt, time: 4.650000
/bbs/Gossiping/M.1495436613.A.A43.html download to ptt/Gossiping/20739_15.txt, time: 4.740000
/bbs/Gossiping/M.1495436633.A.209.html download to ptt/Gossiping/20739_16.txt, time: 3.730000
/bbs/Gossiping/M.1495436694.A.CEE.html download to ptt/Gossiping/20739_17.txt, time: 4.350000
/bbs/Gossiping/M.1495436710.A.1F1.html download to ptt/Gossiping/20739_18.txt, time: 4.870000
/bbs/Gossiping/M.1495436727.A.5CE.html download to ptt/Gossiping/20739_19.txt, time: 16.590000
page 20738
/bbs/Gossiping/M.1495435538.A.0E9.html download to ptt/Gossiping/20738_0.txt, time: 6.870000
/bbs/Gossiping/M.1495435571.A.24C.html download to ptt/Gossiping/20738_1.txt, time: 15.710000
/bbs/Gossiping/M.1495435629.A.3E9.html download to ptt/Gossiping/20738_2.txt, time: 8.160000
/bbs/Gossiping/M.1495435642.A.508.html download to ptt/Gossiping/20738_3.txt, time: 5.830000
/bbs/Gossiping/M.1495435771.A.733.html download to ptt/Gossiping/20738_4.txt, time: 4.260000
/bbs/Gossiping/M.1495435891.A.8AB.html download to ptt/Gossiping/20738_5.txt, time: 3.950000
/bbs/Gossiping/M.1495435935.A.BCA.html download to ptt/Gossiping/20738_6.txt, time: 4.550000
/bbs/Gossiping/M.1495435962.A.F69.html download to ptt/Gossiping/20738_7.txt, time: 3.250000
/bbs/Gossiping/M.1495435978.A.8A2.html download to ptt/Gossiping/20738_8.txt, time: 4.990000
/bbs/Gossiping/M.1495435979.A.F1B.html download to ptt/Gossiping/20738_9.txt, time: 5.160000
/bbs/Gossiping/M.1495435984.A.681.html download to ptt/Gossiping/20738_10.txt, time: 4.270000
/bbs/Gossiping/M.1495435987.A.11A.html download to ptt/Gossiping/20738_11.txt, time: 4.060000
/bbs/Gossiping/M.1495436010.A.2FF.html download to ptt/Gossiping/20738_12.txt, time: 2.900000
/bbs/Gossiping/M.1495436110.A.BD3.html download to ptt/Gossiping/20738_13.txt, time: 5.100000
/bbs/Gossiping/M.1495436170.A.FCC.html download to ptt/Gossiping/20738_14.txt, time: 5.890000
/bbs/Gossiping/M.1495436186.A.453.html download to ptt/Gossiping/20738_15.txt, time: 4.150000
/bbs/Gossiping/M.1495436206.A.8A1.html download to ptt/Gossiping/20738_16.txt, time: 3.890000
/bbs/Gossiping/M.1495436215.A.BD2.html download to ptt/Gossiping/20738_17.txt, time: 4.640000
/bbs/Gossiping/M.1495436218.A.140.html download to ptt/Gossiping/20738_18.txt, time: 4.070000
/bbs/Gossiping/M.1495436228.A.2F0.html download to ptt/Gossiping/20738_19.txt, time: 4.890000
page 20737
/bbs/Gossiping/M.1495434994.A.89B.html download to ptt/Gossiping/20737_0.txt, time: 4.320000
/bbs/Gossiping/M.1495435032.A.5A2.html download to ptt/Gossiping/20737_1.txt, time: 3.970000
/bbs/Gossiping/M.1495435045.A.57E.html download to ptt/Gossiping/20737_2.txt, time: 5.730000
/bbs/Gossiping/M.1495435092.A.808.html download to ptt/Gossiping/20737_3.txt, time: 3.900000
/bbs/Gossiping/M.1495435097.A.A11.html download to ptt/Gossiping/20737_4.txt, time: 4.290000
/bbs/Gossiping/M.1495435116.A.930.html download to ptt/Gossiping/20737_5.txt, time: 2.250000
/bbs/Gossiping/M.1495435140.A.4A9.html download to ptt/Gossiping/20737_6.txt, time: 3.230000
/bbs/Gossiping/M.1495435150.A.A03.html download to ptt/Gossiping/20737_7.txt, time: 4.190000
/bbs/Gossiping/M.1495435151.A.89B.html download to ptt/Gossiping/20737_8.txt, time: 5.930000
/bbs/Gossiping/M.1495435165.A.BDB.html download to ptt/Gossiping/20737_9.txt, time: 4.610000
/bbs/Gossiping/M.1495435206.A.DFE.html download to ptt/Gossiping/20737_10.txt, time: 3.960000
/bbs/Gossiping/M.1495435326.A.C9B.html download to ptt/Gossiping/20737_11.txt, time: 3.810000
/bbs/Gossiping/M.1495435376.A.A1E.html download to ptt/Gossiping/20737_12.txt, time: 4.110000
/bbs/Gossiping/M.1495435409.A.41D.html download to ptt/Gossiping/20737_13.txt, time: 3.570000
/bbs/Gossiping/M.1495435416.A.E74.html download to ptt/Gossiping/20737_14.txt, time: 6.210000
/bbs/Gossiping/M.1495435423.A.895.html download to ptt/Gossiping/20737_15.txt, time: 5.550000
/bbs/Gossiping/M.1495435440.A.A5D.html download to ptt/Gossiping/20737_16.txt, time: 3.890000
/bbs/Gossiping/M.1495435483.A.04C.html download to ptt/Gossiping/20737_17.txt, time: 3.160000
/bbs/Gossiping/M.1495435498.A.27C.html download to ptt/Gossiping/20737_18.txt, time: 3.790000
/bbs/Gossiping/M.1495435525.A.483.html download to ptt/Gossiping/20737_19.txt, time: 6.250000
page 20736
/bbs/Gossiping/M.1495434293.A.D0D.html download to ptt/Gossiping/20736_0.txt, time: 3.380000
/bbs/Gossiping/M.1495434313.A.353.html download to ptt/Gossiping/20736_1.txt, time: 3.830000
/bbs/Gossiping/M.1495434328.A.17F.html download to ptt/Gossiping/20736_2.txt, time: 3.520000
/bbs/Gossiping/M.1495434366.A.866.html download to ptt/Gossiping/20736_3.txt, time: 4.510000
/bbs/Gossiping/M.1495434368.A.A48.html download to ptt/Gossiping/20736_4.txt, time: 4.670000
/bbs/Gossiping/M.1495434422.A.8F7.html download to ptt/Gossiping/20736_5.txt, time: 2.920000
/bbs/Gossiping/M.1495434522.A.439.html download to ptt/Gossiping/20736_6.txt, time: 3.630000
/bbs/Gossiping/M.1495434523.A.A45.html download to ptt/Gossiping/20736_7.txt, time: 2.620000
/bbs/Gossiping/M.1495434587.A.7AA.html download to ptt/Gossiping/20736_8.txt, time: 3.400000
/bbs/Gossiping/M.1495434589.A.5E6.html download to ptt/Gossiping/20736_9.txt, time: 2.630000
/bbs/Gossiping/M.1495434636.A.53D.html download to ptt/Gossiping/20736_10.txt, time: 2.680000
/bbs/Gossiping/M.1495434653.A.0E1.html download to ptt/Gossiping/20736_11.txt, time: 2.800000
/bbs/Gossiping/M.1495434665.A.F10.html download to ptt/Gossiping/20736_12.txt, time: 4.060000
/bbs/Gossiping/M.1495434681.A.FF5.html download to ptt/Gossiping/20736_13.txt, time: 3.240000
/bbs/Gossiping/M.1495434731.A.B6F.html download to ptt/Gossiping/20736_14.txt, time: 3.530000
/bbs/Gossiping/M.1495434744.A.8BE.html download to ptt/Gossiping/20736_15.txt, time: 3.790000
/bbs/Gossiping/M.1495434866.A.32B.html download to ptt/Gossiping/20736_16.txt, time: 3.720000
/bbs/Gossiping/M.1495434909.A.EA7.html download to ptt/Gossiping/20736_17.txt, time: 4.330000
/bbs/Gossiping/M.1495434922.A.F85.html download to ptt/Gossiping/20736_18.txt, time: 3.790000
/bbs/Gossiping/M.1495434951.A.789.html download to ptt/Gossiping/20736_19.txt, time: 4.330000
time: 535.777083158493 seconds
