page 20760
/bbs/Gossiping/M.1495449479.A.CEE.html download to ptt/Gossiping/20760_0.txt, time: 5.520000
/bbs/Gossiping/M.1495449481.A.916.html download to ptt/Gossiping/20760_1.txt, time: 7.580000
/bbs/Gossiping/M.1495449499.A.75A.html download to ptt/Gossiping/20760_2.txt, time: 4.600000
/bbs/Gossiping/M.1495449542.A.C5F.html download to ptt/Gossiping/20760_3.txt, time: 6.150000
/bbs/Gossiping/M.1495449642.A.EB4.html download to ptt/Gossiping/20760_4.txt, time: 4.750000
/bbs/Gossiping/M.1495449744.A.D70.html download to ptt/Gossiping/20760_5.txt, time: 4.630000
/bbs/Gossiping/M.1495449759.A.962.html download to ptt/Gossiping/20760_6.txt, time: 4.610000
/bbs/Gossiping/M.1495449776.A.8D5.html download to ptt/Gossiping/20760_7.txt, time: 5.930000
/bbs/Gossiping/M.1495449817.A.2E5.html download to ptt/Gossiping/20760_8.txt, time: 6.650000
/bbs/Gossiping/M.1495449854.A.D22.html download to ptt/Gossiping/20760_9.txt, time: 4.260000
/bbs/Gossiping/M.1495449904.A.922.html download to ptt/Gossiping/20760_10.txt, time: 4.080000
/bbs/Gossiping/M.1495449955.A.BA3.html download to ptt/Gossiping/20760_11.txt, time: 4.390000
/bbs/Gossiping/M.1495449967.A.D6C.html download to ptt/Gossiping/20760_12.txt, time: 4.890000
/bbs/Gossiping/M.1495449998.A.E7A.html download to ptt/Gossiping/20760_13.txt, time: 5.820000
/bbs/Gossiping/M.1495450052.A.892.html download to ptt/Gossiping/20760_14.txt, time: 4.470000
/bbs/Gossiping/M.1495450058.A.9FD.html download to ptt/Gossiping/20760_15.txt, time: 5.410000
/bbs/Gossiping/M.1495450132.A.683.html download to ptt/Gossiping/20760_16.txt, time: 3.470000
/bbs/Gossiping/M.1495450147.A.F8D.html download to ptt/Gossiping/20760_17.txt, time: 3.910000
/bbs/Gossiping/M.1495450159.A.9A4.html download to ptt/Gossiping/20760_18.txt, time: 4.920000
/bbs/Gossiping/M.1495450185.A.A50.html download to ptt/Gossiping/20760_19.txt, time: 3.530000
page 20759
/bbs/Gossiping/M.1495448980.A.57D.html download to ptt/Gossiping/20759_0.txt, time: 5.670000
/bbs/Gossiping/M.1495449090.A.141.html download to ptt/Gossiping/20759_1.txt, time: 4.720000
/bbs/Gossiping/M.1495449096.A.7FB.html download to ptt/Gossiping/20759_2.txt, time: 5.420000
/bbs/Gossiping/M.1495449129.A.1F3.html download to ptt/Gossiping/20759_3.txt, time: 4.500000
/bbs/Gossiping/M.1495449137.A.6E5.html download to ptt/Gossiping/20759_4.txt, time: 3.840000
/bbs/Gossiping/M.1495449137.A.62A.html download to ptt/Gossiping/20759_5.txt, time: 4.480000
/bbs/Gossiping/M.1495449192.A.0F0.html download to ptt/Gossiping/20759_6.txt, time: 5.060000
/bbs/Gossiping/M.1495449199.A.5FA.html download to ptt/Gossiping/20759_7.txt, time: 4.330000
/bbs/Gossiping/M.1495449203.A.0C4.html download to ptt/Gossiping/20759_8.txt, time: 5.550000
/bbs/Gossiping/M.1495449269.A.E23.html download to ptt/Gossiping/20759_9.txt, time: 5.410000
/bbs/Gossiping/M.1495449283.A.454.html download to ptt/Gossiping/20759_10.txt, time: 4.760000
/bbs/Gossiping/M.1495449291.A.B1B.html download to ptt/Gossiping/20759_11.txt, time: 4.700000
/bbs/Gossiping/M.1495449307.A.B61.html download to ptt/Gossiping/20759_12.txt, time: 5.690000
/bbs/Gossiping/M.1495449317.A.FE8.html download to ptt/Gossiping/20759_13.txt, time: 4.910000
/bbs/Gossiping/M.1495449336.A.3B6.html download to ptt/Gossiping/20759_14.txt, time: 3.910000
/bbs/Gossiping/M.1495449367.A.49A.html download to ptt/Gossiping/20759_15.txt, time: 3.100000
/bbs/Gossiping/M.1495449395.A.962.html download to ptt/Gossiping/20759_16.txt, time: 4.390000
/bbs/Gossiping/M.1495449408.A.883.html download to ptt/Gossiping/20759_17.txt, time: 4.900000
/bbs/Gossiping/M.1495449439.A.73C.html download to ptt/Gossiping/20759_18.txt, time: 6.210000
/bbs/Gossiping/M.1495449460.A.D79.html download to ptt/Gossiping/20759_19.txt, time: 5.580000
page 20758
/bbs/Gossiping/M.1495448441.A.C05.html download to ptt/Gossiping/20758_0.txt, time: 6.830000
/bbs/Gossiping/M.1495448447.A.BA5.html download to ptt/Gossiping/20758_1.txt, time: 5.980000
/bbs/Gossiping/M.1495448494.A.3FE.html download to ptt/Gossiping/20758_2.txt, time: 3.910000
/bbs/Gossiping/M.1495448537.A.701.html download to ptt/Gossiping/20758_3.txt, time: 4.220000
/bbs/Gossiping/M.1495448570.A.A64.html download to ptt/Gossiping/20758_4.txt, time: 5.190000
/bbs/Gossiping/M.1495448593.A.456.html download to ptt/Gossiping/20758_5.txt, time: 5.030000
/bbs/Gossiping/M.1495448608.A.1C4.html download to ptt/Gossiping/20758_6.txt, time: 3.840000
/bbs/Gossiping/M.1495448642.A.8A0.html download to ptt/Gossiping/20758_7.txt, time: 5.130000
/bbs/Gossiping/M.1495448742.A.B58.html download to ptt/Gossiping/20758_8.txt, time: 5.930000
/bbs/Gossiping/M.1495448769.A.B66.html download to ptt/Gossiping/20758_9.txt, time: 6.840000
/bbs/Gossiping/M.1495448797.A.24F.html download to ptt/Gossiping/20758_10.txt, time: 5.520000
/bbs/Gossiping/M.1495448811.A.544.html download to ptt/Gossiping/20758_11.txt, time: 6.210000
/bbs/Gossiping/M.1495448812.A.AF3.html download to ptt/Gossiping/20758_12.txt, time: 5.340000
/bbs/Gossiping/M.1495448825.A.BF6.html download to ptt/Gossiping/20758_13.txt, time: 4.910000
/bbs/Gossiping/M.1495448852.A.7B3.html download to ptt/Gossiping/20758_14.txt, time: 3.530000
/bbs/Gossiping/M.1495448881.A.1C7.html download to ptt/Gossiping/20758_15.txt, time: 7.280000
/bbs/Gossiping/M.1495448925.A.260.html download to ptt/Gossiping/20758_16.txt, time: 3.410000
/bbs/Gossiping/M.1495448929.A.CDA.html download to ptt/Gossiping/20758_17.txt, time: 8.080000
/bbs/Gossiping/M.1495448933.A.4B3.html download to ptt/Gossiping/20758_18.txt, time: 3.470000
/bbs/Gossiping/M.1495448939.A.A8D.html download to ptt/Gossiping/20758_19.txt, time: 4.460000
page 20757
/bbs/Gossiping/M.1495447911.A.984.html download to ptt/Gossiping/20757_0.txt, time: 3.500000
/bbs/Gossiping/M.1495447930.A.663.html download to ptt/Gossiping/20757_1.txt, time: 3.250000
/bbs/Gossiping/M.1495447941.A.B1E.html download to ptt/Gossiping/20757_2.txt, time: 4.800000
/bbs/Gossiping/M.1495447957.A.343.html download to ptt/Gossiping/20757_3.txt, time: 4.000000
/bbs/Gossiping/M.1495448010.A.941.html download to ptt/Gossiping/20757_4.txt, time: 4.560000
/bbs/Gossiping/M.1495448056.A.EBF.html download to ptt/Gossiping/20757_5.txt, time: 3.400000
/bbs/Gossiping/M.1495448078.A.8A2.html download to ptt/Gossiping/20757_6.txt, time: 3.440000
/bbs/Gossiping/M.1495448108.A.E10.html download to ptt/Gossiping/20757_7.txt, time: 4.680000
/bbs/Gossiping/M.1495448108.A.235.html download to ptt/Gossiping/20757_8.txt, time: 4.810000
/bbs/Gossiping/M.1495448120.A.FD3.html download to ptt/Gossiping/20757_9.txt, time: 3.880000
/bbs/Gossiping/M.1495448138.A.1CF.html download to ptt/Gossiping/20757_10.txt, time: 2.800000
/bbs/Gossiping/M.1495448142.A.187.html download to ptt/Gossiping/20757_11.txt, time: 4.780000
/bbs/Gossiping/M.1495448161.A.3CF.html download to ptt/Gossiping/20757_12.txt, time: 3.010000
/bbs/Gossiping/M.1495448210.A.448.html download to ptt/Gossiping/20757_13.txt, time: 4.350000
/bbs/Gossiping/M.1495448234.A.A94.html download to ptt/Gossiping/20757_14.txt, time: 2.530000
/bbs/Gossiping/M.1495448238.A.30D.html download to ptt/Gossiping/20757_15.txt, time: 3.250000
/bbs/Gossiping/M.1495448247.A.168.html download to ptt/Gossiping/20757_16.txt, time: 3.430000
/bbs/Gossiping/M.1495448286.A.4D9.html download to ptt/Gossiping/20757_17.txt, time: 3.570000
/bbs/Gossiping/M.1495448299.A.83F.html download to ptt/Gossiping/20757_18.txt, time: 5.920000
/bbs/Gossiping/M.1495448363.A.056.html download to ptt/Gossiping/20757_19.txt, time: 4.640000
page 20756
/bbs/Gossiping/M.1495447089.A.364.html download to ptt/Gossiping/20756_0.txt, time: 4.460000
/bbs/Gossiping/M.1495447179.A.F7B.html download to ptt/Gossiping/20756_1.txt, time: 5.050000
/bbs/Gossiping/M.1495447217.A.7B4.html download to ptt/Gossiping/20756_2.txt, time: 5.020000
/bbs/Gossiping/M.1495447270.A.895.html download to ptt/Gossiping/20756_3.txt, time: 3.270000
/bbs/Gossiping/M.1495447301.A.CAC.html download to ptt/Gossiping/20756_4.txt, time: 4.740000
/bbs/Gossiping/M.1495447309.A.FF0.html download to ptt/Gossiping/20756_5.txt, time: 4.220000
/bbs/Gossiping/M.1495447370.A.B03.html download to ptt/Gossiping/20756_6.txt, time: 3.830000
/bbs/Gossiping/M.1495447470.A.429.html download to ptt/Gossiping/20756_7.txt, time: 3.040000
/bbs/Gossiping/M.1495447633.A.4BE.html download to ptt/Gossiping/20756_8.txt, time: 3.240000
/bbs/Gossiping/M.1495447689.A.B71.html download to ptt/Gossiping/20756_9.txt, time: 5.620000
/bbs/Gossiping/M.1495447743.A.016.html download to ptt/Gossiping/20756_10.txt, time: 3.140000
/bbs/Gossiping/M.1495447775.A.6F6.html download to ptt/Gossiping/20756_11.txt, time: 3.670000
/bbs/Gossiping/M.1495447782.A.1ED.html download to ptt/Gossiping/20756_12.txt, time: 4.130000
/bbs/Gossiping/M.1495447801.A.5D2.html download to ptt/Gossiping/20756_13.txt, time: 4.030000
/bbs/Gossiping/M.1495447804.A.AA4.html download to ptt/Gossiping/20756_14.txt, time: 3.300000
/bbs/Gossiping/M.1495447808.A.C6A.html download to ptt/Gossiping/20756_15.txt, time: 3.360000
/bbs/Gossiping/M.1495447813.A.76B.html download to ptt/Gossiping/20756_16.txt, time: 2.800000
/bbs/Gossiping/M.1495447817.A.A5B.html download to ptt/Gossiping/20756_17.txt, time: 4.370000
/bbs/Gossiping/M.1495447884.A.142.html download to ptt/Gossiping/20756_18.txt, time: 3.170000
/bbs/Gossiping/M.1495447887.A.92B.html download to ptt/Gossiping/20756_19.txt, time: 3.130000
time: 522.0577487945557 seconds
