page 20780
/bbs/Gossiping/M.1495458852.A.27A.html download to ptt/Gossiping/20780_0.txt, time: 5.530000
/bbs/Gossiping/M.1495458872.A.E5B.html download to ptt/Gossiping/20780_1.txt, time: 10.250000
/bbs/Gossiping/M.1495458888.A.84A.html download to ptt/Gossiping/20780_2.txt, time: 4.760000
/bbs/Gossiping/M.1495458916.A.B91.html download to ptt/Gossiping/20780_3.txt, time: 4.530000
/bbs/Gossiping/M.1495458918.A.388.html download to ptt/Gossiping/20780_4.txt, time: 5.390000
/bbs/Gossiping/M.1495458944.A.05A.html download to ptt/Gossiping/20780_5.txt, time: 3.900000
/bbs/Gossiping/M.1495458947.A.DC9.html download to ptt/Gossiping/20780_6.txt, time: 4.090000
/bbs/Gossiping/M.1495458948.A.CEF.html download to ptt/Gossiping/20780_7.txt, time: 6.720000
/bbs/Gossiping/M.1495458964.A.159.html download to ptt/Gossiping/20780_8.txt, time: 8.420000
/bbs/Gossiping/M.1495459013.A.0E1.html download to ptt/Gossiping/20780_9.txt, time: 4.160000
/bbs/Gossiping/M.1495459032.A.89B.html download to ptt/Gossiping/20780_10.txt, time: 5.480000
/bbs/Gossiping/M.1495459066.A.D15.html download to ptt/Gossiping/20780_11.txt, time: 3.080000
/bbs/Gossiping/M.1495459068.A.508.html download to ptt/Gossiping/20780_12.txt, time: 6.450000
/bbs/Gossiping/M.1495459084.A.0F7.html download to ptt/Gossiping/20780_13.txt, time: 4.350000
/bbs/Gossiping/M.1495459095.A.BE6.html download to ptt/Gossiping/20780_14.txt, time: 4.050000
/bbs/Gossiping/M.1495459096.A.805.html download to ptt/Gossiping/20780_15.txt, time: 5.710000
/bbs/Gossiping/M.1495459100.A.754.html download to ptt/Gossiping/20780_16.txt, time: 6.150000
/bbs/Gossiping/M.1495459132.A.C94.html download to ptt/Gossiping/20780_17.txt, time: 3.340000
/bbs/Gossiping/M.1495459165.A.158.html download to ptt/Gossiping/20780_18.txt, time: 4.870000
/bbs/Gossiping/M.1495459186.A.F2A.html download to ptt/Gossiping/20780_19.txt, time: 5.880000
page 20779
/bbs/Gossiping/M.1495458522.A.C15.html download to ptt/Gossiping/20779_0.txt, time: 4.350000
/bbs/Gossiping/M.1495458553.A.9F1.html download to ptt/Gossiping/20779_1.txt, time: 5.780000
/bbs/Gossiping/M.1495458557.A.24C.html download to ptt/Gossiping/20779_2.txt, time: 4.760000
/bbs/Gossiping/M.1495458558.A.66D.html download to ptt/Gossiping/20779_3.txt, time: 4.170000
/bbs/Gossiping/M.1495458559.A.6C0.html download to ptt/Gossiping/20779_4.txt, time: 4.200000
/bbs/Gossiping/M.1495458567.A.9F1.html download to ptt/Gossiping/20779_5.txt, time: 3.090000
/bbs/Gossiping/M.1495458611.A.244.html download to ptt/Gossiping/20779_6.txt, time: 3.830000
/bbs/Gossiping/M.1495458663.A.7D7.html download to ptt/Gossiping/20779_7.txt, time: 3.880000
/bbs/Gossiping/M.1495458665.A.02D.html download to ptt/Gossiping/20779_8.txt, time: 3.630000
/bbs/Gossiping/M.1495458679.A.703.html download to ptt/Gossiping/20779_9.txt, time: 4.050000
/bbs/Gossiping/M.1495458730.A.9C2.html download to ptt/Gossiping/20779_10.txt, time: 4.390000
/bbs/Gossiping/M.1495458749.A.EAA.html download to ptt/Gossiping/20779_11.txt, time: 4.630000
/bbs/Gossiping/M.1495458751.A.FDD.html download to ptt/Gossiping/20779_12.txt, time: 5.680000
/bbs/Gossiping/M.1495458769.A.1C7.html download to ptt/Gossiping/20779_13.txt, time: 5.550000
/bbs/Gossiping/M.1495458786.A.706.html download to ptt/Gossiping/20779_14.txt, time: 3.980000
/bbs/Gossiping/M.1495458786.A.17E.html download to ptt/Gossiping/20779_15.txt, time: 4.030000
/bbs/Gossiping/M.1495458794.A.C75.html download to ptt/Gossiping/20779_16.txt, time: 5.070000
/bbs/Gossiping/M.1495458802.A.CA0.html download to ptt/Gossiping/20779_17.txt, time: 8.200000
/bbs/Gossiping/M.1495458819.A.AE4.html download to ptt/Gossiping/20779_18.txt, time: 8.140000
/bbs/Gossiping/M.1495458841.A.193.html download to ptt/Gossiping/20779_19.txt, time: 4.290000
page 20778
/bbs/Gossiping/M.1495458159.A.0CF.html download to ptt/Gossiping/20778_0.txt, time: 9.080000
/bbs/Gossiping/M.1495458170.A.94A.html download to ptt/Gossiping/20778_1.txt, time: 10.150000
/bbs/Gossiping/M.1495458215.A.5AF.html download to ptt/Gossiping/20778_2.txt, time: 10.420000
/bbs/Gossiping/M.1495458225.A.A10.html download to ptt/Gossiping/20778_3.txt, time: 8.620000
/bbs/Gossiping/M.1495458239.A.2B0.html download to ptt/Gossiping/20778_4.txt, time: 8.460000
/bbs/Gossiping/M.1495458250.A.35D.html download to ptt/Gossiping/20778_5.txt, time: 5.600000
/bbs/Gossiping/M.1495458254.A.7A0.html download to ptt/Gossiping/20778_6.txt, time: 12.660000
/bbs/Gossiping/M.1495458265.A.2A6.html download to ptt/Gossiping/20778_7.txt, time: 10.400000
/bbs/Gossiping/M.1495458273.A.9BC.html download to ptt/Gossiping/20778_8.txt, time: 4.560000
/bbs/Gossiping/M.1495458300.A.DA6.html download to ptt/Gossiping/20778_9.txt, time: 7.850000
/bbs/Gossiping/M.1495458310.A.F4D.html download to ptt/Gossiping/20778_10.txt, time: 3.800000
/bbs/Gossiping/M.1495458315.A.776.html download to ptt/Gossiping/20778_11.txt, time: 5.180000
/bbs/Gossiping/M.1495458352.A.653.html download to ptt/Gossiping/20778_12.txt, time: 3.420000
/bbs/Gossiping/M.1495458378.A.498.html download to ptt/Gossiping/20778_13.txt, time: 5.720000
/bbs/Gossiping/M.1495458417.A.314.html download to ptt/Gossiping/20778_14.txt, time: 3.860000
/bbs/Gossiping/M.1495458417.A.DE9.html download to ptt/Gossiping/20778_15.txt, time: 4.020000
/bbs/Gossiping/M.1495458421.A.808.html download to ptt/Gossiping/20778_16.txt, time: 3.330000
/bbs/Gossiping/M.1495458438.A.B27.html download to ptt/Gossiping/20778_17.txt, time: 3.200000
/bbs/Gossiping/M.1495458474.A.F25.html download to ptt/Gossiping/20778_18.txt, time: 4.590000
/bbs/Gossiping/M.1495458493.A.1A8.html download to ptt/Gossiping/20778_19.txt, time: 4.920000
page 20777
/bbs/Gossiping/M.1495457744.A.83D.html download to ptt/Gossiping/20777_0.txt, time: 5.550000
/bbs/Gossiping/M.1495457757.A.1F9.html download to ptt/Gossiping/20777_1.txt, time: 3.780000
/bbs/Gossiping/M.1495457775.A.249.html download to ptt/Gossiping/20777_2.txt, time: 4.130000
/bbs/Gossiping/M.1495457782.A.F73.html download to ptt/Gossiping/20777_3.txt, time: 5.520000
/bbs/Gossiping/M.1495457791.A.721.html download to ptt/Gossiping/20777_4.txt, time: 4.970000
/bbs/Gossiping/M.1495457831.A.DB7.html download to ptt/Gossiping/20777_5.txt, time: 1.860000
/bbs/Gossiping/M.1495457857.A.AA3.html download to ptt/Gossiping/20777_6.txt, time: 5.170000
/bbs/Gossiping/M.1495457860.A.F2B.html download to ptt/Gossiping/20777_7.txt, time: 3.780000
/bbs/Gossiping/M.1495457873.A.6FA.html download to ptt/Gossiping/20777_8.txt, time: 7.680000
/bbs/Gossiping/M.1495457938.A.E1B.html download to ptt/Gossiping/20777_9.txt, time: 6.160000
/bbs/Gossiping/M.1495457999.A.F93.html download to ptt/Gossiping/20777_10.txt, time: 3.720000
/bbs/Gossiping/M.1495458018.A.D89.html download to ptt/Gossiping/20777_11.txt, time: 3.390000
/bbs/Gossiping/M.1495458020.A.F28.html download to ptt/Gossiping/20777_12.txt, time: 4.330000
/bbs/Gossiping/M.1495458047.A.646.html download to ptt/Gossiping/20777_13.txt, time: 5.770000
/bbs/Gossiping/M.1495458050.A.F82.html download to ptt/Gossiping/20777_14.txt, time: 5.400000
/bbs/Gossiping/M.1495458085.A.B4C.html download to ptt/Gossiping/20777_15.txt, time: 4.380000
/bbs/Gossiping/M.1495458095.A.7C3.html download to ptt/Gossiping/20777_16.txt, time: 2.950000
/bbs/Gossiping/M.1495458118.A.F6B.html download to ptt/Gossiping/20777_17.txt, time: 3.770000
/bbs/Gossiping/M.1495458125.A.070.html download to ptt/Gossiping/20777_18.txt, time: 2.840000
/bbs/Gossiping/M.1495458156.A.39B.html download to ptt/Gossiping/20777_19.txt, time: 3.480000
page 20776
/bbs/Gossiping/M.1495457386.A.782.html download to ptt/Gossiping/20776_0.txt, time: 4.690000
/bbs/Gossiping/M.1495457392.A.AD7.html download to ptt/Gossiping/20776_1.txt, time: 3.000000
/bbs/Gossiping/M.1495457399.A.A03.html download to ptt/Gossiping/20776_2.txt, time: 3.450000
/bbs/Gossiping/M.1495457419.A.70A.html download to ptt/Gossiping/20776_3.txt, time: 3.240000
/bbs/Gossiping/M.1495457439.A.C6B.html download to ptt/Gossiping/20776_4.txt, time: 3.040000
/bbs/Gossiping/M.1495457442.A.AC5.html download to ptt/Gossiping/20776_5.txt, time: 3.810000
/bbs/Gossiping/M.1495457455.A.ADF.html download to ptt/Gossiping/20776_6.txt, time: 4.110000
/bbs/Gossiping/M.1495457465.A.ABD.html download to ptt/Gossiping/20776_7.txt, time: 2.670000
/bbs/Gossiping/M.1495457471.A.DE9.html download to ptt/Gossiping/20776_8.txt, time: 2.910000
/bbs/Gossiping/M.1495457513.A.C8F.html download to ptt/Gossiping/20776_9.txt, time: 3.460000
/bbs/Gossiping/M.1495457538.A.D75.html download to ptt/Gossiping/20776_10.txt, time: 3.300000
/bbs/Gossiping/M.1495457562.A.263.html download to ptt/Gossiping/20776_11.txt, time: 4.050000
/bbs/Gossiping/M.1495457571.A.628.html download to ptt/Gossiping/20776_12.txt, time: 2.820000
/bbs/Gossiping/M.1495457575.A.C81.html download to ptt/Gossiping/20776_13.txt, time: 5.130000
/bbs/Gossiping/M.1495457601.A.7FF.html download to ptt/Gossiping/20776_14.txt, time: 5.080000
/bbs/Gossiping/M.1495457607.A.5E7.html download to ptt/Gossiping/20776_15.txt, time: 2.480000
/bbs/Gossiping/M.1495457626.A.8F5.html download to ptt/Gossiping/20776_16.txt, time: 2.450000
/bbs/Gossiping/M.1495457637.A.ED8.html download to ptt/Gossiping/20776_17.txt, time: 0.820000
/bbs/Gossiping/M.1495457648.A.A39.html download to ptt/Gossiping/20776_18.txt, time: 0.930000
/bbs/Gossiping/M.1495457730.A.329.html download to ptt/Gossiping/20776_19.txt, time: 0.990000
time: 551.0098578929901 seconds
