page 20790
/bbs/Gossiping/M.1495463016.A.F41.html download to ptt/Gossiping/20790_0.txt, time: 4.960000
/bbs/Gossiping/M.1495463028.A.CA9.html download to ptt/Gossiping/20790_1.txt, time: 4.990000
/bbs/Gossiping/M.1495463031.A.3F0.html download to ptt/Gossiping/20790_2.txt, time: 8.780000
/bbs/Gossiping/M.1495463077.A.0D8.html download to ptt/Gossiping/20790_3.txt, time: 4.570000
/bbs/Gossiping/M.1495463087.A.2F3.html download to ptt/Gossiping/20790_4.txt, time: 3.170000
/bbs/Gossiping/M.1495463095.A.E5A.html download to ptt/Gossiping/20790_5.txt, time: 3.850000
/bbs/Gossiping/M.1495463108.A.8AF.html download to ptt/Gossiping/20790_6.txt, time: 3.500000
/bbs/Gossiping/M.1495463131.A.F24.html download to ptt/Gossiping/20790_7.txt, time: 5.950000
/bbs/Gossiping/M.1495463132.A.B6D.html download to ptt/Gossiping/20790_8.txt, time: 6.350000
/bbs/Gossiping/M.1495463190.A.64E.html download to ptt/Gossiping/20790_9.txt, time: 6.490000
/bbs/Gossiping/M.1495463195.A.A94.html download to ptt/Gossiping/20790_10.txt, time: 4.970000
/bbs/Gossiping/M.1495463205.A.7D7.html download to ptt/Gossiping/20790_11.txt, time: 4.560000
/bbs/Gossiping/M.1495463246.A.6D3.html download to ptt/Gossiping/20790_12.txt, time: 4.150000
/bbs/Gossiping/M.1495463253.A.4C1.html download to ptt/Gossiping/20790_13.txt, time: 3.730000
/bbs/Gossiping/M.1495463280.A.8D7.html download to ptt/Gossiping/20790_14.txt, time: 3.660000
/bbs/Gossiping/M.1495463288.A.C90.html download to ptt/Gossiping/20790_15.txt, time: 5.510000
/bbs/Gossiping/M.1495463298.A.CCA.html download to ptt/Gossiping/20790_16.txt, time: 3.470000
/bbs/Gossiping/M.1495463305.A.3B2.html download to ptt/Gossiping/20790_17.txt, time: 5.290000
/bbs/Gossiping/M.1495463327.A.E89.html download to ptt/Gossiping/20790_18.txt, time: 4.870000
/bbs/Gossiping/M.1495463335.A.F79.html download to ptt/Gossiping/20790_19.txt, time: 3.960000
page 20789
/bbs/Gossiping/M.1495462700.A.610.html download to ptt/Gossiping/20789_0.txt, time: 5.930000
/bbs/Gossiping/M.1495462746.A.F07.html download to ptt/Gossiping/20789_1.txt, time: 6.040000
/bbs/Gossiping/M.1495462768.A.D68.html download to ptt/Gossiping/20789_2.txt, time: 3.960000
/bbs/Gossiping/M.1495462775.A.907.html download to ptt/Gossiping/20789_3.txt, time: 4.280000
/bbs/Gossiping/M.1495462819.A.6CA.html download to ptt/Gossiping/20789_4.txt, time: 4.090000
/bbs/Gossiping/M.1495462825.A.8FE.html download to ptt/Gossiping/20789_5.txt, time: 4.720000
/bbs/Gossiping/M.1495462839.A.119.html download to ptt/Gossiping/20789_6.txt, time: 7.610000
/bbs/Gossiping/M.1495462844.A.A16.html download to ptt/Gossiping/20789_7.txt, time: 5.720000
/bbs/Gossiping/M.1495462859.A.FC6.html download to ptt/Gossiping/20789_8.txt, time: 3.800000
/bbs/Gossiping/M.1495462859.A.CA0.html download to ptt/Gossiping/20789_9.txt, time: 4.030000
/bbs/Gossiping/M.1495462897.A.E6C.html download to ptt/Gossiping/20789_10.txt, time: 4.220000
/bbs/Gossiping/M.1495462937.A.F31.html download to ptt/Gossiping/20789_11.txt, time: 3.350000
/bbs/Gossiping/M.1495462943.A.63A.html download to ptt/Gossiping/20789_12.txt, time: 6.210000
/bbs/Gossiping/M.1495462945.A.122.html download to ptt/Gossiping/20789_13.txt, time: 6.250000
/bbs/Gossiping/M.1495462951.A.F03.html download to ptt/Gossiping/20789_14.txt, time: 6.470000
/bbs/Gossiping/M.1495462955.A.79C.html download to ptt/Gossiping/20789_15.txt, time: 4.820000
/bbs/Gossiping/M.1495462976.A.5DE.html download to ptt/Gossiping/20789_16.txt, time: 4.350000
/bbs/Gossiping/M.1495462983.A.505.html download to ptt/Gossiping/20789_17.txt, time: 12.170000
/bbs/Gossiping/M.1495462985.A.056.html download to ptt/Gossiping/20789_18.txt, time: 4.790000
/bbs/Gossiping/M.1495462985.A.37E.html download to ptt/Gossiping/20789_19.txt, time: 5.590000
page 20788
/bbs/Gossiping/M.1495462314.A.E2D.html download to ptt/Gossiping/20788_0.txt, time: 6.860000
/bbs/Gossiping/M.1495462363.A.552.html download to ptt/Gossiping/20788_1.txt, time: 4.860000
/bbs/Gossiping/M.1495462376.A.EB9.html download to ptt/Gossiping/20788_2.txt, time: 8.220000
/bbs/Gossiping/M.1495462383.A.C60.html download to ptt/Gossiping/20788_3.txt, time: 5.650000
/bbs/Gossiping/M.1495462383.A.176.html download to ptt/Gossiping/20788_4.txt, time: 5.540000
/bbs/Gossiping/M.1495462429.A.69F.html download to ptt/Gossiping/20788_5.txt, time: 10.280000
/bbs/Gossiping/M.1495462433.A.B3B.html download to ptt/Gossiping/20788_6.txt, time: 7.150000
/bbs/Gossiping/M.1495462442.A.C12.html download to ptt/Gossiping/20788_7.txt, time: 5.830000
/bbs/Gossiping/M.1495462461.A.DD8.html download to ptt/Gossiping/20788_8.txt, time: 4.830000
/bbs/Gossiping/M.1495462482.A.0AD.html download to ptt/Gossiping/20788_9.txt, time: 7.570000
/bbs/Gossiping/M.1495462507.A.5D8.html download to ptt/Gossiping/20788_10.txt, time: 4.070000
/bbs/Gossiping/M.1495462564.A.7CC.html download to ptt/Gossiping/20788_11.txt, time: 4.400000
/bbs/Gossiping/M.1495462566.A.F56.html download to ptt/Gossiping/20788_12.txt, time: 4.720000
/bbs/Gossiping/M.1495462574.A.B38.html download to ptt/Gossiping/20788_13.txt, time: 3.900000
/bbs/Gossiping/M.1495462596.A.88F.html download to ptt/Gossiping/20788_14.txt, time: 8.190000
/bbs/Gossiping/M.1495462613.A.56F.html download to ptt/Gossiping/20788_15.txt, time: 3.590000
/bbs/Gossiping/M.1495462647.A.0B8.html download to ptt/Gossiping/20788_16.txt, time: 3.410000
/bbs/Gossiping/M.1495462647.A.C71.html download to ptt/Gossiping/20788_17.txt, time: 3.190000
/bbs/Gossiping/M.1495462682.A.BFD.html download to ptt/Gossiping/20788_18.txt, time: 3.640000
/bbs/Gossiping/M.1495462683.A.103.html download to ptt/Gossiping/20788_19.txt, time: 3.410000
page 20787
/bbs/Gossiping/M.1495461814.A.A9A.html download to ptt/Gossiping/20787_0.txt, time: 3.350000
/bbs/Gossiping/M.1495461819.A.6B5.html download to ptt/Gossiping/20787_1.txt, time: 3.780000
/bbs/Gossiping/M.1495461822.A.091.html download to ptt/Gossiping/20787_2.txt, time: 3.960000
/bbs/Gossiping/M.1495461830.A.A6C.html download to ptt/Gossiping/20787_3.txt, time: 3.590000
/bbs/Gossiping/M.1495461856.A.282.html download to ptt/Gossiping/20787_4.txt, time: 3.260000
/bbs/Gossiping/M.1495461878.A.B2F.html download to ptt/Gossiping/20787_5.txt, time: 3.620000
/bbs/Gossiping/M.1495461941.A.F35.html download to ptt/Gossiping/20787_6.txt, time: 2.920000
/bbs/Gossiping/M.1495461957.A.CAE.html download to ptt/Gossiping/20787_7.txt, time: 4.430000
/bbs/Gossiping/M.1495461976.A.AA2.html download to ptt/Gossiping/20787_8.txt, time: 4.470000
/bbs/Gossiping/M.1495461994.A.864.html download to ptt/Gossiping/20787_9.txt, time: 1.970000
/bbs/Gossiping/M.1495462022.A.9D4.html download to ptt/Gossiping/20787_10.txt, time: 3.470000
/bbs/Gossiping/M.1495462041.A.31F.html download to ptt/Gossiping/20787_11.txt, time: 4.380000
/bbs/Gossiping/M.1495462141.A.C2E.html download to ptt/Gossiping/20787_12.txt, time: 4.250000
/bbs/Gossiping/M.1495462154.A.36E.html download to ptt/Gossiping/20787_13.txt, time: 2.750000
/bbs/Gossiping/M.1495462180.A.5A9.html download to ptt/Gossiping/20787_14.txt, time: 4.440000
/bbs/Gossiping/M.1495462216.A.829.html download to ptt/Gossiping/20787_15.txt, time: 4.050000
/bbs/Gossiping/M.1495462222.A.1D7.html download to ptt/Gossiping/20787_16.txt, time: 8.940000
/bbs/Gossiping/M.1495462237.A.65C.html download to ptt/Gossiping/20787_17.txt, time: 5.400000
/bbs/Gossiping/M.1495462239.A.543.html download to ptt/Gossiping/20787_18.txt, time: 4.440000
/bbs/Gossiping/M.1495462263.A.A7E.html download to ptt/Gossiping/20787_19.txt, time: 5.800000
page 20786
/bbs/Gossiping/M.1495461408.A.04D.html download to ptt/Gossiping/20786_0.txt, time: 4.930000
/bbs/Gossiping/M.1495461450.A.EC8.html download to ptt/Gossiping/20786_1.txt, time: 2.720000
/bbs/Gossiping/M.1495461476.A.2C5.html download to ptt/Gossiping/20786_2.txt, time: 3.720000
/bbs/Gossiping/M.1495461504.A.083.html download to ptt/Gossiping/20786_3.txt, time: 3.740000
/bbs/Gossiping/M.1495461513.A.75A.html download to ptt/Gossiping/20786_4.txt, time: 4.260000
/bbs/Gossiping/M.1495461536.A.DA8.html download to ptt/Gossiping/20786_5.txt, time: 5.120000
/bbs/Gossiping/M.1495461574.A.471.html download to ptt/Gossiping/20786_6.txt, time: 4.330000
/bbs/Gossiping/M.1495461575.A.4E1.html download to ptt/Gossiping/20786_7.txt, time: 3.110000
/bbs/Gossiping/M.1495461584.A.552.html download to ptt/Gossiping/20786_8.txt, time: 3.950000
/bbs/Gossiping/M.1495461584.A.105.html download to ptt/Gossiping/20786_9.txt, time: 3.690000
/bbs/Gossiping/M.1495461608.A.915.html download to ptt/Gossiping/20786_10.txt, time: 3.880000
/bbs/Gossiping/M.1495461610.A.3E1.html download to ptt/Gossiping/20786_11.txt, time: 2.840000
/bbs/Gossiping/M.1495461627.A.42B.html download to ptt/Gossiping/20786_12.txt, time: 3.230000
/bbs/Gossiping/M.1495461632.A.AD2.html download to ptt/Gossiping/20786_13.txt, time: 4.040000
/bbs/Gossiping/M.1495461648.A.DCF.html download to ptt/Gossiping/20786_14.txt, time: 2.770000
/bbs/Gossiping/M.1495461705.A.6F7.html download to ptt/Gossiping/20786_15.txt, time: 4.030000
/bbs/Gossiping/M.1495461715.A.24E.html download to ptt/Gossiping/20786_16.txt, time: 2.960000
/bbs/Gossiping/M.1495461760.A.668.html download to ptt/Gossiping/20786_17.txt, time: 3.540000
/bbs/Gossiping/M.1495461770.A.37D.html download to ptt/Gossiping/20786_18.txt, time: 6.110000
/bbs/Gossiping/M.1495461798.A.361.html download to ptt/Gossiping/20786_19.txt, time: 3.720000
time: 539.3131146430969 seconds
