page 20800
/bbs/Gossiping/M.1495466854.A.C73.html download to ptt/Gossiping/20800_0.txt, time: 4.960000
/bbs/Gossiping/M.1495466874.A.7FC.html download to ptt/Gossiping/20800_1.txt, time: 3.550000
/bbs/Gossiping/M.1495466876.A.244.html download to ptt/Gossiping/20800_2.txt, time: 7.690000
/bbs/Gossiping/M.1495466887.A.17A.html download to ptt/Gossiping/20800_3.txt, time: 5.610000
/bbs/Gossiping/M.1495466891.A.680.html download to ptt/Gossiping/20800_4.txt, time: 3.550000
/bbs/Gossiping/M.1495466898.A.573.html download to ptt/Gossiping/20800_5.txt, time: 4.360000
/bbs/Gossiping/M.1495466913.A.63B.html download to ptt/Gossiping/20800_6.txt, time: 6.180000
/bbs/Gossiping/M.1495466924.A.0D9.html download to ptt/Gossiping/20800_7.txt, time: 3.010000
/bbs/Gossiping/M.1495466931.A.40D.html download to ptt/Gossiping/20800_8.txt, time: 5.240000
/bbs/Gossiping/M.1495466933.A.ED0.html download to ptt/Gossiping/20800_9.txt, time: 9.410000
/bbs/Gossiping/M.1495466977.A.4A2.html download to ptt/Gossiping/20800_10.txt, time: 4.550000
/bbs/Gossiping/M.1495466987.A.9F5.html download to ptt/Gossiping/20800_11.txt, time: 3.970000
/bbs/Gossiping/M.1495467008.A.CC3.html download to ptt/Gossiping/20800_12.txt, time: 4.990000
/bbs/Gossiping/M.1495467067.A.BB3.html download to ptt/Gossiping/20800_13.txt, time: 4.220000
/bbs/Gossiping/M.1495467085.A.F83.html download to ptt/Gossiping/20800_14.txt, time: 2.560000
/bbs/Gossiping/M.1495467186.A.B3C.html download to ptt/Gossiping/20800_15.txt, time: 3.720000
/bbs/Gossiping/M.1495467194.A.188.html download to ptt/Gossiping/20800_16.txt, time: 5.740000
/bbs/Gossiping/M.1495467217.A.D10.html download to ptt/Gossiping/20800_17.txt, time: 6.520000
/bbs/Gossiping/M.1495467240.A.E3A.html download to ptt/Gossiping/20800_18.txt, time: 3.320000
/bbs/Gossiping/M.1495467256.A.85E.html download to ptt/Gossiping/20800_19.txt, time: 3.670000
page 20799
/bbs/Gossiping/M.1495466486.A.77E.html download to ptt/Gossiping/20799_0.txt, time: 4.910000
/bbs/Gossiping/M.1495466487.A.8F7.html download to ptt/Gossiping/20799_1.txt, time: 5.360000
/bbs/Gossiping/M.1495466509.A.9F2.html download to ptt/Gossiping/20799_2.txt, time: 4.660000
/bbs/Gossiping/M.1495466510.A.F8D.html download to ptt/Gossiping/20799_3.txt, time: 3.820000
/bbs/Gossiping/M.1495466536.A.DE7.html download to ptt/Gossiping/20799_4.txt, time: 3.810000
/bbs/Gossiping/M.1495466543.A.315.html download to ptt/Gossiping/20799_5.txt, time: 4.180000
/bbs/Gossiping/M.1495466588.A.EDF.html download to ptt/Gossiping/20799_6.txt, time: 5.030000
/bbs/Gossiping/M.1495466591.A.FAC.html download to ptt/Gossiping/20799_7.txt, time: 4.900000
/bbs/Gossiping/M.1495466592.A.76F.html download to ptt/Gossiping/20799_8.txt, time: 5.370000
/bbs/Gossiping/M.1495466609.A.4A2.html download to ptt/Gossiping/20799_9.txt, time: 4.470000
/bbs/Gossiping/M.1495466616.A.D85.html download to ptt/Gossiping/20799_10.txt, time: 5.460000
/bbs/Gossiping/M.1495466623.A.7D2.html download to ptt/Gossiping/20799_11.txt, time: 3.990000
/bbs/Gossiping/M.1495466677.A.4BE.html download to ptt/Gossiping/20799_12.txt, time: 3.240000
/bbs/Gossiping/M.1495466682.A.1AB.html download to ptt/Gossiping/20799_13.txt, time: 3.620000
/bbs/Gossiping/M.1495466688.A.C01.html download to ptt/Gossiping/20799_14.txt, time: 5.480000
/bbs/Gossiping/M.1495466735.A.278.html download to ptt/Gossiping/20799_15.txt, time: 4.750000
/bbs/Gossiping/M.1495466762.A.2A8.html download to ptt/Gossiping/20799_16.txt, time: 5.370000
/bbs/Gossiping/M.1495466775.A.C2A.html download to ptt/Gossiping/20799_17.txt, time: 4.780000
/bbs/Gossiping/M.1495466798.A.1C3.html download to ptt/Gossiping/20799_18.txt, time: 6.170000
/bbs/Gossiping/M.1495466813.A.9CA.html download to ptt/Gossiping/20799_19.txt, time: 7.290000
page 20798
/bbs/Gossiping/M.1495466049.A.412.html download to ptt/Gossiping/20798_0.txt, time: 5.550000
/bbs/Gossiping/M.1495466060.A.1B0.html download to ptt/Gossiping/20798_1.txt, time: 5.080000
/bbs/Gossiping/M.1495466083.A.B37.html download to ptt/Gossiping/20798_2.txt, time: 4.920000
/bbs/Gossiping/M.1495466100.A.11D.html download to ptt/Gossiping/20798_3.txt, time: 5.670000
/bbs/Gossiping/M.1495466167.A.168.html download to ptt/Gossiping/20798_4.txt, time: 6.730000
/bbs/Gossiping/M.1495466190.A.D75.html download to ptt/Gossiping/20798_5.txt, time: 4.970000
/bbs/Gossiping/M.1495466214.A.E51.html download to ptt/Gossiping/20798_6.txt, time: 8.890000
/bbs/Gossiping/M.1495466239.A.F7F.html download to ptt/Gossiping/20798_7.txt, time: 8.310000
/bbs/Gossiping/M.1495466274.A.8DD.html download to ptt/Gossiping/20798_8.txt, time: 8.480000
/bbs/Gossiping/M.1495466280.A.A64.html download to ptt/Gossiping/20798_9.txt, time: 4.810000
/bbs/Gossiping/M.1495466295.A.EFE.html download to ptt/Gossiping/20798_10.txt, time: 4.180000
/bbs/Gossiping/M.1495466318.A.C0F.html download to ptt/Gossiping/20798_11.txt, time: 6.410000
/bbs/Gossiping/M.1495466322.A.A0B.html download to ptt/Gossiping/20798_12.txt, time: 8.220000
/bbs/Gossiping/M.1495466334.A.DFB.html download to ptt/Gossiping/20798_13.txt, time: 7.830000
/bbs/Gossiping/M.1495466337.A.ED5.html download to ptt/Gossiping/20798_14.txt, time: 3.660000
/bbs/Gossiping/M.1495466357.A.7D4.html download to ptt/Gossiping/20798_15.txt, time: 7.020000
/bbs/Gossiping/M.1495466359.A.F35.html download to ptt/Gossiping/20798_16.txt, time: 3.630000
/bbs/Gossiping/M.1495466371.A.3D5.html download to ptt/Gossiping/20798_17.txt, time: 4.350000
/bbs/Gossiping/M.1495466375.A.BA7.html download to ptt/Gossiping/20798_18.txt, time: 4.130000
/bbs/Gossiping/M.1495466482.A.E69.html download to ptt/Gossiping/20798_19.txt, time: 3.700000
page 20797
/bbs/Gossiping/M.1495465663.A.416.html download to ptt/Gossiping/20797_0.txt, time: 3.140000
/bbs/Gossiping/M.1495465681.A.B2A.html download to ptt/Gossiping/20797_1.txt, time: 3.370000
/bbs/Gossiping/M.1495465688.A.3B1.html download to ptt/Gossiping/20797_2.txt, time: 2.490000
/bbs/Gossiping/M.1495465734.A.015.html download to ptt/Gossiping/20797_3.txt, time: 4.010000
/bbs/Gossiping/M.1495465784.A.67A.html download to ptt/Gossiping/20797_4.txt, time: 3.380000
/bbs/Gossiping/M.1495465793.A.F11.html download to ptt/Gossiping/20797_5.txt, time: 3.170000
/bbs/Gossiping/M.1495465798.A.F22.html download to ptt/Gossiping/20797_6.txt, time: 5.060000
/bbs/Gossiping/M.1495465819.A.3E7.html download to ptt/Gossiping/20797_7.txt, time: 3.400000
/bbs/Gossiping/M.1495465858.A.AEB.html download to ptt/Gossiping/20797_8.txt, time: 3.360000
/bbs/Gossiping/M.1495465861.A.A7B.html download to ptt/Gossiping/20797_9.txt, time: 6.050000
/bbs/Gossiping/M.1495465861.A.FE1.html download to ptt/Gossiping/20797_10.txt, time: 4.690000
/bbs/Gossiping/M.1495465878.A.10F.html download to ptt/Gossiping/20797_11.txt, time: 3.700000
/bbs/Gossiping/M.1495465882.A.9C6.html download to ptt/Gossiping/20797_12.txt, time: 4.110000
/bbs/Gossiping/M.1495465884.A.45D.html download to ptt/Gossiping/20797_13.txt, time: 3.920000
/bbs/Gossiping/M.1495465892.A.18E.html download to ptt/Gossiping/20797_14.txt, time: 3.270000
/bbs/Gossiping/M.1495465894.A.A35.html download to ptt/Gossiping/20797_15.txt, time: 3.680000
/bbs/Gossiping/M.1495465901.A.110.html download to ptt/Gossiping/20797_16.txt, time: 3.390000
/bbs/Gossiping/M.1495465934.A.97D.html download to ptt/Gossiping/20797_17.txt, time: 4.510000
/bbs/Gossiping/M.1495465950.A.DA5.html download to ptt/Gossiping/20797_18.txt, time: 5.540000
/bbs/Gossiping/M.1495466028.A.542.html download to ptt/Gossiping/20797_19.txt, time: 5.180000
page 20796
/bbs/Gossiping/M.1495465201.A.768.html download to ptt/Gossiping/20796_0.txt, time: 3.380000
/bbs/Gossiping/M.1495465269.A.E3D.html download to ptt/Gossiping/20796_1.txt, time: 3.120000
/bbs/Gossiping/M.1495465289.A.ADB.html download to ptt/Gossiping/20796_2.txt, time: 5.780000
/bbs/Gossiping/M.1495465303.A.BCC.html download to ptt/Gossiping/20796_3.txt, time: 3.920000
/bbs/Gossiping/M.1495465313.A.692.html download to ptt/Gossiping/20796_4.txt, time: 3.300000
/bbs/Gossiping/M.1495465335.A.02F.html download to ptt/Gossiping/20796_5.txt, time: 3.880000
/bbs/Gossiping/M.1495465340.A.A40.html download to ptt/Gossiping/20796_6.txt, time: 3.600000
/bbs/Gossiping/M.1495465374.A.D60.html download to ptt/Gossiping/20796_7.txt, time: 3.500000
/bbs/Gossiping/M.1495465386.A.168.html download to ptt/Gossiping/20796_8.txt, time: 3.470000
/bbs/Gossiping/M.1495465437.A.D81.html download to ptt/Gossiping/20796_9.txt, time: 4.900000
/bbs/Gossiping/M.1495465455.A.C74.html download to ptt/Gossiping/20796_10.txt, time: 4.110000
/bbs/Gossiping/M.1495465465.A.5BD.html download to ptt/Gossiping/20796_11.txt, time: 4.380000
/bbs/Gossiping/M.1495465497.A.A50.html download to ptt/Gossiping/20796_12.txt, time: 2.650000
/bbs/Gossiping/M.1495465504.A.2A6.html download to ptt/Gossiping/20796_13.txt, time: 4.760000
/bbs/Gossiping/M.1495465551.A.3A0.html download to ptt/Gossiping/20796_14.txt, time: 3.420000
/bbs/Gossiping/M.1495465574.A.07A.html download to ptt/Gossiping/20796_15.txt, time: 4.500000
/bbs/Gossiping/M.1495465603.A.3AA.html download to ptt/Gossiping/20796_16.txt, time: 2.840000
/bbs/Gossiping/M.1495465608.A.591.html download to ptt/Gossiping/20796_17.txt, time: 2.570000
/bbs/Gossiping/M.1495465635.A.014.html download to ptt/Gossiping/20796_18.txt, time: 3.740000
/bbs/Gossiping/M.1495465650.A.4A8.html download to ptt/Gossiping/20796_19.txt, time: 2.820000
time: 525.3348417282104 seconds
