page 20810
/bbs/Gossiping/M.1495471063.A.451.html download to ptt/Gossiping/20810_0.txt, time: 6.720000
/bbs/Gossiping/M.1495471089.A.088.html download to ptt/Gossiping/20810_1.txt, time: 3.560000
/bbs/Gossiping/M.1495471096.A.F7E.html download to ptt/Gossiping/20810_2.txt, time: 7.800000
/bbs/Gossiping/M.1495471105.A.37E.html download to ptt/Gossiping/20810_3.txt, time: 5.080000
/bbs/Gossiping/M.1495471114.A.FCC.html download to ptt/Gossiping/20810_4.txt, time: 3.960000
/bbs/Gossiping/M.1495471193.A.099.html download to ptt/Gossiping/20810_5.txt, time: 3.990000
/bbs/Gossiping/M.1495471214.A.301.html download to ptt/Gossiping/20810_6.txt, time: 3.460000
/bbs/Gossiping/M.1495471221.A.0B6.html download to ptt/Gossiping/20810_7.txt, time: 4.130000
/bbs/Gossiping/M.1495471223.A.0D9.html download to ptt/Gossiping/20810_8.txt, time: 3.580000
/bbs/Gossiping/M.1495471225.A.CEF.html download to ptt/Gossiping/20810_9.txt, time: 4.540000
/bbs/Gossiping/M.1495471233.A.A55.html download to ptt/Gossiping/20810_10.txt, time: 8.000000
/bbs/Gossiping/M.1495471264.A.87B.html download to ptt/Gossiping/20810_11.txt, time: 5.440000
/bbs/Gossiping/M.1495471278.A.910.html download to ptt/Gossiping/20810_12.txt, time: 4.510000
/bbs/Gossiping/M.1495471306.A.939.html download to ptt/Gossiping/20810_13.txt, time: 5.340000
/bbs/Gossiping/M.1495471319.A.C53.html download to ptt/Gossiping/20810_14.txt, time: 3.430000
/bbs/Gossiping/M.1495471322.A.7A3.html download to ptt/Gossiping/20810_15.txt, time: 6.960000
/bbs/Gossiping/M.1495471353.A.98E.html download to ptt/Gossiping/20810_16.txt, time: 5.010000
/bbs/Gossiping/M.1495471368.A.2BA.html download to ptt/Gossiping/20810_17.txt, time: 5.430000
/bbs/Gossiping/M.1495471411.A.03D.html download to ptt/Gossiping/20810_18.txt, time: 4.970000
/bbs/Gossiping/M.1495471502.A.69F.html download to ptt/Gossiping/20810_19.txt, time: 5.890000
page 20809
/bbs/Gossiping/M.1495470615.A.DEC.html download to ptt/Gossiping/20809_0.txt, time: 5.680000
/bbs/Gossiping/M.1495470639.A.714.html download to ptt/Gossiping/20809_1.txt, time: 4.080000
/bbs/Gossiping/M.1495470645.A.448.html download to ptt/Gossiping/20809_2.txt, time: 4.070000
/bbs/Gossiping/M.1495470650.A.ADC.html download to ptt/Gossiping/20809_3.txt, time: 5.730000
/bbs/Gossiping/M.1495470682.A.E19.html download to ptt/Gossiping/20809_4.txt, time: 5.640000
/bbs/Gossiping/M.1495470725.A.10C.html download to ptt/Gossiping/20809_5.txt, time: 3.570000
/bbs/Gossiping/M.1495470765.A.37A.html download to ptt/Gossiping/20809_6.txt, time: 4.090000
/bbs/Gossiping/M.1495470799.A.249.html download to ptt/Gossiping/20809_7.txt, time: 4.620000
/bbs/Gossiping/M.1495470803.A.633.html download to ptt/Gossiping/20809_8.txt, time: 3.710000
/bbs/Gossiping/M.1495470812.A.636.html download to ptt/Gossiping/20809_9.txt, time: 3.920000
/bbs/Gossiping/M.1495470829.A.FF5.html download to ptt/Gossiping/20809_10.txt, time: 5.400000
/bbs/Gossiping/M.1495470831.A.213.html download to ptt/Gossiping/20809_11.txt, time: 4.850000
/bbs/Gossiping/M.1495470844.A.8A5.html download to ptt/Gossiping/20809_12.txt, time: 3.860000
/bbs/Gossiping/M.1495470848.A.BCD.html download to ptt/Gossiping/20809_13.txt, time: 5.670000
/bbs/Gossiping/M.1495470848.A.BF6.html download to ptt/Gossiping/20809_14.txt, time: 4.470000
/bbs/Gossiping/M.1495470884.A.5D4.html download to ptt/Gossiping/20809_15.txt, time: 5.350000
/bbs/Gossiping/M.1495470951.A.725.html download to ptt/Gossiping/20809_16.txt, time: 4.850000
/bbs/Gossiping/M.1495470983.A.672.html download to ptt/Gossiping/20809_17.txt, time: 7.430000
/bbs/Gossiping/M.1495471015.A.6A5.html download to ptt/Gossiping/20809_18.txt, time: 7.850000
/bbs/Gossiping/M.1495471060.A.5D9.html download to ptt/Gossiping/20809_19.txt, time: 5.610000
page 20808
/bbs/Gossiping/M.1495470186.A.3D7.html download to ptt/Gossiping/20808_0.txt, time: 4.320000
/bbs/Gossiping/M.1495470192.A.8AC.html download to ptt/Gossiping/20808_1.txt, time: 3.760000
/bbs/Gossiping/M.1495470197.A.C9E.html download to ptt/Gossiping/20808_2.txt, time: 8.120000
/bbs/Gossiping/M.1495470197.A.573.html download to ptt/Gossiping/20808_3.txt, time: 9.110000
/bbs/Gossiping/M.1495470215.A.0FD.html download to ptt/Gossiping/20808_4.txt, time: 4.930000
/bbs/Gossiping/M.1495470246.A.CDE.html download to ptt/Gossiping/20808_5.txt, time: 4.310000
/bbs/Gossiping/M.1495470246.A.24D.html download to ptt/Gossiping/20808_6.txt, time: 3.810000
/bbs/Gossiping/M.1495470259.A.FB9.html download to ptt/Gossiping/20808_7.txt, time: 6.960000
/bbs/Gossiping/M.1495470262.A.5E7.html download to ptt/Gossiping/20808_8.txt, time: 4.400000
/bbs/Gossiping/M.1495470277.A.DA3.html download to ptt/Gossiping/20808_9.txt, time: 6.230000
/bbs/Gossiping/M.1495470322.A.A48.htmlTraceback (most recent call last):
  File "/home/studentyl/anaconda3/lib/python3.6/site-packages/requests/packages/urllib3/connectionpool.py", line 600, in urlopen
    chunked=chunked)
  File "/home/studentyl/anaconda3/lib/python3.6/site-packages/requests/packages/urllib3/connectionpool.py", line 386, in _make_request
    six.raise_from(e, None)
  File "<string>", line 2, in raise_from
  File "/home/studentyl/anaconda3/lib/python3.6/site-packages/requests/packages/urllib3/connectionpool.py", line 382, in _make_request
    httplib_response = conn.getresponse()
  File "/home/studentyl/anaconda3/lib/python3.6/http/client.py", line 1331, in getresponse
    response.begin()
  File "/home/studentyl/anaconda3/lib/python3.6/http/client.py", line 297, in begin
    version, status, reason = self._read_status()
  File "/home/studentyl/anaconda3/lib/python3.6/http/client.py", line 266, in _read_status
    raise RemoteDisconnected("Remote end closed connection without"
http.client.RemoteDisconnected: Remote end closed connection without response

During handling of the above exception, another exception occurred:

Traceback (most recent call last):
  File "/home/studentyl/anaconda3/lib/python3.6/site-packages/requests/adapters.py", line 438, in send
    timeout=timeout
  File "/home/studentyl/anaconda3/lib/python3.6/site-packages/requests/packages/urllib3/connectionpool.py", line 649, in urlopen
    _stacktrace=sys.exc_info()[2])
  File "/home/studentyl/anaconda3/lib/python3.6/site-packages/requests/packages/urllib3/util/retry.py", line 357, in increment
    raise six.reraise(type(error), error, _stacktrace)
  File "/home/studentyl/anaconda3/lib/python3.6/site-packages/requests/packages/urllib3/packages/six.py", line 685, in reraise
    raise value.with_traceback(tb)
  File "/home/studentyl/anaconda3/lib/python3.6/site-packages/requests/packages/urllib3/connectionpool.py", line 600, in urlopen
    chunked=chunked)
  File "/home/studentyl/anaconda3/lib/python3.6/site-packages/requests/packages/urllib3/connectionpool.py", line 386, in _make_request
    six.raise_from(e, None)
  File "<string>", line 2, in raise_from
  File "/home/studentyl/anaconda3/lib/python3.6/site-packages/requests/packages/urllib3/connectionpool.py", line 382, in _make_request
    httplib_response = conn.getresponse()
  File "/home/studentyl/anaconda3/lib/python3.6/http/client.py", line 1331, in getresponse
    response.begin()
  File "/home/studentyl/anaconda3/lib/python3.6/http/client.py", line 297, in begin
    version, status, reason = self._read_status()
  File "/home/studentyl/anaconda3/lib/python3.6/http/client.py", line 266, in _read_status
    raise RemoteDisconnected("Remote end closed connection without"
requests.packages.urllib3.exceptions.ProtocolError: ('Connection aborted.', RemoteDisconnected('Remote end closed connection without response',))

During handling of the above exception, another exception occurred:

Traceback (most recent call last):
  File "./crawler.py", line 177, in <module>
    main(sys.argv[1:])
  File "./crawler.py", line 158, in main
    downloadForum(forumName, startPage, pages)
  File "./crawler.py", line 140, in downloadForum
    downloadPage(str(articleCount), forumName, pageNum, 'https://www.ptt.cc'+link)
  File "./crawler.py", line 82, in downloadPage
    pageText = getPageText(link)
  File "./crawler.py", line 13, in getPageText
    pageText=requests.get(link, cookies={'over18':'1'}).text
  File "/home/studentyl/anaconda3/lib/python3.6/site-packages/requests/api.py", line 72, in get
    return request('get', url, params=params, **kwargs)
  File "/home/studentyl/anaconda3/lib/python3.6/site-packages/requests/api.py", line 58, in request
    return session.request(method=method, url=url, **kwargs)
  File "/home/studentyl/anaconda3/lib/python3.6/site-packages/requests/sessions.py", line 518, in request
    resp = self.send(prep, **send_kwargs)
  File "/home/studentyl/anaconda3/lib/python3.6/site-packages/requests/sessions.py", line 639, in send
    r = adapter.send(request, **kwargs)
  File "/home/studentyl/anaconda3/lib/python3.6/site-packages/requests/adapters.py", line 488, in send
    raise ConnectionError(err, request=request)
requests.exceptions.ConnectionError: ('Connection aborted.', RemoteDisconnected('Remote end closed connection without response',))
