page 20820
/bbs/Gossiping/M.1495477492.A.5A0.html download to ptt/Gossiping/20820_0.txt, time: 4.410000
/bbs/Gossiping/M.1495477523.A.8E2.html download to ptt/Gossiping/20820_1.txt, time: 3.340000
/bbs/Gossiping/M.1495477769.A.E65.html download to ptt/Gossiping/20820_2.txt, time: 8.320000
/bbs/Gossiping/M.1495477791.A.54B.html download to ptt/Gossiping/20820_3.txt, time: 4.500000
/bbs/Gossiping/M.1495477888.A.3EA.html download to ptt/Gossiping/20820_4.txt, time: 3.760000
/bbs/Gossiping/M.1495477948.A.654.html download to ptt/Gossiping/20820_5.txt, time: 5.300000
/bbs/Gossiping/M.1495477986.A.7F2.html download to ptt/Gossiping/20820_6.txt, time: 4.120000
/bbs/Gossiping/M.1495478028.A.AB8.html download to ptt/Gossiping/20820_7.txt, time: 4.140000
/bbs/Gossiping/M.1495478041.A.E17.html download to ptt/Gossiping/20820_8.txt, time: 4.020000
/bbs/Gossiping/M.1495478121.A.E6D.html download to ptt/Gossiping/20820_9.txt, time: 7.150000
/bbs/Gossiping/M.1495478447.A.32B.html download to ptt/Gossiping/20820_10.txt, time: 5.740000
/bbs/Gossiping/M.1495478452.A.4CF.html download to ptt/Gossiping/20820_11.txt, time: 4.670000
/bbs/Gossiping/M.1495478477.A.CCD.html download to ptt/Gossiping/20820_12.txt, time: 6.570000
/bbs/Gossiping/M.1495478525.A.99C.html download to ptt/Gossiping/20820_13.txt, time: 3.500000
/bbs/Gossiping/M.1495478719.A.562.html download to ptt/Gossiping/20820_14.txt, time: 3.200000
/bbs/Gossiping/M.1495478721.A.9E5.html download to ptt/Gossiping/20820_15.txt, time: 3.830000
/bbs/Gossiping/M.1495478749.A.9EC.html download to ptt/Gossiping/20820_16.txt, time: 5.560000
/bbs/Gossiping/M.1495478782.A.10B.html download to ptt/Gossiping/20820_17.txt, time: 5.030000
/bbs/Gossiping/M.1495478861.A.DB4.html download to ptt/Gossiping/20820_18.txt, time: 6.610000
/bbs/Gossiping/M.1495478892.A.19D.html download to ptt/Gossiping/20820_19.txt, time: 5.600000
page 20819
/bbs/Gossiping/M.1495476513.A.A81.html download to ptt/Gossiping/20819_0.txt, time: 5.080000
/bbs/Gossiping/M.1495476516.A.455.html download to ptt/Gossiping/20819_1.txt, time: 3.880000
/bbs/Gossiping/M.1495476565.A.78C.html download to ptt/Gossiping/20819_2.txt, time: 5.840000
/bbs/Gossiping/M.1495476638.A.9C2.html download to ptt/Gossiping/20819_3.txt, time: 4.450000
/bbs/Gossiping/M.1495476674.A.C28.html download to ptt/Gossiping/20819_4.txt, time: 5.430000
/bbs/Gossiping/M.1495476789.A.C1E.html download to ptt/Gossiping/20819_5.txt, time: 4.780000
/bbs/Gossiping/M.1495476807.A.01B.html download to ptt/Gossiping/20819_6.txt, time: 3.520000
/bbs/Gossiping/M.1495476835.A.246.html download to ptt/Gossiping/20819_7.txt, time: 3.610000
/bbs/Gossiping/M.1495476842.A.A5A.html download to ptt/Gossiping/20819_8.txt, time: 4.600000
/bbs/Gossiping/M.1495476869.A.190.html download to ptt/Gossiping/20819_9.txt, time: 5.310000
/bbs/Gossiping/M.1495476877.A.41C.html download to ptt/Gossiping/20819_10.txt, time: 5.930000
/bbs/Gossiping/M.1495477075.A.9A7.html download to ptt/Gossiping/20819_11.txt, time: 3.840000
/bbs/Gossiping/M.1495477163.A.4FF.html download to ptt/Gossiping/20819_12.txt, time: 3.850000
/bbs/Gossiping/M.1495477188.A.E71.html download to ptt/Gossiping/20819_13.txt, time: 5.430000
/bbs/Gossiping/M.1495477207.A.C20.html download to ptt/Gossiping/20819_14.txt, time: 4.980000
/bbs/Gossiping/M.1495477212.A.737.html download to ptt/Gossiping/20819_15.txt, time: 5.950000
/bbs/Gossiping/M.1495477233.A.494.html download to ptt/Gossiping/20819_16.txt, time: 5.710000
/bbs/Gossiping/M.1495477333.A.1E4.html download to ptt/Gossiping/20819_17.txt, time: 4.670000
/bbs/Gossiping/M.1495477340.A.A48.html download to ptt/Gossiping/20819_18.txt, time: 5.440000
/bbs/Gossiping/M.1495477370.A.0F8.html download to ptt/Gossiping/20819_19.txt, time: 6.600000
page 20818
/bbs/Gossiping/M.1495475484.A.20C.html download to ptt/Gossiping/20818_0.txt, time: 6.450000
/bbs/Gossiping/M.1495475526.A.427.html download to ptt/Gossiping/20818_1.txt, time: 7.460000
/bbs/Gossiping/M.1495475566.A.8F1.html download to ptt/Gossiping/20818_2.txt, time: 6.850000
/bbs/Gossiping/M.1495475618.A.AA0.html download to ptt/Gossiping/20818_3.txt, time: 5.580000
/bbs/Gossiping/M.1495475679.A.B53.html download to ptt/Gossiping/20818_4.txt, time: 5.320000
/bbs/Gossiping/M.1495475756.A.CBD.html download to ptt/Gossiping/20818_5.txt, time: 5.000000
/bbs/Gossiping/M.1495475823.A.4BA.html download to ptt/Gossiping/20818_6.txt, time: 5.710000
/bbs/Gossiping/M.1495475842.A.645.html download to ptt/Gossiping/20818_7.txt, time: 10.550000
/bbs/Gossiping/M.1495475845.A.CDB.html download to ptt/Gossiping/20818_8.txt, time: 5.050000
/bbs/Gossiping/M.1495475848.A.6E4.html download to ptt/Gossiping/20818_9.txt, time: 3.670000
/bbs/Gossiping/M.1495476083.A.E94.html download to ptt/Gossiping/20818_10.txt, time: 8.180000
/bbs/Gossiping/M.1495476218.A.356.html download to ptt/Gossiping/20818_11.txt, time: 5.480000
/bbs/Gossiping/M.1495476246.A.22B.html download to ptt/Gossiping/20818_12.txt, time: 13.160000
/bbs/Gossiping/M.1495476277.A.BCC.html download to ptt/Gossiping/20818_13.txt, time: 9.660000
/bbs/Gossiping/M.1495476292.A.E36.html download to ptt/Gossiping/20818_14.txt, time: 8.090000
/bbs/Gossiping/M.1495476334.A.65C.html download to ptt/Gossiping/20818_15.txt, time: 3.270000
/bbs/Gossiping/M.1495476354.A.014.html download to ptt/Gossiping/20818_16.txt, time: 3.860000
/bbs/Gossiping/M.1495476405.A.2FC.html download to ptt/Gossiping/20818_17.txt, time: 5.200000
/bbs/Gossiping/M.1495476446.A.D72.html download to ptt/Gossiping/20818_18.txt, time: 4.740000
/bbs/Gossiping/M.1495476510.A.114.html download to ptt/Gossiping/20818_19.txt, time: 5.160000
page 20817
/bbs/Gossiping/M.1495474815.A.08B.html download to ptt/Gossiping/20817_0.txt, time: 5.580000
/bbs/Gossiping/M.1495474824.A.3D3.html download to ptt/Gossiping/20817_1.txt, time: 4.160000
/bbs/Gossiping/M.1495474902.A.6EF.html download to ptt/Gossiping/20817_2.txt, time: 3.160000
/bbs/Gossiping/M.1495474949.A.140.html download to ptt/Gossiping/20817_3.txt, time: 4.160000
/bbs/Gossiping/M.1495475006.A.449.html download to ptt/Gossiping/20817_4.txt, time: 3.400000
/bbs/Gossiping/M.1495475009.A.418.html download to ptt/Gossiping/20817_5.txt, time: 4.170000
/bbs/Gossiping/M.1495475046.A.D2C.html download to ptt/Gossiping/20817_6.txt, time: 3.460000
/bbs/Gossiping/M.1495475067.A.1E3.html download to ptt/Gossiping/20817_7.txt, time: 4.470000
/bbs/Gossiping/M.1495475145.A.BD3.html download to ptt/Gossiping/20817_8.txt, time: 3.650000
/bbs/Gossiping/M.1495475156.A.2DA.html download to ptt/Gossiping/20817_9.txt, time: 5.920000
/bbs/Gossiping/M.1495475187.A.1FE.html download to ptt/Gossiping/20817_10.txt, time: 3.120000
/bbs/Gossiping/M.1495475226.A.391.html download to ptt/Gossiping/20817_11.txt, time: 3.940000
/bbs/Gossiping/M.1495475240.A.53B.html download to ptt/Gossiping/20817_12.txt, time: 4.430000
/bbs/Gossiping/M.1495475310.A.8FB.html download to ptt/Gossiping/20817_13.txt, time: 3.270000
/bbs/Gossiping/M.1495475339.A.FE1.html download to ptt/Gossiping/20817_14.txt, time: 6.090000
/bbs/Gossiping/M.1495475374.A.BF6.html download to ptt/Gossiping/20817_15.txt, time: 5.000000
/bbs/Gossiping/M.1495475412.A.8C7.html download to ptt/Gossiping/20817_16.txt, time: 3.050000
/bbs/Gossiping/M.1495475415.A.6B1.html download to ptt/Gossiping/20817_17.txt, time: 4.130000
/bbs/Gossiping/M.1495475433.A.BD4.html download to ptt/Gossiping/20817_18.txt, time: 3.310000
/bbs/Gossiping/M.1495475460.A.9DF.html download to ptt/Gossiping/20817_19.txt, time: 3.960000
page 20816
/bbs/Gossiping/M.1495474172.A.9A3.html download to ptt/Gossiping/20816_0.txt, time: 6.250000
/bbs/Gossiping/M.1495474175.A.E99.html download to ptt/Gossiping/20816_1.txt, time: 4.080000
/bbs/Gossiping/M.1495474197.A.F48.html download to ptt/Gossiping/20816_2.txt, time: 2.990000
/bbs/Gossiping/M.1495474228.A.F37.html download to ptt/Gossiping/20816_3.txt, time: 3.460000
/bbs/Gossiping/M.1495474299.A.B3B.html download to ptt/Gossiping/20816_4.txt, time: 3.850000
/bbs/Gossiping/M.1495474335.A.2B7.html download to ptt/Gossiping/20816_5.txt, time: 2.800000
/bbs/Gossiping/M.1495474348.A.B7B.html download to ptt/Gossiping/20816_6.txt, time: 4.760000
/bbs/Gossiping/M.1495474356.A.BC2.html download to ptt/Gossiping/20816_7.txt, time: 3.250000
/bbs/Gossiping/M.1495474415.A.FE8.html download to ptt/Gossiping/20816_8.txt, time: 2.840000
/bbs/Gossiping/M.1495474479.A.BE9.html download to ptt/Gossiping/20816_9.txt, time: 4.590000
/bbs/Gossiping/M.1495474494.A.BC8.html download to ptt/Gossiping/20816_10.txt, time: 4.660000
/bbs/Gossiping/M.1495474556.A.67F.html download to ptt/Gossiping/20816_11.txt, time: 3.300000
/bbs/Gossiping/M.1495474604.A.768.html download to ptt/Gossiping/20816_12.txt, time: 3.340000
/bbs/Gossiping/M.1495474636.A.D3B.html download to ptt/Gossiping/20816_13.txt, time: 5.130000
/bbs/Gossiping/M.1495474648.A.EB9.html download to ptt/Gossiping/20816_14.txt, time: 3.040000
/bbs/Gossiping/M.1495474673.A.B04.html download to ptt/Gossiping/20816_15.txt, time: 4.630000
/bbs/Gossiping/M.1495474774.A.FDC.html download to ptt/Gossiping/20816_16.txt, time: 4.510000
/bbs/Gossiping/M.1495474803.A.FC4.html download to ptt/Gossiping/20816_17.txt, time: 2.420000
/bbs/Gossiping/M.1495474806.A.2D2.html download to ptt/Gossiping/20816_18.txt, time: 4.070000
/bbs/Gossiping/M.1495474808.A.839.html download to ptt/Gossiping/20816_19.txt, time: 2.120000
time: 539.916844367981 seconds
