page 20830
/bbs/Gossiping/M.1495499922.A.68A.html download to ptt/Gossiping/20830_0.txt, time: 5.750000
/bbs/Gossiping/M.1495499952.A.63B.html download to ptt/Gossiping/20830_1.txt, time: 3.410000
/bbs/Gossiping/M.1495499954.A.FDB.html download to ptt/Gossiping/20830_2.txt, time: 7.000000
/bbs/Gossiping/M.1495499965.A.F96.html download to ptt/Gossiping/20830_3.txt, time: 4.710000
/bbs/Gossiping/M.1495500104.A.43F.html download to ptt/Gossiping/20830_4.txt, time: 6.220000
/bbs/Gossiping/M.1495500166.A.67A.html download to ptt/Gossiping/20830_5.txt, time: 5.210000
/bbs/Gossiping/M.1495500187.A.1FA.html download to ptt/Gossiping/20830_6.txt, time: 4.740000
/bbs/Gossiping/M.1495500191.A.16F.html download to ptt/Gossiping/20830_7.txt, time: 3.830000
/bbs/Gossiping/M.1495500192.A.6BA.html download to ptt/Gossiping/20830_8.txt, time: 6.790000
/bbs/Gossiping/M.1495500196.A.DB6.html download to ptt/Gossiping/20830_9.txt, time: 6.400000
/bbs/Gossiping/M.1495500302.A.F08.html download to ptt/Gossiping/20830_10.txt, time: 4.290000
/bbs/Gossiping/M.1495500361.A.40D.html download to ptt/Gossiping/20830_11.txt, time: 6.280000
/bbs/Gossiping/M.1495500403.A.7FD.html download to ptt/Gossiping/20830_12.txt, time: 4.700000
/bbs/Gossiping/M.1495500415.A.87F.html download to ptt/Gossiping/20830_13.txt, time: 4.680000
/bbs/Gossiping/M.1495500470.A.AE2.html download to ptt/Gossiping/20830_14.txt, time: 4.480000
/bbs/Gossiping/M.1495500473.A.16A.html download to ptt/Gossiping/20830_15.txt, time: 6.750000
/bbs/Gossiping/M.1495500551.A.B55.html download to ptt/Gossiping/20830_16.txt, time: 5.300000
/bbs/Gossiping/M.1495500625.A.D72.html download to ptt/Gossiping/20830_17.txt, time: 3.980000
/bbs/Gossiping/M.1495500628.A.ACA.html download to ptt/Gossiping/20830_18.txt, time: 3.470000
/bbs/Gossiping/M.1495500628.A.DF4.html download to ptt/Gossiping/20830_19.txt, time: 4.360000
page 20829
/bbs/Gossiping/M.1495499167.A.15D.html download to ptt/Gossiping/20829_0.txt, time: 4.280000
/bbs/Gossiping/M.1495499234.A.B11.html download to ptt/Gossiping/20829_1.txt, time: 5.460000
/bbs/Gossiping/M.1495499284.A.17B.html download to ptt/Gossiping/20829_2.txt, time: 4.370000
/bbs/Gossiping/M.1495499285.A.CAF.html download to ptt/Gossiping/20829_3.txt, time: 4.120000
/bbs/Gossiping/M.1495499295.A.705.html download to ptt/Gossiping/20829_4.txt, time: 5.710000
/bbs/Gossiping/M.1495499305.A.9D3.html download to ptt/Gossiping/20829_5.txt, time: 6.950000
/bbs/Gossiping/M.1495499321.A.79C.html download to ptt/Gossiping/20829_6.txt, time: 5.710000
empty download to ptt/Gossiping/20829_7.txt, time: 0.000000
/bbs/Gossiping/M.1495499409.A.B75.html download to ptt/Gossiping/20829_8.txt, time: 5.400000
/bbs/Gossiping/M.1495499514.A.92B.html download to ptt/Gossiping/20829_9.txt, time: 6.150000
/bbs/Gossiping/M.1495499613.A.7E0.html download to ptt/Gossiping/20829_10.txt, time: 4.820000
/bbs/Gossiping/M.1495499675.A.86D.html download to ptt/Gossiping/20829_11.txt, time: 5.020000
/bbs/Gossiping/M.1495499702.A.F95.html download to ptt/Gossiping/20829_12.txt, time: 4.630000
/bbs/Gossiping/M.1495499778.A.BC8.html download to ptt/Gossiping/20829_13.txt, time: 4.230000
/bbs/Gossiping/M.1495499785.A.D7D.html download to ptt/Gossiping/20829_14.txt, time: 6.660000
/bbs/Gossiping/M.1495499800.A.985.html download to ptt/Gossiping/20829_15.txt, time: 5.550000
/bbs/Gossiping/M.1495499877.A.4D1.html download to ptt/Gossiping/20829_16.txt, time: 5.910000
/bbs/Gossiping/M.1495499892.A.991.html download to ptt/Gossiping/20829_17.txt, time: 5.430000
/bbs/Gossiping/M.1495499905.A.119.html download to ptt/Gossiping/20829_18.txt, time: 7.330000
/bbs/Gossiping/M.1495499910.A.9A4.html download to ptt/Gossiping/20829_19.txt, time: 5.840000
page 20828
/bbs/Gossiping/M.1495498090.A.890.html download to ptt/Gossiping/20828_0.txt, time: 5.420000
/bbs/Gossiping/M.1495498127.A.5C6.html download to ptt/Gossiping/20828_1.txt, time: 4.360000
/bbs/Gossiping/M.1495498163.A.743.html download to ptt/Gossiping/20828_2.txt, time: 4.890000
/bbs/Gossiping/M.1495498180.A.998.html download to ptt/Gossiping/20828_3.txt, time: 4.790000
/bbs/Gossiping/M.1495498250.A.0E0.html download to ptt/Gossiping/20828_4.txt, time: 8.430000
/bbs/Gossiping/M.1495498377.A.C23.html download to ptt/Gossiping/20828_5.txt, time: 6.060000
/bbs/Gossiping/M.1495498397.A.984.html download to ptt/Gossiping/20828_6.txt, time: 3.680000
/bbs/Gossiping/M.1495498398.A.5C3.html download to ptt/Gossiping/20828_7.txt, time: 3.490000
/bbs/Gossiping/M.1495498414.A.746.html download to ptt/Gossiping/20828_8.txt, time: 6.430000
/bbs/Gossiping/M.1495498415.A.3CB.html download to ptt/Gossiping/20828_9.txt, time: 4.520000
/bbs/Gossiping/M.1495498478.A.FFC.html download to ptt/Gossiping/20828_10.txt, time: 6.500000
/bbs/Gossiping/M.1495498614.A.E34.html download to ptt/Gossiping/20828_11.txt, time: 6.270000
/bbs/Gossiping/M.1495498910.A.14F.html download to ptt/Gossiping/20828_12.txt, time: 5.310000
/bbs/Gossiping/M.1495498947.A.B78.html download to ptt/Gossiping/20828_13.txt, time: 3.430000
/bbs/Gossiping/M.1495498971.A.24D.html download to ptt/Gossiping/20828_14.txt, time: 4.550000
/bbs/Gossiping/M.1495498972.A.4C9.html download to ptt/Gossiping/20828_15.txt, time: 7.330000
/bbs/Gossiping/M.1495498993.A.D5C.html download to ptt/Gossiping/20828_16.txt, time: 4.930000
/bbs/Gossiping/M.1495499043.A.595.html download to ptt/Gossiping/20828_17.txt, time: 3.760000
/bbs/Gossiping/M.1495499074.A.EE1.html download to ptt/Gossiping/20828_18.txt, time: 3.510000
/bbs/Gossiping/M.1495499119.A.79C.html download to ptt/Gossiping/20828_19.txt, time: 5.400000
page 20827
/bbs/Gossiping/M.1495496699.A.0EE.html download to ptt/Gossiping/20827_0.txt, time: 3.220000
/bbs/Gossiping/M.1495496875.A.A06.html download to ptt/Gossiping/20827_1.txt, time: 4.780000
/bbs/Gossiping/M.1495496934.A.D54.html download to ptt/Gossiping/20827_2.txt, time: 5.200000
/bbs/Gossiping/M.1495496960.A.291.html download to ptt/Gossiping/20827_3.txt, time: 4.320000
/bbs/Gossiping/M.1495497056.A.564.html download to ptt/Gossiping/20827_4.txt, time: 5.200000
/bbs/Gossiping/M.1495497074.A.9E2.html download to ptt/Gossiping/20827_5.txt, time: 4.020000
/bbs/Gossiping/M.1495497121.A.46C.html download to ptt/Gossiping/20827_6.txt, time: 4.120000
/bbs/Gossiping/M.1495497145.A.6C5.html download to ptt/Gossiping/20827_7.txt, time: 5.400000
/bbs/Gossiping/M.1495497176.A.993.html download to ptt/Gossiping/20827_8.txt, time: 4.960000
/bbs/Gossiping/M.1495497234.A.D87.html download to ptt/Gossiping/20827_9.txt, time: 5.380000
/bbs/Gossiping/M.1495497406.A.7E3.html download to ptt/Gossiping/20827_10.txt, time: 2.470000
/bbs/Gossiping/M.1495497444.A.426.html download to ptt/Gossiping/20827_11.txt, time: 3.430000
/bbs/Gossiping/M.1495497540.A.788.html download to ptt/Gossiping/20827_12.txt, time: 4.570000
/bbs/Gossiping/M.1495497551.A.F4B.html download to ptt/Gossiping/20827_13.txt, time: 3.830000
/bbs/Gossiping/M.1495497554.A.848.html download to ptt/Gossiping/20827_14.txt, time: 7.810000
/bbs/Gossiping/M.1495497743.A.B9E.html download to ptt/Gossiping/20827_15.txt, time: 4.300000
/bbs/Gossiping/M.1495497747.A.32A.html download to ptt/Gossiping/20827_16.txt, time: 4.470000
/bbs/Gossiping/M.1495497972.A.6BC.html download to ptt/Gossiping/20827_17.txt, time: 4.160000
/bbs/Gossiping/M.1495497989.A.7F2.html download to ptt/Gossiping/20827_18.txt, time: 3.490000
/bbs/Gossiping/M.1495497994.A.436.html download to ptt/Gossiping/20827_19.txt, time: 4.990000
page 20826
/bbs/Gossiping/M.1495493639.A.21B.html download to ptt/Gossiping/20826_0.txt, time: 4.730000
/bbs/Gossiping/M.1495493640.A.CCC.html download to ptt/Gossiping/20826_1.txt, time: 4.320000
/bbs/Gossiping/M.1495493692.A.F82.html download to ptt/Gossiping/20826_2.txt, time: 3.380000
/bbs/Gossiping/M.1495493860.A.45D.html download to ptt/Gossiping/20826_3.txt, time: 4.080000
/bbs/Gossiping/M.1495494178.A.D27.html download to ptt/Gossiping/20826_4.txt, time: 4.830000
/bbs/Gossiping/M.1495494287.A.DB1.html download to ptt/Gossiping/20826_5.txt, time: 4.890000
/bbs/Gossiping/M.1495494336.A.03F.html download to ptt/Gossiping/20826_6.txt, time: 5.440000
/bbs/Gossiping/M.1495494430.A.105.html download to ptt/Gossiping/20826_7.txt, time: 3.360000
/bbs/Gossiping/M.1495494496.A.A60.html download to ptt/Gossiping/20826_8.txt, time: 4.090000
/bbs/Gossiping/M.1495494586.A.0B4.html download to ptt/Gossiping/20826_9.txt, time: 3.620000
/bbs/Gossiping/M.1495495113.A.6C2.html download to ptt/Gossiping/20826_10.txt, time: 4.160000
/bbs/Gossiping/M.1495495331.A.8B6.html download to ptt/Gossiping/20826_11.txt, time: 3.120000
/bbs/Gossiping/M.1495495348.A.50E.html download to ptt/Gossiping/20826_12.txt, time: 2.900000
/bbs/Gossiping/M.1495495485.A.9DF.html download to ptt/Gossiping/20826_13.txt, time: 2.660000
/bbs/Gossiping/M.1495495784.A.AF1.html download to ptt/Gossiping/20826_14.txt, time: 4.360000
/bbs/Gossiping/M.1495496166.A.268.html download to ptt/Gossiping/20826_15.txt, time: 3.470000
/bbs/Gossiping/M.1495496222.A.496.html download to ptt/Gossiping/20826_16.txt, time: 2.220000
/bbs/Gossiping/M.1495496272.A.EFA.html download to ptt/Gossiping/20826_17.txt, time: 2.090000
/bbs/Gossiping/M.1495496628.A.03F.html download to ptt/Gossiping/20826_18.txt, time: 4.100000
/bbs/Gossiping/M.1495496689.A.762.html download to ptt/Gossiping/20826_19.txt, time: 2.410000
time: 541.0933265686035 seconds
