page 20840
/bbs/Gossiping/M.1495507385.A.3CA.html download to ptt/Gossiping/20840_0.txt, time: 4.920000
/bbs/Gossiping/M.1495507428.A.9D4.html download to ptt/Gossiping/20840_1.txt, time: 2.830000
/bbs/Gossiping/M.1495507530.A.991.html download to ptt/Gossiping/20840_2.txt, time: 4.970000
/bbs/Gossiping/M.1495507592.A.F2A.html download to ptt/Gossiping/20840_3.txt, time: 5.550000
/bbs/Gossiping/M.1495507613.A.4B0.html download to ptt/Gossiping/20840_4.txt, time: 10.690000
/bbs/Gossiping/M.1495507643.A.7C2.html download to ptt/Gossiping/20840_5.txt, time: 3.450000
/bbs/Gossiping/M.1495507669.A.89E.html download to ptt/Gossiping/20840_6.txt, time: 5.040000
/bbs/Gossiping/M.1495507674.A.339.html download to ptt/Gossiping/20840_7.txt, time: 3.220000
/bbs/Gossiping/M.1495507841.A.3A9.html download to ptt/Gossiping/20840_8.txt, time: 4.640000
/bbs/Gossiping/M.1495507905.A.D7D.html download to ptt/Gossiping/20840_9.txt, time: 5.630000
/bbs/Gossiping/M.1495507930.A.4D6.html download to ptt/Gossiping/20840_10.txt, time: 7.210000
/bbs/Gossiping/M.1495507931.A.876.html download to ptt/Gossiping/20840_11.txt, time: 4.840000
/bbs/Gossiping/M.1495507962.A.27E.html download to ptt/Gossiping/20840_12.txt, time: 4.110000
/bbs/Gossiping/M.1495507966.A.E8A.html download to ptt/Gossiping/20840_13.txt, time: 4.990000
/bbs/Gossiping/M.1495508035.A.1E8.html download to ptt/Gossiping/20840_14.txt, time: 4.510000
/bbs/Gossiping/M.1495508045.A.BD4.html download to ptt/Gossiping/20840_15.txt, time: 5.620000
/bbs/Gossiping/M.1495508076.A.43E.html download to ptt/Gossiping/20840_16.txt, time: 5.280000
/bbs/Gossiping/M.1495508085.A.DA4.html download to ptt/Gossiping/20840_17.txt, time: 3.450000
/bbs/Gossiping/M.1495508089.A.BC2.html download to ptt/Gossiping/20840_18.txt, time: 5.040000
/bbs/Gossiping/M.1495508118.A.A2F.html download to ptt/Gossiping/20840_19.txt, time: 4.770000
page 20839
/bbs/Gossiping/M.1495506860.A.09D.html download to ptt/Gossiping/20839_0.txt, time: 5.440000
/bbs/Gossiping/M.1495506865.A.6AC.html download to ptt/Gossiping/20839_1.txt, time: 6.230000
/bbs/Gossiping/M.1495506873.A.E2F.html download to ptt/Gossiping/20839_2.txt, time: 5.850000
/bbs/Gossiping/M.1495506887.A.483.html download to ptt/Gossiping/20839_3.txt, time: 3.640000
/bbs/Gossiping/M.1495506918.A.3B0.html download to ptt/Gossiping/20839_4.txt, time: 4.310000
/bbs/Gossiping/M.1495506953.A.B47.html download to ptt/Gossiping/20839_5.txt, time: 3.610000
/bbs/Gossiping/M.1495506975.A.A69.html download to ptt/Gossiping/20839_6.txt, time: 4.380000
/bbs/Gossiping/M.1495506986.A.392.html download to ptt/Gossiping/20839_7.txt, time: 6.140000
/bbs/Gossiping/M.1495507014.A.D50.html download to ptt/Gossiping/20839_8.txt, time: 4.680000
/bbs/Gossiping/M.1495507025.A.605.html download to ptt/Gossiping/20839_9.txt, time: 4.320000
/bbs/Gossiping/M.1495507066.A.2FA.html download to ptt/Gossiping/20839_10.txt, time: 6.060000
/bbs/Gossiping/M.1495507066.A.8D6.html download to ptt/Gossiping/20839_11.txt, time: 3.430000
/bbs/Gossiping/M.1495507074.A.8D8.html download to ptt/Gossiping/20839_12.txt, time: 6.910000
/bbs/Gossiping/M.1495507112.A.2CB.html download to ptt/Gossiping/20839_13.txt, time: 7.150000
/bbs/Gossiping/M.1495507178.A.31F.html download to ptt/Gossiping/20839_14.txt, time: 4.700000
/bbs/Gossiping/M.1495507207.A.41F.html download to ptt/Gossiping/20839_15.txt, time: 4.390000
/bbs/Gossiping/M.1495507266.A.641.html download to ptt/Gossiping/20839_16.txt, time: 4.880000
/bbs/Gossiping/M.1495507298.A.253.html download to ptt/Gossiping/20839_17.txt, time: 4.220000
/bbs/Gossiping/M.1495507335.A.96F.html download to ptt/Gossiping/20839_18.txt, time: 6.670000
/bbs/Gossiping/M.1495507353.A.655.html download to ptt/Gossiping/20839_19.txt, time: 5.660000
page 20838
/bbs/Gossiping/M.1495506199.A.CB0.html download to ptt/Gossiping/20838_0.txt, time: 9.440000
/bbs/Gossiping/M.1495506255.A.2ED.html download to ptt/Gossiping/20838_1.txt, time: 4.660000
/bbs/Gossiping/M.1495506298.A.324.html download to ptt/Gossiping/20838_2.txt, time: 3.850000
/bbs/Gossiping/M.1495506334.A.6CF.html download to ptt/Gossiping/20838_3.txt, time: 9.210000
/bbs/Gossiping/M.1495506350.A.84A.html download to ptt/Gossiping/20838_4.txt, time: 5.620000
/bbs/Gossiping/M.1495506387.A.ED1.html download to ptt/Gossiping/20838_5.txt, time: 6.220000
/bbs/Gossiping/M.1495506418.A.5BE.html download to ptt/Gossiping/20838_6.txt, time: 4.950000
/bbs/Gossiping/M.1495506433.A.AE7.html download to ptt/Gossiping/20838_7.txt, time: 5.150000
/bbs/Gossiping/M.1495506437.A.DDA.html download to ptt/Gossiping/20838_8.txt, time: 10.620000
/bbs/Gossiping/M.1495506473.A.270.html download to ptt/Gossiping/20838_9.txt, time: 4.950000
/bbs/Gossiping/M.1495506501.A.0A9.html download to ptt/Gossiping/20838_10.txt, time: 5.050000
/bbs/Gossiping/M.1495506507.A.534.html download to ptt/Gossiping/20838_11.txt, time: 4.310000
/bbs/Gossiping/M.1495506526.A.D69.html download to ptt/Gossiping/20838_12.txt, time: 3.820000
/bbs/Gossiping/M.1495506545.A.1DC.html download to ptt/Gossiping/20838_13.txt, time: 5.740000
/bbs/Gossiping/M.1495506697.A.299.html download to ptt/Gossiping/20838_14.txt, time: 5.060000
/bbs/Gossiping/M.1495506720.A.A71.html download to ptt/Gossiping/20838_15.txt, time: 5.560000
/bbs/Gossiping/M.1495506760.A.255.html download to ptt/Gossiping/20838_16.txt, time: 3.960000
/bbs/Gossiping/M.1495506801.A.5C3.html download to ptt/Gossiping/20838_17.txt, time: 8.730000
/bbs/Gossiping/M.1495506824.A.215.html download to ptt/Gossiping/20838_18.txt, time: 4.270000
/bbs/Gossiping/M.1495506852.A.D62.html download to ptt/Gossiping/20838_19.txt, time: 4.510000
page 20837
/bbs/Gossiping/M.1495505563.A.DD6.html download to ptt/Gossiping/20837_0.txt, time: 4.790000
/bbs/Gossiping/M.1495505578.A.069.html download to ptt/Gossiping/20837_1.txt, time: 3.140000
/bbs/Gossiping/M.1495505582.A.8BE.html download to ptt/Gossiping/20837_2.txt, time: 3.020000
/bbs/Gossiping/M.1495505591.A.D01.html download to ptt/Gossiping/20837_3.txt, time: 3.280000
/bbs/Gossiping/M.1495505611.A.103.html download to ptt/Gossiping/20837_4.txt, time: 4.560000
/bbs/Gossiping/M.1495505689.A.EB3.html download to ptt/Gossiping/20837_5.txt, time: 4.290000
/bbs/Gossiping/M.1495505723.A.2A7.html download to ptt/Gossiping/20837_6.txt, time: 3.600000
/bbs/Gossiping/M.1495505753.A.61E.html download to ptt/Gossiping/20837_7.txt, time: 3.930000
/bbs/Gossiping/M.1495505806.A.96B.html download to ptt/Gossiping/20837_8.txt, time: 3.980000
/bbs/Gossiping/M.1495505825.A.D79.html download to ptt/Gossiping/20837_9.txt, time: 4.270000
/bbs/Gossiping/M.1495505880.A.B95.html download to ptt/Gossiping/20837_10.txt, time: 3.330000
/bbs/Gossiping/M.1495505992.A.8E9.html download to ptt/Gossiping/20837_11.txt, time: 4.160000
/bbs/Gossiping/M.1495505992.A.F74.html download to ptt/Gossiping/20837_12.txt, time: 3.890000
/bbs/Gossiping/M.1495505993.A.D0E.html download to ptt/Gossiping/20837_13.txt, time: 5.180000
/bbs/Gossiping/M.1495506100.A.09D.html download to ptt/Gossiping/20837_14.txt, time: 3.650000
/bbs/Gossiping/M.1495506113.A.AB5.html download to ptt/Gossiping/20837_15.txt, time: 3.380000
/bbs/Gossiping/M.1495506127.A.7B6.html download to ptt/Gossiping/20837_16.txt, time: 3.680000
/bbs/Gossiping/M.1495506160.A.5C4.html download to ptt/Gossiping/20837_17.txt, time: 3.370000
/bbs/Gossiping/M.1495506164.A.A03.html download to ptt/Gossiping/20837_18.txt, time: 6.950000
/bbs/Gossiping/M.1495506172.A.D6E.html download to ptt/Gossiping/20837_19.txt, time: 6.770000
page 20836
/bbs/Gossiping/M.1495504521.A.116.html download to ptt/Gossiping/20836_0.txt, time: 4.790000
/bbs/Gossiping/M.1495504640.A.FED.html download to ptt/Gossiping/20836_1.txt, time: 5.110000
/bbs/Gossiping/M.1495504660.A.B8B.html download to ptt/Gossiping/20836_2.txt, time: 4.490000
/bbs/Gossiping/M.1495504750.A.320.html download to ptt/Gossiping/20836_3.txt, time: 2.490000
/bbs/Gossiping/M.1495504780.A.609.html download to ptt/Gossiping/20836_4.txt, time: 3.680000
/bbs/Gossiping/M.1495504821.A.4DA.html download to ptt/Gossiping/20836_5.txt, time: 2.990000
/bbs/Gossiping/M.1495504840.A.3FC.html download to ptt/Gossiping/20836_6.txt, time: 3.590000
/bbs/Gossiping/M.1495504875.A.D2D.html download to ptt/Gossiping/20836_7.txt, time: 3.300000
/bbs/Gossiping/M.1495504917.A.FA4.html download to ptt/Gossiping/20836_8.txt, time: 3.650000
/bbs/Gossiping/M.1495504958.A.A8E.html download to ptt/Gossiping/20836_9.txt, time: 4.090000
/bbs/Gossiping/M.1495505001.A.DBF.html download to ptt/Gossiping/20836_10.txt, time: 3.990000
/bbs/Gossiping/M.1495505058.A.3E6.html download to ptt/Gossiping/20836_11.txt, time: 3.790000
/bbs/Gossiping/M.1495505159.A.4DF.html download to ptt/Gossiping/20836_12.txt, time: 3.230000
/bbs/Gossiping/M.1495505246.A.5AE.html download to ptt/Gossiping/20836_13.txt, time: 3.040000
/bbs/Gossiping/M.1495505325.A.1A1.html download to ptt/Gossiping/20836_14.txt, time: 2.990000
/bbs/Gossiping/M.1495505368.A.082.html download to ptt/Gossiping/20836_15.txt, time: 3.340000
/bbs/Gossiping/M.1495505412.A.1E1.html download to ptt/Gossiping/20836_16.txt, time: 3.130000
/bbs/Gossiping/M.1495505474.A.A8E.html download to ptt/Gossiping/20836_17.txt, time: 3.580000
/bbs/Gossiping/M.1495505475.A.2D4.html download to ptt/Gossiping/20836_18.txt, time: 2.980000
/bbs/Gossiping/M.1495505513.A.E95.html download to ptt/Gossiping/20836_19.txt, time: 3.620000
time: 533.4253661632538 seconds
