page 20850
/bbs/Gossiping/M.1495512657.A.F5C.html download to ptt/Gossiping/20850_0.txt, time: 4.950000
/bbs/Gossiping/M.1495512666.A.3AF.html download to ptt/Gossiping/20850_1.txt, time: 6.760000
/bbs/Gossiping/M.1495512731.A.60E.html download to ptt/Gossiping/20850_2.txt, time: 8.680000
/bbs/Gossiping/M.1495512743.A.E28.html download to ptt/Gossiping/20850_3.txt, time: 3.480000
/bbs/Gossiping/M.1495512763.A.EBC.html download to ptt/Gossiping/20850_4.txt, time: 4.380000
/bbs/Gossiping/M.1495512763.A.687.html download to ptt/Gossiping/20850_5.txt, time: 3.390000
/bbs/Gossiping/M.1495512782.A.8C0.html download to ptt/Gossiping/20850_6.txt, time: 5.100000
/bbs/Gossiping/M.1495512784.A.F15.html download to ptt/Gossiping/20850_7.txt, time: 4.320000
/bbs/Gossiping/M.1495512802.A.E86.html download to ptt/Gossiping/20850_8.txt, time: 6.580000
/bbs/Gossiping/M.1495512860.A.067.html download to ptt/Gossiping/20850_9.txt, time: 6.630000
/bbs/Gossiping/M.1495512866.A.FF5.html download to ptt/Gossiping/20850_10.txt, time: 4.460000
/bbs/Gossiping/M.1495512879.A.8B2.html download to ptt/Gossiping/20850_11.txt, time: 5.980000
/bbs/Gossiping/M.1495512902.A.BD2.html download to ptt/Gossiping/20850_12.txt, time: 3.670000
/bbs/Gossiping/M.1495512918.A.5B1.html download to ptt/Gossiping/20850_13.txt, time: 4.360000
/bbs/Gossiping/M.1495512996.A.122.html download to ptt/Gossiping/20850_14.txt, time: 5.340000
/bbs/Gossiping/M.1495513001.A.9A0.html download to ptt/Gossiping/20850_15.txt, time: 4.180000
/bbs/Gossiping/M.1495513006.A.DB2.html download to ptt/Gossiping/20850_16.txt, time: 3.700000
/bbs/Gossiping/M.1495513006.A.A20.html download to ptt/Gossiping/20850_17.txt, time: 4.420000
/bbs/Gossiping/M.1495513080.A.019.html download to ptt/Gossiping/20850_18.txt, time: 4.030000
/bbs/Gossiping/M.1495513091.A.FE1.html download to ptt/Gossiping/20850_19.txt, time: 4.200000
page 20849
/bbs/Gossiping/M.1495512230.A.11D.html download to ptt/Gossiping/20849_0.txt, time: 5.540000
/bbs/Gossiping/M.1495512268.A.ED8.html download to ptt/Gossiping/20849_1.txt, time: 4.030000
/bbs/Gossiping/M.1495512310.A.9F8.html download to ptt/Gossiping/20849_2.txt, time: 3.260000
/bbs/Gossiping/M.1495512318.A.6B0.html download to ptt/Gossiping/20849_3.txt, time: 4.830000
/bbs/Gossiping/M.1495512360.A.EEF.html download to ptt/Gossiping/20849_4.txt, time: 4.040000
/bbs/Gossiping/M.1495512415.A.E99.html download to ptt/Gossiping/20849_5.txt, time: 3.870000
/bbs/Gossiping/M.1495512428.A.02B.html download to ptt/Gossiping/20849_6.txt, time: 3.510000
/bbs/Gossiping/M.1495512428.A.D6F.html download to ptt/Gossiping/20849_7.txt, time: 5.410000
/bbs/Gossiping/M.1495512434.A.B7C.html download to ptt/Gossiping/20849_8.txt, time: 4.140000
/bbs/Gossiping/M.1495512470.A.8C2.html download to ptt/Gossiping/20849_9.txt, time: 4.930000
/bbs/Gossiping/M.1495512476.A.873.html download to ptt/Gossiping/20849_10.txt, time: 4.120000
/bbs/Gossiping/M.1495512540.A.808.html download to ptt/Gossiping/20849_11.txt, time: 5.740000
/bbs/Gossiping/M.1495512555.A.58B.html download to ptt/Gossiping/20849_12.txt, time: 6.950000
/bbs/Gossiping/M.1495512558.A.8AF.html download to ptt/Gossiping/20849_13.txt, time: 5.800000
/bbs/Gossiping/M.1495512580.A.A93.html download to ptt/Gossiping/20849_14.txt, time: 3.860000
/bbs/Gossiping/M.1495512608.A.51B.html download to ptt/Gossiping/20849_15.txt, time: 4.770000
/bbs/Gossiping/M.1495512612.A.BF7.html download to ptt/Gossiping/20849_16.txt, time: 4.500000
/bbs/Gossiping/M.1495512616.A.2E6.html download to ptt/Gossiping/20849_17.txt, time: 5.350000
/bbs/Gossiping/M.1495512624.A.16F.html download to ptt/Gossiping/20849_18.txt, time: 11.050000
/bbs/Gossiping/M.1495512625.A.0EB.html download to ptt/Gossiping/20849_19.txt, time: 15.890000
page 20848
/bbs/Gossiping/M.1495511873.A.698.html download to ptt/Gossiping/20848_0.txt, time: 6.300000
/bbs/Gossiping/M.1495511894.A.565.html download to ptt/Gossiping/20848_1.txt, time: 5.970000
/bbs/Gossiping/M.1495511918.A.FD7.html download to ptt/Gossiping/20848_2.txt, time: 4.480000
/bbs/Gossiping/M.1495511941.A.654.html download to ptt/Gossiping/20848_3.txt, time: 4.890000
/bbs/Gossiping/M.1495511966.A.FC8.html download to ptt/Gossiping/20848_4.txt, time: 5.340000
/bbs/Gossiping/M.1495511977.A.5BB.html download to ptt/Gossiping/20848_5.txt, time: 5.000000
/bbs/Gossiping/M.1495512009.A.DFD.html download to ptt/Gossiping/20848_6.txt, time: 10.860000
/bbs/Gossiping/M.1495512040.A.BC0.html download to ptt/Gossiping/20848_7.txt, time: 17.070000
/bbs/Gossiping/M.1495512041.A.7B7.html download to ptt/Gossiping/20848_8.txt, time: 5.350000
/bbs/Gossiping/M.1495512066.A.8B7.html download to ptt/Gossiping/20848_9.txt, time: 5.540000
/bbs/Gossiping/M.1495512080.A.203.html download to ptt/Gossiping/20848_10.txt, time: 9.350000
/bbs/Gossiping/M.1495512081.A.72D.html download to ptt/Gossiping/20848_11.txt, time: 4.200000
/bbs/Gossiping/M.1495512099.A.391.html download to ptt/Gossiping/20848_12.txt, time: 5.430000
/bbs/Gossiping/M.1495512111.A.E94.html download to ptt/Gossiping/20848_13.txt, time: 5.700000
/bbs/Gossiping/M.1495512138.A.085.html download to ptt/Gossiping/20848_14.txt, time: 4.090000
/bbs/Gossiping/M.1495512141.A.B7A.html download to ptt/Gossiping/20848_15.txt, time: 3.940000
/bbs/Gossiping/M.1495512173.A.E82.html download to ptt/Gossiping/20848_16.txt, time: 5.120000
/bbs/Gossiping/M.1495512215.A.295.html download to ptt/Gossiping/20848_17.txt, time: 4.390000
/bbs/Gossiping/M.1495512215.A.662.html download to ptt/Gossiping/20848_18.txt, time: 3.510000
/bbs/Gossiping/M.1495512229.A.58C.html download to ptt/Gossiping/20848_19.txt, time: 3.650000
page 20847
/bbs/Gossiping/M.1495511595.A.FA8.html download to ptt/Gossiping/20847_0.txt, time: 3.820000
/bbs/Gossiping/M.1495511597.A.29D.html download to ptt/Gossiping/20847_1.txt, time: 3.020000
/bbs/Gossiping/M.1495511599.A.02C.html download to ptt/Gossiping/20847_2.txt, time: 3.270000
/bbs/Gossiping/M.1495511618.A.E6D.html download to ptt/Gossiping/20847_3.txt, time: 3.810000
/bbs/Gossiping/M.1495511621.A.149.html download to ptt/Gossiping/20847_4.txt, time: 5.000000
/bbs/Gossiping/M.1495511626.A.62E.html download to ptt/Gossiping/20847_5.txt, time: 4.490000
/bbs/Gossiping/M.1495511654.A.20D.html download to ptt/Gossiping/20847_6.txt, time: 3.380000
/bbs/Gossiping/M.1495511683.A.E73.html download to ptt/Gossiping/20847_7.txt, time: 3.480000
/bbs/Gossiping/M.1495511693.A.319.html download to ptt/Gossiping/20847_8.txt, time: 3.070000
/bbs/Gossiping/M.1495511709.A.FA6.html download to ptt/Gossiping/20847_9.txt, time: 4.600000
/bbs/Gossiping/M.1495511720.A.F1A.html download to ptt/Gossiping/20847_10.txt, time: 3.710000
/bbs/Gossiping/M.1495511730.A.53D.html download to ptt/Gossiping/20847_11.txt, time: 5.180000
/bbs/Gossiping/M.1495511739.A.73B.html download to ptt/Gossiping/20847_12.txt, time: 5.510000
/bbs/Gossiping/M.1495511766.A.86B.html download to ptt/Gossiping/20847_13.txt, time: 3.940000
/bbs/Gossiping/M.1495511796.A.8FB.html download to ptt/Gossiping/20847_14.txt, time: 4.110000
/bbs/Gossiping/M.1495511807.A.11A.html download to ptt/Gossiping/20847_15.txt, time: 4.370000
/bbs/Gossiping/M.1495511811.A.3AC.html download to ptt/Gossiping/20847_16.txt, time: 4.670000
/bbs/Gossiping/M.1495511814.A.785.html download to ptt/Gossiping/20847_17.txt, time: 4.810000
/bbs/Gossiping/M.1495511830.A.803.html download to ptt/Gossiping/20847_18.txt, time: 4.220000
/bbs/Gossiping/M.1495511840.A.390.html download to ptt/Gossiping/20847_19.txt, time: 3.020000
page 20846
/bbs/Gossiping/M.1495511096.A.0B1.html download to ptt/Gossiping/20846_0.txt, time: 4.150000
/bbs/Gossiping/M.1495511133.A.989.html download to ptt/Gossiping/20846_1.txt, time: 4.410000
/bbs/Gossiping/M.1495511195.A.D44.html download to ptt/Gossiping/20846_2.txt, time: 3.870000
/bbs/Gossiping/M.1495511277.A.F5F.html download to ptt/Gossiping/20846_3.txt, time: 4.610000
/bbs/Gossiping/M.1495511291.A.927.html download to ptt/Gossiping/20846_4.txt, time: 4.440000
/bbs/Gossiping/M.1495511339.A.BFF.html download to ptt/Gossiping/20846_5.txt, time: 2.950000
/bbs/Gossiping/M.1495511342.A.355.html download to ptt/Gossiping/20846_6.txt, time: 5.440000
/bbs/Gossiping/M.1495511346.A.B85.html download to ptt/Gossiping/20846_7.txt, time: 2.990000
/bbs/Gossiping/M.1495511356.A.281.html download to ptt/Gossiping/20846_8.txt, time: 3.510000
/bbs/Gossiping/M.1495511393.A.2BF.html download to ptt/Gossiping/20846_9.txt, time: 3.340000
/bbs/Gossiping/M.1495511413.A.A0D.html download to ptt/Gossiping/20846_10.txt, time: 3.140000
/bbs/Gossiping/M.1495511414.A.2A2.html download to ptt/Gossiping/20846_11.txt, time: 3.290000
/bbs/Gossiping/M.1495511416.A.717.html download to ptt/Gossiping/20846_12.txt, time: 2.420000
/bbs/Gossiping/M.1495511451.A.82B.html download to ptt/Gossiping/20846_13.txt, time: 4.660000
/bbs/Gossiping/M.1495511470.A.D3F.html download to ptt/Gossiping/20846_14.txt, time: 2.340000
/bbs/Gossiping/M.1495511526.A.792.html download to ptt/Gossiping/20846_15.txt, time: 4.120000
/bbs/Gossiping/M.1495511546.A.4B7.html download to ptt/Gossiping/20846_16.txt, time: 5.690000
/bbs/Gossiping/M.1495511549.A.757.html download to ptt/Gossiping/20846_17.txt, time: 2.910000
/bbs/Gossiping/M.1495511578.A.723.html download to ptt/Gossiping/20846_18.txt, time: 1.460000
/bbs/Gossiping/M.1495511595.A.C96.html download to ptt/Gossiping/20846_19.txt, time: 1.340000
time: 548.0117800235748 seconds
