page 20870
/bbs/Gossiping/M.1495522815.A.F48.html download to ptt/Gossiping/20870_0.txt, time: 5.690000
/bbs/Gossiping/M.1495522824.A.3D3.html download to ptt/Gossiping/20870_1.txt, time: 8.100000
/bbs/Gossiping/M.1495522844.A.E8E.html download to ptt/Gossiping/20870_2.txt, time: 6.440000
/bbs/Gossiping/M.1495522860.A.6BF.html download to ptt/Gossiping/20870_3.txt, time: 3.110000
/bbs/Gossiping/M.1495522865.A.FA7.html download to ptt/Gossiping/20870_4.txt, time: 4.850000
/bbs/Gossiping/M.1495523006.A.892.html download to ptt/Gossiping/20870_5.txt, time: 4.900000
/bbs/Gossiping/M.1495523026.A.BA1.html download to ptt/Gossiping/20870_6.txt, time: 4.790000
/bbs/Gossiping/M.1495523055.A.421.html download to ptt/Gossiping/20870_7.txt, time: 3.740000
/bbs/Gossiping/M.1495523077.A.C00.html download to ptt/Gossiping/20870_8.txt, time: 9.220000
/bbs/Gossiping/M.1495523079.A.B22.html download to ptt/Gossiping/20870_9.txt, time: 4.630000
/bbs/Gossiping/M.1495523098.A.6BA.html download to ptt/Gossiping/20870_10.txt, time: 4.660000
/bbs/Gossiping/M.1495523178.A.4A8.html download to ptt/Gossiping/20870_11.txt, time: 4.550000
/bbs/Gossiping/M.1495523179.A.00F.html download to ptt/Gossiping/20870_12.txt, time: 7.510000
/bbs/Gossiping/M.1495523228.A.081.html download to ptt/Gossiping/20870_13.txt, time: 6.470000
/bbs/Gossiping/M.1495523312.A.E42.html download to ptt/Gossiping/20870_14.txt, time: 5.480000
/bbs/Gossiping/M.1495523342.A.162.html download to ptt/Gossiping/20870_15.txt, time: 5.200000
/bbs/Gossiping/M.1495523353.A.DEF.html download to ptt/Gossiping/20870_16.txt, time: 5.710000
/bbs/Gossiping/M.1495523366.A.873.html download to ptt/Gossiping/20870_17.txt, time: 4.150000
/bbs/Gossiping/M.1495523387.A.133.html download to ptt/Gossiping/20870_18.txt, time: 4.820000
/bbs/Gossiping/M.1495523455.A.34C.html download to ptt/Gossiping/20870_19.txt, time: 2.790000
page 20869
/bbs/Gossiping/M.1495522455.A.69C.html download to ptt/Gossiping/20869_0.txt, time: 5.900000
/bbs/Gossiping/M.1495522461.A.FA5.html download to ptt/Gossiping/20869_1.txt, time: 4.210000
/bbs/Gossiping/M.1495522465.A.AB7.html download to ptt/Gossiping/20869_2.txt, time: 7.360000
/bbs/Gossiping/M.1495522533.A.1C5.html download to ptt/Gossiping/20869_3.txt, time: 5.600000
/bbs/Gossiping/M.1495522536.A.C23.html download to ptt/Gossiping/20869_4.txt, time: 5.200000
/bbs/Gossiping/M.1495522561.A.34E.html download to ptt/Gossiping/20869_5.txt, time: 4.950000
/bbs/Gossiping/M.1495522561.A.E0F.html download to ptt/Gossiping/20869_6.txt, time: 2.980000
/bbs/Gossiping/M.1495522575.A.E2D.html download to ptt/Gossiping/20869_7.txt, time: 5.810000
/bbs/Gossiping/M.1495522600.A.626.html download to ptt/Gossiping/20869_8.txt, time: 5.370000
/bbs/Gossiping/M.1495522637.A.B0B.html download to ptt/Gossiping/20869_9.txt, time: 5.480000
/bbs/Gossiping/M.1495522644.A.ABE.html download to ptt/Gossiping/20869_10.txt, time: 5.490000
/bbs/Gossiping/M.1495522663.A.0BF.html download to ptt/Gossiping/20869_11.txt, time: 4.780000
/bbs/Gossiping/M.1495522664.A.9DB.html download to ptt/Gossiping/20869_12.txt, time: 4.290000
/bbs/Gossiping/M.1495522668.A.963.html download to ptt/Gossiping/20869_13.txt, time: 5.250000
/bbs/Gossiping/M.1495522678.A.625.html download to ptt/Gossiping/20869_14.txt, time: 10.720000
/bbs/Gossiping/M.1495522683.A.DE2.html download to ptt/Gossiping/20869_15.txt, time: 4.400000
/bbs/Gossiping/M.1495522685.A.FB2.html download to ptt/Gossiping/20869_16.txt, time: 3.860000
/bbs/Gossiping/M.1495522700.A.7DD.html download to ptt/Gossiping/20869_17.txt, time: 11.850000
/bbs/Gossiping/M.1495522721.A.0ED.html download to ptt/Gossiping/20869_18.txt, time: 4.500000
/bbs/Gossiping/M.1495522795.A.DF8.html download to ptt/Gossiping/20869_19.txt, time: 4.620000
page 20868
/bbs/Gossiping/M.1495521789.A.1C2.html download to ptt/Gossiping/20868_0.txt, time: 4.940000
/bbs/Gossiping/M.1495521829.A.12E.html download to ptt/Gossiping/20868_1.txt, time: 4.700000
/bbs/Gossiping/M.1495521842.A.C18.html download to ptt/Gossiping/20868_2.txt, time: 4.970000
/bbs/Gossiping/M.1495521852.A.DCB.html download to ptt/Gossiping/20868_3.txt, time: 6.030000
/bbs/Gossiping/M.1495521954.A.214.html download to ptt/Gossiping/20868_4.txt, time: 5.800000
/bbs/Gossiping/M.1495521961.A.C67.html download to ptt/Gossiping/20868_5.txt, time: 8.740000
/bbs/Gossiping/M.1495522020.A.33C.html download to ptt/Gossiping/20868_6.txt, time: 3.910000
/bbs/Gossiping/M.1495522059.A.9B1.html download to ptt/Gossiping/20868_7.txt, time: 4.190000
/bbs/Gossiping/M.1495522099.A.ACE.html download to ptt/Gossiping/20868_8.txt, time: 7.430000
/bbs/Gossiping/M.1495522102.A.636.html download to ptt/Gossiping/20868_9.txt, time: 7.830000
/bbs/Gossiping/M.1495522110.A.AA5.html download to ptt/Gossiping/20868_10.txt, time: 4.770000
/bbs/Gossiping/M.1495522124.A.7B6.html download to ptt/Gossiping/20868_11.txt, time: 3.510000
/bbs/Gossiping/M.1495522140.A.DFB.html download to ptt/Gossiping/20868_12.txt, time: 13.420000
/bbs/Gossiping/M.1495522180.A.566.html download to ptt/Gossiping/20868_13.txt, time: 3.960000
/bbs/Gossiping/M.1495522243.A.BE7.html download to ptt/Gossiping/20868_14.txt, time: 4.310000
/bbs/Gossiping/M.1495522319.A.9F3.html download to ptt/Gossiping/20868_15.txt, time: 3.500000
/bbs/Gossiping/M.1495522353.A.88B.html download to ptt/Gossiping/20868_16.txt, time: 4.450000
/bbs/Gossiping/M.1495522354.A.38A.html download to ptt/Gossiping/20868_17.txt, time: 3.380000
/bbs/Gossiping/M.1495522364.A.964.html download to ptt/Gossiping/20868_18.txt, time: 4.760000
/bbs/Gossiping/M.1495522394.A.201.html download to ptt/Gossiping/20868_19.txt, time: 3.470000
page 20867
/bbs/Gossiping/M.1495521282.A.5DE.html download to ptt/Gossiping/20867_0.txt, time: 1.780000
/bbs/Gossiping/M.1495521309.A.031.html download to ptt/Gossiping/20867_1.txt, time: 4.680000
/bbs/Gossiping/M.1495521325.A.0A0.html download to ptt/Gossiping/20867_2.txt, time: 5.680000
/bbs/Gossiping/M.1495521329.A.B83.html download to ptt/Gossiping/20867_3.txt, time: 4.110000
/bbs/Gossiping/M.1495521347.A.9C6.html download to ptt/Gossiping/20867_4.txt, time: 4.380000
/bbs/Gossiping/M.1495521359.A.8C5.html download to ptt/Gossiping/20867_5.txt, time: 4.240000
/bbs/Gossiping/M.1495521405.A.8E8.html download to ptt/Gossiping/20867_6.txt, time: 5.100000
/bbs/Gossiping/M.1495521438.A.4D3.html download to ptt/Gossiping/20867_7.txt, time: 4.080000
/bbs/Gossiping/M.1495521523.A.E0B.html download to ptt/Gossiping/20867_8.txt, time: 3.240000
/bbs/Gossiping/M.1495521532.A.CC9.html download to ptt/Gossiping/20867_9.txt, time: 4.300000
/bbs/Gossiping/M.1495521578.A.9BC.html download to ptt/Gossiping/20867_10.txt, time: 5.780000
/bbs/Gossiping/M.1495521589.A.178.html download to ptt/Gossiping/20867_11.txt, time: 4.560000
/bbs/Gossiping/M.1495521626.A.977.html download to ptt/Gossiping/20867_12.txt, time: 7.400000
/bbs/Gossiping/M.1495521644.A.F88.html download to ptt/Gossiping/20867_13.txt, time: 4.990000
/bbs/Gossiping/M.1495521649.A.092.html download to ptt/Gossiping/20867_14.txt, time: 2.970000
/bbs/Gossiping/M.1495521697.A.85A.html download to ptt/Gossiping/20867_15.txt, time: 3.790000
/bbs/Gossiping/M.1495521715.A.35B.html download to ptt/Gossiping/20867_16.txt, time: 4.340000
/bbs/Gossiping/M.1495521717.A.8B2.html download to ptt/Gossiping/20867_17.txt, time: 4.900000
/bbs/Gossiping/M.1495521752.A.379.html download to ptt/Gossiping/20867_18.txt, time: 2.690000
/bbs/Gossiping/M.1495521771.A.D61.html download to ptt/Gossiping/20867_19.txt, time: 4.310000
page 20866
/bbs/Gossiping/M.1495520733.A.321.html download to ptt/Gossiping/20866_0.txt, time: 5.910000
/bbs/Gossiping/M.1495520746.A.B96.html download to ptt/Gossiping/20866_1.txt, time: 4.570000
/bbs/Gossiping/M.1495520786.A.9CD.html download to ptt/Gossiping/20866_2.txt, time: 4.260000
/bbs/Gossiping/M.1495520788.A.FA2.html download to ptt/Gossiping/20866_3.txt, time: 3.570000
/bbs/Gossiping/M.1495520845.A.D31.html download to ptt/Gossiping/20866_4.txt, time: 3.960000
/bbs/Gossiping/M.1495520856.A.376.html download to ptt/Gossiping/20866_5.txt, time: 4.990000
/bbs/Gossiping/M.1495520867.A.7BA.html download to ptt/Gossiping/20866_6.txt, time: 5.680000
/bbs/Gossiping/M.1495520907.A.7A0.html download to ptt/Gossiping/20866_7.txt, time: 2.850000
/bbs/Gossiping/M.1495520915.A.B08.html download to ptt/Gossiping/20866_8.txt, time: 2.600000
/bbs/Gossiping/M.1495520961.A.98D.html download to ptt/Gossiping/20866_9.txt, time: 3.810000
/bbs/Gossiping/M.1495521006.A.FD0.html download to ptt/Gossiping/20866_10.txt, time: 3.790000
/bbs/Gossiping/M.1495521076.A.97D.html download to ptt/Gossiping/20866_11.txt, time: 2.580000
/bbs/Gossiping/M.1495521106.A.02E.html download to ptt/Gossiping/20866_12.txt, time: 2.570000
/bbs/Gossiping/M.1495521129.A.BEF.html download to ptt/Gossiping/20866_13.txt, time: 2.840000
/bbs/Gossiping/M.1495521150.A.574.html download to ptt/Gossiping/20866_14.txt, time: 6.140000
/bbs/Gossiping/M.1495521152.A.FDE.html download to ptt/Gossiping/20866_15.txt, time: 7.520000
/bbs/Gossiping/M.1495521170.A.03B.html download to ptt/Gossiping/20866_16.txt, time: 1.820000
/bbs/Gossiping/M.1495521191.A.118.html download to ptt/Gossiping/20866_17.txt, time: 2.880000
/bbs/Gossiping/M.1495521226.A.DC6.html download to ptt/Gossiping/20866_18.txt, time: 3.550000
/bbs/Gossiping/M.1495521275.A.A70.html download to ptt/Gossiping/20866_19.txt, time: 1.550000
time: 551.9534463882446 seconds
