page 20880
/bbs/Gossiping/M.1495528832.A.89D.html download to ptt/Gossiping/20880_0.txt, time: 6.270000
/bbs/Gossiping/M.1495528863.A.DBB.html download to ptt/Gossiping/20880_1.txt, time: 6.730000
/bbs/Gossiping/M.1495528903.A.4A7.html download to ptt/Gossiping/20880_2.txt, time: 4.690000
/bbs/Gossiping/M.1495528926.A.1BB.html download to ptt/Gossiping/20880_3.txt, time: 4.240000
/bbs/Gossiping/M.1495528949.A.636.html download to ptt/Gossiping/20880_4.txt, time: 6.010000
/bbs/Gossiping/M.1495528961.A.FFC.html download to ptt/Gossiping/20880_5.txt, time: 4.640000
/bbs/Gossiping/M.1495528965.A.17E.html download to ptt/Gossiping/20880_6.txt, time: 4.240000
/bbs/Gossiping/M.1495528968.A.A82.html download to ptt/Gossiping/20880_7.txt, time: 4.240000
/bbs/Gossiping/M.1495529010.A.015.html download to ptt/Gossiping/20880_8.txt, time: 7.050000
/bbs/Gossiping/M.1495529135.A.ABC.html download to ptt/Gossiping/20880_9.txt, time: 5.490000
/bbs/Gossiping/M.1495529138.A.EF7.html download to ptt/Gossiping/20880_10.txt, time: 3.120000
/bbs/Gossiping/M.1495529151.A.1C5.html download to ptt/Gossiping/20880_11.txt, time: 5.000000
/bbs/Gossiping/M.1495529190.A.3F4.html download to ptt/Gossiping/20880_12.txt, time: 2.620000
/bbs/Gossiping/M.1495529191.A.8ED.html download to ptt/Gossiping/20880_13.txt, time: 3.800000
/bbs/Gossiping/M.1495529214.A.24E.html download to ptt/Gossiping/20880_14.txt, time: 3.170000
/bbs/Gossiping/M.1495529222.A.5DD.html download to ptt/Gossiping/20880_15.txt, time: 5.050000
/bbs/Gossiping/M.1495529284.A.142.html download to ptt/Gossiping/20880_16.txt, time: 4.890000
/bbs/Gossiping/M.1495529290.A.024.html download to ptt/Gossiping/20880_17.txt, time: 3.800000
/bbs/Gossiping/M.1495529297.A.FEA.html download to ptt/Gossiping/20880_18.txt, time: 5.390000
/bbs/Gossiping/M.1495529298.A.330.html download to ptt/Gossiping/20880_19.txt, time: 3.210000
page 20879
/bbs/Gossiping/M.1495528238.A.319.html download to ptt/Gossiping/20879_0.txt, time: 7.150000
/bbs/Gossiping/M.1495528268.A.63E.html download to ptt/Gossiping/20879_1.txt, time: 5.280000
/bbs/Gossiping/M.1495528296.A.92E.html download to ptt/Gossiping/20879_2.txt, time: 4.020000
/bbs/Gossiping/M.1495528307.A.2E1.html download to ptt/Gossiping/20879_3.txt, time: 5.530000
/bbs/Gossiping/M.1495528328.A.078.html download to ptt/Gossiping/20879_4.txt, time: 5.340000
/bbs/Gossiping/M.1495528370.A.0FB.html download to ptt/Gossiping/20879_5.txt, time: 5.330000
/bbs/Gossiping/M.1495528461.A.F61.html download to ptt/Gossiping/20879_6.txt, time: 4.280000
/bbs/Gossiping/M.1495528474.A.01A.html download to ptt/Gossiping/20879_7.txt, time: 4.120000
/bbs/Gossiping/M.1495528483.A.AA0.html download to ptt/Gossiping/20879_8.txt, time: 3.880000
/bbs/Gossiping/M.1495528507.A.5DF.html download to ptt/Gossiping/20879_9.txt, time: 3.800000
/bbs/Gossiping/M.1495528524.A.9AB.html download to ptt/Gossiping/20879_10.txt, time: 4.260000
/bbs/Gossiping/M.1495528580.A.4C8.html download to ptt/Gossiping/20879_11.txt, time: 4.960000
/bbs/Gossiping/M.1495528592.A.802.html download to ptt/Gossiping/20879_12.txt, time: 7.940000
/bbs/Gossiping/M.1495528613.A.A1E.html download to ptt/Gossiping/20879_13.txt, time: 4.060000
/bbs/Gossiping/M.1495528659.A.2B1.html download to ptt/Gossiping/20879_14.txt, time: 5.500000
/bbs/Gossiping/M.1495528672.A.C02.html download to ptt/Gossiping/20879_15.txt, time: 5.300000
/bbs/Gossiping/M.1495528694.A.01D.html download to ptt/Gossiping/20879_16.txt, time: 4.650000
/bbs/Gossiping/M.1495528753.A.C4E.html download to ptt/Gossiping/20879_17.txt, time: 5.010000
/bbs/Gossiping/M.1495528775.A.C52.html download to ptt/Gossiping/20879_18.txt, time: 4.690000
/bbs/Gossiping/M.1495528799.A.72B.html download to ptt/Gossiping/20879_19.txt, time: 6.410000
page 20878
/bbs/Gossiping/M.1495527669.A.A56.html download to ptt/Gossiping/20878_0.txt, time: 14.220000
/bbs/Gossiping/M.1495527686.A.826.html download to ptt/Gossiping/20878_1.txt, time: 10.940000
/bbs/Gossiping/M.1495527710.A.9C3.html download to ptt/Gossiping/20878_2.txt, time: 5.720000
/bbs/Gossiping/M.1495527719.A.47E.html download to ptt/Gossiping/20878_3.txt, time: 5.130000
/bbs/Gossiping/M.1495527720.A.732.html download to ptt/Gossiping/20878_4.txt, time: 5.990000
/bbs/Gossiping/M.1495527740.A.BE3.html download to ptt/Gossiping/20878_5.txt, time: 6.650000
/bbs/Gossiping/M.1495527776.A.436.html download to ptt/Gossiping/20878_6.txt, time: 11.300000
/bbs/Gossiping/M.1495527780.A.958.html download to ptt/Gossiping/20878_7.txt, time: 8.890000
/bbs/Gossiping/M.1495527802.A.AF5.html download to ptt/Gossiping/20878_8.txt, time: 4.000000
/bbs/Gossiping/M.1495527825.A.179.html download to ptt/Gossiping/20878_9.txt, time: 8.600000
/bbs/Gossiping/M.1495527848.A.505.html download to ptt/Gossiping/20878_10.txt, time: 4.680000
/bbs/Gossiping/M.1495527920.A.F67.html download to ptt/Gossiping/20878_11.txt, time: 4.930000
/bbs/Gossiping/M.1495527971.A.118.html download to ptt/Gossiping/20878_12.txt, time: 3.450000
/bbs/Gossiping/M.1495527979.A.F78.html download to ptt/Gossiping/20878_13.txt, time: 3.360000
/bbs/Gossiping/M.1495527995.A.ACF.html download to ptt/Gossiping/20878_14.txt, time: 5.330000
/bbs/Gossiping/M.1495528011.A.9A1.html download to ptt/Gossiping/20878_15.txt, time: 3.290000
/bbs/Gossiping/M.1495528095.A.483.html download to ptt/Gossiping/20878_16.txt, time: 4.200000
/bbs/Gossiping/M.1495528127.A.45F.html download to ptt/Gossiping/20878_17.txt, time: 3.360000
/bbs/Gossiping/M.1495528172.A.30A.html download to ptt/Gossiping/20878_18.txt, time: 6.170000
/bbs/Gossiping/M.1495528221.A.C32.html download to ptt/Gossiping/20878_19.txt, time: 3.850000
page 20877
/bbs/Gossiping/M.1495526983.A.4D6.html download to ptt/Gossiping/20877_0.txt, time: 5.200000
/bbs/Gossiping/M.1495526991.A.ECB.html download to ptt/Gossiping/20877_1.txt, time: 4.150000
/bbs/Gossiping/M.1495527045.A.402.html download to ptt/Gossiping/20877_2.txt, time: 6.130000
/bbs/Gossiping/M.1495527077.A.658.html download to ptt/Gossiping/20877_3.txt, time: 4.620000
/bbs/Gossiping/M.1495527087.A.62F.html download to ptt/Gossiping/20877_4.txt, time: 5.230000
/bbs/Gossiping/M.1495527110.A.4A2.html download to ptt/Gossiping/20877_5.txt, time: 5.630000
/bbs/Gossiping/M.1495527123.A.EF3.html download to ptt/Gossiping/20877_6.txt, time: 3.910000
empty download to ptt/Gossiping/20877_7.txt, time: 0.000000
/bbs/Gossiping/M.1495527314.A.79F.html download to ptt/Gossiping/20877_8.txt, time: 3.320000
/bbs/Gossiping/M.1495527317.A.8CB.html download to ptt/Gossiping/20877_9.txt, time: 4.240000
/bbs/Gossiping/M.1495527335.A.96C.html download to ptt/Gossiping/20877_10.txt, time: 4.280000
/bbs/Gossiping/M.1495527344.A.344.html download to ptt/Gossiping/20877_11.txt, time: 4.680000
/bbs/Gossiping/M.1495527351.A.64E.html download to ptt/Gossiping/20877_12.txt, time: 5.350000
/bbs/Gossiping/M.1495527353.A.F34.html download to ptt/Gossiping/20877_13.txt, time: 7.620000
/bbs/Gossiping/M.1495527360.A.067.html download to ptt/Gossiping/20877_14.txt, time: 5.510000
/bbs/Gossiping/M.1495527382.A.07D.html download to ptt/Gossiping/20877_15.txt, time: 2.880000
/bbs/Gossiping/M.1495527545.A.DA8.html download to ptt/Gossiping/20877_16.txt, time: 4.750000
/bbs/Gossiping/M.1495527551.A.04E.html download to ptt/Gossiping/20877_17.txt, time: 5.240000
/bbs/Gossiping/M.1495527639.A.E1D.html download to ptt/Gossiping/20877_18.txt, time: 5.160000
/bbs/Gossiping/M.1495527642.A.05B.html download to ptt/Gossiping/20877_19.txt, time: 4.990000
page 20876
/bbs/Gossiping/M.1495526628.A.541.html download to ptt/Gossiping/20876_0.txt, time: 4.210000
/bbs/Gossiping/M.1495526651.A.12F.html download to ptt/Gossiping/20876_1.txt, time: 3.130000
/bbs/Gossiping/M.1495526667.A.2D1.html download to ptt/Gossiping/20876_2.txt, time: 3.560000
/bbs/Gossiping/M.1495526680.A.BBD.html download to ptt/Gossiping/20876_3.txt, time: 2.580000
/bbs/Gossiping/M.1495526706.A.37B.html download to ptt/Gossiping/20876_4.txt, time: 5.680000
/bbs/Gossiping/M.1495526725.A.B6F.html download to ptt/Gossiping/20876_5.txt, time: 3.420000
/bbs/Gossiping/M.1495526747.A.BD5.html download to ptt/Gossiping/20876_6.txt, time: 3.660000
/bbs/Gossiping/M.1495526748.A.09D.html download to ptt/Gossiping/20876_7.txt, time: 3.800000
/bbs/Gossiping/M.1495526768.A.2CA.html download to ptt/Gossiping/20876_8.txt, time: 5.630000
/bbs/Gossiping/M.1495526775.A.689.html download to ptt/Gossiping/20876_9.txt, time: 4.310000
/bbs/Gossiping/M.1495526794.A.600.html download to ptt/Gossiping/20876_10.txt, time: 2.840000
/bbs/Gossiping/M.1495526796.A.AEB.html download to ptt/Gossiping/20876_11.txt, time: 2.480000
/bbs/Gossiping/M.1495526818.A.8AA.html download to ptt/Gossiping/20876_12.txt, time: 2.740000
/bbs/Gossiping/M.1495526859.A.9B8.html download to ptt/Gossiping/20876_13.txt, time: 3.420000
/bbs/Gossiping/M.1495526884.A.150.html download to ptt/Gossiping/20876_14.txt, time: 4.080000
/bbs/Gossiping/M.1495526912.A.41A.html download to ptt/Gossiping/20876_15.txt, time: 2.200000
/bbs/Gossiping/M.1495526922.A.F46.html download to ptt/Gossiping/20876_16.txt, time: 1.980000
/bbs/Gossiping/M.1495526940.A.27A.html download to ptt/Gossiping/20876_17.txt, time: 4.320000
/bbs/Gossiping/M.1495526940.A.DCB.html download to ptt/Gossiping/20876_18.txt, time: 2.560000
/bbs/Gossiping/M.1495526949.A.347.html download to ptt/Gossiping/20876_19.txt, time: 1.570000
time: 540.7542324066162 seconds
