page 20890
/bbs/Gossiping/M.1495534070.A.A96.html download to ptt/Gossiping/20890_0.txt, time: 8.630000
/bbs/Gossiping/M.1495534077.A.D38.html download to ptt/Gossiping/20890_1.txt, time: 5.160000
/bbs/Gossiping/M.1495534091.A.22B.html download to ptt/Gossiping/20890_2.txt, time: 3.900000
/bbs/Gossiping/M.1495534110.A.BDE.html download to ptt/Gossiping/20890_3.txt, time: 3.860000
/bbs/Gossiping/M.1495534169.A.346.html download to ptt/Gossiping/20890_4.txt, time: 3.440000
/bbs/Gossiping/M.1495534177.A.E60.html download to ptt/Gossiping/20890_5.txt, time: 6.900000
/bbs/Gossiping/M.1495534236.A.87A.html download to ptt/Gossiping/20890_6.txt, time: 4.660000
/bbs/Gossiping/M.1495534244.A.1EC.html download to ptt/Gossiping/20890_7.txt, time: 8.860000
/bbs/Gossiping/M.1495534251.A.280.html download to ptt/Gossiping/20890_8.txt, time: 5.700000
/bbs/Gossiping/M.1495534301.A.72D.html download to ptt/Gossiping/20890_9.txt, time: 3.710000
/bbs/Gossiping/M.1495534315.A.98C.html download to ptt/Gossiping/20890_10.txt, time: 4.550000
/bbs/Gossiping/M.1495534318.A.AB9.html download to ptt/Gossiping/20890_11.txt, time: 4.300000
/bbs/Gossiping/M.1495534320.A.FAB.html download to ptt/Gossiping/20890_12.txt, time: 6.030000
/bbs/Gossiping/M.1495534323.A.784.html download to ptt/Gossiping/20890_13.txt, time: 5.050000
/bbs/Gossiping/M.1495534331.A.74E.html download to ptt/Gossiping/20890_14.txt, time: 5.250000
/bbs/Gossiping/M.1495534345.A.AE8.html download to ptt/Gossiping/20890_15.txt, time: 3.900000
/bbs/Gossiping/M.1495534399.A.541.html download to ptt/Gossiping/20890_16.txt, time: 5.050000
/bbs/Gossiping/M.1495534403.A.2FC.html download to ptt/Gossiping/20890_17.txt, time: 6.070000
/bbs/Gossiping/M.1495534429.A.4C0.html download to ptt/Gossiping/20890_18.txt, time: 2.900000
/bbs/Gossiping/M.1495534479.A.E41.html download to ptt/Gossiping/20890_19.txt, time: 6.190000
page 20889
/bbs/Gossiping/M.1495533710.A.1DE.html download to ptt/Gossiping/20889_0.txt, time: 4.460000
/bbs/Gossiping/M.1495533721.A.D2A.html download to ptt/Gossiping/20889_1.txt, time: 5.060000
/bbs/Gossiping/M.1495533738.A.CE2.html download to ptt/Gossiping/20889_2.txt, time: 4.210000
/bbs/Gossiping/M.1495533743.A.8BE.html download to ptt/Gossiping/20889_3.txt, time: 4.620000
/bbs/Gossiping/M.1495533749.A.28E.html download to ptt/Gossiping/20889_4.txt, time: 4.100000
/bbs/Gossiping/M.1495533781.A.14D.html download to ptt/Gossiping/20889_5.txt, time: 4.670000
/bbs/Gossiping/M.1495533793.A.EDF.html download to ptt/Gossiping/20889_6.txt, time: 4.800000
/bbs/Gossiping/M.1495533794.A.B59.html download to ptt/Gossiping/20889_7.txt, time: 7.380000
/bbs/Gossiping/M.1495533806.A.5C7.html download to ptt/Gossiping/20889_8.txt, time: 5.840000
/bbs/Gossiping/M.1495533824.A.8BB.html download to ptt/Gossiping/20889_9.txt, time: 4.870000
/bbs/Gossiping/M.1495533833.A.02A.html download to ptt/Gossiping/20889_10.txt, time: 5.690000
/bbs/Gossiping/M.1495533848.A.3C2.html download to ptt/Gossiping/20889_11.txt, time: 6.380000
/bbs/Gossiping/M.1495533865.A.084.html download to ptt/Gossiping/20889_12.txt, time: 4.590000
/bbs/Gossiping/M.1495533876.A.8AA.html download to ptt/Gossiping/20889_13.txt, time: 4.190000
/bbs/Gossiping/M.1495533932.A.024.html download to ptt/Gossiping/20889_14.txt, time: 5.730000
/bbs/Gossiping/M.1495533945.A.884.html download to ptt/Gossiping/20889_15.txt, time: 5.810000
/bbs/Gossiping/M.1495533974.A.2C1.html download to ptt/Gossiping/20889_16.txt, time: 3.850000
/bbs/Gossiping/M.1495534057.A.097.html download to ptt/Gossiping/20889_17.txt, time: 5.400000
empty download to ptt/Gossiping/20889_18.txt, time: 0.000000
/bbs/Gossiping/M.1495534065.A.B30.html download to ptt/Gossiping/20889_19.txt, time: 10.300000
page 20888
/bbs/Gossiping/M.1495533015.A.F5F.html download to ptt/Gossiping/20888_0.txt, time: 5.140000
/bbs/Gossiping/M.1495533027.A.970.html download to ptt/Gossiping/20888_1.txt, time: 8.500000
/bbs/Gossiping/M.1495533057.A.929.html download to ptt/Gossiping/20888_2.txt, time: 5.650000
/bbs/Gossiping/M.1495533200.A.A38.html download to ptt/Gossiping/20888_3.txt, time: 7.890000
/bbs/Gossiping/M.1495533234.A.DFE.html download to ptt/Gossiping/20888_4.txt, time: 5.920000
/bbs/Gossiping/M.1495533236.A.E88.html download to ptt/Gossiping/20888_5.txt, time: 4.970000
/bbs/Gossiping/M.1495533293.A.7CD.html download to ptt/Gossiping/20888_6.txt, time: 4.860000
/bbs/Gossiping/M.1495533367.A.72C.html download to ptt/Gossiping/20888_7.txt, time: 5.170000
/bbs/Gossiping/M.1495533378.A.622.html download to ptt/Gossiping/20888_8.txt, time: 5.130000
/bbs/Gossiping/M.1495533403.A.289.html download to ptt/Gossiping/20888_9.txt, time: 5.710000
/bbs/Gossiping/M.1495533407.A.A1C.html download to ptt/Gossiping/20888_10.txt, time: 3.620000
/bbs/Gossiping/M.1495533466.A.866.html download to ptt/Gossiping/20888_11.txt, time: 3.600000
/bbs/Gossiping/M.1495533475.A.C72.html download to ptt/Gossiping/20888_12.txt, time: 10.790000
/bbs/Gossiping/M.1495533580.A.5C5.html download to ptt/Gossiping/20888_13.txt, time: 5.490000
/bbs/Gossiping/M.1495533624.A.737.html download to ptt/Gossiping/20888_14.txt, time: 4.800000
/bbs/Gossiping/M.1495533638.A.726.html download to ptt/Gossiping/20888_15.txt, time: 4.420000
/bbs/Gossiping/M.1495533649.A.23D.html download to ptt/Gossiping/20888_16.txt, time: 3.120000
/bbs/Gossiping/M.1495533662.A.E0A.html download to ptt/Gossiping/20888_17.txt, time: 3.080000
/bbs/Gossiping/M.1495533666.A.814.html download to ptt/Gossiping/20888_18.txt, time: 3.510000
/bbs/Gossiping/M.1495533704.A.F52.html download to ptt/Gossiping/20888_19.txt, time: 3.560000
page 20887
/bbs/Gossiping/M.1495532375.A.739.html download to ptt/Gossiping/20887_0.txt, time: 4.920000
/bbs/Gossiping/M.1495532423.A.ADD.html download to ptt/Gossiping/20887_1.txt, time: 4.450000
/bbs/Gossiping/M.1495532441.A.F04.html download to ptt/Gossiping/20887_2.txt, time: 4.800000
/bbs/Gossiping/M.1495532501.A.DFA.html download to ptt/Gossiping/20887_3.txt, time: 4.230000
/bbs/Gossiping/M.1495532557.A.36A.html download to ptt/Gossiping/20887_4.txt, time: 3.720000
/bbs/Gossiping/M.1495532557.A.327.html download to ptt/Gossiping/20887_5.txt, time: 4.240000
/bbs/Gossiping/M.1495532593.A.3FD.html download to ptt/Gossiping/20887_6.txt, time: 5.090000
/bbs/Gossiping/M.1495532610.A.32D.html download to ptt/Gossiping/20887_7.txt, time: 3.350000
/bbs/Gossiping/M.1495532616.A.8D0.html download to ptt/Gossiping/20887_8.txt, time: 4.900000
/bbs/Gossiping/M.1495532763.A.A84.html download to ptt/Gossiping/20887_9.txt, time: 5.200000
/bbs/Gossiping/M.1495532780.A.FF6.html download to ptt/Gossiping/20887_10.txt, time: 3.930000
/bbs/Gossiping/M.1495532802.A.D56.html download to ptt/Gossiping/20887_11.txt, time: 3.510000
/bbs/Gossiping/M.1495532855.A.5FF.html download to ptt/Gossiping/20887_12.txt, time: 3.600000
/bbs/Gossiping/M.1495532859.A.B48.html download to ptt/Gossiping/20887_13.txt, time: 4.960000
/bbs/Gossiping/M.1495532860.A.E17.html download to ptt/Gossiping/20887_14.txt, time: 5.410000
/bbs/Gossiping/M.1495532867.A.F67.html download to ptt/Gossiping/20887_15.txt, time: 3.560000
/bbs/Gossiping/M.1495532915.A.B18.html download to ptt/Gossiping/20887_16.txt, time: 3.950000
/bbs/Gossiping/M.1495532943.A.756.html download to ptt/Gossiping/20887_17.txt, time: 4.480000
/bbs/Gossiping/M.1495532970.A.1F4.html download to ptt/Gossiping/20887_18.txt, time: 3.070000
/bbs/Gossiping/M.1495532979.A.934.html download to ptt/Gossiping/20887_19.txt, time: 4.690000
page 20886
/bbs/Gossiping/M.1495531883.A.DB1.html download to ptt/Gossiping/20886_0.txt, time: 2.970000
/bbs/Gossiping/M.1495531892.A.A5A.html download to ptt/Gossiping/20886_1.txt, time: 3.470000
/bbs/Gossiping/M.1495531899.A.4A0.html download to ptt/Gossiping/20886_2.txt, time: 4.180000
/bbs/Gossiping/M.1495531919.A.029.html download to ptt/Gossiping/20886_3.txt, time: 4.020000
/bbs/Gossiping/M.1495531953.A.709.html download to ptt/Gossiping/20886_4.txt, time: 3.630000
/bbs/Gossiping/M.1495531968.A.9DD.html download to ptt/Gossiping/20886_5.txt, time: 3.370000
/bbs/Gossiping/M.1495531969.A.7A8.html download to ptt/Gossiping/20886_6.txt, time: 4.220000
/bbs/Gossiping/M.1495532023.A.EFB.html download to ptt/Gossiping/20886_7.txt, time: 5.380000
/bbs/Gossiping/M.1495532027.A.E12.html download to ptt/Gossiping/20886_8.txt, time: 3.330000
/bbs/Gossiping/M.1495532044.A.23D.html download to ptt/Gossiping/20886_9.txt, time: 4.550000
/bbs/Gossiping/M.1495532063.A.76C.html download to ptt/Gossiping/20886_10.txt, time: 3.500000
/bbs/Gossiping/M.1495532074.A.24B.html download to ptt/Gossiping/20886_11.txt, time: 3.750000
/bbs/Gossiping/M.1495532101.A.FBE.html download to ptt/Gossiping/20886_12.txt, time: 2.850000
/bbs/Gossiping/M.1495532211.A.6C8.html download to ptt/Gossiping/20886_13.txt, time: 2.910000
/bbs/Gossiping/M.1495532225.A.518.html download to ptt/Gossiping/20886_14.txt, time: 3.630000
/bbs/Gossiping/M.1495532226.A.064.html download to ptt/Gossiping/20886_15.txt, time: 2.590000
/bbs/Gossiping/M.1495532232.A.93B.html download to ptt/Gossiping/20886_16.txt, time: 4.270000
/bbs/Gossiping/M.1495532240.A.8D9.html download to ptt/Gossiping/20886_17.txt, time: 3.610000
/bbs/Gossiping/M.1495532279.A.830.html download to ptt/Gossiping/20886_18.txt, time: 3.750000
/bbs/Gossiping/M.1495532346.A.F0E.html download to ptt/Gossiping/20886_19.txt, time: 1.950000
time: 533.8911092281342 seconds
