page 20900
/bbs/Gossiping/M.1495540070.A.F4D.html download to ptt/Gossiping/20900_0.txt, time: 3.390000
/bbs/Gossiping/M.1495540091.A.3E7.html download to ptt/Gossiping/20900_1.txt, time: 9.360000
/bbs/Gossiping/M.1495540101.A.C19.html download to ptt/Gossiping/20900_2.txt, time: 5.120000
/bbs/Gossiping/M.1495540105.A.A1F.html download to ptt/Gossiping/20900_3.txt, time: 4.830000
/bbs/Gossiping/M.1495540108.A.8FD.html download to ptt/Gossiping/20900_4.txt, time: 4.650000
/bbs/Gossiping/M.1495540142.A.60F.html download to ptt/Gossiping/20900_5.txt, time: 4.870000
/bbs/Gossiping/M.1495540192.A.4F1.html download to ptt/Gossiping/20900_6.txt, time: 5.450000
/bbs/Gossiping/M.1495540198.A.519.html download to ptt/Gossiping/20900_7.txt, time: 8.060000
/bbs/Gossiping/M.1495540221.A.8F7.html download to ptt/Gossiping/20900_8.txt, time: 5.490000
/bbs/Gossiping/M.1495540257.A.FBE.html download to ptt/Gossiping/20900_9.txt, time: 3.810000
/bbs/Gossiping/M.1495540262.A.B56.html download to ptt/Gossiping/20900_10.txt, time: 4.400000
/bbs/Gossiping/M.1495540279.A.642.html download to ptt/Gossiping/20900_11.txt, time: 3.580000
/bbs/Gossiping/M.1495540305.A.C9A.html download to ptt/Gossiping/20900_12.txt, time: 5.470000
/bbs/Gossiping/M.1495540331.A.6A1.html download to ptt/Gossiping/20900_13.txt, time: 5.650000
/bbs/Gossiping/M.1495540332.A.AFF.html download to ptt/Gossiping/20900_14.txt, time: 5.420000
/bbs/Gossiping/M.1495540340.A.968.html download to ptt/Gossiping/20900_15.txt, time: 3.450000
/bbs/Gossiping/M.1495540347.A.E6D.html download to ptt/Gossiping/20900_16.txt, time: 3.240000
/bbs/Gossiping/M.1495540349.A.763.html download to ptt/Gossiping/20900_17.txt, time: 3.380000
/bbs/Gossiping/M.1495540403.A.D27.html download to ptt/Gossiping/20900_18.txt, time: 6.780000
/bbs/Gossiping/M.1495540405.A.AE1.html download to ptt/Gossiping/20900_19.txt, time: 5.070000
page 20899
/bbs/Gossiping/M.1495539666.A.DB9.html download to ptt/Gossiping/20899_0.txt, time: 4.590000
/bbs/Gossiping/M.1495539678.A.C10.html download to ptt/Gossiping/20899_1.txt, time: 3.980000
/bbs/Gossiping/M.1495539775.A.02D.html download to ptt/Gossiping/20899_2.txt, time: 6.380000
/bbs/Gossiping/M.1495539777.A.EDA.html download to ptt/Gossiping/20899_3.txt, time: 4.420000
/bbs/Gossiping/M.1495539790.A.65E.html download to ptt/Gossiping/20899_4.txt, time: 3.760000
/bbs/Gossiping/M.1495539800.A.22F.html download to ptt/Gossiping/20899_5.txt, time: 4.980000
/bbs/Gossiping/M.1495539823.A.B46.html download to ptt/Gossiping/20899_6.txt, time: 4.060000
/bbs/Gossiping/M.1495539850.A.637.html download to ptt/Gossiping/20899_7.txt, time: 5.100000
/bbs/Gossiping/M.1495539861.A.5BD.html download to ptt/Gossiping/20899_8.txt, time: 5.160000
/bbs/Gossiping/M.1495539862.A.7B1.html download to ptt/Gossiping/20899_9.txt, time: 4.030000
/bbs/Gossiping/M.1495539886.A.ADE.html download to ptt/Gossiping/20899_10.txt, time: 5.070000
/bbs/Gossiping/M.1495539886.A.BF7.html download to ptt/Gossiping/20899_11.txt, time: 5.440000
/bbs/Gossiping/M.1495539907.A.985.html download to ptt/Gossiping/20899_12.txt, time: 3.900000
/bbs/Gossiping/M.1495539948.A.7D7.html download to ptt/Gossiping/20899_13.txt, time: 4.890000
/bbs/Gossiping/M.1495539948.A.03C.html download to ptt/Gossiping/20899_14.txt, time: 3.880000
/bbs/Gossiping/M.1495539949.A.616.html download to ptt/Gossiping/20899_15.txt, time: 4.580000
/bbs/Gossiping/M.1495539955.A.985.html download to ptt/Gossiping/20899_16.txt, time: 5.510000
/bbs/Gossiping/M.1495539955.A.E05.html download to ptt/Gossiping/20899_17.txt, time: 3.870000
/bbs/Gossiping/M.1495539986.A.331.html download to ptt/Gossiping/20899_18.txt, time: 5.360000
/bbs/Gossiping/M.1495540051.A.760.html download to ptt/Gossiping/20899_19.txt, time: 4.170000
page 20898
/bbs/Gossiping/M.1495539091.A.DDB.html download to ptt/Gossiping/20898_0.txt, time: 8.500000
/bbs/Gossiping/M.1495539134.A.923.html download to ptt/Gossiping/20898_1.txt, time: 3.790000
/bbs/Gossiping/M.1495539144.A.A19.html download to ptt/Gossiping/20898_2.txt, time: 3.970000
/bbs/Gossiping/M.1495539172.A.F18.html download to ptt/Gossiping/20898_3.txt, time: 3.410000
/bbs/Gossiping/M.1495539181.A.6C3.html download to ptt/Gossiping/20898_4.txt, time: 6.140000
/bbs/Gossiping/M.1495539211.A.243.html download to ptt/Gossiping/20898_5.txt, time: 4.740000
/bbs/Gossiping/M.1495539235.A.271.html download to ptt/Gossiping/20898_6.txt, time: 5.950000
/bbs/Gossiping/M.1495539247.A.8EC.html download to ptt/Gossiping/20898_7.txt, time: 7.400000
/bbs/Gossiping/M.1495539259.A.F18.html download to ptt/Gossiping/20898_8.txt, time: 6.290000
/bbs/Gossiping/M.1495539262.A.EC2.html download to ptt/Gossiping/20898_9.txt, time: 4.500000
/bbs/Gossiping/M.1495539287.A.AEA.html download to ptt/Gossiping/20898_10.txt, time: 3.710000
/bbs/Gossiping/M.1495539291.A.75A.html download to ptt/Gossiping/20898_11.txt, time: 6.310000
/bbs/Gossiping/M.1495539295.A.F7A.html download to ptt/Gossiping/20898_12.txt, time: 10.540000
/bbs/Gossiping/M.1495539348.A.F9B.html download to ptt/Gossiping/20898_13.txt, time: 4.440000
/bbs/Gossiping/M.1495539512.A.4A7.html download to ptt/Gossiping/20898_14.txt, time: 2.830000
/bbs/Gossiping/M.1495539517.A.58E.html download to ptt/Gossiping/20898_15.txt, time: 4.280000
/bbs/Gossiping/M.1495539533.A.4E9.html download to ptt/Gossiping/20898_16.txt, time: 3.780000
/bbs/Gossiping/M.1495539538.A.437.html download to ptt/Gossiping/20898_17.txt, time: 5.180000
/bbs/Gossiping/M.1495539555.A.D7A.html download to ptt/Gossiping/20898_18.txt, time: 5.270000
/bbs/Gossiping/M.1495539665.A.413.html download to ptt/Gossiping/20898_19.txt, time: 3.380000
page 20897
/bbs/Gossiping/M.1495538521.A.BF6.html download to ptt/Gossiping/20897_0.txt, time: 3.470000
/bbs/Gossiping/M.1495538529.A.514.html download to ptt/Gossiping/20897_1.txt, time: 4.700000
/bbs/Gossiping/M.1495538547.A.AE0.html download to ptt/Gossiping/20897_2.txt, time: 4.600000
/bbs/Gossiping/M.1495538570.A.84D.html download to ptt/Gossiping/20897_3.txt, time: 4.830000
/bbs/Gossiping/M.1495538582.A.7B2.html download to ptt/Gossiping/20897_4.txt, time: 5.840000
/bbs/Gossiping/M.1495538604.A.BE8.html download to ptt/Gossiping/20897_5.txt, time: 4.610000
/bbs/Gossiping/M.1495538624.A.408.html download to ptt/Gossiping/20897_6.txt, time: 3.850000
/bbs/Gossiping/M.1495538664.A.74D.html download to ptt/Gossiping/20897_7.txt, time: 3.650000
/bbs/Gossiping/M.1495538731.A.473.html download to ptt/Gossiping/20897_8.txt, time: 3.620000
/bbs/Gossiping/M.1495538743.A.75C.html download to ptt/Gossiping/20897_9.txt, time: 5.340000
/bbs/Gossiping/M.1495538805.A.19A.html download to ptt/Gossiping/20897_10.txt, time: 4.740000
/bbs/Gossiping/M.1495538821.A.8F9.html download to ptt/Gossiping/20897_11.txt, time: 5.850000
/bbs/Gossiping/M.1495538871.A.770.html download to ptt/Gossiping/20897_12.txt, time: 2.800000
/bbs/Gossiping/M.1495538882.A.CFF.html download to ptt/Gossiping/20897_13.txt, time: 4.000000
/bbs/Gossiping/M.1495538936.A.8B1.html download to ptt/Gossiping/20897_14.txt, time: 4.040000
/bbs/Gossiping/M.1495538952.A.8BB.html download to ptt/Gossiping/20897_15.txt, time: 3.980000
/bbs/Gossiping/M.1495538956.A.048.html download to ptt/Gossiping/20897_16.txt, time: 3.360000
/bbs/Gossiping/M.1495538994.A.AC6.html download to ptt/Gossiping/20897_17.txt, time: 5.740000
/bbs/Gossiping/M.1495539030.A.7F4.html download to ptt/Gossiping/20897_18.txt, time: 5.440000
/bbs/Gossiping/M.1495539049.A.5D4.html download to ptt/Gossiping/20897_19.txt, time: 3.820000
page 20896
/bbs/Gossiping/M.1495537786.A.609.html download to ptt/Gossiping/20896_0.txt, time: 3.310000
/bbs/Gossiping/M.1495537800.A.D4A.html download to ptt/Gossiping/20896_1.txt, time: 3.590000
/bbs/Gossiping/M.1495537836.A.2BC.html download to ptt/Gossiping/20896_2.txt, time: 4.480000
/bbs/Gossiping/M.1495537858.A.29D.html download to ptt/Gossiping/20896_3.txt, time: 5.220000
/bbs/Gossiping/M.1495537908.A.861.html download to ptt/Gossiping/20896_4.txt, time: 3.620000
/bbs/Gossiping/M.1495537948.A.592.html download to ptt/Gossiping/20896_5.txt, time: 4.110000
/bbs/Gossiping/M.1495537989.A.4B7.html download to ptt/Gossiping/20896_6.txt, time: 3.740000
/bbs/Gossiping/M.1495537998.A.AA7.html download to ptt/Gossiping/20896_7.txt, time: 3.330000
/bbs/Gossiping/M.1495538036.A.820.html download to ptt/Gossiping/20896_8.txt, time: 3.880000
/bbs/Gossiping/M.1495538065.A.B52.html download to ptt/Gossiping/20896_9.txt, time: 4.720000
/bbs/Gossiping/M.1495538126.A.C3B.html download to ptt/Gossiping/20896_10.txt, time: 3.970000
/bbs/Gossiping/M.1495538140.A.6D7.html download to ptt/Gossiping/20896_11.txt, time: 5.110000
/bbs/Gossiping/M.1495538275.A.5EC.html download to ptt/Gossiping/20896_12.txt, time: 4.150000
/bbs/Gossiping/M.1495538282.A.202.html download to ptt/Gossiping/20896_13.txt, time: 4.070000
/bbs/Gossiping/M.1495538340.A.93B.html download to ptt/Gossiping/20896_14.txt, time: 3.750000
/bbs/Gossiping/M.1495538341.A.F57.html download to ptt/Gossiping/20896_15.txt, time: 3.690000
/bbs/Gossiping/M.1495538360.A.798.html download to ptt/Gossiping/20896_16.txt, time: 2.360000
/bbs/Gossiping/M.1495538436.A.FE6.html download to ptt/Gossiping/20896_17.txt, time: 4.360000
/bbs/Gossiping/M.1495538438.A.504.html download to ptt/Gossiping/20896_18.txt, time: 3.130000
/bbs/Gossiping/M.1495538461.A.122.html download to ptt/Gossiping/20896_19.txt, time: 4.910000
time: 522.9619567394257 seconds
