page 20910
/bbs/Gossiping/M.1495545056.A.8A9.html download to ptt/Gossiping/20910_0.txt, time: 3.720000
/bbs/Gossiping/M.1495545075.A.394.html download to ptt/Gossiping/20910_1.txt, time: 4.310000
/bbs/Gossiping/M.1495545083.A.E53.html download to ptt/Gossiping/20910_2.txt, time: 6.330000
/bbs/Gossiping/M.1495545125.A.5F5.html download to ptt/Gossiping/20910_3.txt, time: 4.420000
/bbs/Gossiping/M.1495545178.A.472.html download to ptt/Gossiping/20910_4.txt, time: 3.290000
/bbs/Gossiping/M.1495545200.A.3DF.html download to ptt/Gossiping/20910_5.txt, time: 4.750000
/bbs/Gossiping/M.1495545209.A.68D.html download to ptt/Gossiping/20910_6.txt, time: 4.600000
/bbs/Gossiping/M.1495545228.A.945.html download to ptt/Gossiping/20910_7.txt, time: 4.680000
/bbs/Gossiping/M.1495545249.A.C5C.html download to ptt/Gossiping/20910_8.txt, time: 5.370000
/bbs/Gossiping/M.1495545260.A.58E.html download to ptt/Gossiping/20910_9.txt, time: 8.380000
/bbs/Gossiping/M.1495545279.A.61C.html download to ptt/Gossiping/20910_10.txt, time: 4.520000
/bbs/Gossiping/M.1495545296.A.86D.html download to ptt/Gossiping/20910_11.txt, time: 4.680000
/bbs/Gossiping/M.1495545316.A.E7F.html download to ptt/Gossiping/20910_12.txt, time: 3.840000
/bbs/Gossiping/M.1495545321.A.70A.html download to ptt/Gossiping/20910_13.txt, time: 3.750000
/bbs/Gossiping/M.1495545356.A.247.html download to ptt/Gossiping/20910_14.txt, time: 5.950000
/bbs/Gossiping/M.1495545384.A.055.html download to ptt/Gossiping/20910_15.txt, time: 5.380000
/bbs/Gossiping/M.1495545428.A.EF8.html download to ptt/Gossiping/20910_16.txt, time: 5.280000
/bbs/Gossiping/M.1495545441.A.FB1.html download to ptt/Gossiping/20910_17.txt, time: 3.840000
/bbs/Gossiping/M.1495545459.A.C24.html download to ptt/Gossiping/20910_18.txt, time: 5.480000
/bbs/Gossiping/M.1495545461.A.2C1.html download to ptt/Gossiping/20910_19.txt, time: 3.910000
page 20909
/bbs/Gossiping/M.1495544564.A.719.html download to ptt/Gossiping/20909_0.txt, time: 3.670000
/bbs/Gossiping/M.1495544566.A.A90.html download to ptt/Gossiping/20909_1.txt, time: 3.850000
/bbs/Gossiping/M.1495544592.A.94D.html download to ptt/Gossiping/20909_2.txt, time: 4.620000
/bbs/Gossiping/M.1495544595.A.66B.html download to ptt/Gossiping/20909_3.txt, time: 4.850000
/bbs/Gossiping/M.1495544643.A.335.html download to ptt/Gossiping/20909_4.txt, time: 4.290000
/bbs/Gossiping/M.1495544685.A.F50.html download to ptt/Gossiping/20909_5.txt, time: 3.980000
/bbs/Gossiping/M.1495544715.A.18A.html download to ptt/Gossiping/20909_6.txt, time: 5.700000
/bbs/Gossiping/M.1495544770.A.DC5.html download to ptt/Gossiping/20909_7.txt, time: 7.130000
/bbs/Gossiping/M.1495544856.A.912.html download to ptt/Gossiping/20909_8.txt, time: 4.720000
/bbs/Gossiping/M.1495544858.A.93D.html download to ptt/Gossiping/20909_9.txt, time: 5.850000
/bbs/Gossiping/M.1495544875.A.5CA.html download to ptt/Gossiping/20909_10.txt, time: 4.290000
/bbs/Gossiping/M.1495544876.A.EA0.html download to ptt/Gossiping/20909_11.txt, time: 5.690000
/bbs/Gossiping/M.1495544913.A.83E.html download to ptt/Gossiping/20909_12.txt, time: 4.750000
/bbs/Gossiping/M.1495544933.A.E99.html download to ptt/Gossiping/20909_13.txt, time: 4.610000
/bbs/Gossiping/M.1495544952.A.D33.html download to ptt/Gossiping/20909_14.txt, time: 5.450000
/bbs/Gossiping/M.1495544996.A.DB0.html download to ptt/Gossiping/20909_15.txt, time: 6.770000
/bbs/Gossiping/M.1495545012.A.E58.html download to ptt/Gossiping/20909_16.txt, time: 4.760000
/bbs/Gossiping/M.1495545021.A.511.html download to ptt/Gossiping/20909_17.txt, time: 15.190000
/bbs/Gossiping/M.1495545031.A.715.html download to ptt/Gossiping/20909_18.txt, time: 4.670000
/bbs/Gossiping/M.1495545047.A.38E.html download to ptt/Gossiping/20909_19.txt, time: 4.790000
page 20908
/bbs/Gossiping/M.1495543960.A.905.html download to ptt/Gossiping/20908_0.txt, time: 4.430000
/bbs/Gossiping/M.1495543986.A.A95.html download to ptt/Gossiping/20908_1.txt, time: 11.240000
/bbs/Gossiping/M.1495543999.A.77C.html download to ptt/Gossiping/20908_2.txt, time: 4.680000
/bbs/Gossiping/M.1495544009.A.D07.html download to ptt/Gossiping/20908_3.txt, time: 4.250000
/bbs/Gossiping/M.1495544039.A.318.html download to ptt/Gossiping/20908_4.txt, time: 4.760000
/bbs/Gossiping/M.1495544082.A.1F1.html download to ptt/Gossiping/20908_5.txt, time: 6.560000
/bbs/Gossiping/M.1495544147.A.196.html download to ptt/Gossiping/20908_6.txt, time: 10.980000
/bbs/Gossiping/M.1495544156.A.D8E.html download to ptt/Gossiping/20908_7.txt, time: 6.010000
/bbs/Gossiping/M.1495544189.A.C4C.html download to ptt/Gossiping/20908_8.txt, time: 5.240000
/bbs/Gossiping/M.1495544192.A.416.html download to ptt/Gossiping/20908_9.txt, time: 9.900000
/bbs/Gossiping/M.1495544238.A.15C.html download to ptt/Gossiping/20908_10.txt, time: 6.250000
/bbs/Gossiping/M.1495544294.A.A28.html download to ptt/Gossiping/20908_11.txt, time: 5.190000
/bbs/Gossiping/M.1495544307.A.1D6.html download to ptt/Gossiping/20908_12.txt, time: 6.860000
/bbs/Gossiping/M.1495544311.A.91F.html download to ptt/Gossiping/20908_13.txt, time: 4.990000
/bbs/Gossiping/M.1495544409.A.CC4.html download to ptt/Gossiping/20908_14.txt, time: 3.880000
/bbs/Gossiping/M.1495544477.A.949.html download to ptt/Gossiping/20908_15.txt, time: 6.020000
/bbs/Gossiping/M.1495544523.A.C98.html download to ptt/Gossiping/20908_16.txt, time: 4.730000
/bbs/Gossiping/M.1495544528.A.D82.html download to ptt/Gossiping/20908_17.txt, time: 4.650000
/bbs/Gossiping/M.1495544533.A.D53.html download to ptt/Gossiping/20908_18.txt, time: 5.150000
/bbs/Gossiping/M.1495544535.A.D16.html download to ptt/Gossiping/20908_19.txt, time: 4.380000
page 20907
/bbs/Gossiping/M.1495543521.A.C03.html download to ptt/Gossiping/20907_0.txt, time: 5.900000
/bbs/Gossiping/M.1495543531.A.AEB.html download to ptt/Gossiping/20907_1.txt, time: 4.650000
/bbs/Gossiping/M.1495543542.A.7F7.html download to ptt/Gossiping/20907_2.txt, time: 5.380000
/bbs/Gossiping/M.1495543562.A.DD0.html download to ptt/Gossiping/20907_3.txt, time: 4.940000
/bbs/Gossiping/M.1495543570.A.0ED.html download to ptt/Gossiping/20907_4.txt, time: 3.860000
/bbs/Gossiping/M.1495543594.A.32D.html download to ptt/Gossiping/20907_5.txt, time: 3.220000
/bbs/Gossiping/M.1495543641.A.C05.html download to ptt/Gossiping/20907_6.txt, time: 4.370000
/bbs/Gossiping/M.1495543642.A.BDD.html download to ptt/Gossiping/20907_7.txt, time: 3.710000
/bbs/Gossiping/M.1495543681.A.957.html download to ptt/Gossiping/20907_8.txt, time: 3.450000
/bbs/Gossiping/M.1495543702.A.204.html download to ptt/Gossiping/20907_9.txt, time: 3.840000
/bbs/Gossiping/M.1495543715.A.CD3.html download to ptt/Gossiping/20907_10.txt, time: 5.630000
/bbs/Gossiping/M.1495543738.A.E01.html download to ptt/Gossiping/20907_11.txt, time: 6.600000
/bbs/Gossiping/M.1495543791.A.3F2.html download to ptt/Gossiping/20907_12.txt, time: 4.350000
/bbs/Gossiping/M.1495543795.A.6E7.html download to ptt/Gossiping/20907_13.txt, time: 3.180000
/bbs/Gossiping/M.1495543800.A.446.html download to ptt/Gossiping/20907_14.txt, time: 3.140000
/bbs/Gossiping/M.1495543802.A.9B3.html download to ptt/Gossiping/20907_15.txt, time: 3.010000
/bbs/Gossiping/M.1495543833.A.BA1.html download to ptt/Gossiping/20907_16.txt, time: 4.900000
/bbs/Gossiping/M.1495543863.A.753.html download to ptt/Gossiping/20907_17.txt, time: 5.510000
/bbs/Gossiping/M.1495543921.A.2BB.html download to ptt/Gossiping/20907_18.txt, time: 3.670000
/bbs/Gossiping/M.1495543931.A.7D8.html download to ptt/Gossiping/20907_19.txt, time: 5.420000
page 20906
/bbs/Gossiping/M.1495543120.A.F61.html download to ptt/Gossiping/20906_0.txt, time: 3.230000
/bbs/Gossiping/M.1495543138.A.05C.html download to ptt/Gossiping/20906_1.txt, time: 4.680000
/bbs/Gossiping/M.1495543166.A.E4C.html download to ptt/Gossiping/20906_2.txt, time: 4.420000
/bbs/Gossiping/M.1495543186.A.56B.html download to ptt/Gossiping/20906_3.txt, time: 2.750000
/bbs/Gossiping/M.1495543197.A.7C8.html download to ptt/Gossiping/20906_4.txt, time: 3.120000
/bbs/Gossiping/M.1495543246.A.490.html download to ptt/Gossiping/20906_5.txt, time: 2.740000
/bbs/Gossiping/M.1495543253.A.010.html download to ptt/Gossiping/20906_6.txt, time: 3.030000
/bbs/Gossiping/M.1495543294.A.4C2.html download to ptt/Gossiping/20906_7.txt, time: 3.300000
/bbs/Gossiping/M.1495543300.A.CAF.html download to ptt/Gossiping/20906_8.txt, time: 3.480000
/bbs/Gossiping/M.1495543345.A.2CC.html download to ptt/Gossiping/20906_9.txt, time: 2.850000
/bbs/Gossiping/M.1495543365.A.013.html download to ptt/Gossiping/20906_10.txt, time: 3.810000
/bbs/Gossiping/M.1495543368.A.397.html download to ptt/Gossiping/20906_11.txt, time: 2.570000
/bbs/Gossiping/M.1495543379.A.1FD.html download to ptt/Gossiping/20906_12.txt, time: 3.560000
/bbs/Gossiping/M.1495543389.A.753.html download to ptt/Gossiping/20906_13.txt, time: 4.320000
/bbs/Gossiping/M.1495543440.A.622.html download to ptt/Gossiping/20906_14.txt, time: 7.790000
/bbs/Gossiping/M.1495543450.A.23F.html download to ptt/Gossiping/20906_15.txt, time: 2.160000
/bbs/Gossiping/M.1495543451.A.98A.html download to ptt/Gossiping/20906_16.txt, time: 3.160000
/bbs/Gossiping/M.1495543468.A.52D.html download to ptt/Gossiping/20906_17.txt, time: 2.420000
/bbs/Gossiping/M.1495543475.A.06E.html download to ptt/Gossiping/20906_18.txt, time: 1.240000
/bbs/Gossiping/M.1495543481.A.4FF.html download to ptt/Gossiping/20906_19.txt, time: 1.360000
time: 546.0250644683838 seconds
