page 20920
/bbs/Gossiping/M.1495549743.A.BF7.html download to ptt/Gossiping/20920_0.txt, time: 3.800000
/bbs/Gossiping/M.1495549788.A.3C0.html download to ptt/Gossiping/20920_1.txt, time: 3.890000
/bbs/Gossiping/M.1495549789.A.34D.html download to ptt/Gossiping/20920_2.txt, time: 9.650000
/bbs/Gossiping/M.1495549794.A.325.html download to ptt/Gossiping/20920_3.txt, time: 6.020000
/bbs/Gossiping/M.1495549797.A.952.html download to ptt/Gossiping/20920_4.txt, time: 6.830000
/bbs/Gossiping/M.1495549800.A.80E.html download to ptt/Gossiping/20920_5.txt, time: 4.000000
/bbs/Gossiping/M.1495549836.A.D87.html download to ptt/Gossiping/20920_6.txt, time: 3.150000
/bbs/Gossiping/M.1495549860.A.D2B.html download to ptt/Gossiping/20920_7.txt, time: 4.220000
/bbs/Gossiping/M.1495549886.A.16B.html download to ptt/Gossiping/20920_8.txt, time: 7.360000
/bbs/Gossiping/M.1495549888.A.84F.html download to ptt/Gossiping/20920_9.txt, time: 4.590000
/bbs/Gossiping/M.1495549907.A.082.html download to ptt/Gossiping/20920_10.txt, time: 5.300000
/bbs/Gossiping/M.1495549917.A.7C4.html download to ptt/Gossiping/20920_11.txt, time: 6.040000
/bbs/Gossiping/M.1495549927.A.AD5.html download to ptt/Gossiping/20920_12.txt, time: 4.350000
/bbs/Gossiping/M.1495549929.A.7AC.html download to ptt/Gossiping/20920_13.txt, time: 3.200000
/bbs/Gossiping/M.1495549978.A.EB5.html download to ptt/Gossiping/20920_14.txt, time: 5.060000
/bbs/Gossiping/M.1495549982.A.0A1.html download to ptt/Gossiping/20920_15.txt, time: 5.420000
/bbs/Gossiping/M.1495549986.A.300.html download to ptt/Gossiping/20920_16.txt, time: 5.780000
/bbs/Gossiping/M.1495550052.A.A9B.html download to ptt/Gossiping/20920_17.txt, time: 4.560000
/bbs/Gossiping/M.1495550063.A.CA8.html download to ptt/Gossiping/20920_18.txt, time: 4.250000
/bbs/Gossiping/M.1495550075.A.6FB.html download to ptt/Gossiping/20920_19.txt, time: 4.590000
page 20919
/bbs/Gossiping/M.1495549283.A.A9B.html download to ptt/Gossiping/20919_0.txt, time: 4.510000
/bbs/Gossiping/M.1495549291.A.2A4.html download to ptt/Gossiping/20919_1.txt, time: 4.510000
/bbs/Gossiping/M.1495549292.A.5FC.html download to ptt/Gossiping/20919_2.txt, time: 5.450000
/bbs/Gossiping/M.1495549310.A.49A.html download to ptt/Gossiping/20919_3.txt, time: 8.180000
/bbs/Gossiping/M.1495549382.A.D21.html download to ptt/Gossiping/20919_4.txt, time: 6.340000
/bbs/Gossiping/M.1495549401.A.EAF.html download to ptt/Gossiping/20919_5.txt, time: 4.850000
/bbs/Gossiping/M.1495549423.A.E35.html download to ptt/Gossiping/20919_6.txt, time: 5.780000
/bbs/Gossiping/M.1495549434.A.DDA.html download to ptt/Gossiping/20919_7.txt, time: 5.800000
/bbs/Gossiping/M.1495549468.A.674.html download to ptt/Gossiping/20919_8.txt, time: 4.970000
/bbs/Gossiping/M.1495549473.A.8F1.html download to ptt/Gossiping/20919_9.txt, time: 5.270000
/bbs/Gossiping/M.1495549473.A.7F1.html download to ptt/Gossiping/20919_10.txt, time: 5.590000
/bbs/Gossiping/M.1495549476.A.B9E.html download to ptt/Gossiping/20919_11.txt, time: 7.670000
/bbs/Gossiping/M.1495549481.A.20E.html download to ptt/Gossiping/20919_12.txt, time: 5.510000
/bbs/Gossiping/M.1495549525.A.0CC.html download to ptt/Gossiping/20919_13.txt, time: 4.910000
/bbs/Gossiping/M.1495549589.A.5D4.html download to ptt/Gossiping/20919_14.txt, time: 4.970000
/bbs/Gossiping/M.1495549651.A.4B4.html download to ptt/Gossiping/20919_15.txt, time: 5.920000
/bbs/Gossiping/M.1495549664.A.A57.html download to ptt/Gossiping/20919_16.txt, time: 5.140000
/bbs/Gossiping/M.1495549673.A.C69.html download to ptt/Gossiping/20919_17.txt, time: 4.570000
/bbs/Gossiping/M.1495549711.A.BF4.html download to ptt/Gossiping/20919_18.txt, time: 4.890000
/bbs/Gossiping/M.1495549735.A.CDF.html download to ptt/Gossiping/20919_19.txt, time: 7.960000
page 20918
/bbs/Gossiping/M.1495548728.A.79C.html download to ptt/Gossiping/20918_0.txt, time: 10.700000
/bbs/Gossiping/M.1495548737.A.229.html download to ptt/Gossiping/20918_1.txt, time: 5.200000
/bbs/Gossiping/M.1495548745.A.1C9.html download to ptt/Gossiping/20918_2.txt, time: 6.710000
/bbs/Gossiping/M.1495548797.A.660.html download to ptt/Gossiping/20918_3.txt, time: 8.240000
/bbs/Gossiping/M.1495548810.A.279.html download to ptt/Gossiping/20918_4.txt, time: 3.860000
/bbs/Gossiping/M.1495548831.A.E30.html download to ptt/Gossiping/20918_5.txt, time: 5.680000
/bbs/Gossiping/M.1495548840.A.4D0.html download to ptt/Gossiping/20918_6.txt, time: 13.270000
/bbs/Gossiping/M.1495548844.A.E92.html download to ptt/Gossiping/20918_7.txt, time: 10.470000
/bbs/Gossiping/M.1495548914.A.DA5.html download to ptt/Gossiping/20918_8.txt, time: 4.930000
/bbs/Gossiping/M.1495548924.A.584.html download to ptt/Gossiping/20918_9.txt, time: 3.440000
/bbs/Gossiping/M.1495548962.A.4C8.html download to ptt/Gossiping/20918_10.txt, time: 5.330000
/bbs/Gossiping/M.1495548980.A.5B0.html download to ptt/Gossiping/20918_11.txt, time: 4.480000
/bbs/Gossiping/M.1495549038.A.E71.html download to ptt/Gossiping/20918_12.txt, time: 3.550000
/bbs/Gossiping/M.1495549081.A.B18.html download to ptt/Gossiping/20918_13.txt, time: 4.070000
/bbs/Gossiping/M.1495549090.A.DEE.html download to ptt/Gossiping/20918_14.txt, time: 3.080000
/bbs/Gossiping/M.1495549182.A.117.html download to ptt/Gossiping/20918_15.txt, time: 3.730000
/bbs/Gossiping/M.1495549195.A.D1D.html download to ptt/Gossiping/20918_16.txt, time: 3.510000
/bbs/Gossiping/M.1495549209.A.816.html download to ptt/Gossiping/20918_17.txt, time: 4.340000
/bbs/Gossiping/M.1495549244.A.16A.html download to ptt/Gossiping/20918_18.txt, time: 3.980000
/bbs/Gossiping/M.1495549272.A.A30.html download to ptt/Gossiping/20918_19.txt, time: 6.190000
page 20917
/bbs/Gossiping/M.1495548265.A.117.html download to ptt/Gossiping/20917_0.txt, time: 3.770000
/bbs/Gossiping/M.1495548310.A.19E.html download to ptt/Gossiping/20917_1.txt, time: 3.930000
/bbs/Gossiping/M.1495548385.A.D04.html download to ptt/Gossiping/20917_2.txt, time: 3.150000
/bbs/Gossiping/M.1495548420.A.BBE.html download to ptt/Gossiping/20917_3.txt, time: 4.340000
/bbs/Gossiping/M.1495548433.A.6AE.html download to ptt/Gossiping/20917_4.txt, time: 5.020000
/bbs/Gossiping/M.1495548439.A.D7A.html download to ptt/Gossiping/20917_5.txt, time: 3.570000
/bbs/Gossiping/M.1495548441.A.042.html download to ptt/Gossiping/20917_6.txt, time: 3.060000
/bbs/Gossiping/M.1495548530.A.30F.html download to ptt/Gossiping/20917_7.txt, time: 4.740000
/bbs/Gossiping/M.1495548556.A.BD9.html download to ptt/Gossiping/20917_8.txt, time: 2.650000
/bbs/Gossiping/M.1495548564.A.268.html download to ptt/Gossiping/20917_9.txt, time: 3.570000
/bbs/Gossiping/M.1495548572.A.83D.html download to ptt/Gossiping/20917_10.txt, time: 3.730000
/bbs/Gossiping/M.1495548573.A.1D1.html download to ptt/Gossiping/20917_11.txt, time: 6.120000
/bbs/Gossiping/M.1495548590.A.BE8.html download to ptt/Gossiping/20917_12.txt, time: 6.290000
/bbs/Gossiping/M.1495548595.A.EE4.html download to ptt/Gossiping/20917_13.txt, time: 3.430000
/bbs/Gossiping/M.1495548622.A.659.html download to ptt/Gossiping/20917_14.txt, time: 3.230000
/bbs/Gossiping/M.1495548630.A.A8E.html download to ptt/Gossiping/20917_15.txt, time: 3.390000
/bbs/Gossiping/M.1495548674.A.2C6.html download to ptt/Gossiping/20917_16.txt, time: 4.250000
/bbs/Gossiping/M.1495548707.A.4C1.html download to ptt/Gossiping/20917_17.txt, time: 3.050000
/bbs/Gossiping/M.1495548708.A.F26.html download to ptt/Gossiping/20917_18.txt, time: 2.970000
/bbs/Gossiping/M.1495548710.A.DEA.html download to ptt/Gossiping/20917_19.txt, time: 4.590000
page 20916
/bbs/Gossiping/M.1495547723.A.0F7.html download to ptt/Gossiping/20916_0.txt, time: 4.120000
/bbs/Gossiping/M.1495547762.A.778.html download to ptt/Gossiping/20916_1.txt, time: 3.750000
/bbs/Gossiping/M.1495547765.A.9AF.html download to ptt/Gossiping/20916_2.txt, time: 5.020000
/bbs/Gossiping/M.1495547815.A.32A.html download to ptt/Gossiping/20916_3.txt, time: 5.970000
/bbs/Gossiping/M.1495547848.A.2F5.html download to ptt/Gossiping/20916_4.txt, time: 3.350000
/bbs/Gossiping/M.1495547960.A.18F.html download to ptt/Gossiping/20916_5.txt, time: 3.640000
/bbs/Gossiping/M.1495547975.A.796.html download to ptt/Gossiping/20916_6.txt, time: 2.780000
/bbs/Gossiping/M.1495547992.A.124.html download to ptt/Gossiping/20916_7.txt, time: 3.790000
/bbs/Gossiping/M.1495547993.A.40D.html download to ptt/Gossiping/20916_8.txt, time: 3.250000
/bbs/Gossiping/M.1495548023.A.EBF.html download to ptt/Gossiping/20916_9.txt, time: 2.930000
/bbs/Gossiping/M.1495548031.A.BED.html download to ptt/Gossiping/20916_10.txt, time: 4.030000
/bbs/Gossiping/M.1495548039.A.472.html download to ptt/Gossiping/20916_11.txt, time: 4.480000
/bbs/Gossiping/M.1495548052.A.96C.html download to ptt/Gossiping/20916_12.txt, time: 2.460000
/bbs/Gossiping/M.1495548061.A.E7F.html download to ptt/Gossiping/20916_13.txt, time: 2.340000
/bbs/Gossiping/M.1495548079.A.2C3.html download to ptt/Gossiping/20916_14.txt, time: 2.770000
/bbs/Gossiping/M.1495548100.A.878.html download to ptt/Gossiping/20916_15.txt, time: 2.910000
/bbs/Gossiping/M.1495548127.A.279.html download to ptt/Gossiping/20916_16.txt, time: 2.470000
/bbs/Gossiping/M.1495548229.A.02B.html download to ptt/Gossiping/20916_17.txt, time: 4.090000
/bbs/Gossiping/M.1495548233.A.880.html download to ptt/Gossiping/20916_18.txt, time: 3.740000
/bbs/Gossiping/M.1495548243.A.3F0.html download to ptt/Gossiping/20916_19.txt, time: 1.850000
time: 542.223566532135 seconds
