page 20930
/bbs/Gossiping/M.1495553107.A.8A7.html download to ptt/Gossiping/20930_0.txt, time: 7.020000
/bbs/Gossiping/M.1495553112.A.4D6.html download to ptt/Gossiping/20930_1.txt, time: 6.960000
/bbs/Gossiping/M.1495553125.A.462.html download to ptt/Gossiping/20930_2.txt, time: 4.790000
/bbs/Gossiping/M.1495553126.A.EF0.html download to ptt/Gossiping/20930_3.txt, time: 5.050000
/bbs/Gossiping/M.1495553131.A.373.html download to ptt/Gossiping/20930_4.txt, time: 5.890000
/bbs/Gossiping/M.1495553182.A.7F3.html download to ptt/Gossiping/20930_5.txt, time: 3.910000
/bbs/Gossiping/M.1495553209.A.E1A.html download to ptt/Gossiping/20930_6.txt, time: 4.280000
/bbs/Gossiping/M.1495553225.A.E07.html download to ptt/Gossiping/20930_7.txt, time: 6.850000
/bbs/Gossiping/M.1495553233.A.B51.html download to ptt/Gossiping/20930_8.txt, time: 6.970000
/bbs/Gossiping/M.1495553247.A.F00.html download to ptt/Gossiping/20930_9.txt, time: 4.820000
/bbs/Gossiping/M.1495553251.A.77A.html download to ptt/Gossiping/20930_10.txt, time: 4.690000
/bbs/Gossiping/M.1495553277.A.472.html download to ptt/Gossiping/20930_11.txt, time: 3.370000
/bbs/Gossiping/M.1495553286.A.FE5.html download to ptt/Gossiping/20930_12.txt, time: 3.640000
/bbs/Gossiping/M.1495553286.A.CA1.html download to ptt/Gossiping/20930_13.txt, time: 3.930000
/bbs/Gossiping/M.1495553316.A.119.html download to ptt/Gossiping/20930_14.txt, time: 4.630000
/bbs/Gossiping/M.1495553321.A.49B.html download to ptt/Gossiping/20930_15.txt, time: 5.470000
/bbs/Gossiping/M.1495553330.A.ED8.html download to ptt/Gossiping/20930_16.txt, time: 6.410000
/bbs/Gossiping/M.1495553354.A.D81.html download to ptt/Gossiping/20930_17.txt, time: 4.590000
/bbs/Gossiping/M.1495553369.A.4CE.html download to ptt/Gossiping/20930_18.txt, time: 5.010000
/bbs/Gossiping/M.1495553386.A.074.html download to ptt/Gossiping/20930_19.txt, time: 4.890000
page 20929
/bbs/Gossiping/M.1495552837.A.EAF.html download to ptt/Gossiping/20929_0.txt, time: 6.350000
/bbs/Gossiping/M.1495552863.A.17E.html download to ptt/Gossiping/20929_1.txt, time: 5.300000
/bbs/Gossiping/M.1495552874.A.149.html download to ptt/Gossiping/20929_2.txt, time: 3.900000
/bbs/Gossiping/M.1495552889.A.E2B.html download to ptt/Gossiping/20929_3.txt, time: 4.870000
/bbs/Gossiping/M.1495552889.A.0AC.html download to ptt/Gossiping/20929_4.txt, time: 3.800000
/bbs/Gossiping/M.1495552891.A.0B6.html download to ptt/Gossiping/20929_5.txt, time: 5.290000
/bbs/Gossiping/M.1495552894.A.699.html download to ptt/Gossiping/20929_6.txt, time: 3.470000
/bbs/Gossiping/M.1495552903.A.147.html download to ptt/Gossiping/20929_7.txt, time: 5.940000
/bbs/Gossiping/M.1495552912.A.887.html download to ptt/Gossiping/20929_8.txt, time: 5.540000
/bbs/Gossiping/M.1495552919.A.C40.html download to ptt/Gossiping/20929_9.txt, time: 4.290000
/bbs/Gossiping/M.1495552944.A.3C2.html download to ptt/Gossiping/20929_10.txt, time: 4.500000
/bbs/Gossiping/M.1495552958.A.F05.html download to ptt/Gossiping/20929_11.txt, time: 5.260000
/bbs/Gossiping/M.1495553014.A.3CD.html download to ptt/Gossiping/20929_12.txt, time: 4.170000
/bbs/Gossiping/M.1495553030.A.4AD.html download to ptt/Gossiping/20929_13.txt, time: 5.060000
/bbs/Gossiping/M.1495553033.A.03A.html download to ptt/Gossiping/20929_14.txt, time: 6.970000
/bbs/Gossiping/M.1495553041.A.42C.html download to ptt/Gossiping/20929_15.txt, time: 4.250000
/bbs/Gossiping/M.1495553054.A.30E.html download to ptt/Gossiping/20929_16.txt, time: 7.290000
/bbs/Gossiping/M.1495553057.A.AC8.html download to ptt/Gossiping/20929_17.txt, time: 5.520000
/bbs/Gossiping/M.1495553093.A.97E.html download to ptt/Gossiping/20929_18.txt, time: 4.210000
/bbs/Gossiping/M.1495553103.A.AF7.html download to ptt/Gossiping/20929_19.txt, time: 3.290000
page 20928
/bbs/Gossiping/M.1495552613.A.D5A.html download to ptt/Gossiping/20928_0.txt, time: 7.640000
/bbs/Gossiping/M.1495552615.A.B9A.html download to ptt/Gossiping/20928_1.txt, time: 5.900000
/bbs/Gossiping/M.1495552622.A.713.html download to ptt/Gossiping/20928_2.txt, time: 8.100000
/bbs/Gossiping/M.1495552634.A.249.html download to ptt/Gossiping/20928_3.txt, time: 5.090000
/bbs/Gossiping/M.1495552665.A.3F9.html download to ptt/Gossiping/20928_4.txt, time: 4.910000
/bbs/Gossiping/M.1495552687.A.9FB.html download to ptt/Gossiping/20928_5.txt, time: 5.590000
/bbs/Gossiping/M.1495552703.A.E95.html download to ptt/Gossiping/20928_6.txt, time: 6.330000
/bbs/Gossiping/M.1495552715.A.C9D.html download to ptt/Gossiping/20928_7.txt, time: 6.310000
/bbs/Gossiping/M.1495552733.A.D08.html download to ptt/Gossiping/20928_8.txt, time: 3.670000
/bbs/Gossiping/M.1495552754.A.335.html download to ptt/Gossiping/20928_9.txt, time: 3.740000
/bbs/Gossiping/M.1495552756.A.C6A.html download to ptt/Gossiping/20928_10.txt, time: 3.660000
/bbs/Gossiping/M.1495552758.A.E5D.html download to ptt/Gossiping/20928_11.txt, time: 3.420000
/bbs/Gossiping/M.1495552759.A.EA3.html download to ptt/Gossiping/20928_12.txt, time: 5.590000
/bbs/Gossiping/M.1495552763.A.3C8.html download to ptt/Gossiping/20928_13.txt, time: 5.210000
/bbs/Gossiping/M.1495552765.A.BED.html download to ptt/Gossiping/20928_14.txt, time: 5.560000
/bbs/Gossiping/M.1495552768.A.CC0.html download to ptt/Gossiping/20928_15.txt, time: 5.050000
/bbs/Gossiping/M.1495552775.A.9EE.html download to ptt/Gossiping/20928_16.txt, time: 7.160000
/bbs/Gossiping/M.1495552776.A.9B5.html download to ptt/Gossiping/20928_17.txt, time: 3.970000
/bbs/Gossiping/M.1495552788.A.521.html download to ptt/Gossiping/20928_18.txt, time: 3.440000
/bbs/Gossiping/M.1495552806.A.E10.html download to ptt/Gossiping/20928_19.txt, time: 4.390000
page 20927
/bbs/Gossiping/M.1495552187.A.41F.html download to ptt/Gossiping/20927_0.txt, time: 3.370000
/bbs/Gossiping/M.1495552188.A.920.html download to ptt/Gossiping/20927_1.txt, time: 3.490000
/bbs/Gossiping/M.1495552192.A.925.html download to ptt/Gossiping/20927_2.txt, time: 4.240000
/bbs/Gossiping/M.1495552216.A.A69.html download to ptt/Gossiping/20927_3.txt, time: 3.990000
/bbs/Gossiping/M.1495552227.A.2B0.html download to ptt/Gossiping/20927_4.txt, time: 4.470000
/bbs/Gossiping/M.1495552277.A.BC4.html download to ptt/Gossiping/20927_5.txt, time: 4.130000
/bbs/Gossiping/M.1495552289.A.E64.html download to ptt/Gossiping/20927_6.txt, time: 3.270000
/bbs/Gossiping/M.1495552292.A.E3E.html download to ptt/Gossiping/20927_7.txt, time: 3.260000
/bbs/Gossiping/M.1495552335.A.86A.html download to ptt/Gossiping/20927_8.txt, time: 3.480000
/bbs/Gossiping/M.1495552347.A.65E.html download to ptt/Gossiping/20927_9.txt, time: 3.040000
/bbs/Gossiping/M.1495552366.A.5A9.html download to ptt/Gossiping/20927_10.txt, time: 3.900000
/bbs/Gossiping/M.1495552390.A.C15.html download to ptt/Gossiping/20927_11.txt, time: 4.470000
/bbs/Gossiping/M.1495552432.A.F4C.html download to ptt/Gossiping/20927_12.txt, time: 4.140000
/bbs/Gossiping/M.1495552465.A.27F.html download to ptt/Gossiping/20927_13.txt, time: 5.670000
/bbs/Gossiping/M.1495552482.A.50A.html download to ptt/Gossiping/20927_14.txt, time: 3.470000
/bbs/Gossiping/M.1495552512.A.DE0.html download to ptt/Gossiping/20927_15.txt, time: 4.020000
/bbs/Gossiping/M.1495552522.A.870.html download to ptt/Gossiping/20927_16.txt, time: 3.340000
/bbs/Gossiping/M.1495552529.A.395.html download to ptt/Gossiping/20927_17.txt, time: 3.080000
/bbs/Gossiping/M.1495552549.A.A9F.html download to ptt/Gossiping/20927_18.txt, time: 3.890000
/bbs/Gossiping/M.1495552587.A.990.html download to ptt/Gossiping/20927_19.txt, time: 6.630000
page 20926
/bbs/Gossiping/M.1495551829.A.65A.html download to ptt/Gossiping/20926_0.txt, time: 4.330000
/bbs/Gossiping/M.1495551847.A.7B9.html download to ptt/Gossiping/20926_1.txt, time: 3.530000
/bbs/Gossiping/M.1495551867.A.877.html download to ptt/Gossiping/20926_2.txt, time: 3.960000
/bbs/Gossiping/M.1495551870.A.1A9.html download to ptt/Gossiping/20926_3.txt, time: 5.190000
/bbs/Gossiping/M.1495551883.A.0E4.html download to ptt/Gossiping/20926_4.txt, time: 3.930000
/bbs/Gossiping/M.1495551886.A.8CB.html download to ptt/Gossiping/20926_5.txt, time: 3.810000
/bbs/Gossiping/M.1495551912.A.311.html download to ptt/Gossiping/20926_6.txt, time: 4.200000
/bbs/Gossiping/M.1495551934.A.A55.html download to ptt/Gossiping/20926_7.txt, time: 3.690000
/bbs/Gossiping/M.1495551941.A.940.html download to ptt/Gossiping/20926_8.txt, time: 3.990000
/bbs/Gossiping/M.1495551961.A.1EA.html download to ptt/Gossiping/20926_9.txt, time: 4.250000
/bbs/Gossiping/M.1495551975.A.02D.html download to ptt/Gossiping/20926_10.txt, time: 4.250000
/bbs/Gossiping/M.1495551998.A.D43.html download to ptt/Gossiping/20926_11.txt, time: 2.580000
/bbs/Gossiping/M.1495552007.A.A90.html download to ptt/Gossiping/20926_12.txt, time: 4.090000
/bbs/Gossiping/M.1495552014.A.A6D.html download to ptt/Gossiping/20926_13.txt, time: 3.590000
/bbs/Gossiping/M.1495552014.A.902.html download to ptt/Gossiping/20926_14.txt, time: 3.330000
/bbs/Gossiping/M.1495552021.A.D66.html download to ptt/Gossiping/20926_15.txt, time: 3.400000
/bbs/Gossiping/M.1495552023.A.F5C.html download to ptt/Gossiping/20926_16.txt, time: 3.320000
/bbs/Gossiping/M.1495552108.A.BF1.html download to ptt/Gossiping/20926_17.txt, time: 2.650000
/bbs/Gossiping/M.1495552131.A.907.html download to ptt/Gossiping/20926_18.txt, time: 3.340000
/bbs/Gossiping/M.1495552139.A.B5E.html download to ptt/Gossiping/20926_19.txt, time: 4.250000
time: 521.7705907821655 seconds
