page 20940
/bbs/Gossiping/M.1495557497.A.B56.html download to ptt/Gossiping/20940_0.txt, time: 5.250000
/bbs/Gossiping/M.1495557510.A.351.html download to ptt/Gossiping/20940_1.txt, time: 4.550000
/bbs/Gossiping/M.1495557543.A.A38.html download to ptt/Gossiping/20940_2.txt, time: 9.410000
/bbs/Gossiping/M.1495557551.A.65F.html download to ptt/Gossiping/20940_3.txt, time: 5.500000
/bbs/Gossiping/M.1495557668.A.43F.html download to ptt/Gossiping/20940_4.txt, time: 4.350000
/bbs/Gossiping/M.1495557713.A.1E7.html download to ptt/Gossiping/20940_5.txt, time: 3.710000
/bbs/Gossiping/M.1495557723.A.A99.html download to ptt/Gossiping/20940_6.txt, time: 4.890000
/bbs/Gossiping/M.1495557784.A.AC7.html download to ptt/Gossiping/20940_7.txt, time: 3.720000
/bbs/Gossiping/M.1495557785.A.644.html download to ptt/Gossiping/20940_8.txt, time: 7.720000
/bbs/Gossiping/M.1495557866.A.EDF.html download to ptt/Gossiping/20940_9.txt, time: 5.050000
/bbs/Gossiping/M.1495557873.A.655.html download to ptt/Gossiping/20940_10.txt, time: 4.000000
/bbs/Gossiping/M.1495557891.A.130.html download to ptt/Gossiping/20940_11.txt, time: 3.910000
/bbs/Gossiping/M.1495557927.A.46F.html download to ptt/Gossiping/20940_12.txt, time: 4.270000
/bbs/Gossiping/M.1495557949.A.2F9.html download to ptt/Gossiping/20940_13.txt, time: 3.750000
/bbs/Gossiping/M.1495557953.A.F84.html download to ptt/Gossiping/20940_14.txt, time: 4.290000
/bbs/Gossiping/M.1495557962.A.C09.html download to ptt/Gossiping/20940_15.txt, time: 5.040000
/bbs/Gossiping/M.1495557971.A.C99.html download to ptt/Gossiping/20940_16.txt, time: 4.580000
/bbs/Gossiping/M.1495557979.A.289.html download to ptt/Gossiping/20940_17.txt, time: 5.910000
/bbs/Gossiping/M.1495558004.A.1BE.html download to ptt/Gossiping/20940_18.txt, time: 6.050000
/bbs/Gossiping/M.1495558057.A.E71.html download to ptt/Gossiping/20940_19.txt, time: 4.810000
page 20939
/bbs/Gossiping/M.1495556997.A.85C.html download to ptt/Gossiping/20939_0.txt, time: 5.780000
/bbs/Gossiping/M.1495557023.A.760.html download to ptt/Gossiping/20939_1.txt, time: 4.360000
/bbs/Gossiping/M.1495557026.A.951.html download to ptt/Gossiping/20939_2.txt, time: 3.430000
/bbs/Gossiping/M.1495557057.A.446.html download to ptt/Gossiping/20939_3.txt, time: 5.660000
/bbs/Gossiping/M.1495557066.A.AC5.html download to ptt/Gossiping/20939_4.txt, time: 3.960000
/bbs/Gossiping/M.1495557074.A.EAB.html download to ptt/Gossiping/20939_5.txt, time: 5.580000
/bbs/Gossiping/M.1495557168.A.960.html download to ptt/Gossiping/20939_6.txt, time: 5.110000
/bbs/Gossiping/M.1495557172.A.929.html download to ptt/Gossiping/20939_7.txt, time: 4.870000
/bbs/Gossiping/M.1495557191.A.407.html download to ptt/Gossiping/20939_8.txt, time: 4.530000
/bbs/Gossiping/M.1495557255.A.7F0.html download to ptt/Gossiping/20939_9.txt, time: 4.610000
/bbs/Gossiping/M.1495557276.A.EB7.html download to ptt/Gossiping/20939_10.txt, time: 4.090000
/bbs/Gossiping/M.1495557318.A.785.html download to ptt/Gossiping/20939_11.txt, time: 7.070000
/bbs/Gossiping/M.1495557336.A.F89.html download to ptt/Gossiping/20939_12.txt, time: 5.180000
/bbs/Gossiping/M.1495557345.A.3D6.html download to ptt/Gossiping/20939_13.txt, time: 4.690000
/bbs/Gossiping/M.1495557383.A.AC7.html download to ptt/Gossiping/20939_14.txt, time: 5.490000
/bbs/Gossiping/M.1495557402.A.BEF.html download to ptt/Gossiping/20939_15.txt, time: 4.760000
/bbs/Gossiping/M.1495557447.A.6BC.html download to ptt/Gossiping/20939_16.txt, time: 4.370000
/bbs/Gossiping/M.1495557457.A.A4D.html download to ptt/Gossiping/20939_17.txt, time: 7.280000
/bbs/Gossiping/M.1495557479.A.1DE.html download to ptt/Gossiping/20939_18.txt, time: 7.150000
/bbs/Gossiping/M.1495557488.A.36D.html download to ptt/Gossiping/20939_19.txt, time: 5.020000
page 20938
/bbs/Gossiping/M.1495556333.A.BFD.html download to ptt/Gossiping/20938_0.txt, time: 6.430000
/bbs/Gossiping/M.1495556414.A.436.html download to ptt/Gossiping/20938_1.txt, time: 14.590000
/bbs/Gossiping/M.1495556420.A.48E.html download to ptt/Gossiping/20938_2.txt, time: 6.050000
/bbs/Gossiping/M.1495556444.A.0DF.html download to ptt/Gossiping/20938_3.txt, time: 4.330000
/bbs/Gossiping/M.1495556445.A.BF5.html download to ptt/Gossiping/20938_4.txt, time: 3.540000
/bbs/Gossiping/M.1495556503.A.835.html download to ptt/Gossiping/20938_5.txt, time: 14.640000
/bbs/Gossiping/M.1495556508.A.A38.html download to ptt/Gossiping/20938_6.txt, time: 9.790000
/bbs/Gossiping/M.1495556639.A.F39.html download to ptt/Gossiping/20938_7.txt, time: 16.210000
/bbs/Gossiping/M.1495556655.A.D41.html download to ptt/Gossiping/20938_8.txt, time: 8.520000
/bbs/Gossiping/M.1495556694.A.776.html download to ptt/Gossiping/20938_9.txt, time: 9.860000
/bbs/Gossiping/M.1495556740.A.913.html download to ptt/Gossiping/20938_10.txt, time: 3.110000
/bbs/Gossiping/M.1495556744.A.3DF.html download to ptt/Gossiping/20938_11.txt, time: 4.110000
/bbs/Gossiping/M.1495556753.A.DC5.html download to ptt/Gossiping/20938_12.txt, time: 4.510000
/bbs/Gossiping/M.1495556755.A.5FB.html download to ptt/Gossiping/20938_13.txt, time: 3.930000
/bbs/Gossiping/M.1495556771.A.68C.html download to ptt/Gossiping/20938_14.txt, time: 5.160000
/bbs/Gossiping/M.1495556887.A.E8D.html download to ptt/Gossiping/20938_15.txt, time: 4.010000
/bbs/Gossiping/M.1495556937.A.C67.html download to ptt/Gossiping/20938_16.txt, time: 4.970000
/bbs/Gossiping/M.1495556975.A.7F3.html download to ptt/Gossiping/20938_17.txt, time: 3.760000
/bbs/Gossiping/M.1495556987.A.D54.html download to ptt/Gossiping/20938_18.txt, time: 4.750000
/bbs/Gossiping/M.1495556996.A.A3F.html download to ptt/Gossiping/20938_19.txt, time: 4.450000
page 20937
/bbs/Gossiping/M.1495555745.A.A23.html download to ptt/Gossiping/20937_0.txt, time: 4.380000
/bbs/Gossiping/M.1495555770.A.752.html download to ptt/Gossiping/20937_1.txt, time: 5.370000
/bbs/Gossiping/M.1495555801.A.6B2.html download to ptt/Gossiping/20937_2.txt, time: 4.160000
/bbs/Gossiping/M.1495555825.A.8E7.html download to ptt/Gossiping/20937_3.txt, time: 3.150000
/bbs/Gossiping/M.1495555871.A.D59.html download to ptt/Gossiping/20937_4.txt, time: 5.270000
/bbs/Gossiping/M.1495555872.A.C9A.html download to ptt/Gossiping/20937_5.txt, time: 4.950000
/bbs/Gossiping/M.1495555880.A.A26.html download to ptt/Gossiping/20937_6.txt, time: 3.440000
/bbs/Gossiping/M.1495555891.A.B2C.html download to ptt/Gossiping/20937_7.txt, time: 3.350000
/bbs/Gossiping/M.1495555896.A.369.html download to ptt/Gossiping/20937_8.txt, time: 4.900000
/bbs/Gossiping/M.1495555933.A.824.html download to ptt/Gossiping/20937_9.txt, time: 8.420000
/bbs/Gossiping/M.1495555951.A.D9B.html download to ptt/Gossiping/20937_10.txt, time: 4.630000
/bbs/Gossiping/M.1495556037.A.553.html download to ptt/Gossiping/20937_11.txt, time: 3.820000
/bbs/Gossiping/M.1495556047.A.B82.html download to ptt/Gossiping/20937_12.txt, time: 5.080000
/bbs/Gossiping/M.1495556073.A.909.html download to ptt/Gossiping/20937_13.txt, time: 3.870000
/bbs/Gossiping/M.1495556127.A.69F.html download to ptt/Gossiping/20937_14.txt, time: 3.010000
/bbs/Gossiping/M.1495556132.A.8F5.html download to ptt/Gossiping/20937_15.txt, time: 3.470000
/bbs/Gossiping/M.1495556166.A.F1C.html download to ptt/Gossiping/20937_16.txt, time: 3.780000
/bbs/Gossiping/M.1495556192.A.B62.html download to ptt/Gossiping/20937_17.txt, time: 3.600000
/bbs/Gossiping/M.1495556224.A.C94.html download to ptt/Gossiping/20937_18.txt, time: 3.620000
/bbs/Gossiping/M.1495556276.A.E18.html download to ptt/Gossiping/20937_19.txt, time: 2.960000
page 20936
/bbs/Gossiping/M.1495555385.A.C49.html download to ptt/Gossiping/20936_0.txt, time: 4.940000
/bbs/Gossiping/M.1495555401.A.A79.html download to ptt/Gossiping/20936_1.txt, time: 3.810000
/bbs/Gossiping/M.1495555413.A.930.html download to ptt/Gossiping/20936_2.txt, time: 3.400000
/bbs/Gossiping/M.1495555418.A.BA2.html download to ptt/Gossiping/20936_3.txt, time: 3.430000
/bbs/Gossiping/M.1495555419.A.C67.html download to ptt/Gossiping/20936_4.txt, time: 4.410000
/bbs/Gossiping/M.1495555423.A.8B0.html download to ptt/Gossiping/20936_5.txt, time: 2.850000
/bbs/Gossiping/M.1495555432.A.802.html download to ptt/Gossiping/20936_6.txt, time: 3.230000
/bbs/Gossiping/M.1495555436.A.BD7.html download to ptt/Gossiping/20936_7.txt, time: 2.670000
/bbs/Gossiping/M.1495555489.A.B15.html download to ptt/Gossiping/20936_8.txt, time: 3.260000
/bbs/Gossiping/M.1495555512.A.B9F.html download to ptt/Gossiping/20936_9.txt, time: 3.350000
/bbs/Gossiping/M.1495555513.A.378.html download to ptt/Gossiping/20936_10.txt, time: 2.420000
/bbs/Gossiping/M.1495555569.A.5EF.html download to ptt/Gossiping/20936_11.txt, time: 5.120000
/bbs/Gossiping/M.1495555597.A.11F.html download to ptt/Gossiping/20936_12.txt, time: 2.950000
/bbs/Gossiping/M.1495555629.A.568.html download to ptt/Gossiping/20936_13.txt, time: 2.270000
/bbs/Gossiping/M.1495555656.A.9AF.html download to ptt/Gossiping/20936_14.txt, time: 2.430000
/bbs/Gossiping/M.1495555715.A.2FC.html download to ptt/Gossiping/20936_15.txt, time: 2.170000
/bbs/Gossiping/M.1495555716.A.AA5.html download to ptt/Gossiping/20936_16.txt, time: 1.570000
/bbs/Gossiping/M.1495555722.A.FA7.html download to ptt/Gossiping/20936_17.txt, time: 2.270000
/bbs/Gossiping/M.1495555739.A.DA5.html download to ptt/Gossiping/20936_18.txt, time: 1.560000
/bbs/Gossiping/M.1495555741.A.CFC.html download to ptt/Gossiping/20936_19.txt, time: 3.430000
time: 546.8994379043579 seconds
