page 20950
/bbs/Gossiping/M.1495564869.A.35C.html download to ptt/Gossiping/20950_0.txt, time: 5.470000
/bbs/Gossiping/M.1495564900.A.964.html download to ptt/Gossiping/20950_1.txt, time: 6.840000
/bbs/Gossiping/M.1495564905.A.9BC.html download to ptt/Gossiping/20950_2.txt, time: 4.680000
/bbs/Gossiping/M.1495564922.A.66E.html download to ptt/Gossiping/20950_3.txt, time: 5.940000
/bbs/Gossiping/M.1495565006.A.757.html download to ptt/Gossiping/20950_4.txt, time: 4.300000
/bbs/Gossiping/M.1495565080.A.E3C.html download to ptt/Gossiping/20950_5.txt, time: 4.980000
/bbs/Gossiping/M.1495565088.A.DCB.html download to ptt/Gossiping/20950_6.txt, time: 4.850000
/bbs/Gossiping/M.1495565119.A.303.html download to ptt/Gossiping/20950_7.txt, time: 7.830000
/bbs/Gossiping/M.1495565188.A.EF1.html download to ptt/Gossiping/20950_8.txt, time: 4.550000
/bbs/Gossiping/M.1495565253.A.360.html download to ptt/Gossiping/20950_9.txt, time: 3.480000
/bbs/Gossiping/M.1495565608.A.30E.html download to ptt/Gossiping/20950_10.txt, time: 3.960000
/bbs/Gossiping/M.1495565781.A.136.html download to ptt/Gossiping/20950_11.txt, time: 3.480000
/bbs/Gossiping/M.1495565802.A.0DF.html download to ptt/Gossiping/20950_12.txt, time: 4.600000
/bbs/Gossiping/M.1495565824.A.1F1.html download to ptt/Gossiping/20950_13.txt, time: 6.350000
/bbs/Gossiping/M.1495565849.A.FA7.html download to ptt/Gossiping/20950_14.txt, time: 5.040000
/bbs/Gossiping/M.1495565921.A.4CE.html download to ptt/Gossiping/20950_15.txt, time: 4.650000
/bbs/Gossiping/M.1495566161.A.E17.html download to ptt/Gossiping/20950_16.txt, time: 3.470000
/bbs/Gossiping/M.1495566247.A.2E6.html download to ptt/Gossiping/20950_17.txt, time: 4.010000
/bbs/Gossiping/M.1495566270.A.6E4.html download to ptt/Gossiping/20950_18.txt, time: 5.300000
/bbs/Gossiping/M.1495566417.A.05D.html download to ptt/Gossiping/20950_19.txt, time: 4.640000
page 20949
/bbs/Gossiping/M.1495563838.A.C57.html download to ptt/Gossiping/20949_0.txt, time: 3.990000
/bbs/Gossiping/M.1495563877.A.BD6.html download to ptt/Gossiping/20949_1.txt, time: 5.560000
/bbs/Gossiping/M.1495563944.A.31F.html download to ptt/Gossiping/20949_2.txt, time: 4.360000
/bbs/Gossiping/M.1495563970.A.830.html download to ptt/Gossiping/20949_3.txt, time: 7.040000
/bbs/Gossiping/M.1495563988.A.E07.html download to ptt/Gossiping/20949_4.txt, time: 5.390000
/bbs/Gossiping/M.1495564005.A.B77.html download to ptt/Gossiping/20949_5.txt, time: 4.460000
/bbs/Gossiping/M.1495564006.A.383.html download to ptt/Gossiping/20949_6.txt, time: 5.210000
/bbs/Gossiping/M.1495564130.A.0B8.html download to ptt/Gossiping/20949_7.txt, time: 4.750000
/bbs/Gossiping/M.1495564232.A.DEC.html download to ptt/Gossiping/20949_8.txt, time: 5.660000
/bbs/Gossiping/M.1495564256.A.92B.html download to ptt/Gossiping/20949_9.txt, time: 3.950000
/bbs/Gossiping/M.1495564353.A.2CE.html download to ptt/Gossiping/20949_10.txt, time: 5.440000
/bbs/Gossiping/M.1495564401.A.E58.html download to ptt/Gossiping/20949_11.txt, time: 5.120000
/bbs/Gossiping/M.1495564405.A.FE1.html download to ptt/Gossiping/20949_12.txt, time: 5.500000
/bbs/Gossiping/M.1495564418.A.DF9.html download to ptt/Gossiping/20949_13.txt, time: 5.270000
/bbs/Gossiping/M.1495564448.A.B34.html download to ptt/Gossiping/20949_14.txt, time: 3.520000
/bbs/Gossiping/M.1495564465.A.CD8.html download to ptt/Gossiping/20949_15.txt, time: 5.380000
/bbs/Gossiping/M.1495564526.A.21A.html download to ptt/Gossiping/20949_16.txt, time: 4.770000
/bbs/Gossiping/M.1495564539.A.221.html download to ptt/Gossiping/20949_17.txt, time: 4.360000
/bbs/Gossiping/M.1495564662.A.98C.html download to ptt/Gossiping/20949_18.txt, time: 12.100000
/bbs/Gossiping/M.1495564670.A.2B2.html download to ptt/Gossiping/20949_19.txt, time: 17.170000
page 20948
/bbs/Gossiping/M.1495563013.A.A47.html download to ptt/Gossiping/20948_0.txt, time: 6.130000
/bbs/Gossiping/M.1495563018.A.D69.html download to ptt/Gossiping/20948_1.txt, time: 4.810000
/bbs/Gossiping/M.1495563024.A.F79.html download to ptt/Gossiping/20948_2.txt, time: 4.380000
/bbs/Gossiping/M.1495563080.A.A98.html download to ptt/Gossiping/20948_3.txt, time: 7.850000
/bbs/Gossiping/M.1495563139.A.BD6.html download to ptt/Gossiping/20948_4.txt, time: 5.840000
/bbs/Gossiping/M.1495563283.A.A14.html download to ptt/Gossiping/20948_5.txt, time: 4.530000
/bbs/Gossiping/M.1495563296.A.743.html download to ptt/Gossiping/20948_6.txt, time: 4.470000
/bbs/Gossiping/M.1495563309.A.CAB.html download to ptt/Gossiping/20948_7.txt, time: 3.700000
/bbs/Gossiping/M.1495563368.A.DA6.html download to ptt/Gossiping/20948_8.txt, time: 10.990000
/bbs/Gossiping/M.1495563533.A.9D3.html download to ptt/Gossiping/20948_9.txt, time: 4.890000
/bbs/Gossiping/M.1495563536.A.673.html download to ptt/Gossiping/20948_10.txt, time: 3.750000
/bbs/Gossiping/M.1495563551.A.548.html download to ptt/Gossiping/20948_11.txt, time: 4.750000
/bbs/Gossiping/M.1495563563.A.4CE.html download to ptt/Gossiping/20948_12.txt, time: 6.210000
/bbs/Gossiping/M.1495563602.A.A5B.html download to ptt/Gossiping/20948_13.txt, time: 5.200000
/bbs/Gossiping/M.1495563641.A.243.html download to ptt/Gossiping/20948_14.txt, time: 5.070000
/bbs/Gossiping/M.1495563673.A.C29.html download to ptt/Gossiping/20948_15.txt, time: 4.960000
/bbs/Gossiping/M.1495563706.A.9C8.html download to ptt/Gossiping/20948_16.txt, time: 3.860000
/bbs/Gossiping/M.1495563735.A.7B1.html download to ptt/Gossiping/20948_17.txt, time: 4.660000
/bbs/Gossiping/M.1495563758.A.483.html download to ptt/Gossiping/20948_18.txt, time: 5.060000
/bbs/Gossiping/M.1495563770.A.5D1.html download to ptt/Gossiping/20948_19.txt, time: 3.310000
page 20947
/bbs/Gossiping/M.1495562266.A.9AF.html download to ptt/Gossiping/20947_0.txt, time: 3.000000
/bbs/Gossiping/M.1495562274.A.FC8.html download to ptt/Gossiping/20947_1.txt, time: 3.440000
/bbs/Gossiping/M.1495562286.A.50C.html download to ptt/Gossiping/20947_2.txt, time: 4.280000
/bbs/Gossiping/M.1495562294.A.A6D.html download to ptt/Gossiping/20947_3.txt, time: 4.640000
/bbs/Gossiping/M.1495562316.A.730.html download to ptt/Gossiping/20947_4.txt, time: 4.540000
/bbs/Gossiping/M.1495562326.A.D2D.html download to ptt/Gossiping/20947_5.txt, time: 4.400000
/bbs/Gossiping/M.1495562359.A.D1D.html download to ptt/Gossiping/20947_6.txt, time: 3.700000
/bbs/Gossiping/M.1495562363.A.1B4.html download to ptt/Gossiping/20947_7.txt, time: 4.720000
/bbs/Gossiping/M.1495562373.A.707.html download to ptt/Gossiping/20947_8.txt, time: 2.160000
/bbs/Gossiping/M.1495562484.A.08F.html download to ptt/Gossiping/20947_9.txt, time: 3.940000
/bbs/Gossiping/M.1495562495.A.317.html download to ptt/Gossiping/20947_10.txt, time: 4.280000
/bbs/Gossiping/M.1495562560.A.5D4.html download to ptt/Gossiping/20947_11.txt, time: 6.920000
/bbs/Gossiping/M.1495562901.A.5D8.html download to ptt/Gossiping/20947_12.txt, time: 5.740000
/bbs/Gossiping/M.1495562903.A.A18.html download to ptt/Gossiping/20947_13.txt, time: 3.430000
/bbs/Gossiping/M.1495562938.A.2F8.html download to ptt/Gossiping/20947_14.txt, time: 2.990000
/bbs/Gossiping/M.1495562944.A.93E.html download to ptt/Gossiping/20947_15.txt, time: 3.300000
/bbs/Gossiping/M.1495562947.A.4D2.html download to ptt/Gossiping/20947_16.txt, time: 3.420000
/bbs/Gossiping/M.1495562964.A.FE0.html download to ptt/Gossiping/20947_17.txt, time: 3.790000
/bbs/Gossiping/M.1495562971.A.D6F.html download to ptt/Gossiping/20947_18.txt, time: 3.960000
/bbs/Gossiping/M.1495563002.A.00B.html download to ptt/Gossiping/20947_19.txt, time: 5.680000
page 20946
/bbs/Gossiping/M.1495561634.A.9CE.html download to ptt/Gossiping/20946_0.txt, time: 4.100000
/bbs/Gossiping/M.1495561665.A.568.html download to ptt/Gossiping/20946_1.txt, time: 3.660000
/bbs/Gossiping/M.1495561752.A.A9F.html download to ptt/Gossiping/20946_2.txt, time: 3.190000
/bbs/Gossiping/M.1495561781.A.368.html download to ptt/Gossiping/20946_3.txt, time: 5.100000
/bbs/Gossiping/M.1495561804.A.6DB.html download to ptt/Gossiping/20946_4.txt, time: 3.960000
/bbs/Gossiping/M.1495561821.A.AB0.html download to ptt/Gossiping/20946_5.txt, time: 5.180000
/bbs/Gossiping/M.1495561824.A.36C.html download to ptt/Gossiping/20946_6.txt, time: 5.250000
/bbs/Gossiping/M.1495561910.A.99F.html download to ptt/Gossiping/20946_7.txt, time: 3.920000
/bbs/Gossiping/M.1495561933.A.AE1.html download to ptt/Gossiping/20946_8.txt, time: 2.750000
/bbs/Gossiping/M.1495561991.A.0B8.html download to ptt/Gossiping/20946_9.txt, time: 3.230000
/bbs/Gossiping/M.1495561993.A.1B5.html download to ptt/Gossiping/20946_10.txt, time: 3.390000
/bbs/Gossiping/M.1495561997.A.A68.html download to ptt/Gossiping/20946_11.txt, time: 3.740000
/bbs/Gossiping/M.1495562026.A.EE1.html download to ptt/Gossiping/20946_12.txt, time: 2.820000
/bbs/Gossiping/M.1495562039.A.93C.html download to ptt/Gossiping/20946_13.txt, time: 2.890000
/bbs/Gossiping/M.1495562053.A.039.html download to ptt/Gossiping/20946_14.txt, time: 4.660000
/bbs/Gossiping/M.1495562114.A.0FC.html download to ptt/Gossiping/20946_15.txt, time: 2.480000
/bbs/Gossiping/M.1495562114.A.E61.html download to ptt/Gossiping/20946_16.txt, time: 2.790000
/bbs/Gossiping/M.1495562129.A.339.html download to ptt/Gossiping/20946_17.txt, time: 3.740000
/bbs/Gossiping/M.1495562203.A.C0A.html download to ptt/Gossiping/20946_18.txt, time: 1.900000
/bbs/Gossiping/M.1495562209.A.2A7.html download to ptt/Gossiping/20946_19.txt, time: 2.030000
time: 536.2835977077484 seconds
