page 20960
/bbs/Gossiping/M.1495586064.A.E58.html download to ptt/Gossiping/20960_0.txt, time: 5.440000
/bbs/Gossiping/M.1495586084.A.4A1.html download to ptt/Gossiping/20960_1.txt, time: 4.990000
/bbs/Gossiping/M.1495586145.A.52D.html download to ptt/Gossiping/20960_2.txt, time: 7.540000
/bbs/Gossiping/M.1495586216.A.14B.html download to ptt/Gossiping/20960_3.txt, time: 5.720000
/bbs/Gossiping/M.1495586243.A.534.html download to ptt/Gossiping/20960_4.txt, time: 4.280000
/bbs/Gossiping/M.1495586337.A.3A0.html download to ptt/Gossiping/20960_5.txt, time: 3.800000
/bbs/Gossiping/M.1495586424.A.C69.html download to ptt/Gossiping/20960_6.txt, time: 5.500000
/bbs/Gossiping/M.1495586451.A.D75.html download to ptt/Gossiping/20960_7.txt, time: 4.340000
/bbs/Gossiping/M.1495586625.A.CF0.html download to ptt/Gossiping/20960_8.txt, time: 6.670000
/bbs/Gossiping/M.1495586630.A.3C5.html download to ptt/Gossiping/20960_9.txt, time: 7.010000
/bbs/Gossiping/M.1495586672.A.F55.html download to ptt/Gossiping/20960_10.txt, time: 3.900000
/bbs/Gossiping/M.1495586744.A.BC2.html download to ptt/Gossiping/20960_11.txt, time: 4.340000
/bbs/Gossiping/M.1495586788.A.384.html download to ptt/Gossiping/20960_12.txt, time: 3.620000
/bbs/Gossiping/M.1495586806.A.700.html download to ptt/Gossiping/20960_13.txt, time: 3.620000
/bbs/Gossiping/M.1495586883.A.ABF.html download to ptt/Gossiping/20960_14.txt, time: 3.000000
/bbs/Gossiping/M.1495586928.A.ACA.html download to ptt/Gossiping/20960_15.txt, time: 6.900000
/bbs/Gossiping/M.1495586964.A.BE2.html download to ptt/Gossiping/20960_16.txt, time: 3.760000
/bbs/Gossiping/M.1495586974.A.045.html download to ptt/Gossiping/20960_17.txt, time: 5.080000
/bbs/Gossiping/M.1495587063.A.209.html download to ptt/Gossiping/20960_18.txt, time: 6.220000
/bbs/Gossiping/M.1495587065.A.43E.html download to ptt/Gossiping/20960_19.txt, time: 7.120000
page 20959
/bbs/Gossiping/M.1495585133.A.BA9.html download to ptt/Gossiping/20959_0.txt, time: 4.620000
/bbs/Gossiping/M.1495585172.A.A66.html download to ptt/Gossiping/20959_1.txt, time: 5.140000
/bbs/Gossiping/M.1495585231.A.4ED.html download to ptt/Gossiping/20959_2.txt, time: 6.020000
/bbs/Gossiping/M.1495585293.A.0A2.html download to ptt/Gossiping/20959_3.txt, time: 6.450000
/bbs/Gossiping/M.1495585378.A.86F.html download to ptt/Gossiping/20959_4.txt, time: 5.130000
/bbs/Gossiping/M.1495585501.A.39F.html download to ptt/Gossiping/20959_5.txt, time: 4.190000
/bbs/Gossiping/M.1495585568.A.42A.html download to ptt/Gossiping/20959_6.txt, time: 4.730000
/bbs/Gossiping/M.1495585569.A.0DB.html download to ptt/Gossiping/20959_7.txt, time: 3.990000
/bbs/Gossiping/M.1495585645.A.38C.html download to ptt/Gossiping/20959_8.txt, time: 3.780000
/bbs/Gossiping/M.1495585691.A.94B.html download to ptt/Gossiping/20959_9.txt, time: 4.540000
/bbs/Gossiping/M.1495585727.A.10C.html download to ptt/Gossiping/20959_10.txt, time: 7.050000
/bbs/Gossiping/M.1495585731.A.33E.html download to ptt/Gossiping/20959_11.txt, time: 5.400000
/bbs/Gossiping/M.1495585732.A.B8F.html download to ptt/Gossiping/20959_12.txt, time: 4.480000
/bbs/Gossiping/M.1495585814.A.23A.html download to ptt/Gossiping/20959_13.txt, time: 4.900000
/bbs/Gossiping/M.1495585825.A.D63.html download to ptt/Gossiping/20959_14.txt, time: 5.430000
/bbs/Gossiping/M.1495585838.A.01F.html download to ptt/Gossiping/20959_15.txt, time: 6.810000
/bbs/Gossiping/M.1495585924.A.234.html download to ptt/Gossiping/20959_16.txt, time: 4.380000
/bbs/Gossiping/M.1495585938.A.D42.html download to ptt/Gossiping/20959_17.txt, time: 6.650000
/bbs/Gossiping/M.1495585994.A.5E8.html download to ptt/Gossiping/20959_18.txt, time: 4.580000
/bbs/Gossiping/M.1495586032.A.5B7.html download to ptt/Gossiping/20959_19.txt, time: 6.990000
page 20958
/bbs/Gossiping/M.1495583943.A.38A.html download to ptt/Gossiping/20958_0.txt, time: 5.090000
/bbs/Gossiping/M.1495584214.A.3C8.html download to ptt/Gossiping/20958_1.txt, time: 7.280000
/bbs/Gossiping/M.1495584245.A.EEB.html download to ptt/Gossiping/20958_2.txt, time: 16.430000
/bbs/Gossiping/M.1495584313.A.8AE.html download to ptt/Gossiping/20958_3.txt, time: 4.480000
/bbs/Gossiping/M.1495584426.A.2F0.html download to ptt/Gossiping/20958_4.txt, time: 8.000000
/bbs/Gossiping/M.1495584601.A.87A.html download to ptt/Gossiping/20958_5.txt, time: 4.120000
/bbs/Gossiping/M.1495584685.A.A85.html download to ptt/Gossiping/20958_6.txt, time: 3.760000
/bbs/Gossiping/M.1495584719.A.52F.html download to ptt/Gossiping/20958_7.txt, time: 4.350000
/bbs/Gossiping/M.1495584797.A.D5A.html download to ptt/Gossiping/20958_8.txt, time: 3.920000
/bbs/Gossiping/M.1495584807.A.B86.html download to ptt/Gossiping/20958_9.txt, time: 7.890000
/bbs/Gossiping/M.1495584843.A.FB9.html download to ptt/Gossiping/20958_10.txt, time: 12.370000
/bbs/Gossiping/M.1495584849.A.F41.html download to ptt/Gossiping/20958_11.txt, time: 8.490000
/bbs/Gossiping/M.1495584853.A.E7F.html download to ptt/Gossiping/20958_12.txt, time: 2.990000
/bbs/Gossiping/M.1495584877.A.3A7.html download to ptt/Gossiping/20958_13.txt, time: 3.050000
/bbs/Gossiping/M.1495584912.A.C81.html download to ptt/Gossiping/20958_14.txt, time: 3.740000
/bbs/Gossiping/M.1495584930.A.A3E.html download to ptt/Gossiping/20958_15.txt, time: 3.860000
/bbs/Gossiping/M.1495585002.A.5EF.html download to ptt/Gossiping/20958_16.txt, time: 4.190000
/bbs/Gossiping/M.1495585036.A.B2C.html download to ptt/Gossiping/20958_17.txt, time: 4.890000
/bbs/Gossiping/M.1495585054.A.055.html download to ptt/Gossiping/20958_18.txt, time: 4.900000
/bbs/Gossiping/M.1495585109.A.D53.html download to ptt/Gossiping/20958_19.txt, time: 5.000000
page 20957
/bbs/Gossiping/M.1495582966.A.C87.html download to ptt/Gossiping/20957_0.txt, time: 3.860000
/bbs/Gossiping/M.1495583018.A.D7D.html download to ptt/Gossiping/20957_1.txt, time: 4.160000
/bbs/Gossiping/M.1495583050.A.E37.html download to ptt/Gossiping/20957_2.txt, time: 3.520000
/bbs/Gossiping/M.1495583062.A.4C8.html download to ptt/Gossiping/20957_3.txt, time: 3.550000
/bbs/Gossiping/M.1495583062.A.3A3.html download to ptt/Gossiping/20957_4.txt, time: 4.460000
/bbs/Gossiping/M.1495583157.A.095.html download to ptt/Gossiping/20957_5.txt, time: 5.300000
/bbs/Gossiping/M.1495583159.A.F0E.html download to ptt/Gossiping/20957_6.txt, time: 4.920000
/bbs/Gossiping/M.1495583180.A.F97.html download to ptt/Gossiping/20957_7.txt, time: 4.360000
/bbs/Gossiping/M.1495583189.A.CD2.html download to ptt/Gossiping/20957_8.txt, time: 2.910000
/bbs/Gossiping/M.1495583250.A.03E.html download to ptt/Gossiping/20957_9.txt, time: 3.450000
/bbs/Gossiping/M.1495583258.A.39F.html download to ptt/Gossiping/20957_10.txt, time: 4.570000
/bbs/Gossiping/M.1495583366.A.CA1.html download to ptt/Gossiping/20957_11.txt, time: 5.730000
/bbs/Gossiping/M.1495583367.A.BF9.html download to ptt/Gossiping/20957_12.txt, time: 5.220000
/bbs/Gossiping/M.1495583394.A.D1B.html download to ptt/Gossiping/20957_13.txt, time: 3.830000
/bbs/Gossiping/M.1495583399.A.775.html download to ptt/Gossiping/20957_14.txt, time: 4.690000
/bbs/Gossiping/M.1495583496.A.D56.html download to ptt/Gossiping/20957_15.txt, time: 4.670000
/bbs/Gossiping/M.1495583684.A.6AC.html download to ptt/Gossiping/20957_16.txt, time: 4.580000
/bbs/Gossiping/M.1495583790.A.1C0.html download to ptt/Gossiping/20957_17.txt, time: 4.110000
/bbs/Gossiping/M.1495583822.A.DA0.html download to ptt/Gossiping/20957_18.txt, time: 4.970000
/bbs/Gossiping/M.1495583824.A.2EA.html download to ptt/Gossiping/20957_19.txt, time: 4.360000
page 20956
/bbs/Gossiping/M.1495581047.A.809.html download to ptt/Gossiping/20956_0.txt, time: 4.540000
/bbs/Gossiping/M.1495581251.A.EEB.html download to ptt/Gossiping/20956_1.txt, time: 5.090000
/bbs/Gossiping/M.1495581520.A.69B.html download to ptt/Gossiping/20956_2.txt, time: 4.430000
/bbs/Gossiping/M.1495581562.A.152.html download to ptt/Gossiping/20956_3.txt, time: 3.720000
/bbs/Gossiping/M.1495581587.A.971.html download to ptt/Gossiping/20956_4.txt, time: 3.520000
/bbs/Gossiping/M.1495581597.A.DA9.html download to ptt/Gossiping/20956_5.txt, time: 3.350000
/bbs/Gossiping/M.1495581603.A.23A.html download to ptt/Gossiping/20956_6.txt, time: 3.700000
/bbs/Gossiping/M.1495581717.A.B9A.html download to ptt/Gossiping/20956_7.txt, time: 5.540000
/bbs/Gossiping/M.1495581996.A.341.html download to ptt/Gossiping/20956_8.txt, time: 3.630000
/bbs/Gossiping/M.1495582021.A.C5A.html download to ptt/Gossiping/20956_9.txt, time: 3.300000
/bbs/Gossiping/M.1495582139.A.7AE.html download to ptt/Gossiping/20956_10.txt, time: 4.370000
/bbs/Gossiping/M.1495582439.A.CBB.html download to ptt/Gossiping/20956_11.txt, time: 8.850000
/bbs/Gossiping/M.1495582447.A.696.html download to ptt/Gossiping/20956_12.txt, time: 2.940000
/bbs/Gossiping/M.1495582482.A.60D.html download to ptt/Gossiping/20956_13.txt, time: 8.860000
/bbs/Gossiping/M.1495582502.A.63D.html download to ptt/Gossiping/20956_14.txt, time: 1.210000
/bbs/Gossiping/M.1495582505.A.769.html download to ptt/Gossiping/20956_15.txt, time: 0.980000
/bbs/Gossiping/M.1495582556.A.D97.html download to ptt/Gossiping/20956_16.txt, time: 1.200000
/bbs/Gossiping/M.1495582585.A.A70.html download to ptt/Gossiping/20956_17.txt, time: 1.030000
/bbs/Gossiping/M.1495582618.A.47F.html download to ptt/Gossiping/20956_18.txt, time: 1.040000
/bbs/Gossiping/M.1495582687.A.B8D.html download to ptt/Gossiping/20956_19.txt, time: 0.940000
time: 551.6989912986755 seconds
