page 20970
/bbs/Gossiping/M.1495592638.A.F1E.html download to ptt/Gossiping/20970_0.txt, time: 9.280000
/bbs/Gossiping/M.1495592657.A.F0F.html download to ptt/Gossiping/20970_1.txt, time: 4.880000
/bbs/Gossiping/M.1495592659.A.107.html download to ptt/Gossiping/20970_2.txt, time: 3.490000
/bbs/Gossiping/M.1495592699.A.EA1.html download to ptt/Gossiping/20970_3.txt, time: 5.370000
/bbs/Gossiping/M.1495592705.A.A97.html download to ptt/Gossiping/20970_4.txt, time: 3.870000
/bbs/Gossiping/M.1495592757.A.ADE.html download to ptt/Gossiping/20970_5.txt, time: 3.060000
/bbs/Gossiping/M.1495592771.A.FC1.html download to ptt/Gossiping/20970_6.txt, time: 3.340000
/bbs/Gossiping/M.1495592777.A.C65.html download to ptt/Gossiping/20970_7.txt, time: 8.180000
/bbs/Gossiping/M.1495592788.A.0CE.html download to ptt/Gossiping/20970_8.txt, time: 4.540000
/bbs/Gossiping/M.1495592810.A.AD6.html download to ptt/Gossiping/20970_9.txt, time: 3.710000
/bbs/Gossiping/M.1495592839.A.62D.html download to ptt/Gossiping/20970_10.txt, time: 4.380000
/bbs/Gossiping/M.1495592852.A.711.html download to ptt/Gossiping/20970_11.txt, time: 3.650000
/bbs/Gossiping/M.1495592889.A.917.html download to ptt/Gossiping/20970_12.txt, time: 6.070000
/bbs/Gossiping/M.1495592895.A.8D9.html download to ptt/Gossiping/20970_13.txt, time: 3.730000
/bbs/Gossiping/M.1495592958.A.F9F.html download to ptt/Gossiping/20970_14.txt, time: 3.480000
/bbs/Gossiping/M.1495593028.A.B93.html download to ptt/Gossiping/20970_15.txt, time: 3.880000
/bbs/Gossiping/M.1495593032.A.D75.html download to ptt/Gossiping/20970_16.txt, time: 4.220000
/bbs/Gossiping/M.1495593044.A.A5F.html download to ptt/Gossiping/20970_17.txt, time: 3.540000
/bbs/Gossiping/M.1495593065.A.326.html download to ptt/Gossiping/20970_18.txt, time: 3.760000
/bbs/Gossiping/M.1495593074.A.32A.html download to ptt/Gossiping/20970_19.txt, time: 4.580000
page 20969
/bbs/Gossiping/M.1495592115.A.569.html download to ptt/Gossiping/20969_0.txt, time: 5.340000
/bbs/Gossiping/M.1495592135.A.02A.html download to ptt/Gossiping/20969_1.txt, time: 4.200000
/bbs/Gossiping/M.1495592150.A.24F.html download to ptt/Gossiping/20969_2.txt, time: 5.060000
/bbs/Gossiping/M.1495592176.A.FD4.html download to ptt/Gossiping/20969_3.txt, time: 4.590000
/bbs/Gossiping/M.1495592215.A.C52.html download to ptt/Gossiping/20969_4.txt, time: 4.550000
/bbs/Gossiping/M.1495592223.A.FF7.html download to ptt/Gossiping/20969_5.txt, time: 5.340000
/bbs/Gossiping/M.1495592232.A.1BB.html download to ptt/Gossiping/20969_6.txt, time: 4.600000
/bbs/Gossiping/M.1495592264.A.745.html download to ptt/Gossiping/20969_7.txt, time: 5.910000
/bbs/Gossiping/M.1495592284.A.67B.html download to ptt/Gossiping/20969_8.txt, time: 3.750000
/bbs/Gossiping/M.1495592300.A.050.html download to ptt/Gossiping/20969_9.txt, time: 4.330000
/bbs/Gossiping/M.1495592311.A.C7B.html download to ptt/Gossiping/20969_10.txt, time: 4.140000
/bbs/Gossiping/M.1495592393.A.D43.html download to ptt/Gossiping/20969_11.txt, time: 4.760000
/bbs/Gossiping/M.1495592400.A.951.html download to ptt/Gossiping/20969_12.txt, time: 4.520000
/bbs/Gossiping/M.1495592459.A.1A4.html download to ptt/Gossiping/20969_13.txt, time: 4.260000
/bbs/Gossiping/M.1495592531.A.0FC.html download to ptt/Gossiping/20969_14.txt, time: 4.670000
/bbs/Gossiping/M.1495592569.A.23E.html download to ptt/Gossiping/20969_15.txt, time: 4.960000
/bbs/Gossiping/M.1495592596.A.C7D.html download to ptt/Gossiping/20969_16.txt, time: 5.720000
/bbs/Gossiping/M.1495592613.A.421.html download to ptt/Gossiping/20969_17.txt, time: 4.860000
/bbs/Gossiping/M.1495592619.A.496.html download to ptt/Gossiping/20969_18.txt, time: 5.070000
/bbs/Gossiping/M.1495592637.A.23E.html download to ptt/Gossiping/20969_19.txt, time: 5.710000
page 20968
/bbs/Gossiping/M.1495591549.A.A64.html download to ptt/Gossiping/20968_0.txt, time: 4.730000
/bbs/Gossiping/M.1495591592.A.504.html download to ptt/Gossiping/20968_1.txt, time: 4.340000
/bbs/Gossiping/M.1495591666.A.D6D.html download to ptt/Gossiping/20968_2.txt, time: 4.750000
/bbs/Gossiping/M.1495591685.A.E8C.html download to ptt/Gossiping/20968_3.txt, time: 8.410000
/bbs/Gossiping/M.1495591705.A.453.html download to ptt/Gossiping/20968_4.txt, time: 9.640000
/bbs/Gossiping/M.1495591767.A.470.html download to ptt/Gossiping/20968_5.txt, time: 3.950000
/bbs/Gossiping/M.1495591794.A.51C.html download to ptt/Gossiping/20968_6.txt, time: 12.450000
/bbs/Gossiping/M.1495591842.A.9B8.html download to ptt/Gossiping/20968_7.txt, time: 5.040000
/bbs/Gossiping/M.1495591846.A.7A5.html download to ptt/Gossiping/20968_8.txt, time: 5.130000
/bbs/Gossiping/M.1495591870.A.B4C.html download to ptt/Gossiping/20968_9.txt, time: 4.750000
/bbs/Gossiping/M.1495591879.A.EAA.html download to ptt/Gossiping/20968_10.txt, time: 7.810000
/bbs/Gossiping/M.1495591888.A.978.html download to ptt/Gossiping/20968_11.txt, time: 4.390000
/bbs/Gossiping/M.1495591923.A.BFD.html download to ptt/Gossiping/20968_12.txt, time: 4.140000
/bbs/Gossiping/M.1495591963.A.DAB.html download to ptt/Gossiping/20968_13.txt, time: 6.360000
/bbs/Gossiping/M.1495591964.A.C27.html download to ptt/Gossiping/20968_14.txt, time: 4.620000
/bbs/Gossiping/M.1495592040.A.F04.html download to ptt/Gossiping/20968_15.txt, time: 6.870000
/bbs/Gossiping/M.1495592060.A.0FE.html download to ptt/Gossiping/20968_16.txt, time: 3.660000
/bbs/Gossiping/M.1495592063.A.245.html download to ptt/Gossiping/20968_17.txt, time: 2.790000
/bbs/Gossiping/M.1495592090.A.BD6.html download to ptt/Gossiping/20968_18.txt, time: 2.890000
/bbs/Gossiping/M.1495592111.A.9E7.html download to ptt/Gossiping/20968_19.txt, time: 3.350000
page 20967
/bbs/Gossiping/M.1495590911.A.A44.html download to ptt/Gossiping/20967_0.txt, time: 2.800000
/bbs/Gossiping/M.1495590952.A.38E.html download to ptt/Gossiping/20967_1.txt, time: 3.160000
/bbs/Gossiping/M.1495591026.A.7F9.html download to ptt/Gossiping/20967_2.txt, time: 2.790000
/bbs/Gossiping/M.1495591123.A.474.html download to ptt/Gossiping/20967_3.txt, time: 4.750000
/bbs/Gossiping/M.1495591190.A.CD3.html download to ptt/Gossiping/20967_4.txt, time: 4.490000
/bbs/Gossiping/M.1495591204.A.E26.html download to ptt/Gossiping/20967_5.txt, time: 4.780000
/bbs/Gossiping/M.1495591219.A.5E7.html download to ptt/Gossiping/20967_6.txt, time: 5.070000
/bbs/Gossiping/M.1495591262.A.D52.html download to ptt/Gossiping/20967_7.txt, time: 4.360000
/bbs/Gossiping/M.1495591264.A.3E4.html download to ptt/Gossiping/20967_8.txt, time: 4.430000
/bbs/Gossiping/M.1495591285.A.BFA.html download to ptt/Gossiping/20967_9.txt, time: 4.240000
/bbs/Gossiping/M.1495591304.A.896.html download to ptt/Gossiping/20967_10.txt, time: 4.810000
/bbs/Gossiping/M.1495591334.A.511.html download to ptt/Gossiping/20967_11.txt, time: 5.700000
/bbs/Gossiping/M.1495591339.A.676.html download to ptt/Gossiping/20967_12.txt, time: 3.310000
/bbs/Gossiping/M.1495591410.A.B86.html download to ptt/Gossiping/20967_13.txt, time: 3.130000
/bbs/Gossiping/M.1495591437.A.51B.html download to ptt/Gossiping/20967_14.txt, time: 4.250000
/bbs/Gossiping/M.1495591452.A.E8B.html download to ptt/Gossiping/20967_15.txt, time: 7.200000
/bbs/Gossiping/M.1495591482.A.1AB.html download to ptt/Gossiping/20967_16.txt, time: 6.480000
/bbs/Gossiping/M.1495591504.A.A7C.html download to ptt/Gossiping/20967_17.txt, time: 3.770000
/bbs/Gossiping/M.1495591542.A.6AA.html download to ptt/Gossiping/20967_18.txt, time: 3.090000
/bbs/Gossiping/M.1495591545.A.F05.html download to ptt/Gossiping/20967_19.txt, time: 4.910000
page 20966
/bbs/Gossiping/M.1495590363.A.3C0.html download to ptt/Gossiping/20966_0.txt, time: 2.760000
/bbs/Gossiping/M.1495590379.A.184.html download to ptt/Gossiping/20966_1.txt, time: 3.250000
/bbs/Gossiping/M.1495590391.A.C7C.html download to ptt/Gossiping/20966_2.txt, time: 3.530000
/bbs/Gossiping/M.1495590395.A.9E4.html download to ptt/Gossiping/20966_3.txt, time: 4.460000
/bbs/Gossiping/M.1495590401.A.D61.html download to ptt/Gossiping/20966_4.txt, time: 6.190000
/bbs/Gossiping/M.1495590423.A.D9D.html download to ptt/Gossiping/20966_5.txt, time: 4.610000
/bbs/Gossiping/M.1495590497.A.47E.html download to ptt/Gossiping/20966_6.txt, time: 3.960000
/bbs/Gossiping/M.1495590497.A.0B6.html download to ptt/Gossiping/20966_7.txt, time: 5.360000
/bbs/Gossiping/M.1495590529.A.62C.html download to ptt/Gossiping/20966_8.txt, time: 3.420000
/bbs/Gossiping/M.1495590532.A.387.html download to ptt/Gossiping/20966_9.txt, time: 4.070000
/bbs/Gossiping/M.1495590541.A.61C.html download to ptt/Gossiping/20966_10.txt, time: 3.910000
/bbs/Gossiping/M.1495590542.A.686.html download to ptt/Gossiping/20966_11.txt, time: 5.500000
/bbs/Gossiping/M.1495590547.A.E8A.html download to ptt/Gossiping/20966_12.txt, time: 4.240000
/bbs/Gossiping/M.1495590604.A.B3E.html download to ptt/Gossiping/20966_13.txt, time: 3.060000
/bbs/Gossiping/M.1495590662.A.CAC.html download to ptt/Gossiping/20966_14.txt, time: 4.300000
/bbs/Gossiping/M.1495590708.A.150.html download to ptt/Gossiping/20966_15.txt, time: 3.380000
/bbs/Gossiping/M.1495590729.A.911.html download to ptt/Gossiping/20966_16.txt, time: 8.290000
/bbs/Gossiping/M.1495590787.A.7E8.html download to ptt/Gossiping/20966_17.txt, time: 5.350000
/bbs/Gossiping/M.1495590872.A.631.html download to ptt/Gossiping/20966_18.txt, time: 7.100000
/bbs/Gossiping/M.1495590879.A.8E6.html download to ptt/Gossiping/20966_19.txt, time: 2.810000
time: 541.2738173007965 seconds
