page 20990
/bbs/Gossiping/M.1495602022.A.3FF.html download to ptt/Gossiping/20990_0.txt, time: 5.470000
/bbs/Gossiping/M.1495602059.A.586.html download to ptt/Gossiping/20990_1.txt, time: 3.700000
/bbs/Gossiping/M.1495602063.A.CE0.html download to ptt/Gossiping/20990_2.txt, time: 4.130000
/bbs/Gossiping/M.1495602074.A.B24.html download to ptt/Gossiping/20990_3.txt, time: 8.840000
/bbs/Gossiping/M.1495602095.A.530.html download to ptt/Gossiping/20990_4.txt, time: 4.490000
/bbs/Gossiping/M.1495602107.A.6E9.html download to ptt/Gossiping/20990_5.txt, time: 3.160000
/bbs/Gossiping/M.1495602113.A.EA0.html download to ptt/Gossiping/20990_6.txt, time: 3.980000
/bbs/Gossiping/M.1495602151.A.261.html download to ptt/Gossiping/20990_7.txt, time: 3.780000
/bbs/Gossiping/M.1495602192.A.A1E.html download to ptt/Gossiping/20990_8.txt, time: 4.160000
/bbs/Gossiping/M.1495602199.A.46B.html download to ptt/Gossiping/20990_9.txt, time: 5.930000
/bbs/Gossiping/M.1495602239.A.586.html download to ptt/Gossiping/20990_10.txt, time: 8.550000
/bbs/Gossiping/M.1495602257.A.884.html download to ptt/Gossiping/20990_11.txt, time: 4.370000
/bbs/Gossiping/M.1495602265.A.6D0.html download to ptt/Gossiping/20990_12.txt, time: 3.790000
/bbs/Gossiping/M.1495602279.A.6CB.html download to ptt/Gossiping/20990_13.txt, time: 5.980000
/bbs/Gossiping/M.1495602285.A.E7E.html download to ptt/Gossiping/20990_14.txt, time: 4.180000
/bbs/Gossiping/M.1495602285.A.B43.html download to ptt/Gossiping/20990_15.txt, time: 5.280000
/bbs/Gossiping/M.1495602287.A.37F.html download to ptt/Gossiping/20990_16.txt, time: 4.090000
/bbs/Gossiping/M.1495602298.A.1CD.html download to ptt/Gossiping/20990_17.txt, time: 3.920000
/bbs/Gossiping/M.1495602299.A.157.html download to ptt/Gossiping/20990_18.txt, time: 4.290000
/bbs/Gossiping/M.1495602364.A.60C.html download to ptt/Gossiping/20990_19.txt, time: 5.950000
page 20989
/bbs/Gossiping/M.1495601559.A.2C0.html download to ptt/Gossiping/20989_0.txt, time: 7.340000
/bbs/Gossiping/M.1495601594.A.C6A.html download to ptt/Gossiping/20989_1.txt, time: 4.820000
/bbs/Gossiping/M.1495601629.A.1D3.html download to ptt/Gossiping/20989_2.txt, time: 4.240000
/bbs/Gossiping/M.1495601644.A.E54.html download to ptt/Gossiping/20989_3.txt, time: 4.770000
/bbs/Gossiping/M.1495601654.A.098.html download to ptt/Gossiping/20989_4.txt, time: 3.810000
/bbs/Gossiping/M.1495601722.A.64F.html download to ptt/Gossiping/20989_5.txt, time: 6.490000
/bbs/Gossiping/M.1495601745.A.AD2.html download to ptt/Gossiping/20989_6.txt, time: 5.630000
/bbs/Gossiping/M.1495601772.A.9A4.html download to ptt/Gossiping/20989_7.txt, time: 4.600000
/bbs/Gossiping/M.1495601845.A.2B0.html download to ptt/Gossiping/20989_8.txt, time: 4.300000
/bbs/Gossiping/M.1495601865.A.640.html download to ptt/Gossiping/20989_9.txt, time: 4.120000
/bbs/Gossiping/M.1495601873.A.416.html download to ptt/Gossiping/20989_10.txt, time: 3.010000
/bbs/Gossiping/M.1495601880.A.238.html download to ptt/Gossiping/20989_11.txt, time: 5.630000
/bbs/Gossiping/M.1495601885.A.80A.html download to ptt/Gossiping/20989_12.txt, time: 4.760000
/bbs/Gossiping/M.1495601888.A.DF3.html download to ptt/Gossiping/20989_13.txt, time: 4.510000
/bbs/Gossiping/M.1495601934.A.4AD.html download to ptt/Gossiping/20989_14.txt, time: 3.980000
/bbs/Gossiping/M.1495601982.A.B81.html download to ptt/Gossiping/20989_15.txt, time: 4.560000
/bbs/Gossiping/M.1495601985.A.C63.html download to ptt/Gossiping/20989_16.txt, time: 5.230000
/bbs/Gossiping/M.1495601996.A.DC3.html download to ptt/Gossiping/20989_17.txt, time: 4.140000
/bbs/Gossiping/M.1495601999.A.9A0.html download to ptt/Gossiping/20989_18.txt, time: 8.010000
/bbs/Gossiping/M.1495602021.A.91F.html download to ptt/Gossiping/20989_19.txt, time: 6.620000
page 20988
/bbs/Gossiping/M.1495601168.A.4B9.html download to ptt/Gossiping/20988_0.txt, time: 8.900000
/bbs/Gossiping/M.1495601191.A.9D7.html download to ptt/Gossiping/20988_1.txt, time: 5.870000
/bbs/Gossiping/M.1495601217.A.77D.html download to ptt/Gossiping/20988_2.txt, time: 7.320000
/bbs/Gossiping/M.1495601268.A.E95.html download to ptt/Gossiping/20988_3.txt, time: 8.620000
/bbs/Gossiping/M.1495601300.A.743.html download to ptt/Gossiping/20988_4.txt, time: 6.770000
/bbs/Gossiping/M.1495601303.A.8A7.html download to ptt/Gossiping/20988_5.txt, time: 6.760000
/bbs/Gossiping/M.1495601313.A.7E7.html download to ptt/Gossiping/20988_6.txt, time: 7.730000
/bbs/Gossiping/M.1495601347.A.0D9.html download to ptt/Gossiping/20988_7.txt, time: 4.670000
/bbs/Gossiping/M.1495601350.A.F47.html download to ptt/Gossiping/20988_8.txt, time: 9.820000
/bbs/Gossiping/M.1495601353.A.AF7.html download to ptt/Gossiping/20988_9.txt, time: 4.940000
/bbs/Gossiping/M.1495601361.A.DF0.html download to ptt/Gossiping/20988_10.txt, time: 5.110000
/bbs/Gossiping/M.1495601364.A.FB7.html download to ptt/Gossiping/20988_11.txt, time: 8.410000
/bbs/Gossiping/M.1495601401.A.2D9.html download to ptt/Gossiping/20988_12.txt, time: 7.680000
/bbs/Gossiping/M.1495601412.A.036.html download to ptt/Gossiping/20988_13.txt, time: 5.010000
/bbs/Gossiping/M.1495601416.A.210.html download to ptt/Gossiping/20988_14.txt, time: 5.950000
/bbs/Gossiping/M.1495601428.A.9CD.html download to ptt/Gossiping/20988_15.txt, time: 4.760000
/bbs/Gossiping/M.1495601465.A.D73.html download to ptt/Gossiping/20988_16.txt, time: 4.230000
/bbs/Gossiping/M.1495601496.A.006.html download to ptt/Gossiping/20988_17.txt, time: 3.590000
/bbs/Gossiping/M.1495601498.A.EA1.html download to ptt/Gossiping/20988_18.txt, time: 3.620000
/bbs/Gossiping/M.1495601527.A.B6F.html download to ptt/Gossiping/20988_19.txt, time: 4.090000
page 20987
/bbs/Gossiping/M.1495600681.A.B74.html download to ptt/Gossiping/20987_0.txt, time: 3.130000
/bbs/Gossiping/M.1495600759.A.167.html download to ptt/Gossiping/20987_1.txt, time: 3.710000
/bbs/Gossiping/M.1495600819.A.AF0.html download to ptt/Gossiping/20987_2.txt, time: 3.700000
/bbs/Gossiping/M.1495600819.A.0DC.html download to ptt/Gossiping/20987_3.txt, time: 4.130000
/bbs/Gossiping/M.1495600825.A.37E.html download to ptt/Gossiping/20987_4.txt, time: 3.390000
/bbs/Gossiping/M.1495600847.A.BEA.html download to ptt/Gossiping/20987_5.txt, time: 3.030000
/bbs/Gossiping/M.1495600848.A.104.html download to ptt/Gossiping/20987_6.txt, time: 3.580000
/bbs/Gossiping/M.1495600862.A.FCC.html download to ptt/Gossiping/20987_7.txt, time: 4.940000
/bbs/Gossiping/M.1495600875.A.FE9.html download to ptt/Gossiping/20987_8.txt, time: 4.960000
/bbs/Gossiping/M.1495600896.A.2BB.html download to ptt/Gossiping/20987_9.txt, time: 4.230000
/bbs/Gossiping/M.1495600913.A.B25.html download to ptt/Gossiping/20987_10.txt, time: 4.010000
/bbs/Gossiping/M.1495600941.A.53C.html download to ptt/Gossiping/20987_11.txt, time: 4.000000
/bbs/Gossiping/M.1495600950.A.A7F.html download to ptt/Gossiping/20987_12.txt, time: 4.840000
/bbs/Gossiping/M.1495600951.A.533.html download to ptt/Gossiping/20987_13.txt, time: 6.350000
/bbs/Gossiping/M.1495601057.A.9E7.html download to ptt/Gossiping/20987_14.txt, time: 2.550000
/bbs/Gossiping/M.1495601083.A.0DC.html download to ptt/Gossiping/20987_15.txt, time: 6.780000
/bbs/Gossiping/M.1495601085.A.FF4.html download to ptt/Gossiping/20987_16.txt, time: 5.540000
/bbs/Gossiping/M.1495601103.A.B87.html download to ptt/Gossiping/20987_17.txt, time: 5.210000
/bbs/Gossiping/M.1495601107.A.FF5.html download to ptt/Gossiping/20987_18.txt, time: 4.410000
/bbs/Gossiping/M.1495601122.A.1F2.html download to ptt/Gossiping/20987_19.txt, time: 4.940000
page 20986
/bbs/Gossiping/M.1495600206.A.1E7.html download to ptt/Gossiping/20986_0.txt, time: 4.700000
/bbs/Gossiping/M.1495600212.A.8F3.html download to ptt/Gossiping/20986_1.txt, time: 4.770000
/bbs/Gossiping/M.1495600234.A.FC0.html download to ptt/Gossiping/20986_2.txt, time: 3.970000
/bbs/Gossiping/M.1495600256.A.F03.html download to ptt/Gossiping/20986_3.txt, time: 2.800000
/bbs/Gossiping/M.1495600270.A.032.html download to ptt/Gossiping/20986_4.txt, time: 4.990000
/bbs/Gossiping/M.1495600316.A.99C.html download to ptt/Gossiping/20986_5.txt, time: 3.800000
/bbs/Gossiping/M.1495600318.A.965.html download to ptt/Gossiping/20986_6.txt, time: 4.180000
/bbs/Gossiping/M.1495600370.A.CFC.html download to ptt/Gossiping/20986_7.txt, time: 3.370000
/bbs/Gossiping/M.1495600400.A.1A1.html download to ptt/Gossiping/20986_8.txt, time: 2.880000
/bbs/Gossiping/M.1495600407.A.7D1.html download to ptt/Gossiping/20986_9.txt, time: 3.280000
/bbs/Gossiping/M.1495600529.A.E93.html download to ptt/Gossiping/20986_10.txt, time: 3.990000
/bbs/Gossiping/M.1495600563.A.4D8.html download to ptt/Gossiping/20986_11.txt, time: 2.940000
/bbs/Gossiping/M.1495600569.A.CBA.html download to ptt/Gossiping/20986_12.txt, time: 4.050000
/bbs/Gossiping/M.1495600577.A.9B1.html download to ptt/Gossiping/20986_13.txt, time: 3.230000
/bbs/Gossiping/M.1495600604.A.A22.html download to ptt/Gossiping/20986_14.txt, time: 2.880000
/bbs/Gossiping/M.1495600624.A.6D0.html download to ptt/Gossiping/20986_15.txt, time: 3.140000
/bbs/Gossiping/M.1495600637.A.4DE.html download to ptt/Gossiping/20986_16.txt, time: 2.690000
/bbs/Gossiping/M.1495600655.A.C6E.html download to ptt/Gossiping/20986_17.txt, time: 3.030000
/bbs/Gossiping/M.1495600656.A.759.html download to ptt/Gossiping/20986_18.txt, time: 2.700000
/bbs/Gossiping/M.1495600672.A.1C5.html download to ptt/Gossiping/20986_19.txt, time: 6.240000
time: 536.5805373191833 seconds
