page 21000
/bbs/Gossiping/M.1495607269.A.480.html download to ptt/Gossiping/21000_0.txt, time: 5.110000
/bbs/Gossiping/M.1495607291.A.178.html download to ptt/Gossiping/21000_1.txt, time: 6.180000
/bbs/Gossiping/M.1495607309.A.492.html download to ptt/Gossiping/21000_2.txt, time: 4.750000
/bbs/Gossiping/M.1495607344.A.A0E.html download to ptt/Gossiping/21000_3.txt, time: 7.960000
/bbs/Gossiping/M.1495607419.A.D6D.html download to ptt/Gossiping/21000_4.txt, time: 6.190000
/bbs/Gossiping/M.1495607501.A.5D3.html download to ptt/Gossiping/21000_5.txt, time: 3.990000
/bbs/Gossiping/M.1495607514.A.281.html download to ptt/Gossiping/21000_6.txt, time: 6.650000
/bbs/Gossiping/M.1495607514.A.F54.html download to ptt/Gossiping/21000_7.txt, time: 4.560000
/bbs/Gossiping/M.1495607597.A.9FB.html download to ptt/Gossiping/21000_8.txt, time: 4.700000
/bbs/Gossiping/M.1495607614.A.127.html download to ptt/Gossiping/21000_9.txt, time: 6.470000
/bbs/Gossiping/M.1495607663.A.43D.html download to ptt/Gossiping/21000_10.txt, time: 7.490000
/bbs/Gossiping/M.1495607697.A.0AB.html download to ptt/Gossiping/21000_11.txt, time: 4.140000
/bbs/Gossiping/M.1495607702.A.D02.html download to ptt/Gossiping/21000_12.txt, time: 6.030000
/bbs/Gossiping/M.1495607709.A.769.html download to ptt/Gossiping/21000_13.txt, time: 5.710000
/bbs/Gossiping/M.1495607726.A.4A0.html download to ptt/Gossiping/21000_14.txt, time: 3.710000
/bbs/Gossiping/M.1495607774.A.7DF.html download to ptt/Gossiping/21000_15.txt, time: 3.380000
/bbs/Gossiping/M.1495607792.A.B78.html download to ptt/Gossiping/21000_16.txt, time: 3.470000
/bbs/Gossiping/M.1495607848.A.687.html download to ptt/Gossiping/21000_17.txt, time: 4.030000
/bbs/Gossiping/M.1495607904.A.71C.html download to ptt/Gossiping/21000_18.txt, time: 5.170000
/bbs/Gossiping/M.1495608024.A.7C3.html download to ptt/Gossiping/21000_19.txt, time: 5.190000
page 20999
/bbs/Gossiping/M.1495606545.A.278.html download to ptt/Gossiping/20999_0.txt, time: 5.830000
/bbs/Gossiping/M.1495606552.A.FC7.html download to ptt/Gossiping/20999_1.txt, time: 4.360000
/bbs/Gossiping/M.1495606598.A.38F.html download to ptt/Gossiping/20999_2.txt, time: 7.600000
/bbs/Gossiping/M.1495606660.A.ABD.html download to ptt/Gossiping/20999_3.txt, time: 4.260000
/bbs/Gossiping/M.1495606671.A.2BC.html download to ptt/Gossiping/20999_4.txt, time: 5.490000
/bbs/Gossiping/M.1495606702.A.5B4.html download to ptt/Gossiping/20999_5.txt, time: 5.380000
/bbs/Gossiping/M.1495606735.A.B4F.html download to ptt/Gossiping/20999_6.txt, time: 4.800000
/bbs/Gossiping/M.1495606756.A.A45.html download to ptt/Gossiping/20999_7.txt, time: 4.830000
/bbs/Gossiping/M.1495606798.A.DA5.html download to ptt/Gossiping/20999_8.txt, time: 4.060000
/bbs/Gossiping/M.1495606811.A.A86.html download to ptt/Gossiping/20999_9.txt, time: 4.480000
/bbs/Gossiping/M.1495606998.A.F35.html download to ptt/Gossiping/20999_10.txt, time: 3.980000
/bbs/Gossiping/M.1495607028.A.EC1.html download to ptt/Gossiping/20999_11.txt, time: 3.180000
/bbs/Gossiping/M.1495607041.A.F7C.html download to ptt/Gossiping/20999_12.txt, time: 5.990000
/bbs/Gossiping/M.1495607050.A.22A.html download to ptt/Gossiping/20999_13.txt, time: 4.810000
/bbs/Gossiping/M.1495607053.A.E89.html download to ptt/Gossiping/20999_14.txt, time: 5.410000
/bbs/Gossiping/M.1495607075.A.F5E.html download to ptt/Gossiping/20999_15.txt, time: 4.760000
/bbs/Gossiping/M.1495607104.A.97C.html download to ptt/Gossiping/20999_16.txt, time: 4.810000
/bbs/Gossiping/M.1495607120.A.184.html download to ptt/Gossiping/20999_17.txt, time: 4.240000
/bbs/Gossiping/M.1495607171.A.117.html download to ptt/Gossiping/20999_18.txt, time: 6.130000
/bbs/Gossiping/M.1495607211.A.231.html download to ptt/Gossiping/20999_19.txt, time: 4.790000
page 20998
/bbs/Gossiping/M.1495605988.A.BDA.html download to ptt/Gossiping/20998_0.txt, time: 9.300000
/bbs/Gossiping/M.1495605997.A.15B.html download to ptt/Gossiping/20998_1.txt, time: 5.490000
/bbs/Gossiping/M.1495606045.A.0DD.html download to ptt/Gossiping/20998_2.txt, time: 3.970000
/bbs/Gossiping/M.1495606065.A.211.html download to ptt/Gossiping/20998_3.txt, time: 6.180000
/bbs/Gossiping/M.1495606154.A.7B5.html download to ptt/Gossiping/20998_4.txt, time: 4.970000
/bbs/Gossiping/M.1495606188.A.3E3.html download to ptt/Gossiping/20998_5.txt, time: 4.030000
/bbs/Gossiping/M.1495606253.A.FA0.html download to ptt/Gossiping/20998_6.txt, time: 5.510000
/bbs/Gossiping/M.1495606262.A.98B.html download to ptt/Gossiping/20998_7.txt, time: 7.630000
/bbs/Gossiping/M.1495606288.A.702.html download to ptt/Gossiping/20998_8.txt, time: 7.260000
/bbs/Gossiping/M.1495606313.A.A22.html download to ptt/Gossiping/20998_9.txt, time: 6.240000
/bbs/Gossiping/M.1495606344.A.980.html download to ptt/Gossiping/20998_10.txt, time: 4.610000
/bbs/Gossiping/M.1495606365.A.7FF.html download to ptt/Gossiping/20998_11.txt, time: 4.630000
/bbs/Gossiping/M.1495606380.A.995.html download to ptt/Gossiping/20998_12.txt, time: 4.080000
/bbs/Gossiping/M.1495606388.A.F5B.html download to ptt/Gossiping/20998_13.txt, time: 12.190000
/bbs/Gossiping/M.1495606395.A.195.html download to ptt/Gossiping/20998_14.txt, time: 3.400000
/bbs/Gossiping/M.1495606425.A.96E.html download to ptt/Gossiping/20998_15.txt, time: 5.600000
/bbs/Gossiping/M.1495606456.A.722.html download to ptt/Gossiping/20998_16.txt, time: 5.130000
/bbs/Gossiping/M.1495606456.A.961.html download to ptt/Gossiping/20998_17.txt, time: 6.050000
/bbs/Gossiping/M.1495606518.A.89D.html download to ptt/Gossiping/20998_18.txt, time: 3.120000
/bbs/Gossiping/M.1495606526.A.0A9.html download to ptt/Gossiping/20998_19.txt, time: 3.390000
page 20997
/bbs/Gossiping/M.1495605462.A.680.html download to ptt/Gossiping/20997_0.txt, time: 5.190000
/bbs/Gossiping/M.1495605469.A.B21.html download to ptt/Gossiping/20997_1.txt, time: 4.580000
/bbs/Gossiping/M.1495605471.A.F6E.html download to ptt/Gossiping/20997_2.txt, time: 4.060000
/bbs/Gossiping/M.1495605500.A.D48.html download to ptt/Gossiping/20997_3.txt, time: 5.400000
/bbs/Gossiping/M.1495605509.A.62F.html download to ptt/Gossiping/20997_4.txt, time: 3.850000
/bbs/Gossiping/M.1495605546.A.EBC.html download to ptt/Gossiping/20997_5.txt, time: 4.830000
/bbs/Gossiping/M.1495605567.A.2EA.html download to ptt/Gossiping/20997_6.txt, time: 4.760000
/bbs/Gossiping/M.1495605614.A.9B6.html download to ptt/Gossiping/20997_7.txt, time: 4.760000
/bbs/Gossiping/M.1495605628.A.28F.html download to ptt/Gossiping/20997_8.txt, time: 4.600000
/bbs/Gossiping/M.1495605650.A.AAA.html download to ptt/Gossiping/20997_9.txt, time: 4.900000
/bbs/Gossiping/M.1495605659.A.97F.html download to ptt/Gossiping/20997_10.txt, time: 3.700000
/bbs/Gossiping/M.1495605680.A.823.html download to ptt/Gossiping/20997_11.txt, time: 3.390000
/bbs/Gossiping/M.1495605698.A.515.html download to ptt/Gossiping/20997_12.txt, time: 4.520000
/bbs/Gossiping/M.1495605708.A.F08.html download to ptt/Gossiping/20997_13.txt, time: 2.810000
/bbs/Gossiping/M.1495605712.A.7FA.html download to ptt/Gossiping/20997_14.txt, time: 4.980000
/bbs/Gossiping/M.1495605721.A.279.html download to ptt/Gossiping/20997_15.txt, time: 4.410000
/bbs/Gossiping/M.1495605780.A.23D.html download to ptt/Gossiping/20997_16.txt, time: 8.260000
/bbs/Gossiping/M.1495605921.A.887.html download to ptt/Gossiping/20997_17.txt, time: 4.430000
/bbs/Gossiping/M.1495605962.A.DEF.html download to ptt/Gossiping/20997_18.txt, time: 3.400000
/bbs/Gossiping/M.1495605976.A.BDE.html download to ptt/Gossiping/20997_19.txt, time: 2.970000
page 20996
/bbs/Gossiping/M.1495604910.A.DB4.html download to ptt/Gossiping/20996_0.txt, time: 5.000000
/bbs/Gossiping/M.1495604915.A.4DE.html download to ptt/Gossiping/20996_1.txt, time: 3.570000
/bbs/Gossiping/M.1495604929.A.932.html download to ptt/Gossiping/20996_2.txt, time: 4.500000
/bbs/Gossiping/M.1495604956.A.505.html download to ptt/Gossiping/20996_3.txt, time: 3.780000
/bbs/Gossiping/M.1495604973.A.478.html download to ptt/Gossiping/20996_4.txt, time: 4.010000
/bbs/Gossiping/M.1495604988.A.EFC.html download to ptt/Gossiping/20996_5.txt, time: 4.500000
/bbs/Gossiping/M.1495604989.A.2A5.html download to ptt/Gossiping/20996_6.txt, time: 3.600000
/bbs/Gossiping/M.1495605016.A.AFA.html download to ptt/Gossiping/20996_7.txt, time: 2.710000
/bbs/Gossiping/M.1495605076.A.D49.html download to ptt/Gossiping/20996_8.txt, time: 5.250000
/bbs/Gossiping/M.1495605163.A.183.html download to ptt/Gossiping/20996_9.txt, time: 3.430000
/bbs/Gossiping/M.1495605208.A.DA5.html download to ptt/Gossiping/20996_10.txt, time: 5.360000
/bbs/Gossiping/M.1495605225.A.5D7.html download to ptt/Gossiping/20996_11.txt, time: 4.850000
/bbs/Gossiping/M.1495605255.A.AEB.html download to ptt/Gossiping/20996_12.txt, time: 4.060000
/bbs/Gossiping/M.1495605271.A.2FE.html download to ptt/Gossiping/20996_13.txt, time: 3.200000
/bbs/Gossiping/M.1495605288.A.9D2.html download to ptt/Gossiping/20996_14.txt, time: 3.260000
/bbs/Gossiping/M.1495605306.A.7A8.html download to ptt/Gossiping/20996_15.txt, time: 2.840000
/bbs/Gossiping/M.1495605315.A.491.html download to ptt/Gossiping/20996_16.txt, time: 4.700000
/bbs/Gossiping/M.1495605344.A.B3C.html download to ptt/Gossiping/20996_17.txt, time: 4.450000
/bbs/Gossiping/M.1495605369.A.CC5.html download to ptt/Gossiping/20996_18.txt, time: 5.680000
/bbs/Gossiping/M.1495605435.A.798.html download to ptt/Gossiping/20996_19.txt, time: 2.740000
time: 544.381997346878 seconds
