page 21010
/bbs/Gossiping/M.1495613449.A.134.html download to ptt/Gossiping/21010_0.txt, time: 3.100000
/bbs/Gossiping/M.1495613451.A.848.html download to ptt/Gossiping/21010_1.txt, time: 3.780000
/bbs/Gossiping/M.1495613477.A.179.html download to ptt/Gossiping/21010_2.txt, time: 4.140000
/bbs/Gossiping/M.1495613539.A.F65.html download to ptt/Gossiping/21010_3.txt, time: 2.750000
/bbs/Gossiping/M.1495613543.A.0CB.html download to ptt/Gossiping/21010_4.txt, time: 5.900000
/bbs/Gossiping/M.1495613555.A.E03.html download to ptt/Gossiping/21010_5.txt, time: 9.890000
/bbs/Gossiping/M.1495613560.A.2E8.html download to ptt/Gossiping/21010_6.txt, time: 4.250000
/bbs/Gossiping/M.1495613571.A.016.html download to ptt/Gossiping/21010_7.txt, time: 5.680000
/bbs/Gossiping/M.1495613585.A.945.html download to ptt/Gossiping/21010_8.txt, time: 3.710000
/bbs/Gossiping/M.1495613590.A.22D.html download to ptt/Gossiping/21010_9.txt, time: 3.710000
/bbs/Gossiping/M.1495613626.A.F03.html download to ptt/Gossiping/21010_10.txt, time: 3.970000
/bbs/Gossiping/M.1495613637.A.666.html download to ptt/Gossiping/21010_11.txt, time: 7.190000
/bbs/Gossiping/M.1495613668.A.00D.html download to ptt/Gossiping/21010_12.txt, time: 4.770000
/bbs/Gossiping/M.1495613669.A.C5D.html download to ptt/Gossiping/21010_13.txt, time: 4.530000
/bbs/Gossiping/M.1495613722.A.693.html download to ptt/Gossiping/21010_14.txt, time: 6.250000
/bbs/Gossiping/M.1495613725.A.8FC.html download to ptt/Gossiping/21010_15.txt, time: 3.910000
/bbs/Gossiping/M.1495613739.A.2FA.html download to ptt/Gossiping/21010_16.txt, time: 6.750000
/bbs/Gossiping/M.1495613766.A.789.html download to ptt/Gossiping/21010_17.txt, time: 5.290000
/bbs/Gossiping/M.1495613781.A.5EA.html download to ptt/Gossiping/21010_18.txt, time: 4.200000
/bbs/Gossiping/M.1495613797.A.A34.html download to ptt/Gossiping/21010_19.txt, time: 4.290000
page 21009
/bbs/Gossiping/M.1495612951.A.EAF.html download to ptt/Gossiping/21009_0.txt, time: 6.110000
/bbs/Gossiping/M.1495612962.A.126.html download to ptt/Gossiping/21009_1.txt, time: 4.490000
/bbs/Gossiping/M.1495613001.A.664.html download to ptt/Gossiping/21009_2.txt, time: 4.610000
/bbs/Gossiping/M.1495613061.A.423.html download to ptt/Gossiping/21009_3.txt, time: 4.870000
/bbs/Gossiping/M.1495613083.A.92E.html download to ptt/Gossiping/21009_4.txt, time: 5.390000
/bbs/Gossiping/M.1495613097.A.400.html download to ptt/Gossiping/21009_5.txt, time: 5.460000
/bbs/Gossiping/M.1495613136.A.499.html download to ptt/Gossiping/21009_6.txt, time: 5.730000
/bbs/Gossiping/M.1495613147.A.518.html download to ptt/Gossiping/21009_7.txt, time: 5.530000
/bbs/Gossiping/M.1495613175.A.74B.html download to ptt/Gossiping/21009_8.txt, time: 4.030000
/bbs/Gossiping/M.1495613197.A.B3B.html download to ptt/Gossiping/21009_9.txt, time: 3.330000
/bbs/Gossiping/M.1495613224.A.C9F.html download to ptt/Gossiping/21009_10.txt, time: 3.540000
/bbs/Gossiping/M.1495613269.A.01A.html download to ptt/Gossiping/21009_11.txt, time: 2.860000
/bbs/Gossiping/M.1495613283.A.D0D.html download to ptt/Gossiping/21009_12.txt, time: 5.220000
/bbs/Gossiping/M.1495613328.A.CB6.html download to ptt/Gossiping/21009_13.txt, time: 5.370000
/bbs/Gossiping/M.1495613340.A.235.html download to ptt/Gossiping/21009_14.txt, time: 5.980000
/bbs/Gossiping/M.1495613367.A.71A.html download to ptt/Gossiping/21009_15.txt, time: 4.730000
/bbs/Gossiping/M.1495613387.A.B95.html download to ptt/Gossiping/21009_16.txt, time: 3.530000
/bbs/Gossiping/M.1495613408.A.489.html download to ptt/Gossiping/21009_17.txt, time: 4.630000
/bbs/Gossiping/M.1495613427.A.CEE.html download to ptt/Gossiping/21009_18.txt, time: 4.170000
/bbs/Gossiping/M.1495613447.A.191.html download to ptt/Gossiping/21009_19.txt, time: 5.170000
page 21008
/bbs/Gossiping/M.1495612322.A.B3C.html download to ptt/Gossiping/21008_0.txt, time: 4.780000
/bbs/Gossiping/M.1495612404.A.ADE.html download to ptt/Gossiping/21008_1.txt, time: 4.220000
/bbs/Gossiping/M.1495612421.A.7EB.html download to ptt/Gossiping/21008_2.txt, time: 6.700000
/bbs/Gossiping/M.1495612447.A.201.html download to ptt/Gossiping/21008_3.txt, time: 4.830000
/bbs/Gossiping/M.1495612493.A.6B1.html download to ptt/Gossiping/21008_4.txt, time: 3.560000
/bbs/Gossiping/M.1495612498.A.38D.html download to ptt/Gossiping/21008_5.txt, time: 12.800000
/bbs/Gossiping/M.1495612538.A.32A.html download to ptt/Gossiping/21008_6.txt, time: 5.360000
/bbs/Gossiping/M.1495612563.A.D6F.html download to ptt/Gossiping/21008_7.txt, time: 4.300000
/bbs/Gossiping/M.1495612628.A.BE9.html download to ptt/Gossiping/21008_8.txt, time: 6.160000
/bbs/Gossiping/M.1495612645.A.F5C.html download to ptt/Gossiping/21008_9.txt, time: 4.580000
/bbs/Gossiping/M.1495612668.A.052.html download to ptt/Gossiping/21008_10.txt, time: 3.950000
/bbs/Gossiping/M.1495612699.A.07E.html download to ptt/Gossiping/21008_11.txt, time: 3.810000
/bbs/Gossiping/M.1495612712.A.1CB.html download to ptt/Gossiping/21008_12.txt, time: 6.440000
/bbs/Gossiping/M.1495612751.A.E89.html download to ptt/Gossiping/21008_13.txt, time: 7.020000
/bbs/Gossiping/M.1495612799.A.68B.html download to ptt/Gossiping/21008_14.txt, time: 4.100000
empty download to ptt/Gossiping/21008_15.txt, time: 0.000000
/bbs/Gossiping/M.1495612862.A.8BE.html download to ptt/Gossiping/21008_16.txt, time: 7.690000
/bbs/Gossiping/M.1495612865.A.F3C.html download to ptt/Gossiping/21008_17.txt, time: 4.160000
/bbs/Gossiping/M.1495612867.A.A5C.html download to ptt/Gossiping/21008_18.txt, time: 6.180000
/bbs/Gossiping/M.1495612894.A.C3E.html download to ptt/Gossiping/21008_19.txt, time: 4.310000
page 21007
/bbs/Gossiping/M.1495611892.A.2C0.html download to ptt/Gossiping/21007_0.txt, time: 3.620000
/bbs/Gossiping/M.1495611895.A.810.html download to ptt/Gossiping/21007_1.txt, time: 3.500000
/bbs/Gossiping/M.1495611897.A.1AD.html download to ptt/Gossiping/21007_2.txt, time: 3.250000
/bbs/Gossiping/M.1495611916.A.F33.html download to ptt/Gossiping/21007_3.txt, time: 5.490000
/bbs/Gossiping/M.1495611921.A.3B4.html download to ptt/Gossiping/21007_4.txt, time: 5.310000
/bbs/Gossiping/M.1495611929.A.543.html download to ptt/Gossiping/21007_5.txt, time: 4.110000
/bbs/Gossiping/M.1495612025.A.5DF.html download to ptt/Gossiping/21007_6.txt, time: 3.860000
/bbs/Gossiping/M.1495612048.A.746.html download to ptt/Gossiping/21007_7.txt, time: 4.860000
/bbs/Gossiping/M.1495612055.A.575.html download to ptt/Gossiping/21007_8.txt, time: 4.110000
/bbs/Gossiping/M.1495612073.A.3BF.html download to ptt/Gossiping/21007_9.txt, time: 3.230000
/bbs/Gossiping/M.1495612088.A.F36.html download to ptt/Gossiping/21007_10.txt, time: 3.830000
/bbs/Gossiping/M.1495612166.A.523.html download to ptt/Gossiping/21007_11.txt, time: 4.210000
/bbs/Gossiping/M.1495612171.A.BF2.html download to ptt/Gossiping/21007_12.txt, time: 2.500000
/bbs/Gossiping/M.1495612232.A.358.html download to ptt/Gossiping/21007_13.txt, time: 2.950000
/bbs/Gossiping/M.1495612253.A.6AE.html download to ptt/Gossiping/21007_14.txt, time: 3.830000
/bbs/Gossiping/M.1495612270.A.D8D.html download to ptt/Gossiping/21007_15.txt, time: 4.020000
/bbs/Gossiping/M.1495612293.A.05F.html download to ptt/Gossiping/21007_16.txt, time: 4.250000
/bbs/Gossiping/M.1495612300.A.63E.html download to ptt/Gossiping/21007_17.txt, time: 3.500000
/bbs/Gossiping/M.1495612309.A.232.html download to ptt/Gossiping/21007_18.txt, time: 3.410000
/bbs/Gossiping/M.1495612317.A.8C9.html download to ptt/Gossiping/21007_19.txt, time: 6.440000
page 21006
/bbs/Gossiping/M.1495611366.A.E1A.html download to ptt/Gossiping/21006_0.txt, time: 3.040000
/bbs/Gossiping/M.1495611375.A.5F8.html download to ptt/Gossiping/21006_1.txt, time: 3.430000
/bbs/Gossiping/M.1495611380.A.80D.html download to ptt/Gossiping/21006_2.txt, time: 4.810000
/bbs/Gossiping/M.1495611415.A.E4B.html download to ptt/Gossiping/21006_3.txt, time: 3.080000
/bbs/Gossiping/M.1495611428.A.B34.html download to ptt/Gossiping/21006_4.txt, time: 3.160000
/bbs/Gossiping/M.1495611480.A.9F3.html download to ptt/Gossiping/21006_5.txt, time: 3.670000
/bbs/Gossiping/M.1495611522.A.09B.html download to ptt/Gossiping/21006_6.txt, time: 4.140000
/bbs/Gossiping/M.1495611540.A.2BB.html download to ptt/Gossiping/21006_7.txt, time: 4.900000
/bbs/Gossiping/M.1495611557.A.0FA.html download to ptt/Gossiping/21006_8.txt, time: 4.440000
/bbs/Gossiping/M.1495611591.A.B25.html download to ptt/Gossiping/21006_9.txt, time: 3.190000
/bbs/Gossiping/M.1495611597.A.7DE.html download to ptt/Gossiping/21006_10.txt, time: 3.800000
/bbs/Gossiping/M.1495611654.A.24C.html download to ptt/Gossiping/21006_11.txt, time: 3.200000
/bbs/Gossiping/M.1495611683.A.757.html download to ptt/Gossiping/21006_12.txt, time: 4.370000
/bbs/Gossiping/M.1495611757.A.FE4.html download to ptt/Gossiping/21006_13.txt, time: 2.860000
/bbs/Gossiping/M.1495611759.A.0EB.html download to ptt/Gossiping/21006_14.txt, time: 3.920000
/bbs/Gossiping/M.1495611770.A.F7F.html download to ptt/Gossiping/21006_15.txt, time: 4.380000
/bbs/Gossiping/M.1495611785.A.4A0.html download to ptt/Gossiping/21006_16.txt, time: 4.060000
/bbs/Gossiping/M.1495611797.A.BCE.html download to ptt/Gossiping/21006_17.txt, time: 3.260000
/bbs/Gossiping/M.1495611836.A.E92.html download to ptt/Gossiping/21006_18.txt, time: 4.610000
/bbs/Gossiping/M.1495611854.A.90B.html download to ptt/Gossiping/21006_19.txt, time: 3.110000
time: 525.6501672267914 seconds
