page 21020
/bbs/Gossiping/M.1495616691.A.C47.html download to ptt/Gossiping/21020_0.txt, time: 7.730000
/bbs/Gossiping/M.1495616698.A.B43.html download to ptt/Gossiping/21020_1.txt, time: 7.120000
/bbs/Gossiping/M.1495616715.A.9CD.html download to ptt/Gossiping/21020_2.txt, time: 4.570000
/bbs/Gossiping/M.1495616725.A.506.html download to ptt/Gossiping/21020_3.txt, time: 3.680000
/bbs/Gossiping/M.1495616727.A.C4A.html download to ptt/Gossiping/21020_4.txt, time: 7.860000
/bbs/Gossiping/M.1495616731.A.09F.html download to ptt/Gossiping/21020_5.txt, time: 4.840000
/bbs/Gossiping/M.1495616732.A.8E5.html download to ptt/Gossiping/21020_6.txt, time: 4.150000
/bbs/Gossiping/M.1495616732.A.914.html download to ptt/Gossiping/21020_7.txt, time: 5.320000
/bbs/Gossiping/M.1495616747.A.AC2.html download to ptt/Gossiping/21020_8.txt, time: 4.890000
/bbs/Gossiping/M.1495616781.A.39E.html download to ptt/Gossiping/21020_9.txt, time: 4.190000
/bbs/Gossiping/M.1495616782.A.544.html download to ptt/Gossiping/21020_10.txt, time: 5.690000
/bbs/Gossiping/M.1495616782.A.148.html download to ptt/Gossiping/21020_11.txt, time: 5.950000
/bbs/Gossiping/M.1495616785.A.8BD.html download to ptt/Gossiping/21020_12.txt, time: 4.110000
/bbs/Gossiping/M.1495616825.A.816.html download to ptt/Gossiping/21020_13.txt, time: 5.970000
/bbs/Gossiping/M.1495616830.A.B4E.html download to ptt/Gossiping/21020_14.txt, time: 5.160000
/bbs/Gossiping/M.1495616830.A.DB0.html download to ptt/Gossiping/21020_15.txt, time: 3.950000
/bbs/Gossiping/M.1495616922.A.52F.html download to ptt/Gossiping/21020_16.txt, time: 4.020000
/bbs/Gossiping/M.1495616940.A.C8C.html download to ptt/Gossiping/21020_17.txt, time: 3.800000
/bbs/Gossiping/M.1495616992.A.18F.html download to ptt/Gossiping/21020_18.txt, time: 3.900000
/bbs/Gossiping/M.1495617032.A.D96.html download to ptt/Gossiping/21020_19.txt, time: 3.900000
page 21019
/bbs/Gossiping/M.1495616389.A.A28.html download to ptt/Gossiping/21019_0.txt, time: 4.540000
/bbs/Gossiping/M.1495616395.A.82C.html download to ptt/Gossiping/21019_1.txt, time: 5.990000
/bbs/Gossiping/M.1495616403.A.4E7.html download to ptt/Gossiping/21019_2.txt, time: 6.450000
/bbs/Gossiping/M.1495616423.A.2D0.html download to ptt/Gossiping/21019_3.txt, time: 6.170000
/bbs/Gossiping/M.1495616441.A.6B1.html download to ptt/Gossiping/21019_4.txt, time: 5.760000
/bbs/Gossiping/M.1495616452.A.3B4.html download to ptt/Gossiping/21019_5.txt, time: 5.480000
/bbs/Gossiping/M.1495616466.A.378.html download to ptt/Gossiping/21019_6.txt, time: 5.700000
/bbs/Gossiping/M.1495616467.A.FCD.html download to ptt/Gossiping/21019_7.txt, time: 4.220000
/bbs/Gossiping/M.1495616470.A.AC1.html download to ptt/Gossiping/21019_8.txt, time: 4.250000
/bbs/Gossiping/M.1495616496.A.22E.html download to ptt/Gossiping/21019_9.txt, time: 4.740000
/bbs/Gossiping/M.1495616537.A.8D1.html download to ptt/Gossiping/21019_10.txt, time: 4.810000
/bbs/Gossiping/M.1495616545.A.6B4.html download to ptt/Gossiping/21019_11.txt, time: 3.730000
/bbs/Gossiping/M.1495616555.A.1D3.html download to ptt/Gossiping/21019_12.txt, time: 5.360000
/bbs/Gossiping/M.1495616567.A.411.html download to ptt/Gossiping/21019_13.txt, time: 7.310000
/bbs/Gossiping/M.1495616569.A.0CD.html download to ptt/Gossiping/21019_14.txt, time: 3.860000
/bbs/Gossiping/M.1495616574.A.B6B.html download to ptt/Gossiping/21019_15.txt, time: 5.720000
/bbs/Gossiping/M.1495616582.A.DD0.html download to ptt/Gossiping/21019_16.txt, time: 4.980000
/bbs/Gossiping/M.1495616593.A.E61.html download to ptt/Gossiping/21019_17.txt, time: 4.440000
/bbs/Gossiping/M.1495616655.A.C90.html download to ptt/Gossiping/21019_18.txt, time: 4.350000
/bbs/Gossiping/M.1495616670.A.37E.html download to ptt/Gossiping/21019_19.txt, time: 4.840000
page 21018
/bbs/Gossiping/M.1495616191.A.33C.html download to ptt/Gossiping/21018_0.txt, time: 4.850000
/bbs/Gossiping/M.1495616195.A.A11.html download to ptt/Gossiping/21018_1.txt, time: 4.900000
empty download to ptt/Gossiping/21018_2.txt, time: 0.000000
/bbs/Gossiping/M.1495616209.A.1A4.html download to ptt/Gossiping/21018_3.txt, time: 4.390000
/bbs/Gossiping/M.1495616242.A.488.html download to ptt/Gossiping/21018_4.txt, time: 5.550000
/bbs/Gossiping/M.1495616244.A.465.html download to ptt/Gossiping/21018_5.txt, time: 5.810000
/bbs/Gossiping/M.1495616249.A.C8C.html download to ptt/Gossiping/21018_6.txt, time: 4.520000
/bbs/Gossiping/M.1495616260.A.12B.html download to ptt/Gossiping/21018_7.txt, time: 12.390000
/bbs/Gossiping/M.1495616265.A.0C7.html download to ptt/Gossiping/21018_8.txt, time: 7.450000
/bbs/Gossiping/M.1495616268.A.4BB.html download to ptt/Gossiping/21018_9.txt, time: 10.570000
/bbs/Gossiping/M.1495616277.A.399.html download to ptt/Gossiping/21018_10.txt, time: 4.420000
/bbs/Gossiping/M.1495616283.A.C2B.html download to ptt/Gossiping/21018_11.txt, time: 6.200000
/bbs/Gossiping/M.1495616298.A.907.html download to ptt/Gossiping/21018_12.txt, time: 3.870000
/bbs/Gossiping/M.1495616299.A.B54.htmlTraceback (most recent call last):
  File "/home/studentyl/anaconda3/lib/python3.6/site-packages/requests/packages/urllib3/connectionpool.py", line 600, in urlopen
    chunked=chunked)
  File "/home/studentyl/anaconda3/lib/python3.6/site-packages/requests/packages/urllib3/connectionpool.py", line 386, in _make_request
    six.raise_from(e, None)
  File "<string>", line 2, in raise_from
  File "/home/studentyl/anaconda3/lib/python3.6/site-packages/requests/packages/urllib3/connectionpool.py", line 382, in _make_request
    httplib_response = conn.getresponse()
  File "/home/studentyl/anaconda3/lib/python3.6/http/client.py", line 1331, in getresponse
    response.begin()
  File "/home/studentyl/anaconda3/lib/python3.6/http/client.py", line 297, in begin
    version, status, reason = self._read_status()
  File "/home/studentyl/anaconda3/lib/python3.6/http/client.py", line 266, in _read_status
    raise RemoteDisconnected("Remote end closed connection without"
http.client.RemoteDisconnected: Remote end closed connection without response

During handling of the above exception, another exception occurred:

Traceback (most recent call last):
  File "/home/studentyl/anaconda3/lib/python3.6/site-packages/requests/adapters.py", line 438, in send
    timeout=timeout
  File "/home/studentyl/anaconda3/lib/python3.6/site-packages/requests/packages/urllib3/connectionpool.py", line 649, in urlopen
    _stacktrace=sys.exc_info()[2])
  File "/home/studentyl/anaconda3/lib/python3.6/site-packages/requests/packages/urllib3/util/retry.py", line 357, in increment
    raise six.reraise(type(error), error, _stacktrace)
  File "/home/studentyl/anaconda3/lib/python3.6/site-packages/requests/packages/urllib3/packages/six.py", line 685, in reraise
    raise value.with_traceback(tb)
  File "/home/studentyl/anaconda3/lib/python3.6/site-packages/requests/packages/urllib3/connectionpool.py", line 600, in urlopen
    chunked=chunked)
  File "/home/studentyl/anaconda3/lib/python3.6/site-packages/requests/packages/urllib3/connectionpool.py", line 386, in _make_request
    six.raise_from(e, None)
  File "<string>", line 2, in raise_from
  File "/home/studentyl/anaconda3/lib/python3.6/site-packages/requests/packages/urllib3/connectionpool.py", line 382, in _make_request
    httplib_response = conn.getresponse()
  File "/home/studentyl/anaconda3/lib/python3.6/http/client.py", line 1331, in getresponse
    response.begin()
  File "/home/studentyl/anaconda3/lib/python3.6/http/client.py", line 297, in begin
    version, status, reason = self._read_status()
  File "/home/studentyl/anaconda3/lib/python3.6/http/client.py", line 266, in _read_status
    raise RemoteDisconnected("Remote end closed connection without"
requests.packages.urllib3.exceptions.ProtocolError: ('Connection aborted.', RemoteDisconnected('Remote end closed connection without response',))

During handling of the above exception, another exception occurred:

Traceback (most recent call last):
  File "./crawler.py", line 177, in <module>
    main(sys.argv[1:])
  File "./crawler.py", line 158, in main
    downloadForum(forumName, startPage, pages)
  File "./crawler.py", line 140, in downloadForum
    downloadPage(str(articleCount), forumName, pageNum, 'https://www.ptt.cc'+link)
  File "./crawler.py", line 82, in downloadPage
    pageText = getPageText(link)
  File "./crawler.py", line 13, in getPageText
    pageText=requests.get(link, cookies={'over18':'1'}).text
  File "/home/studentyl/anaconda3/lib/python3.6/site-packages/requests/api.py", line 72, in get
    return request('get', url, params=params, **kwargs)
  File "/home/studentyl/anaconda3/lib/python3.6/site-packages/requests/api.py", line 58, in request
    return session.request(method=method, url=url, **kwargs)
  File "/home/studentyl/anaconda3/lib/python3.6/site-packages/requests/sessions.py", line 518, in request
    resp = self.send(prep, **send_kwargs)
  File "/home/studentyl/anaconda3/lib/python3.6/site-packages/requests/sessions.py", line 639, in send
    r = adapter.send(request, **kwargs)
  File "/home/studentyl/anaconda3/lib/python3.6/site-packages/requests/adapters.py", line 488, in send
    raise ConnectionError(err, request=request)
requests.exceptions.ConnectionError: ('Connection aborted.', RemoteDisconnected('Remote end closed connection without response',))
