page 21030
/bbs/Gossiping/M.1495620094.A.1C1.html download to ptt/Gossiping/21030_0.txt, time: 7.250000
/bbs/Gossiping/M.1495620097.A.CF1.html download to ptt/Gossiping/21030_1.txt, time: 4.200000
/bbs/Gossiping/M.1495620111.A.86E.html download to ptt/Gossiping/21030_2.txt, time: 8.390000
/bbs/Gossiping/M.1495620133.A.807.html download to ptt/Gossiping/21030_3.txt, time: 4.490000
/bbs/Gossiping/M.1495620144.A.42F.html download to ptt/Gossiping/21030_4.txt, time: 4.240000
/bbs/Gossiping/M.1495620171.A.35F.html download to ptt/Gossiping/21030_5.txt, time: 4.560000
/bbs/Gossiping/M.1495620179.A.CD8.html download to ptt/Gossiping/21030_6.txt, time: 4.780000
/bbs/Gossiping/M.1495620195.A.E72.html download to ptt/Gossiping/21030_7.txt, time: 4.410000
/bbs/Gossiping/M.1495620209.A.6B3.html download to ptt/Gossiping/21030_8.txt, time: 4.490000
/bbs/Gossiping/M.1495620229.A.9DB.html download to ptt/Gossiping/21030_9.txt, time: 8.310000
/bbs/Gossiping/M.1495620236.A.B8A.html download to ptt/Gossiping/21030_10.txt, time: 4.910000
/bbs/Gossiping/M.1495620266.A.A91.html download to ptt/Gossiping/21030_11.txt, time: 5.250000
/bbs/Gossiping/M.1495620319.A.2AB.html download to ptt/Gossiping/21030_12.txt, time: 4.770000
/bbs/Gossiping/M.1495620322.A.851.html download to ptt/Gossiping/21030_13.txt, time: 5.160000
/bbs/Gossiping/M.1495620367.A.2AB.html download to ptt/Gossiping/21030_14.txt, time: 8.410000
/bbs/Gossiping/M.1495620367.A.272.html download to ptt/Gossiping/21030_15.txt, time: 4.820000
/bbs/Gossiping/M.1495620391.A.0B7.html download to ptt/Gossiping/21030_16.txt, time: 5.000000
/bbs/Gossiping/M.1495620406.A.3D2.html download to ptt/Gossiping/21030_17.txt, time: 3.650000
/bbs/Gossiping/M.1495620408.A.218.html download to ptt/Gossiping/21030_18.txt, time: 6.860000
/bbs/Gossiping/M.1495620409.A.8FD.html download to ptt/Gossiping/21030_19.txt, time: 4.680000
page 21029
/bbs/Gossiping/M.1495619721.A.0D6.html download to ptt/Gossiping/21029_0.txt, time: 3.820000
/bbs/Gossiping/M.1495619734.A.218.html download to ptt/Gossiping/21029_1.txt, time: 3.550000
/bbs/Gossiping/M.1495619769.A.AB6.html download to ptt/Gossiping/21029_2.txt, time: 4.060000
/bbs/Gossiping/M.1495619794.A.99A.html download to ptt/Gossiping/21029_3.txt, time: 5.070000
/bbs/Gossiping/M.1495619817.A.A80.html download to ptt/Gossiping/21029_4.txt, time: 4.310000
/bbs/Gossiping/M.1495619820.A.92B.html download to ptt/Gossiping/21029_5.txt, time: 3.300000
/bbs/Gossiping/M.1495619839.A.A9E.html download to ptt/Gossiping/21029_6.txt, time: 5.010000
/bbs/Gossiping/M.1495619867.A.42F.html download to ptt/Gossiping/21029_7.txt, time: 6.100000
/bbs/Gossiping/M.1495619885.A.4C5.html download to ptt/Gossiping/21029_8.txt, time: 4.860000
/bbs/Gossiping/M.1495619893.A.8A6.html download to ptt/Gossiping/21029_9.txt, time: 4.560000
/bbs/Gossiping/M.1495619913.A.36E.html download to ptt/Gossiping/21029_10.txt, time: 4.200000
/bbs/Gossiping/M.1495619921.A.4ED.html download to ptt/Gossiping/21029_11.txt, time: 4.940000
/bbs/Gossiping/M.1495619977.A.8F7.html download to ptt/Gossiping/21029_12.txt, time: 5.010000
/bbs/Gossiping/M.1495619992.A.C1A.html download to ptt/Gossiping/21029_13.txt, time: 5.630000
/bbs/Gossiping/M.1495619998.A.5AD.html download to ptt/Gossiping/21029_14.txt, time: 5.620000
/bbs/Gossiping/M.1495620019.A.4FF.html download to ptt/Gossiping/21029_15.txt, time: 3.760000
/bbs/Gossiping/M.1495620019.A.A32.html download to ptt/Gossiping/21029_16.txt, time: 4.720000
/bbs/Gossiping/M.1495620029.A.AD0.html download to ptt/Gossiping/21029_17.txt, time: 6.930000
/bbs/Gossiping/M.1495620031.A.E29.html download to ptt/Gossiping/21029_18.txt, time: 5.570000
/bbs/Gossiping/M.1495620073.A.9CD.html download to ptt/Gossiping/21029_19.txt, time: 5.610000
page 21028
/bbs/Gossiping/M.1495619289.A.66C.html download to ptt/Gossiping/21028_0.txt, time: 6.620000
/bbs/Gossiping/M.1495619323.A.D78.html download to ptt/Gossiping/21028_1.txt, time: 9.900000
/bbs/Gossiping/M.1495619324.A.2E5.html download to ptt/Gossiping/21028_2.txt, time: 5.280000
/bbs/Gossiping/M.1495619352.A.AEC.html download to ptt/Gossiping/21028_3.txt, time: 4.100000
/bbs/Gossiping/M.1495619359.A.207.html download to ptt/Gossiping/21028_4.txt, time: 4.110000
/bbs/Gossiping/M.1495619388.A.303.html download to ptt/Gossiping/21028_5.txt, time: 16.580000
/bbs/Gossiping/M.1495619446.A.682.html download to ptt/Gossiping/21028_6.txt, time: 6.570000
/bbs/Gossiping/M.1495619452.A.2FB.html download to ptt/Gossiping/21028_7.txt, time: 5.830000
/bbs/Gossiping/M.1495619545.A.892.html download to ptt/Gossiping/21028_8.txt, time: 7.080000
/bbs/Gossiping/M.1495619548.A.358.html download to ptt/Gossiping/21028_9.txt, time: 11.450000
/bbs/Gossiping/M.1495619556.A.BE5.html download to ptt/Gossiping/21028_10.txt, time: 5.490000
/bbs/Gossiping/M.1495619590.A.803.html download to ptt/Gossiping/21028_11.txt, time: 11.580000
/bbs/Gossiping/M.1495619599.A.8BA.html download to ptt/Gossiping/21028_12.txt, time: 5.230000
/bbs/Gossiping/M.1495619606.A.BC3.html download to ptt/Gossiping/21028_13.txt, time: 3.640000
/bbs/Gossiping/M.1495619609.A.4DD.html download to ptt/Gossiping/21028_14.txt, time: 4.310000
/bbs/Gossiping/M.1495619638.A.A0E.html download to ptt/Gossiping/21028_15.txt, time: 4.570000
/bbs/Gossiping/M.1495619684.A.863.html download to ptt/Gossiping/21028_16.txt, time: 3.890000
/bbs/Gossiping/M.1495619698.A.C8F.html download to ptt/Gossiping/21028_17.txt, time: 4.810000
/bbs/Gossiping/M.1495619703.A.895.html download to ptt/Gossiping/21028_18.txt, time: 4.080000
/bbs/Gossiping/M.1495619714.A.5A2.html download to ptt/Gossiping/21028_19.txt, time: 3.210000
page 21027
/bbs/Gossiping/M.1495618999.A.185.html download to ptt/Gossiping/21027_0.txt, time: 4.960000
/bbs/Gossiping/M.1495618999.A.4F2.html download to ptt/Gossiping/21027_1.txt, time: 4.690000
/bbs/Gossiping/M.1495619010.A.494.html download to ptt/Gossiping/21027_2.txt, time: 4.800000
/bbs/Gossiping/M.1495619033.A.91D.html download to ptt/Gossiping/21027_3.txt, time: 3.020000
/bbs/Gossiping/M.1495619038.A.617.html download to ptt/Gossiping/21027_4.txt, time: 4.590000
/bbs/Gossiping/M.1495619040.A.E82.html download to ptt/Gossiping/21027_5.txt, time: 4.450000
/bbs/Gossiping/M.1495619066.A.0DA.html download to ptt/Gossiping/21027_6.txt, time: 2.690000
/bbs/Gossiping/M.1495619068.A.AC9.html download to ptt/Gossiping/21027_7.txt, time: 3.750000
/bbs/Gossiping/M.1495619105.A.EE2.html download to ptt/Gossiping/21027_8.txt, time: 3.090000
empty download to ptt/Gossiping/21027_9.txt, time: 0.000000
/bbs/Gossiping/M.1495619124.A.E14.html download to ptt/Gossiping/21027_10.txt, time: 2.940000
/bbs/Gossiping/M.1495619125.A.7C1.html download to ptt/Gossiping/21027_11.txt, time: 3.460000
/bbs/Gossiping/M.1495619143.A.6F9.html download to ptt/Gossiping/21027_12.txt, time: 4.020000
/bbs/Gossiping/M.1495619145.A.60A.html download to ptt/Gossiping/21027_13.txt, time: 5.840000
/bbs/Gossiping/M.1495619150.A.8F4.html download to ptt/Gossiping/21027_14.txt, time: 6.280000
/bbs/Gossiping/M.1495619186.A.D1F.html download to ptt/Gossiping/21027_15.txt, time: 4.950000
/bbs/Gossiping/M.1495619191.A.3AE.html download to ptt/Gossiping/21027_16.txt, time: 4.300000
/bbs/Gossiping/M.1495619228.A.952.html download to ptt/Gossiping/21027_17.txt, time: 3.940000
/bbs/Gossiping/M.1495619249.A.6A5.html download to ptt/Gossiping/21027_18.txt, time: 4.120000
/bbs/Gossiping/M.1495619258.A.B0B.html download to ptt/Gossiping/21027_19.txt, time: 4.310000
page 21026
/bbs/Gossiping/M.1495618655.A.6C1.html download to ptt/Gossiping/21026_0.txt, time: 4.190000
/bbs/Gossiping/M.1495618690.A.57E.html download to ptt/Gossiping/21026_1.txt, time: 2.710000
/bbs/Gossiping/M.1495618722.A.8DD.html download to ptt/Gossiping/21026_2.txt, time: 5.690000
/bbs/Gossiping/M.1495618730.A.F49.html download to ptt/Gossiping/21026_3.txt, time: 4.560000
/bbs/Gossiping/M.1495618755.A.122.html download to ptt/Gossiping/21026_4.txt, time: 5.050000
/bbs/Gossiping/M.1495618792.A.1DB.html download to ptt/Gossiping/21026_5.txt, time: 3.080000
/bbs/Gossiping/M.1495618806.A.10C.html download to ptt/Gossiping/21026_6.txt, time: 4.420000
/bbs/Gossiping/M.1495618809.A.1EE.html download to ptt/Gossiping/21026_7.txt, time: 4.080000
/bbs/Gossiping/M.1495618815.A.CA0.html download to ptt/Gossiping/21026_8.txt, time: 3.340000
/bbs/Gossiping/M.1495618831.A.9D3.html download to ptt/Gossiping/21026_9.txt, time: 4.300000
/bbs/Gossiping/M.1495618839.A.FC7.html download to ptt/Gossiping/21026_10.txt, time: 3.010000
/bbs/Gossiping/M.1495618862.A.E3E.html download to ptt/Gossiping/21026_11.txt, time: 4.000000
/bbs/Gossiping/M.1495618866.A.47B.html download to ptt/Gossiping/21026_12.txt, time: 3.440000
/bbs/Gossiping/M.1495618900.A.0CD.html download to ptt/Gossiping/21026_13.txt, time: 2.460000
/bbs/Gossiping/M.1495618938.A.923.html download to ptt/Gossiping/21026_14.txt, time: 4.270000
/bbs/Gossiping/M.1495618951.A.459.html download to ptt/Gossiping/21026_15.txt, time: 2.640000
/bbs/Gossiping/M.1495618952.A.E0D.html download to ptt/Gossiping/21026_16.txt, time: 2.180000
/bbs/Gossiping/M.1495618965.A.F1A.html download to ptt/Gossiping/21026_17.txt, time: 4.010000
/bbs/Gossiping/M.1495618977.A.081.html download to ptt/Gossiping/21026_18.txt, time: 2.200000
/bbs/Gossiping/M.1495618992.A.969.html download to ptt/Gossiping/21026_19.txt, time: 3.900000
time: 552.1092448234558 seconds
