page 21040
/bbs/Gossiping/M.1495624224.A.E45.html download to ptt/Gossiping/21040_0.txt, time: 6.440000
/bbs/Gossiping/M.1495624245.A.21C.html download to ptt/Gossiping/21040_1.txt, time: 2.740000
/bbs/Gossiping/M.1495624316.A.67A.html download to ptt/Gossiping/21040_2.txt, time: 4.120000
/bbs/Gossiping/M.1495624320.A.AA6.html download to ptt/Gossiping/21040_3.txt, time: 9.570000
/bbs/Gossiping/M.1495624356.A.3ED.html download to ptt/Gossiping/21040_4.txt, time: 4.590000
/bbs/Gossiping/M.1495624362.A.C8F.html download to ptt/Gossiping/21040_5.txt, time: 5.740000
/bbs/Gossiping/M.1495624367.A.72F.html download to ptt/Gossiping/21040_6.txt, time: 4.000000
/bbs/Gossiping/M.1495624426.A.D6A.html download to ptt/Gossiping/21040_7.txt, time: 3.670000
/bbs/Gossiping/M.1495624427.A.915.html download to ptt/Gossiping/21040_8.txt, time: 4.170000
/bbs/Gossiping/M.1495624451.A.D1C.html download to ptt/Gossiping/21040_9.txt, time: 6.360000
/bbs/Gossiping/M.1495624466.A.615.html download to ptt/Gossiping/21040_10.txt, time: 6.240000
/bbs/Gossiping/M.1495624502.A.25A.html download to ptt/Gossiping/21040_11.txt, time: 4.640000
/bbs/Gossiping/M.1495624524.A.F77.html download to ptt/Gossiping/21040_12.txt, time: 5.880000
/bbs/Gossiping/M.1495624532.A.ABF.html download to ptt/Gossiping/21040_13.txt, time: 4.560000
/bbs/Gossiping/M.1495624538.A.51A.html download to ptt/Gossiping/21040_14.txt, time: 4.430000
/bbs/Gossiping/M.1495624598.A.830.html download to ptt/Gossiping/21040_15.txt, time: 5.170000
/bbs/Gossiping/M.1495624616.A.D14.html download to ptt/Gossiping/21040_16.txt, time: 5.440000
/bbs/Gossiping/M.1495624618.A.13B.html download to ptt/Gossiping/21040_17.txt, time: 4.510000
/bbs/Gossiping/M.1495624638.A.EDE.html download to ptt/Gossiping/21040_18.txt, time: 3.670000
/bbs/Gossiping/M.1495624655.A.DCA.html download to ptt/Gossiping/21040_19.txt, time: 3.620000
page 21039
/bbs/Gossiping/M.1495623818.A.392.html download to ptt/Gossiping/21039_0.txt, time: 5.790000
/bbs/Gossiping/M.1495623828.A.8B8.html download to ptt/Gossiping/21039_1.txt, time: 6.860000
/bbs/Gossiping/M.1495623893.A.BA6.html download to ptt/Gossiping/21039_2.txt, time: 5.080000
/bbs/Gossiping/M.1495623904.A.81E.html download to ptt/Gossiping/21039_3.txt, time: 6.600000
/bbs/Gossiping/M.1495623912.A.7E8.html download to ptt/Gossiping/21039_4.txt, time: 6.250000
/bbs/Gossiping/M.1495623934.A.430.html download to ptt/Gossiping/21039_5.txt, time: 5.250000
/bbs/Gossiping/M.1495624012.A.F85.html download to ptt/Gossiping/21039_6.txt, time: 3.740000
/bbs/Gossiping/M.1495624013.A.418.html download to ptt/Gossiping/21039_7.txt, time: 4.020000
/bbs/Gossiping/M.1495624035.A.7A2.html download to ptt/Gossiping/21039_8.txt, time: 3.450000
/bbs/Gossiping/M.1495624086.A.327.html download to ptt/Gossiping/21039_9.txt, time: 3.950000
/bbs/Gossiping/M.1495624093.A.8E7.html download to ptt/Gossiping/21039_10.txt, time: 5.520000
/bbs/Gossiping/M.1495624093.A.D27.html download to ptt/Gossiping/21039_11.txt, time: 5.010000
/bbs/Gossiping/M.1495624093.A.437.html download to ptt/Gossiping/21039_12.txt, time: 4.360000
/bbs/Gossiping/M.1495624119.A.328.html download to ptt/Gossiping/21039_13.txt, time: 4.950000
/bbs/Gossiping/M.1495624132.A.0A7.html download to ptt/Gossiping/21039_14.txt, time: 3.910000
/bbs/Gossiping/M.1495624174.A.EB4.html download to ptt/Gossiping/21039_15.txt, time: 5.550000
/bbs/Gossiping/M.1495624181.A.5C5.html download to ptt/Gossiping/21039_16.txt, time: 6.030000
/bbs/Gossiping/M.1495624187.A.E7A.html download to ptt/Gossiping/21039_17.txt, time: 11.750000
/bbs/Gossiping/M.1495624190.A.DC1.html download to ptt/Gossiping/21039_18.txt, time: 6.350000
/bbs/Gossiping/M.1495624195.A.214.html download to ptt/Gossiping/21039_19.txt, time: 3.680000
page 21038
/bbs/Gossiping/M.1495623189.A.657.html download to ptt/Gossiping/21038_0.txt, time: 10.010000
/bbs/Gossiping/M.1495623238.A.E88.html download to ptt/Gossiping/21038_1.txt, time: 4.700000
/bbs/Gossiping/M.1495623279.A.E33.html download to ptt/Gossiping/21038_2.txt, time: 8.210000
/bbs/Gossiping/M.1495623292.A.AED.html download to ptt/Gossiping/21038_3.txt, time: 10.290000
/bbs/Gossiping/M.1495623305.A.586.html download to ptt/Gossiping/21038_4.txt, time: 6.770000
/bbs/Gossiping/M.1495623356.A.7E6.html download to ptt/Gossiping/21038_5.txt, time: 3.880000
/bbs/Gossiping/M.1495623358.A.BCC.html download to ptt/Gossiping/21038_6.txt, time: 4.290000
/bbs/Gossiping/M.1495623412.A.B7A.html download to ptt/Gossiping/21038_7.txt, time: 4.350000
/bbs/Gossiping/M.1495623417.A.37D.html download to ptt/Gossiping/21038_8.txt, time: 4.120000
/bbs/Gossiping/M.1495623419.A.717.html download to ptt/Gossiping/21038_9.txt, time: 6.010000
/bbs/Gossiping/M.1495623437.A.E12.html download to ptt/Gossiping/21038_10.txt, time: 5.770000
/bbs/Gossiping/M.1495623539.A.FF0.html download to ptt/Gossiping/21038_11.txt, time: 5.130000
/bbs/Gossiping/M.1495623539.A.547.html download to ptt/Gossiping/21038_12.txt, time: 4.390000
/bbs/Gossiping/M.1495623566.A.1C0.html download to ptt/Gossiping/21038_13.txt, time: 5.650000
/bbs/Gossiping/M.1495623576.A.22E.html download to ptt/Gossiping/21038_14.txt, time: 4.470000
/bbs/Gossiping/M.1495623578.A.CC8.html download to ptt/Gossiping/21038_15.txt, time: 3.350000
/bbs/Gossiping/M.1495623580.A.5BA.html download to ptt/Gossiping/21038_16.txt, time: 5.850000
/bbs/Gossiping/M.1495623672.A.D04.html download to ptt/Gossiping/21038_17.txt, time: 4.270000
/bbs/Gossiping/M.1495623699.A.0A9.html download to ptt/Gossiping/21038_18.txt, time: 3.080000
/bbs/Gossiping/M.1495623813.A.F2A.html download to ptt/Gossiping/21038_19.txt, time: 3.230000
page 21037
/bbs/Gossiping/M.1495622854.A.239.html download to ptt/Gossiping/21037_0.txt, time: 2.940000
/bbs/Gossiping/M.1495622867.A.FE4.html download to ptt/Gossiping/21037_1.txt, time: 3.880000
/bbs/Gossiping/M.1495622885.A.925.html download to ptt/Gossiping/21037_2.txt, time: 5.350000
/bbs/Gossiping/M.1495622885.A.5DE.html download to ptt/Gossiping/21037_3.txt, time: 3.760000
/bbs/Gossiping/M.1495622887.A.252.html download to ptt/Gossiping/21037_4.txt, time: 3.170000
/bbs/Gossiping/M.1495622888.A.1D4.html download to ptt/Gossiping/21037_5.txt, time: 3.990000
/bbs/Gossiping/M.1495622928.A.B74.html download to ptt/Gossiping/21037_6.txt, time: 3.180000
/bbs/Gossiping/M.1495622934.A.EEB.html download to ptt/Gossiping/21037_7.txt, time: 1.900000
/bbs/Gossiping/M.1495622971.A.FB8.html download to ptt/Gossiping/21037_8.txt, time: 4.650000
/bbs/Gossiping/M.1495622976.A.303.html download to ptt/Gossiping/21037_9.txt, time: 4.170000
/bbs/Gossiping/M.1495622980.A.1DD.html download to ptt/Gossiping/21037_10.txt, time: 4.450000
/bbs/Gossiping/M.1495623001.A.839.html download to ptt/Gossiping/21037_11.txt, time: 2.780000
/bbs/Gossiping/M.1495623013.A.13E.html download to ptt/Gossiping/21037_12.txt, time: 4.290000
/bbs/Gossiping/M.1495623049.A.1E9.html download to ptt/Gossiping/21037_13.txt, time: 2.860000
/bbs/Gossiping/M.1495623054.A.71E.html download to ptt/Gossiping/21037_14.txt, time: 3.400000
/bbs/Gossiping/M.1495623085.A.817.html download to ptt/Gossiping/21037_15.txt, time: 3.660000
/bbs/Gossiping/M.1495623098.A.EEF.html download to ptt/Gossiping/21037_16.txt, time: 5.310000
/bbs/Gossiping/M.1495623102.A.81D.html download to ptt/Gossiping/21037_17.txt, time: 7.490000
/bbs/Gossiping/M.1495623159.A.B93.html download to ptt/Gossiping/21037_18.txt, time: 5.800000
/bbs/Gossiping/M.1495623187.A.41F.html download to ptt/Gossiping/21037_19.txt, time: 2.960000
page 21036
/bbs/Gossiping/M.1495622433.A.4F5.html download to ptt/Gossiping/21036_0.txt, time: 5.000000
/bbs/Gossiping/M.1495622445.A.E22.html download to ptt/Gossiping/21036_1.txt, time: 4.570000
/bbs/Gossiping/M.1495622449.A.6F9.html download to ptt/Gossiping/21036_2.txt, time: 4.820000
/bbs/Gossiping/M.1495622455.A.993.html download to ptt/Gossiping/21036_3.txt, time: 3.940000
/bbs/Gossiping/M.1495622505.A.11A.html download to ptt/Gossiping/21036_4.txt, time: 4.450000
/bbs/Gossiping/M.1495622518.A.F77.html download to ptt/Gossiping/21036_5.txt, time: 2.850000
/bbs/Gossiping/M.1495622580.A.8E9.html download to ptt/Gossiping/21036_6.txt, time: 4.730000
/bbs/Gossiping/M.1495622593.A.740.html download to ptt/Gossiping/21036_7.txt, time: 5.240000
/bbs/Gossiping/M.1495622595.A.EE6.html download to ptt/Gossiping/21036_8.txt, time: 3.980000
/bbs/Gossiping/M.1495622597.A.4B3.html download to ptt/Gossiping/21036_9.txt, time: 5.300000
/bbs/Gossiping/M.1495622613.A.DD1.html download to ptt/Gossiping/21036_10.txt, time: 3.780000
/bbs/Gossiping/M.1495622614.A.4DE.html download to ptt/Gossiping/21036_11.txt, time: 4.700000
/bbs/Gossiping/M.1495622621.A.7F8.html download to ptt/Gossiping/21036_12.txt, time: 3.600000
/bbs/Gossiping/M.1495622621.A.198.html download to ptt/Gossiping/21036_13.txt, time: 2.720000
/bbs/Gossiping/M.1495622767.A.95E.html download to ptt/Gossiping/21036_14.txt, time: 2.610000
/bbs/Gossiping/M.1495622782.A.F6F.html download to ptt/Gossiping/21036_15.txt, time: 3.380000
/bbs/Gossiping/M.1495622786.A.85E.html download to ptt/Gossiping/21036_16.txt, time: 2.930000
/bbs/Gossiping/M.1495622805.A.A4B.html download to ptt/Gossiping/21036_17.txt, time: 6.360000
/bbs/Gossiping/M.1495622805.A.6BE.html download to ptt/Gossiping/21036_18.txt, time: 2.270000
/bbs/Gossiping/M.1495622829.A.5B9.html download to ptt/Gossiping/21036_19.txt, time: 1.420000
time: 534.045036315918 seconds
