page 21050
/bbs/Gossiping/M.1495628833.A.885.html download to ptt/Gossiping/21050_0.txt, time: 5.210000
/bbs/Gossiping/M.1495628841.A.83A.html download to ptt/Gossiping/21050_1.txt, time: 3.200000
/bbs/Gossiping/M.1495628849.A.FFA.html download to ptt/Gossiping/21050_2.txt, time: 6.320000
/bbs/Gossiping/M.1495628879.A.495.html download to ptt/Gossiping/21050_3.txt, time: 8.340000
/bbs/Gossiping/M.1495629020.A.BB7.html download to ptt/Gossiping/21050_4.txt, time: 3.940000
/bbs/Gossiping/M.1495629042.A.40E.html download to ptt/Gossiping/21050_5.txt, time: 4.460000
/bbs/Gossiping/M.1495629072.A.ABE.html download to ptt/Gossiping/21050_6.txt, time: 5.530000
/bbs/Gossiping/M.1495629096.A.A81.html download to ptt/Gossiping/21050_7.txt, time: 4.180000
/bbs/Gossiping/M.1495629131.A.BAD.html download to ptt/Gossiping/21050_8.txt, time: 4.980000
/bbs/Gossiping/M.1495629135.A.CC2.html download to ptt/Gossiping/21050_9.txt, time: 6.480000
/bbs/Gossiping/M.1495629145.A.E40.html download to ptt/Gossiping/21050_10.txt, time: 6.830000
/bbs/Gossiping/M.1495629157.A.E87.html download to ptt/Gossiping/21050_11.txt, time: 4.940000
/bbs/Gossiping/M.1495629160.A.589.html download to ptt/Gossiping/21050_12.txt, time: 4.020000
/bbs/Gossiping/M.1495629161.A.25D.html download to ptt/Gossiping/21050_13.txt, time: 6.030000
/bbs/Gossiping/M.1495629163.A.BA6.html download to ptt/Gossiping/21050_14.txt, time: 6.420000
/bbs/Gossiping/M.1495629178.A.652.html download to ptt/Gossiping/21050_15.txt, time: 5.160000
/bbs/Gossiping/M.1495629187.A.9CD.html download to ptt/Gossiping/21050_16.txt, time: 4.000000
/bbs/Gossiping/M.1495629191.A.90B.html download to ptt/Gossiping/21050_17.txt, time: 4.800000
/bbs/Gossiping/M.1495629194.A.799.html download to ptt/Gossiping/21050_18.txt, time: 6.270000
/bbs/Gossiping/M.1495629210.A.A6C.html download to ptt/Gossiping/21050_19.txt, time: 4.890000
page 21049
/bbs/Gossiping/M.1495628425.A.9A7.html download to ptt/Gossiping/21049_0.txt, time: 5.340000
/bbs/Gossiping/M.1495628459.A.F64.html download to ptt/Gossiping/21049_1.txt, time: 4.860000
/bbs/Gossiping/M.1495628459.A.4A6.html download to ptt/Gossiping/21049_2.txt, time: 4.230000
/bbs/Gossiping/M.1495628477.A.826.html download to ptt/Gossiping/21049_3.txt, time: 5.590000
/bbs/Gossiping/M.1495628483.A.C97.html download to ptt/Gossiping/21049_4.txt, time: 5.510000
/bbs/Gossiping/M.1495628506.A.77B.html download to ptt/Gossiping/21049_5.txt, time: 3.960000
/bbs/Gossiping/M.1495628520.A.7AF.html download to ptt/Gossiping/21049_6.txt, time: 4.160000
/bbs/Gossiping/M.1495628557.A.7D4.html download to ptt/Gossiping/21049_7.txt, time: 6.010000
/bbs/Gossiping/M.1495628561.A.99C.html download to ptt/Gossiping/21049_8.txt, time: 3.560000
/bbs/Gossiping/M.1495628582.A.528.html download to ptt/Gossiping/21049_9.txt, time: 6.860000
/bbs/Gossiping/M.1495628648.A.DAC.html download to ptt/Gossiping/21049_10.txt, time: 5.230000
/bbs/Gossiping/M.1495628656.A.292.html download to ptt/Gossiping/21049_11.txt, time: 4.840000
/bbs/Gossiping/M.1495628662.A.AB7.html download to ptt/Gossiping/21049_12.txt, time: 6.300000
/bbs/Gossiping/M.1495628698.A.DDD.html download to ptt/Gossiping/21049_13.txt, time: 4.320000
/bbs/Gossiping/M.1495628704.A.6D3.html download to ptt/Gossiping/21049_14.txt, time: 5.180000
/bbs/Gossiping/M.1495628745.A.2CE.html download to ptt/Gossiping/21049_15.txt, time: 8.190000
/bbs/Gossiping/M.1495628778.A.905.html download to ptt/Gossiping/21049_16.txt, time: 6.870000
/bbs/Gossiping/M.1495628784.A.F18.html download to ptt/Gossiping/21049_17.txt, time: 4.770000
/bbs/Gossiping/M.1495628792.A.A94.html download to ptt/Gossiping/21049_18.txt, time: 4.990000
/bbs/Gossiping/M.1495628811.A.380.html download to ptt/Gossiping/21049_19.txt, time: 8.320000
page 21048
/bbs/Gossiping/M.1495627940.A.589.html download to ptt/Gossiping/21048_0.txt, time: 12.460000
/bbs/Gossiping/M.1495627941.A.27F.html download to ptt/Gossiping/21048_1.txt, time: 10.720000
/bbs/Gossiping/M.1495627981.A.52B.html download to ptt/Gossiping/21048_2.txt, time: 5.570000
/bbs/Gossiping/M.1495627994.A.FBD.html download to ptt/Gossiping/21048_3.txt, time: 4.840000
/bbs/Gossiping/M.1495628010.A.CA9.html download to ptt/Gossiping/21048_4.txt, time: 7.650000
/bbs/Gossiping/M.1495628016.A.A12.html download to ptt/Gossiping/21048_5.txt, time: 3.520000
/bbs/Gossiping/M.1495628020.A.B56.html download to ptt/Gossiping/21048_6.txt, time: 4.250000
/bbs/Gossiping/M.1495628038.A.114.html download to ptt/Gossiping/21048_7.txt, time: 5.030000
/bbs/Gossiping/M.1495628084.A.A17.html download to ptt/Gossiping/21048_8.txt, time: 5.300000
/bbs/Gossiping/M.1495628128.A.675.html download to ptt/Gossiping/21048_9.txt, time: 8.700000
/bbs/Gossiping/M.1495628142.A.E89.html download to ptt/Gossiping/21048_10.txt, time: 4.520000
/bbs/Gossiping/M.1495628206.A.631.html download to ptt/Gossiping/21048_11.txt, time: 4.640000
/bbs/Gossiping/M.1495628211.A.E7B.html download to ptt/Gossiping/21048_12.txt, time: 5.470000
/bbs/Gossiping/M.1495628234.A.0DC.html download to ptt/Gossiping/21048_13.txt, time: 5.240000
/bbs/Gossiping/M.1495628252.A.1A3.html download to ptt/Gossiping/21048_14.txt, time: 5.080000
/bbs/Gossiping/M.1495628283.A.49F.html download to ptt/Gossiping/21048_15.txt, time: 3.650000
empty download to ptt/Gossiping/21048_16.txt, time: 0.000000
/bbs/Gossiping/M.1495628387.A.07F.html download to ptt/Gossiping/21048_17.txt, time: 3.380000
/bbs/Gossiping/M.1495628394.A.30C.html download to ptt/Gossiping/21048_18.txt, time: 3.600000
/bbs/Gossiping/M.1495628422.A.76D.html download to ptt/Gossiping/21048_19.txt, time: 3.810000
page 21047
/bbs/Gossiping/M.1495627597.A.13A.html download to ptt/Gossiping/21047_0.txt, time: 5.300000
/bbs/Gossiping/M.1495627599.A.293.html download to ptt/Gossiping/21047_1.txt, time: 5.070000
/bbs/Gossiping/M.1495627618.A.D1B.html download to ptt/Gossiping/21047_2.txt, time: 4.150000
/bbs/Gossiping/M.1495627630.A.D12.html download to ptt/Gossiping/21047_3.txt, time: 3.980000
/bbs/Gossiping/M.1495627645.A.F7B.html download to ptt/Gossiping/21047_4.txt, time: 4.520000
/bbs/Gossiping/M.1495627666.A.B4F.html download to ptt/Gossiping/21047_5.txt, time: 4.620000
/bbs/Gossiping/M.1495627698.A.ABC.html download to ptt/Gossiping/21047_6.txt, time: 3.780000
/bbs/Gossiping/M.1495627703.A.151.html download to ptt/Gossiping/21047_7.txt, time: 3.800000
/bbs/Gossiping/M.1495627739.A.5D3.html download to ptt/Gossiping/21047_8.txt, time: 4.950000
/bbs/Gossiping/M.1495627757.A.A22.html download to ptt/Gossiping/21047_9.txt, time: 6.230000
/bbs/Gossiping/M.1495627771.A.165.html download to ptt/Gossiping/21047_10.txt, time: 3.700000
/bbs/Gossiping/M.1495627787.A.94D.html download to ptt/Gossiping/21047_11.txt, time: 4.440000
/bbs/Gossiping/M.1495627790.A.343.html download to ptt/Gossiping/21047_12.txt, time: 3.540000
/bbs/Gossiping/M.1495627826.A.75A.html download to ptt/Gossiping/21047_13.txt, time: 7.140000
/bbs/Gossiping/M.1495627834.A.571.html download to ptt/Gossiping/21047_14.txt, time: 6.650000
/bbs/Gossiping/M.1495627843.A.5C3.html download to ptt/Gossiping/21047_15.txt, time: 4.400000
/bbs/Gossiping/M.1495627871.A.7C9.html download to ptt/Gossiping/21047_16.txt, time: 3.390000
/bbs/Gossiping/M.1495627873.A.D4A.html download to ptt/Gossiping/21047_17.txt, time: 4.720000
/bbs/Gossiping/M.1495627919.A.46C.html download to ptt/Gossiping/21047_18.txt, time: 4.800000
/bbs/Gossiping/M.1495627923.A.56D.html download to ptt/Gossiping/21047_19.txt, time: 4.000000
page 21046
/bbs/Gossiping/M.1495627181.A.6A9.html download to ptt/Gossiping/21046_0.txt, time: 5.190000
/bbs/Gossiping/M.1495627213.A.493.html download to ptt/Gossiping/21046_1.txt, time: 3.110000
/bbs/Gossiping/M.1495627216.A.A2D.html download to ptt/Gossiping/21046_2.txt, time: 3.590000
/bbs/Gossiping/M.1495627240.A.D55.html download to ptt/Gossiping/21046_3.txt, time: 2.950000
/bbs/Gossiping/M.1495627247.A.507.html download to ptt/Gossiping/21046_4.txt, time: 3.870000
/bbs/Gossiping/M.1495627267.A.576.html download to ptt/Gossiping/21046_5.txt, time: 4.530000
/bbs/Gossiping/M.1495627271.A.2AE.html download to ptt/Gossiping/21046_6.txt, time: 3.710000
/bbs/Gossiping/M.1495627284.A.EFB.html download to ptt/Gossiping/21046_7.txt, time: 4.440000
/bbs/Gossiping/M.1495627284.A.9AC.html download to ptt/Gossiping/21046_8.txt, time: 4.140000
/bbs/Gossiping/M.1495627329.A.214.html download to ptt/Gossiping/21046_9.txt, time: 3.410000
/bbs/Gossiping/M.1495627333.A.9FF.html download to ptt/Gossiping/21046_10.txt, time: 2.980000
/bbs/Gossiping/M.1495627349.A.937.html download to ptt/Gossiping/21046_11.txt, time: 4.560000
/bbs/Gossiping/M.1495627383.A.50C.html download to ptt/Gossiping/21046_12.txt, time: 3.200000
/bbs/Gossiping/M.1495627431.A.B72.html download to ptt/Gossiping/21046_13.txt, time: 2.490000
/bbs/Gossiping/M.1495627470.A.70E.html download to ptt/Gossiping/21046_14.txt, time: 3.080000
/bbs/Gossiping/M.1495627506.A.489.html download to ptt/Gossiping/21046_15.txt, time: 2.900000
/bbs/Gossiping/M.1495627506.A.069.html download to ptt/Gossiping/21046_16.txt, time: 2.490000
/bbs/Gossiping/M.1495627553.A.69C.html download to ptt/Gossiping/21046_17.txt, time: 2.100000
/bbs/Gossiping/M.1495627558.A.FA3.html download to ptt/Gossiping/21046_18.txt, time: 2.470000
/bbs/Gossiping/M.1495627560.A.9FD.html download to ptt/Gossiping/21046_19.txt, time: 2.520000
time: 537.6446702480316 seconds
