page 21060
/bbs/Gossiping/M.1495632546.A.900.html download to ptt/Gossiping/21060_0.txt, time: 5.830000
/bbs/Gossiping/M.1495632556.A.2CC.html download to ptt/Gossiping/21060_1.txt, time: 3.310000
/bbs/Gossiping/M.1495632562.A.71B.html download to ptt/Gossiping/21060_2.txt, time: 8.120000
/bbs/Gossiping/M.1495632583.A.D3C.html download to ptt/Gossiping/21060_3.txt, time: 7.420000
/bbs/Gossiping/M.1495632598.A.251.html download to ptt/Gossiping/21060_4.txt, time: 5.790000
/bbs/Gossiping/M.1495632620.A.A7F.html download to ptt/Gossiping/21060_5.txt, time: 5.250000
/bbs/Gossiping/M.1495632664.A.067.html download to ptt/Gossiping/21060_6.txt, time: 5.400000
/bbs/Gossiping/M.1495632683.A.31B.html download to ptt/Gossiping/21060_7.txt, time: 5.130000
/bbs/Gossiping/M.1495632695.A.D87.html download to ptt/Gossiping/21060_8.txt, time: 8.020000
/bbs/Gossiping/M.1495632705.A.170.html download to ptt/Gossiping/21060_9.txt, time: 6.490000
/bbs/Gossiping/M.1495632708.A.03D.html download to ptt/Gossiping/21060_10.txt, time: 4.810000
/bbs/Gossiping/M.1495632775.A.004.html download to ptt/Gossiping/21060_11.txt, time: 5.130000
/bbs/Gossiping/M.1495632823.A.499.html download to ptt/Gossiping/21060_12.txt, time: 6.550000
/bbs/Gossiping/M.1495632854.A.942.html download to ptt/Gossiping/21060_13.txt, time: 6.620000
/bbs/Gossiping/M.1495632869.A.FC3.html download to ptt/Gossiping/21060_14.txt, time: 6.140000
/bbs/Gossiping/M.1495632874.A.2B6.html download to ptt/Gossiping/21060_15.txt, time: 5.080000
/bbs/Gossiping/M.1495632889.A.1D3.html download to ptt/Gossiping/21060_16.txt, time: 4.520000
/bbs/Gossiping/M.1495632901.A.5C9.html download to ptt/Gossiping/21060_17.txt, time: 3.470000
/bbs/Gossiping/M.1495632918.A.716.html download to ptt/Gossiping/21060_18.txt, time: 3.680000
/bbs/Gossiping/M.1495632956.A.6BF.html download to ptt/Gossiping/21060_19.txt, time: 4.620000
page 21059
/bbs/Gossiping/M.1495632200.A.BFB.html download to ptt/Gossiping/21059_0.txt, time: 5.610000
/bbs/Gossiping/M.1495632242.A.03C.html download to ptt/Gossiping/21059_1.txt, time: 5.770000
/bbs/Gossiping/M.1495632290.A.E30.html download to ptt/Gossiping/21059_2.txt, time: 6.410000
/bbs/Gossiping/M.1495632301.A.1E4.html download to ptt/Gossiping/21059_3.txt, time: 4.700000
/bbs/Gossiping/M.1495632308.A.CC1.html download to ptt/Gossiping/21059_4.txt, time: 4.620000
/bbs/Gossiping/M.1495632354.A.C7A.html download to ptt/Gossiping/21059_5.txt, time: 4.520000
/bbs/Gossiping/M.1495632358.A.8BF.html download to ptt/Gossiping/21059_6.txt, time: 3.930000
/bbs/Gossiping/M.1495632391.A.B16.html download to ptt/Gossiping/21059_7.txt, time: 3.440000
/bbs/Gossiping/M.1495632391.A.BD0.html download to ptt/Gossiping/21059_8.txt, time: 4.170000
/bbs/Gossiping/M.1495632394.A.12D.html download to ptt/Gossiping/21059_9.txt, time: 3.960000
/bbs/Gossiping/M.1495632409.A.1D4.html download to ptt/Gossiping/21059_10.txt, time: 3.670000
/bbs/Gossiping/M.1495632419.A.DE8.html download to ptt/Gossiping/21059_11.txt, time: 5.630000
empty download to ptt/Gossiping/21059_12.txt, time: 0.000000
/bbs/Gossiping/M.1495632430.A.268.html download to ptt/Gossiping/21059_13.txt, time: 5.390000
/bbs/Gossiping/M.1495632443.A.AFD.html download to ptt/Gossiping/21059_14.txt, time: 5.930000
/bbs/Gossiping/M.1495632490.A.9A6.html download to ptt/Gossiping/21059_15.txt, time: 4.870000
/bbs/Gossiping/M.1495632497.A.A41.html download to ptt/Gossiping/21059_16.txt, time: 4.370000
/bbs/Gossiping/M.1495632511.A.961.html download to ptt/Gossiping/21059_17.txt, time: 7.390000
/bbs/Gossiping/M.1495632531.A.10F.html download to ptt/Gossiping/21059_18.txt, time: 10.570000
/bbs/Gossiping/M.1495632534.A.78D.html download to ptt/Gossiping/21059_19.txt, time: 4.830000
page 21058
/bbs/Gossiping/M.1495631925.A.00D.html download to ptt/Gossiping/21058_0.txt, time: 4.450000
/bbs/Gossiping/M.1495631927.A.4A2.html download to ptt/Gossiping/21058_1.txt, time: 7.010000
/bbs/Gossiping/M.1495631941.A.09A.html download to ptt/Gossiping/21058_2.txt, time: 8.630000
/bbs/Gossiping/M.1495631942.A.142.html download to ptt/Gossiping/21058_3.txt, time: 4.620000
/bbs/Gossiping/M.1495631963.A.7F3.html download to ptt/Gossiping/21058_4.txt, time: 4.250000
/bbs/Gossiping/M.1495631986.A.BD5.html download to ptt/Gossiping/21058_5.txt, time: 5.630000
/bbs/Gossiping/M.1495631992.A.937.html download to ptt/Gossiping/21058_6.txt, time: 6.560000
/bbs/Gossiping/M.1495631998.A.106.html download to ptt/Gossiping/21058_7.txt, time: 5.550000
/bbs/Gossiping/M.1495632005.A.BDE.html download to ptt/Gossiping/21058_8.txt, time: 4.460000
/bbs/Gossiping/M.1495632014.A.640.html download to ptt/Gossiping/21058_9.txt, time: 5.800000
/bbs/Gossiping/M.1495632042.A.114.html download to ptt/Gossiping/21058_10.txt, time: 4.880000
/bbs/Gossiping/M.1495632053.A.CCC.html download to ptt/Gossiping/21058_11.txt, time: 11.820000
/bbs/Gossiping/M.1495632063.A.6C5.html download to ptt/Gossiping/21058_12.txt, time: 4.820000
/bbs/Gossiping/M.1495632085.A.2D5.html download to ptt/Gossiping/21058_13.txt, time: 3.830000
/bbs/Gossiping/M.1495632090.A.55B.html download to ptt/Gossiping/21058_14.txt, time: 3.310000
/bbs/Gossiping/M.1495632094.A.79D.html download to ptt/Gossiping/21058_15.txt, time: 4.770000
/bbs/Gossiping/M.1495632117.A.C8F.html download to ptt/Gossiping/21058_16.txt, time: 4.280000
/bbs/Gossiping/M.1495632152.A.562.html download to ptt/Gossiping/21058_17.txt, time: 3.010000
/bbs/Gossiping/M.1495632164.A.426.html download to ptt/Gossiping/21058_18.txt, time: 3.850000
/bbs/Gossiping/M.1495632188.A.869.html download to ptt/Gossiping/21058_19.txt, time: 3.360000
page 21057
/bbs/Gossiping/M.1495631644.A.7DD.html download to ptt/Gossiping/21057_0.txt, time: 4.290000
/bbs/Gossiping/M.1495631651.A.8DB.html download to ptt/Gossiping/21057_1.txt, time: 4.030000
/bbs/Gossiping/M.1495631673.A.716.html download to ptt/Gossiping/21057_2.txt, time: 4.390000
/bbs/Gossiping/M.1495631674.A.C60.html download to ptt/Gossiping/21057_3.txt, time: 4.170000
/bbs/Gossiping/M.1495631675.A.329.html download to ptt/Gossiping/21057_4.txt, time: 6.760000
/bbs/Gossiping/M.1495631682.A.B79.html download to ptt/Gossiping/21057_5.txt, time: 4.850000
/bbs/Gossiping/M.1495631691.A.5FB.html download to ptt/Gossiping/21057_6.txt, time: 3.220000
/bbs/Gossiping/M.1495631711.A.F8A.html download to ptt/Gossiping/21057_7.txt, time: 2.920000
/bbs/Gossiping/M.1495631749.A.C5E.html download to ptt/Gossiping/21057_8.txt, time: 3.990000
/bbs/Gossiping/M.1495631752.A.472.html download to ptt/Gossiping/21057_9.txt, time: 3.970000
/bbs/Gossiping/M.1495631753.A.6FD.html download to ptt/Gossiping/21057_10.txt, time: 4.120000
/bbs/Gossiping/M.1495631785.A.8FA.html download to ptt/Gossiping/21057_11.txt, time: 3.440000
/bbs/Gossiping/M.1495631790.A.7DC.html download to ptt/Gossiping/21057_12.txt, time: 4.180000
/bbs/Gossiping/M.1495631796.A.241.html download to ptt/Gossiping/21057_13.txt, time: 5.450000
/bbs/Gossiping/M.1495631827.A.72E.html download to ptt/Gossiping/21057_14.txt, time: 3.180000
/bbs/Gossiping/M.1495631833.A.248.html download to ptt/Gossiping/21057_15.txt, time: 4.370000
/bbs/Gossiping/M.1495631849.A.E6D.html download to ptt/Gossiping/21057_16.txt, time: 6.410000
/bbs/Gossiping/M.1495631909.A.B46.html download to ptt/Gossiping/21057_17.txt, time: 5.160000
/bbs/Gossiping/M.1495631914.A.58A.html download to ptt/Gossiping/21057_18.txt, time: 4.000000
/bbs/Gossiping/M.1495631920.A.F2B.html download to ptt/Gossiping/21057_19.txt, time: 4.000000
page 21056
/bbs/Gossiping/M.1495631238.A.44F.html download to ptt/Gossiping/21056_0.txt, time: 4.360000
/bbs/Gossiping/M.1495631264.A.70E.html download to ptt/Gossiping/21056_1.txt, time: 4.520000
/bbs/Gossiping/M.1495631269.A.ADF.html download to ptt/Gossiping/21056_2.txt, time: 4.460000
/bbs/Gossiping/M.1495631282.A.001.html download to ptt/Gossiping/21056_3.txt, time: 4.050000
/bbs/Gossiping/M.1495631296.A.915.html download to ptt/Gossiping/21056_4.txt, time: 2.880000
/bbs/Gossiping/M.1495631334.A.59F.html download to ptt/Gossiping/21056_5.txt, time: 3.470000
/bbs/Gossiping/M.1495631338.A.004.html download to ptt/Gossiping/21056_6.txt, time: 2.930000
/bbs/Gossiping/M.1495631339.A.8B7.html download to ptt/Gossiping/21056_7.txt, time: 4.410000
/bbs/Gossiping/M.1495631378.A.5E4.html download to ptt/Gossiping/21056_8.txt, time: 3.950000
/bbs/Gossiping/M.1495631441.A.40D.html download to ptt/Gossiping/21056_9.txt, time: 3.670000
/bbs/Gossiping/M.1495631479.A.07D.html download to ptt/Gossiping/21056_10.txt, time: 4.210000
/bbs/Gossiping/M.1495631489.A.633.html download to ptt/Gossiping/21056_11.txt, time: 2.930000
/bbs/Gossiping/M.1495631523.A.A2A.html download to ptt/Gossiping/21056_12.txt, time: 2.610000
/bbs/Gossiping/M.1495631538.A.ECB.html download to ptt/Gossiping/21056_13.txt, time: 4.550000
/bbs/Gossiping/M.1495631567.A.5DA.html download to ptt/Gossiping/21056_14.txt, time: 2.610000
/bbs/Gossiping/M.1495631591.A.58D.html download to ptt/Gossiping/21056_15.txt, time: 2.610000
/bbs/Gossiping/M.1495631591.A.2EB.html download to ptt/Gossiping/21056_16.txt, time: 3.300000
/bbs/Gossiping/M.1495631633.A.575.html download to ptt/Gossiping/21056_17.txt, time: 3.290000
/bbs/Gossiping/M.1495631641.A.6DA.html download to ptt/Gossiping/21056_18.txt, time: 3.550000
/bbs/Gossiping/M.1495631641.A.5DC.html download to ptt/Gossiping/21056_19.txt, time: 3.630000
time: 532.3440623283386 seconds
