page 21070
/bbs/Gossiping/M.1495636496.A.990.html download to ptt/Gossiping/21070_0.txt, time: 5.570000
/bbs/Gossiping/M.1495636500.A.5C5.html download to ptt/Gossiping/21070_1.txt, time: 5.330000
/bbs/Gossiping/M.1495636517.A.06A.html download to ptt/Gossiping/21070_2.txt, time: 5.150000
/bbs/Gossiping/M.1495636550.A.E6A.html download to ptt/Gossiping/21070_3.txt, time: 8.090000
/bbs/Gossiping/M.1495636557.A.DFB.html download to ptt/Gossiping/21070_4.txt, time: 4.200000
/bbs/Gossiping/M.1495636564.A.E81.html download to ptt/Gossiping/21070_5.txt, time: 5.650000
/bbs/Gossiping/M.1495636627.A.B1D.html download to ptt/Gossiping/21070_6.txt, time: 3.800000
/bbs/Gossiping/M.1495636642.A.DB8.html download to ptt/Gossiping/21070_7.txt, time: 4.290000
/bbs/Gossiping/M.1495636646.A.D4B.html download to ptt/Gossiping/21070_8.txt, time: 4.230000
/bbs/Gossiping/M.1495636655.A.C4D.html download to ptt/Gossiping/21070_9.txt, time: 6.270000
/bbs/Gossiping/M.1495636742.A.64F.html download to ptt/Gossiping/21070_10.txt, time: 7.940000
/bbs/Gossiping/M.1495636773.A.AF2.html download to ptt/Gossiping/21070_11.txt, time: 3.410000
/bbs/Gossiping/M.1495636844.A.622.html download to ptt/Gossiping/21070_12.txt, time: 4.850000
/bbs/Gossiping/M.1495636852.A.07B.html download to ptt/Gossiping/21070_13.txt, time: 3.870000
/bbs/Gossiping/M.1495636871.A.9C5.html download to ptt/Gossiping/21070_14.txt, time: 5.080000
/bbs/Gossiping/M.1495636874.A.D43.html download to ptt/Gossiping/21070_15.txt, time: 7.030000
/bbs/Gossiping/M.1495636885.A.A08.html download to ptt/Gossiping/21070_16.txt, time: 3.300000
/bbs/Gossiping/M.1495636905.A.468.html download to ptt/Gossiping/21070_17.txt, time: 4.470000
/bbs/Gossiping/M.1495637026.A.DD5.html download to ptt/Gossiping/21070_18.txt, time: 3.660000
/bbs/Gossiping/M.1495637036.A.00C.html download to ptt/Gossiping/21070_19.txt, time: 3.840000
page 21069
/bbs/Gossiping/M.1495636081.A.3E5.html download to ptt/Gossiping/21069_0.txt, time: 5.130000
/bbs/Gossiping/M.1495636087.A.622.html download to ptt/Gossiping/21069_1.txt, time: 5.270000
/bbs/Gossiping/M.1495636112.A.C4F.html download to ptt/Gossiping/21069_2.txt, time: 5.040000
/bbs/Gossiping/M.1495636125.A.671.html download to ptt/Gossiping/21069_3.txt, time: 3.760000
/bbs/Gossiping/M.1495636135.A.D82.html download to ptt/Gossiping/21069_4.txt, time: 4.800000
/bbs/Gossiping/M.1495636225.A.AB9.html download to ptt/Gossiping/21069_5.txt, time: 3.610000
/bbs/Gossiping/M.1495636260.A.3D9.html download to ptt/Gossiping/21069_6.txt, time: 3.330000
/bbs/Gossiping/M.1495636262.A.24A.html download to ptt/Gossiping/21069_7.txt, time: 4.890000
/bbs/Gossiping/M.1495636282.A.874.html download to ptt/Gossiping/21069_8.txt, time: 4.040000
/bbs/Gossiping/M.1495636290.A.75B.html download to ptt/Gossiping/21069_9.txt, time: 4.290000
/bbs/Gossiping/M.1495636293.A.BEA.html download to ptt/Gossiping/21069_10.txt, time: 3.690000
/bbs/Gossiping/M.1495636310.A.3F5.html download to ptt/Gossiping/21069_11.txt, time: 4.170000
/bbs/Gossiping/M.1495636322.A.141.html download to ptt/Gossiping/21069_12.txt, time: 3.020000
/bbs/Gossiping/M.1495636352.A.3AE.html download to ptt/Gossiping/21069_13.txt, time: 4.070000
/bbs/Gossiping/M.1495636382.A.757.html download to ptt/Gossiping/21069_14.txt, time: 4.620000
/bbs/Gossiping/M.1495636390.A.4E8.html download to ptt/Gossiping/21069_15.txt, time: 5.150000
/bbs/Gossiping/M.1495636426.A.404.html download to ptt/Gossiping/21069_16.txt, time: 7.410000
empty download to ptt/Gossiping/21069_17.txt, time: 0.000000
/bbs/Gossiping/M.1495636440.A.382.html download to ptt/Gossiping/21069_18.txt, time: 5.990000
/bbs/Gossiping/M.1495636489.A.07B.html download to ptt/Gossiping/21069_19.txt, time: 4.400000
page 21068
/bbs/Gossiping/M.1495635509.A.E0C.html download to ptt/Gossiping/21068_0.txt, time: 6.010000
/bbs/Gossiping/M.1495635510.A.FD8.html download to ptt/Gossiping/21068_1.txt, time: 6.870000
/bbs/Gossiping/M.1495635536.A.70A.html download to ptt/Gossiping/21068_2.txt, time: 14.030000
/bbs/Gossiping/M.1495635540.A.B72.html download to ptt/Gossiping/21068_3.txt, time: 8.770000
/bbs/Gossiping/M.1495635540.A.AC5.html download to ptt/Gossiping/21068_4.txt, time: 10.380000
/bbs/Gossiping/M.1495635576.A.CC2.html download to ptt/Gossiping/21068_5.txt, time: 13.420000
/bbs/Gossiping/M.1495635583.A.D37.html download to ptt/Gossiping/21068_6.txt, time: 6.630000
/bbs/Gossiping/M.1495635628.A.C4F.html download to ptt/Gossiping/21068_7.txt, time: 4.520000
/bbs/Gossiping/M.1495635655.A.39C.html download to ptt/Gossiping/21068_8.txt, time: 4.580000
/bbs/Gossiping/M.1495635666.A.37A.html download to ptt/Gossiping/21068_9.txt, time: 3.510000
/bbs/Gossiping/M.1495635668.A.99E.html download to ptt/Gossiping/21068_10.txt, time: 3.590000
/bbs/Gossiping/M.1495635674.A.BC1.html download to ptt/Gossiping/21068_11.txt, time: 5.470000
/bbs/Gossiping/M.1495635802.A.063.html download to ptt/Gossiping/21068_12.txt, time: 4.210000
/bbs/Gossiping/M.1495635857.A.A24.html download to ptt/Gossiping/21068_13.txt, time: 4.810000
/bbs/Gossiping/M.1495635860.A.45A.html download to ptt/Gossiping/21068_14.txt, time: 4.540000
/bbs/Gossiping/M.1495635946.A.F72.html download to ptt/Gossiping/21068_15.txt, time: 3.450000
/bbs/Gossiping/M.1495635951.A.F23.html download to ptt/Gossiping/21068_16.txt, time: 5.610000
/bbs/Gossiping/M.1495636016.A.03C.html download to ptt/Gossiping/21068_17.txt, time: 4.670000
/bbs/Gossiping/M.1495636017.A.06F.html download to ptt/Gossiping/21068_18.txt, time: 5.370000
/bbs/Gossiping/M.1495636047.A.C65.html download to ptt/Gossiping/21068_19.txt, time: 4.380000
page 21067
/bbs/Gossiping/M.1495635254.A.260.html download to ptt/Gossiping/21067_0.txt, time: 4.740000
/bbs/Gossiping/M.1495635259.A.E6D.html download to ptt/Gossiping/21067_1.txt, time: 4.710000
/bbs/Gossiping/M.1495635264.A.A7A.html download to ptt/Gossiping/21067_2.txt, time: 3.140000
/bbs/Gossiping/M.1495635278.A.289.html download to ptt/Gossiping/21067_3.txt, time: 3.290000
/bbs/Gossiping/M.1495635281.A.9C4.html download to ptt/Gossiping/21067_4.txt, time: 5.490000
/bbs/Gossiping/M.1495635308.A.D6D.html download to ptt/Gossiping/21067_5.txt, time: 4.210000
/bbs/Gossiping/M.1495635318.A.6F5.html download to ptt/Gossiping/21067_6.txt, time: 5.550000
/bbs/Gossiping/M.1495635340.A.637.html download to ptt/Gossiping/21067_7.txt, time: 3.990000
/bbs/Gossiping/M.1495635352.A.F0D.html download to ptt/Gossiping/21067_8.txt, time: 3.560000
/bbs/Gossiping/M.1495635363.A.89A.html download to ptt/Gossiping/21067_9.txt, time: 4.250000
/bbs/Gossiping/M.1495635377.A.3A5.html download to ptt/Gossiping/21067_10.txt, time: 3.270000
/bbs/Gossiping/M.1495635378.A.75C.html download to ptt/Gossiping/21067_11.txt, time: 3.820000
/bbs/Gossiping/M.1495635386.A.FA5.html download to ptt/Gossiping/21067_12.txt, time: 4.320000
/bbs/Gossiping/M.1495635388.A.539.html download to ptt/Gossiping/21067_13.txt, time: 4.480000
/bbs/Gossiping/M.1495635407.A.3D9.html download to ptt/Gossiping/21067_14.txt, time: 3.580000
/bbs/Gossiping/M.1495635442.A.C81.html download to ptt/Gossiping/21067_15.txt, time: 3.880000
/bbs/Gossiping/M.1495635452.A.6E5.html download to ptt/Gossiping/21067_16.txt, time: 8.490000
/bbs/Gossiping/M.1495635459.A.897.html download to ptt/Gossiping/21067_17.txt, time: 4.220000
/bbs/Gossiping/M.1495635461.A.41E.html download to ptt/Gossiping/21067_18.txt, time: 4.880000
/bbs/Gossiping/M.1495635509.A.E18.html download to ptt/Gossiping/21067_19.txt, time: 3.690000
page 21066
/bbs/Gossiping/M.1495634897.A.9E9.html download to ptt/Gossiping/21066_0.txt, time: 3.440000
/bbs/Gossiping/M.1495634903.A.8C6.html download to ptt/Gossiping/21066_1.txt, time: 4.110000
/bbs/Gossiping/M.1495634922.A.974.html download to ptt/Gossiping/21066_2.txt, time: 2.970000
/bbs/Gossiping/M.1495634943.A.EBA.html download to ptt/Gossiping/21066_3.txt, time: 4.120000
/bbs/Gossiping/M.1495634962.A.633.html download to ptt/Gossiping/21066_4.txt, time: 3.710000
/bbs/Gossiping/M.1495634962.A.2AD.html download to ptt/Gossiping/21066_5.txt, time: 3.790000
/bbs/Gossiping/M.1495635000.A.139.html download to ptt/Gossiping/21066_6.txt, time: 2.810000
/bbs/Gossiping/M.1495635003.A.931.html download to ptt/Gossiping/21066_7.txt, time: 3.440000
/bbs/Gossiping/M.1495635016.A.6AF.html download to ptt/Gossiping/21066_8.txt, time: 4.400000
/bbs/Gossiping/M.1495635017.A.068.html download to ptt/Gossiping/21066_9.txt, time: 3.590000
/bbs/Gossiping/M.1495635036.A.9ED.html download to ptt/Gossiping/21066_10.txt, time: 3.210000
/bbs/Gossiping/M.1495635082.A.FC5.html download to ptt/Gossiping/21066_11.txt, time: 3.830000
/bbs/Gossiping/M.1495635083.A.2D3.html download to ptt/Gossiping/21066_12.txt, time: 3.570000
/bbs/Gossiping/M.1495635104.A.747.html download to ptt/Gossiping/21066_13.txt, time: 3.450000
/bbs/Gossiping/M.1495635167.A.7BA.html download to ptt/Gossiping/21066_14.txt, time: 3.680000
/bbs/Gossiping/M.1495635172.A.F85.html download to ptt/Gossiping/21066_15.txt, time: 3.080000
/bbs/Gossiping/M.1495635176.A.4E6.html download to ptt/Gossiping/21066_16.txt, time: 5.360000
/bbs/Gossiping/M.1495635180.A.37F.html download to ptt/Gossiping/21066_17.txt, time: 3.830000
/bbs/Gossiping/M.1495635191.A.4C1.html download to ptt/Gossiping/21066_18.txt, time: 4.800000
/bbs/Gossiping/M.1495635236.A.4C8.html download to ptt/Gossiping/21066_19.txt, time: 3.290000
time: 536.8167650699615 seconds
