page 21080
/bbs/Gossiping/M.1495640525.A.7D4.html download to ptt/Gossiping/21080_0.txt, time: 6.820000
/bbs/Gossiping/M.1495640620.A.124.html download to ptt/Gossiping/21080_1.txt, time: 5.170000
/bbs/Gossiping/M.1495640624.A.187.html download to ptt/Gossiping/21080_2.txt, time: 3.800000
/bbs/Gossiping/M.1495640651.A.033.html download to ptt/Gossiping/21080_3.txt, time: 4.910000
/bbs/Gossiping/M.1495640690.A.86D.html download to ptt/Gossiping/21080_4.txt, time: 5.970000
/bbs/Gossiping/M.1495640699.A.FF0.html download to ptt/Gossiping/21080_5.txt, time: 4.800000
/bbs/Gossiping/M.1495640711.A.7DF.html download to ptt/Gossiping/21080_6.txt, time: 4.160000
/bbs/Gossiping/M.1495640727.A.CA4.html download to ptt/Gossiping/21080_7.txt, time: 7.790000
/bbs/Gossiping/M.1495640740.A.AE3.html download to ptt/Gossiping/21080_8.txt, time: 5.050000
/bbs/Gossiping/M.1495640748.A.D2D.html download to ptt/Gossiping/21080_9.txt, time: 4.060000
/bbs/Gossiping/M.1495640778.A.4AB.html download to ptt/Gossiping/21080_10.txt, time: 4.250000
/bbs/Gossiping/M.1495640834.A.62A.html download to ptt/Gossiping/21080_11.txt, time: 6.900000
/bbs/Gossiping/M.1495640873.A.DF3.html download to ptt/Gossiping/21080_12.txt, time: 7.070000
/bbs/Gossiping/M.1495640883.A.99E.html download to ptt/Gossiping/21080_13.txt, time: 6.650000
/bbs/Gossiping/M.1495640886.A.C18.html download to ptt/Gossiping/21080_14.txt, time: 3.880000
/bbs/Gossiping/M.1495640907.A.A3A.html download to ptt/Gossiping/21080_15.txt, time: 4.770000
/bbs/Gossiping/M.1495640926.A.3BF.html download to ptt/Gossiping/21080_16.txt, time: 4.030000
/bbs/Gossiping/M.1495640927.A.A6B.html download to ptt/Gossiping/21080_17.txt, time: 4.260000
/bbs/Gossiping/M.1495641052.A.816.html download to ptt/Gossiping/21080_18.txt, time: 5.480000
/bbs/Gossiping/M.1495641091.A.D0B.html download to ptt/Gossiping/21080_19.txt, time: 5.810000
page 21079
/bbs/Gossiping/M.1495640051.A.13F.html download to ptt/Gossiping/21079_0.txt, time: 4.070000
/bbs/Gossiping/M.1495640071.A.5E4.html download to ptt/Gossiping/21079_1.txt, time: 3.130000
/bbs/Gossiping/M.1495640072.A.CC3.html download to ptt/Gossiping/21079_2.txt, time: 4.520000
/bbs/Gossiping/M.1495640151.A.C6A.html download to ptt/Gossiping/21079_3.txt, time: 5.650000
/bbs/Gossiping/M.1495640169.A.58B.html download to ptt/Gossiping/21079_4.txt, time: 4.520000
/bbs/Gossiping/M.1495640202.A.3E0.html download to ptt/Gossiping/21079_5.txt, time: 4.620000
/bbs/Gossiping/M.1495640251.A.601.html download to ptt/Gossiping/21079_6.txt, time: 4.830000
/bbs/Gossiping/M.1495640267.A.56E.html download to ptt/Gossiping/21079_7.txt, time: 3.890000
/bbs/Gossiping/M.1495640268.A.4CF.html download to ptt/Gossiping/21079_8.txt, time: 3.530000
/bbs/Gossiping/M.1495640295.A.99C.html download to ptt/Gossiping/21079_9.txt, time: 5.230000
/bbs/Gossiping/M.1495640332.A.A6C.html download to ptt/Gossiping/21079_10.txt, time: 4.430000
/bbs/Gossiping/M.1495640358.A.403.html download to ptt/Gossiping/21079_11.txt, time: 4.640000
/bbs/Gossiping/M.1495640376.A.45F.html download to ptt/Gossiping/21079_12.txt, time: 5.970000
/bbs/Gossiping/M.1495640378.A.907.html download to ptt/Gossiping/21079_13.txt, time: 5.160000
/bbs/Gossiping/M.1495640409.A.773.html download to ptt/Gossiping/21079_14.txt, time: 7.440000
/bbs/Gossiping/M.1495640471.A.20C.html download to ptt/Gossiping/21079_15.txt, time: 4.840000
/bbs/Gossiping/M.1495640474.A.F9A.html download to ptt/Gossiping/21079_16.txt, time: 11.140000
/bbs/Gossiping/M.1495640475.A.DA0.html download to ptt/Gossiping/21079_17.txt, time: 7.540000
/bbs/Gossiping/M.1495640509.A.FAA.html download to ptt/Gossiping/21079_18.txt, time: 7.660000
/bbs/Gossiping/M.1495640517.A.3D0.html download to ptt/Gossiping/21079_19.txt, time: 7.350000
page 21078
/bbs/Gossiping/M.1495639755.A.878.html download to ptt/Gossiping/21078_0.txt, time: 4.430000
/bbs/Gossiping/M.1495639786.A.D51.html download to ptt/Gossiping/21078_1.txt, time: 4.040000
/bbs/Gossiping/M.1495639806.A.157.html download to ptt/Gossiping/21078_2.txt, time: 6.330000
/bbs/Gossiping/M.1495639819.A.B5C.html download to ptt/Gossiping/21078_3.txt, time: 6.280000
/bbs/Gossiping/M.1495639820.A.D0C.html download to ptt/Gossiping/21078_4.txt, time: 4.530000
/bbs/Gossiping/M.1495639829.A.D5A.html download to ptt/Gossiping/21078_5.txt, time: 4.360000
/bbs/Gossiping/M.1495639845.A.856.html download to ptt/Gossiping/21078_6.txt, time: 3.720000
/bbs/Gossiping/M.1495639848.A.6BE.html download to ptt/Gossiping/21078_7.txt, time: 4.160000
/bbs/Gossiping/M.1495639856.A.415.html download to ptt/Gossiping/21078_8.txt, time: 6.650000
/bbs/Gossiping/M.1495639867.A.689.html download to ptt/Gossiping/21078_9.txt, time: 5.050000
/bbs/Gossiping/M.1495639869.A.4AA.html download to ptt/Gossiping/21078_10.txt, time: 5.470000
/bbs/Gossiping/M.1495639876.A.B4A.html download to ptt/Gossiping/21078_11.txt, time: 4.250000
/bbs/Gossiping/M.1495639883.A.DE7.html download to ptt/Gossiping/21078_12.txt, time: 5.070000
/bbs/Gossiping/M.1495639914.A.E52.html download to ptt/Gossiping/21078_13.txt, time: 6.630000
/bbs/Gossiping/M.1495639937.A.79D.html download to ptt/Gossiping/21078_14.txt, time: 4.040000
/bbs/Gossiping/M.1495639956.A.77F.html download to ptt/Gossiping/21078_15.txt, time: 3.960000
/bbs/Gossiping/M.1495639960.A.3D4.html download to ptt/Gossiping/21078_16.txt, time: 4.730000
/bbs/Gossiping/M.1495639981.A.606.html download to ptt/Gossiping/21078_17.txt, time: 3.910000
/bbs/Gossiping/M.1495640013.A.20C.html download to ptt/Gossiping/21078_18.txt, time: 4.750000
/bbs/Gossiping/M.1495640032.A.216.html download to ptt/Gossiping/21078_19.txt, time: 3.940000
page 21077
/bbs/Gossiping/M.1495639280.A.E14.html download to ptt/Gossiping/21077_0.txt, time: 6.120000
/bbs/Gossiping/M.1495639314.A.469.html download to ptt/Gossiping/21077_1.txt, time: 6.580000
/bbs/Gossiping/M.1495639320.A.CAB.html download to ptt/Gossiping/21077_2.txt, time: 3.100000
/bbs/Gossiping/M.1495639372.A.7A9.html download to ptt/Gossiping/21077_3.txt, time: 3.560000
/bbs/Gossiping/M.1495639373.A.87C.html download to ptt/Gossiping/21077_4.txt, time: 2.930000
/bbs/Gossiping/M.1495639382.A.44A.html download to ptt/Gossiping/21077_5.txt, time: 4.070000
/bbs/Gossiping/M.1495639386.A.566.html download to ptt/Gossiping/21077_6.txt, time: 5.650000
/bbs/Gossiping/M.1495639409.A.D58.html download to ptt/Gossiping/21077_7.txt, time: 4.280000
/bbs/Gossiping/M.1495639421.A.B64.html download to ptt/Gossiping/21077_8.txt, time: 5.130000
/bbs/Gossiping/M.1495639453.A.9A3.html download to ptt/Gossiping/21077_9.txt, time: 3.730000
/bbs/Gossiping/M.1495639468.A.DFC.html download to ptt/Gossiping/21077_10.txt, time: 3.290000
/bbs/Gossiping/M.1495639516.A.A05.html download to ptt/Gossiping/21077_11.txt, time: 4.080000
/bbs/Gossiping/M.1495639519.A.9FB.html download to ptt/Gossiping/21077_12.txt, time: 3.440000
/bbs/Gossiping/M.1495639531.A.2E6.html download to ptt/Gossiping/21077_13.txt, time: 6.350000
/bbs/Gossiping/M.1495639562.A.7BA.html download to ptt/Gossiping/21077_14.txt, time: 5.350000
/bbs/Gossiping/M.1495639567.A.82D.html download to ptt/Gossiping/21077_15.txt, time: 3.360000
/bbs/Gossiping/M.1495639570.A.A47.html download to ptt/Gossiping/21077_16.txt, time: 3.260000
/bbs/Gossiping/M.1495639665.A.26F.html download to ptt/Gossiping/21077_17.txt, time: 3.600000
/bbs/Gossiping/M.1495639675.A.951.html download to ptt/Gossiping/21077_18.txt, time: 3.130000
/bbs/Gossiping/M.1495639715.A.48F.html download to ptt/Gossiping/21077_19.txt, time: 6.110000
page 21076
/bbs/Gossiping/M.1495638830.A.421.html download to ptt/Gossiping/21076_0.txt, time: 4.720000
/bbs/Gossiping/M.1495638839.A.666.html download to ptt/Gossiping/21076_1.txt, time: 3.630000
/bbs/Gossiping/M.1495638863.A.02C.html download to ptt/Gossiping/21076_2.txt, time: 2.790000
/bbs/Gossiping/M.1495638916.A.D36.html download to ptt/Gossiping/21076_3.txt, time: 3.410000
/bbs/Gossiping/M.1495638992.A.358.html download to ptt/Gossiping/21076_4.txt, time: 3.030000
/bbs/Gossiping/M.1495638992.A.50E.html download to ptt/Gossiping/21076_5.txt, time: 2.720000
/bbs/Gossiping/M.1495639071.A.9A8.html download to ptt/Gossiping/21076_6.txt, time: 4.420000
/bbs/Gossiping/M.1495639083.A.81A.html download to ptt/Gossiping/21076_7.txt, time: 3.710000
/bbs/Gossiping/M.1495639085.A.8DB.html download to ptt/Gossiping/21076_8.txt, time: 3.650000
/bbs/Gossiping/M.1495639096.A.DC2.html download to ptt/Gossiping/21076_9.txt, time: 3.930000
/bbs/Gossiping/M.1495639111.A.0F4.html download to ptt/Gossiping/21076_10.txt, time: 4.660000
/bbs/Gossiping/M.1495639174.A.562.html download to ptt/Gossiping/21076_11.txt, time: 4.140000
/bbs/Gossiping/M.1495639175.A.184.html download to ptt/Gossiping/21076_12.txt, time: 2.810000
/bbs/Gossiping/M.1495639185.A.193.html download to ptt/Gossiping/21076_13.txt, time: 4.140000
/bbs/Gossiping/M.1495639186.A.A01.html download to ptt/Gossiping/21076_14.txt, time: 2.960000
/bbs/Gossiping/M.1495639191.A.416.html download to ptt/Gossiping/21076_15.txt, time: 2.610000
/bbs/Gossiping/M.1495639192.A.66B.html download to ptt/Gossiping/21076_16.txt, time: 7.380000
/bbs/Gossiping/M.1495639201.A.1C8.html download to ptt/Gossiping/21076_17.txt, time: 6.250000
/bbs/Gossiping/M.1495639208.A.ACB.html download to ptt/Gossiping/21076_18.txt, time: 1.690000
/bbs/Gossiping/M.1495639241.A.2EC.html download to ptt/Gossiping/21076_19.txt, time: 2.260000
time: 534.8238823413849 seconds
