page 21100
/bbs/Gossiping/M.1495655919.A.327.html download to ptt/Gossiping/21100_0.txt, time: 6.130000
/bbs/Gossiping/M.1495655995.A.779.html download to ptt/Gossiping/21100_1.txt, time: 4.340000
/bbs/Gossiping/M.1495656110.A.90F.html download to ptt/Gossiping/21100_2.txt, time: 9.530000
/bbs/Gossiping/M.1495656170.A.368.html download to ptt/Gossiping/21100_3.txt, time: 5.600000
/bbs/Gossiping/M.1495656250.A.551.html download to ptt/Gossiping/21100_4.txt, time: 5.080000
/bbs/Gossiping/M.1495656409.A.BE0.html download to ptt/Gossiping/21100_5.txt, time: 3.360000
/bbs/Gossiping/M.1495656524.A.21B.html download to ptt/Gossiping/21100_6.txt, time: 4.670000
/bbs/Gossiping/M.1495656759.A.3B6.html download to ptt/Gossiping/21100_7.txt, time: 5.390000
/bbs/Gossiping/M.1495656940.A.CFB.html download to ptt/Gossiping/21100_8.txt, time: 9.760000
/bbs/Gossiping/M.1495657044.A.458.html download to ptt/Gossiping/21100_9.txt, time: 4.040000
/bbs/Gossiping/M.1495657130.A.301.html download to ptt/Gossiping/21100_10.txt, time: 4.360000
/bbs/Gossiping/M.1495657220.A.8FF.html download to ptt/Gossiping/21100_11.txt, time: 5.170000
/bbs/Gossiping/M.1495657396.A.AB1.html download to ptt/Gossiping/21100_12.txt, time: 5.570000
/bbs/Gossiping/M.1495657465.A.704.html download to ptt/Gossiping/21100_13.txt, time: 5.900000
/bbs/Gossiping/M.1495657585.A.2D2.html download to ptt/Gossiping/21100_14.txt, time: 3.780000
/bbs/Gossiping/M.1495657606.A.654.html download to ptt/Gossiping/21100_15.txt, time: 3.530000
/bbs/Gossiping/M.1495657637.A.360.html download to ptt/Gossiping/21100_16.txt, time: 3.880000
/bbs/Gossiping/M.1495657900.A.9BF.html download to ptt/Gossiping/21100_17.txt, time: 3.930000
/bbs/Gossiping/M.1495657928.A.1B4.html download to ptt/Gossiping/21100_18.txt, time: 4.660000
/bbs/Gossiping/M.1495657964.A.6AB.html download to ptt/Gossiping/21100_19.txt, time: 4.290000
page 21099
/bbs/Gossiping/M.1495653866.A.FB0.html download to ptt/Gossiping/21099_0.txt, time: 3.830000
/bbs/Gossiping/M.1495653906.A.096.html download to ptt/Gossiping/21099_1.txt, time: 4.500000
/bbs/Gossiping/M.1495653984.A.CB3.html download to ptt/Gossiping/21099_2.txt, time: 5.070000
/bbs/Gossiping/M.1495653987.A.BC8.html download to ptt/Gossiping/21099_3.txt, time: 5.530000
/bbs/Gossiping/M.1495654108.A.87B.html download to ptt/Gossiping/21099_4.txt, time: 7.300000
/bbs/Gossiping/M.1495654391.A.323.html download to ptt/Gossiping/21099_5.txt, time: 4.060000
/bbs/Gossiping/M.1495654397.A.E0F.html download to ptt/Gossiping/21099_6.txt, time: 3.830000
/bbs/Gossiping/M.1495654420.A.5F6.html download to ptt/Gossiping/21099_7.txt, time: 4.930000
/bbs/Gossiping/M.1495654474.A.088.html download to ptt/Gossiping/21099_8.txt, time: 3.480000
/bbs/Gossiping/M.1495654672.A.BEB.html download to ptt/Gossiping/21099_9.txt, time: 4.330000
/bbs/Gossiping/M.1495654726.A.C1D.html download to ptt/Gossiping/21099_10.txt, time: 4.700000
/bbs/Gossiping/M.1495654902.A.042.html download to ptt/Gossiping/21099_11.txt, time: 5.380000
/bbs/Gossiping/M.1495655168.A.389.html download to ptt/Gossiping/21099_12.txt, time: 4.590000
/bbs/Gossiping/M.1495655231.A.E19.html download to ptt/Gossiping/21099_13.txt, time: 4.620000
/bbs/Gossiping/M.1495655245.A.182.html download to ptt/Gossiping/21099_14.txt, time: 4.390000
/bbs/Gossiping/M.1495655373.A.21D.html download to ptt/Gossiping/21099_15.txt, time: 3.790000
/bbs/Gossiping/M.1495655389.A.534.html download to ptt/Gossiping/21099_16.txt, time: 3.820000
/bbs/Gossiping/M.1495655559.A.815.html download to ptt/Gossiping/21099_17.txt, time: 5.050000
/bbs/Gossiping/M.1495655613.A.AF1.html download to ptt/Gossiping/21099_18.txt, time: 4.980000
/bbs/Gossiping/M.1495655652.A.DB3.html download to ptt/Gossiping/21099_19.txt, time: 5.240000
page 21098
/bbs/Gossiping/M.1495652442.A.7A0.html download to ptt/Gossiping/21098_0.txt, time: 5.000000
/bbs/Gossiping/M.1495652455.A.179.html download to ptt/Gossiping/21098_1.txt, time: 4.550000
/bbs/Gossiping/M.1495652847.A.DB4.html download to ptt/Gossiping/21098_2.txt, time: 4.800000
/bbs/Gossiping/M.1495652903.A.78B.html download to ptt/Gossiping/21098_3.txt, time: 4.710000
/bbs/Gossiping/M.1495652937.A.DB1.html download to ptt/Gossiping/21098_4.txt, time: 5.880000
/bbs/Gossiping/M.1495652988.A.09A.html download to ptt/Gossiping/21098_5.txt, time: 4.280000
/bbs/Gossiping/M.1495652995.A.C52.html download to ptt/Gossiping/21098_6.txt, time: 4.350000
/bbs/Gossiping/M.1495653003.A.65E.html download to ptt/Gossiping/21098_7.txt, time: 14.970000
/bbs/Gossiping/M.1495653018.A.369.html download to ptt/Gossiping/21098_8.txt, time: 6.840000
/bbs/Gossiping/M.1495653107.A.344.html download to ptt/Gossiping/21098_9.txt, time: 3.510000
/bbs/Gossiping/M.1495653168.A.7DE.html download to ptt/Gossiping/21098_10.txt, time: 3.910000
/bbs/Gossiping/M.1495653195.A.54E.html download to ptt/Gossiping/21098_11.txt, time: 3.820000
/bbs/Gossiping/M.1495653302.A.A1C.html download to ptt/Gossiping/21098_12.txt, time: 4.540000
/bbs/Gossiping/M.1495653352.A.9F4.html download to ptt/Gossiping/21098_13.txt, time: 8.500000
/bbs/Gossiping/M.1495653363.A.7B4.html download to ptt/Gossiping/21098_14.txt, time: 6.310000
/bbs/Gossiping/M.1495653396.A.7A3.html download to ptt/Gossiping/21098_15.txt, time: 14.260000
/bbs/Gossiping/M.1495653602.A.AA3.html download to ptt/Gossiping/21098_16.txt, time: 3.710000
/bbs/Gossiping/M.1495653651.A.94A.html download to ptt/Gossiping/21098_17.txt, time: 5.900000
/bbs/Gossiping/M.1495653722.A.D1A.html download to ptt/Gossiping/21098_18.txt, time: 4.560000
/bbs/Gossiping/M.1495653769.A.41D.html download to ptt/Gossiping/21098_19.txt, time: 4.140000
page 21097
/bbs/Gossiping/M.1495651433.A.BC9.html download to ptt/Gossiping/21097_0.txt, time: 4.100000
/bbs/Gossiping/M.1495651439.A.B70.html download to ptt/Gossiping/21097_1.txt, time: 3.160000
/bbs/Gossiping/M.1495651530.A.00A.html download to ptt/Gossiping/21097_2.txt, time: 4.050000
/bbs/Gossiping/M.1495651544.A.118.html download to ptt/Gossiping/21097_3.txt, time: 3.570000
/bbs/Gossiping/M.1495651584.A.A76.html download to ptt/Gossiping/21097_4.txt, time: 3.870000
/bbs/Gossiping/M.1495651603.A.B98.html download to ptt/Gossiping/21097_5.txt, time: 3.120000
/bbs/Gossiping/M.1495651671.A.4CA.html download to ptt/Gossiping/21097_6.txt, time: 5.540000
/bbs/Gossiping/M.1495651859.A.195.html download to ptt/Gossiping/21097_7.txt, time: 4.220000
/bbs/Gossiping/M.1495651968.A.A48.html download to ptt/Gossiping/21097_8.txt, time: 4.760000
/bbs/Gossiping/M.1495651989.A.CB0.html download to ptt/Gossiping/21097_9.txt, time: 4.950000
/bbs/Gossiping/M.1495652059.A.A15.html download to ptt/Gossiping/21097_10.txt, time: 3.550000
/bbs/Gossiping/M.1495652070.A.8D0.html download to ptt/Gossiping/21097_11.txt, time: 4.570000
/bbs/Gossiping/M.1495652121.A.D26.html download to ptt/Gossiping/21097_12.txt, time: 3.420000
/bbs/Gossiping/M.1495652307.A.2CE.html download to ptt/Gossiping/21097_13.txt, time: 4.380000
/bbs/Gossiping/M.1495652333.A.9C2.html download to ptt/Gossiping/21097_14.txt, time: 4.510000
/bbs/Gossiping/M.1495652338.A.141.html download to ptt/Gossiping/21097_15.txt, time: 6.300000
/bbs/Gossiping/M.1495652393.A.7AA.html download to ptt/Gossiping/21097_16.txt, time: 5.850000
/bbs/Gossiping/M.1495652411.A.FC0.html download to ptt/Gossiping/21097_17.txt, time: 3.770000
/bbs/Gossiping/M.1495652415.A.19C.html download to ptt/Gossiping/21097_18.txt, time: 3.820000
/bbs/Gossiping/M.1495652428.A.C9A.html download to ptt/Gossiping/21097_19.txt, time: 3.240000
page 21096
/bbs/Gossiping/M.1495650186.A.B40.html download to ptt/Gossiping/21096_0.txt, time: 4.190000
/bbs/Gossiping/M.1495650214.A.693.html download to ptt/Gossiping/21096_1.txt, time: 5.800000
/bbs/Gossiping/M.1495650276.A.F84.html download to ptt/Gossiping/21096_2.txt, time: 6.810000
/bbs/Gossiping/M.1495650443.A.477.html download to ptt/Gossiping/21096_3.txt, time: 3.580000
/bbs/Gossiping/M.1495650471.A.483.html download to ptt/Gossiping/21096_4.txt, time: 3.270000
/bbs/Gossiping/M.1495650752.A.D46.html download to ptt/Gossiping/21096_5.txt, time: 2.910000
/bbs/Gossiping/M.1495650776.A.07E.html download to ptt/Gossiping/21096_6.txt, time: 4.550000
/bbs/Gossiping/M.1495650804.A.0B2.html download to ptt/Gossiping/21096_7.txt, time: 3.390000
/bbs/Gossiping/M.1495650821.A.37C.html download to ptt/Gossiping/21096_8.txt, time: 4.990000
/bbs/Gossiping/M.1495650836.A.AF6.html download to ptt/Gossiping/21096_9.txt, time: 3.320000
/bbs/Gossiping/M.1495650931.A.454.html download to ptt/Gossiping/21096_10.txt, time: 4.310000
/bbs/Gossiping/M.1495650996.A.3EF.html download to ptt/Gossiping/21096_11.txt, time: 2.800000
/bbs/Gossiping/M.1495650997.A.ECB.html download to ptt/Gossiping/21096_12.txt, time: 3.620000
/bbs/Gossiping/M.1495651050.A.4C9.html download to ptt/Gossiping/21096_13.txt, time: 2.720000
/bbs/Gossiping/M.1495651065.A.4DB.html download to ptt/Gossiping/21096_14.txt, time: 2.430000
/bbs/Gossiping/M.1495651088.A.D0C.html download to ptt/Gossiping/21096_15.txt, time: 3.460000
/bbs/Gossiping/M.1495651095.A.7E9.html download to ptt/Gossiping/21096_16.txt, time: 3.010000
/bbs/Gossiping/M.1495651197.A.970.html download to ptt/Gossiping/21096_17.txt, time: 8.240000
/bbs/Gossiping/M.1495651352.A.37E.html download to ptt/Gossiping/21096_18.txt, time: 8.960000
/bbs/Gossiping/M.1495651378.A.7A3.html download to ptt/Gossiping/21096_19.txt, time: 1.640000
time: 542.8857176303864 seconds
