page 21110
/bbs/Gossiping/M.1495674622.A.5C7.html download to ptt/Gossiping/21110_0.txt, time: 3.870000
/bbs/Gossiping/M.1495674676.A.D33.html download to ptt/Gossiping/21110_1.txt, time: 3.670000
/bbs/Gossiping/M.1495674679.A.939.html download to ptt/Gossiping/21110_2.txt, time: 5.090000
/bbs/Gossiping/M.1495674702.A.D91.html download to ptt/Gossiping/21110_3.txt, time: 6.960000
/bbs/Gossiping/M.1495674704.A.3E1.html download to ptt/Gossiping/21110_4.txt, time: 4.850000
/bbs/Gossiping/M.1495674717.A.5A3.html download to ptt/Gossiping/21110_5.txt, time: 3.420000
/bbs/Gossiping/M.1495674744.A.E67.html download to ptt/Gossiping/21110_6.txt, time: 4.520000
/bbs/Gossiping/M.1495674754.A.56A.html download to ptt/Gossiping/21110_7.txt, time: 4.720000
/bbs/Gossiping/M.1495674793.A.F36.html download to ptt/Gossiping/21110_8.txt, time: 5.370000
/bbs/Gossiping/M.1495674850.A.12A.html download to ptt/Gossiping/21110_9.txt, time: 6.160000
/bbs/Gossiping/M.1495674872.A.E99.html download to ptt/Gossiping/21110_10.txt, time: 8.860000
/bbs/Gossiping/M.1495674891.A.9FC.html download to ptt/Gossiping/21110_11.txt, time: 4.250000
/bbs/Gossiping/M.1495674895.A.5BB.html download to ptt/Gossiping/21110_12.txt, time: 5.750000
/bbs/Gossiping/M.1495674905.A.27D.html download to ptt/Gossiping/21110_13.txt, time: 5.430000
/bbs/Gossiping/M.1495675038.A.A01.html download to ptt/Gossiping/21110_14.txt, time: 6.300000
/bbs/Gossiping/M.1495675057.A.BA1.html download to ptt/Gossiping/21110_15.txt, time: 6.250000
/bbs/Gossiping/M.1495675071.A.99F.html download to ptt/Gossiping/21110_16.txt, time: 4.190000
/bbs/Gossiping/M.1495675072.A.217.html download to ptt/Gossiping/21110_17.txt, time: 4.700000
/bbs/Gossiping/M.1495675084.A.506.html download to ptt/Gossiping/21110_18.txt, time: 5.090000
/bbs/Gossiping/M.1495675113.A.B7E.html download to ptt/Gossiping/21110_19.txt, time: 5.380000
page 21109
/bbs/Gossiping/M.1495674066.A.61C.html download to ptt/Gossiping/21109_0.txt, time: 4.640000
/bbs/Gossiping/M.1495674089.A.F99.html download to ptt/Gossiping/21109_1.txt, time: 4.490000
/bbs/Gossiping/M.1495674248.A.25E.html download to ptt/Gossiping/21109_2.txt, time: 5.390000
/bbs/Gossiping/M.1495674259.A.17A.html download to ptt/Gossiping/21109_3.txt, time: 4.020000
/bbs/Gossiping/M.1495674290.A.37D.html download to ptt/Gossiping/21109_4.txt, time: 5.510000
empty download to ptt/Gossiping/21109_5.txt, time: 0.000000
/bbs/Gossiping/M.1495674348.A.EE8.html download to ptt/Gossiping/21109_6.txt, time: 4.850000
/bbs/Gossiping/M.1495674355.A.F10.html download to ptt/Gossiping/21109_7.txt, time: 4.560000
/bbs/Gossiping/M.1495674359.A.2F6.html download to ptt/Gossiping/21109_8.txt, time: 5.390000
/bbs/Gossiping/M.1495674418.A.71D.html download to ptt/Gossiping/21109_9.txt, time: 6.260000
/bbs/Gossiping/M.1495674470.A.CE7.html download to ptt/Gossiping/21109_10.txt, time: 4.850000
/bbs/Gossiping/M.1495674471.A.E13.html download to ptt/Gossiping/21109_11.txt, time: 5.690000
/bbs/Gossiping/M.1495674505.A.8B5.html download to ptt/Gossiping/21109_12.txt, time: 5.350000
/bbs/Gossiping/M.1495674509.A.F6E.html download to ptt/Gossiping/21109_13.txt, time: 4.210000
/bbs/Gossiping/M.1495674523.A.2E7.html download to ptt/Gossiping/21109_14.txt, time: 4.530000
/bbs/Gossiping/M.1495674526.A.01C.html download to ptt/Gossiping/21109_15.txt, time: 4.180000
/bbs/Gossiping/M.1495674526.A.99F.html download to ptt/Gossiping/21109_16.txt, time: 5.160000
/bbs/Gossiping/M.1495674562.A.A1A.html download to ptt/Gossiping/21109_17.txt, time: 10.290000
/bbs/Gossiping/M.1495674567.A.3CC.html download to ptt/Gossiping/21109_18.txt, time: 8.110000
/bbs/Gossiping/M.1495674595.A.ABF.html download to ptt/Gossiping/21109_19.txt, time: 3.960000
page 21108
/bbs/Gossiping/M.1495673100.A.2F0.html download to ptt/Gossiping/21108_0.txt, time: 5.990000
/bbs/Gossiping/M.1495673264.A.943.html download to ptt/Gossiping/21108_1.txt, time: 6.580000
/bbs/Gossiping/M.1495673348.A.94F.html download to ptt/Gossiping/21108_2.txt, time: 5.260000
/bbs/Gossiping/M.1495673468.A.AED.html download to ptt/Gossiping/21108_3.txt, time: 9.460000
/bbs/Gossiping/M.1495673471.A.3B3.html download to ptt/Gossiping/21108_4.txt, time: 5.140000
/bbs/Gossiping/M.1495673546.A.796.html download to ptt/Gossiping/21108_5.txt, time: 8.740000
/bbs/Gossiping/M.1495673581.A.A10.html download to ptt/Gossiping/21108_6.txt, time: 3.930000
/bbs/Gossiping/M.1495673612.A.6D2.html download to ptt/Gossiping/21108_7.txt, time: 5.650000
/bbs/Gossiping/M.1495673647.A.050.html download to ptt/Gossiping/21108_8.txt, time: 7.350000
/bbs/Gossiping/M.1495673687.A.6FF.html download to ptt/Gossiping/21108_9.txt, time: 10.740000
/bbs/Gossiping/M.1495673733.A.221.html download to ptt/Gossiping/21108_10.txt, time: 4.570000
/bbs/Gossiping/M.1495673746.A.FE6.html download to ptt/Gossiping/21108_11.txt, time: 3.600000
/bbs/Gossiping/M.1495673746.A.5A1.html download to ptt/Gossiping/21108_12.txt, time: 12.370000
/bbs/Gossiping/M.1495673800.A.FB1.html download to ptt/Gossiping/21108_13.txt, time: 5.030000
/bbs/Gossiping/M.1495673905.A.69E.html download to ptt/Gossiping/21108_14.txt, time: 3.320000
/bbs/Gossiping/M.1495673908.A.CFB.html download to ptt/Gossiping/21108_15.txt, time: 6.230000
/bbs/Gossiping/M.1495673911.A.FD5.html download to ptt/Gossiping/21108_16.txt, time: 4.490000
/bbs/Gossiping/M.1495673920.A.AB7.html download to ptt/Gossiping/21108_17.txt, time: 3.140000
/bbs/Gossiping/M.1495673947.A.9C1.html download to ptt/Gossiping/21108_18.txt, time: 4.960000
/bbs/Gossiping/M.1495674052.A.7D4.html download to ptt/Gossiping/21108_19.txt, time: 2.660000
page 21107
/bbs/Gossiping/M.1495672292.A.4DC.html download to ptt/Gossiping/21107_0.txt, time: 5.330000
/bbs/Gossiping/M.1495672333.A.E66.html download to ptt/Gossiping/21107_1.txt, time: 3.480000
/bbs/Gossiping/M.1495672356.A.818.html download to ptt/Gossiping/21107_2.txt, time: 3.300000
/bbs/Gossiping/M.1495672394.A.D5F.html download to ptt/Gossiping/21107_3.txt, time: 3.270000
/bbs/Gossiping/M.1495672460.A.BA9.html download to ptt/Gossiping/21107_4.txt, time: 3.750000
/bbs/Gossiping/M.1495672488.A.760.html download to ptt/Gossiping/21107_5.txt, time: 3.220000
/bbs/Gossiping/M.1495672495.A.F88.html download to ptt/Gossiping/21107_6.txt, time: 1.720000
/bbs/Gossiping/M.1495672517.A.239.html download to ptt/Gossiping/21107_7.txt, time: 4.410000
/bbs/Gossiping/M.1495672519.A.09D.html download to ptt/Gossiping/21107_8.txt, time: 3.370000
/bbs/Gossiping/M.1495672531.A.DC1.html download to ptt/Gossiping/21107_9.txt, time: 4.090000
/bbs/Gossiping/M.1495672577.A.137.html download to ptt/Gossiping/21107_10.txt, time: 2.370000
/bbs/Gossiping/M.1495672583.A.E16.html download to ptt/Gossiping/21107_11.txt, time: 3.390000
/bbs/Gossiping/M.1495672666.A.C1B.html download to ptt/Gossiping/21107_12.txt, time: 3.540000
/bbs/Gossiping/M.1495672683.A.2CD.html download to ptt/Gossiping/21107_13.txt, time: 4.850000
/bbs/Gossiping/M.1495672745.A.120.html download to ptt/Gossiping/21107_14.txt, time: 7.100000
/bbs/Gossiping/M.1495672781.A.7AA.html download to ptt/Gossiping/21107_15.txt, time: 4.000000
/bbs/Gossiping/M.1495672872.A.079.html download to ptt/Gossiping/21107_16.txt, time: 3.570000
/bbs/Gossiping/M.1495672938.A.530.html download to ptt/Gossiping/21107_17.txt, time: 3.710000
/bbs/Gossiping/M.1495672951.A.2AB.html download to ptt/Gossiping/21107_18.txt, time: 3.570000
/bbs/Gossiping/M.1495673096.A.29D.html download to ptt/Gossiping/21107_19.txt, time: 4.690000
page 21106
/bbs/Gossiping/M.1495670824.A.BE4.html download to ptt/Gossiping/21106_0.txt, time: 4.430000
/bbs/Gossiping/M.1495671112.A.114.html download to ptt/Gossiping/21106_1.txt, time: 4.060000
/bbs/Gossiping/M.1495671373.A.977.html download to ptt/Gossiping/21106_2.txt, time: 3.740000
/bbs/Gossiping/M.1495671480.A.7E5.html download to ptt/Gossiping/21106_3.txt, time: 2.750000
/bbs/Gossiping/M.1495671600.A.30E.html download to ptt/Gossiping/21106_4.txt, time: 4.230000
empty download to ptt/Gossiping/21106_5.txt, time: 0.000000
/bbs/Gossiping/M.1495671660.A.F28.html download to ptt/Gossiping/21106_6.txt, time: 2.700000
/bbs/Gossiping/M.1495671763.A.6D7.html download to ptt/Gossiping/21106_7.txt, time: 4.850000
/bbs/Gossiping/M.1495671781.A.846.html download to ptt/Gossiping/21106_8.txt, time: 4.560000
/bbs/Gossiping/M.1495671783.A.5A3.html download to ptt/Gossiping/21106_9.txt, time: 3.040000
/bbs/Gossiping/M.1495671836.A.C11.html download to ptt/Gossiping/21106_10.txt, time: 2.180000
/bbs/Gossiping/M.1495671927.A.79C.html download to ptt/Gossiping/21106_11.txt, time: 3.340000
/bbs/Gossiping/M.1495671962.A.FCE.html download to ptt/Gossiping/21106_12.txt, time: 4.350000
/bbs/Gossiping/M.1495671963.A.835.html download to ptt/Gossiping/21106_13.txt, time: 3.060000
/bbs/Gossiping/M.1495672014.A.AC2.html download to ptt/Gossiping/21106_14.txt, time: 3.700000
/bbs/Gossiping/M.1495672044.A.3E5.html download to ptt/Gossiping/21106_15.txt, time: 2.930000
/bbs/Gossiping/M.1495672045.A.601.html download to ptt/Gossiping/21106_16.txt, time: 3.630000
/bbs/Gossiping/M.1495672061.A.E79.html download to ptt/Gossiping/21106_17.txt, time: 2.430000
/bbs/Gossiping/M.1495672210.A.A53.html download to ptt/Gossiping/21106_18.txt, time: 4.070000
/bbs/Gossiping/M.1495672262.A.45E.html download to ptt/Gossiping/21106_19.txt, time: 4.990000
time: 539.3173642158508 seconds
