page 21120
/bbs/Gossiping/M.1495679800.A.CCD.html download to ptt/Gossiping/21120_0.txt, time: 6.140000
/bbs/Gossiping/M.1495679880.A.B3E.html download to ptt/Gossiping/21120_1.txt, time: 5.470000
/bbs/Gossiping/M.1495679925.A.683.html download to ptt/Gossiping/21120_2.txt, time: 4.960000
/bbs/Gossiping/M.1495679986.A.652.html download to ptt/Gossiping/21120_3.txt, time: 4.850000
/bbs/Gossiping/M.1495679998.A.28D.html download to ptt/Gossiping/21120_4.txt, time: 7.660000
/bbs/Gossiping/M.1495680019.A.0E5.html download to ptt/Gossiping/21120_5.txt, time: 6.120000
/bbs/Gossiping/M.1495680074.A.F20.html download to ptt/Gossiping/21120_6.txt, time: 3.260000
/bbs/Gossiping/M.1495680114.A.AB2.html download to ptt/Gossiping/21120_7.txt, time: 3.860000
/bbs/Gossiping/M.1495680128.A.3C3.html download to ptt/Gossiping/21120_8.txt, time: 4.270000
/bbs/Gossiping/M.1495680146.A.818.html download to ptt/Gossiping/21120_9.txt, time: 4.880000
/bbs/Gossiping/M.1495680179.A.678.html download to ptt/Gossiping/21120_10.txt, time: 3.960000
/bbs/Gossiping/M.1495680203.A.520.html download to ptt/Gossiping/21120_11.txt, time: 6.620000
/bbs/Gossiping/M.1495680245.A.12F.html download to ptt/Gossiping/21120_12.txt, time: 5.680000
/bbs/Gossiping/M.1495680272.A.F84.html download to ptt/Gossiping/21120_13.txt, time: 3.420000
/bbs/Gossiping/M.1495680273.A.154.html download to ptt/Gossiping/21120_14.txt, time: 5.440000
/bbs/Gossiping/M.1495680310.A.936.html download to ptt/Gossiping/21120_15.txt, time: 4.150000
/bbs/Gossiping/M.1495680350.A.E7A.html download to ptt/Gossiping/21120_16.txt, time: 3.400000
/bbs/Gossiping/M.1495680420.A.628.html download to ptt/Gossiping/21120_17.txt, time: 4.180000
/bbs/Gossiping/M.1495680421.A.39F.html download to ptt/Gossiping/21120_18.txt, time: 4.810000
/bbs/Gossiping/M.1495680497.A.589.html download to ptt/Gossiping/21120_19.txt, time: 4.680000
page 21119
/bbs/Gossiping/M.1495679456.A.203.html download to ptt/Gossiping/21119_0.txt, time: 5.040000
/bbs/Gossiping/M.1495679465.A.16D.html download to ptt/Gossiping/21119_1.txt, time: 5.870000
/bbs/Gossiping/M.1495679475.A.A7D.html download to ptt/Gossiping/21119_2.txt, time: 5.190000
/bbs/Gossiping/M.1495679541.A.A4D.html download to ptt/Gossiping/21119_3.txt, time: 6.430000
/bbs/Gossiping/M.1495679565.A.C8F.html download to ptt/Gossiping/21119_4.txt, time: 4.890000
/bbs/Gossiping/M.1495679580.A.4F0.html download to ptt/Gossiping/21119_5.txt, time: 4.080000
/bbs/Gossiping/M.1495679609.A.830.html download to ptt/Gossiping/21119_6.txt, time: 4.180000
/bbs/Gossiping/M.1495679629.A.746.html download to ptt/Gossiping/21119_7.txt, time: 8.120000
/bbs/Gossiping/M.1495679661.A.3E5.html download to ptt/Gossiping/21119_8.txt, time: 5.560000
/bbs/Gossiping/M.1495679666.A.408.html download to ptt/Gossiping/21119_9.txt, time: 5.550000
/bbs/Gossiping/M.1495679671.A.698.html download to ptt/Gossiping/21119_10.txt, time: 4.640000
/bbs/Gossiping/M.1495679680.A.1E5.html download to ptt/Gossiping/21119_11.txt, time: 5.210000
/bbs/Gossiping/M.1495679722.A.BB1.html download to ptt/Gossiping/21119_12.txt, time: 5.850000
/bbs/Gossiping/M.1495679738.A.4DE.html download to ptt/Gossiping/21119_13.txt, time: 5.070000
/bbs/Gossiping/M.1495679744.A.F33.html download to ptt/Gossiping/21119_14.txt, time: 6.400000
/bbs/Gossiping/M.1495679748.A.9FF.html download to ptt/Gossiping/21119_15.txt, time: 3.560000
/bbs/Gossiping/M.1495679749.A.D95.html download to ptt/Gossiping/21119_16.txt, time: 4.600000
/bbs/Gossiping/M.1495679753.A.B9F.html download to ptt/Gossiping/21119_17.txt, time: 4.950000
/bbs/Gossiping/M.1495679785.A.6F6.html download to ptt/Gossiping/21119_18.txt, time: 5.900000
/bbs/Gossiping/M.1495679785.A.23E.html download to ptt/Gossiping/21119_19.txt, time: 7.510000
page 21118
/bbs/Gossiping/M.1495679091.A.B1C.html download to ptt/Gossiping/21118_0.txt, time: 16.480000
/bbs/Gossiping/M.1495679112.A.FE1.html download to ptt/Gossiping/21118_1.txt, time: 9.450000
/bbs/Gossiping/M.1495679113.A.C82.html download to ptt/Gossiping/21118_2.txt, time: 6.570000
/bbs/Gossiping/M.1495679125.A.F80.html download to ptt/Gossiping/21118_3.txt, time: 5.890000
/bbs/Gossiping/M.1495679133.A.1F2.html download to ptt/Gossiping/21118_4.txt, time: 6.590000
/bbs/Gossiping/M.1495679146.A.E05.html download to ptt/Gossiping/21118_5.txt, time: 6.660000
/bbs/Gossiping/M.1495679215.A.275.html download to ptt/Gossiping/21118_6.txt, time: 8.430000
/bbs/Gossiping/M.1495679229.A.A77.html download to ptt/Gossiping/21118_7.txt, time: 6.480000
/bbs/Gossiping/M.1495679239.A.689.html download to ptt/Gossiping/21118_8.txt, time: 4.780000
/bbs/Gossiping/M.1495679264.A.22E.html download to ptt/Gossiping/21118_9.txt, time: 6.010000
/bbs/Gossiping/M.1495679269.A.637.html download to ptt/Gossiping/21118_10.txt, time: 5.490000
/bbs/Gossiping/M.1495679304.A.178.html download to ptt/Gossiping/21118_11.txt, time: 3.660000
/bbs/Gossiping/M.1495679335.A.BD2.html download to ptt/Gossiping/21118_12.txt, time: 3.170000
/bbs/Gossiping/M.1495679351.A.BEE.html download to ptt/Gossiping/21118_13.txt, time: 3.640000
/bbs/Gossiping/M.1495679364.A.28A.html download to ptt/Gossiping/21118_14.txt, time: 3.540000
/bbs/Gossiping/M.1495679377.A.A6A.html download to ptt/Gossiping/21118_15.txt, time: 4.640000
/bbs/Gossiping/M.1495679385.A.65D.html download to ptt/Gossiping/21118_16.txt, time: 3.670000
/bbs/Gossiping/M.1495679408.A.B2B.html download to ptt/Gossiping/21118_17.txt, time: 5.190000
/bbs/Gossiping/M.1495679413.A.7BA.html download to ptt/Gossiping/21118_18.txt, time: 3.060000
/bbs/Gossiping/M.1495679413.A.13E.html download to ptt/Gossiping/21118_19.txt, time: 4.800000
page 21117
/bbs/Gossiping/M.1495678313.A.D38.html download to ptt/Gossiping/21117_0.txt, time: 4.120000
/bbs/Gossiping/M.1495678360.A.4E9.html download to ptt/Gossiping/21117_1.txt, time: 3.610000
/bbs/Gossiping/M.1495678367.A.709.html download to ptt/Gossiping/21117_2.txt, time: 4.160000
/bbs/Gossiping/M.1495678372.A.0AF.html download to ptt/Gossiping/21117_3.txt, time: 3.590000
/bbs/Gossiping/M.1495678404.A.D5E.html download to ptt/Gossiping/21117_4.txt, time: 5.640000
/bbs/Gossiping/M.1495678419.A.DF4.html download to ptt/Gossiping/21117_5.txt, time: 5.150000
/bbs/Gossiping/M.1495678493.A.75E.html download to ptt/Gossiping/21117_6.txt, time: 3.020000
/bbs/Gossiping/M.1495678498.A.172.html download to ptt/Gossiping/21117_7.txt, time: 3.820000
/bbs/Gossiping/M.1495678548.A.7F7.html download to ptt/Gossiping/21117_8.txt, time: 5.430000
/bbs/Gossiping/M.1495678550.A.A44.html download to ptt/Gossiping/21117_9.txt, time: 3.820000
/bbs/Gossiping/M.1495678771.A.649.html download to ptt/Gossiping/21117_10.txt, time: 5.480000
/bbs/Gossiping/M.1495678782.A.7E1.html download to ptt/Gossiping/21117_11.txt, time: 4.070000
/bbs/Gossiping/M.1495678793.A.C30.html download to ptt/Gossiping/21117_12.txt, time: 3.490000
/bbs/Gossiping/M.1495678931.A.1DE.html download to ptt/Gossiping/21117_13.txt, time: 4.220000
/bbs/Gossiping/M.1495678932.A.2FF.html download to ptt/Gossiping/21117_14.txt, time: 2.940000
/bbs/Gossiping/M.1495678932.A.17E.html download to ptt/Gossiping/21117_15.txt, time: 4.340000
/bbs/Gossiping/M.1495678949.A.41A.html download to ptt/Gossiping/21117_16.txt, time: 6.170000
/bbs/Gossiping/M.1495678991.A.B93.html download to ptt/Gossiping/21117_17.txt, time: 4.430000
/bbs/Gossiping/M.1495679015.A.282.html download to ptt/Gossiping/21117_18.txt, time: 3.050000
/bbs/Gossiping/M.1495679067.A.B4C.html download to ptt/Gossiping/21117_19.txt, time: 3.350000
page 21116
/bbs/Gossiping/M.1495677743.A.9A1.html download to ptt/Gossiping/21116_0.txt, time: 4.400000
/bbs/Gossiping/M.1495677768.A.996.html download to ptt/Gossiping/21116_1.txt, time: 6.340000
/bbs/Gossiping/M.1495677772.A.B90.html download to ptt/Gossiping/21116_2.txt, time: 3.820000
/bbs/Gossiping/M.1495677800.A.09E.html download to ptt/Gossiping/21116_3.txt, time: 3.580000
/bbs/Gossiping/M.1495677807.A.90C.html download to ptt/Gossiping/21116_4.txt, time: 3.830000
/bbs/Gossiping/M.1495677823.A.C78.html download to ptt/Gossiping/21116_5.txt, time: 3.510000
/bbs/Gossiping/M.1495677845.A.945.html download to ptt/Gossiping/21116_6.txt, time: 2.990000
/bbs/Gossiping/M.1495677845.A.A01.html download to ptt/Gossiping/21116_7.txt, time: 3.190000
/bbs/Gossiping/M.1495677908.A.11B.html download to ptt/Gossiping/21116_8.txt, time: 3.760000
/bbs/Gossiping/M.1495677950.A.6A4.html download to ptt/Gossiping/21116_9.txt, time: 3.780000
/bbs/Gossiping/M.1495677950.A.623.html download to ptt/Gossiping/21116_10.txt, time: 4.210000
/bbs/Gossiping/M.1495677961.A.3DC.html download to ptt/Gossiping/21116_11.txt, time: 3.820000
/bbs/Gossiping/M.1495677987.A.3FD.html download to ptt/Gossiping/21116_12.txt, time: 2.930000
/bbs/Gossiping/M.1495678003.A.2F1.html download to ptt/Gossiping/21116_13.txt, time: 2.110000
/bbs/Gossiping/M.1495678010.A.FE0.html download to ptt/Gossiping/21116_14.txt, time: 4.520000
/bbs/Gossiping/M.1495678037.A.A28.html download to ptt/Gossiping/21116_15.txt, time: 2.610000
/bbs/Gossiping/M.1495678043.A.9EC.html download to ptt/Gossiping/21116_16.txt, time: 3.990000
/bbs/Gossiping/M.1495678125.A.F1B.html download to ptt/Gossiping/21116_17.txt, time: 3.430000
/bbs/Gossiping/M.1495678168.A.598.html download to ptt/Gossiping/21116_18.txt, time: 3.340000
/bbs/Gossiping/M.1495678232.A.2FF.html download to ptt/Gossiping/21116_19.txt, time: 3.500000
time: 539.9881277084351 seconds
