page 21130
/bbs/Gossiping/M.1495685284.A.B38.html download to ptt/Gossiping/21130_0.txt, time: 5.300000
/bbs/Gossiping/M.1495685323.A.74B.html download to ptt/Gossiping/21130_1.txt, time: 5.860000
/bbs/Gossiping/M.1495685409.A.3CA.html download to ptt/Gossiping/21130_2.txt, time: 5.230000
/bbs/Gossiping/M.1495685419.A.220.html download to ptt/Gossiping/21130_3.txt, time: 7.410000
/bbs/Gossiping/M.1495685430.A.74E.html download to ptt/Gossiping/21130_4.txt, time: 6.780000
/bbs/Gossiping/M.1495685517.A.634.html download to ptt/Gossiping/21130_5.txt, time: 3.100000
/bbs/Gossiping/M.1495685521.A.C63.html download to ptt/Gossiping/21130_6.txt, time: 6.300000
/bbs/Gossiping/M.1495685526.A.8BF.html download to ptt/Gossiping/21130_7.txt, time: 4.710000
/bbs/Gossiping/M.1495685528.A.CB8.html download to ptt/Gossiping/21130_8.txt, time: 5.460000
/bbs/Gossiping/M.1495685569.A.17E.html download to ptt/Gossiping/21130_9.txt, time: 5.610000
/bbs/Gossiping/M.1495685613.A.09F.html download to ptt/Gossiping/21130_10.txt, time: 7.710000
/bbs/Gossiping/M.1495685635.A.E00.html download to ptt/Gossiping/21130_11.txt, time: 4.060000
/bbs/Gossiping/M.1495685649.A.A98.html download to ptt/Gossiping/21130_12.txt, time: 6.290000
/bbs/Gossiping/M.1495685674.A.9DE.html download to ptt/Gossiping/21130_13.txt, time: 7.310000
/bbs/Gossiping/M.1495685676.A.048.html download to ptt/Gossiping/21130_14.txt, time: 3.220000
/bbs/Gossiping/M.1495685732.A.E2C.html download to ptt/Gossiping/21130_15.txt, time: 5.110000
/bbs/Gossiping/M.1495685768.A.F2A.html download to ptt/Gossiping/21130_16.txt, time: 6.530000
/bbs/Gossiping/M.1495685786.A.933.html download to ptt/Gossiping/21130_17.txt, time: 2.850000
/bbs/Gossiping/M.1495685825.A.EFD.html download to ptt/Gossiping/21130_18.txt, time: 5.490000
/bbs/Gossiping/M.1495685865.A.44E.html download to ptt/Gossiping/21130_19.txt, time: 4.230000
page 21129
/bbs/Gossiping/M.1495684699.A.9FF.html download to ptt/Gossiping/21129_0.txt, time: 4.890000
/bbs/Gossiping/M.1495684708.A.53D.html download to ptt/Gossiping/21129_1.txt, time: 5.410000
/bbs/Gossiping/M.1495684730.A.020.html download to ptt/Gossiping/21129_2.txt, time: 3.430000
/bbs/Gossiping/M.1495684733.A.0BB.html download to ptt/Gossiping/21129_3.txt, time: 5.390000
/bbs/Gossiping/M.1495684740.A.465.html download to ptt/Gossiping/21129_4.txt, time: 7.900000
/bbs/Gossiping/M.1495684748.A.C4A.html download to ptt/Gossiping/21129_5.txt, time: 5.100000
/bbs/Gossiping/M.1495684771.A.8C1.html download to ptt/Gossiping/21129_6.txt, time: 4.940000
/bbs/Gossiping/M.1495684783.A.290.html download to ptt/Gossiping/21129_7.txt, time: 5.400000
/bbs/Gossiping/M.1495684791.A.D29.html download to ptt/Gossiping/21129_8.txt, time: 4.450000
/bbs/Gossiping/M.1495684822.A.39D.html download to ptt/Gossiping/21129_9.txt, time: 4.920000
/bbs/Gossiping/M.1495684883.A.000.html download to ptt/Gossiping/21129_10.txt, time: 4.480000
/bbs/Gossiping/M.1495684893.A.B94.html download to ptt/Gossiping/21129_11.txt, time: 4.530000
/bbs/Gossiping/M.1495684897.A.10C.html download to ptt/Gossiping/21129_12.txt, time: 3.580000
/bbs/Gossiping/M.1495684937.A.8E2.html download to ptt/Gossiping/21129_13.txt, time: 4.630000
/bbs/Gossiping/M.1495684981.A.928.html download to ptt/Gossiping/21129_14.txt, time: 6.130000
/bbs/Gossiping/M.1495684997.A.D61.html download to ptt/Gossiping/21129_15.txt, time: 5.070000
/bbs/Gossiping/M.1495685048.A.287.html download to ptt/Gossiping/21129_16.txt, time: 4.940000
/bbs/Gossiping/M.1495685075.A.564.html download to ptt/Gossiping/21129_17.txt, time: 8.030000
/bbs/Gossiping/M.1495685184.A.4A7.html download to ptt/Gossiping/21129_18.txt, time: 4.230000
/bbs/Gossiping/M.1495685249.A.BA9.html download to ptt/Gossiping/21129_19.txt, time: 7.780000
page 21128
/bbs/Gossiping/M.1495684078.A.A07.html download to ptt/Gossiping/21128_0.txt, time: 8.610000
/bbs/Gossiping/M.1495684118.A.A2F.html download to ptt/Gossiping/21128_1.txt, time: 5.460000
/bbs/Gossiping/M.1495684151.A.54D.html download to ptt/Gossiping/21128_2.txt, time: 6.430000
/bbs/Gossiping/M.1495684153.A.CE1.html download to ptt/Gossiping/21128_3.txt, time: 5.270000
/bbs/Gossiping/M.1495684275.A.04D.html download to ptt/Gossiping/21128_4.txt, time: 4.610000
/bbs/Gossiping/M.1495684322.A.1EE.html download to ptt/Gossiping/21128_5.txt, time: 4.900000
/bbs/Gossiping/M.1495684328.A.CA3.html download to ptt/Gossiping/21128_6.txt, time: 3.980000
/bbs/Gossiping/M.1495684329.A.D29.html download to ptt/Gossiping/21128_7.txt, time: 8.430000
/bbs/Gossiping/M.1495684357.A.ED7.html download to ptt/Gossiping/21128_8.txt, time: 4.230000
/bbs/Gossiping/M.1495684418.A.1EE.html download to ptt/Gossiping/21128_9.txt, time: 5.910000
/bbs/Gossiping/M.1495684434.A.4A0.html download to ptt/Gossiping/21128_10.txt, time: 4.560000
/bbs/Gossiping/M.1495684448.A.A0F.html download to ptt/Gossiping/21128_11.txt, time: 6.420000
empty download to ptt/Gossiping/21128_12.txt, time: 0.000000
/bbs/Gossiping/M.1495684500.A.D05.html download to ptt/Gossiping/21128_13.txt, time: 4.260000
/bbs/Gossiping/M.1495684512.A.506.html download to ptt/Gossiping/21128_14.txt, time: 5.200000
/bbs/Gossiping/M.1495684531.A.72B.html download to ptt/Gossiping/21128_15.txt, time: 5.260000
/bbs/Gossiping/M.1495684542.A.143.html download to ptt/Gossiping/21128_16.txt, time: 4.160000
/bbs/Gossiping/M.1495684585.A.714.html download to ptt/Gossiping/21128_17.txt, time: 5.330000
/bbs/Gossiping/M.1495684648.A.045.html download to ptt/Gossiping/21128_18.txt, time: 3.800000
/bbs/Gossiping/M.1495684671.A.3E2.html download to ptt/Gossiping/21128_19.txt, time: 4.600000
page 21127
/bbs/Gossiping/M.1495683657.A.740.html download to ptt/Gossiping/21127_0.txt, time: 6.770000
/bbs/Gossiping/M.1495683711.A.8F0.html download to ptt/Gossiping/21127_1.txt, time: 3.230000
/bbs/Gossiping/M.1495683729.A.176.html download to ptt/Gossiping/21127_2.txt, time: 2.770000
/bbs/Gossiping/M.1495683741.A.40C.html download to ptt/Gossiping/21127_3.txt, time: 3.070000
/bbs/Gossiping/M.1495683757.A.A75.html download to ptt/Gossiping/21127_4.txt, time: 4.680000
/bbs/Gossiping/M.1495683766.A.356.html download to ptt/Gossiping/21127_5.txt, time: 3.300000
/bbs/Gossiping/M.1495683771.A.222.html download to ptt/Gossiping/21127_6.txt, time: 5.340000
/bbs/Gossiping/M.1495683777.A.B0F.html download to ptt/Gossiping/21127_7.txt, time: 4.190000
/bbs/Gossiping/M.1495683843.A.475.html download to ptt/Gossiping/21127_8.txt, time: 3.350000
/bbs/Gossiping/M.1495683849.A.2DE.html download to ptt/Gossiping/21127_9.txt, time: 5.120000
/bbs/Gossiping/M.1495683851.A.A5A.html download to ptt/Gossiping/21127_10.txt, time: 3.140000
/bbs/Gossiping/M.1495683857.A.DF1.html download to ptt/Gossiping/21127_11.txt, time: 4.980000
/bbs/Gossiping/M.1495683903.A.528.html download to ptt/Gossiping/21127_12.txt, time: 3.700000
/bbs/Gossiping/M.1495683925.A.434.html download to ptt/Gossiping/21127_13.txt, time: 4.700000
/bbs/Gossiping/M.1495683947.A.3D2.html download to ptt/Gossiping/21127_14.txt, time: 2.390000
/bbs/Gossiping/M.1495683974.A.5CF.html download to ptt/Gossiping/21127_15.txt, time: 5.960000
/bbs/Gossiping/M.1495683978.A.12D.html download to ptt/Gossiping/21127_16.txt, time: 3.580000
/bbs/Gossiping/M.1495684019.A.3A5.html download to ptt/Gossiping/21127_17.txt, time: 7.750000
/bbs/Gossiping/M.1495684019.A.0AD.html download to ptt/Gossiping/21127_18.txt, time: 5.530000
/bbs/Gossiping/M.1495684051.A.B01.html download to ptt/Gossiping/21127_19.txt, time: 3.100000
page 21126
/bbs/Gossiping/M.1495683053.A.0A5.html download to ptt/Gossiping/21126_0.txt, time: 4.710000
/bbs/Gossiping/M.1495683110.A.FC1.html download to ptt/Gossiping/21126_1.txt, time: 5.140000
/bbs/Gossiping/M.1495683244.A.698.html download to ptt/Gossiping/21126_2.txt, time: 5.040000
/bbs/Gossiping/M.1495683247.A.31D.html download to ptt/Gossiping/21126_3.txt, time: 4.310000
/bbs/Gossiping/M.1495683261.A.52B.html download to ptt/Gossiping/21126_4.txt, time: 3.990000
/bbs/Gossiping/M.1495683335.A.6C6.html download to ptt/Gossiping/21126_5.txt, time: 2.740000
/bbs/Gossiping/M.1495683345.A.48F.html download to ptt/Gossiping/21126_6.txt, time: 3.590000
/bbs/Gossiping/M.1495683370.A.249.html download to ptt/Gossiping/21126_7.txt, time: 3.350000
/bbs/Gossiping/M.1495683403.A.5C0.html download to ptt/Gossiping/21126_8.txt, time: 4.640000
/bbs/Gossiping/M.1495683420.A.BB5.html download to ptt/Gossiping/21126_9.txt, time: 5.670000
/bbs/Gossiping/M.1495683495.A.C21.html download to ptt/Gossiping/21126_10.txt, time: 4.770000
/bbs/Gossiping/M.1495683499.A.F55.html download to ptt/Gossiping/21126_11.txt, time: 2.560000
/bbs/Gossiping/M.1495683500.A.527.html download to ptt/Gossiping/21126_12.txt, time: 3.790000
/bbs/Gossiping/M.1495683518.A.34E.html download to ptt/Gossiping/21126_13.txt, time: 3.270000
/bbs/Gossiping/M.1495683538.A.C6B.html download to ptt/Gossiping/21126_14.txt, time: 4.630000
/bbs/Gossiping/M.1495683540.A.2E5.html download to ptt/Gossiping/21126_15.txt, time: 2.810000
/bbs/Gossiping/M.1495683541.A.C44.html download to ptt/Gossiping/21126_16.txt, time: 4.560000
/bbs/Gossiping/M.1495683589.A.F0B.html download to ptt/Gossiping/21126_17.txt, time: 3.300000
/bbs/Gossiping/M.1495683630.A.21D.html download to ptt/Gossiping/21126_18.txt, time: 3.860000
/bbs/Gossiping/M.1495683655.A.147.html download to ptt/Gossiping/21126_19.txt, time: 5.400000
time: 542.569016456604 seconds
