page 21140
/bbs/Gossiping/M.1495690440.A.9CA.html download to ptt/Gossiping/21140_0.txt, time: 6.560000
/bbs/Gossiping/M.1495690483.A.BE9.html download to ptt/Gossiping/21140_1.txt, time: 4.980000
/bbs/Gossiping/M.1495690488.A.6F6.html download to ptt/Gossiping/21140_2.txt, time: 9.720000
/bbs/Gossiping/M.1495690513.A.AEF.html download to ptt/Gossiping/21140_3.txt, time: 6.510000
/bbs/Gossiping/M.1495690567.A.71F.html download to ptt/Gossiping/21140_4.txt, time: 4.530000
/bbs/Gossiping/M.1495690579.A.301.html download to ptt/Gossiping/21140_5.txt, time: 3.350000
/bbs/Gossiping/M.1495690590.A.E04.html download to ptt/Gossiping/21140_6.txt, time: 4.810000
/bbs/Gossiping/M.1495690619.A.40C.html download to ptt/Gossiping/21140_7.txt, time: 3.840000
/bbs/Gossiping/M.1495690632.A.E37.html download to ptt/Gossiping/21140_8.txt, time: 7.580000
/bbs/Gossiping/M.1495690639.A.781.html download to ptt/Gossiping/21140_9.txt, time: 6.450000
/bbs/Gossiping/M.1495690666.A.95D.html download to ptt/Gossiping/21140_10.txt, time: 5.060000
/bbs/Gossiping/M.1495690671.A.ED1.html download to ptt/Gossiping/21140_11.txt, time: 5.140000
/bbs/Gossiping/M.1495690695.A.9E4.html download to ptt/Gossiping/21140_12.txt, time: 4.780000
/bbs/Gossiping/M.1495690697.A.E2A.html download to ptt/Gossiping/21140_13.txt, time: 6.400000
/bbs/Gossiping/M.1495690699.A.31A.html download to ptt/Gossiping/21140_14.txt, time: 5.400000
/bbs/Gossiping/M.1495690732.A.08B.html download to ptt/Gossiping/21140_15.txt, time: 5.630000
/bbs/Gossiping/M.1495690737.A.10C.html download to ptt/Gossiping/21140_16.txt, time: 4.440000
/bbs/Gossiping/M.1495690739.A.877.html download to ptt/Gossiping/21140_17.txt, time: 5.750000
/bbs/Gossiping/M.1495690757.A.5FB.html download to ptt/Gossiping/21140_18.txt, time: 4.380000
/bbs/Gossiping/M.1495690758.A.839.html download to ptt/Gossiping/21140_19.txt, time: 4.520000
page 21139
/bbs/Gossiping/M.1495689953.A.F41.html download to ptt/Gossiping/21139_0.txt, time: 5.650000
/bbs/Gossiping/M.1495689958.A.230.html download to ptt/Gossiping/21139_1.txt, time: 6.290000
/bbs/Gossiping/M.1495689962.A.C66.html download to ptt/Gossiping/21139_2.txt, time: 4.450000
/bbs/Gossiping/M.1495689991.A.4E6.html download to ptt/Gossiping/21139_3.txt, time: 6.010000
/bbs/Gossiping/M.1495689996.A.A89.html download to ptt/Gossiping/21139_4.txt, time: 5.610000
/bbs/Gossiping/M.1495690010.A.4BD.html download to ptt/Gossiping/21139_5.txt, time: 4.130000
/bbs/Gossiping/M.1495690024.A.545.html download to ptt/Gossiping/21139_6.txt, time: 5.810000
/bbs/Gossiping/M.1495690027.A.B31.html download to ptt/Gossiping/21139_7.txt, time: 6.120000
/bbs/Gossiping/M.1495690065.A.F7F.html download to ptt/Gossiping/21139_8.txt, time: 3.960000
/bbs/Gossiping/M.1495690066.A.942.html download to ptt/Gossiping/21139_9.txt, time: 3.660000
/bbs/Gossiping/M.1495690125.A.0F0.html download to ptt/Gossiping/21139_10.txt, time: 5.670000
/bbs/Gossiping/M.1495690172.A.EDD.html download to ptt/Gossiping/21139_11.txt, time: 4.330000
/bbs/Gossiping/M.1495690186.A.26E.html download to ptt/Gossiping/21139_12.txt, time: 5.530000
/bbs/Gossiping/M.1495690239.A.524.html download to ptt/Gossiping/21139_13.txt, time: 4.770000
/bbs/Gossiping/M.1495690273.A.930.html download to ptt/Gossiping/21139_14.txt, time: 5.200000
/bbs/Gossiping/M.1495690283.A.56D.html download to ptt/Gossiping/21139_15.txt, time: 8.220000
/bbs/Gossiping/M.1495690294.A.5D0.html download to ptt/Gossiping/21139_16.txt, time: 12.120000
/bbs/Gossiping/M.1495690295.A.50D.html download to ptt/Gossiping/21139_17.txt, time: 4.670000
/bbs/Gossiping/M.1495690303.A.00A.html download to ptt/Gossiping/21139_18.txt, time: 6.410000
/bbs/Gossiping/M.1495690371.A.362.html download to ptt/Gossiping/21139_19.txt, time: 4.580000
page 21138
/bbs/Gossiping/M.1495689277.A.49B.html download to ptt/Gossiping/21138_0.txt, time: 13.410000
/bbs/Gossiping/M.1495689325.A.93B.html download to ptt/Gossiping/21138_1.txt, time: 11.540000
/bbs/Gossiping/M.1495689492.A.1EC.html download to ptt/Gossiping/21138_2.txt, time: 6.740000
/bbs/Gossiping/M.1495689518.A.A28.html download to ptt/Gossiping/21138_3.txt, time: 6.350000
/bbs/Gossiping/M.1495689537.A.A5E.html download to ptt/Gossiping/21138_4.txt, time: 3.600000
/bbs/Gossiping/M.1495689551.A.879.html download to ptt/Gossiping/21138_5.txt, time: 3.800000
/bbs/Gossiping/M.1495689592.A.B90.html download to ptt/Gossiping/21138_6.txt, time: 10.200000
/bbs/Gossiping/M.1495689602.A.8C6.html download to ptt/Gossiping/21138_7.txt, time: 4.150000
/bbs/Gossiping/M.1495689603.A.65E.html download to ptt/Gossiping/21138_8.txt, time: 4.850000
/bbs/Gossiping/M.1495689607.A.501.html download to ptt/Gossiping/21138_9.txt, time: 8.900000
/bbs/Gossiping/M.1495689644.A.E04.html download to ptt/Gossiping/21138_10.txt, time: 4.140000
/bbs/Gossiping/M.1495689690.A.D53.html download to ptt/Gossiping/21138_11.txt, time: 4.590000
/bbs/Gossiping/M.1495689704.A.664.html download to ptt/Gossiping/21138_12.txt, time: 4.290000
/bbs/Gossiping/M.1495689749.A.71B.html download to ptt/Gossiping/21138_13.txt, time: 3.790000
/bbs/Gossiping/M.1495689788.A.547.html download to ptt/Gossiping/21138_14.txt, time: 3.410000
/bbs/Gossiping/M.1495689794.A.A3E.html download to ptt/Gossiping/21138_15.txt, time: 3.790000
/bbs/Gossiping/M.1495689821.A.FE7.html download to ptt/Gossiping/21138_16.txt, time: 4.780000
/bbs/Gossiping/M.1495689847.A.94C.html download to ptt/Gossiping/21138_17.txt, time: 5.370000
/bbs/Gossiping/M.1495689865.A.B92.html download to ptt/Gossiping/21138_18.txt, time: 6.230000
/bbs/Gossiping/M.1495689933.A.E7D.html download to ptt/Gossiping/21138_19.txt, time: 3.910000
page 21137
/bbs/Gossiping/M.1495688880.A.F70.html download to ptt/Gossiping/21137_0.txt, time: 4.050000
/bbs/Gossiping/M.1495688903.A.A91.html download to ptt/Gossiping/21137_1.txt, time: 5.110000
/bbs/Gossiping/M.1495688913.A.5E5.html download to ptt/Gossiping/21137_2.txt, time: 3.570000
/bbs/Gossiping/M.1495688917.A.41E.html download to ptt/Gossiping/21137_3.txt, time: 4.650000
/bbs/Gossiping/M.1495688950.A.6D3.html download to ptt/Gossiping/21137_4.txt, time: 3.470000
/bbs/Gossiping/M.1495688997.A.0A4.html download to ptt/Gossiping/21137_5.txt, time: 4.130000
/bbs/Gossiping/M.1495689049.A.23B.html download to ptt/Gossiping/21137_6.txt, time: 4.070000
/bbs/Gossiping/M.1495689055.A.81C.html download to ptt/Gossiping/21137_7.txt, time: 3.710000
/bbs/Gossiping/M.1495689062.A.C00.html download to ptt/Gossiping/21137_8.txt, time: 4.180000
/bbs/Gossiping/M.1495689094.A.759.html download to ptt/Gossiping/21137_9.txt, time: 7.270000
/bbs/Gossiping/M.1495689100.A.870.html download to ptt/Gossiping/21137_10.txt, time: 7.430000
/bbs/Gossiping/M.1495689104.A.499.html download to ptt/Gossiping/21137_11.txt, time: 3.270000
/bbs/Gossiping/M.1495689128.A.4B4.html download to ptt/Gossiping/21137_12.txt, time: 4.230000
/bbs/Gossiping/M.1495689148.A.1B2.html download to ptt/Gossiping/21137_13.txt, time: 4.600000
/bbs/Gossiping/M.1495689181.A.959.html download to ptt/Gossiping/21137_14.txt, time: 4.800000
/bbs/Gossiping/M.1495689191.A.BD4.html download to ptt/Gossiping/21137_15.txt, time: 4.890000
/bbs/Gossiping/M.1495689201.A.213.html download to ptt/Gossiping/21137_16.txt, time: 3.190000
/bbs/Gossiping/M.1495689203.A.4C4.html download to ptt/Gossiping/21137_17.txt, time: 4.950000
/bbs/Gossiping/M.1495689261.A.AB7.html download to ptt/Gossiping/21137_18.txt, time: 4.490000
/bbs/Gossiping/M.1495689277.A.EA9.html download to ptt/Gossiping/21137_19.txt, time: 4.690000
page 21136
/bbs/Gossiping/M.1495688424.A.4CE.html download to ptt/Gossiping/21136_0.txt, time: 3.650000
/bbs/Gossiping/M.1495688461.A.D01.html download to ptt/Gossiping/21136_1.txt, time: 4.270000
/bbs/Gossiping/M.1495688531.A.096.html download to ptt/Gossiping/21136_2.txt, time: 2.420000
/bbs/Gossiping/M.1495688551.A.8A7.html download to ptt/Gossiping/21136_3.txt, time: 3.810000
/bbs/Gossiping/M.1495688560.A.DBB.html download to ptt/Gossiping/21136_4.txt, time: 4.270000
/bbs/Gossiping/M.1495688571.A.4F1.html download to ptt/Gossiping/21136_5.txt, time: 3.340000
/bbs/Gossiping/M.1495688577.A.7A2.html download to ptt/Gossiping/21136_6.txt, time: 3.020000
/bbs/Gossiping/M.1495688616.A.7CD.html download to ptt/Gossiping/21136_7.txt, time: 3.610000
/bbs/Gossiping/M.1495688621.A.EA0.html download to ptt/Gossiping/21136_8.txt, time: 4.640000
/bbs/Gossiping/M.1495688638.A.A22.html download to ptt/Gossiping/21136_9.txt, time: 5.030000
/bbs/Gossiping/M.1495688662.A.4AB.html download to ptt/Gossiping/21136_10.txt, time: 2.580000
/bbs/Gossiping/M.1495688668.A.B46.html download to ptt/Gossiping/21136_11.txt, time: 4.170000
/bbs/Gossiping/M.1495688670.A.B98.html download to ptt/Gossiping/21136_12.txt, time: 2.210000
/bbs/Gossiping/M.1495688770.A.FFC.html download to ptt/Gossiping/21136_13.txt, time: 2.970000
/bbs/Gossiping/M.1495688770.A.8D3.html download to ptt/Gossiping/21136_14.txt, time: 2.490000
/bbs/Gossiping/M.1495688778.A.8FB.html download to ptt/Gossiping/21136_15.txt, time: 3.200000
/bbs/Gossiping/M.1495688792.A.924.html download to ptt/Gossiping/21136_16.txt, time: 1.210000
/bbs/Gossiping/M.1495688828.A.E51.html download to ptt/Gossiping/21136_17.txt, time: 1.310000
/bbs/Gossiping/M.1495688848.A.B19.html download to ptt/Gossiping/21136_18.txt, time: 1.360000
/bbs/Gossiping/M.1495688861.A.0A5.html download to ptt/Gossiping/21136_19.txt, time: 1.520000
time: 554.0905890464783 seconds
