page 21160
/bbs/Gossiping/M.1495700781.A.E16.html download to ptt/Gossiping/21160_0.txt, time: 4.770000
/bbs/Gossiping/M.1495700804.A.92C.html download to ptt/Gossiping/21160_1.txt, time: 4.130000
/bbs/Gossiping/M.1495700824.A.00C.html download to ptt/Gossiping/21160_2.txt, time: 4.630000
/bbs/Gossiping/M.1495700837.A.789.html download to ptt/Gossiping/21160_3.txt, time: 3.810000
/bbs/Gossiping/M.1495700870.A.43A.html download to ptt/Gossiping/21160_4.txt, time: 7.320000
/bbs/Gossiping/M.1495700873.A.A90.html download to ptt/Gossiping/21160_5.txt, time: 5.850000
/bbs/Gossiping/M.1495700964.A.576.html download to ptt/Gossiping/21160_6.txt, time: 5.350000
/bbs/Gossiping/M.1495700981.A.133.html download to ptt/Gossiping/21160_7.txt, time: 5.090000
/bbs/Gossiping/M.1495700988.A.96B.html download to ptt/Gossiping/21160_8.txt, time: 4.290000
/bbs/Gossiping/M.1495701065.A.6E8.html download to ptt/Gossiping/21160_9.txt, time: 4.190000
/bbs/Gossiping/M.1495701100.A.61F.html download to ptt/Gossiping/21160_10.txt, time: 5.540000
/bbs/Gossiping/M.1495701209.A.902.html download to ptt/Gossiping/21160_11.txt, time: 7.850000
/bbs/Gossiping/M.1495701226.A.4A3.html download to ptt/Gossiping/21160_12.txt, time: 4.250000
/bbs/Gossiping/M.1495701256.A.268.html download to ptt/Gossiping/21160_13.txt, time: 3.690000
/bbs/Gossiping/M.1495701261.A.2F0.html download to ptt/Gossiping/21160_14.txt, time: 3.940000
/bbs/Gossiping/M.1495701276.A.E9B.html download to ptt/Gossiping/21160_15.txt, time: 6.610000
/bbs/Gossiping/M.1495701327.A.72F.html download to ptt/Gossiping/21160_16.txt, time: 4.660000
/bbs/Gossiping/M.1495701365.A.DC1.html download to ptt/Gossiping/21160_17.txt, time: 4.420000
/bbs/Gossiping/M.1495701381.A.B9E.html download to ptt/Gossiping/21160_18.txt, time: 3.850000
/bbs/Gossiping/M.1495701381.A.D8F.html download to ptt/Gossiping/21160_19.txt, time: 4.070000
page 21159
/bbs/Gossiping/M.1495700173.A.C23.html download to ptt/Gossiping/21159_0.txt, time: 3.510000
/bbs/Gossiping/M.1495700191.A.ADF.html download to ptt/Gossiping/21159_1.txt, time: 4.900000
/bbs/Gossiping/M.1495700281.A.D32.html download to ptt/Gossiping/21159_2.txt, time: 4.840000
/bbs/Gossiping/M.1495700294.A.188.html download to ptt/Gossiping/21159_3.txt, time: 5.150000
/bbs/Gossiping/M.1495700413.A.07D.html download to ptt/Gossiping/21159_4.txt, time: 4.380000
/bbs/Gossiping/M.1495700467.A.17C.html download to ptt/Gossiping/21159_5.txt, time: 3.730000
/bbs/Gossiping/M.1495700500.A.B33.html download to ptt/Gossiping/21159_6.txt, time: 5.500000
/bbs/Gossiping/M.1495700506.A.CFD.html download to ptt/Gossiping/21159_7.txt, time: 3.850000
/bbs/Gossiping/M.1495700514.A.09C.html download to ptt/Gossiping/21159_8.txt, time: 3.880000
/bbs/Gossiping/M.1495700594.A.65A.html download to ptt/Gossiping/21159_9.txt, time: 4.600000
/bbs/Gossiping/M.1495700607.A.652.html download to ptt/Gossiping/21159_10.txt, time: 3.860000
/bbs/Gossiping/M.1495700616.A.756.html download to ptt/Gossiping/21159_11.txt, time: 5.270000
/bbs/Gossiping/M.1495700617.A.8C5.html download to ptt/Gossiping/21159_12.txt, time: 3.650000
/bbs/Gossiping/M.1495700619.A.5BC.html download to ptt/Gossiping/21159_13.txt, time: 5.950000
/bbs/Gossiping/M.1495700628.A.C43.html download to ptt/Gossiping/21159_14.txt, time: 4.420000
/bbs/Gossiping/M.1495700658.A.F55.html download to ptt/Gossiping/21159_15.txt, time: 5.590000
/bbs/Gossiping/M.1495700660.A.5BF.html download to ptt/Gossiping/21159_16.txt, time: 4.550000
/bbs/Gossiping/M.1495700704.A.CEB.html download to ptt/Gossiping/21159_17.txt, time: 4.250000
/bbs/Gossiping/M.1495700727.A.844.html download to ptt/Gossiping/21159_18.txt, time: 5.040000
/bbs/Gossiping/M.1495700777.A.123.html download to ptt/Gossiping/21159_19.txt, time: 4.800000
page 21158
/bbs/Gossiping/M.1495699427.A.FEC.html download to ptt/Gossiping/21158_0.txt, time: 6.240000
/bbs/Gossiping/M.1495699588.A.4C4.html download to ptt/Gossiping/21158_1.txt, time: 8.280000
/bbs/Gossiping/M.1495699635.A.FB2.html download to ptt/Gossiping/21158_2.txt, time: 5.880000
/bbs/Gossiping/M.1495699733.A.BEE.html download to ptt/Gossiping/21158_3.txt, time: 4.580000
/bbs/Gossiping/M.1495699745.A.9E7.html download to ptt/Gossiping/21158_4.txt, time: 4.670000
/bbs/Gossiping/M.1495699761.A.544.html download to ptt/Gossiping/21158_5.txt, time: 4.040000
/bbs/Gossiping/M.1495699775.A.526.html download to ptt/Gossiping/21158_6.txt, time: 3.680000
/bbs/Gossiping/M.1495699809.A.733.html download to ptt/Gossiping/21158_7.txt, time: 4.510000
/bbs/Gossiping/M.1495699832.A.CD1.html download to ptt/Gossiping/21158_8.txt, time: 4.170000
/bbs/Gossiping/M.1495699874.A.471.html download to ptt/Gossiping/21158_9.txt, time: 9.750000
/bbs/Gossiping/M.1495699900.A.AEC.html download to ptt/Gossiping/21158_10.txt, time: 3.430000
/bbs/Gossiping/M.1495699901.A.005.html download to ptt/Gossiping/21158_11.txt, time: 4.380000
/bbs/Gossiping/M.1495699918.A.D06.html download to ptt/Gossiping/21158_12.txt, time: 8.060000
/bbs/Gossiping/M.1495699954.A.6DA.htmlTraceback (most recent call last):
  File "/home/studentyl/anaconda3/lib/python3.6/site-packages/requests/packages/urllib3/connectionpool.py", line 600, in urlopen
    chunked=chunked)
  File "/home/studentyl/anaconda3/lib/python3.6/site-packages/requests/packages/urllib3/connectionpool.py", line 386, in _make_request
    six.raise_from(e, None)
  File "<string>", line 2, in raise_from
  File "/home/studentyl/anaconda3/lib/python3.6/site-packages/requests/packages/urllib3/connectionpool.py", line 382, in _make_request
    httplib_response = conn.getresponse()
  File "/home/studentyl/anaconda3/lib/python3.6/http/client.py", line 1331, in getresponse
    response.begin()
  File "/home/studentyl/anaconda3/lib/python3.6/http/client.py", line 297, in begin
    version, status, reason = self._read_status()
  File "/home/studentyl/anaconda3/lib/python3.6/http/client.py", line 266, in _read_status
    raise RemoteDisconnected("Remote end closed connection without"
http.client.RemoteDisconnected: Remote end closed connection without response

During handling of the above exception, another exception occurred:

Traceback (most recent call last):
  File "/home/studentyl/anaconda3/lib/python3.6/site-packages/requests/adapters.py", line 438, in send
    timeout=timeout
  File "/home/studentyl/anaconda3/lib/python3.6/site-packages/requests/packages/urllib3/connectionpool.py", line 649, in urlopen
    _stacktrace=sys.exc_info()[2])
  File "/home/studentyl/anaconda3/lib/python3.6/site-packages/requests/packages/urllib3/util/retry.py", line 357, in increment
    raise six.reraise(type(error), error, _stacktrace)
  File "/home/studentyl/anaconda3/lib/python3.6/site-packages/requests/packages/urllib3/packages/six.py", line 685, in reraise
    raise value.with_traceback(tb)
  File "/home/studentyl/anaconda3/lib/python3.6/site-packages/requests/packages/urllib3/connectionpool.py", line 600, in urlopen
    chunked=chunked)
  File "/home/studentyl/anaconda3/lib/python3.6/site-packages/requests/packages/urllib3/connectionpool.py", line 386, in _make_request
    six.raise_from(e, None)
  File "<string>", line 2, in raise_from
  File "/home/studentyl/anaconda3/lib/python3.6/site-packages/requests/packages/urllib3/connectionpool.py", line 382, in _make_request
    httplib_response = conn.getresponse()
  File "/home/studentyl/anaconda3/lib/python3.6/http/client.py", line 1331, in getresponse
    response.begin()
  File "/home/studentyl/anaconda3/lib/python3.6/http/client.py", line 297, in begin
    version, status, reason = self._read_status()
  File "/home/studentyl/anaconda3/lib/python3.6/http/client.py", line 266, in _read_status
    raise RemoteDisconnected("Remote end closed connection without"
requests.packages.urllib3.exceptions.ProtocolError: ('Connection aborted.', RemoteDisconnected('Remote end closed connection without response',))

During handling of the above exception, another exception occurred:

Traceback (most recent call last):
  File "./crawler.py", line 177, in <module>
    main(sys.argv[1:])
  File "./crawler.py", line 158, in main
    downloadForum(forumName, startPage, pages)
  File "./crawler.py", line 140, in downloadForum
    downloadPage(str(articleCount), forumName, pageNum, 'https://www.ptt.cc'+link)
  File "./crawler.py", line 82, in downloadPage
    pageText = getPageText(link)
  File "./crawler.py", line 13, in getPageText
    pageText=requests.get(link, cookies={'over18':'1'}).text
  File "/home/studentyl/anaconda3/lib/python3.6/site-packages/requests/api.py", line 72, in get
    return request('get', url, params=params, **kwargs)
  File "/home/studentyl/anaconda3/lib/python3.6/site-packages/requests/api.py", line 58, in request
    return session.request(method=method, url=url, **kwargs)
  File "/home/studentyl/anaconda3/lib/python3.6/site-packages/requests/sessions.py", line 518, in request
    resp = self.send(prep, **send_kwargs)
  File "/home/studentyl/anaconda3/lib/python3.6/site-packages/requests/sessions.py", line 639, in send
    r = adapter.send(request, **kwargs)
  File "/home/studentyl/anaconda3/lib/python3.6/site-packages/requests/adapters.py", line 488, in send
    raise ConnectionError(err, request=request)
requests.exceptions.ConnectionError: ('Connection aborted.', RemoteDisconnected('Remote end closed connection without response',))
