page 21170
/bbs/Gossiping/M.1495705900.A.E9F.html download to ptt/Gossiping/21170_0.txt, time: 4.930000
/bbs/Gossiping/M.1495706004.A.B95.html download to ptt/Gossiping/21170_1.txt, time: 5.770000
/bbs/Gossiping/M.1495706013.A.9F9.html download to ptt/Gossiping/21170_2.txt, time: 4.830000
/bbs/Gossiping/M.1495706101.A.D79.html download to ptt/Gossiping/21170_3.txt, time: 5.500000
/bbs/Gossiping/M.1495706130.A.75A.html download to ptt/Gossiping/21170_4.txt, time: 7.780000
/bbs/Gossiping/M.1495706159.A.B37.html download to ptt/Gossiping/21170_5.txt, time: 4.380000
/bbs/Gossiping/M.1495706219.A.436.html download to ptt/Gossiping/21170_6.txt, time: 6.510000
/bbs/Gossiping/M.1495706273.A.1F2.html download to ptt/Gossiping/21170_7.txt, time: 6.250000
/bbs/Gossiping/M.1495706312.A.6FB.html download to ptt/Gossiping/21170_8.txt, time: 5.450000
/bbs/Gossiping/M.1495706340.A.D8E.html download to ptt/Gossiping/21170_9.txt, time: 9.160000
/bbs/Gossiping/M.1495706351.A.EA1.html download to ptt/Gossiping/21170_10.txt, time: 6.060000
/bbs/Gossiping/M.1495706386.A.D84.html download to ptt/Gossiping/21170_11.txt, time: 4.060000
/bbs/Gossiping/M.1495706543.A.9D4.html download to ptt/Gossiping/21170_12.txt, time: 4.500000
/bbs/Gossiping/M.1495706577.A.708.html download to ptt/Gossiping/21170_13.txt, time: 5.340000
/bbs/Gossiping/M.1495706592.A.32B.html download to ptt/Gossiping/21170_14.txt, time: 3.530000
/bbs/Gossiping/M.1495706629.A.88F.html download to ptt/Gossiping/21170_15.txt, time: 5.500000
/bbs/Gossiping/M.1495706692.A.231.html download to ptt/Gossiping/21170_16.txt, time: 3.060000
/bbs/Gossiping/M.1495706714.A.2EE.html download to ptt/Gossiping/21170_17.txt, time: 4.690000
/bbs/Gossiping/M.1495706716.A.581.html download to ptt/Gossiping/21170_18.txt, time: 2.830000
/bbs/Gossiping/M.1495706734.A.30C.html download to ptt/Gossiping/21170_19.txt, time: 3.870000
page 21169
/bbs/Gossiping/M.1495705253.A.460.html download to ptt/Gossiping/21169_0.txt, time: 5.430000
/bbs/Gossiping/M.1495705289.A.12E.html download to ptt/Gossiping/21169_1.txt, time: 5.500000
/bbs/Gossiping/M.1495705352.A.80E.html download to ptt/Gossiping/21169_2.txt, time: 4.880000
/bbs/Gossiping/M.1495705354.A.7C4.html download to ptt/Gossiping/21169_3.txt, time: 4.350000
/bbs/Gossiping/M.1495705366.A.DBF.html download to ptt/Gossiping/21169_4.txt, time: 5.470000
/bbs/Gossiping/M.1495705367.A.18B.html download to ptt/Gossiping/21169_5.txt, time: 5.350000
/bbs/Gossiping/M.1495705428.A.334.html download to ptt/Gossiping/21169_6.txt, time: 4.300000
/bbs/Gossiping/M.1495705447.A.285.html download to ptt/Gossiping/21169_7.txt, time: 4.540000
/bbs/Gossiping/M.1495705515.A.995.html download to ptt/Gossiping/21169_8.txt, time: 5.030000
/bbs/Gossiping/M.1495705542.A.E7A.html download to ptt/Gossiping/21169_9.txt, time: 4.410000
/bbs/Gossiping/M.1495705669.A.43F.html download to ptt/Gossiping/21169_10.txt, time: 4.440000
/bbs/Gossiping/M.1495705682.A.994.html download to ptt/Gossiping/21169_11.txt, time: 5.350000
/bbs/Gossiping/M.1495705753.A.E83.html download to ptt/Gossiping/21169_12.txt, time: 4.200000
/bbs/Gossiping/M.1495705761.A.21B.html download to ptt/Gossiping/21169_13.txt, time: 5.180000
/bbs/Gossiping/M.1495705767.A.3BE.html download to ptt/Gossiping/21169_14.txt, time: 4.080000
/bbs/Gossiping/M.1495705786.A.A37.html download to ptt/Gossiping/21169_15.txt, time: 4.570000
/bbs/Gossiping/M.1495705796.A.888.html download to ptt/Gossiping/21169_16.txt, time: 4.730000
/bbs/Gossiping/M.1495705819.A.CDC.html download to ptt/Gossiping/21169_17.txt, time: 4.680000
/bbs/Gossiping/M.1495705847.A.064.html download to ptt/Gossiping/21169_18.txt, time: 5.430000
/bbs/Gossiping/M.1495705849.A.F2B.html download to ptt/Gossiping/21169_19.txt, time: 9.600000
page 21168
/bbs/Gossiping/M.1495704915.A.169.html download to ptt/Gossiping/21168_0.txt, time: 4.660000
/bbs/Gossiping/M.1495704940.A.9F9.html download to ptt/Gossiping/21168_1.txt, time: 17.180000
/bbs/Gossiping/M.1495704967.A.FB6.html download to ptt/Gossiping/21168_2.txt, time: 5.160000
/bbs/Gossiping/M.1495704980.A.C9E.html download to ptt/Gossiping/21168_3.txt, time: 5.350000
/bbs/Gossiping/M.1495704985.A.5DA.html download to ptt/Gossiping/21168_4.txt, time: 4.020000
/bbs/Gossiping/M.1495704988.A.8F2.html download to ptt/Gossiping/21168_5.txt, time: 4.250000
/bbs/Gossiping/M.1495704997.A.BED.html download to ptt/Gossiping/21168_6.txt, time: 7.110000
/bbs/Gossiping/M.1495705032.A.05A.html download to ptt/Gossiping/21168_7.txt, time: 5.580000
/bbs/Gossiping/M.1495705053.A.FDD.html download to ptt/Gossiping/21168_8.txt, time: 4.240000
/bbs/Gossiping/M.1495705058.A.176.html download to ptt/Gossiping/21168_9.txt, time: 5.230000
/bbs/Gossiping/M.1495705063.A.760.html download to ptt/Gossiping/21168_10.txt, time: 5.710000
/bbs/Gossiping/M.1495705063.A.DAD.html download to ptt/Gossiping/21168_11.txt, time: 4.730000
/bbs/Gossiping/M.1495705101.A.971.html download to ptt/Gossiping/21168_12.txt, time: 5.090000
/bbs/Gossiping/M.1495705126.A.913.html download to ptt/Gossiping/21168_13.txt, time: 11.760000
/bbs/Gossiping/M.1495705177.A.634.html download to ptt/Gossiping/21168_14.txt, time: 3.450000
/bbs/Gossiping/M.1495705184.A.517.html download to ptt/Gossiping/21168_15.txt, time: 6.500000
/bbs/Gossiping/M.1495705229.A.542.html download to ptt/Gossiping/21168_16.txt, time: 3.480000
/bbs/Gossiping/M.1495705235.A.BA8.html download to ptt/Gossiping/21168_17.txt, time: 3.830000
/bbs/Gossiping/M.1495705236.A.62B.html download to ptt/Gossiping/21168_18.txt, time: 3.980000
/bbs/Gossiping/M.1495705248.A.55D.html download to ptt/Gossiping/21168_19.txt, time: 3.540000
page 21167
/bbs/Gossiping/M.1495704321.A.CD9.html download to ptt/Gossiping/21167_0.txt, time: 5.150000
/bbs/Gossiping/M.1495704411.A.6D6.html download to ptt/Gossiping/21167_1.txt, time: 5.320000
/bbs/Gossiping/M.1495704434.A.AB8.html download to ptt/Gossiping/21167_2.txt, time: 5.650000
/bbs/Gossiping/M.1495704533.A.D6B.html download to ptt/Gossiping/21167_3.txt, time: 4.660000
/bbs/Gossiping/M.1495704535.A.7D0.html download to ptt/Gossiping/21167_4.txt, time: 3.830000
/bbs/Gossiping/M.1495704540.A.74D.html download to ptt/Gossiping/21167_5.txt, time: 3.350000
/bbs/Gossiping/M.1495704569.A.B6C.html download to ptt/Gossiping/21167_6.txt, time: 2.370000
/bbs/Gossiping/M.1495704586.A.038.html download to ptt/Gossiping/21167_7.txt, time: 4.810000
/bbs/Gossiping/M.1495704610.A.D3E.html download to ptt/Gossiping/21167_8.txt, time: 2.300000
/bbs/Gossiping/M.1495704614.A.B60.html download to ptt/Gossiping/21167_9.txt, time: 3.800000
/bbs/Gossiping/M.1495704636.A.6C3.html download to ptt/Gossiping/21167_10.txt, time: 3.830000
/bbs/Gossiping/M.1495704642.A.A1B.html download to ptt/Gossiping/21167_11.txt, time: 4.640000
/bbs/Gossiping/M.1495704667.A.A14.html download to ptt/Gossiping/21167_12.txt, time: 3.720000
/bbs/Gossiping/M.1495704679.A.F8E.html download to ptt/Gossiping/21167_13.txt, time: 5.010000
/bbs/Gossiping/M.1495704684.A.092.html download to ptt/Gossiping/21167_14.txt, time: 4.250000
/bbs/Gossiping/M.1495704721.A.34B.html download to ptt/Gossiping/21167_15.txt, time: 8.280000
/bbs/Gossiping/M.1495704760.A.A5A.html download to ptt/Gossiping/21167_16.txt, time: 6.240000
/bbs/Gossiping/M.1495704804.A.776.html download to ptt/Gossiping/21167_17.txt, time: 6.350000
/bbs/Gossiping/M.1495704838.A.7E0.html download to ptt/Gossiping/21167_18.txt, time: 3.660000
/bbs/Gossiping/M.1495704868.A.1FF.html download to ptt/Gossiping/21167_19.txt, time: 6.180000
page 21166
/bbs/Gossiping/M.1495703840.A.87D.html download to ptt/Gossiping/21166_0.txt, time: 4.020000
/bbs/Gossiping/M.1495703848.A.02E.html download to ptt/Gossiping/21166_1.txt, time: 4.710000
/bbs/Gossiping/M.1495703873.A.47C.html download to ptt/Gossiping/21166_2.txt, time: 3.400000
/bbs/Gossiping/M.1495703890.A.070.html download to ptt/Gossiping/21166_3.txt, time: 3.680000
/bbs/Gossiping/M.1495703971.A.E4D.html download to ptt/Gossiping/21166_4.txt, time: 3.650000
/bbs/Gossiping/M.1495703972.A.AF5.html download to ptt/Gossiping/21166_5.txt, time: 4.630000
/bbs/Gossiping/M.1495703991.A.1DE.html download to ptt/Gossiping/21166_6.txt, time: 2.780000
/bbs/Gossiping/M.1495704004.A.509.html download to ptt/Gossiping/21166_7.txt, time: 3.090000
/bbs/Gossiping/M.1495704083.A.61D.html download to ptt/Gossiping/21166_8.txt, time: 2.940000
/bbs/Gossiping/M.1495704103.A.DDD.html download to ptt/Gossiping/21166_9.txt, time: 2.940000
/bbs/Gossiping/M.1495704106.A.BA0.html download to ptt/Gossiping/21166_10.txt, time: 2.520000
/bbs/Gossiping/M.1495704128.A.71A.html download to ptt/Gossiping/21166_11.txt, time: 2.930000
/bbs/Gossiping/M.1495704141.A.3B4.html download to ptt/Gossiping/21166_12.txt, time: 3.430000
/bbs/Gossiping/M.1495704149.A.C54.html download to ptt/Gossiping/21166_13.txt, time: 4.290000
/bbs/Gossiping/M.1495704161.A.F40.html download to ptt/Gossiping/21166_14.txt, time: 3.790000
/bbs/Gossiping/M.1495704166.A.28D.html download to ptt/Gossiping/21166_15.txt, time: 2.720000
/bbs/Gossiping/M.1495704231.A.ED4.html download to ptt/Gossiping/21166_16.txt, time: 6.000000
/bbs/Gossiping/M.1495704234.A.01E.html download to ptt/Gossiping/21166_17.txt, time: 3.570000
/bbs/Gossiping/M.1495704305.A.D6C.html download to ptt/Gossiping/21166_18.txt, time: 7.660000
/bbs/Gossiping/M.1495704308.A.8A6.html download to ptt/Gossiping/21166_19.txt, time: 2.020000
time: 553.8412189483643 seconds
