page 21190
/bbs/Gossiping/M.1495716812.A.FF4.html download to ptt/Gossiping/21190_0.txt, time: 3.340000
/bbs/Gossiping/M.1495716824.A.3D4.html download to ptt/Gossiping/21190_1.txt, time: 4.130000
/bbs/Gossiping/M.1495716880.A.855.html download to ptt/Gossiping/21190_2.txt, time: 3.740000
/bbs/Gossiping/M.1495716885.A.3AC.html download to ptt/Gossiping/21190_3.txt, time: 6.800000
/bbs/Gossiping/M.1495716914.A.A28.html download to ptt/Gossiping/21190_4.txt, time: 5.600000
/bbs/Gossiping/M.1495716975.A.FCC.html download to ptt/Gossiping/21190_5.txt, time: 4.470000
/bbs/Gossiping/M.1495717042.A.79F.html download to ptt/Gossiping/21190_6.txt, time: 3.540000
/bbs/Gossiping/M.1495717053.A.024.html download to ptt/Gossiping/21190_7.txt, time: 4.340000
/bbs/Gossiping/M.1495717075.A.AFB.html download to ptt/Gossiping/21190_8.txt, time: 4.350000
/bbs/Gossiping/M.1495717102.A.444.html download to ptt/Gossiping/21190_9.txt, time: 5.410000
/bbs/Gossiping/M.1495717147.A.9C3.html download to ptt/Gossiping/21190_10.txt, time: 8.340000
/bbs/Gossiping/M.1495717191.A.AC6.html download to ptt/Gossiping/21190_11.txt, time: 5.370000
/bbs/Gossiping/M.1495717201.A.733.html download to ptt/Gossiping/21190_12.txt, time: 4.850000
/bbs/Gossiping/M.1495717201.A.930.html download to ptt/Gossiping/21190_13.txt, time: 5.180000
/bbs/Gossiping/M.1495717217.A.28F.html download to ptt/Gossiping/21190_14.txt, time: 4.570000
/bbs/Gossiping/M.1495717259.A.B34.html download to ptt/Gossiping/21190_15.txt, time: 4.470000
/bbs/Gossiping/M.1495717296.A.294.html download to ptt/Gossiping/21190_16.txt, time: 4.960000
/bbs/Gossiping/M.1495717307.A.F99.html download to ptt/Gossiping/21190_17.txt, time: 6.320000
/bbs/Gossiping/M.1495717311.A.BC3.html download to ptt/Gossiping/21190_18.txt, time: 5.000000
/bbs/Gossiping/M.1495717350.A.FC0.html download to ptt/Gossiping/21190_19.txt, time: 3.790000
page 21189
/bbs/Gossiping/M.1495716268.A.6E1.html download to ptt/Gossiping/21189_0.txt, time: 5.870000
/bbs/Gossiping/M.1495716272.A.A80.html download to ptt/Gossiping/21189_1.txt, time: 4.790000
/bbs/Gossiping/M.1495716288.A.137.html download to ptt/Gossiping/21189_2.txt, time: 3.950000
/bbs/Gossiping/M.1495716355.A.E33.html download to ptt/Gossiping/21189_3.txt, time: 5.050000
/bbs/Gossiping/M.1495716377.A.567.html download to ptt/Gossiping/21189_4.txt, time: 5.620000
/bbs/Gossiping/M.1495716445.A.D23.html download to ptt/Gossiping/21189_5.txt, time: 4.550000
/bbs/Gossiping/M.1495716471.A.5AF.html download to ptt/Gossiping/21189_6.txt, time: 5.600000
/bbs/Gossiping/M.1495716503.A.2FA.html download to ptt/Gossiping/21189_7.txt, time: 5.950000
/bbs/Gossiping/M.1495716544.A.419.html download to ptt/Gossiping/21189_8.txt, time: 4.670000
/bbs/Gossiping/M.1495716573.A.2E5.html download to ptt/Gossiping/21189_9.txt, time: 3.990000
/bbs/Gossiping/M.1495716646.A.A8C.html download to ptt/Gossiping/21189_10.txt, time: 5.140000
/bbs/Gossiping/M.1495716650.A.F8F.html download to ptt/Gossiping/21189_11.txt, time: 5.380000
/bbs/Gossiping/M.1495716652.A.355.html download to ptt/Gossiping/21189_12.txt, time: 6.550000
/bbs/Gossiping/M.1495716687.A.6A0.html download to ptt/Gossiping/21189_13.txt, time: 5.000000
/bbs/Gossiping/M.1495716697.A.307.html download to ptt/Gossiping/21189_14.txt, time: 5.360000
/bbs/Gossiping/M.1495716709.A.B8F.html download to ptt/Gossiping/21189_15.txt, time: 4.390000
/bbs/Gossiping/M.1495716709.A.88B.html download to ptt/Gossiping/21189_16.txt, time: 5.080000
/bbs/Gossiping/M.1495716764.A.553.html download to ptt/Gossiping/21189_17.txt, time: 9.270000
/bbs/Gossiping/M.1495716775.A.C9E.html download to ptt/Gossiping/21189_18.txt, time: 5.390000
/bbs/Gossiping/M.1495716809.A.366.html download to ptt/Gossiping/21189_19.txt, time: 4.880000
page 21188
/bbs/Gossiping/M.1495715790.A.906.html download to ptt/Gossiping/21188_0.txt, time: 4.840000
/bbs/Gossiping/M.1495715807.A.1BD.html download to ptt/Gossiping/21188_1.txt, time: 4.520000
/bbs/Gossiping/M.1495715870.A.F8C.html download to ptt/Gossiping/21188_2.txt, time: 7.610000
/bbs/Gossiping/M.1495715883.A.922.html download to ptt/Gossiping/21188_3.txt, time: 17.220000
/bbs/Gossiping/M.1495715957.A.AE2.html download to ptt/Gossiping/21188_4.txt, time: 3.940000
/bbs/Gossiping/M.1495715971.A.9BA.html download to ptt/Gossiping/21188_5.txt, time: 5.880000
/bbs/Gossiping/M.1495716006.A.B0E.html download to ptt/Gossiping/21188_6.txt, time: 6.220000
/bbs/Gossiping/M.1495716033.A.380.html download to ptt/Gossiping/21188_7.txt, time: 6.900000
/bbs/Gossiping/M.1495716044.A.CDC.html download to ptt/Gossiping/21188_8.txt, time: 5.130000
/bbs/Gossiping/M.1495716046.A.510.html download to ptt/Gossiping/21188_9.txt, time: 4.120000
/bbs/Gossiping/M.1495716047.A.E56.html download to ptt/Gossiping/21188_10.txt, time: 5.240000
/bbs/Gossiping/M.1495716115.A.76A.html download to ptt/Gossiping/21188_11.txt, time: 3.790000
/bbs/Gossiping/M.1495716128.A.14D.html download to ptt/Gossiping/21188_12.txt, time: 4.420000
/bbs/Gossiping/M.1495716139.A.250.html download to ptt/Gossiping/21188_13.txt, time: 4.450000
/bbs/Gossiping/M.1495716142.A.190.html download to ptt/Gossiping/21188_14.txt, time: 3.940000
/bbs/Gossiping/M.1495716157.A.B54.html download to ptt/Gossiping/21188_15.txt, time: 6.310000
/bbs/Gossiping/M.1495716165.A.46B.html download to ptt/Gossiping/21188_16.txt, time: 3.850000
/bbs/Gossiping/M.1495716183.A.844.html download to ptt/Gossiping/21188_17.txt, time: 3.470000
/bbs/Gossiping/M.1495716204.A.FBF.html download to ptt/Gossiping/21188_18.txt, time: 3.210000
/bbs/Gossiping/M.1495716230.A.5AF.html download to ptt/Gossiping/21188_19.txt, time: 3.310000
page 21187
/bbs/Gossiping/M.1495715492.A.33A.html download to ptt/Gossiping/21187_0.txt, time: 5.060000
/bbs/Gossiping/M.1495715508.A.D4C.html download to ptt/Gossiping/21187_1.txt, time: 5.100000
/bbs/Gossiping/M.1495715536.A.8CE.html download to ptt/Gossiping/21187_2.txt, time: 3.270000
/bbs/Gossiping/M.1495715546.A.4BA.html download to ptt/Gossiping/21187_3.txt, time: 4.350000
/bbs/Gossiping/M.1495715555.A.C34.html download to ptt/Gossiping/21187_4.txt, time: 3.500000
/bbs/Gossiping/M.1495715571.A.51E.html download to ptt/Gossiping/21187_5.txt, time: 4.330000
/bbs/Gossiping/M.1495715575.A.573.html download to ptt/Gossiping/21187_6.txt, time: 5.240000
/bbs/Gossiping/M.1495715606.A.398.html download to ptt/Gossiping/21187_7.txt, time: 3.490000
/bbs/Gossiping/M.1495715625.A.93F.html download to ptt/Gossiping/21187_8.txt, time: 4.340000
/bbs/Gossiping/M.1495715626.A.4A1.html download to ptt/Gossiping/21187_9.txt, time: 4.220000
/bbs/Gossiping/M.1495715647.A.438.html download to ptt/Gossiping/21187_10.txt, time: 2.850000
/bbs/Gossiping/M.1495715674.A.BA1.html download to ptt/Gossiping/21187_11.txt, time: 3.610000
/bbs/Gossiping/M.1495715674.A.3E3.html download to ptt/Gossiping/21187_12.txt, time: 3.910000
/bbs/Gossiping/M.1495715679.A.0F6.html download to ptt/Gossiping/21187_13.txt, time: 4.350000
/bbs/Gossiping/M.1495715686.A.4FE.html download to ptt/Gossiping/21187_14.txt, time: 4.350000
/bbs/Gossiping/M.1495715724.A.B60.html download to ptt/Gossiping/21187_15.txt, time: 6.530000
/bbs/Gossiping/M.1495715735.A.649.html download to ptt/Gossiping/21187_16.txt, time: 6.800000
/bbs/Gossiping/M.1495715747.A.84E.html download to ptt/Gossiping/21187_17.txt, time: 5.370000
/bbs/Gossiping/M.1495715749.A.25D.html download to ptt/Gossiping/21187_18.txt, time: 3.120000
/bbs/Gossiping/M.1495715753.A.87E.html download to ptt/Gossiping/21187_19.txt, time: 3.130000
page 21186
/bbs/Gossiping/M.1495714980.A.536.html download to ptt/Gossiping/21186_0.txt, time: 5.550000
/bbs/Gossiping/M.1495715055.A.8B3.html download to ptt/Gossiping/21186_1.txt, time: 3.210000
/bbs/Gossiping/M.1495715080.A.987.html download to ptt/Gossiping/21186_2.txt, time: 5.860000
/bbs/Gossiping/M.1495715145.A.C6B.html download to ptt/Gossiping/21186_3.txt, time: 3.400000
/bbs/Gossiping/M.1495715148.A.79E.html download to ptt/Gossiping/21186_4.txt, time: 5.280000
/bbs/Gossiping/M.1495715161.A.B0D.html download to ptt/Gossiping/21186_5.txt, time: 4.240000
/bbs/Gossiping/M.1495715168.A.8A6.html download to ptt/Gossiping/21186_6.txt, time: 4.610000
/bbs/Gossiping/M.1495715189.A.1B6.html download to ptt/Gossiping/21186_7.txt, time: 5.080000
/bbs/Gossiping/M.1495715193.A.197.html download to ptt/Gossiping/21186_8.txt, time: 2.910000
/bbs/Gossiping/M.1495715193.A.ED7.html download to ptt/Gossiping/21186_9.txt, time: 4.530000
/bbs/Gossiping/M.1495715313.A.B92.html download to ptt/Gossiping/21186_10.txt, time: 2.840000
/bbs/Gossiping/M.1495715320.A.0B8.html download to ptt/Gossiping/21186_11.txt, time: 2.790000
/bbs/Gossiping/M.1495715331.A.34A.html download to ptt/Gossiping/21186_12.txt, time: 4.580000
/bbs/Gossiping/M.1495715359.A.3B9.html download to ptt/Gossiping/21186_13.txt, time: 5.250000
/bbs/Gossiping/M.1495715367.A.6B1.html download to ptt/Gossiping/21186_14.txt, time: 2.640000
/bbs/Gossiping/M.1495715410.A.73F.html download to ptt/Gossiping/21186_15.txt, time: 2.510000
/bbs/Gossiping/M.1495715429.A.25A.html download to ptt/Gossiping/21186_16.txt, time: 4.620000
/bbs/Gossiping/M.1495715476.A.F00.html download to ptt/Gossiping/21186_17.txt, time: 3.540000
/bbs/Gossiping/M.1495715488.A.7DF.html download to ptt/Gossiping/21186_18.txt, time: 3.250000
/bbs/Gossiping/M.1495715491.A.746.html download to ptt/Gossiping/21186_19.txt, time: 2.180000
time: 542.3352472782135 seconds
