page 21200
/bbs/Gossiping/M.1495721667.A.130.html download to ptt/Gossiping/21200_0.txt, time: 4.040000
/bbs/Gossiping/M.1495721671.A.64A.html download to ptt/Gossiping/21200_1.txt, time: 3.060000
/bbs/Gossiping/M.1495721696.A.917.html download to ptt/Gossiping/21200_2.txt, time: 4.330000
/bbs/Gossiping/M.1495721715.A.8EB.html download to ptt/Gossiping/21200_3.txt, time: 3.920000
/bbs/Gossiping/M.1495721719.A.E28.html download to ptt/Gossiping/21200_4.txt, time: 3.270000
/bbs/Gossiping/M.1495721735.A.9C4.html download to ptt/Gossiping/21200_5.txt, time: 8.540000
/bbs/Gossiping/M.1495721745.A.15F.html download to ptt/Gossiping/21200_6.txt, time: 6.080000
/bbs/Gossiping/M.1495721803.A.70F.html download to ptt/Gossiping/21200_7.txt, time: 3.010000
/bbs/Gossiping/M.1495721888.A.8DB.html download to ptt/Gossiping/21200_8.txt, time: 4.380000
/bbs/Gossiping/M.1495721955.A.F9B.html download to ptt/Gossiping/21200_9.txt, time: 5.470000
/bbs/Gossiping/M.1495721962.A.115.html download to ptt/Gossiping/21200_10.txt, time: 4.820000
/bbs/Gossiping/M.1495721973.A.798.html download to ptt/Gossiping/21200_11.txt, time: 4.460000
/bbs/Gossiping/M.1495722010.A.770.html download to ptt/Gossiping/21200_12.txt, time: 6.760000
/bbs/Gossiping/M.1495722016.A.03E.html download to ptt/Gossiping/21200_13.txt, time: 4.290000
/bbs/Gossiping/M.1495722034.A.016.html download to ptt/Gossiping/21200_14.txt, time: 4.320000
/bbs/Gossiping/M.1495722046.A.BBC.html download to ptt/Gossiping/21200_15.txt, time: 4.790000
/bbs/Gossiping/M.1495722057.A.EEC.html download to ptt/Gossiping/21200_16.txt, time: 5.000000
/bbs/Gossiping/M.1495722082.A.EC2.html download to ptt/Gossiping/21200_17.txt, time: 6.630000
/bbs/Gossiping/M.1495722087.A.1C4.html download to ptt/Gossiping/21200_18.txt, time: 4.800000
/bbs/Gossiping/M.1495722096.A.DB8.html download to ptt/Gossiping/21200_19.txt, time: 3.580000
page 21199
/bbs/Gossiping/M.1495721132.A.E7D.html download to ptt/Gossiping/21199_0.txt, time: 7.330000
/bbs/Gossiping/M.1495721138.A.D9F.html download to ptt/Gossiping/21199_1.txt, time: 4.610000
/bbs/Gossiping/M.1495721140.A.ABF.html download to ptt/Gossiping/21199_2.txt, time: 5.830000
/bbs/Gossiping/M.1495721144.A.4A9.html download to ptt/Gossiping/21199_3.txt, time: 4.150000
/bbs/Gossiping/M.1495721151.A.047.html download to ptt/Gossiping/21199_4.txt, time: 3.510000
/bbs/Gossiping/M.1495721157.A.4DA.html download to ptt/Gossiping/21199_5.txt, time: 5.820000
/bbs/Gossiping/M.1495721188.A.3CD.html download to ptt/Gossiping/21199_6.txt, time: 7.760000
/bbs/Gossiping/M.1495721204.A.F40.html download to ptt/Gossiping/21199_7.txt, time: 7.350000
/bbs/Gossiping/M.1495721224.A.B17.html download to ptt/Gossiping/21199_8.txt, time: 5.250000
/bbs/Gossiping/M.1495721260.A.891.html download to ptt/Gossiping/21199_9.txt, time: 5.520000
/bbs/Gossiping/M.1495721296.A.1CE.html download to ptt/Gossiping/21199_10.txt, time: 6.120000
/bbs/Gossiping/M.1495721304.A.833.html download to ptt/Gossiping/21199_11.txt, time: 5.370000
/bbs/Gossiping/M.1495721338.A.985.html download to ptt/Gossiping/21199_12.txt, time: 4.620000
/bbs/Gossiping/M.1495721417.A.181.html download to ptt/Gossiping/21199_13.txt, time: 5.040000
/bbs/Gossiping/M.1495721482.A.C68.html download to ptt/Gossiping/21199_14.txt, time: 4.980000
/bbs/Gossiping/M.1495721566.A.B58.html download to ptt/Gossiping/21199_15.txt, time: 7.920000
/bbs/Gossiping/M.1495721576.A.259.html download to ptt/Gossiping/21199_16.txt, time: 4.980000
/bbs/Gossiping/M.1495721608.A.D5D.html download to ptt/Gossiping/21199_17.txt, time: 8.480000
/bbs/Gossiping/M.1495721622.A.E4B.html download to ptt/Gossiping/21199_18.txt, time: 9.500000
/bbs/Gossiping/M.1495721637.A.A03.html download to ptt/Gossiping/21199_19.txt, time: 5.600000
page 21198
/bbs/Gossiping/M.1495720787.A.D8B.html download to ptt/Gossiping/21198_0.txt, time: 11.020000
/bbs/Gossiping/M.1495720810.A.1C6.html download to ptt/Gossiping/21198_1.txt, time: 4.650000
/bbs/Gossiping/M.1495720818.A.27C.html download to ptt/Gossiping/21198_2.txt, time: 8.540000
/bbs/Gossiping/M.1495720821.A.AB4.html download to ptt/Gossiping/21198_3.txt, time: 3.630000
/bbs/Gossiping/M.1495720822.A.3CD.html download to ptt/Gossiping/21198_4.txt, time: 6.220000
/bbs/Gossiping/M.1495720830.A.BA1.html download to ptt/Gossiping/21198_5.txt, time: 9.360000
/bbs/Gossiping/M.1495720878.A.241.html download to ptt/Gossiping/21198_6.txt, time: 5.150000
/bbs/Gossiping/M.1495720884.A.24D.html download to ptt/Gossiping/21198_7.txt, time: 4.930000
/bbs/Gossiping/M.1495720898.A.533.html download to ptt/Gossiping/21198_8.txt, time: 5.460000
/bbs/Gossiping/M.1495720937.A.F83.html download to ptt/Gossiping/21198_9.txt, time: 3.790000
/bbs/Gossiping/M.1495720951.A.675.html download to ptt/Gossiping/21198_10.txt, time: 5.690000
/bbs/Gossiping/M.1495720987.A.0CB.html download to ptt/Gossiping/21198_11.txt, time: 5.610000
/bbs/Gossiping/M.1495721013.A.F42.html download to ptt/Gossiping/21198_12.txt, time: 4.460000
/bbs/Gossiping/M.1495721024.A.7DB.html download to ptt/Gossiping/21198_13.txt, time: 13.610000
/bbs/Gossiping/M.1495721058.A.1DB.html download to ptt/Gossiping/21198_14.txt, time: 4.300000
/bbs/Gossiping/M.1495721069.A.A3D.html download to ptt/Gossiping/21198_15.txt, time: 3.760000
/bbs/Gossiping/M.1495721069.A.355.html download to ptt/Gossiping/21198_16.txt, time: 3.230000
/bbs/Gossiping/M.1495721089.A.4B6.html download to ptt/Gossiping/21198_17.txt, time: 3.740000
/bbs/Gossiping/M.1495721119.A.F1B.html download to ptt/Gossiping/21198_18.txt, time: 3.850000
/bbs/Gossiping/M.1495721124.A.454.html download to ptt/Gossiping/21198_19.txt, time: 5.240000
page 21197
/bbs/Gossiping/M.1495720360.A.972.html download to ptt/Gossiping/21197_0.txt, time: 4.720000
/bbs/Gossiping/M.1495720369.A.A6A.html download to ptt/Gossiping/21197_1.txt, time: 3.710000
/bbs/Gossiping/M.1495720382.A.F1F.html download to ptt/Gossiping/21197_2.txt, time: 4.270000
/bbs/Gossiping/M.1495720396.A.E1E.html download to ptt/Gossiping/21197_3.txt, time: 3.600000
/bbs/Gossiping/M.1495720399.A.578.html download to ptt/Gossiping/21197_4.txt, time: 3.650000
/bbs/Gossiping/M.1495720405.A.232.html download to ptt/Gossiping/21197_5.txt, time: 3.920000
/bbs/Gossiping/M.1495720408.A.CD6.html download to ptt/Gossiping/21197_6.txt, time: 4.760000
/bbs/Gossiping/M.1495720504.A.EE2.html download to ptt/Gossiping/21197_7.txt, time: 4.410000
/bbs/Gossiping/M.1495720515.A.0CA.html download to ptt/Gossiping/21197_8.txt, time: 3.640000
/bbs/Gossiping/M.1495720527.A.754.html download to ptt/Gossiping/21197_9.txt, time: 3.240000
/bbs/Gossiping/M.1495720542.A.968.html download to ptt/Gossiping/21197_10.txt, time: 5.170000
/bbs/Gossiping/M.1495720547.A.1CB.html download to ptt/Gossiping/21197_11.txt, time: 2.800000
/bbs/Gossiping/M.1495720555.A.9BE.html download to ptt/Gossiping/21197_12.txt, time: 3.660000
/bbs/Gossiping/M.1495720562.A.E9B.html download to ptt/Gossiping/21197_13.txt, time: 2.940000
/bbs/Gossiping/M.1495720601.A.16F.html download to ptt/Gossiping/21197_14.txt, time: 3.860000
/bbs/Gossiping/M.1495720628.A.D90.html download to ptt/Gossiping/21197_15.txt, time: 6.790000
/bbs/Gossiping/M.1495720636.A.12F.html download to ptt/Gossiping/21197_16.txt, time: 3.990000
/bbs/Gossiping/M.1495720757.A.733.html download to ptt/Gossiping/21197_17.txt, time: 4.050000
/bbs/Gossiping/M.1495720762.A.428.html download to ptt/Gossiping/21197_18.txt, time: 3.080000
/bbs/Gossiping/M.1495720780.A.867.html download to ptt/Gossiping/21197_19.txt, time: 3.350000
page 21196
/bbs/Gossiping/M.1495719955.A.B82.html download to ptt/Gossiping/21196_0.txt, time: 3.600000
/bbs/Gossiping/M.1495719973.A.C3C.html download to ptt/Gossiping/21196_1.txt, time: 4.770000
/bbs/Gossiping/M.1495719987.A.887.html download to ptt/Gossiping/21196_2.txt, time: 3.450000
/bbs/Gossiping/M.1495719996.A.2F9.html download to ptt/Gossiping/21196_3.txt, time: 4.210000
/bbs/Gossiping/M.1495720055.A.3EF.html download to ptt/Gossiping/21196_4.txt, time: 3.210000
/bbs/Gossiping/M.1495720090.A.C88.html download to ptt/Gossiping/21196_5.txt, time: 4.670000
/bbs/Gossiping/M.1495720092.A.71D.html download to ptt/Gossiping/21196_6.txt, time: 3.320000
/bbs/Gossiping/M.1495720104.A.670.html download to ptt/Gossiping/21196_7.txt, time: 3.000000
/bbs/Gossiping/M.1495720107.A.629.html download to ptt/Gossiping/21196_8.txt, time: 5.280000
/bbs/Gossiping/M.1495720123.A.A0C.html download to ptt/Gossiping/21196_9.txt, time: 3.600000
/bbs/Gossiping/M.1495720128.A.22D.html download to ptt/Gossiping/21196_10.txt, time: 3.140000
/bbs/Gossiping/M.1495720153.A.C86.html download to ptt/Gossiping/21196_11.txt, time: 4.290000
/bbs/Gossiping/M.1495720168.A.397.html download to ptt/Gossiping/21196_12.txt, time: 3.490000
/bbs/Gossiping/M.1495720186.A.D24.html download to ptt/Gossiping/21196_13.txt, time: 3.380000
/bbs/Gossiping/M.1495720190.A.463.html download to ptt/Gossiping/21196_14.txt, time: 3.880000
/bbs/Gossiping/M.1495720209.A.070.html download to ptt/Gossiping/21196_15.txt, time: 5.490000
/bbs/Gossiping/M.1495720222.A.014.html download to ptt/Gossiping/21196_16.txt, time: 3.910000
/bbs/Gossiping/M.1495720285.A.27F.html download to ptt/Gossiping/21196_17.txt, time: 4.340000
/bbs/Gossiping/M.1495720323.A.7DE.html download to ptt/Gossiping/21196_18.txt, time: 4.640000
/bbs/Gossiping/M.1495720327.A.AFC.html download to ptt/Gossiping/21196_19.txt, time: 2.700000
time: 551.1890997886658 seconds
