page 21210
/bbs/Gossiping/M.1495725966.A.A42.html download to ptt/Gossiping/21210_0.txt, time: 4.970000
/bbs/Gossiping/M.1495725967.A.0B5.html download to ptt/Gossiping/21210_1.txt, time: 5.880000
/bbs/Gossiping/M.1495725981.A.715.html download to ptt/Gossiping/21210_2.txt, time: 4.690000
/bbs/Gossiping/M.1495726015.A.024.html download to ptt/Gossiping/21210_3.txt, time: 6.560000
/bbs/Gossiping/M.1495726072.A.353.html download to ptt/Gossiping/21210_4.txt, time: 7.540000
/bbs/Gossiping/M.1495726073.A.E18.html download to ptt/Gossiping/21210_5.txt, time: 5.110000
/bbs/Gossiping/M.1495726078.A.381.html download to ptt/Gossiping/21210_6.txt, time: 6.420000
/bbs/Gossiping/M.1495726096.A.14D.html download to ptt/Gossiping/21210_7.txt, time: 5.010000
/bbs/Gossiping/M.1495726108.A.F59.html download to ptt/Gossiping/21210_8.txt, time: 6.590000
/bbs/Gossiping/M.1495726151.A.EFD.html download to ptt/Gossiping/21210_9.txt, time: 7.270000
/bbs/Gossiping/M.1495726158.A.180.html download to ptt/Gossiping/21210_10.txt, time: 5.460000
/bbs/Gossiping/M.1495726161.A.2D0.html download to ptt/Gossiping/21210_11.txt, time: 4.360000
/bbs/Gossiping/M.1495726207.A.E58.html download to ptt/Gossiping/21210_12.txt, time: 3.900000
/bbs/Gossiping/M.1495726248.A.2A1.html download to ptt/Gossiping/21210_13.txt, time: 5.070000
/bbs/Gossiping/M.1495726273.A.89C.html download to ptt/Gossiping/21210_14.txt, time: 6.430000
/bbs/Gossiping/M.1495726308.A.58B.html download to ptt/Gossiping/21210_15.txt, time: 6.440000
/bbs/Gossiping/M.1495726350.A.227.html download to ptt/Gossiping/21210_16.txt, time: 4.690000
/bbs/Gossiping/M.1495726372.A.507.html download to ptt/Gossiping/21210_17.txt, time: 4.330000
/bbs/Gossiping/M.1495726372.A.97A.html download to ptt/Gossiping/21210_18.txt, time: 3.960000
/bbs/Gossiping/M.1495726390.A.434.html download to ptt/Gossiping/21210_19.txt, time: 7.190000
page 21209
/bbs/Gossiping/M.1495725652.A.645.html download to ptt/Gossiping/21209_0.txt, time: 5.320000
/bbs/Gossiping/M.1495725669.A.5C8.html download to ptt/Gossiping/21209_1.txt, time: 4.590000
/bbs/Gossiping/M.1495725692.A.9A3.html download to ptt/Gossiping/21209_2.txt, time: 3.980000
/bbs/Gossiping/M.1495725713.A.222.html download to ptt/Gossiping/21209_3.txt, time: 6.570000
/bbs/Gossiping/M.1495725729.A.8F1.html download to ptt/Gossiping/21209_4.txt, time: 4.820000
/bbs/Gossiping/M.1495725735.A.515.html download to ptt/Gossiping/21209_5.txt, time: 6.050000
/bbs/Gossiping/M.1495725748.A.B1F.html download to ptt/Gossiping/21209_6.txt, time: 4.410000
/bbs/Gossiping/M.1495725759.A.9D8.html download to ptt/Gossiping/21209_7.txt, time: 4.210000
/bbs/Gossiping/M.1495725760.A.E28.html download to ptt/Gossiping/21209_8.txt, time: 3.310000
/bbs/Gossiping/M.1495725765.A.6DD.html download to ptt/Gossiping/21209_9.txt, time: 4.190000
/bbs/Gossiping/M.1495725782.A.B34.html download to ptt/Gossiping/21209_10.txt, time: 6.480000
/bbs/Gossiping/M.1495725793.A.1BA.html download to ptt/Gossiping/21209_11.txt, time: 5.170000
/bbs/Gossiping/M.1495725800.A.B0D.html download to ptt/Gossiping/21209_12.txt, time: 4.300000
/bbs/Gossiping/M.1495725801.A.875.html download to ptt/Gossiping/21209_13.txt, time: 4.590000
/bbs/Gossiping/M.1495725812.A.B7B.html download to ptt/Gossiping/21209_14.txt, time: 4.560000
/bbs/Gossiping/M.1495725856.A.A72.html download to ptt/Gossiping/21209_15.txt, time: 5.190000
/bbs/Gossiping/M.1495725876.A.E55.html download to ptt/Gossiping/21209_16.txt, time: 4.750000
/bbs/Gossiping/M.1495725908.A.89D.html download to ptt/Gossiping/21209_17.txt, time: 5.780000
/bbs/Gossiping/M.1495725913.A.F5B.html download to ptt/Gossiping/21209_18.txt, time: 4.910000
/bbs/Gossiping/M.1495725953.A.7F2.html download to ptt/Gossiping/21209_19.txt, time: 5.380000
page 21208
/bbs/Gossiping/M.1495725244.A.63A.html download to ptt/Gossiping/21208_0.txt, time: 10.900000
/bbs/Gossiping/M.1495725260.A.BC6.html download to ptt/Gossiping/21208_1.txt, time: 3.820000
/bbs/Gossiping/M.1495725270.A.1D7.html download to ptt/Gossiping/21208_2.txt, time: 7.350000
/bbs/Gossiping/M.1495725277.A.C0D.html download to ptt/Gossiping/21208_3.txt, time: 4.960000
/bbs/Gossiping/M.1495725328.A.046.html download to ptt/Gossiping/21208_4.txt, time: 4.780000
/bbs/Gossiping/M.1495725390.A.C65.html download to ptt/Gossiping/21208_5.txt, time: 10.760000
/bbs/Gossiping/M.1495725397.A.24D.html download to ptt/Gossiping/21208_6.txt, time: 10.740000
/bbs/Gossiping/M.1495725412.A.670.html download to ptt/Gossiping/21208_7.txt, time: 5.400000
/bbs/Gossiping/M.1495725427.A.3B7.html download to ptt/Gossiping/21208_8.txt, time: 5.760000
/bbs/Gossiping/M.1495725437.A.96C.html download to ptt/Gossiping/21208_9.txt, time: 11.250000
/bbs/Gossiping/M.1495725441.A.B77.html download to ptt/Gossiping/21208_10.txt, time: 6.200000
/bbs/Gossiping/M.1495725457.A.9AC.html download to ptt/Gossiping/21208_11.txt, time: 4.110000
/bbs/Gossiping/M.1495725495.A.B72.html download to ptt/Gossiping/21208_12.txt, time: 3.370000
/bbs/Gossiping/M.1495725508.A.06E.html download to ptt/Gossiping/21208_13.txt, time: 5.620000
/bbs/Gossiping/M.1495725514.A.88E.html download to ptt/Gossiping/21208_14.txt, time: 4.250000
/bbs/Gossiping/M.1495725550.A.83E.html download to ptt/Gossiping/21208_15.txt, time: 3.060000
/bbs/Gossiping/M.1495725562.A.5B6.html download to ptt/Gossiping/21208_16.txt, time: 4.600000
/bbs/Gossiping/M.1495725590.A.818.html download to ptt/Gossiping/21208_17.txt, time: 3.310000
/bbs/Gossiping/M.1495725645.A.7D7.html download to ptt/Gossiping/21208_18.txt, time: 4.830000
/bbs/Gossiping/M.1495725651.A.149.html download to ptt/Gossiping/21208_19.txt, time: 4.450000
page 21207
/bbs/Gossiping/M.1495724913.A.852.html download to ptt/Gossiping/21207_0.txt, time: 3.710000
/bbs/Gossiping/M.1495724919.A.DB3.html download to ptt/Gossiping/21207_1.txt, time: 4.080000
/bbs/Gossiping/M.1495724922.A.88E.html download to ptt/Gossiping/21207_2.txt, time: 3.750000
/bbs/Gossiping/M.1495724947.A.5D0.html download to ptt/Gossiping/21207_3.txt, time: 4.920000
/bbs/Gossiping/M.1495724956.A.95C.html download to ptt/Gossiping/21207_4.txt, time: 3.490000
/bbs/Gossiping/M.1495724965.A.1DF.html download to ptt/Gossiping/21207_5.txt, time: 5.130000
/bbs/Gossiping/M.1495724984.A.6DD.html download to ptt/Gossiping/21207_6.txt, time: 5.710000
/bbs/Gossiping/M.1495725006.A.8F6.html download to ptt/Gossiping/21207_7.txt, time: 4.620000
/bbs/Gossiping/M.1495725028.A.417.html download to ptt/Gossiping/21207_8.txt, time: 5.230000
/bbs/Gossiping/M.1495725040.A.1CD.html download to ptt/Gossiping/21207_9.txt, time: 3.140000
/bbs/Gossiping/M.1495725066.A.263.html download to ptt/Gossiping/21207_10.txt, time: 3.260000
/bbs/Gossiping/M.1495725095.A.058.html download to ptt/Gossiping/21207_11.txt, time: 3.440000
/bbs/Gossiping/M.1495725121.A.948.html download to ptt/Gossiping/21207_12.txt, time: 6.460000
/bbs/Gossiping/M.1495725124.A.1DF.html download to ptt/Gossiping/21207_13.txt, time: 7.280000
/bbs/Gossiping/M.1495725132.A.62E.html download to ptt/Gossiping/21207_14.txt, time: 3.640000
/bbs/Gossiping/M.1495725167.A.683.html download to ptt/Gossiping/21207_15.txt, time: 3.040000
/bbs/Gossiping/M.1495725197.A.609.html download to ptt/Gossiping/21207_16.txt, time: 3.080000
/bbs/Gossiping/M.1495725204.A.E38.html download to ptt/Gossiping/21207_17.txt, time: 3.190000
/bbs/Gossiping/M.1495725227.A.BC7.html download to ptt/Gossiping/21207_18.txt, time: 2.920000
/bbs/Gossiping/M.1495725230.A.FE6.html download to ptt/Gossiping/21207_19.txt, time: 3.560000
page 21206
/bbs/Gossiping/M.1495724499.A.352.html download to ptt/Gossiping/21206_0.txt, time: 3.480000
/bbs/Gossiping/M.1495724526.A.607.html download to ptt/Gossiping/21206_1.txt, time: 3.550000
/bbs/Gossiping/M.1495724580.A.DEB.html download to ptt/Gossiping/21206_2.txt, time: 2.920000
/bbs/Gossiping/M.1495724602.A.64A.html download to ptt/Gossiping/21206_3.txt, time: 4.010000
/bbs/Gossiping/M.1495724629.A.FE9.html download to ptt/Gossiping/21206_4.txt, time: 5.110000
/bbs/Gossiping/M.1495724665.A.605.html download to ptt/Gossiping/21206_5.txt, time: 3.520000
/bbs/Gossiping/M.1495724700.A.A9B.html download to ptt/Gossiping/21206_6.txt, time: 3.980000
/bbs/Gossiping/M.1495724711.A.556.html download to ptt/Gossiping/21206_7.txt, time: 3.790000
/bbs/Gossiping/M.1495724763.A.045.html download to ptt/Gossiping/21206_8.txt, time: 4.340000
/bbs/Gossiping/M.1495724767.A.E81.html download to ptt/Gossiping/21206_9.txt, time: 3.640000
/bbs/Gossiping/M.1495724778.A.468.html download to ptt/Gossiping/21206_10.txt, time: 2.950000
/bbs/Gossiping/M.1495724803.A.282.html download to ptt/Gossiping/21206_11.txt, time: 3.380000
/bbs/Gossiping/M.1495724830.A.DC5.html download to ptt/Gossiping/21206_12.txt, time: 3.810000
/bbs/Gossiping/M.1495724834.A.C06.html download to ptt/Gossiping/21206_13.txt, time: 4.460000
/bbs/Gossiping/M.1495724840.A.189.html download to ptt/Gossiping/21206_14.txt, time: 3.270000
/bbs/Gossiping/M.1495724854.A.831.html download to ptt/Gossiping/21206_15.txt, time: 4.700000
/bbs/Gossiping/M.1495724859.A.47E.html download to ptt/Gossiping/21206_16.txt, time: 3.450000
/bbs/Gossiping/M.1495724887.A.95E.html download to ptt/Gossiping/21206_17.txt, time: 2.720000
/bbs/Gossiping/M.1495724890.A.A66.html download to ptt/Gossiping/21206_18.txt, time: 2.430000
/bbs/Gossiping/M.1495724906.A.EB4.html download to ptt/Gossiping/21206_19.txt, time: 2.490000
time: 550.4351098537445 seconds
