page 21220
/bbs/Gossiping/M.1495730363.A.960.html download to ptt/Gossiping/21220_0.txt, time: 4.760000
/bbs/Gossiping/M.1495730366.A.298.html download to ptt/Gossiping/21220_1.txt, time: 8.050000
/bbs/Gossiping/M.1495730369.A.2BA.html download to ptt/Gossiping/21220_2.txt, time: 6.810000
/bbs/Gossiping/M.1495730384.A.822.html download to ptt/Gossiping/21220_3.txt, time: 3.950000
/bbs/Gossiping/M.1495730412.A.852.html download to ptt/Gossiping/21220_4.txt, time: 5.300000
/bbs/Gossiping/M.1495730416.A.AE6.html download to ptt/Gossiping/21220_5.txt, time: 4.370000
/bbs/Gossiping/M.1495730460.A.559.html download to ptt/Gossiping/21220_6.txt, time: 4.210000
/bbs/Gossiping/M.1495730473.A.748.html download to ptt/Gossiping/21220_7.txt, time: 3.740000
/bbs/Gossiping/M.1495730489.A.6F7.html download to ptt/Gossiping/21220_8.txt, time: 7.690000
/bbs/Gossiping/M.1495730495.A.AD4.html download to ptt/Gossiping/21220_9.txt, time: 5.060000
/bbs/Gossiping/M.1495730501.A.C36.html download to ptt/Gossiping/21220_10.txt, time: 5.620000
/bbs/Gossiping/M.1495730515.A.11D.html download to ptt/Gossiping/21220_11.txt, time: 5.710000
/bbs/Gossiping/M.1495730565.A.F56.html download to ptt/Gossiping/21220_12.txt, time: 7.540000
/bbs/Gossiping/M.1495730568.A.55C.html download to ptt/Gossiping/21220_13.txt, time: 6.170000
/bbs/Gossiping/M.1495730580.A.739.html download to ptt/Gossiping/21220_14.txt, time: 3.950000
/bbs/Gossiping/M.1495730590.A.2FC.html download to ptt/Gossiping/21220_15.txt, time: 3.840000
/bbs/Gossiping/M.1495730611.A.3B1.html download to ptt/Gossiping/21220_16.txt, time: 3.110000
/bbs/Gossiping/M.1495730636.A.7E7.html download to ptt/Gossiping/21220_17.txt, time: 5.760000
/bbs/Gossiping/M.1495730655.A.1DA.html download to ptt/Gossiping/21220_18.txt, time: 5.320000
/bbs/Gossiping/M.1495730675.A.1E5.html download to ptt/Gossiping/21220_19.txt, time: 6.090000
page 21219
/bbs/Gossiping/M.1495729978.A.1C1.html download to ptt/Gossiping/21219_0.txt, time: 4.100000
/bbs/Gossiping/M.1495730037.A.F85.html download to ptt/Gossiping/21219_1.txt, time: 6.030000
/bbs/Gossiping/M.1495730058.A.1D7.html download to ptt/Gossiping/21219_2.txt, time: 5.730000
/bbs/Gossiping/M.1495730069.A.517.html download to ptt/Gossiping/21219_3.txt, time: 5.540000
/bbs/Gossiping/M.1495730083.A.7D1.html download to ptt/Gossiping/21219_4.txt, time: 5.090000
/bbs/Gossiping/M.1495730085.A.E03.html download to ptt/Gossiping/21219_5.txt, time: 5.480000
/bbs/Gossiping/M.1495730117.A.38D.html download to ptt/Gossiping/21219_6.txt, time: 4.300000
/bbs/Gossiping/M.1495730123.A.078.html download to ptt/Gossiping/21219_7.txt, time: 5.800000
/bbs/Gossiping/M.1495730163.A.2FC.html download to ptt/Gossiping/21219_8.txt, time: 3.390000
/bbs/Gossiping/M.1495730164.A.1C6.html download to ptt/Gossiping/21219_9.txt, time: 4.460000
/bbs/Gossiping/M.1495730185.A.E3C.html download to ptt/Gossiping/21219_10.txt, time: 7.820000
/bbs/Gossiping/M.1495730210.A.551.html download to ptt/Gossiping/21219_11.txt, time: 6.110000
/bbs/Gossiping/M.1495730216.A.F10.html download to ptt/Gossiping/21219_12.txt, time: 7.210000
/bbs/Gossiping/M.1495730218.A.3F3.html download to ptt/Gossiping/21219_13.txt, time: 6.960000
/bbs/Gossiping/M.1495730226.A.6AC.html download to ptt/Gossiping/21219_14.txt, time: 5.960000
/bbs/Gossiping/M.1495730259.A.EFD.html download to ptt/Gossiping/21219_15.txt, time: 4.740000
/bbs/Gossiping/M.1495730277.A.D6B.html download to ptt/Gossiping/21219_16.txt, time: 6.560000
/bbs/Gossiping/M.1495730301.A.6C7.html download to ptt/Gossiping/21219_17.txt, time: 5.340000
/bbs/Gossiping/M.1495730307.A.A0B.html download to ptt/Gossiping/21219_18.txt, time: 6.460000
/bbs/Gossiping/M.1495730334.A.5E3.html download to ptt/Gossiping/21219_19.txt, time: 6.830000
page 21218
/bbs/Gossiping/M.1495729410.A.490.html download to ptt/Gossiping/21218_0.txt, time: 4.820000
/bbs/Gossiping/M.1495729425.A.531.html download to ptt/Gossiping/21218_1.txt, time: 4.070000
/bbs/Gossiping/M.1495729481.A.B01.html download to ptt/Gossiping/21218_2.txt, time: 4.320000
/bbs/Gossiping/M.1495729491.A.C27.html download to ptt/Gossiping/21218_3.txt, time: 8.690000
/bbs/Gossiping/M.1495729509.A.D0E.html download to ptt/Gossiping/21218_4.txt, time: 8.540000
/bbs/Gossiping/M.1495729528.A.2C5.html download to ptt/Gossiping/21218_5.txt, time: 4.280000
/bbs/Gossiping/M.1495729634.A.909.html download to ptt/Gossiping/21218_6.txt, time: 3.950000
/bbs/Gossiping/M.1495729646.A.133.html download to ptt/Gossiping/21218_7.txt, time: 4.630000
/bbs/Gossiping/M.1495729665.A.E1E.html download to ptt/Gossiping/21218_8.txt, time: 4.580000
/bbs/Gossiping/M.1495729675.A.036.html download to ptt/Gossiping/21218_9.txt, time: 4.720000
/bbs/Gossiping/M.1495729704.A.240.htmlTraceback (most recent call last):
  File "/home/studentyl/anaconda3/lib/python3.6/site-packages/requests/packages/urllib3/connectionpool.py", line 600, in urlopen
    chunked=chunked)
  File "/home/studentyl/anaconda3/lib/python3.6/site-packages/requests/packages/urllib3/connectionpool.py", line 386, in _make_request
    six.raise_from(e, None)
  File "<string>", line 2, in raise_from
  File "/home/studentyl/anaconda3/lib/python3.6/site-packages/requests/packages/urllib3/connectionpool.py", line 382, in _make_request
    httplib_response = conn.getresponse()
  File "/home/studentyl/anaconda3/lib/python3.6/http/client.py", line 1331, in getresponse
    response.begin()
  File "/home/studentyl/anaconda3/lib/python3.6/http/client.py", line 297, in begin
    version, status, reason = self._read_status()
  File "/home/studentyl/anaconda3/lib/python3.6/http/client.py", line 266, in _read_status
    raise RemoteDisconnected("Remote end closed connection without"
http.client.RemoteDisconnected: Remote end closed connection without response

During handling of the above exception, another exception occurred:

Traceback (most recent call last):
  File "/home/studentyl/anaconda3/lib/python3.6/site-packages/requests/adapters.py", line 438, in send
    timeout=timeout
  File "/home/studentyl/anaconda3/lib/python3.6/site-packages/requests/packages/urllib3/connectionpool.py", line 649, in urlopen
    _stacktrace=sys.exc_info()[2])
  File "/home/studentyl/anaconda3/lib/python3.6/site-packages/requests/packages/urllib3/util/retry.py", line 357, in increment
    raise six.reraise(type(error), error, _stacktrace)
  File "/home/studentyl/anaconda3/lib/python3.6/site-packages/requests/packages/urllib3/packages/six.py", line 685, in reraise
    raise value.with_traceback(tb)
  File "/home/studentyl/anaconda3/lib/python3.6/site-packages/requests/packages/urllib3/connectionpool.py", line 600, in urlopen
    chunked=chunked)
  File "/home/studentyl/anaconda3/lib/python3.6/site-packages/requests/packages/urllib3/connectionpool.py", line 386, in _make_request
    six.raise_from(e, None)
  File "<string>", line 2, in raise_from
  File "/home/studentyl/anaconda3/lib/python3.6/site-packages/requests/packages/urllib3/connectionpool.py", line 382, in _make_request
    httplib_response = conn.getresponse()
  File "/home/studentyl/anaconda3/lib/python3.6/http/client.py", line 1331, in getresponse
    response.begin()
  File "/home/studentyl/anaconda3/lib/python3.6/http/client.py", line 297, in begin
    version, status, reason = self._read_status()
  File "/home/studentyl/anaconda3/lib/python3.6/http/client.py", line 266, in _read_status
    raise RemoteDisconnected("Remote end closed connection without"
requests.packages.urllib3.exceptions.ProtocolError: ('Connection aborted.', RemoteDisconnected('Remote end closed connection without response',))

During handling of the above exception, another exception occurred:

Traceback (most recent call last):
  File "./crawler.py", line 177, in <module>
    main(sys.argv[1:])
  File "./crawler.py", line 158, in main
    downloadForum(forumName, startPage, pages)
  File "./crawler.py", line 140, in downloadForum
    downloadPage(str(articleCount), forumName, pageNum, 'https://www.ptt.cc'+link)
  File "./crawler.py", line 82, in downloadPage
    pageText = getPageText(link)
  File "./crawler.py", line 13, in getPageText
    pageText=requests.get(link, cookies={'over18':'1'}).text
  File "/home/studentyl/anaconda3/lib/python3.6/site-packages/requests/api.py", line 72, in get
    return request('get', url, params=params, **kwargs)
  File "/home/studentyl/anaconda3/lib/python3.6/site-packages/requests/api.py", line 58, in request
    return session.request(method=method, url=url, **kwargs)
  File "/home/studentyl/anaconda3/lib/python3.6/site-packages/requests/sessions.py", line 518, in request
    resp = self.send(prep, **send_kwargs)
  File "/home/studentyl/anaconda3/lib/python3.6/site-packages/requests/sessions.py", line 639, in send
    r = adapter.send(request, **kwargs)
  File "/home/studentyl/anaconda3/lib/python3.6/site-packages/requests/adapters.py", line 488, in send
    raise ConnectionError(err, request=request)
requests.exceptions.ConnectionError: ('Connection aborted.', RemoteDisconnected('Remote end closed connection without response',))
