page 21230
/bbs/Gossiping/M.1495737738.A.5D3.html download to ptt/Gossiping/21230_0.txt, time: 4.010000
/bbs/Gossiping/M.1495737785.A.E29.html download to ptt/Gossiping/21230_1.txt, time: 4.070000
/bbs/Gossiping/M.1495737786.A.AD6.html download to ptt/Gossiping/21230_2.txt, time: 3.510000
/bbs/Gossiping/M.1495737917.A.761.html download to ptt/Gossiping/21230_3.txt, time: 6.290000
/bbs/Gossiping/M.1495737919.A.F7F.html download to ptt/Gossiping/21230_4.txt, time: 6.820000
/bbs/Gossiping/M.1495737943.A.5F4.html download to ptt/Gossiping/21230_5.txt, time: 5.930000
/bbs/Gossiping/M.1495737976.A.8A8.html download to ptt/Gossiping/21230_6.txt, time: 4.900000
/bbs/Gossiping/M.1495737988.A.898.html download to ptt/Gossiping/21230_7.txt, time: 4.080000
/bbs/Gossiping/M.1495738128.A.ABE.html download to ptt/Gossiping/21230_8.txt, time: 3.160000
/bbs/Gossiping/M.1495738192.A.4DD.html download to ptt/Gossiping/21230_9.txt, time: 5.320000
/bbs/Gossiping/M.1495738268.A.176.html download to ptt/Gossiping/21230_10.txt, time: 8.610000
/bbs/Gossiping/M.1495738270.A.7C7.html download to ptt/Gossiping/21230_11.txt, time: 3.830000
/bbs/Gossiping/M.1495738281.A.0F2.html download to ptt/Gossiping/21230_12.txt, time: 6.810000
/bbs/Gossiping/M.1495738286.A.327.html download to ptt/Gossiping/21230_13.txt, time: 4.050000
/bbs/Gossiping/M.1495738386.A.CF8.html download to ptt/Gossiping/21230_14.txt, time: 6.010000
/bbs/Gossiping/M.1495738442.A.F94.html download to ptt/Gossiping/21230_15.txt, time: 5.450000
/bbs/Gossiping/M.1495738457.A.B59.html download to ptt/Gossiping/21230_16.txt, time: 5.520000
/bbs/Gossiping/M.1495738463.A.FFF.html download to ptt/Gossiping/21230_17.txt, time: 5.310000
/bbs/Gossiping/M.1495738491.A.0BE.html download to ptt/Gossiping/21230_18.txt, time: 4.840000
/bbs/Gossiping/M.1495738498.A.3A3.html download to ptt/Gossiping/21230_19.txt, time: 5.150000
page 21229
/bbs/Gossiping/M.1495736342.A.5C0.html download to ptt/Gossiping/21229_0.txt, time: 6.050000
/bbs/Gossiping/M.1495736469.A.A16.html download to ptt/Gossiping/21229_1.txt, time: 6.850000
/bbs/Gossiping/M.1495736539.A.3F9.html download to ptt/Gossiping/21229_2.txt, time: 5.910000
/bbs/Gossiping/M.1495736654.A.97C.html download to ptt/Gossiping/21229_3.txt, time: 3.280000
/bbs/Gossiping/M.1495736726.A.100.html download to ptt/Gossiping/21229_4.txt, time: 5.580000
/bbs/Gossiping/M.1495736780.A.935.html download to ptt/Gossiping/21229_5.txt, time: 5.680000
/bbs/Gossiping/M.1495736800.A.241.html download to ptt/Gossiping/21229_6.txt, time: 3.790000
/bbs/Gossiping/M.1495736819.A.104.html download to ptt/Gossiping/21229_7.txt, time: 5.900000
/bbs/Gossiping/M.1495736915.A.E9B.html download to ptt/Gossiping/21229_8.txt, time: 5.270000
/bbs/Gossiping/M.1495736916.A.77D.html download to ptt/Gossiping/21229_9.txt, time: 5.020000
/bbs/Gossiping/M.1495737132.A.DC2.html download to ptt/Gossiping/21229_10.txt, time: 5.920000
/bbs/Gossiping/M.1495737184.A.409.html download to ptt/Gossiping/21229_11.txt, time: 6.410000
/bbs/Gossiping/M.1495737321.A.612.html download to ptt/Gossiping/21229_12.txt, time: 4.580000
/bbs/Gossiping/M.1495737368.A.AA1.html download to ptt/Gossiping/21229_13.txt, time: 6.990000
/bbs/Gossiping/M.1495737372.A.981.html download to ptt/Gossiping/21229_14.txt, time: 5.090000
/bbs/Gossiping/M.1495737471.A.0BF.html download to ptt/Gossiping/21229_15.txt, time: 5.800000
/bbs/Gossiping/M.1495737474.A.B24.html download to ptt/Gossiping/21229_16.txt, time: 4.570000
/bbs/Gossiping/M.1495737539.A.0EC.html download to ptt/Gossiping/21229_17.txt, time: 6.320000
/bbs/Gossiping/M.1495737613.A.31E.html download to ptt/Gossiping/21229_18.txt, time: 6.720000
/bbs/Gossiping/M.1495737726.A.6EE.html download to ptt/Gossiping/21229_19.txt, time: 10.640000
page 21228
/bbs/Gossiping/M.1495735117.A.ADA.html download to ptt/Gossiping/21228_0.txt, time: 5.040000
/bbs/Gossiping/M.1495735170.A.EB3.html download to ptt/Gossiping/21228_1.txt, time: 6.410000
/bbs/Gossiping/M.1495735195.A.8A2.html download to ptt/Gossiping/21228_2.txt, time: 4.240000
/bbs/Gossiping/M.1495735220.A.5F7.html download to ptt/Gossiping/21228_3.txt, time: 4.410000
/bbs/Gossiping/M.1495735220.A.660.html download to ptt/Gossiping/21228_4.txt, time: 6.480000
/bbs/Gossiping/M.1495735377.A.2F3.html download to ptt/Gossiping/21228_5.txt, time: 4.370000
/bbs/Gossiping/M.1495735547.A.193.html download to ptt/Gossiping/21228_6.txt, time: 11.610000
/bbs/Gossiping/M.1495735661.A.383.html download to ptt/Gossiping/21228_7.txt, time: 14.450000
/bbs/Gossiping/M.1495735691.A.94F.html download to ptt/Gossiping/21228_8.txt, time: 4.800000
/bbs/Gossiping/M.1495735725.A.E75.html download to ptt/Gossiping/21228_9.txt, time: 4.990000
/bbs/Gossiping/M.1495735740.A.2A1.html download to ptt/Gossiping/21228_10.txt, time: 3.790000
/bbs/Gossiping/M.1495735757.A.9B8.html download to ptt/Gossiping/21228_11.txt, time: 5.060000
/bbs/Gossiping/M.1495735770.A.EA3.html download to ptt/Gossiping/21228_12.txt, time: 4.730000
/bbs/Gossiping/M.1495735964.A.51D.html download to ptt/Gossiping/21228_13.txt, time: 3.220000
/bbs/Gossiping/M.1495736040.A.B97.html download to ptt/Gossiping/21228_14.txt, time: 5.090000
/bbs/Gossiping/M.1495736059.A.69A.html download to ptt/Gossiping/21228_15.txt, time: 4.480000
/bbs/Gossiping/M.1495736137.A.A6E.html download to ptt/Gossiping/21228_16.txt, time: 4.330000
/bbs/Gossiping/M.1495736159.A.A5B.html download to ptt/Gossiping/21228_17.txt, time: 4.330000
/bbs/Gossiping/M.1495736169.A.6E5.html download to ptt/Gossiping/21228_18.txt, time: 4.380000
/bbs/Gossiping/M.1495736312.A.6F3.html download to ptt/Gossiping/21228_19.txt, time: 4.690000
page 21227
/bbs/Gossiping/M.1495734489.A.C58.html download to ptt/Gossiping/21227_0.txt, time: 3.860000
/bbs/Gossiping/M.1495734517.A.457.html download to ptt/Gossiping/21227_1.txt, time: 2.920000
/bbs/Gossiping/M.1495734528.A.6B2.html download to ptt/Gossiping/21227_2.txt, time: 5.860000
/bbs/Gossiping/M.1495734582.A.4A7.html download to ptt/Gossiping/21227_3.txt, time: 4.600000
/bbs/Gossiping/M.1495734601.A.AB3.html download to ptt/Gossiping/21227_4.txt, time: 4.600000
/bbs/Gossiping/M.1495734606.A.825.html download to ptt/Gossiping/21227_5.txt, time: 5.430000
/bbs/Gossiping/M.1495734671.A.196.html download to ptt/Gossiping/21227_6.txt, time: 3.030000
/bbs/Gossiping/M.1495734691.A.8A4.html download to ptt/Gossiping/21227_7.txt, time: 4.300000
/bbs/Gossiping/M.1495734695.A.58C.html download to ptt/Gossiping/21227_8.txt, time: 2.900000
/bbs/Gossiping/M.1495734783.A.0F6.html download to ptt/Gossiping/21227_9.txt, time: 4.310000
/bbs/Gossiping/M.1495734791.A.9DA.html download to ptt/Gossiping/21227_10.txt, time: 5.140000
/bbs/Gossiping/M.1495734800.A.687.html download to ptt/Gossiping/21227_11.txt, time: 6.760000
/bbs/Gossiping/M.1495734801.A.57C.html download to ptt/Gossiping/21227_12.txt, time: 4.700000
/bbs/Gossiping/M.1495734838.A.EF2.html download to ptt/Gossiping/21227_13.txt, time: 3.310000
/bbs/Gossiping/M.1495734868.A.E1D.html download to ptt/Gossiping/21227_14.txt, time: 4.110000
/bbs/Gossiping/M.1495734891.A.E05.html download to ptt/Gossiping/21227_15.txt, time: 3.680000
/bbs/Gossiping/M.1495734978.A.C82.html download to ptt/Gossiping/21227_16.txt, time: 4.830000
/bbs/Gossiping/M.1495735048.A.1E7.html download to ptt/Gossiping/21227_17.txt, time: 2.970000
/bbs/Gossiping/M.1495735064.A.9DA.html download to ptt/Gossiping/21227_18.txt, time: 3.510000
/bbs/Gossiping/M.1495735097.A.8C6.html download to ptt/Gossiping/21227_19.txt, time: 5.490000
page 21226
/bbs/Gossiping/M.1495733719.A.A2D.html download to ptt/Gossiping/21226_0.txt, time: 3.750000
/bbs/Gossiping/M.1495733803.A.E86.html download to ptt/Gossiping/21226_1.txt, time: 3.420000
/bbs/Gossiping/M.1495733930.A.8DE.html download to ptt/Gossiping/21226_2.txt, time: 3.310000
/bbs/Gossiping/M.1495733945.A.078.html download to ptt/Gossiping/21226_3.txt, time: 3.010000
/bbs/Gossiping/M.1495733967.A.47E.html download to ptt/Gossiping/21226_4.txt, time: 5.600000
/bbs/Gossiping/M.1495733997.A.D5F.html download to ptt/Gossiping/21226_5.txt, time: 4.550000
/bbs/Gossiping/M.1495734104.A.51E.html download to ptt/Gossiping/21226_6.txt, time: 3.230000
/bbs/Gossiping/M.1495734106.A.CF6.html download to ptt/Gossiping/21226_7.txt, time: 4.020000
/bbs/Gossiping/M.1495734212.A.EEF.html download to ptt/Gossiping/21226_8.txt, time: 2.610000
/bbs/Gossiping/M.1495734254.A.458.html download to ptt/Gossiping/21226_9.txt, time: 3.120000
/bbs/Gossiping/M.1495734259.A.E26.html download to ptt/Gossiping/21226_10.txt, time: 2.640000
/bbs/Gossiping/M.1495734280.A.7C1.html download to ptt/Gossiping/21226_11.txt, time: 4.590000
/bbs/Gossiping/M.1495734326.A.5E4.html download to ptt/Gossiping/21226_12.txt, time: 3.450000
/bbs/Gossiping/M.1495734333.A.18E.html download to ptt/Gossiping/21226_13.txt, time: 3.550000
/bbs/Gossiping/M.1495734385.A.6CE.html download to ptt/Gossiping/21226_14.txt, time: 3.860000
/bbs/Gossiping/M.1495734402.A.F33.html download to ptt/Gossiping/21226_15.txt, time: 4.660000
/bbs/Gossiping/M.1495734403.A.C59.html download to ptt/Gossiping/21226_16.txt, time: 2.680000
/bbs/Gossiping/M.1495734405.A.ABF.html download to ptt/Gossiping/21226_17.txt, time: 5.130000
/bbs/Gossiping/M.1495734410.A.194.html download to ptt/Gossiping/21226_18.txt, time: 1.970000
/bbs/Gossiping/M.1495734423.A.3D7.html download to ptt/Gossiping/21226_19.txt, time: 0.940000
time: 551.4000601768494 seconds
