page 21240
/bbs/Gossiping/M.1495758815.A.51A.html download to ptt/Gossiping/21240_0.txt, time: 3.480000
/bbs/Gossiping/M.1495758884.A.B1C.html download to ptt/Gossiping/21240_1.txt, time: 5.010000
/bbs/Gossiping/M.1495758914.A.F72.html download to ptt/Gossiping/21240_2.txt, time: 5.210000
/bbs/Gossiping/M.1495758969.A.528.html download to ptt/Gossiping/21240_3.txt, time: 6.550000
/bbs/Gossiping/M.1495759191.A.E49.html download to ptt/Gossiping/21240_4.txt, time: 7.290000
/bbs/Gossiping/M.1495759346.A.8B6.html download to ptt/Gossiping/21240_5.txt, time: 4.370000
/bbs/Gossiping/M.1495759373.A.300.html download to ptt/Gossiping/21240_6.txt, time: 5.200000
/bbs/Gossiping/M.1495759444.A.1F5.html download to ptt/Gossiping/21240_7.txt, time: 4.580000
/bbs/Gossiping/M.1495759478.A.0C4.html download to ptt/Gossiping/21240_8.txt, time: 4.980000
/bbs/Gossiping/M.1495759483.A.5A6.html download to ptt/Gossiping/21240_9.txt, time: 4.090000
/bbs/Gossiping/M.1495759566.A.FFE.html download to ptt/Gossiping/21240_10.txt, time: 6.970000
/bbs/Gossiping/M.1495759689.A.442.html download to ptt/Gossiping/21240_11.txt, time: 5.560000
/bbs/Gossiping/M.1495759876.A.713.html download to ptt/Gossiping/21240_12.txt, time: 5.100000
/bbs/Gossiping/M.1495759909.A.2A8.html download to ptt/Gossiping/21240_13.txt, time: 3.790000
/bbs/Gossiping/M.1495759912.A.66C.html download to ptt/Gossiping/21240_14.txt, time: 3.530000
/bbs/Gossiping/M.1495759912.A.0EF.html download to ptt/Gossiping/21240_15.txt, time: 5.430000
/bbs/Gossiping/M.1495759922.A.496.html download to ptt/Gossiping/21240_16.txt, time: 3.210000
/bbs/Gossiping/M.1495759941.A.C0F.html download to ptt/Gossiping/21240_17.txt, time: 3.900000
/bbs/Gossiping/M.1495759972.A.C05.html download to ptt/Gossiping/21240_18.txt, time: 4.190000
/bbs/Gossiping/M.1495760008.A.3D5.html download to ptt/Gossiping/21240_19.txt, time: 5.260000
page 21239
/bbs/Gossiping/M.1495757438.A.B77.html download to ptt/Gossiping/21239_0.txt, time: 5.900000
/bbs/Gossiping/M.1495757509.A.A6E.html download to ptt/Gossiping/21239_1.txt, time: 6.150000
/bbs/Gossiping/M.1495757604.A.5BC.html download to ptt/Gossiping/21239_2.txt, time: 5.100000
/bbs/Gossiping/M.1495757770.A.FA6.html download to ptt/Gossiping/21239_3.txt, time: 4.970000
/bbs/Gossiping/M.1495757821.A.FB0.html download to ptt/Gossiping/21239_4.txt, time: 4.510000
/bbs/Gossiping/M.1495757858.A.9A2.html download to ptt/Gossiping/21239_5.txt, time: 4.370000
/bbs/Gossiping/M.1495757919.A.597.html download to ptt/Gossiping/21239_6.txt, time: 8.090000
/bbs/Gossiping/M.1495757976.A.A0E.html download to ptt/Gossiping/21239_7.txt, time: 5.610000
/bbs/Gossiping/M.1495758033.A.D46.html download to ptt/Gossiping/21239_8.txt, time: 7.500000
/bbs/Gossiping/M.1495758051.A.D32.html download to ptt/Gossiping/21239_9.txt, time: 5.420000
/bbs/Gossiping/M.1495758121.A.FC8.html download to ptt/Gossiping/21239_10.txt, time: 4.870000
/bbs/Gossiping/M.1495758190.A.399.html download to ptt/Gossiping/21239_11.txt, time: 4.980000
/bbs/Gossiping/M.1495758620.A.F19.html download to ptt/Gossiping/21239_12.txt, time: 4.640000
/bbs/Gossiping/M.1495758624.A.972.html download to ptt/Gossiping/21239_13.txt, time: 3.940000
/bbs/Gossiping/M.1495758654.A.E52.html download to ptt/Gossiping/21239_14.txt, time: 4.840000
/bbs/Gossiping/M.1495758666.A.D42.html download to ptt/Gossiping/21239_15.txt, time: 5.490000
/bbs/Gossiping/M.1495758688.A.AD2.html download to ptt/Gossiping/21239_16.txt, time: 5.000000
/bbs/Gossiping/M.1495758706.A.2B4.html download to ptt/Gossiping/21239_17.txt, time: 4.030000
/bbs/Gossiping/M.1495758759.A.B36.html download to ptt/Gossiping/21239_18.txt, time: 6.860000
/bbs/Gossiping/M.1495758812.A.4CA.html download to ptt/Gossiping/21239_19.txt, time: 8.940000
page 21238
/bbs/Gossiping/M.1495756532.A.878.html download to ptt/Gossiping/21238_0.txt, time: 4.590000
/bbs/Gossiping/M.1495756556.A.149.html download to ptt/Gossiping/21238_1.txt, time: 5.830000
/bbs/Gossiping/M.1495756635.A.471.html download to ptt/Gossiping/21238_2.txt, time: 5.790000
/bbs/Gossiping/M.1495756761.A.489.html download to ptt/Gossiping/21238_3.txt, time: 4.700000
/bbs/Gossiping/M.1495756798.A.38B.html download to ptt/Gossiping/21238_4.txt, time: 3.970000
/bbs/Gossiping/M.1495756865.A.086.html download to ptt/Gossiping/21238_5.txt, time: 4.270000
/bbs/Gossiping/M.1495756905.A.2C2.html download to ptt/Gossiping/21238_6.txt, time: 5.600000
/bbs/Gossiping/M.1495756910.A.CCC.html download to ptt/Gossiping/21238_7.txt, time: 4.410000
/bbs/Gossiping/M.1495756980.A.28C.html download to ptt/Gossiping/21238_8.txt, time: 4.000000
/bbs/Gossiping/M.1495757007.A.FC5.html download to ptt/Gossiping/21238_9.txt, time: 4.310000
/bbs/Gossiping/M.1495757044.A.6BF.html download to ptt/Gossiping/21238_10.txt, time: 4.310000
/bbs/Gossiping/M.1495757045.A.F07.html download to ptt/Gossiping/21238_11.txt, time: 6.190000
/bbs/Gossiping/M.1495757089.A.9E8.html download to ptt/Gossiping/21238_12.txt, time: 6.200000
/bbs/Gossiping/M.1495757113.A.D02.html download to ptt/Gossiping/21238_13.txt, time: 5.800000
/bbs/Gossiping/M.1495757195.A.47B.html download to ptt/Gossiping/21238_14.txt, time: 4.220000
/bbs/Gossiping/M.1495757215.A.654.html download to ptt/Gossiping/21238_15.txt, time: 3.450000
/bbs/Gossiping/M.1495757246.A.EB5.html download to ptt/Gossiping/21238_16.txt, time: 3.970000
/bbs/Gossiping/M.1495757282.A.68E.html download to ptt/Gossiping/21238_17.txt, time: 6.780000
/bbs/Gossiping/M.1495757366.A.829.html download to ptt/Gossiping/21238_18.txt, time: 3.260000
/bbs/Gossiping/M.1495757374.A.CE3.html download to ptt/Gossiping/21238_19.txt, time: 4.260000
page 21237
/bbs/Gossiping/M.1495754600.A.885.html download to ptt/Gossiping/21237_0.txt, time: 4.740000
/bbs/Gossiping/M.1495754763.A.DD8.html download to ptt/Gossiping/21237_1.txt, time: 3.670000
/bbs/Gossiping/M.1495754892.A.174.html download to ptt/Gossiping/21237_2.txt, time: 3.020000
/bbs/Gossiping/M.1495755032.A.7A0.html download to ptt/Gossiping/21237_3.txt, time: 2.890000
/bbs/Gossiping/M.1495755056.A.FBC.html download to ptt/Gossiping/21237_4.txt, time: 4.170000
/bbs/Gossiping/M.1495755092.A.899.html download to ptt/Gossiping/21237_5.txt, time: 3.070000
/bbs/Gossiping/M.1495755110.A.462.html download to ptt/Gossiping/21237_6.txt, time: 4.870000
/bbs/Gossiping/M.1495755257.A.2E3.html download to ptt/Gossiping/21237_7.txt, time: 3.650000
/bbs/Gossiping/M.1495755482.A.432.html download to ptt/Gossiping/21237_8.txt, time: 3.400000
/bbs/Gossiping/M.1495755674.A.29E.html download to ptt/Gossiping/21237_9.txt, time: 3.070000
/bbs/Gossiping/M.1495755777.A.A2B.html download to ptt/Gossiping/21237_10.txt, time: 4.030000
/bbs/Gossiping/M.1495755814.A.57C.html download to ptt/Gossiping/21237_11.txt, time: 4.750000
/bbs/Gossiping/M.1495755884.A.2C3.html download to ptt/Gossiping/21237_12.txt, time: 4.040000
/bbs/Gossiping/M.1495756052.A.DA5.html download to ptt/Gossiping/21237_13.txt, time: 4.160000
/bbs/Gossiping/M.1495756179.A.124.html download to ptt/Gossiping/21237_14.txt, time: 4.760000
/bbs/Gossiping/M.1495756344.A.DFC.html download to ptt/Gossiping/21237_15.txt, time: 4.850000
/bbs/Gossiping/M.1495756387.A.1E0.html download to ptt/Gossiping/21237_16.txt, time: 3.840000
/bbs/Gossiping/M.1495756408.A.8FE.html download to ptt/Gossiping/21237_17.txt, time: 5.380000
/bbs/Gossiping/M.1495756489.A.F6F.html download to ptt/Gossiping/21237_18.txt, time: 7.140000
/bbs/Gossiping/M.1495756500.A.C60.html download to ptt/Gossiping/21237_19.txt, time: 4.110000
page 21236
/bbs/Gossiping/M.1495752463.A.277.html download to ptt/Gossiping/21236_0.txt, time: 3.710000
/bbs/Gossiping/M.1495752537.A.D50.html download to ptt/Gossiping/21236_1.txt, time: 5.410000
/bbs/Gossiping/M.1495752543.A.2BB.html download to ptt/Gossiping/21236_2.txt, time: 3.700000
/bbs/Gossiping/M.1495752607.A.54E.html download to ptt/Gossiping/21236_3.txt, time: 4.860000
/bbs/Gossiping/M.1495752647.A.EC9.html download to ptt/Gossiping/21236_4.txt, time: 3.440000
/bbs/Gossiping/M.1495752699.A.9C6.html download to ptt/Gossiping/21236_5.txt, time: 3.960000
/bbs/Gossiping/M.1495752757.A.A5A.html download to ptt/Gossiping/21236_6.txt, time: 4.440000
/bbs/Gossiping/M.1495752895.A.170.html download to ptt/Gossiping/21236_7.txt, time: 4.570000
/bbs/Gossiping/M.1495753114.A.F56.html download to ptt/Gossiping/21236_8.txt, time: 4.150000
/bbs/Gossiping/M.1495753115.A.74A.html download to ptt/Gossiping/21236_9.txt, time: 4.550000
/bbs/Gossiping/M.1495753225.A.636.html download to ptt/Gossiping/21236_10.txt, time: 2.700000
/bbs/Gossiping/M.1495753314.A.858.html download to ptt/Gossiping/21236_11.txt, time: 3.760000
/bbs/Gossiping/M.1495753480.A.D2D.html download to ptt/Gossiping/21236_12.txt, time: 4.050000
/bbs/Gossiping/M.1495753500.A.F29.html download to ptt/Gossiping/21236_13.txt, time: 4.190000
/bbs/Gossiping/M.1495753809.A.1B3.html download to ptt/Gossiping/21236_14.txt, time: 5.220000
/bbs/Gossiping/M.1495753845.A.E7A.html download to ptt/Gossiping/21236_15.txt, time: 2.880000
/bbs/Gossiping/M.1495754435.A.6FD.html download to ptt/Gossiping/21236_16.txt, time: 2.930000
/bbs/Gossiping/M.1495754446.A.405.html download to ptt/Gossiping/21236_17.txt, time: 3.600000
/bbs/Gossiping/M.1495754513.A.946.html download to ptt/Gossiping/21236_18.txt, time: 2.440000
/bbs/Gossiping/M.1495754546.A.044.html download to ptt/Gossiping/21236_19.txt, time: 7.150000
time: 538.6330740451813 seconds
