page 21250
/bbs/Gossiping/M.1495765820.A.D88.html download to ptt/Gossiping/21250_0.txt, time: 5.770000
/bbs/Gossiping/M.1495765836.A.BCA.html download to ptt/Gossiping/21250_1.txt, time: 4.110000
/bbs/Gossiping/M.1495765870.A.1E3.html download to ptt/Gossiping/21250_2.txt, time: 6.730000
/bbs/Gossiping/M.1495765885.A.B60.html download to ptt/Gossiping/21250_3.txt, time: 7.820000
/bbs/Gossiping/M.1495765957.A.5E8.html download to ptt/Gossiping/21250_4.txt, time: 3.850000
/bbs/Gossiping/M.1495765962.A.37F.html download to ptt/Gossiping/21250_5.txt, time: 6.310000
empty download to ptt/Gossiping/21250_6.txt, time: 0.000000
/bbs/Gossiping/M.1495766049.A.693.html download to ptt/Gossiping/21250_7.txt, time: 4.950000
/bbs/Gossiping/M.1495766054.A.E88.html download to ptt/Gossiping/21250_8.txt, time: 3.890000
/bbs/Gossiping/M.1495766061.A.3F1.html download to ptt/Gossiping/21250_9.txt, time: 7.060000
/bbs/Gossiping/M.1495766078.A.D8F.html download to ptt/Gossiping/21250_10.txt, time: 6.780000
/bbs/Gossiping/M.1495766090.A.C54.html download to ptt/Gossiping/21250_11.txt, time: 4.050000
/bbs/Gossiping/M.1495766098.A.28D.html download to ptt/Gossiping/21250_12.txt, time: 5.240000
/bbs/Gossiping/M.1495766118.A.3CF.html download to ptt/Gossiping/21250_13.txt, time: 3.660000
/bbs/Gossiping/M.1495766120.A.F89.html download to ptt/Gossiping/21250_14.txt, time: 4.710000
/bbs/Gossiping/M.1495766140.A.985.html download to ptt/Gossiping/21250_15.txt, time: 5.250000
/bbs/Gossiping/M.1495766144.A.326.html download to ptt/Gossiping/21250_16.txt, time: 4.490000
/bbs/Gossiping/M.1495766208.A.B2F.html download to ptt/Gossiping/21250_17.txt, time: 5.270000
/bbs/Gossiping/M.1495766215.A.0F9.html download to ptt/Gossiping/21250_18.txt, time: 4.890000
/bbs/Gossiping/M.1495766229.A.5ED.html download to ptt/Gossiping/21250_19.txt, time: 3.370000
page 21249
/bbs/Gossiping/M.1495765328.A.FBE.html download to ptt/Gossiping/21249_0.txt, time: 4.690000
/bbs/Gossiping/M.1495765381.A.BA5.html download to ptt/Gossiping/21249_1.txt, time: 4.750000
/bbs/Gossiping/M.1495765411.A.A1D.html download to ptt/Gossiping/21249_2.txt, time: 6.480000
/bbs/Gossiping/M.1495765423.A.E6C.html download to ptt/Gossiping/21249_3.txt, time: 5.890000
/bbs/Gossiping/M.1495765426.A.DBC.html download to ptt/Gossiping/21249_4.txt, time: 5.020000
/bbs/Gossiping/M.1495765439.A.0DF.html download to ptt/Gossiping/21249_5.txt, time: 4.180000
/bbs/Gossiping/M.1495765475.A.140.html download to ptt/Gossiping/21249_6.txt, time: 4.510000
/bbs/Gossiping/M.1495765484.A.C81.html download to ptt/Gossiping/21249_7.txt, time: 6.210000
/bbs/Gossiping/M.1495765503.A.874.html download to ptt/Gossiping/21249_8.txt, time: 4.090000
/bbs/Gossiping/M.1495765528.A.E73.html download to ptt/Gossiping/21249_9.txt, time: 4.570000
/bbs/Gossiping/M.1495765595.A.F8C.html download to ptt/Gossiping/21249_10.txt, time: 7.270000
/bbs/Gossiping/M.1495765616.A.82C.html download to ptt/Gossiping/21249_11.txt, time: 5.860000
/bbs/Gossiping/M.1495765644.A.00C.html download to ptt/Gossiping/21249_12.txt, time: 5.920000
/bbs/Gossiping/M.1495765646.A.875.html download to ptt/Gossiping/21249_13.txt, time: 4.510000
/bbs/Gossiping/M.1495765692.A.9E3.html download to ptt/Gossiping/21249_14.txt, time: 5.870000
/bbs/Gossiping/M.1495765693.A.A71.html download to ptt/Gossiping/21249_15.txt, time: 9.320000
/bbs/Gossiping/M.1495765696.A.90A.html download to ptt/Gossiping/21249_16.txt, time: 4.870000
/bbs/Gossiping/M.1495765749.A.64D.html download to ptt/Gossiping/21249_17.txt, time: 4.840000
/bbs/Gossiping/M.1495765809.A.39C.html download to ptt/Gossiping/21249_18.txt, time: 6.330000
/bbs/Gossiping/M.1495765812.A.E7C.html download to ptt/Gossiping/21249_19.txt, time: 6.660000
page 21248
/bbs/Gossiping/M.1495764528.A.EA1.html download to ptt/Gossiping/21248_0.txt, time: 5.060000
/bbs/Gossiping/M.1495764546.A.2D9.html download to ptt/Gossiping/21248_1.txt, time: 6.680000
/bbs/Gossiping/M.1495764578.A.15B.html download to ptt/Gossiping/21248_2.txt, time: 9.290000
/bbs/Gossiping/M.1495764593.A.99A.html download to ptt/Gossiping/21248_3.txt, time: 14.340000
/bbs/Gossiping/M.1495764598.A.72A.html download to ptt/Gossiping/21248_4.txt, time: 10.220000
/bbs/Gossiping/M.1495764603.A.03F.html download to ptt/Gossiping/21248_5.txt, time: 5.240000
/bbs/Gossiping/M.1495764626.A.7B2.html download to ptt/Gossiping/21248_6.txt, time: 5.630000
/bbs/Gossiping/M.1495764674.A.78B.html download to ptt/Gossiping/21248_7.txt, time: 5.390000
/bbs/Gossiping/M.1495764776.A.5D0.html download to ptt/Gossiping/21248_8.txt, time: 3.460000
/bbs/Gossiping/M.1495764807.A.C29.html download to ptt/Gossiping/21248_9.txt, time: 4.120000
/bbs/Gossiping/M.1495764809.A.54E.html download to ptt/Gossiping/21248_10.txt, time: 4.360000
/bbs/Gossiping/M.1495764851.A.2AA.html download to ptt/Gossiping/21248_11.txt, time: 9.810000
/bbs/Gossiping/M.1495764883.A.1F2.html download to ptt/Gossiping/21248_12.txt, time: 4.230000
/bbs/Gossiping/M.1495764890.A.08A.html download to ptt/Gossiping/21248_13.txt, time: 3.580000
/bbs/Gossiping/M.1495765000.A.40E.html download to ptt/Gossiping/21248_14.txt, time: 4.980000
/bbs/Gossiping/M.1495765057.A.BF1.html download to ptt/Gossiping/21248_15.txt, time: 4.720000
/bbs/Gossiping/M.1495765081.A.167.html download to ptt/Gossiping/21248_16.txt, time: 3.210000
/bbs/Gossiping/M.1495765101.A.EE9.html download to ptt/Gossiping/21248_17.txt, time: 4.220000
/bbs/Gossiping/M.1495765114.A.A18.html download to ptt/Gossiping/21248_18.txt, time: 3.040000
/bbs/Gossiping/M.1495765141.A.34A.html download to ptt/Gossiping/21248_19.txt, time: 2.430000
page 21247
/bbs/Gossiping/M.1495764000.A.959.html download to ptt/Gossiping/21247_0.txt, time: 3.630000
/bbs/Gossiping/M.1495764019.A.6D3.html download to ptt/Gossiping/21247_1.txt, time: 3.830000
/bbs/Gossiping/M.1495764128.A.54D.html download to ptt/Gossiping/21247_2.txt, time: 3.030000
/bbs/Gossiping/M.1495764156.A.734.html download to ptt/Gossiping/21247_3.txt, time: 3.550000
/bbs/Gossiping/M.1495764156.A.026.html download to ptt/Gossiping/21247_4.txt, time: 3.490000
/bbs/Gossiping/M.1495764190.A.37E.html download to ptt/Gossiping/21247_5.txt, time: 4.730000
/bbs/Gossiping/M.1495764247.A.181.html download to ptt/Gossiping/21247_6.txt, time: 4.070000
/bbs/Gossiping/M.1495764279.A.3E4.html download to ptt/Gossiping/21247_7.txt, time: 4.120000
/bbs/Gossiping/M.1495764300.A.BEF.html download to ptt/Gossiping/21247_8.txt, time: 4.800000
/bbs/Gossiping/M.1495764302.A.057.html download to ptt/Gossiping/21247_9.txt, time: 5.200000
/bbs/Gossiping/M.1495764310.A.2D5.html download to ptt/Gossiping/21247_10.txt, time: 5.140000
/bbs/Gossiping/M.1495764314.A.45C.html download to ptt/Gossiping/21247_11.txt, time: 6.160000
/bbs/Gossiping/M.1495764361.A.506.html download to ptt/Gossiping/21247_12.txt, time: 6.680000
/bbs/Gossiping/M.1495764365.A.0C8.html download to ptt/Gossiping/21247_13.txt, time: 5.260000
/bbs/Gossiping/M.1495764366.A.951.html download to ptt/Gossiping/21247_14.txt, time: 4.980000
/bbs/Gossiping/M.1495764371.A.86C.html download to ptt/Gossiping/21247_15.txt, time: 4.630000
/bbs/Gossiping/M.1495764381.A.091.html download to ptt/Gossiping/21247_16.txt, time: 5.280000
/bbs/Gossiping/M.1495764449.A.95C.html download to ptt/Gossiping/21247_17.txt, time: 4.780000
/bbs/Gossiping/M.1495764503.A.E88.html download to ptt/Gossiping/21247_18.txt, time: 5.090000
/bbs/Gossiping/M.1495764509.A.928.html download to ptt/Gossiping/21247_19.txt, time: 3.380000
page 21246
/bbs/Gossiping/M.1495763502.A.A28.html download to ptt/Gossiping/21246_0.txt, time: 3.770000
/bbs/Gossiping/M.1495763550.A.F9B.html download to ptt/Gossiping/21246_1.txt, time: 4.600000
/bbs/Gossiping/M.1495763570.A.CA0.html download to ptt/Gossiping/21246_2.txt, time: 4.530000
/bbs/Gossiping/M.1495763591.A.96D.html download to ptt/Gossiping/21246_3.txt, time: 4.150000
/bbs/Gossiping/M.1495763610.A.D7D.html download to ptt/Gossiping/21246_4.txt, time: 4.560000
/bbs/Gossiping/M.1495763650.A.489.html download to ptt/Gossiping/21246_5.txt, time: 3.480000
/bbs/Gossiping/M.1495763692.A.CCE.html download to ptt/Gossiping/21246_6.txt, time: 3.630000
/bbs/Gossiping/M.1495763713.A.1DF.html download to ptt/Gossiping/21246_7.txt, time: 3.520000
/bbs/Gossiping/M.1495763798.A.1AA.html download to ptt/Gossiping/21246_8.txt, time: 4.740000
/bbs/Gossiping/M.1495763811.A.536.html download to ptt/Gossiping/21246_9.txt, time: 3.000000
/bbs/Gossiping/M.1495763823.A.B33.html download to ptt/Gossiping/21246_10.txt, time: 3.140000
/bbs/Gossiping/M.1495763854.A.37A.html download to ptt/Gossiping/21246_11.txt, time: 3.620000
/bbs/Gossiping/M.1495763857.A.F7C.html download to ptt/Gossiping/21246_12.txt, time: 4.350000
/bbs/Gossiping/M.1495763860.A.A12.html download to ptt/Gossiping/21246_13.txt, time: 8.410000
/bbs/Gossiping/M.1495763863.A.BBA.html download to ptt/Gossiping/21246_14.txt, time: 4.600000
/bbs/Gossiping/M.1495763878.A.468.html download to ptt/Gossiping/21246_15.txt, time: 2.670000
/bbs/Gossiping/M.1495763913.A.3FB.html download to ptt/Gossiping/21246_16.txt, time: 1.290000
/bbs/Gossiping/M.1495763937.A.823.html download to ptt/Gossiping/21246_17.txt, time: 1.310000
/bbs/Gossiping/M.1495763946.A.C18.html download to ptt/Gossiping/21246_18.txt, time: 1.070000
/bbs/Gossiping/M.1495763985.A.736.html download to ptt/Gossiping/21246_19.txt, time: 0.930000
time: 550.7951281070709 seconds
