page 21260
/bbs/Gossiping/M.1495770586.A.442.html download to ptt/Gossiping/21260_0.txt, time: 6.120000
/bbs/Gossiping/M.1495770611.A.BAA.html download to ptt/Gossiping/21260_1.txt, time: 3.710000
/bbs/Gossiping/M.1495770656.A.3CC.html download to ptt/Gossiping/21260_2.txt, time: 5.780000
/bbs/Gossiping/M.1495770678.A.A10.html download to ptt/Gossiping/21260_3.txt, time: 6.000000
/bbs/Gossiping/M.1495770704.A.258.html download to ptt/Gossiping/21260_4.txt, time: 6.270000
/bbs/Gossiping/M.1495770737.A.8F0.html download to ptt/Gossiping/21260_5.txt, time: 4.000000
/bbs/Gossiping/M.1495770739.A.D6B.html download to ptt/Gossiping/21260_6.txt, time: 3.720000
/bbs/Gossiping/M.1495770802.A.B00.html download to ptt/Gossiping/21260_7.txt, time: 5.220000
/bbs/Gossiping/M.1495770847.A.B84.html download to ptt/Gossiping/21260_8.txt, time: 4.470000
/bbs/Gossiping/M.1495770855.A.D1F.html download to ptt/Gossiping/21260_9.txt, time: 6.930000
/bbs/Gossiping/M.1495770857.A.D47.html download to ptt/Gossiping/21260_10.txt, time: 7.960000
/bbs/Gossiping/M.1495770879.A.010.html download to ptt/Gossiping/21260_11.txt, time: 4.350000
/bbs/Gossiping/M.1495770886.A.EBB.html download to ptt/Gossiping/21260_12.txt, time: 3.960000
/bbs/Gossiping/M.1495770911.A.9F9.html download to ptt/Gossiping/21260_13.txt, time: 3.180000
/bbs/Gossiping/M.1495770955.A.9DD.html download to ptt/Gossiping/21260_14.txt, time: 6.610000
/bbs/Gossiping/M.1495770968.A.F1A.html download to ptt/Gossiping/21260_15.txt, time: 6.740000
/bbs/Gossiping/M.1495770973.A.DD1.html download to ptt/Gossiping/21260_16.txt, time: 3.470000
/bbs/Gossiping/M.1495770981.A.DD3.html download to ptt/Gossiping/21260_17.txt, time: 5.230000
/bbs/Gossiping/M.1495771018.A.F3B.html download to ptt/Gossiping/21260_18.txt, time: 3.920000
/bbs/Gossiping/M.1495771030.A.5D1.html download to ptt/Gossiping/21260_19.txt, time: 4.710000
page 21259
/bbs/Gossiping/M.1495769987.A.85E.html download to ptt/Gossiping/21259_0.txt, time: 5.470000
/bbs/Gossiping/M.1495770010.A.0DC.html download to ptt/Gossiping/21259_1.txt, time: 4.560000
/bbs/Gossiping/M.1495770013.A.C0D.html download to ptt/Gossiping/21259_2.txt, time: 4.670000
/bbs/Gossiping/M.1495770040.A.36A.html download to ptt/Gossiping/21259_3.txt, time: 5.030000
/bbs/Gossiping/M.1495770042.A.AD2.html download to ptt/Gossiping/21259_4.txt, time: 6.640000
/bbs/Gossiping/M.1495770137.A.6F1.html download to ptt/Gossiping/21259_5.txt, time: 4.640000
/bbs/Gossiping/M.1495770137.A.3C9.html download to ptt/Gossiping/21259_6.txt, time: 4.270000
/bbs/Gossiping/M.1495770152.A.337.html download to ptt/Gossiping/21259_7.txt, time: 4.060000
/bbs/Gossiping/M.1495770184.A.8A5.html download to ptt/Gossiping/21259_8.txt, time: 5.260000
/bbs/Gossiping/M.1495770234.A.423.html download to ptt/Gossiping/21259_9.txt, time: 5.110000
/bbs/Gossiping/M.1495770234.A.0AA.html download to ptt/Gossiping/21259_10.txt, time: 4.680000
/bbs/Gossiping/M.1495770243.A.84A.html download to ptt/Gossiping/21259_11.txt, time: 8.060000
/bbs/Gossiping/M.1495770281.A.82B.html download to ptt/Gossiping/21259_12.txt, time: 4.870000
/bbs/Gossiping/M.1495770282.A.18B.html download to ptt/Gossiping/21259_13.txt, time: 4.690000
/bbs/Gossiping/M.1495770330.A.328.html download to ptt/Gossiping/21259_14.txt, time: 6.000000
/bbs/Gossiping/M.1495770349.A.639.html download to ptt/Gossiping/21259_15.txt, time: 5.290000
/bbs/Gossiping/M.1495770421.A.D17.html download to ptt/Gossiping/21259_16.txt, time: 7.220000
/bbs/Gossiping/M.1495770500.A.BD7.html download to ptt/Gossiping/21259_17.txt, time: 6.590000
/bbs/Gossiping/M.1495770517.A.82B.html download to ptt/Gossiping/21259_18.txt, time: 4.480000
/bbs/Gossiping/M.1495770521.A.056.html download to ptt/Gossiping/21259_19.txt, time: 7.090000
page 21258
/bbs/Gossiping/M.1495769553.A.D62.html download to ptt/Gossiping/21258_0.txt, time: 7.540000
/bbs/Gossiping/M.1495769587.A.810.html download to ptt/Gossiping/21258_1.txt, time: 7.690000
/bbs/Gossiping/M.1495769597.A.731.html download to ptt/Gossiping/21258_2.txt, time: 7.660000
/bbs/Gossiping/M.1495769603.A.084.html download to ptt/Gossiping/21258_3.txt, time: 5.120000
/bbs/Gossiping/M.1495769645.A.2EF.html download to ptt/Gossiping/21258_4.txt, time: 9.640000
/bbs/Gossiping/M.1495769662.A.E89.html download to ptt/Gossiping/21258_5.txt, time: 4.450000
/bbs/Gossiping/M.1495769688.A.B33.html download to ptt/Gossiping/21258_6.txt, time: 4.630000
/bbs/Gossiping/M.1495769705.A.6CF.html download to ptt/Gossiping/21258_7.txt, time: 5.130000
empty download to ptt/Gossiping/21258_8.txt, time: 0.000000
/bbs/Gossiping/M.1495769731.A.E98.html download to ptt/Gossiping/21258_9.txt, time: 4.490000
/bbs/Gossiping/M.1495769731.A.1D2.html download to ptt/Gossiping/21258_10.txt, time: 6.330000
/bbs/Gossiping/M.1495769792.A.459.html download to ptt/Gossiping/21258_11.txt, time: 10.540000
/bbs/Gossiping/M.1495769805.A.689.html download to ptt/Gossiping/21258_12.txt, time: 14.040000
/bbs/Gossiping/M.1495769883.A.B8A.html download to ptt/Gossiping/21258_13.txt, time: 3.990000
/bbs/Gossiping/M.1495769893.A.E0F.html download to ptt/Gossiping/21258_14.txt, time: 4.110000
/bbs/Gossiping/M.1495769929.A.F30.html download to ptt/Gossiping/21258_15.txt, time: 5.180000
/bbs/Gossiping/M.1495769945.A.373.html download to ptt/Gossiping/21258_16.txt, time: 3.770000
/bbs/Gossiping/M.1495769949.A.33F.html download to ptt/Gossiping/21258_17.txt, time: 3.500000
/bbs/Gossiping/M.1495769981.A.0E9.html download to ptt/Gossiping/21258_18.txt, time: 3.010000
/bbs/Gossiping/M.1495769986.A.60A.html download to ptt/Gossiping/21258_19.txt, time: 3.160000
page 21257
/bbs/Gossiping/M.1495769200.A.4D6.html download to ptt/Gossiping/21257_0.txt, time: 4.620000
/bbs/Gossiping/M.1495769252.A.168.html download to ptt/Gossiping/21257_1.txt, time: 5.510000
/bbs/Gossiping/M.1495769267.A.96D.html download to ptt/Gossiping/21257_2.txt, time: 4.410000
/bbs/Gossiping/M.1495769275.A.D8E.html download to ptt/Gossiping/21257_3.txt, time: 3.070000
/bbs/Gossiping/M.1495769312.A.B6C.html download to ptt/Gossiping/21257_4.txt, time: 4.300000
/bbs/Gossiping/M.1495769320.A.37F.html download to ptt/Gossiping/21257_5.txt, time: 4.030000
/bbs/Gossiping/M.1495769350.A.C6F.html download to ptt/Gossiping/21257_6.txt, time: 4.940000
/bbs/Gossiping/M.1495769413.A.899.html download to ptt/Gossiping/21257_7.txt, time: 4.220000
/bbs/Gossiping/M.1495769418.A.6B1.html download to ptt/Gossiping/21257_8.txt, time: 5.030000
/bbs/Gossiping/M.1495769429.A.8ED.html download to ptt/Gossiping/21257_9.txt, time: 2.730000
/bbs/Gossiping/M.1495769433.A.C6D.html download to ptt/Gossiping/21257_10.txt, time: 3.000000
/bbs/Gossiping/M.1495769439.A.DC1.html download to ptt/Gossiping/21257_11.txt, time: 4.250000
/bbs/Gossiping/M.1495769445.A.71F.html download to ptt/Gossiping/21257_12.txt, time: 5.040000
/bbs/Gossiping/M.1495769460.A.886.html download to ptt/Gossiping/21257_13.txt, time: 6.000000
/bbs/Gossiping/M.1495769483.A.E27.html download to ptt/Gossiping/21257_14.txt, time: 4.320000
/bbs/Gossiping/M.1495769501.A.5D7.html download to ptt/Gossiping/21257_15.txt, time: 3.710000
/bbs/Gossiping/M.1495769501.A.BE4.html download to ptt/Gossiping/21257_16.txt, time: 3.700000
/bbs/Gossiping/M.1495769509.A.C5D.html download to ptt/Gossiping/21257_17.txt, time: 4.260000
/bbs/Gossiping/M.1495769537.A.246.html download to ptt/Gossiping/21257_18.txt, time: 4.500000
/bbs/Gossiping/M.1495769549.A.2A1.html download to ptt/Gossiping/21257_19.txt, time: 3.910000
page 21256
/bbs/Gossiping/M.1495768725.A.33C.html download to ptt/Gossiping/21256_0.txt, time: 2.750000
/bbs/Gossiping/M.1495768753.A.380.html download to ptt/Gossiping/21256_1.txt, time: 4.650000
/bbs/Gossiping/M.1495768827.A.D3B.html download to ptt/Gossiping/21256_2.txt, time: 4.420000
/bbs/Gossiping/M.1495768833.A.6C3.html download to ptt/Gossiping/21256_3.txt, time: 4.320000
/bbs/Gossiping/M.1495768887.A.4F8.html download to ptt/Gossiping/21256_4.txt, time: 3.220000
/bbs/Gossiping/M.1495768926.A.493.html download to ptt/Gossiping/21256_5.txt, time: 4.300000
/bbs/Gossiping/M.1495768970.A.9ED.html download to ptt/Gossiping/21256_6.txt, time: 2.860000
/bbs/Gossiping/M.1495768990.A.78C.html download to ptt/Gossiping/21256_7.txt, time: 3.830000
/bbs/Gossiping/M.1495769010.A.22D.html download to ptt/Gossiping/21256_8.txt, time: 3.870000
/bbs/Gossiping/M.1495769018.A.B63.html download to ptt/Gossiping/21256_9.txt, time: 3.340000
/bbs/Gossiping/M.1495769022.A.A8F.html download to ptt/Gossiping/21256_10.txt, time: 2.530000
/bbs/Gossiping/M.1495769029.A.A0F.html download to ptt/Gossiping/21256_11.txt, time: 3.510000
/bbs/Gossiping/M.1495769040.A.051.html download to ptt/Gossiping/21256_12.txt, time: 3.210000
/bbs/Gossiping/M.1495769047.A.F8D.html download to ptt/Gossiping/21256_13.txt, time: 2.610000
/bbs/Gossiping/M.1495769052.A.CEA.html download to ptt/Gossiping/21256_14.txt, time: 4.260000
/bbs/Gossiping/M.1495769067.A.62C.html download to ptt/Gossiping/21256_15.txt, time: 3.630000
/bbs/Gossiping/M.1495769089.A.9FA.html download to ptt/Gossiping/21256_16.txt, time: 6.750000
/bbs/Gossiping/M.1495769091.A.E2F.html download to ptt/Gossiping/21256_17.txt, time: 3.910000
/bbs/Gossiping/M.1495769092.A.634.html download to ptt/Gossiping/21256_18.txt, time: 2.270000
/bbs/Gossiping/M.1495769192.A.1E5.html download to ptt/Gossiping/21256_19.txt, time: 2.520000
time: 542.473258972168 seconds
