page 21270
/bbs/Gossiping/M.1495775256.A.B06.html download to ptt/Gossiping/21270_0.txt, time: 5.680000
/bbs/Gossiping/M.1495775295.A.97D.html download to ptt/Gossiping/21270_1.txt, time: 4.360000
/bbs/Gossiping/M.1495775305.A.D0F.html download to ptt/Gossiping/21270_2.txt, time: 3.730000
/bbs/Gossiping/M.1495775309.A.DBB.html download to ptt/Gossiping/21270_3.txt, time: 4.820000
/bbs/Gossiping/M.1495775367.A.BCE.html download to ptt/Gossiping/21270_4.txt, time: 5.190000
/bbs/Gossiping/M.1495775412.A.98D.html download to ptt/Gossiping/21270_5.txt, time: 3.860000
/bbs/Gossiping/M.1495775450.A.E8F.html download to ptt/Gossiping/21270_6.txt, time: 6.970000
/bbs/Gossiping/M.1495775490.A.64E.html download to ptt/Gossiping/21270_7.txt, time: 4.360000
/bbs/Gossiping/M.1495775526.A.BEC.html download to ptt/Gossiping/21270_8.txt, time: 4.940000
/bbs/Gossiping/M.1495775535.A.531.html download to ptt/Gossiping/21270_9.txt, time: 5.770000
/bbs/Gossiping/M.1495775561.A.7DA.html download to ptt/Gossiping/21270_10.txt, time: 6.900000
/bbs/Gossiping/M.1495775635.A.98A.html download to ptt/Gossiping/21270_11.txt, time: 5.570000
/bbs/Gossiping/M.1495775684.A.13C.html download to ptt/Gossiping/21270_12.txt, time: 8.150000
/bbs/Gossiping/M.1495775684.A.786.html download to ptt/Gossiping/21270_13.txt, time: 4.500000
/bbs/Gossiping/M.1495775697.A.2A4.html download to ptt/Gossiping/21270_14.txt, time: 4.140000
/bbs/Gossiping/M.1495775733.A.946.html download to ptt/Gossiping/21270_15.txt, time: 7.080000
/bbs/Gossiping/M.1495775830.A.6A0.html download to ptt/Gossiping/21270_16.txt, time: 4.020000
/bbs/Gossiping/M.1495775831.A.2E4.html download to ptt/Gossiping/21270_17.txt, time: 5.170000
/bbs/Gossiping/M.1495775860.A.8EC.html download to ptt/Gossiping/21270_18.txt, time: 5.260000
empty download to ptt/Gossiping/21270_19.txt, time: 0.000000
page 21269
/bbs/Gossiping/M.1495774850.A.32B.html download to ptt/Gossiping/21269_0.txt, time: 4.100000
/bbs/Gossiping/M.1495774859.A.1DF.html download to ptt/Gossiping/21269_1.txt, time: 3.200000
/bbs/Gossiping/M.1495774868.A.B26.html download to ptt/Gossiping/21269_2.txt, time: 5.020000
/bbs/Gossiping/M.1495774906.A.B14.html download to ptt/Gossiping/21269_3.txt, time: 5.800000
/bbs/Gossiping/M.1495774925.A.C8E.html download to ptt/Gossiping/21269_4.txt, time: 4.560000
/bbs/Gossiping/M.1495774939.A.4AE.html download to ptt/Gossiping/21269_5.txt, time: 4.140000
/bbs/Gossiping/M.1495774957.A.E76.html download to ptt/Gossiping/21269_6.txt, time: 3.580000
/bbs/Gossiping/M.1495774986.A.064.html download to ptt/Gossiping/21269_7.txt, time: 4.000000
/bbs/Gossiping/M.1495775009.A.A3B.html download to ptt/Gossiping/21269_8.txt, time: 3.810000
/bbs/Gossiping/M.1495775013.A.585.html download to ptt/Gossiping/21269_9.txt, time: 3.850000
/bbs/Gossiping/M.1495775054.A.8D8.html download to ptt/Gossiping/21269_10.txt, time: 3.750000
/bbs/Gossiping/M.1495775115.A.C7E.html download to ptt/Gossiping/21269_11.txt, time: 4.130000
/bbs/Gossiping/M.1495775122.A.BE4.html download to ptt/Gossiping/21269_12.txt, time: 3.640000
/bbs/Gossiping/M.1495775142.A.F25.html download to ptt/Gossiping/21269_13.txt, time: 5.960000
/bbs/Gossiping/M.1495775160.A.657.html download to ptt/Gossiping/21269_14.txt, time: 5.610000
/bbs/Gossiping/M.1495775170.A.987.html download to ptt/Gossiping/21269_15.txt, time: 3.630000
/bbs/Gossiping/M.1495775173.A.571.html download to ptt/Gossiping/21269_16.txt, time: 5.620000
/bbs/Gossiping/M.1495775187.A.EE2.html download to ptt/Gossiping/21269_17.txt, time: 5.330000
/bbs/Gossiping/M.1495775206.A.AF0.html download to ptt/Gossiping/21269_18.txt, time: 6.480000
/bbs/Gossiping/M.1495775236.A.5A6.html download to ptt/Gossiping/21269_19.txt, time: 5.150000
page 21268
/bbs/Gossiping/M.1495774387.A.ED4.html download to ptt/Gossiping/21268_0.txt, time: 19.330000
/bbs/Gossiping/M.1495774392.A.22E.html download to ptt/Gossiping/21268_1.txt, time: 6.330000
/bbs/Gossiping/M.1495774403.A.401.html download to ptt/Gossiping/21268_2.txt, time: 9.570000
/bbs/Gossiping/M.1495774413.A.F84.html download to ptt/Gossiping/21268_3.txt, time: 15.480000
/bbs/Gossiping/M.1495774413.A.70A.html download to ptt/Gossiping/21268_4.txt, time: 4.920000
/bbs/Gossiping/M.1495774426.A.928.html download to ptt/Gossiping/21268_5.txt, time: 5.410000
/bbs/Gossiping/M.1495774433.A.F02.html download to ptt/Gossiping/21268_6.txt, time: 11.610000
/bbs/Gossiping/M.1495774480.A.2D4.html download to ptt/Gossiping/21268_7.txt, time: 3.630000
/bbs/Gossiping/M.1495774520.A.223.html download to ptt/Gossiping/21268_8.txt, time: 8.640000
/bbs/Gossiping/M.1495774588.A.8D6.html download to ptt/Gossiping/21268_9.txt, time: 13.160000
/bbs/Gossiping/M.1495774600.A.60B.html download to ptt/Gossiping/21268_10.txt, time: 4.040000
/bbs/Gossiping/M.1495774600.A.398.html download to ptt/Gossiping/21268_11.txt, time: 3.370000
/bbs/Gossiping/M.1495774617.A.0EE.html download to ptt/Gossiping/21268_12.txt, time: 3.550000
/bbs/Gossiping/M.1495774624.A.6A1.html download to ptt/Gossiping/21268_13.txt, time: 4.020000
/bbs/Gossiping/M.1495774659.A.40F.html download to ptt/Gossiping/21268_14.txt, time: 5.250000
/bbs/Gossiping/M.1495774663.A.EBE.html download to ptt/Gossiping/21268_15.txt, time: 3.470000
/bbs/Gossiping/M.1495774789.A.0EF.html download to ptt/Gossiping/21268_16.txt, time: 5.400000
/bbs/Gossiping/M.1495774825.A.A2D.html download to ptt/Gossiping/21268_17.txt, time: 3.260000
/bbs/Gossiping/M.1495774847.A.31E.html download to ptt/Gossiping/21268_18.txt, time: 3.500000
/bbs/Gossiping/M.1495774848.A.904.html download to ptt/Gossiping/21268_19.txt, time: 4.100000
page 21267
/bbs/Gossiping/M.1495773853.A.10E.html download to ptt/Gossiping/21267_0.txt, time: 6.110000
/bbs/Gossiping/M.1495773868.A.AAF.html download to ptt/Gossiping/21267_1.txt, time: 3.400000
/bbs/Gossiping/M.1495773885.A.09D.html download to ptt/Gossiping/21267_2.txt, time: 4.160000
/bbs/Gossiping/M.1495773965.A.FC6.html download to ptt/Gossiping/21267_3.txt, time: 3.120000
/bbs/Gossiping/M.1495774003.A.636.html download to ptt/Gossiping/21267_4.txt, time: 3.470000
/bbs/Gossiping/M.1495774006.A.072.html download to ptt/Gossiping/21267_5.txt, time: 4.600000
/bbs/Gossiping/M.1495774019.A.21E.html download to ptt/Gossiping/21267_6.txt, time: 5.040000
/bbs/Gossiping/M.1495774127.A.BD2.html download to ptt/Gossiping/21267_7.txt, time: 4.450000
/bbs/Gossiping/M.1495774133.A.BB7.html download to ptt/Gossiping/21267_8.txt, time: 4.970000
/bbs/Gossiping/M.1495774166.A.34D.html download to ptt/Gossiping/21267_9.txt, time: 3.510000
/bbs/Gossiping/M.1495774223.A.4A3.html download to ptt/Gossiping/21267_10.txt, time: 3.990000
/bbs/Gossiping/M.1495774246.A.AC7.html download to ptt/Gossiping/21267_11.txt, time: 2.420000
/bbs/Gossiping/M.1495774285.A.688.html download to ptt/Gossiping/21267_12.txt, time: 4.020000
/bbs/Gossiping/M.1495774287.A.A16.html download to ptt/Gossiping/21267_13.txt, time: 3.740000
/bbs/Gossiping/M.1495774315.A.32A.html download to ptt/Gossiping/21267_14.txt, time: 4.170000
/bbs/Gossiping/M.1495774317.A.8E9.html download to ptt/Gossiping/21267_15.txt, time: 8.550000
/bbs/Gossiping/M.1495774323.A.830.html download to ptt/Gossiping/21267_16.txt, time: 3.110000
/bbs/Gossiping/M.1495774323.A.2F2.html download to ptt/Gossiping/21267_17.txt, time: 3.210000
/bbs/Gossiping/M.1495774361.A.339.html download to ptt/Gossiping/21267_18.txt, time: 3.070000
/bbs/Gossiping/M.1495774367.A.634.html download to ptt/Gossiping/21267_19.txt, time: 3.430000
page 21266
/bbs/Gossiping/M.1495773561.A.8F2.html download to ptt/Gossiping/21266_0.txt, time: 5.100000
/bbs/Gossiping/M.1495773562.A.B81.html download to ptt/Gossiping/21266_1.txt, time: 2.850000
/bbs/Gossiping/M.1495773579.A.F96.html download to ptt/Gossiping/21266_2.txt, time: 3.540000
/bbs/Gossiping/M.1495773604.A.E52.html download to ptt/Gossiping/21266_3.txt, time: 3.680000
/bbs/Gossiping/M.1495773609.A.8FE.html download to ptt/Gossiping/21266_4.txt, time: 3.690000
/bbs/Gossiping/M.1495773667.A.D92.html download to ptt/Gossiping/21266_5.txt, time: 3.810000
/bbs/Gossiping/M.1495773698.A.A20.html download to ptt/Gossiping/21266_6.txt, time: 4.930000
/bbs/Gossiping/M.1495773711.A.0E1.html download to ptt/Gossiping/21266_7.txt, time: 4.920000
/bbs/Gossiping/M.1495773730.A.99E.html download to ptt/Gossiping/21266_8.txt, time: 3.800000
/bbs/Gossiping/M.1495773748.A.070.html download to ptt/Gossiping/21266_9.txt, time: 3.340000
/bbs/Gossiping/M.1495773757.A.B43.html download to ptt/Gossiping/21266_10.txt, time: 4.460000
/bbs/Gossiping/M.1495773760.A.9EC.html download to ptt/Gossiping/21266_11.txt, time: 3.630000
/bbs/Gossiping/M.1495773782.A.91F.html download to ptt/Gossiping/21266_12.txt, time: 4.190000
/bbs/Gossiping/M.1495773785.A.9F0.html download to ptt/Gossiping/21266_13.txt, time: 3.020000
/bbs/Gossiping/M.1495773795.A.8B2.html download to ptt/Gossiping/21266_14.txt, time: 4.830000
/bbs/Gossiping/M.1495773800.A.38F.html download to ptt/Gossiping/21266_15.txt, time: 3.150000
/bbs/Gossiping/M.1495773800.A.16D.html download to ptt/Gossiping/21266_16.txt, time: 4.200000
/bbs/Gossiping/M.1495773821.A.F68.html download to ptt/Gossiping/21266_17.txt, time: 6.720000
/bbs/Gossiping/M.1495773822.A.C2C.html download to ptt/Gossiping/21266_18.txt, time: 3.810000
/bbs/Gossiping/M.1495773836.A.743.html download to ptt/Gossiping/21266_19.txt, time: 3.980000
time: 560.7204158306122 seconds
