page 21280
/bbs/Gossiping/M.1495780434.A.0C1.html download to ptt/Gossiping/21280_0.txt, time: 4.190000
/bbs/Gossiping/M.1495780435.A.2C9.html download to ptt/Gossiping/21280_1.txt, time: 6.110000
/bbs/Gossiping/M.1495780456.A.F27.html download to ptt/Gossiping/21280_2.txt, time: 8.370000
/bbs/Gossiping/M.1495780477.A.64F.html download to ptt/Gossiping/21280_3.txt, time: 3.410000
/bbs/Gossiping/M.1495780504.A.86B.html download to ptt/Gossiping/21280_4.txt, time: 5.000000
/bbs/Gossiping/M.1495780551.A.952.html download to ptt/Gossiping/21280_5.txt, time: 3.610000
/bbs/Gossiping/M.1495780620.A.8B0.html download to ptt/Gossiping/21280_6.txt, time: 4.980000
/bbs/Gossiping/M.1495780635.A.A60.html download to ptt/Gossiping/21280_7.txt, time: 6.070000
/bbs/Gossiping/M.1495780661.A.7B4.html download to ptt/Gossiping/21280_8.txt, time: 8.900000
/bbs/Gossiping/M.1495780670.A.A8C.html download to ptt/Gossiping/21280_9.txt, time: 4.110000
/bbs/Gossiping/M.1495780750.A.AD0.html download to ptt/Gossiping/21280_10.txt, time: 4.560000
/bbs/Gossiping/M.1495780752.A.725.html download to ptt/Gossiping/21280_11.txt, time: 5.600000
/bbs/Gossiping/M.1495780786.A.84C.html download to ptt/Gossiping/21280_12.txt, time: 5.030000
/bbs/Gossiping/M.1495780797.A.54D.html download to ptt/Gossiping/21280_13.txt, time: 5.010000
/bbs/Gossiping/M.1495780861.A.A89.html download to ptt/Gossiping/21280_14.txt, time: 4.970000
/bbs/Gossiping/M.1495780881.A.57D.html download to ptt/Gossiping/21280_15.txt, time: 4.090000
/bbs/Gossiping/M.1495780930.A.943.html download to ptt/Gossiping/21280_16.txt, time: 3.370000
/bbs/Gossiping/M.1495780982.A.605.html download to ptt/Gossiping/21280_17.txt, time: 4.490000
/bbs/Gossiping/M.1495781005.A.8FE.html download to ptt/Gossiping/21280_18.txt, time: 4.140000
/bbs/Gossiping/M.1495781011.A.5D2.html download to ptt/Gossiping/21280_19.txt, time: 5.780000
page 21279
/bbs/Gossiping/M.1495779896.A.D42.html download to ptt/Gossiping/21279_0.txt, time: 6.360000
/bbs/Gossiping/M.1495779909.A.517.html download to ptt/Gossiping/21279_1.txt, time: 4.040000
/bbs/Gossiping/M.1495779990.A.30A.html download to ptt/Gossiping/21279_2.txt, time: 4.130000
/bbs/Gossiping/M.1495780006.A.F06.html download to ptt/Gossiping/21279_3.txt, time: 3.540000
/bbs/Gossiping/M.1495780026.A.701.html download to ptt/Gossiping/21279_4.txt, time: 4.180000
/bbs/Gossiping/M.1495780045.A.E52.html download to ptt/Gossiping/21279_5.txt, time: 4.680000
/bbs/Gossiping/M.1495780104.A.E44.html download to ptt/Gossiping/21279_6.txt, time: 3.840000
/bbs/Gossiping/M.1495780113.A.C6C.html download to ptt/Gossiping/21279_7.txt, time: 5.800000
/bbs/Gossiping/M.1495780117.A.3A5.html download to ptt/Gossiping/21279_8.txt, time: 3.070000
/bbs/Gossiping/M.1495780142.A.D38.html download to ptt/Gossiping/21279_9.txt, time: 5.640000
/bbs/Gossiping/M.1495780175.A.F6B.html download to ptt/Gossiping/21279_10.txt, time: 4.340000
/bbs/Gossiping/M.1495780231.A.E00.html download to ptt/Gossiping/21279_11.txt, time: 6.740000
/bbs/Gossiping/M.1495780241.A.742.html download to ptt/Gossiping/21279_12.txt, time: 5.330000
/bbs/Gossiping/M.1495780246.A.7CB.html download to ptt/Gossiping/21279_13.txt, time: 4.370000
/bbs/Gossiping/M.1495780262.A.8C6.html download to ptt/Gossiping/21279_14.txt, time: 5.600000
/bbs/Gossiping/M.1495780267.A.56B.html download to ptt/Gossiping/21279_15.txt, time: 5.390000
/bbs/Gossiping/M.1495780290.A.814.html download to ptt/Gossiping/21279_16.txt, time: 4.860000
/bbs/Gossiping/M.1495780336.A.02B.html download to ptt/Gossiping/21279_17.txt, time: 4.490000
/bbs/Gossiping/M.1495780358.A.E9D.html download to ptt/Gossiping/21279_18.txt, time: 6.940000
/bbs/Gossiping/M.1495780434.A.4E7.html download to ptt/Gossiping/21279_19.txt, time: 5.190000
page 21278
/bbs/Gossiping/M.1495779245.A.575.html download to ptt/Gossiping/21278_0.txt, time: 4.700000
/bbs/Gossiping/M.1495779257.A.F32.html download to ptt/Gossiping/21278_1.txt, time: 7.920000
/bbs/Gossiping/M.1495779277.A.A26.html download to ptt/Gossiping/21278_2.txt, time: 4.800000
/bbs/Gossiping/M.1495779288.A.774.html download to ptt/Gossiping/21278_3.txt, time: 5.410000
/bbs/Gossiping/M.1495779312.A.85F.html download to ptt/Gossiping/21278_4.txt, time: 3.410000
/bbs/Gossiping/M.1495779330.A.EFF.html download to ptt/Gossiping/21278_5.txt, time: 4.310000
/bbs/Gossiping/M.1495779334.A.64C.html download to ptt/Gossiping/21278_6.txt, time: 7.920000
/bbs/Gossiping/M.1495779423.A.AA5.html download to ptt/Gossiping/21278_7.txt, time: 9.610000
/bbs/Gossiping/M.1495779453.A.AA5.html download to ptt/Gossiping/21278_8.txt, time: 14.340000
/bbs/Gossiping/M.1495779461.A.929.html download to ptt/Gossiping/21278_9.txt, time: 6.100000
/bbs/Gossiping/M.1495779476.A.6AF.html download to ptt/Gossiping/21278_10.txt, time: 11.670000
/bbs/Gossiping/M.1495779527.A.73A.html download to ptt/Gossiping/21278_11.txt, time: 7.090000
/bbs/Gossiping/M.1495779618.A.A66.html download to ptt/Gossiping/21278_12.txt, time: 3.360000
/bbs/Gossiping/M.1495779645.A.301.html download to ptt/Gossiping/21278_13.txt, time: 4.870000
/bbs/Gossiping/M.1495779647.A.992.html download to ptt/Gossiping/21278_14.txt, time: 3.370000
/bbs/Gossiping/M.1495779680.A.878.html download to ptt/Gossiping/21278_15.txt, time: 4.210000
/bbs/Gossiping/M.1495779721.A.2DF.html download to ptt/Gossiping/21278_16.txt, time: 3.260000
/bbs/Gossiping/M.1495779749.A.112.html download to ptt/Gossiping/21278_17.txt, time: 4.520000
/bbs/Gossiping/M.1495779773.A.902.html download to ptt/Gossiping/21278_18.txt, time: 4.360000
/bbs/Gossiping/M.1495779873.A.C7C.html download to ptt/Gossiping/21278_19.txt, time: 3.940000
page 21277
/bbs/Gossiping/M.1495778619.A.CEB.html download to ptt/Gossiping/21277_0.txt, time: 3.300000
/bbs/Gossiping/M.1495778671.A.921.html download to ptt/Gossiping/21277_1.txt, time: 3.430000
/bbs/Gossiping/M.1495778717.A.A19.html download to ptt/Gossiping/21277_2.txt, time: 3.200000
/bbs/Gossiping/M.1495778757.A.881.html download to ptt/Gossiping/21277_3.txt, time: 3.760000
/bbs/Gossiping/M.1495778770.A.E31.html download to ptt/Gossiping/21277_4.txt, time: 3.200000
/bbs/Gossiping/M.1495778771.A.A97.html download to ptt/Gossiping/21277_5.txt, time: 4.260000
/bbs/Gossiping/M.1495778838.A.0EA.html download to ptt/Gossiping/21277_6.txt, time: 4.730000
/bbs/Gossiping/M.1495778857.A.CF8.html download to ptt/Gossiping/21277_7.txt, time: 3.910000
/bbs/Gossiping/M.1495778891.A.D75.html download to ptt/Gossiping/21277_8.txt, time: 2.600000
/bbs/Gossiping/M.1495778894.A.256.html download to ptt/Gossiping/21277_9.txt, time: 3.890000
/bbs/Gossiping/M.1495778906.A.7A3.html download to ptt/Gossiping/21277_10.txt, time: 4.470000
/bbs/Gossiping/M.1495778948.A.D93.html download to ptt/Gossiping/21277_11.txt, time: 5.180000
/bbs/Gossiping/M.1495778971.A.EEC.html download to ptt/Gossiping/21277_12.txt, time: 8.590000
/bbs/Gossiping/M.1495779006.A.AA1.html download to ptt/Gossiping/21277_13.txt, time: 4.730000
/bbs/Gossiping/M.1495779012.A.33C.html download to ptt/Gossiping/21277_14.txt, time: 3.400000
/bbs/Gossiping/M.1495779031.A.890.html download to ptt/Gossiping/21277_15.txt, time: 3.650000
/bbs/Gossiping/M.1495779180.A.4AF.html download to ptt/Gossiping/21277_16.txt, time: 2.830000
/bbs/Gossiping/M.1495779210.A.050.html download to ptt/Gossiping/21277_17.txt, time: 2.790000
/bbs/Gossiping/M.1495779238.A.5E5.html download to ptt/Gossiping/21277_18.txt, time: 2.950000
/bbs/Gossiping/M.1495779241.A.264.html download to ptt/Gossiping/21277_19.txt, time: 4.430000
page 21276
/bbs/Gossiping/M.1495777984.A.397.html download to ptt/Gossiping/21276_0.txt, time: 5.090000
/bbs/Gossiping/M.1495778013.A.D4E.html download to ptt/Gossiping/21276_1.txt, time: 2.680000
/bbs/Gossiping/M.1495778094.A.E88.html download to ptt/Gossiping/21276_2.txt, time: 4.440000
/bbs/Gossiping/M.1495778106.A.B12.html download to ptt/Gossiping/21276_3.txt, time: 3.530000
/bbs/Gossiping/M.1495778124.A.FF8.html download to ptt/Gossiping/21276_4.txt, time: 5.440000
/bbs/Gossiping/M.1495778130.A.F83.html download to ptt/Gossiping/21276_5.txt, time: 3.020000
/bbs/Gossiping/M.1495778162.A.232.html download to ptt/Gossiping/21276_6.txt, time: 4.510000
/bbs/Gossiping/M.1495778178.A.4B8.html download to ptt/Gossiping/21276_7.txt, time: 2.960000
/bbs/Gossiping/M.1495778225.A.733.html download to ptt/Gossiping/21276_8.txt, time: 3.590000
/bbs/Gossiping/M.1495778251.A.40A.html download to ptt/Gossiping/21276_9.txt, time: 4.600000
/bbs/Gossiping/M.1495778305.A.7B7.html download to ptt/Gossiping/21276_10.txt, time: 3.870000
/bbs/Gossiping/M.1495778354.A.8DE.html download to ptt/Gossiping/21276_11.txt, time: 2.380000
/bbs/Gossiping/M.1495778425.A.32B.html download to ptt/Gossiping/21276_12.txt, time: 3.100000
/bbs/Gossiping/M.1495778448.A.98F.html download to ptt/Gossiping/21276_13.txt, time: 2.400000
/bbs/Gossiping/M.1495778534.A.6C6.html download to ptt/Gossiping/21276_14.txt, time: 3.810000
/bbs/Gossiping/M.1495778535.A.888.html download to ptt/Gossiping/21276_15.txt, time: 4.690000
/bbs/Gossiping/M.1495778544.A.E28.html download to ptt/Gossiping/21276_16.txt, time: 2.950000
/bbs/Gossiping/M.1495778562.A.50C.html download to ptt/Gossiping/21276_17.txt, time: 2.480000
/bbs/Gossiping/M.1495778572.A.91C.html download to ptt/Gossiping/21276_18.txt, time: 2.920000
/bbs/Gossiping/M.1495778595.A.238.html download to ptt/Gossiping/21276_19.txt, time: 1.840000
time: 537.0044474601746 seconds
