page 21290
/bbs/Gossiping/M.1495786347.A.9D1.html download to ptt/Gossiping/21290_0.txt, time: 4.200000
/bbs/Gossiping/M.1495786353.A.C43.html download to ptt/Gossiping/21290_1.txt, time: 3.410000
/bbs/Gossiping/M.1495786383.A.12F.html download to ptt/Gossiping/21290_2.txt, time: 4.780000
/bbs/Gossiping/M.1495786390.A.DBA.html download to ptt/Gossiping/21290_3.txt, time: 8.840000
/bbs/Gossiping/M.1495786453.A.DEF.html download to ptt/Gossiping/21290_4.txt, time: 6.910000
/bbs/Gossiping/M.1495786478.A.913.html download to ptt/Gossiping/21290_5.txt, time: 3.740000
/bbs/Gossiping/M.1495786489.A.B72.html download to ptt/Gossiping/21290_6.txt, time: 6.620000
/bbs/Gossiping/M.1495786492.A.716.html download to ptt/Gossiping/21290_7.txt, time: 4.240000
/bbs/Gossiping/M.1495786517.A.60C.html download to ptt/Gossiping/21290_8.txt, time: 4.000000
/bbs/Gossiping/M.1495786567.A.781.html download to ptt/Gossiping/21290_9.txt, time: 5.910000
/bbs/Gossiping/M.1495786581.A.B01.html download to ptt/Gossiping/21290_10.txt, time: 7.610000
/bbs/Gossiping/M.1495786631.A.DF5.html download to ptt/Gossiping/21290_11.txt, time: 4.020000
/bbs/Gossiping/M.1495786648.A.B77.html download to ptt/Gossiping/21290_12.txt, time: 6.080000
/bbs/Gossiping/M.1495786653.A.DDC.html download to ptt/Gossiping/21290_13.txt, time: 4.320000
/bbs/Gossiping/M.1495786699.A.3C9.html download to ptt/Gossiping/21290_14.txt, time: 3.850000
/bbs/Gossiping/M.1495786718.A.203.html download to ptt/Gossiping/21290_15.txt, time: 4.620000
/bbs/Gossiping/M.1495786737.A.DA2.html download to ptt/Gossiping/21290_16.txt, time: 4.680000
/bbs/Gossiping/M.1495786832.A.BF5.html download to ptt/Gossiping/21290_17.txt, time: 5.510000
/bbs/Gossiping/M.1495786896.A.395.html download to ptt/Gossiping/21290_18.txt, time: 6.120000
/bbs/Gossiping/M.1495786902.A.D6F.html download to ptt/Gossiping/21290_19.txt, time: 3.970000
page 21289
/bbs/Gossiping/M.1495785571.A.C30.html download to ptt/Gossiping/21289_0.txt, time: 4.390000
/bbs/Gossiping/M.1495785608.A.863.html download to ptt/Gossiping/21289_1.txt, time: 4.700000
/bbs/Gossiping/M.1495785726.A.950.html download to ptt/Gossiping/21289_2.txt, time: 3.850000
/bbs/Gossiping/M.1495785801.A.78B.html download to ptt/Gossiping/21289_3.txt, time: 5.590000
/bbs/Gossiping/M.1495785803.A.C69.html download to ptt/Gossiping/21289_4.txt, time: 3.960000
/bbs/Gossiping/M.1495785831.A.246.html download to ptt/Gossiping/21289_5.txt, time: 5.370000
/bbs/Gossiping/M.1495785849.A.83E.html download to ptt/Gossiping/21289_6.txt, time: 5.840000
/bbs/Gossiping/M.1495785851.A.97B.html download to ptt/Gossiping/21289_7.txt, time: 4.520000
/bbs/Gossiping/M.1495785910.A.B24.html download to ptt/Gossiping/21289_8.txt, time: 4.500000
/bbs/Gossiping/M.1495785915.A.29A.html download to ptt/Gossiping/21289_9.txt, time: 6.180000
/bbs/Gossiping/M.1495785955.A.E2B.html download to ptt/Gossiping/21289_10.txt, time: 4.890000
/bbs/Gossiping/M.1495786013.A.C4F.html download to ptt/Gossiping/21289_11.txt, time: 4.450000
/bbs/Gossiping/M.1495786070.A.0D7.html download to ptt/Gossiping/21289_12.txt, time: 5.160000
/bbs/Gossiping/M.1495786084.A.A41.html download to ptt/Gossiping/21289_13.txt, time: 4.800000
/bbs/Gossiping/M.1495786196.A.083.html download to ptt/Gossiping/21289_14.txt, time: 4.270000
/bbs/Gossiping/M.1495786211.A.809.html download to ptt/Gossiping/21289_15.txt, time: 6.180000
/bbs/Gossiping/M.1495786231.A.1CE.html download to ptt/Gossiping/21289_16.txt, time: 4.540000
/bbs/Gossiping/M.1495786259.A.477.html download to ptt/Gossiping/21289_17.txt, time: 4.770000
/bbs/Gossiping/M.1495786296.A.EAE.html download to ptt/Gossiping/21289_18.txt, time: 11.850000
/bbs/Gossiping/M.1495786345.A.AA6.html download to ptt/Gossiping/21289_19.txt, time: 6.410000
page 21288
/bbs/Gossiping/M.1495785166.A.0AA.html download to ptt/Gossiping/21288_0.txt, time: 7.790000
/bbs/Gossiping/M.1495785167.A.8C4.html download to ptt/Gossiping/21288_1.txt, time: 10.880000
/bbs/Gossiping/M.1495785168.A.141.html download to ptt/Gossiping/21288_2.txt, time: 4.930000
/bbs/Gossiping/M.1495785190.A.CC3.html download to ptt/Gossiping/21288_3.txt, time: 3.740000
/bbs/Gossiping/M.1495785222.A.7C6.html download to ptt/Gossiping/21288_4.txt, time: 7.070000
/bbs/Gossiping/M.1495785245.A.36E.html download to ptt/Gossiping/21288_5.txt, time: 4.710000
/bbs/Gossiping/M.1495785266.A.B0D.html download to ptt/Gossiping/21288_6.txt, time: 9.160000
/bbs/Gossiping/M.1495785276.A.198.html download to ptt/Gossiping/21288_7.txt, time: 6.640000
/bbs/Gossiping/M.1495785309.A.27B.html download to ptt/Gossiping/21288_8.txt, time: 4.210000
/bbs/Gossiping/M.1495785387.A.CCC.html download to ptt/Gossiping/21288_9.txt, time: 4.070000
/bbs/Gossiping/M.1495785420.A.24C.html download to ptt/Gossiping/21288_10.txt, time: 4.500000
/bbs/Gossiping/M.1495785454.A.486.html download to ptt/Gossiping/21288_11.txt, time: 5.920000
/bbs/Gossiping/M.1495785464.A.D76.html download to ptt/Gossiping/21288_12.txt, time: 10.050000
/bbs/Gossiping/M.1495785487.A.F50.html download to ptt/Gossiping/21288_13.txt, time: 3.960000
/bbs/Gossiping/M.1495785492.A.B3E.html download to ptt/Gossiping/21288_14.txt, time: 3.460000
/bbs/Gossiping/M.1495785493.A.508.html download to ptt/Gossiping/21288_15.txt, time: 5.740000
/bbs/Gossiping/M.1495785493.A.9F7.html download to ptt/Gossiping/21288_16.txt, time: 3.370000
/bbs/Gossiping/M.1495785520.A.526.html download to ptt/Gossiping/21288_17.txt, time: 4.350000
/bbs/Gossiping/M.1495785523.A.B1B.html download to ptt/Gossiping/21288_18.txt, time: 6.250000
/bbs/Gossiping/M.1495785526.A.AF7.html download to ptt/Gossiping/21288_19.txt, time: 4.880000
page 21287
/bbs/Gossiping/M.1495784601.A.66B.html download to ptt/Gossiping/21287_0.txt, time: 4.220000
/bbs/Gossiping/M.1495784628.A.7B5.html download to ptt/Gossiping/21287_1.txt, time: 5.410000
/bbs/Gossiping/M.1495784654.A.4A7.html download to ptt/Gossiping/21287_2.txt, time: 4.430000
/bbs/Gossiping/M.1495784687.A.873.html download to ptt/Gossiping/21287_3.txt, time: 4.110000
/bbs/Gossiping/M.1495784693.A.9C1.html download to ptt/Gossiping/21287_4.txt, time: 3.590000
/bbs/Gossiping/M.1495784722.A.B52.html download to ptt/Gossiping/21287_5.txt, time: 4.680000
/bbs/Gossiping/M.1495784724.A.4EE.html download to ptt/Gossiping/21287_6.txt, time: 5.330000
/bbs/Gossiping/M.1495784759.A.C77.html download to ptt/Gossiping/21287_7.txt, time: 4.180000
/bbs/Gossiping/M.1495784764.A.F1D.html download to ptt/Gossiping/21287_8.txt, time: 3.620000
/bbs/Gossiping/M.1495784808.A.CE0.html download to ptt/Gossiping/21287_9.txt, time: 3.730000
/bbs/Gossiping/M.1495784826.A.87D.html download to ptt/Gossiping/21287_10.txt, time: 4.600000
/bbs/Gossiping/M.1495784858.A.492.html download to ptt/Gossiping/21287_11.txt, time: 4.540000
/bbs/Gossiping/M.1495784883.A.5D7.html download to ptt/Gossiping/21287_12.txt, time: 3.550000
/bbs/Gossiping/M.1495784905.A.AD2.html download to ptt/Gossiping/21287_13.txt, time: 3.660000
/bbs/Gossiping/M.1495784947.A.692.html download to ptt/Gossiping/21287_14.txt, time: 6.460000
/bbs/Gossiping/M.1495784969.A.204.html download to ptt/Gossiping/21287_15.txt, time: 6.490000
/bbs/Gossiping/M.1495784973.A.13E.html download to ptt/Gossiping/21287_16.txt, time: 4.680000
/bbs/Gossiping/M.1495785023.A.162.html download to ptt/Gossiping/21287_17.txt, time: 5.310000
/bbs/Gossiping/M.1495785144.A.976.html download to ptt/Gossiping/21287_18.txt, time: 3.920000
/bbs/Gossiping/M.1495785153.A.584.html download to ptt/Gossiping/21287_19.txt, time: 4.000000
page 21286
/bbs/Gossiping/M.1495783961.A.3CD.html download to ptt/Gossiping/21286_0.txt, time: 3.410000
/bbs/Gossiping/M.1495784117.A.CFC.html download to ptt/Gossiping/21286_1.txt, time: 2.690000
/bbs/Gossiping/M.1495784127.A.D3E.html download to ptt/Gossiping/21286_2.txt, time: 2.480000
/bbs/Gossiping/M.1495784179.A.772.html download to ptt/Gossiping/21286_3.txt, time: 3.760000
/bbs/Gossiping/M.1495784220.A.00F.html download to ptt/Gossiping/21286_4.txt, time: 3.330000
/bbs/Gossiping/M.1495784224.A.8CE.html download to ptt/Gossiping/21286_5.txt, time: 5.030000
/bbs/Gossiping/M.1495784251.A.649.html download to ptt/Gossiping/21286_6.txt, time: 4.320000
/bbs/Gossiping/M.1495784254.A.7F8.html download to ptt/Gossiping/21286_7.txt, time: 3.320000
/bbs/Gossiping/M.1495784258.A.46F.html download to ptt/Gossiping/21286_8.txt, time: 3.410000
/bbs/Gossiping/M.1495784261.A.988.html download to ptt/Gossiping/21286_9.txt, time: 3.070000
/bbs/Gossiping/M.1495784288.A.AA8.html download to ptt/Gossiping/21286_10.txt, time: 4.030000
/bbs/Gossiping/M.1495784293.A.697.html download to ptt/Gossiping/21286_11.txt, time: 2.830000
/bbs/Gossiping/M.1495784394.A.4B6.html download to ptt/Gossiping/21286_12.txt, time: 3.270000
/bbs/Gossiping/M.1495784465.A.BFF.html download to ptt/Gossiping/21286_13.txt, time: 2.230000
/bbs/Gossiping/M.1495784504.A.68B.html download to ptt/Gossiping/21286_14.txt, time: 2.480000
/bbs/Gossiping/M.1495784535.A.689.html download to ptt/Gossiping/21286_15.txt, time: 3.130000
/bbs/Gossiping/M.1495784547.A.371.html download to ptt/Gossiping/21286_16.txt, time: 2.730000
/bbs/Gossiping/M.1495784551.A.3FE.html download to ptt/Gossiping/21286_17.txt, time: 3.570000
/bbs/Gossiping/M.1495784564.A.CF1.html download to ptt/Gossiping/21286_18.txt, time: 3.110000
/bbs/Gossiping/M.1495784575.A.45F.html download to ptt/Gossiping/21286_19.txt, time: 3.500000
time: 542.9253091812134 seconds
