page 21300
/bbs/Gossiping/M.1495791495.A.EC2.html download to ptt/Gossiping/21300_0.txt, time: 4.620000
/bbs/Gossiping/M.1495791520.A.6F6.html download to ptt/Gossiping/21300_1.txt, time: 5.580000
/bbs/Gossiping/M.1495791583.A.7B4.html download to ptt/Gossiping/21300_2.txt, time: 4.240000
/bbs/Gossiping/M.1495791603.A.565.html download to ptt/Gossiping/21300_3.txt, time: 7.700000
/bbs/Gossiping/M.1495791639.A.A4F.html download to ptt/Gossiping/21300_4.txt, time: 7.000000
/bbs/Gossiping/M.1495791669.A.C77.html download to ptt/Gossiping/21300_5.txt, time: 4.080000
/bbs/Gossiping/M.1495791699.A.62C.html download to ptt/Gossiping/21300_6.txt, time: 3.930000
/bbs/Gossiping/M.1495791748.A.FAB.html download to ptt/Gossiping/21300_7.txt, time: 4.490000
/bbs/Gossiping/M.1495791765.A.5CD.html download to ptt/Gossiping/21300_8.txt, time: 4.580000
/bbs/Gossiping/M.1495791787.A.5B8.html download to ptt/Gossiping/21300_9.txt, time: 4.440000
/bbs/Gossiping/M.1495791832.A.CCE.html download to ptt/Gossiping/21300_10.txt, time: 8.560000
/bbs/Gossiping/M.1495791845.A.DA8.html download to ptt/Gossiping/21300_11.txt, time: 4.320000
/bbs/Gossiping/M.1495791847.A.9FA.html download to ptt/Gossiping/21300_12.txt, time: 3.810000
/bbs/Gossiping/M.1495791895.A.36F.html download to ptt/Gossiping/21300_13.txt, time: 5.440000
/bbs/Gossiping/M.1495791941.A.0ED.html download to ptt/Gossiping/21300_14.txt, time: 4.070000
/bbs/Gossiping/M.1495791945.A.854.html download to ptt/Gossiping/21300_15.txt, time: 3.030000
/bbs/Gossiping/M.1495791953.A.EAC.html download to ptt/Gossiping/21300_16.txt, time: 4.530000
/bbs/Gossiping/M.1495791964.A.BF0.html download to ptt/Gossiping/21300_17.txt, time: 4.300000
/bbs/Gossiping/M.1495791994.A.3DC.html download to ptt/Gossiping/21300_18.txt, time: 4.160000
/bbs/Gossiping/M.1495792047.A.330.html download to ptt/Gossiping/21300_19.txt, time: 4.320000
page 21299
/bbs/Gossiping/M.1495790988.A.A29.html download to ptt/Gossiping/21299_0.txt, time: 4.160000
/bbs/Gossiping/M.1495790990.A.5C0.html download to ptt/Gossiping/21299_1.txt, time: 5.190000
/bbs/Gossiping/M.1495791004.A.00D.html download to ptt/Gossiping/21299_2.txt, time: 4.770000
/bbs/Gossiping/M.1495791016.A.1C8.html download to ptt/Gossiping/21299_3.txt, time: 3.560000
/bbs/Gossiping/M.1495791035.A.43D.html download to ptt/Gossiping/21299_4.txt, time: 4.900000
/bbs/Gossiping/M.1495791070.A.2BE.html download to ptt/Gossiping/21299_5.txt, time: 5.810000
/bbs/Gossiping/M.1495791177.A.419.html download to ptt/Gossiping/21299_6.txt, time: 6.500000
/bbs/Gossiping/M.1495791201.A.D12.html download to ptt/Gossiping/21299_7.txt, time: 4.840000
/bbs/Gossiping/M.1495791203.A.BDC.html download to ptt/Gossiping/21299_8.txt, time: 6.110000
/bbs/Gossiping/M.1495791276.A.96B.html download to ptt/Gossiping/21299_9.txt, time: 4.590000
/bbs/Gossiping/M.1495791280.A.0ED.html download to ptt/Gossiping/21299_10.txt, time: 4.520000
/bbs/Gossiping/M.1495791314.A.61E.html download to ptt/Gossiping/21299_11.txt, time: 6.740000
/bbs/Gossiping/M.1495791319.A.9A4.html download to ptt/Gossiping/21299_12.txt, time: 4.840000
/bbs/Gossiping/M.1495791323.A.6C5.html download to ptt/Gossiping/21299_13.txt, time: 5.770000
/bbs/Gossiping/M.1495791355.A.DC3.html download to ptt/Gossiping/21299_14.txt, time: 6.040000
/bbs/Gossiping/M.1495791400.A.D53.html download to ptt/Gossiping/21299_15.txt, time: 4.450000
/bbs/Gossiping/M.1495791415.A.E23.html download to ptt/Gossiping/21299_16.txt, time: 4.260000
/bbs/Gossiping/M.1495791415.A.3A6.html download to ptt/Gossiping/21299_17.txt, time: 4.890000
/bbs/Gossiping/M.1495791430.A.4ED.html download to ptt/Gossiping/21299_18.txt, time: 3.420000
/bbs/Gossiping/M.1495791461.A.CDA.html download to ptt/Gossiping/21299_19.txt, time: 13.740000
page 21298
/bbs/Gossiping/M.1495790414.A.9F4.html download to ptt/Gossiping/21298_0.txt, time: 6.170000
/bbs/Gossiping/M.1495790446.A.8BE.html download to ptt/Gossiping/21298_1.txt, time: 4.410000
/bbs/Gossiping/M.1495790450.A.E8A.html download to ptt/Gossiping/21298_2.txt, time: 4.790000
/bbs/Gossiping/M.1495790461.A.D21.html download to ptt/Gossiping/21298_3.txt, time: 4.520000
/bbs/Gossiping/M.1495790507.A.2B5.html download to ptt/Gossiping/21298_4.txt, time: 9.770000
/bbs/Gossiping/M.1495790561.A.4EB.html download to ptt/Gossiping/21298_5.txt, time: 6.650000
/bbs/Gossiping/M.1495790568.A.DF2.html download to ptt/Gossiping/21298_6.txt, time: 7.300000
/bbs/Gossiping/M.1495790582.A.F9E.html download to ptt/Gossiping/21298_7.txt, time: 4.280000
/bbs/Gossiping/M.1495790587.A.5D5.html download to ptt/Gossiping/21298_8.txt, time: 6.810000
/bbs/Gossiping/M.1495790591.A.612.html download to ptt/Gossiping/21298_9.txt, time: 5.730000
/bbs/Gossiping/M.1495790652.A.CC3.html download to ptt/Gossiping/21298_10.txt, time: 6.100000
/bbs/Gossiping/M.1495790711.A.C65.html download to ptt/Gossiping/21298_11.txt, time: 5.120000
/bbs/Gossiping/M.1495790714.A.9F3.html download to ptt/Gossiping/21298_12.txt, time: 4.090000
/bbs/Gossiping/M.1495790720.A.AB2.html download to ptt/Gossiping/21298_13.txt, time: 16.780000
/bbs/Gossiping/M.1495790725.A.567.html download to ptt/Gossiping/21298_14.txt, time: 6.430000
/bbs/Gossiping/M.1495790753.A.7F5.html download to ptt/Gossiping/21298_15.txt, time: 6.020000
/bbs/Gossiping/M.1495790924.A.051.html download to ptt/Gossiping/21298_16.txt, time: 3.420000
/bbs/Gossiping/M.1495790941.A.971.html download to ptt/Gossiping/21298_17.txt, time: 4.140000
/bbs/Gossiping/M.1495790950.A.F6F.html download to ptt/Gossiping/21298_18.txt, time: 4.520000
/bbs/Gossiping/M.1495790959.A.4E5.html download to ptt/Gossiping/21298_19.txt, time: 3.640000
page 21297
/bbs/Gossiping/M.1495789894.A.75C.html download to ptt/Gossiping/21297_0.txt, time: 4.650000
/bbs/Gossiping/M.1495789920.A.1EF.html download to ptt/Gossiping/21297_1.txt, time: 5.150000
/bbs/Gossiping/M.1495789941.A.306.html download to ptt/Gossiping/21297_2.txt, time: 4.370000
/bbs/Gossiping/M.1495789991.A.B50.html download to ptt/Gossiping/21297_3.txt, time: 3.960000
/bbs/Gossiping/M.1495790015.A.9D8.html download to ptt/Gossiping/21297_4.txt, time: 5.230000
/bbs/Gossiping/M.1495790018.A.502.html download to ptt/Gossiping/21297_5.txt, time: 3.610000
/bbs/Gossiping/M.1495790058.A.88D.html download to ptt/Gossiping/21297_6.txt, time: 2.840000
/bbs/Gossiping/M.1495790063.A.499.html download to ptt/Gossiping/21297_7.txt, time: 4.310000
/bbs/Gossiping/M.1495790066.A.E67.html download to ptt/Gossiping/21297_8.txt, time: 3.330000
/bbs/Gossiping/M.1495790136.A.422.html download to ptt/Gossiping/21297_9.txt, time: 5.230000
/bbs/Gossiping/M.1495790140.A.065.html download to ptt/Gossiping/21297_10.txt, time: 3.840000
/bbs/Gossiping/M.1495790166.A.7C1.html download to ptt/Gossiping/21297_11.txt, time: 3.950000
/bbs/Gossiping/M.1495790192.A.9EB.html download to ptt/Gossiping/21297_12.txt, time: 3.300000
/bbs/Gossiping/M.1495790287.A.902.html download to ptt/Gossiping/21297_13.txt, time: 3.360000
/bbs/Gossiping/M.1495790287.A.905.html download to ptt/Gossiping/21297_14.txt, time: 2.820000
/bbs/Gossiping/M.1495790350.A.B2C.html download to ptt/Gossiping/21297_15.txt, time: 6.020000
/bbs/Gossiping/M.1495790370.A.F35.html download to ptt/Gossiping/21297_16.txt, time: 7.360000
/bbs/Gossiping/M.1495790373.A.2A8.html download to ptt/Gossiping/21297_17.txt, time: 3.540000
/bbs/Gossiping/M.1495790384.A.50B.html download to ptt/Gossiping/21297_18.txt, time: 2.960000
/bbs/Gossiping/M.1495790397.A.896.html download to ptt/Gossiping/21297_19.txt, time: 3.810000
page 21296
/bbs/Gossiping/M.1495789334.A.71B.html download to ptt/Gossiping/21296_0.txt, time: 2.780000
/bbs/Gossiping/M.1495789448.A.A95.html download to ptt/Gossiping/21296_1.txt, time: 3.290000
/bbs/Gossiping/M.1495789475.A.E52.html download to ptt/Gossiping/21296_2.txt, time: 3.030000
/bbs/Gossiping/M.1495789477.A.FB3.html download to ptt/Gossiping/21296_3.txt, time: 3.100000
/bbs/Gossiping/M.1495789503.A.39B.html download to ptt/Gossiping/21296_4.txt, time: 4.950000
/bbs/Gossiping/M.1495789509.A.466.html download to ptt/Gossiping/21296_5.txt, time: 4.300000
/bbs/Gossiping/M.1495789532.A.15C.html download to ptt/Gossiping/21296_6.txt, time: 4.240000
/bbs/Gossiping/M.1495789549.A.54D.html download to ptt/Gossiping/21296_7.txt, time: 3.860000
/bbs/Gossiping/M.1495789570.A.1E6.html download to ptt/Gossiping/21296_8.txt, time: 4.590000
/bbs/Gossiping/M.1495789576.A.494.html download to ptt/Gossiping/21296_9.txt, time: 4.320000
/bbs/Gossiping/M.1495789588.A.BDA.html download to ptt/Gossiping/21296_10.txt, time: 5.520000
/bbs/Gossiping/M.1495789616.A.3A7.html download to ptt/Gossiping/21296_11.txt, time: 4.000000
/bbs/Gossiping/M.1495789645.A.5EC.html download to ptt/Gossiping/21296_12.txt, time: 4.360000
/bbs/Gossiping/M.1495789728.A.836.html download to ptt/Gossiping/21296_13.txt, time: 3.460000
/bbs/Gossiping/M.1495789733.A.6E8.html download to ptt/Gossiping/21296_14.txt, time: 2.980000
/bbs/Gossiping/M.1495789754.A.3AA.html download to ptt/Gossiping/21296_15.txt, time: 4.740000
/bbs/Gossiping/M.1495789773.A.B31.html download to ptt/Gossiping/21296_16.txt, time: 3.780000
/bbs/Gossiping/M.1495789801.A.66D.html download to ptt/Gossiping/21296_17.txt, time: 4.580000
/bbs/Gossiping/M.1495789858.A.37E.html download to ptt/Gossiping/21296_18.txt, time: 3.930000
/bbs/Gossiping/M.1495789870.A.63C.html download to ptt/Gossiping/21296_19.txt, time: 2.230000
time: 545.8539266586304 seconds
