page 21320
/bbs/Gossiping/M.1495801874.A.4BC.html download to ptt/Gossiping/21320_0.txt, time: 6.560000
/bbs/Gossiping/M.1495801913.A.FDB.html download to ptt/Gossiping/21320_1.txt, time: 4.970000
/bbs/Gossiping/M.1495801920.A.DDC.html download to ptt/Gossiping/21320_2.txt, time: 4.450000
/bbs/Gossiping/M.1495801957.A.F3C.html download to ptt/Gossiping/21320_3.txt, time: 6.260000
/bbs/Gossiping/M.1495801965.A.464.html download to ptt/Gossiping/21320_4.txt, time: 3.880000
/bbs/Gossiping/M.1495801972.A.069.html download to ptt/Gossiping/21320_5.txt, time: 5.040000
/bbs/Gossiping/M.1495801983.A.9ED.html download to ptt/Gossiping/21320_6.txt, time: 8.530000
/bbs/Gossiping/M.1495801997.A.73A.html download to ptt/Gossiping/21320_7.txt, time: 4.510000
/bbs/Gossiping/M.1495801998.A.A00.html download to ptt/Gossiping/21320_8.txt, time: 5.980000
/bbs/Gossiping/M.1495802000.A.E52.html download to ptt/Gossiping/21320_9.txt, time: 3.650000
/bbs/Gossiping/M.1495802030.A.10D.html download to ptt/Gossiping/21320_10.txt, time: 5.060000
/bbs/Gossiping/M.1495802040.A.3EE.html download to ptt/Gossiping/21320_11.txt, time: 6.590000
/bbs/Gossiping/M.1495802069.A.FA1.html download to ptt/Gossiping/21320_12.txt, time: 4.700000
/bbs/Gossiping/M.1495802189.A.7FC.html download to ptt/Gossiping/21320_13.txt, time: 4.510000
/bbs/Gossiping/M.1495802209.A.F56.html download to ptt/Gossiping/21320_14.txt, time: 3.740000
/bbs/Gossiping/M.1495802211.A.F40.html download to ptt/Gossiping/21320_15.txt, time: 5.440000
/bbs/Gossiping/M.1495802248.A.875.html download to ptt/Gossiping/21320_16.txt, time: 5.000000
/bbs/Gossiping/M.1495802283.A.86D.html download to ptt/Gossiping/21320_17.txt, time: 4.880000
/bbs/Gossiping/M.1495802325.A.63D.html download to ptt/Gossiping/21320_18.txt, time: 2.710000
/bbs/Gossiping/M.1495802327.A.59A.html download to ptt/Gossiping/21320_19.txt, time: 4.310000
page 21319
/bbs/Gossiping/M.1495801397.A.A77.html download to ptt/Gossiping/21319_0.txt, time: 3.970000
/bbs/Gossiping/M.1495801479.A.190.html download to ptt/Gossiping/21319_1.txt, time: 3.510000
/bbs/Gossiping/M.1495801492.A.76C.html download to ptt/Gossiping/21319_2.txt, time: 7.230000
/bbs/Gossiping/M.1495801510.A.69A.html download to ptt/Gossiping/21319_3.txt, time: 4.710000
/bbs/Gossiping/M.1495801562.A.AAE.html download to ptt/Gossiping/21319_4.txt, time: 4.520000
/bbs/Gossiping/M.1495801570.A.CF5.html download to ptt/Gossiping/21319_5.txt, time: 3.790000
/bbs/Gossiping/M.1495801611.A.C05.html download to ptt/Gossiping/21319_6.txt, time: 4.370000
/bbs/Gossiping/M.1495801621.A.E12.html download to ptt/Gossiping/21319_7.txt, time: 5.400000
/bbs/Gossiping/M.1495801624.A.24D.html download to ptt/Gossiping/21319_8.txt, time: 5.070000
/bbs/Gossiping/M.1495801651.A.1D8.html download to ptt/Gossiping/21319_9.txt, time: 5.570000
/bbs/Gossiping/M.1495801694.A.AAB.html download to ptt/Gossiping/21319_10.txt, time: 3.980000
/bbs/Gossiping/M.1495801704.A.EED.html download to ptt/Gossiping/21319_11.txt, time: 5.060000
/bbs/Gossiping/M.1495801733.A.B59.html download to ptt/Gossiping/21319_12.txt, time: 4.060000
/bbs/Gossiping/M.1495801750.A.A40.html download to ptt/Gossiping/21319_13.txt, time: 5.160000
/bbs/Gossiping/M.1495801755.A.E62.html download to ptt/Gossiping/21319_14.txt, time: 10.650000
/bbs/Gossiping/M.1495801762.A.B99.html download to ptt/Gossiping/21319_15.txt, time: 4.190000
/bbs/Gossiping/M.1495801770.A.A87.html download to ptt/Gossiping/21319_16.txt, time: 3.530000
/bbs/Gossiping/M.1495801782.A.C78.html download to ptt/Gossiping/21319_17.txt, time: 4.210000
/bbs/Gossiping/M.1495801868.A.65A.html download to ptt/Gossiping/21319_18.txt, time: 5.830000
/bbs/Gossiping/M.1495801873.A.8B5.html download to ptt/Gossiping/21319_19.txt, time: 4.220000
page 21318
/bbs/Gossiping/M.1495800863.A.9FB.html download to ptt/Gossiping/21318_0.txt, time: 3.980000
/bbs/Gossiping/M.1495800873.A.30F.html download to ptt/Gossiping/21318_1.txt, time: 9.400000
/bbs/Gossiping/M.1495800933.A.398.html download to ptt/Gossiping/21318_2.txt, time: 3.820000
/bbs/Gossiping/M.1495800938.A.B29.html download to ptt/Gossiping/21318_3.txt, time: 4.120000
/bbs/Gossiping/M.1495800952.A.E26.html download to ptt/Gossiping/21318_4.txt, time: 9.380000
/bbs/Gossiping/M.1495800975.A.C00.html download to ptt/Gossiping/21318_5.txt, time: 8.310000
/bbs/Gossiping/M.1495800976.A.507.html download to ptt/Gossiping/21318_6.txt, time: 6.290000
/bbs/Gossiping/M.1495801004.A.5A3.html download to ptt/Gossiping/21318_7.txt, time: 5.240000
/bbs/Gossiping/M.1495801020.A.9A5.html download to ptt/Gossiping/21318_8.txt, time: 4.710000
empty download to ptt/Gossiping/21318_9.txt, time: 0.000000
/bbs/Gossiping/M.1495801076.A.B4B.html download to ptt/Gossiping/21318_10.txt, time: 10.030000
/bbs/Gossiping/M.1495801077.A.B6A.html download to ptt/Gossiping/21318_11.txt, time: 5.300000
/bbs/Gossiping/M.1495801095.A.0E1.html download to ptt/Gossiping/21318_12.txt, time: 3.970000
/bbs/Gossiping/M.1495801118.A.4A4.html download to ptt/Gossiping/21318_13.txt, time: 5.440000
/bbs/Gossiping/M.1495801137.A.D45.html download to ptt/Gossiping/21318_14.txt, time: 5.150000
/bbs/Gossiping/M.1495801200.A.4F5.html download to ptt/Gossiping/21318_15.txt, time: 3.110000
/bbs/Gossiping/M.1495801219.A.3CC.html download to ptt/Gossiping/21318_16.txt, time: 3.750000
/bbs/Gossiping/M.1495801275.A.029.html download to ptt/Gossiping/21318_17.txt, time: 3.110000
/bbs/Gossiping/M.1495801342.A.A19.html download to ptt/Gossiping/21318_18.txt, time: 4.580000
/bbs/Gossiping/M.1495801346.A.038.html download to ptt/Gossiping/21318_19.txt, time: 3.960000
page 21317
/bbs/Gossiping/M.1495800270.A.102.html download to ptt/Gossiping/21317_0.txt, time: 4.710000
/bbs/Gossiping/M.1495800294.A.F00.html download to ptt/Gossiping/21317_1.txt, time: 3.610000
/bbs/Gossiping/M.1495800331.A.BBE.html download to ptt/Gossiping/21317_2.txt, time: 3.330000
/bbs/Gossiping/M.1495800334.A.0C7.html download to ptt/Gossiping/21317_3.txt, time: 2.460000
/bbs/Gossiping/M.1495800340.A.44B.html download to ptt/Gossiping/21317_4.txt, time: 4.010000
/bbs/Gossiping/M.1495800370.A.215.html download to ptt/Gossiping/21317_5.txt, time: 2.990000
/bbs/Gossiping/M.1495800392.A.8FA.html download to ptt/Gossiping/21317_6.txt, time: 4.770000
/bbs/Gossiping/M.1495800405.A.0E2.html download to ptt/Gossiping/21317_7.txt, time: 4.050000
/bbs/Gossiping/M.1495800467.A.AD3.html download to ptt/Gossiping/21317_8.txt, time: 3.020000
/bbs/Gossiping/M.1495800581.A.EEC.html download to ptt/Gossiping/21317_9.txt, time: 3.820000
/bbs/Gossiping/M.1495800594.A.18E.html download to ptt/Gossiping/21317_10.txt, time: 4.890000
/bbs/Gossiping/M.1495800613.A.209.html download to ptt/Gossiping/21317_11.txt, time: 2.550000
/bbs/Gossiping/M.1495800618.A.E86.html download to ptt/Gossiping/21317_12.txt, time: 3.010000
/bbs/Gossiping/M.1495800651.A.51B.html download to ptt/Gossiping/21317_13.txt, time: 3.550000
/bbs/Gossiping/M.1495800702.A.051.html download to ptt/Gossiping/21317_14.txt, time: 3.400000
/bbs/Gossiping/M.1495800702.A.C64.html download to ptt/Gossiping/21317_15.txt, time: 4.570000
/bbs/Gossiping/M.1495800738.A.B4A.html download to ptt/Gossiping/21317_16.txt, time: 5.590000
/bbs/Gossiping/M.1495800801.A.727.html download to ptt/Gossiping/21317_17.txt, time: 4.220000
/bbs/Gossiping/M.1495800827.A.E06.html download to ptt/Gossiping/21317_18.txt, time: 3.150000
/bbs/Gossiping/M.1495800844.A.B0A.html download to ptt/Gossiping/21317_19.txt, time: 3.290000
page 21316
/bbs/Gossiping/M.1495799733.A.D29.html download to ptt/Gossiping/21316_0.txt, time: 4.590000
/bbs/Gossiping/M.1495799752.A.C02.html download to ptt/Gossiping/21316_1.txt, time: 4.790000
/bbs/Gossiping/M.1495799818.A.FAF.html download to ptt/Gossiping/21316_2.txt, time: 3.000000
/bbs/Gossiping/M.1495799822.A.6B8.html download to ptt/Gossiping/21316_3.txt, time: 3.630000
/bbs/Gossiping/M.1495799882.A.48C.html download to ptt/Gossiping/21316_4.txt, time: 2.930000
/bbs/Gossiping/M.1495799913.A.C10.html download to ptt/Gossiping/21316_5.txt, time: 2.940000
/bbs/Gossiping/M.1495799947.A.788.html download to ptt/Gossiping/21316_6.txt, time: 3.490000
/bbs/Gossiping/M.1495799963.A.32E.html download to ptt/Gossiping/21316_7.txt, time: 3.790000
/bbs/Gossiping/M.1495799971.A.952.html download to ptt/Gossiping/21316_8.txt, time: 4.870000
/bbs/Gossiping/M.1495799991.A.861.html download to ptt/Gossiping/21316_9.txt, time: 3.680000
/bbs/Gossiping/M.1495799993.A.354.html download to ptt/Gossiping/21316_10.txt, time: 4.710000
/bbs/Gossiping/M.1495800039.A.339.html download to ptt/Gossiping/21316_11.txt, time: 4.210000
/bbs/Gossiping/M.1495800084.A.D1D.html download to ptt/Gossiping/21316_12.txt, time: 2.350000
/bbs/Gossiping/M.1495800124.A.A96.html download to ptt/Gossiping/21316_13.txt, time: 2.730000
/bbs/Gossiping/M.1495800137.A.637.html download to ptt/Gossiping/21316_14.txt, time: 3.210000
/bbs/Gossiping/M.1495800199.A.48D.html download to ptt/Gossiping/21316_15.txt, time: 3.480000
/bbs/Gossiping/M.1495800228.A.CAE.html download to ptt/Gossiping/21316_16.txt, time: 3.950000
/bbs/Gossiping/M.1495800249.A.A88.html download to ptt/Gossiping/21316_17.txt, time: 2.870000
/bbs/Gossiping/M.1495800258.A.695.html download to ptt/Gossiping/21316_18.txt, time: 5.150000
/bbs/Gossiping/M.1495800267.A.751.html download to ptt/Gossiping/21316_19.txt, time: 5.150000
time: 524.9823000431061 seconds
