page 21330
/bbs/Gossiping/M.1495807528.A.F0F.html download to ptt/Gossiping/21330_0.txt, time: 6.230000
/bbs/Gossiping/M.1495807530.A.58B.html download to ptt/Gossiping/21330_1.txt, time: 8.730000
/bbs/Gossiping/M.1495807603.A.2A1.html download to ptt/Gossiping/21330_2.txt, time: 3.580000
/bbs/Gossiping/M.1495807621.A.382.html download to ptt/Gossiping/21330_3.txt, time: 3.010000
/bbs/Gossiping/M.1495807628.A.FE6.html download to ptt/Gossiping/21330_4.txt, time: 4.190000
/bbs/Gossiping/M.1495807651.A.9A0.html download to ptt/Gossiping/21330_5.txt, time: 3.830000
/bbs/Gossiping/M.1495807690.A.837.html download to ptt/Gossiping/21330_6.txt, time: 4.690000
/bbs/Gossiping/M.1495807692.A.C73.html download to ptt/Gossiping/21330_7.txt, time: 6.750000
/bbs/Gossiping/M.1495807696.A.FA5.html download to ptt/Gossiping/21330_8.txt, time: 7.610000
/bbs/Gossiping/M.1495807727.A.377.html download to ptt/Gossiping/21330_9.txt, time: 4.300000
/bbs/Gossiping/M.1495807742.A.408.html download to ptt/Gossiping/21330_10.txt, time: 4.310000
/bbs/Gossiping/M.1495807763.A.BF3.html download to ptt/Gossiping/21330_11.txt, time: 5.620000
/bbs/Gossiping/M.1495807799.A.6E5.html download to ptt/Gossiping/21330_12.txt, time: 5.380000
/bbs/Gossiping/M.1495807806.A.898.html download to ptt/Gossiping/21330_13.txt, time: 3.580000
/bbs/Gossiping/M.1495807829.A.999.html download to ptt/Gossiping/21330_14.txt, time: 3.670000
/bbs/Gossiping/M.1495807870.A.FAE.html download to ptt/Gossiping/21330_15.txt, time: 5.410000
/bbs/Gossiping/M.1495807903.A.264.html download to ptt/Gossiping/21330_16.txt, time: 4.520000
/bbs/Gossiping/M.1495807941.A.E49.html download to ptt/Gossiping/21330_17.txt, time: 5.900000
/bbs/Gossiping/M.1495807956.A.7D8.html download to ptt/Gossiping/21330_18.txt, time: 3.290000
/bbs/Gossiping/M.1495807977.A.AB4.html download to ptt/Gossiping/21330_19.txt, time: 4.960000
page 21329
/bbs/Gossiping/M.1495806989.A.271.html download to ptt/Gossiping/21329_0.txt, time: 5.340000
/bbs/Gossiping/M.1495807048.A.06B.html download to ptt/Gossiping/21329_1.txt, time: 6.050000
/bbs/Gossiping/M.1495807066.A.B0E.html download to ptt/Gossiping/21329_2.txt, time: 5.210000
/bbs/Gossiping/M.1495807087.A.732.html download to ptt/Gossiping/21329_3.txt, time: 4.030000
/bbs/Gossiping/M.1495807171.A.E83.html download to ptt/Gossiping/21329_4.txt, time: 3.740000
/bbs/Gossiping/M.1495807193.A.272.html download to ptt/Gossiping/21329_5.txt, time: 4.880000
/bbs/Gossiping/M.1495807233.A.641.html download to ptt/Gossiping/21329_6.txt, time: 5.620000
/bbs/Gossiping/M.1495807246.A.5D1.html download to ptt/Gossiping/21329_7.txt, time: 4.030000
/bbs/Gossiping/M.1495807291.A.A1A.html download to ptt/Gossiping/21329_8.txt, time: 5.580000
/bbs/Gossiping/M.1495807307.A.88B.html download to ptt/Gossiping/21329_9.txt, time: 6.330000
/bbs/Gossiping/M.1495807343.A.C52.html download to ptt/Gossiping/21329_10.txt, time: 6.060000
/bbs/Gossiping/M.1495807350.A.E44.html download to ptt/Gossiping/21329_11.txt, time: 4.870000
/bbs/Gossiping/M.1495807359.A.73E.html download to ptt/Gossiping/21329_12.txt, time: 4.900000
/bbs/Gossiping/M.1495807363.A.7DB.html download to ptt/Gossiping/21329_13.txt, time: 4.490000
/bbs/Gossiping/M.1495807382.A.6BD.html download to ptt/Gossiping/21329_14.txt, time: 4.760000
/bbs/Gossiping/M.1495807436.A.6AB.html download to ptt/Gossiping/21329_15.txt, time: 4.140000
/bbs/Gossiping/M.1495807467.A.539.html download to ptt/Gossiping/21329_16.txt, time: 4.180000
/bbs/Gossiping/M.1495807468.A.79A.html download to ptt/Gossiping/21329_17.txt, time: 5.120000
/bbs/Gossiping/M.1495807496.A.06F.html download to ptt/Gossiping/21329_18.txt, time: 15.660000
/bbs/Gossiping/M.1495807504.A.302.html download to ptt/Gossiping/21329_19.txt, time: 4.460000
page 21328
/bbs/Gossiping/M.1495806519.A.AEF.html download to ptt/Gossiping/21328_0.txt, time: 4.200000
/bbs/Gossiping/M.1495806535.A.C5F.html download to ptt/Gossiping/21328_1.txt, time: 6.690000
/bbs/Gossiping/M.1495806576.A.228.html download to ptt/Gossiping/21328_2.txt, time: 7.020000
/bbs/Gossiping/M.1495806584.A.E4A.html download to ptt/Gossiping/21328_3.txt, time: 10.840000
/bbs/Gossiping/M.1495806603.A.AB4.html download to ptt/Gossiping/21328_4.txt, time: 4.540000
/bbs/Gossiping/M.1495806640.A.2D1.html download to ptt/Gossiping/21328_5.txt, time: 4.830000
/bbs/Gossiping/M.1495806686.A.68D.html download to ptt/Gossiping/21328_6.txt, time: 4.820000
/bbs/Gossiping/M.1495806729.A.90F.html download to ptt/Gossiping/21328_7.txt, time: 6.090000
/bbs/Gossiping/M.1495806735.A.8F3.html download to ptt/Gossiping/21328_8.txt, time: 9.060000
/bbs/Gossiping/M.1495806741.A.732.html download to ptt/Gossiping/21328_9.txt, time: 4.550000
/bbs/Gossiping/M.1495806768.A.EC2.html download to ptt/Gossiping/21328_10.txt, time: 4.260000
/bbs/Gossiping/M.1495806796.A.FB0.html download to ptt/Gossiping/21328_11.txt, time: 3.800000
/bbs/Gossiping/M.1495806841.A.7CA.html download to ptt/Gossiping/21328_12.txt, time: 5.600000
/bbs/Gossiping/M.1495806848.A.FB0.html download to ptt/Gossiping/21328_13.txt, time: 3.160000
/bbs/Gossiping/M.1495806849.A.DEF.html download to ptt/Gossiping/21328_14.txt, time: 4.910000
/bbs/Gossiping/M.1495806850.A.507.html download to ptt/Gossiping/21328_15.txt, time: 4.180000
/bbs/Gossiping/M.1495806855.A.740.html download to ptt/Gossiping/21328_16.txt, time: 3.400000
/bbs/Gossiping/M.1495806913.A.725.html download to ptt/Gossiping/21328_17.txt, time: 3.590000
/bbs/Gossiping/M.1495806917.A.516.html download to ptt/Gossiping/21328_18.txt, time: 4.510000
/bbs/Gossiping/M.1495806931.A.8D0.html download to ptt/Gossiping/21328_19.txt, time: 4.940000
page 21327
/bbs/Gossiping/M.1495806084.A.24B.html download to ptt/Gossiping/21327_0.txt, time: 2.730000
/bbs/Gossiping/M.1495806092.A.371.html download to ptt/Gossiping/21327_1.txt, time: 4.170000
/bbs/Gossiping/M.1495806177.A.4A9.html download to ptt/Gossiping/21327_2.txt, time: 4.650000
/bbs/Gossiping/M.1495806195.A.D48.html download to ptt/Gossiping/21327_3.txt, time: 5.310000
/bbs/Gossiping/M.1495806213.A.A3B.html download to ptt/Gossiping/21327_4.txt, time: 4.900000
/bbs/Gossiping/M.1495806221.A.0A5.html download to ptt/Gossiping/21327_5.txt, time: 4.810000
/bbs/Gossiping/M.1495806241.A.6C2.html download to ptt/Gossiping/21327_6.txt, time: 4.490000
/bbs/Gossiping/M.1495806273.A.F07.html download to ptt/Gossiping/21327_7.txt, time: 3.490000
/bbs/Gossiping/M.1495806275.A.AB2.html download to ptt/Gossiping/21327_8.txt, time: 4.480000
/bbs/Gossiping/M.1495806340.A.AA7.html download to ptt/Gossiping/21327_9.txt, time: 4.380000
/bbs/Gossiping/M.1495806361.A.2B5.html download to ptt/Gossiping/21327_10.txt, time: 4.380000
/bbs/Gossiping/M.1495806368.A.06E.html download to ptt/Gossiping/21327_11.txt, time: 3.840000
/bbs/Gossiping/M.1495806392.A.C08.html download to ptt/Gossiping/21327_12.txt, time: 5.930000
/bbs/Gossiping/M.1495806392.A.2D2.html download to ptt/Gossiping/21327_13.txt, time: 6.310000
/bbs/Gossiping/M.1495806393.A.F74.html download to ptt/Gossiping/21327_14.txt, time: 6.390000
/bbs/Gossiping/M.1495806415.A.C30.html download to ptt/Gossiping/21327_15.txt, time: 5.420000
/bbs/Gossiping/M.1495806421.A.463.html download to ptt/Gossiping/21327_16.txt, time: 3.690000
/bbs/Gossiping/M.1495806447.A.6F9.html download to ptt/Gossiping/21327_17.txt, time: 4.630000
/bbs/Gossiping/M.1495806491.A.C38.html download to ptt/Gossiping/21327_18.txt, time: 5.090000
/bbs/Gossiping/M.1495806509.A.DF7.html download to ptt/Gossiping/21327_19.txt, time: 2.960000
page 21326
/bbs/Gossiping/M.1495805442.A.B67.html download to ptt/Gossiping/21326_0.txt, time: 4.200000
/bbs/Gossiping/M.1495805448.A.30E.html download to ptt/Gossiping/21326_1.txt, time: 4.510000
/bbs/Gossiping/M.1495805456.A.5AB.html download to ptt/Gossiping/21326_2.txt, time: 3.360000
/bbs/Gossiping/M.1495805520.A.EAA.html download to ptt/Gossiping/21326_3.txt, time: 3.600000
/bbs/Gossiping/M.1495805526.A.D72.html download to ptt/Gossiping/21326_4.txt, time: 3.540000
/bbs/Gossiping/M.1495805570.A.5E0.html download to ptt/Gossiping/21326_5.txt, time: 5.140000
/bbs/Gossiping/M.1495805582.A.DE5.html download to ptt/Gossiping/21326_6.txt, time: 3.050000
/bbs/Gossiping/M.1495805674.A.695.html download to ptt/Gossiping/21326_7.txt, time: 2.880000
/bbs/Gossiping/M.1495805683.A.632.html download to ptt/Gossiping/21326_8.txt, time: 2.260000
/bbs/Gossiping/M.1495805699.A.A10.html download to ptt/Gossiping/21326_9.txt, time: 4.510000
/bbs/Gossiping/M.1495805765.A.7A2.html download to ptt/Gossiping/21326_10.txt, time: 3.170000
/bbs/Gossiping/M.1495805800.A.B1E.html download to ptt/Gossiping/21326_11.txt, time: 3.470000
/bbs/Gossiping/M.1495805885.A.28D.html download to ptt/Gossiping/21326_12.txt, time: 3.800000
/bbs/Gossiping/M.1495805891.A.BCB.html download to ptt/Gossiping/21326_13.txt, time: 5.630000
/bbs/Gossiping/M.1495805918.A.4C3.html download to ptt/Gossiping/21326_14.txt, time: 2.300000
/bbs/Gossiping/M.1495805946.A.409.html download to ptt/Gossiping/21326_15.txt, time: 1.750000
/bbs/Gossiping/M.1495805951.A.7C3.html download to ptt/Gossiping/21326_16.txt, time: 8.060000
/bbs/Gossiping/M.1495805973.A.073.html download to ptt/Gossiping/21326_17.txt, time: 2.830000
/bbs/Gossiping/M.1495806000.A.133.html download to ptt/Gossiping/21326_18.txt, time: 1.300000
/bbs/Gossiping/M.1495806051.A.2F0.html download to ptt/Gossiping/21326_19.txt, time: 1.200000
time: 542.5532011985779 seconds
