page 21340
/bbs/Gossiping/M.1495811779.A.F4A.html download to ptt/Gossiping/21340_0.txt, time: 6.660000
/bbs/Gossiping/M.1495811817.A.CA2.html download to ptt/Gossiping/21340_1.txt, time: 7.180000
/bbs/Gossiping/M.1495811818.A.85E.html download to ptt/Gossiping/21340_2.txt, time: 8.770000
/bbs/Gossiping/M.1495811831.A.A31.html download to ptt/Gossiping/21340_3.txt, time: 4.880000
/bbs/Gossiping/M.1495811849.A.FED.html download to ptt/Gossiping/21340_4.txt, time: 6.470000
/bbs/Gossiping/M.1495811876.A.CB2.html download to ptt/Gossiping/21340_5.txt, time: 4.710000
/bbs/Gossiping/M.1495811879.A.BBF.html download to ptt/Gossiping/21340_6.txt, time: 3.460000
/bbs/Gossiping/M.1495812015.A.012.html download to ptt/Gossiping/21340_7.txt, time: 6.040000
/bbs/Gossiping/M.1495812022.A.1DC.html download to ptt/Gossiping/21340_8.txt, time: 7.420000
/bbs/Gossiping/M.1495812025.A.8B0.html download to ptt/Gossiping/21340_9.txt, time: 5.170000
/bbs/Gossiping/M.1495812031.A.E00.html download to ptt/Gossiping/21340_10.txt, time: 6.690000
/bbs/Gossiping/M.1495812043.A.991.html download to ptt/Gossiping/21340_11.txt, time: 4.460000
/bbs/Gossiping/M.1495812119.A.D60.html download to ptt/Gossiping/21340_12.txt, time: 3.830000
/bbs/Gossiping/M.1495812179.A.571.html download to ptt/Gossiping/21340_13.txt, time: 6.020000
/bbs/Gossiping/M.1495812181.A.2C9.html download to ptt/Gossiping/21340_14.txt, time: 5.150000
/bbs/Gossiping/M.1495812186.A.913.html download to ptt/Gossiping/21340_15.txt, time: 5.550000
/bbs/Gossiping/M.1495812214.A.8DF.html download to ptt/Gossiping/21340_16.txt, time: 4.440000
/bbs/Gossiping/M.1495812231.A.D9E.html download to ptt/Gossiping/21340_17.txt, time: 3.610000
/bbs/Gossiping/M.1495812263.A.CAA.html download to ptt/Gossiping/21340_18.txt, time: 3.950000
empty download to ptt/Gossiping/21340_19.txt, time: 0.000000
page 21339
/bbs/Gossiping/M.1495811373.A.8BA.html download to ptt/Gossiping/21339_0.txt, time: 6.210000
/bbs/Gossiping/M.1495811404.A.6CB.html download to ptt/Gossiping/21339_1.txt, time: 3.810000
/bbs/Gossiping/M.1495811410.A.BB6.html download to ptt/Gossiping/21339_2.txt, time: 5.540000
/bbs/Gossiping/M.1495811449.A.E46.html download to ptt/Gossiping/21339_3.txt, time: 6.310000
/bbs/Gossiping/M.1495811476.A.7B5.html download to ptt/Gossiping/21339_4.txt, time: 5.030000
/bbs/Gossiping/M.1495811501.A.4DE.html download to ptt/Gossiping/21339_5.txt, time: 4.210000
/bbs/Gossiping/M.1495811503.A.6FA.html download to ptt/Gossiping/21339_6.txt, time: 7.020000
/bbs/Gossiping/M.1495811536.A.EC6.html download to ptt/Gossiping/21339_7.txt, time: 4.740000
/bbs/Gossiping/M.1495811543.A.7A5.html download to ptt/Gossiping/21339_8.txt, time: 4.650000
/bbs/Gossiping/M.1495811544.A.FD4.html download to ptt/Gossiping/21339_9.txt, time: 4.950000
empty download to ptt/Gossiping/21339_10.txt, time: 0.000000
/bbs/Gossiping/M.1495811590.A.793.html download to ptt/Gossiping/21339_11.txt, time: 5.560000
/bbs/Gossiping/M.1495811667.A.DFD.html download to ptt/Gossiping/21339_12.txt, time: 4.550000
/bbs/Gossiping/M.1495811686.A.A8E.html download to ptt/Gossiping/21339_13.txt, time: 4.520000
/bbs/Gossiping/M.1495811687.A.4F1.html download to ptt/Gossiping/21339_14.txt, time: 5.240000
/bbs/Gossiping/M.1495811689.A.33D.html download to ptt/Gossiping/21339_15.txt, time: 5.510000
/bbs/Gossiping/M.1495811710.A.F92.html download to ptt/Gossiping/21339_16.txt, time: 18.640000
/bbs/Gossiping/M.1495811714.A.6DC.html download to ptt/Gossiping/21339_17.txt, time: 4.190000
/bbs/Gossiping/M.1495811732.A.E77.html download to ptt/Gossiping/21339_18.txt, time: 5.700000
/bbs/Gossiping/M.1495811748.A.808.html download to ptt/Gossiping/21339_19.txt, time: 4.730000
page 21338
/bbs/Gossiping/M.1495811097.A.D2E.html download to ptt/Gossiping/21338_0.txt, time: 4.220000
/bbs/Gossiping/M.1495811105.A.A9C.html download to ptt/Gossiping/21338_1.txt, time: 4.370000
/bbs/Gossiping/M.1495811107.A.AE0.html download to ptt/Gossiping/21338_2.txt, time: 4.290000
/bbs/Gossiping/M.1495811134.A.02B.html download to ptt/Gossiping/21338_3.txt, time: 5.900000
/bbs/Gossiping/M.1495811141.A.2B0.html download to ptt/Gossiping/21338_4.txt, time: 9.740000
/bbs/Gossiping/M.1495811141.A.537.html download to ptt/Gossiping/21338_5.txt, time: 6.120000
/bbs/Gossiping/M.1495811168.A.7AB.html download to ptt/Gossiping/21338_6.txt, time: 5.440000
/bbs/Gossiping/M.1495811178.A.76D.html download to ptt/Gossiping/21338_7.txt, time: 5.110000
/bbs/Gossiping/M.1495811205.A.0A2.html download to ptt/Gossiping/21338_8.txt, time: 5.040000
/bbs/Gossiping/M.1495811224.A.322.html download to ptt/Gossiping/21338_9.txt, time: 3.950000
/bbs/Gossiping/M.1495811227.A.D82.html download to ptt/Gossiping/21338_10.txt, time: 6.930000
/bbs/Gossiping/M.1495811252.A.D9E.html download to ptt/Gossiping/21338_11.txt, time: 3.990000
/bbs/Gossiping/M.1495811255.A.9D3.html download to ptt/Gossiping/21338_12.txt, time: 12.390000
/bbs/Gossiping/M.1495811267.A.D70.html download to ptt/Gossiping/21338_13.txt, time: 5.020000
/bbs/Gossiping/M.1495811278.A.41B.html download to ptt/Gossiping/21338_14.txt, time: 3.420000
/bbs/Gossiping/M.1495811291.A.2EA.html download to ptt/Gossiping/21338_15.txt, time: 4.800000
/bbs/Gossiping/M.1495811295.A.B36.html download to ptt/Gossiping/21338_16.txt, time: 3.760000
/bbs/Gossiping/M.1495811296.A.49E.html download to ptt/Gossiping/21338_17.txt, time: 4.670000
/bbs/Gossiping/M.1495811302.A.4B8.html download to ptt/Gossiping/21338_18.txt, time: 3.880000
/bbs/Gossiping/M.1495811343.A.8FA.html download to ptt/Gossiping/21338_19.txt, time: 2.890000
page 21337
/bbs/Gossiping/M.1495810558.A.81B.html download to ptt/Gossiping/21337_0.txt, time: 4.330000
/bbs/Gossiping/M.1495810599.A.4B4.html download to ptt/Gossiping/21337_1.txt, time: 2.870000
/bbs/Gossiping/M.1495810604.A.17E.html download to ptt/Gossiping/21337_2.txt, time: 3.240000
/bbs/Gossiping/M.1495810620.A.3A3.html download to ptt/Gossiping/21337_3.txt, time: 4.530000
/bbs/Gossiping/M.1495810630.A.9D3.html download to ptt/Gossiping/21337_4.txt, time: 4.700000
/bbs/Gossiping/M.1495810675.A.E66.html download to ptt/Gossiping/21337_5.txt, time: 3.840000
/bbs/Gossiping/M.1495810740.A.766.html download to ptt/Gossiping/21337_6.txt, time: 5.010000
/bbs/Gossiping/M.1495810775.A.261.html download to ptt/Gossiping/21337_7.txt, time: 3.350000
/bbs/Gossiping/M.1495810856.A.722.html download to ptt/Gossiping/21337_8.txt, time: 4.310000
/bbs/Gossiping/M.1495810876.A.2F3.html download to ptt/Gossiping/21337_9.txt, time: 2.810000
/bbs/Gossiping/M.1495810897.A.7DB.html download to ptt/Gossiping/21337_10.txt, time: 4.370000
/bbs/Gossiping/M.1495810910.A.2EA.html download to ptt/Gossiping/21337_11.txt, time: 4.700000
/bbs/Gossiping/M.1495810916.A.921.html download to ptt/Gossiping/21337_12.txt, time: 3.180000
/bbs/Gossiping/M.1495810964.A.344.html download to ptt/Gossiping/21337_13.txt, time: 6.170000
/bbs/Gossiping/M.1495810973.A.3A4.html download to ptt/Gossiping/21337_14.txt, time: 6.570000
/bbs/Gossiping/M.1495811005.A.1CD.html download to ptt/Gossiping/21337_15.txt, time: 5.370000
/bbs/Gossiping/M.1495811035.A.A72.html download to ptt/Gossiping/21337_16.txt, time: 3.990000
/bbs/Gossiping/M.1495811056.A.15E.html download to ptt/Gossiping/21337_17.txt, time: 3.540000
/bbs/Gossiping/M.1495811079.A.11D.html download to ptt/Gossiping/21337_18.txt, time: 5.340000
/bbs/Gossiping/M.1495811095.A.186.html download to ptt/Gossiping/21337_19.txt, time: 3.640000
page 21336
/bbs/Gossiping/M.1495810030.A.FFA.html download to ptt/Gossiping/21336_0.txt, time: 5.240000
/bbs/Gossiping/M.1495810038.A.D72.html download to ptt/Gossiping/21336_1.txt, time: 5.160000
/bbs/Gossiping/M.1495810046.A.583.html download to ptt/Gossiping/21336_2.txt, time: 3.730000
/bbs/Gossiping/M.1495810055.A.623.html download to ptt/Gossiping/21336_3.txt, time: 3.470000
/bbs/Gossiping/M.1495810152.A.2AF.html download to ptt/Gossiping/21336_4.txt, time: 3.540000
/bbs/Gossiping/M.1495810187.A.CA9.html download to ptt/Gossiping/21336_5.txt, time: 4.960000
/bbs/Gossiping/M.1495810194.A.693.html download to ptt/Gossiping/21336_6.txt, time: 4.680000
/bbs/Gossiping/M.1495810265.A.A28.html download to ptt/Gossiping/21336_7.txt, time: 3.570000
/bbs/Gossiping/M.1495810268.A.BEF.html download to ptt/Gossiping/21336_8.txt, time: 3.060000
/bbs/Gossiping/M.1495810338.A.3A9.html download to ptt/Gossiping/21336_9.txt, time: 3.480000
/bbs/Gossiping/M.1495810339.A.8B9.html download to ptt/Gossiping/21336_10.txt, time: 4.080000
/bbs/Gossiping/M.1495810368.A.0FD.html download to ptt/Gossiping/21336_11.txt, time: 3.780000
/bbs/Gossiping/M.1495810403.A.57E.html download to ptt/Gossiping/21336_12.txt, time: 3.620000
/bbs/Gossiping/M.1495810412.A.732.html download to ptt/Gossiping/21336_13.txt, time: 2.660000
/bbs/Gossiping/M.1495810447.A.3E3.html download to ptt/Gossiping/21336_14.txt, time: 2.270000
/bbs/Gossiping/M.1495810454.A.3DC.html download to ptt/Gossiping/21336_15.txt, time: 4.570000
/bbs/Gossiping/M.1495810460.A.79F.html download to ptt/Gossiping/21336_16.txt, time: 5.080000
/bbs/Gossiping/M.1495810474.A.EC0.html download to ptt/Gossiping/21336_17.txt, time: 2.270000
/bbs/Gossiping/M.1495810515.A.466.html download to ptt/Gossiping/21336_18.txt, time: 2.390000
/bbs/Gossiping/M.1495810516.A.549.html download to ptt/Gossiping/21336_19.txt, time: 4.480000
time: 546.0005559921265 seconds
