page 21350
/bbs/Gossiping/M.1495816567.A.C19.html download to ptt/Gossiping/21350_0.txt, time: 6.330000
/bbs/Gossiping/M.1495816595.A.246.html download to ptt/Gossiping/21350_1.txt, time: 6.220000
/bbs/Gossiping/M.1495816602.A.41A.html download to ptt/Gossiping/21350_2.txt, time: 5.130000
/bbs/Gossiping/M.1495816633.A.7DB.html download to ptt/Gossiping/21350_3.txt, time: 6.490000
/bbs/Gossiping/M.1495816634.A.BA8.html download to ptt/Gossiping/21350_4.txt, time: 8.720000
/bbs/Gossiping/M.1495816642.A.0AA.html download to ptt/Gossiping/21350_5.txt, time: 5.450000
/bbs/Gossiping/M.1495816694.A.035.html download to ptt/Gossiping/21350_6.txt, time: 3.820000
/bbs/Gossiping/M.1495816752.A.03B.html download to ptt/Gossiping/21350_7.txt, time: 5.000000
/bbs/Gossiping/M.1495816771.A.8DF.html download to ptt/Gossiping/21350_8.txt, time: 3.890000
/bbs/Gossiping/M.1495816787.A.ACB.html download to ptt/Gossiping/21350_9.txt, time: 4.600000
/bbs/Gossiping/M.1495816805.A.8A0.html download to ptt/Gossiping/21350_10.txt, time: 5.650000
/bbs/Gossiping/M.1495816811.A.474.html download to ptt/Gossiping/21350_11.txt, time: 6.730000
/bbs/Gossiping/M.1495816836.A.46B.html download to ptt/Gossiping/21350_12.txt, time: 4.320000
/bbs/Gossiping/M.1495816843.A.723.html download to ptt/Gossiping/21350_13.txt, time: 4.420000
/bbs/Gossiping/M.1495816857.A.28D.html download to ptt/Gossiping/21350_14.txt, time: 4.860000
/bbs/Gossiping/M.1495816878.A.1AA.html download to ptt/Gossiping/21350_15.txt, time: 4.890000
/bbs/Gossiping/M.1495816933.A.388.html download to ptt/Gossiping/21350_16.txt, time: 8.300000
/bbs/Gossiping/M.1495816943.A.959.html download to ptt/Gossiping/21350_17.txt, time: 2.840000
/bbs/Gossiping/M.1495816967.A.CC4.html download to ptt/Gossiping/21350_18.txt, time: 5.110000
/bbs/Gossiping/M.1495816999.A.ED6.html download to ptt/Gossiping/21350_19.txt, time: 5.180000
page 21349
/bbs/Gossiping/M.1495816301.A.109.html download to ptt/Gossiping/21349_0.txt, time: 6.740000
/bbs/Gossiping/M.1495816301.A.979.html download to ptt/Gossiping/21349_1.txt, time: 5.290000
/bbs/Gossiping/M.1495816314.A.C01.html download to ptt/Gossiping/21349_2.txt, time: 6.280000
/bbs/Gossiping/M.1495816330.A.DD0.html download to ptt/Gossiping/21349_3.txt, time: 5.620000
/bbs/Gossiping/M.1495816338.A.DA6.html download to ptt/Gossiping/21349_4.txt, time: 3.560000
/bbs/Gossiping/M.1495816339.A.2CB.html download to ptt/Gossiping/21349_5.txt, time: 3.880000
/bbs/Gossiping/M.1495816341.A.D31.html download to ptt/Gossiping/21349_6.txt, time: 5.160000
/bbs/Gossiping/M.1495816352.A.563.html download to ptt/Gossiping/21349_7.txt, time: 4.970000
/bbs/Gossiping/M.1495816369.A.9D9.html download to ptt/Gossiping/21349_8.txt, time: 4.490000
/bbs/Gossiping/M.1495816384.A.084.html download to ptt/Gossiping/21349_9.txt, time: 3.870000
/bbs/Gossiping/M.1495816398.A.4CD.html download to ptt/Gossiping/21349_10.txt, time: 3.700000
/bbs/Gossiping/M.1495816415.A.7E1.html download to ptt/Gossiping/21349_11.txt, time: 4.330000
/bbs/Gossiping/M.1495816419.A.F34.html download to ptt/Gossiping/21349_12.txt, time: 5.620000
/bbs/Gossiping/M.1495816443.A.1D3.html download to ptt/Gossiping/21349_13.txt, time: 5.030000
/bbs/Gossiping/M.1495816453.A.819.html download to ptt/Gossiping/21349_14.txt, time: 4.870000
/bbs/Gossiping/M.1495816510.A.84E.html download to ptt/Gossiping/21349_15.txt, time: 6.080000
/bbs/Gossiping/M.1495816535.A.CC5.html download to ptt/Gossiping/21349_16.txt, time: 5.010000
/bbs/Gossiping/M.1495816540.A.025.html download to ptt/Gossiping/21349_17.txt, time: 4.750000
/bbs/Gossiping/M.1495816542.A.AE7.html download to ptt/Gossiping/21349_18.txt, time: 7.270000
/bbs/Gossiping/M.1495816549.A.77C.html download to ptt/Gossiping/21349_19.txt, time: 7.900000
page 21348
/bbs/Gossiping/M.1495815681.A.09F.html download to ptt/Gossiping/21348_0.txt, time: 6.050000
/bbs/Gossiping/M.1495815700.A.027.html download to ptt/Gossiping/21348_1.txt, time: 4.020000
/bbs/Gossiping/M.1495815732.A.D51.html download to ptt/Gossiping/21348_2.txt, time: 6.910000
/bbs/Gossiping/M.1495815743.A.3E0.html download to ptt/Gossiping/21348_3.txt, time: 4.050000
/bbs/Gossiping/M.1495815747.A.D48.html download to ptt/Gossiping/21348_4.txt, time: 6.470000
/bbs/Gossiping/M.1495815791.A.A20.html download to ptt/Gossiping/21348_5.txt, time: 8.470000
/bbs/Gossiping/M.1495815829.A.550.html download to ptt/Gossiping/21348_6.txt, time: 6.880000
/bbs/Gossiping/M.1495815839.A.463.html download to ptt/Gossiping/21348_7.txt, time: 6.520000
/bbs/Gossiping/M.1495815856.A.B4B.html download to ptt/Gossiping/21348_8.txt, time: 5.400000
/bbs/Gossiping/M.1495815905.A.C87.html download to ptt/Gossiping/21348_9.txt, time: 4.380000
/bbs/Gossiping/M.1495815905.A.37A.html download to ptt/Gossiping/21348_10.txt, time: 4.190000
/bbs/Gossiping/M.1495815917.A.61B.html download to ptt/Gossiping/21348_11.txt, time: 6.270000
/bbs/Gossiping/M.1495815965.A.2A5.html download to ptt/Gossiping/21348_12.txt, time: 8.220000
/bbs/Gossiping/M.1495816042.A.B98.html download to ptt/Gossiping/21348_13.txt, time: 3.910000
/bbs/Gossiping/M.1495816085.A.260.html download to ptt/Gossiping/21348_14.txt, time: 4.380000
/bbs/Gossiping/M.1495816091.A.5F8.html download to ptt/Gossiping/21348_15.txt, time: 4.480000
/bbs/Gossiping/M.1495816137.A.D92.html download to ptt/Gossiping/21348_16.txt, time: 4.360000
/bbs/Gossiping/M.1495816157.A.706.html download to ptt/Gossiping/21348_17.txt, time: 3.870000
/bbs/Gossiping/M.1495816168.A.583.html download to ptt/Gossiping/21348_18.txt, time: 2.950000
/bbs/Gossiping/M.1495816268.A.689.html download to ptt/Gossiping/21348_19.txt, time: 4.640000
page 21347
/bbs/Gossiping/M.1495815088.A.E8E.html download to ptt/Gossiping/21347_0.txt, time: 5.100000
/bbs/Gossiping/M.1495815090.A.65B.html download to ptt/Gossiping/21347_1.txt, time: 3.930000
/bbs/Gossiping/M.1495815132.A.B09.html download to ptt/Gossiping/21347_2.txt, time: 4.810000
/bbs/Gossiping/M.1495815152.A.A43.html download to ptt/Gossiping/21347_3.txt, time: 3.150000
/bbs/Gossiping/M.1495815196.A.EA4.html download to ptt/Gossiping/21347_4.txt, time: 5.340000
/bbs/Gossiping/M.1495815254.A.872.html download to ptt/Gossiping/21347_5.txt, time: 3.560000
/bbs/Gossiping/M.1495815264.A.D91.html download to ptt/Gossiping/21347_6.txt, time: 3.020000
/bbs/Gossiping/M.1495815269.A.839.html download to ptt/Gossiping/21347_7.txt, time: 4.500000
/bbs/Gossiping/M.1495815278.A.61C.html download to ptt/Gossiping/21347_8.txt, time: 3.100000
/bbs/Gossiping/M.1495815361.A.DBB.html download to ptt/Gossiping/21347_9.txt, time: 2.230000
/bbs/Gossiping/M.1495815361.A.220.html download to ptt/Gossiping/21347_10.txt, time: 3.080000
/bbs/Gossiping/M.1495815378.A.F06.html download to ptt/Gossiping/21347_11.txt, time: 4.860000
/bbs/Gossiping/M.1495815415.A.CAC.html download to ptt/Gossiping/21347_12.txt, time: 5.510000
/bbs/Gossiping/M.1495815421.A.6A2.html download to ptt/Gossiping/21347_13.txt, time: 3.920000
/bbs/Gossiping/M.1495815492.A.F3C.html download to ptt/Gossiping/21347_14.txt, time: 4.270000
/bbs/Gossiping/M.1495815512.A.323.html download to ptt/Gossiping/21347_15.txt, time: 3.130000
/bbs/Gossiping/M.1495815556.A.55A.html download to ptt/Gossiping/21347_16.txt, time: 4.420000
/bbs/Gossiping/M.1495815586.A.69B.html download to ptt/Gossiping/21347_17.txt, time: 6.460000
/bbs/Gossiping/M.1495815634.A.AD7.html download to ptt/Gossiping/21347_18.txt, time: 3.750000
/bbs/Gossiping/M.1495815644.A.180.html download to ptt/Gossiping/21347_19.txt, time: 4.370000
page 21346
/bbs/Gossiping/M.1495814812.A.BA4.html download to ptt/Gossiping/21346_0.txt, time: 4.150000
/bbs/Gossiping/M.1495814830.A.B7A.html download to ptt/Gossiping/21346_1.txt, time: 3.350000
/bbs/Gossiping/M.1495814835.A.C77.html download to ptt/Gossiping/21346_2.txt, time: 6.250000
/bbs/Gossiping/M.1495814848.A.0C4.html download to ptt/Gossiping/21346_3.txt, time: 4.780000
/bbs/Gossiping/M.1495814860.A.935.html download to ptt/Gossiping/21346_4.txt, time: 6.490000
/bbs/Gossiping/M.1495814865.A.BA5.html download to ptt/Gossiping/21346_5.txt, time: 4.140000
/bbs/Gossiping/M.1495814875.A.5F7.html download to ptt/Gossiping/21346_6.txt, time: 4.030000
/bbs/Gossiping/M.1495814878.A.1E1.html download to ptt/Gossiping/21346_7.txt, time: 2.890000
/bbs/Gossiping/M.1495814878.A.453.html download to ptt/Gossiping/21346_8.txt, time: 4.820000
/bbs/Gossiping/M.1495814888.A.970.html download to ptt/Gossiping/21346_9.txt, time: 2.870000
/bbs/Gossiping/M.1495814939.A.CF0.html download to ptt/Gossiping/21346_10.txt, time: 3.530000
/bbs/Gossiping/M.1495814941.A.FFC.html download to ptt/Gossiping/21346_11.txt, time: 3.670000
/bbs/Gossiping/M.1495814947.A.C75.html download to ptt/Gossiping/21346_12.txt, time: 2.240000
/bbs/Gossiping/M.1495814956.A.274.html download to ptt/Gossiping/21346_13.txt, time: 5.350000
/bbs/Gossiping/M.1495814978.A.A93.html download to ptt/Gossiping/21346_14.txt, time: 2.870000
/bbs/Gossiping/M.1495814986.A.B6A.html download to ptt/Gossiping/21346_15.txt, time: 5.310000
/bbs/Gossiping/M.1495814994.A.B6F.html download to ptt/Gossiping/21346_16.txt, time: 2.810000
/bbs/Gossiping/M.1495815038.A.F30.html download to ptt/Gossiping/21346_17.txt, time: 6.860000
/bbs/Gossiping/M.1495815054.A.93E.html download to ptt/Gossiping/21346_18.txt, time: 4.330000
/bbs/Gossiping/M.1495815062.A.625.html download to ptt/Gossiping/21346_19.txt, time: 4.070000
time: 556.8088781833649 seconds
