page 21360
/bbs/Gossiping/M.1495822951.A.922.html download to ptt/Gossiping/21360_0.txt, time: 6.450000
/bbs/Gossiping/M.1495823002.A.0E1.html download to ptt/Gossiping/21360_1.txt, time: 7.270000
/bbs/Gossiping/M.1495823070.A.948.html download to ptt/Gossiping/21360_2.txt, time: 6.400000
/bbs/Gossiping/M.1495823179.A.D17.html download to ptt/Gossiping/21360_3.txt, time: 7.490000
/bbs/Gossiping/M.1495823296.A.777.html download to ptt/Gossiping/21360_4.txt, time: 5.220000
/bbs/Gossiping/M.1495823317.A.71E.html download to ptt/Gossiping/21360_5.txt, time: 3.350000
/bbs/Gossiping/M.1495823361.A.9FA.html download to ptt/Gossiping/21360_6.txt, time: 4.160000
/bbs/Gossiping/M.1495823373.A.A2A.html download to ptt/Gossiping/21360_7.txt, time: 4.000000
/bbs/Gossiping/M.1495823407.A.B24.html download to ptt/Gossiping/21360_8.txt, time: 5.130000
/bbs/Gossiping/M.1495823425.A.D31.html download to ptt/Gossiping/21360_9.txt, time: 5.300000
/bbs/Gossiping/M.1495823555.A.C02.html download to ptt/Gossiping/21360_10.txt, time: 8.560000
/bbs/Gossiping/M.1495823563.A.1B9.html download to ptt/Gossiping/21360_11.txt, time: 4.940000
/bbs/Gossiping/M.1495823564.A.D09.html download to ptt/Gossiping/21360_12.txt, time: 3.300000
/bbs/Gossiping/M.1495823607.A.699.html download to ptt/Gossiping/21360_13.txt, time: 4.390000
/bbs/Gossiping/M.1495823702.A.B22.html download to ptt/Gossiping/21360_14.txt, time: 3.300000
/bbs/Gossiping/M.1495823874.A.775.html download to ptt/Gossiping/21360_15.txt, time: 3.790000
/bbs/Gossiping/M.1495823993.A.844.html download to ptt/Gossiping/21360_16.txt, time: 5.390000
/bbs/Gossiping/M.1495824073.A.63F.html download to ptt/Gossiping/21360_17.txt, time: 4.350000
/bbs/Gossiping/M.1495824127.A.79A.html download to ptt/Gossiping/21360_18.txt, time: 5.650000
/bbs/Gossiping/M.1495824152.A.121.html download to ptt/Gossiping/21360_19.txt, time: 4.660000
page 21359
/bbs/Gossiping/M.1495821946.A.7C7.html download to ptt/Gossiping/21359_0.txt, time: 4.380000
/bbs/Gossiping/M.1495822039.A.91F.html download to ptt/Gossiping/21359_1.txt, time: 4.090000
/bbs/Gossiping/M.1495822069.A.CD4.html download to ptt/Gossiping/21359_2.txt, time: 4.680000
/bbs/Gossiping/M.1495822070.A.CAB.html download to ptt/Gossiping/21359_3.txt, time: 5.160000
/bbs/Gossiping/M.1495822124.A.5B1.html download to ptt/Gossiping/21359_4.txt, time: 5.470000
/bbs/Gossiping/M.1495822134.A.4FF.html download to ptt/Gossiping/21359_5.txt, time: 5.040000
/bbs/Gossiping/M.1495822135.A.814.html download to ptt/Gossiping/21359_6.txt, time: 3.350000
/bbs/Gossiping/M.1495822176.A.451.html download to ptt/Gossiping/21359_7.txt, time: 5.140000
/bbs/Gossiping/M.1495822194.A.634.html download to ptt/Gossiping/21359_8.txt, time: 5.710000
/bbs/Gossiping/M.1495822230.A.90C.html download to ptt/Gossiping/21359_9.txt, time: 4.860000
/bbs/Gossiping/M.1495822283.A.6F4.html download to ptt/Gossiping/21359_10.txt, time: 3.820000
/bbs/Gossiping/M.1495822308.A.245.html download to ptt/Gossiping/21359_11.txt, time: 3.210000
/bbs/Gossiping/M.1495822372.A.2BF.html download to ptt/Gossiping/21359_12.txt, time: 5.260000
/bbs/Gossiping/M.1495822523.A.4FC.html download to ptt/Gossiping/21359_13.txt, time: 4.590000
/bbs/Gossiping/M.1495822540.A.0F5.html download to ptt/Gossiping/21359_14.txt, time: 4.920000
/bbs/Gossiping/M.1495822556.A.D31.html download to ptt/Gossiping/21359_15.txt, time: 7.510000
/bbs/Gossiping/M.1495822619.A.BE2.html download to ptt/Gossiping/21359_16.txt, time: 4.480000
/bbs/Gossiping/M.1495822738.A.F84.html download to ptt/Gossiping/21359_17.txt, time: 4.130000
/bbs/Gossiping/M.1495822798.A.8DB.html download to ptt/Gossiping/21359_18.txt, time: 6.020000
/bbs/Gossiping/M.1495822922.A.616.html download to ptt/Gossiping/21359_19.txt, time: 5.600000
page 21358
/bbs/Gossiping/M.1495820926.A.165.html download to ptt/Gossiping/21358_0.txt, time: 5.750000
/bbs/Gossiping/M.1495820929.A.7C4.html download to ptt/Gossiping/21358_1.txt, time: 5.100000
/bbs/Gossiping/M.1495820987.A.F42.html download to ptt/Gossiping/21358_2.txt, time: 11.850000
/bbs/Gossiping/M.1495821021.A.358.html download to ptt/Gossiping/21358_3.txt, time: 5.170000
/bbs/Gossiping/M.1495821228.A.322.html download to ptt/Gossiping/21358_4.txt, time: 4.270000
/bbs/Gossiping/M.1495821281.A.FE4.html download to ptt/Gossiping/21358_5.txt, time: 8.350000
/bbs/Gossiping/M.1495821402.A.9D9.html download to ptt/Gossiping/21358_6.txt, time: 7.260000
/bbs/Gossiping/M.1495821477.A.001.html download to ptt/Gossiping/21358_7.txt, time: 6.550000
/bbs/Gossiping/M.1495821550.A.186.html download to ptt/Gossiping/21358_8.txt, time: 7.350000
/bbs/Gossiping/M.1495821585.A.3C9.html download to ptt/Gossiping/21358_9.txt, time: 4.430000
/bbs/Gossiping/M.1495821593.A.FF6.html download to ptt/Gossiping/21358_10.txt, time: 4.600000
/bbs/Gossiping/M.1495821601.A.FF8.html download to ptt/Gossiping/21358_11.txt, time: 4.030000
/bbs/Gossiping/M.1495821612.A.652.html download to ptt/Gossiping/21358_12.txt, time: 3.890000
/bbs/Gossiping/M.1495821614.A.7DA.html download to ptt/Gossiping/21358_13.txt, time: 5.040000
/bbs/Gossiping/M.1495821621.A.76F.html download to ptt/Gossiping/21358_14.txt, time: 5.430000
/bbs/Gossiping/M.1495821679.A.BA2.html download to ptt/Gossiping/21358_15.txt, time: 5.400000
/bbs/Gossiping/M.1495821728.A.B7D.html download to ptt/Gossiping/21358_16.txt, time: 5.550000
/bbs/Gossiping/M.1495821832.A.753.html download to ptt/Gossiping/21358_17.txt, time: 6.090000
/bbs/Gossiping/M.1495821845.A.0CE.html download to ptt/Gossiping/21358_18.txt, time: 5.950000
/bbs/Gossiping/M.1495821883.A.CD8.html download to ptt/Gossiping/21358_19.txt, time: 3.430000
page 21357
/bbs/Gossiping/M.1495820352.A.AE6.html download to ptt/Gossiping/21357_0.txt, time: 3.660000
/bbs/Gossiping/M.1495820357.A.191.html download to ptt/Gossiping/21357_1.txt, time: 4.150000
/bbs/Gossiping/M.1495820397.A.8FC.html download to ptt/Gossiping/21357_2.txt, time: 4.840000
/bbs/Gossiping/M.1495820404.A.04B.html download to ptt/Gossiping/21357_3.txt, time: 4.450000
/bbs/Gossiping/M.1495820419.A.BDE.html download to ptt/Gossiping/21357_4.txt, time: 4.220000
/bbs/Gossiping/M.1495820430.A.DA5.html download to ptt/Gossiping/21357_5.txt, time: 3.620000
/bbs/Gossiping/M.1495820450.A.090.html download to ptt/Gossiping/21357_6.txt, time: 2.790000
/bbs/Gossiping/M.1495820467.A.CB8.html download to ptt/Gossiping/21357_7.txt, time: 5.050000
/bbs/Gossiping/M.1495820471.A.159.html download to ptt/Gossiping/21357_8.txt, time: 4.040000
/bbs/Gossiping/M.1495820532.A.8B4.html download to ptt/Gossiping/21357_9.txt, time: 5.220000
/bbs/Gossiping/M.1495820584.A.C63.html download to ptt/Gossiping/21357_10.txt, time: 4.850000
/bbs/Gossiping/M.1495820604.A.013.html download to ptt/Gossiping/21357_11.txt, time: 5.410000
/bbs/Gossiping/M.1495820640.A.D33.html download to ptt/Gossiping/21357_12.txt, time: 4.080000
/bbs/Gossiping/M.1495820700.A.535.html download to ptt/Gossiping/21357_13.txt, time: 6.160000
/bbs/Gossiping/M.1495820715.A.AE0.html download to ptt/Gossiping/21357_14.txt, time: 2.640000
/bbs/Gossiping/M.1495820734.A.7BB.html download to ptt/Gossiping/21357_15.txt, time: 3.770000
/bbs/Gossiping/M.1495820796.A.7CE.html download to ptt/Gossiping/21357_16.txt, time: 5.470000
/bbs/Gossiping/M.1495820800.A.D1E.html download to ptt/Gossiping/21357_17.txt, time: 3.600000
/bbs/Gossiping/M.1495820849.A.A7E.html download to ptt/Gossiping/21357_18.txt, time: 8.490000
/bbs/Gossiping/M.1495820905.A.7FF.html download to ptt/Gossiping/21357_19.txt, time: 5.380000
page 21356
/bbs/Gossiping/M.1495819783.A.589.html download to ptt/Gossiping/21356_0.txt, time: 2.930000
/bbs/Gossiping/M.1495819821.A.2EB.html download to ptt/Gossiping/21356_1.txt, time: 5.290000
/bbs/Gossiping/M.1495819821.A.5E3.html download to ptt/Gossiping/21356_2.txt, time: 4.210000
/bbs/Gossiping/M.1495819838.A.11B.html download to ptt/Gossiping/21356_3.txt, time: 4.710000
/bbs/Gossiping/M.1495819864.A.FB3.html download to ptt/Gossiping/21356_4.txt, time: 3.220000
/bbs/Gossiping/M.1495819917.A.361.html download to ptt/Gossiping/21356_5.txt, time: 3.660000
/bbs/Gossiping/M.1495819930.A.038.html download to ptt/Gossiping/21356_6.txt, time: 2.860000
/bbs/Gossiping/M.1495819939.A.8D8.html download to ptt/Gossiping/21356_7.txt, time: 3.840000
/bbs/Gossiping/M.1495819939.A.972.html download to ptt/Gossiping/21356_8.txt, time: 2.640000
/bbs/Gossiping/M.1495819948.A.42D.html download to ptt/Gossiping/21356_9.txt, time: 5.760000
/bbs/Gossiping/M.1495819949.A.D9B.html download to ptt/Gossiping/21356_10.txt, time: 5.300000
/bbs/Gossiping/M.1495819979.A.B0B.html download to ptt/Gossiping/21356_11.txt, time: 3.240000
/bbs/Gossiping/M.1495820005.A.10A.html download to ptt/Gossiping/21356_12.txt, time: 2.520000
/bbs/Gossiping/M.1495820011.A.0F8.html download to ptt/Gossiping/21356_13.txt, time: 2.940000
/bbs/Gossiping/M.1495820142.A.0C1.html download to ptt/Gossiping/21356_14.txt, time: 3.330000
/bbs/Gossiping/M.1495820208.A.F50.html download to ptt/Gossiping/21356_15.txt, time: 3.400000
/bbs/Gossiping/M.1495820222.A.3EC.html download to ptt/Gossiping/21356_16.txt, time: 3.640000
/bbs/Gossiping/M.1495820265.A.E6F.html download to ptt/Gossiping/21356_17.txt, time: 4.210000
/bbs/Gossiping/M.1495820281.A.193.html download to ptt/Gossiping/21356_18.txt, time: 2.950000
/bbs/Gossiping/M.1495820310.A.1D0.html download to ptt/Gossiping/21356_19.txt, time: 2.590000
time: 536.7303404808044 seconds
