page 21370
/bbs/Gossiping/M.1495843443.A.BED.html download to ptt/Gossiping/21370_0.txt, time: 4.110000
/bbs/Gossiping/M.1495843488.A.852.html download to ptt/Gossiping/21370_1.txt, time: 3.910000
/bbs/Gossiping/M.1495843604.A.1B2.html download to ptt/Gossiping/21370_2.txt, time: 4.000000
/bbs/Gossiping/M.1495843733.A.C76.html download to ptt/Gossiping/21370_3.txt, time: 4.520000
/bbs/Gossiping/M.1495843818.A.FD5.html download to ptt/Gossiping/21370_4.txt, time: 3.460000
/bbs/Gossiping/M.1495843830.A.5EA.html download to ptt/Gossiping/21370_5.txt, time: 8.760000
/bbs/Gossiping/M.1495843856.A.410.html download to ptt/Gossiping/21370_6.txt, time: 4.500000
/bbs/Gossiping/M.1495843955.A.203.html download to ptt/Gossiping/21370_7.txt, time: 3.770000
/bbs/Gossiping/M.1495844068.A.F4B.html download to ptt/Gossiping/21370_8.txt, time: 3.630000
/bbs/Gossiping/M.1495844097.A.53B.html download to ptt/Gossiping/21370_9.txt, time: 5.890000
/bbs/Gossiping/M.1495844112.A.D3C.html download to ptt/Gossiping/21370_10.txt, time: 5.250000
/bbs/Gossiping/M.1495844115.A.FA9.html download to ptt/Gossiping/21370_11.txt, time: 5.100000
/bbs/Gossiping/M.1495844140.A.6A5.html download to ptt/Gossiping/21370_12.txt, time: 7.520000
/bbs/Gossiping/M.1495844201.A.B79.html download to ptt/Gossiping/21370_13.txt, time: 5.290000
/bbs/Gossiping/M.1495844291.A.985.html download to ptt/Gossiping/21370_14.txt, time: 4.350000
/bbs/Gossiping/M.1495844311.A.FE6.html download to ptt/Gossiping/21370_15.txt, time: 3.840000
/bbs/Gossiping/M.1495844570.A.4F1.html download to ptt/Gossiping/21370_16.txt, time: 3.810000
/bbs/Gossiping/M.1495844583.A.E10.html download to ptt/Gossiping/21370_17.txt, time: 4.240000
/bbs/Gossiping/M.1495844635.A.D48.html download to ptt/Gossiping/21370_18.txt, time: 3.930000
/bbs/Gossiping/M.1495844780.A.861.html download to ptt/Gossiping/21370_19.txt, time: 3.990000
page 21369
/bbs/Gossiping/M.1495841771.A.829.html download to ptt/Gossiping/21369_0.txt, time: 5.830000
/bbs/Gossiping/M.1495842047.A.956.html download to ptt/Gossiping/21369_1.txt, time: 6.240000
/bbs/Gossiping/M.1495842136.A.2E0.html download to ptt/Gossiping/21369_2.txt, time: 4.130000
/bbs/Gossiping/M.1495842174.A.BD8.html download to ptt/Gossiping/21369_3.txt, time: 4.850000
/bbs/Gossiping/M.1495842276.A.7F2.html download to ptt/Gossiping/21369_4.txt, time: 3.700000
/bbs/Gossiping/M.1495842416.A.AA3.html download to ptt/Gossiping/21369_5.txt, time: 4.170000
/bbs/Gossiping/M.1495842448.A.F8E.html download to ptt/Gossiping/21369_6.txt, time: 6.320000
/bbs/Gossiping/M.1495842681.A.720.html download to ptt/Gossiping/21369_7.txt, time: 3.530000
/bbs/Gossiping/M.1495842906.A.1CD.html download to ptt/Gossiping/21369_8.txt, time: 5.390000
/bbs/Gossiping/M.1495842951.A.FD3.html download to ptt/Gossiping/21369_9.txt, time: 3.800000
/bbs/Gossiping/M.1495842969.A.2C4.html download to ptt/Gossiping/21369_10.txt, time: 4.330000
/bbs/Gossiping/M.1495842997.A.AD4.html download to ptt/Gossiping/21369_11.txt, time: 4.160000
/bbs/Gossiping/M.1495843034.A.8B3.html download to ptt/Gossiping/21369_12.txt, time: 4.540000
/bbs/Gossiping/M.1495843072.A.72C.html download to ptt/Gossiping/21369_13.txt, time: 6.190000
/bbs/Gossiping/M.1495843113.A.B8E.html download to ptt/Gossiping/21369_14.txt, time: 5.360000
/bbs/Gossiping/M.1495843140.A.4C3.html download to ptt/Gossiping/21369_15.txt, time: 5.540000
/bbs/Gossiping/M.1495843235.A.AF8.html download to ptt/Gossiping/21369_16.txt, time: 4.650000
/bbs/Gossiping/M.1495843267.A.B61.html download to ptt/Gossiping/21369_17.txt, time: 4.920000
/bbs/Gossiping/M.1495843365.A.666.html download to ptt/Gossiping/21369_18.txt, time: 4.080000
/bbs/Gossiping/M.1495843385.A.146.html download to ptt/Gossiping/21369_19.txt, time: 4.570000
page 21368
/bbs/Gossiping/M.1495840150.A.FD1.html download to ptt/Gossiping/21368_0.txt, time: 11.270000
/bbs/Gossiping/M.1495840162.A.9C5.html download to ptt/Gossiping/21368_1.txt, time: 15.850000
/bbs/Gossiping/M.1495840227.A.98E.html download to ptt/Gossiping/21368_2.txt, time: 13.440000
/bbs/Gossiping/M.1495840406.A.B24.html download to ptt/Gossiping/21368_3.txt, time: 8.560000
/bbs/Gossiping/M.1495840407.A.845.html download to ptt/Gossiping/21368_4.txt, time: 4.640000
/bbs/Gossiping/M.1495840536.A.745.html download to ptt/Gossiping/21368_5.txt, time: 4.810000
/bbs/Gossiping/M.1495840539.A.879.html download to ptt/Gossiping/21368_6.txt, time: 6.260000
/bbs/Gossiping/M.1495840663.A.1E4.html download to ptt/Gossiping/21368_7.txt, time: 5.630000
/bbs/Gossiping/M.1495840762.A.BB0.html download to ptt/Gossiping/21368_8.txt, time: 10.200000
/bbs/Gossiping/M.1495840765.A.56B.html download to ptt/Gossiping/21368_9.txt, time: 7.320000
empty download to ptt/Gossiping/21368_10.txt, time: 0.000000
/bbs/Gossiping/M.1495840927.A.32A.html download to ptt/Gossiping/21368_11.txt, time: 8.020000
/bbs/Gossiping/M.1495841071.A.147.html download to ptt/Gossiping/21368_12.txt, time: 5.000000
/bbs/Gossiping/M.1495841155.A.41D.html download to ptt/Gossiping/21368_13.txt, time: 3.170000
/bbs/Gossiping/M.1495841172.A.DAE.html download to ptt/Gossiping/21368_14.txt, time: 3.760000
/bbs/Gossiping/M.1495841211.A.47E.html download to ptt/Gossiping/21368_15.txt, time: 4.060000
/bbs/Gossiping/M.1495841313.A.1CC.html download to ptt/Gossiping/21368_16.txt, time: 7.470000
/bbs/Gossiping/M.1495841317.A.8D0.html download to ptt/Gossiping/21368_17.txt, time: 3.420000
/bbs/Gossiping/M.1495841334.A.89E.html download to ptt/Gossiping/21368_18.txt, time: 3.330000
/bbs/Gossiping/M.1495841668.A.49C.html download to ptt/Gossiping/21368_19.txt, time: 3.960000
page 21367
/bbs/Gossiping/M.1495837049.A.501.html download to ptt/Gossiping/21367_0.txt, time: 3.070000
/bbs/Gossiping/M.1495837209.A.67E.html download to ptt/Gossiping/21367_1.txt, time: 3.450000
/bbs/Gossiping/M.1495837318.A.485.html download to ptt/Gossiping/21367_2.txt, time: 2.590000
/bbs/Gossiping/M.1495837790.A.C35.html download to ptt/Gossiping/21367_3.txt, time: 3.760000
/bbs/Gossiping/M.1495837857.A.C88.html download to ptt/Gossiping/21367_4.txt, time: 4.230000
/bbs/Gossiping/M.1495838173.A.97B.html download to ptt/Gossiping/21367_5.txt, time: 4.340000
/bbs/Gossiping/M.1495838600.A.391.html download to ptt/Gossiping/21367_6.txt, time: 3.110000
/bbs/Gossiping/M.1495838635.A.6E5.html download to ptt/Gossiping/21367_7.txt, time: 4.880000
/bbs/Gossiping/M.1495838674.A.DD1.html download to ptt/Gossiping/21367_8.txt, time: 4.150000
/bbs/Gossiping/M.1495839025.A.3E5.html download to ptt/Gossiping/21367_9.txt, time: 4.360000
/bbs/Gossiping/M.1495839034.A.6C9.html download to ptt/Gossiping/21367_10.txt, time: 2.800000
/bbs/Gossiping/M.1495839096.A.625.html download to ptt/Gossiping/21367_11.txt, time: 4.500000
/bbs/Gossiping/M.1495839243.A.990.html download to ptt/Gossiping/21367_12.txt, time: 3.420000
/bbs/Gossiping/M.1495839419.A.D4D.html download to ptt/Gossiping/21367_13.txt, time: 4.070000
/bbs/Gossiping/M.1495839447.A.074.html download to ptt/Gossiping/21367_14.txt, time: 4.780000
/bbs/Gossiping/M.1495839548.A.DBE.html download to ptt/Gossiping/21367_15.txt, time: 3.310000
/bbs/Gossiping/M.1495839883.A.33F.html download to ptt/Gossiping/21367_16.txt, time: 3.600000
/bbs/Gossiping/M.1495840058.A.0EE.html download to ptt/Gossiping/21367_17.txt, time: 9.580000
/bbs/Gossiping/M.1495840062.A.2D1.html download to ptt/Gossiping/21367_18.txt, time: 5.660000
/bbs/Gossiping/M.1495840127.A.01C.html download to ptt/Gossiping/21367_19.txt, time: 4.250000
page 21366
/bbs/Gossiping/M.1495833230.A.A10.html download to ptt/Gossiping/21366_0.txt, time: 3.670000
/bbs/Gossiping/M.1495833263.A.DA8.html download to ptt/Gossiping/21366_1.txt, time: 2.840000
/bbs/Gossiping/M.1495833600.A.C49.html download to ptt/Gossiping/21366_2.txt, time: 3.870000
/bbs/Gossiping/M.1495833602.A.EAC.html download to ptt/Gossiping/21366_3.txt, time: 5.460000
/bbs/Gossiping/M.1495833612.A.3BC.html download to ptt/Gossiping/21366_4.txt, time: 3.870000
/bbs/Gossiping/M.1495833679.A.D19.html download to ptt/Gossiping/21366_5.txt, time: 2.860000
/bbs/Gossiping/M.1495833722.A.BA5.html download to ptt/Gossiping/21366_6.txt, time: 3.110000
/bbs/Gossiping/M.1495833731.A.693.html download to ptt/Gossiping/21366_7.txt, time: 4.530000
/bbs/Gossiping/M.1495834316.A.015.html download to ptt/Gossiping/21366_8.txt, time: 4.220000
/bbs/Gossiping/M.1495834354.A.2E1.html download to ptt/Gossiping/21366_9.txt, time: 3.600000
/bbs/Gossiping/M.1495834367.A.62B.html download to ptt/Gossiping/21366_10.txt, time: 3.010000
/bbs/Gossiping/M.1495834655.A.BA1.html download to ptt/Gossiping/21366_11.txt, time: 2.200000
/bbs/Gossiping/M.1495834755.A.B57.html download to ptt/Gossiping/21366_12.txt, time: 4.670000
/bbs/Gossiping/M.1495834764.A.D6E.html download to ptt/Gossiping/21366_13.txt, time: 3.630000
/bbs/Gossiping/M.1495835096.A.91B.html download to ptt/Gossiping/21366_14.txt, time: 3.270000
/bbs/Gossiping/M.1495835202.A.C90.html download to ptt/Gossiping/21366_15.txt, time: 3.480000
/bbs/Gossiping/M.1495835434.A.B09.html download to ptt/Gossiping/21366_16.txt, time: 2.860000
/bbs/Gossiping/M.1495835486.A.36B.html download to ptt/Gossiping/21366_17.txt, time: 3.130000
/bbs/Gossiping/M.1495836290.A.E36.html download to ptt/Gossiping/21366_18.txt, time: 3.080000
/bbs/Gossiping/M.1495836445.A.461.html download to ptt/Gossiping/21366_19.txt, time: 4.200000
time: 541.399204492569 seconds
