page 21380
/bbs/Gossiping/M.1495852021.A.EC9.html download to ptt/Gossiping/21380_0.txt, time: 5.110000
/bbs/Gossiping/M.1495852027.A.636.html download to ptt/Gossiping/21380_1.txt, time: 4.090000
/bbs/Gossiping/M.1495852086.A.1C5.html download to ptt/Gossiping/21380_2.txt, time: 4.780000
/bbs/Gossiping/M.1495852087.A.FDD.html download to ptt/Gossiping/21380_3.txt, time: 3.610000
/bbs/Gossiping/M.1495852144.A.850.html download to ptt/Gossiping/21380_4.txt, time: 5.490000
/bbs/Gossiping/M.1495852153.A.D1F.html download to ptt/Gossiping/21380_5.txt, time: 4.100000
/bbs/Gossiping/M.1495852180.A.7F8.html download to ptt/Gossiping/21380_6.txt, time: 6.050000
/bbs/Gossiping/M.1495852208.A.26B.html download to ptt/Gossiping/21380_7.txt, time: 5.670000
/bbs/Gossiping/M.1495852209.A.1A2.html download to ptt/Gossiping/21380_8.txt, time: 3.100000
/bbs/Gossiping/M.1495852233.A.686.html download to ptt/Gossiping/21380_9.txt, time: 4.220000
/bbs/Gossiping/M.1495852234.A.72E.html download to ptt/Gossiping/21380_10.txt, time: 3.570000
/bbs/Gossiping/M.1495852237.A.D3C.html download to ptt/Gossiping/21380_11.txt, time: 3.310000
/bbs/Gossiping/M.1495852262.A.0D3.html download to ptt/Gossiping/21380_12.txt, time: 3.610000
/bbs/Gossiping/M.1495852274.A.473.html download to ptt/Gossiping/21380_13.txt, time: 4.150000
/bbs/Gossiping/M.1495852278.A.091.html download to ptt/Gossiping/21380_14.txt, time: 7.830000
/bbs/Gossiping/M.1495852291.A.F03.html download to ptt/Gossiping/21380_15.txt, time: 4.710000
/bbs/Gossiping/M.1495852300.A.6EB.html download to ptt/Gossiping/21380_16.txt, time: 4.160000
/bbs/Gossiping/M.1495852318.A.B7F.html download to ptt/Gossiping/21380_17.txt, time: 4.110000
/bbs/Gossiping/M.1495852350.A.2C9.html download to ptt/Gossiping/21380_18.txt, time: 3.610000
/bbs/Gossiping/M.1495852402.A.4C0.html download to ptt/Gossiping/21380_19.txt, time: 6.620000
page 21379
/bbs/Gossiping/M.1495851454.A.48D.html download to ptt/Gossiping/21379_0.txt, time: 5.720000
/bbs/Gossiping/M.1495851460.A.C4C.html download to ptt/Gossiping/21379_1.txt, time: 4.870000
/bbs/Gossiping/M.1495851462.A.642.html download to ptt/Gossiping/21379_2.txt, time: 6.790000
/bbs/Gossiping/M.1495851485.A.AF7.html download to ptt/Gossiping/21379_3.txt, time: 4.070000
/bbs/Gossiping/M.1495851504.A.B22.html download to ptt/Gossiping/21379_4.txt, time: 5.390000
/bbs/Gossiping/M.1495851517.A.429.html download to ptt/Gossiping/21379_5.txt, time: 3.320000
/bbs/Gossiping/M.1495851518.A.6F9.html download to ptt/Gossiping/21379_6.txt, time: 4.010000
/bbs/Gossiping/M.1495851543.A.756.html download to ptt/Gossiping/21379_7.txt, time: 6.070000
/bbs/Gossiping/M.1495851547.A.FD9.html download to ptt/Gossiping/21379_8.txt, time: 5.330000
/bbs/Gossiping/M.1495851555.A.35D.html download to ptt/Gossiping/21379_9.txt, time: 4.650000
/bbs/Gossiping/M.1495851575.A.655.html download to ptt/Gossiping/21379_10.txt, time: 5.140000
/bbs/Gossiping/M.1495851608.A.C46.html download to ptt/Gossiping/21379_11.txt, time: 4.730000
/bbs/Gossiping/M.1495851671.A.26B.html download to ptt/Gossiping/21379_12.txt, time: 5.710000
/bbs/Gossiping/M.1495851859.A.750.html download to ptt/Gossiping/21379_13.txt, time: 4.680000
/bbs/Gossiping/M.1495851864.A.B37.html download to ptt/Gossiping/21379_14.txt, time: 4.740000
/bbs/Gossiping/M.1495851894.A.C35.html download to ptt/Gossiping/21379_15.txt, time: 5.290000
/bbs/Gossiping/M.1495851903.A.5A5.html download to ptt/Gossiping/21379_16.txt, time: 5.330000
/bbs/Gossiping/M.1495851938.A.848.html download to ptt/Gossiping/21379_17.txt, time: 6.460000
/bbs/Gossiping/M.1495851989.A.26B.html download to ptt/Gossiping/21379_18.txt, time: 4.310000
/bbs/Gossiping/M.1495851992.A.EBD.html download to ptt/Gossiping/21379_19.txt, time: 4.170000
page 21378
/bbs/Gossiping/M.1495850759.A.242.html download to ptt/Gossiping/21378_0.txt, time: 5.020000
/bbs/Gossiping/M.1495850819.A.013.html download to ptt/Gossiping/21378_1.txt, time: 6.680000
/bbs/Gossiping/M.1495850954.A.7E5.html download to ptt/Gossiping/21378_2.txt, time: 5.300000
/bbs/Gossiping/M.1495850965.A.C27.html download to ptt/Gossiping/21378_3.txt, time: 3.470000
/bbs/Gossiping/M.1495851018.A.472.html download to ptt/Gossiping/21378_4.txt, time: 7.340000
/bbs/Gossiping/M.1495851019.A.1AC.html download to ptt/Gossiping/21378_5.txt, time: 4.030000
/bbs/Gossiping/M.1495851044.A.591.html download to ptt/Gossiping/21378_6.txt, time: 8.110000
/bbs/Gossiping/M.1495851065.A.616.html download to ptt/Gossiping/21378_7.txt, time: 7.440000
/bbs/Gossiping/M.1495851069.A.A7B.html download to ptt/Gossiping/21378_8.txt, time: 6.530000
/bbs/Gossiping/M.1495851084.A.192.html download to ptt/Gossiping/21378_9.txt, time: 5.330000
/bbs/Gossiping/M.1495851091.A.826.html download to ptt/Gossiping/21378_10.txt, time: 4.790000
/bbs/Gossiping/M.1495851104.A.334.html download to ptt/Gossiping/21378_11.txt, time: 8.780000
/bbs/Gossiping/M.1495851109.A.E02.html download to ptt/Gossiping/21378_12.txt, time: 15.910000
/bbs/Gossiping/M.1495851247.A.523.html download to ptt/Gossiping/21378_13.txt, time: 3.700000
/bbs/Gossiping/M.1495851295.A.970.html download to ptt/Gossiping/21378_14.txt, time: 5.270000
/bbs/Gossiping/M.1495851350.A.E73.html download to ptt/Gossiping/21378_15.txt, time: 15.940000
/bbs/Gossiping/M.1495851379.A.81A.html download to ptt/Gossiping/21378_16.txt, time: 7.350000
/bbs/Gossiping/M.1495851395.A.549.html download to ptt/Gossiping/21378_17.txt, time: 7.250000
/bbs/Gossiping/M.1495851411.A.DE5.html download to ptt/Gossiping/21378_18.txt, time: 4.230000
/bbs/Gossiping/M.1495851440.A.B51.html download to ptt/Gossiping/21378_19.txt, time: 3.910000
page 21377
/bbs/Gossiping/M.1495850104.A.483.html download to ptt/Gossiping/21377_0.txt, time: 3.410000
/bbs/Gossiping/M.1495850120.A.819.html download to ptt/Gossiping/21377_1.txt, time: 3.280000
/bbs/Gossiping/M.1495850130.A.9CD.html download to ptt/Gossiping/21377_2.txt, time: 4.370000
/bbs/Gossiping/M.1495850154.A.5DB.html download to ptt/Gossiping/21377_3.txt, time: 4.380000
/bbs/Gossiping/M.1495850189.A.D6F.html download to ptt/Gossiping/21377_4.txt, time: 2.740000
/bbs/Gossiping/M.1495850199.A.DF1.html download to ptt/Gossiping/21377_5.txt, time: 3.230000
/bbs/Gossiping/M.1495850321.A.55C.html download to ptt/Gossiping/21377_6.txt, time: 3.730000
/bbs/Gossiping/M.1495850366.A.A54.html download to ptt/Gossiping/21377_7.txt, time: 2.800000
/bbs/Gossiping/M.1495850381.A.E63.html download to ptt/Gossiping/21377_8.txt, time: 4.380000
/bbs/Gossiping/M.1495850431.A.A8E.html download to ptt/Gossiping/21377_9.txt, time: 2.720000
/bbs/Gossiping/M.1495850500.A.1F9.html download to ptt/Gossiping/21377_10.txt, time: 4.350000
/bbs/Gossiping/M.1495850541.A.1E4.html download to ptt/Gossiping/21377_11.txt, time: 3.180000
/bbs/Gossiping/M.1495850574.A.785.html download to ptt/Gossiping/21377_12.txt, time: 4.840000
/bbs/Gossiping/M.1495850590.A.7C5.html download to ptt/Gossiping/21377_13.txt, time: 3.230000
/bbs/Gossiping/M.1495850594.A.6F0.html download to ptt/Gossiping/21377_14.txt, time: 4.620000
/bbs/Gossiping/M.1495850618.A.7D3.html download to ptt/Gossiping/21377_15.txt, time: 3.700000
/bbs/Gossiping/M.1495850620.A.4ED.html download to ptt/Gossiping/21377_16.txt, time: 4.010000
/bbs/Gossiping/M.1495850635.A.E30.html download to ptt/Gossiping/21377_17.txt, time: 4.520000
/bbs/Gossiping/M.1495850642.A.627.html download to ptt/Gossiping/21377_18.txt, time: 6.470000
/bbs/Gossiping/M.1495850692.A.E6E.html download to ptt/Gossiping/21377_19.txt, time: 6.360000
page 21376
/bbs/Gossiping/M.1495849440.A.E3A.html download to ptt/Gossiping/21376_0.txt, time: 3.820000
/bbs/Gossiping/M.1495849469.A.2CB.html download to ptt/Gossiping/21376_1.txt, time: 3.510000
/bbs/Gossiping/M.1495849488.A.562.html download to ptt/Gossiping/21376_2.txt, time: 3.220000
/bbs/Gossiping/M.1495849504.A.BBF.html download to ptt/Gossiping/21376_3.txt, time: 3.780000
/bbs/Gossiping/M.1495849519.A.93E.html download to ptt/Gossiping/21376_4.txt, time: 3.680000
/bbs/Gossiping/M.1495849581.A.86F.html download to ptt/Gossiping/21376_5.txt, time: 2.190000
/bbs/Gossiping/M.1495849609.A.F0B.html download to ptt/Gossiping/21376_6.txt, time: 2.960000
/bbs/Gossiping/M.1495849698.A.018.html download to ptt/Gossiping/21376_7.txt, time: 3.860000
/bbs/Gossiping/M.1495849710.A.293.html download to ptt/Gossiping/21376_8.txt, time: 3.270000
/bbs/Gossiping/M.1495849744.A.310.html download to ptt/Gossiping/21376_9.txt, time: 3.770000
/bbs/Gossiping/M.1495849843.A.F85.html download to ptt/Gossiping/21376_10.txt, time: 3.100000
/bbs/Gossiping/M.1495849904.A.8F8.html download to ptt/Gossiping/21376_11.txt, time: 4.800000
/bbs/Gossiping/M.1495849966.A.FD0.html download to ptt/Gossiping/21376_12.txt, time: 4.210000
/bbs/Gossiping/M.1495849972.A.7B8.html download to ptt/Gossiping/21376_13.txt, time: 4.020000
/bbs/Gossiping/M.1495849973.A.889.html download to ptt/Gossiping/21376_14.txt, time: 3.270000
/bbs/Gossiping/M.1495850013.A.24F.html download to ptt/Gossiping/21376_15.txt, time: 4.360000
/bbs/Gossiping/M.1495850047.A.7F4.html download to ptt/Gossiping/21376_16.txt, time: 2.890000
/bbs/Gossiping/M.1495850083.A.9EE.html download to ptt/Gossiping/21376_17.txt, time: 3.020000
/bbs/Gossiping/M.1495850099.A.B7B.html download to ptt/Gossiping/21376_18.txt, time: 2.620000
/bbs/Gossiping/M.1495850104.A.735.html download to ptt/Gossiping/21376_19.txt, time: 2.760000
time: 536.0645444393158 seconds
