page 21390
/bbs/Gossiping/M.1495857935.A.668.html download to ptt/Gossiping/21390_0.txt, time: 4.800000
/bbs/Gossiping/M.1495857937.A.68D.html download to ptt/Gossiping/21390_1.txt, time: 5.940000
/bbs/Gossiping/M.1495857961.A.F18.html download to ptt/Gossiping/21390_2.txt, time: 4.190000
/bbs/Gossiping/M.1495858051.A.197.html download to ptt/Gossiping/21390_3.txt, time: 4.480000
/bbs/Gossiping/M.1495858061.A.5B0.html download to ptt/Gossiping/21390_4.txt, time: 3.770000
/bbs/Gossiping/M.1495858061.A.0AA.html download to ptt/Gossiping/21390_5.txt, time: 4.000000
/bbs/Gossiping/M.1495858088.A.CC4.html download to ptt/Gossiping/21390_6.txt, time: 8.440000
/bbs/Gossiping/M.1495858103.A.FCA.html download to ptt/Gossiping/21390_7.txt, time: 4.200000
/bbs/Gossiping/M.1495858155.A.34B.html download to ptt/Gossiping/21390_8.txt, time: 4.280000
/bbs/Gossiping/M.1495858186.A.D92.html download to ptt/Gossiping/21390_9.txt, time: 4.040000
/bbs/Gossiping/M.1495858193.A.EED.html download to ptt/Gossiping/21390_10.txt, time: 4.280000
/bbs/Gossiping/M.1495858265.A.52B.html download to ptt/Gossiping/21390_11.txt, time: 3.570000
/bbs/Gossiping/M.1495858289.A.6A4.html download to ptt/Gossiping/21390_12.txt, time: 5.040000
/bbs/Gossiping/M.1495858305.A.623.html download to ptt/Gossiping/21390_13.txt, time: 7.890000
/bbs/Gossiping/M.1495858315.A.6F2.html download to ptt/Gossiping/21390_14.txt, time: 4.290000
/bbs/Gossiping/M.1495858326.A.668.html download to ptt/Gossiping/21390_15.txt, time: 4.090000
/bbs/Gossiping/M.1495858345.A.D92.html download to ptt/Gossiping/21390_16.txt, time: 5.070000
/bbs/Gossiping/M.1495858367.A.E6D.html download to ptt/Gossiping/21390_17.txt, time: 6.390000
/bbs/Gossiping/M.1495858379.A.108.html download to ptt/Gossiping/21390_18.txt, time: 6.450000
/bbs/Gossiping/M.1495858431.A.5FC.html download to ptt/Gossiping/21390_19.txt, time: 4.970000
page 21389
/bbs/Gossiping/M.1495857298.A.950.html download to ptt/Gossiping/21389_0.txt, time: 6.990000
/bbs/Gossiping/M.1495857305.A.A90.html download to ptt/Gossiping/21389_1.txt, time: 3.750000
/bbs/Gossiping/M.1495857326.A.181.html download to ptt/Gossiping/21389_2.txt, time: 5.700000
/bbs/Gossiping/M.1495857333.A.8CD.html download to ptt/Gossiping/21389_3.txt, time: 4.590000
/bbs/Gossiping/M.1495857382.A.3C7.html download to ptt/Gossiping/21389_4.txt, time: 5.720000
/bbs/Gossiping/M.1495857412.A.C94.html download to ptt/Gossiping/21389_5.txt, time: 4.200000
/bbs/Gossiping/M.1495857453.A.6F8.html download to ptt/Gossiping/21389_6.txt, time: 5.310000
/bbs/Gossiping/M.1495857457.A.A19.html download to ptt/Gossiping/21389_7.txt, time: 5.960000
/bbs/Gossiping/M.1495857525.A.E04.html download to ptt/Gossiping/21389_8.txt, time: 4.770000
/bbs/Gossiping/M.1495857563.A.393.html download to ptt/Gossiping/21389_9.txt, time: 5.040000
/bbs/Gossiping/M.1495857563.A.C5B.html download to ptt/Gossiping/21389_10.txt, time: 4.240000
/bbs/Gossiping/M.1495857631.A.5A8.html download to ptt/Gossiping/21389_11.txt, time: 3.390000
/bbs/Gossiping/M.1495857659.A.4EE.html download to ptt/Gossiping/21389_12.txt, time: 5.490000
/bbs/Gossiping/M.1495857693.A.A3F.html download to ptt/Gossiping/21389_13.txt, time: 6.210000
/bbs/Gossiping/M.1495857713.A.2C8.html download to ptt/Gossiping/21389_14.txt, time: 6.510000
/bbs/Gossiping/M.1495857748.A.5FE.html download to ptt/Gossiping/21389_15.txt, time: 4.020000
/bbs/Gossiping/M.1495857753.A.840.html download to ptt/Gossiping/21389_16.txt, time: 6.350000
/bbs/Gossiping/M.1495857754.A.E06.html download to ptt/Gossiping/21389_17.txt, time: 5.010000
/bbs/Gossiping/M.1495857871.A.719.html download to ptt/Gossiping/21389_18.txt, time: 7.910000
/bbs/Gossiping/M.1495857882.A.EFB.html download to ptt/Gossiping/21389_19.txt, time: 6.890000
page 21388
/bbs/Gossiping/M.1495856793.A.6FE.html download to ptt/Gossiping/21388_0.txt, time: 4.230000
/bbs/Gossiping/M.1495856812.A.E9C.html download to ptt/Gossiping/21388_1.txt, time: 8.580000
/bbs/Gossiping/M.1495856829.A.B1A.html download to ptt/Gossiping/21388_2.txt, time: 5.230000
/bbs/Gossiping/M.1495856840.A.FBB.html download to ptt/Gossiping/21388_3.txt, time: 5.310000
/bbs/Gossiping/M.1495856859.A.1DC.html download to ptt/Gossiping/21388_4.txt, time: 8.090000
/bbs/Gossiping/M.1495856899.A.A25.html download to ptt/Gossiping/21388_5.txt, time: 7.970000
/bbs/Gossiping/M.1495856899.A.916.html download to ptt/Gossiping/21388_6.txt, time: 5.840000
/bbs/Gossiping/M.1495856911.A.B74.html download to ptt/Gossiping/21388_7.txt, time: 10.100000
/bbs/Gossiping/M.1495856941.A.43B.html download to ptt/Gossiping/21388_8.txt, time: 10.920000
/bbs/Gossiping/M.1495856951.A.091.html download to ptt/Gossiping/21388_9.txt, time: 5.250000
/bbs/Gossiping/M.1495856985.A.353.html download to ptt/Gossiping/21388_10.txt, time: 9.250000
/bbs/Gossiping/M.1495857058.A.D7D.html download to ptt/Gossiping/21388_11.txt, time: 20.700000
/bbs/Gossiping/M.1495857110.A.C2A.html download to ptt/Gossiping/21388_12.txt, time: 5.080000
/bbs/Gossiping/M.1495857128.A.1CA.html download to ptt/Gossiping/21388_13.txt, time: 3.930000
/bbs/Gossiping/M.1495857158.A.B6A.html download to ptt/Gossiping/21388_14.txt, time: 3.600000
/bbs/Gossiping/M.1495857162.A.84F.html download to ptt/Gossiping/21388_15.txt, time: 4.830000
/bbs/Gossiping/M.1495857227.A.57B.html download to ptt/Gossiping/21388_16.txt, time: 5.070000
/bbs/Gossiping/M.1495857259.A.B6A.html download to ptt/Gossiping/21388_17.txt, time: 5.070000
/bbs/Gossiping/M.1495857269.A.C3D.html download to ptt/Gossiping/21388_18.txt, time: 2.960000
/bbs/Gossiping/M.1495857289.A.E74.html download to ptt/Gossiping/21388_19.txt, time: 3.400000
page 21387
/bbs/Gossiping/M.1495856294.A.6F7.html download to ptt/Gossiping/21387_0.txt, time: 5.400000
/bbs/Gossiping/M.1495856305.A.F29.html download to ptt/Gossiping/21387_1.txt, time: 4.630000
/bbs/Gossiping/M.1495856388.A.F26.html download to ptt/Gossiping/21387_2.txt, time: 3.840000
/bbs/Gossiping/M.1495856411.A.C97.html download to ptt/Gossiping/21387_3.txt, time: 5.110000
/bbs/Gossiping/M.1495856466.A.394.html download to ptt/Gossiping/21387_4.txt, time: 4.090000
/bbs/Gossiping/M.1495856469.A.07B.html download to ptt/Gossiping/21387_5.txt, time: 3.870000
/bbs/Gossiping/M.1495856472.A.A7C.html download to ptt/Gossiping/21387_6.txt, time: 4.460000
/bbs/Gossiping/M.1495856488.A.1CD.html download to ptt/Gossiping/21387_7.txt, time: 2.790000
/bbs/Gossiping/M.1495856510.A.306.html download to ptt/Gossiping/21387_8.txt, time: 4.740000
/bbs/Gossiping/M.1495856523.A.EB7.html download to ptt/Gossiping/21387_9.txt, time: 3.680000
/bbs/Gossiping/M.1495856533.A.5E6.html download to ptt/Gossiping/21387_10.txt, time: 5.760000
/bbs/Gossiping/M.1495856549.A.189.html download to ptt/Gossiping/21387_11.txt, time: 4.520000
/bbs/Gossiping/M.1495856601.A.344.html download to ptt/Gossiping/21387_12.txt, time: 7.860000
/bbs/Gossiping/M.1495856603.A.9E9.html download to ptt/Gossiping/21387_13.txt, time: 3.670000
/bbs/Gossiping/M.1495856663.A.950.html download to ptt/Gossiping/21387_14.txt, time: 3.150000
/bbs/Gossiping/M.1495856693.A.A56.html download to ptt/Gossiping/21387_15.txt, time: 3.160000
/bbs/Gossiping/M.1495856722.A.DA5.html download to ptt/Gossiping/21387_16.txt, time: 4.160000
/bbs/Gossiping/M.1495856743.A.3B2.html download to ptt/Gossiping/21387_17.txt, time: 5.140000
/bbs/Gossiping/M.1495856752.A.44D.html download to ptt/Gossiping/21387_18.txt, time: 3.370000
/bbs/Gossiping/M.1495856792.A.A79.html download to ptt/Gossiping/21387_19.txt, time: 3.360000
page 21386
/bbs/Gossiping/M.1495855748.A.189.html download to ptt/Gossiping/21386_0.txt, time: 5.640000
/bbs/Gossiping/M.1495855758.A.0AB.html download to ptt/Gossiping/21386_1.txt, time: 4.980000
/bbs/Gossiping/M.1495855779.A.066.html download to ptt/Gossiping/21386_2.txt, time: 2.900000
/bbs/Gossiping/M.1495855833.A.A5D.html download to ptt/Gossiping/21386_3.txt, time: 3.080000
/bbs/Gossiping/M.1495855868.A.A89.html download to ptt/Gossiping/21386_4.txt, time: 3.910000
/bbs/Gossiping/M.1495855895.A.979.html download to ptt/Gossiping/21386_5.txt, time: 4.620000
/bbs/Gossiping/M.1495855938.A.DF2.html download to ptt/Gossiping/21386_6.txt, time: 4.880000
/bbs/Gossiping/M.1495855979.A.F22.html download to ptt/Gossiping/21386_7.txt, time: 3.630000
/bbs/Gossiping/M.1495856001.A.93A.html download to ptt/Gossiping/21386_8.txt, time: 2.530000
/bbs/Gossiping/M.1495856023.A.94A.html download to ptt/Gossiping/21386_9.txt, time: 2.880000
/bbs/Gossiping/M.1495856052.A.C3E.html download to ptt/Gossiping/21386_10.txt, time: 3.570000
/bbs/Gossiping/M.1495856063.A.30D.html download to ptt/Gossiping/21386_11.txt, time: 3.140000
/bbs/Gossiping/M.1495856083.A.B8B.html download to ptt/Gossiping/21386_12.txt, time: 3.290000
/bbs/Gossiping/M.1495856163.A.7BC.html download to ptt/Gossiping/21386_13.txt, time: 2.870000
/bbs/Gossiping/M.1495856166.A.C68.html download to ptt/Gossiping/21386_14.txt, time: 7.460000
/bbs/Gossiping/M.1495856177.A.F23.html download to ptt/Gossiping/21386_15.txt, time: 2.540000
/bbs/Gossiping/M.1495856218.A.5DE.html download to ptt/Gossiping/21386_16.txt, time: 3.250000
/bbs/Gossiping/M.1495856227.A.5B8.html download to ptt/Gossiping/21386_17.txt, time: 1.660000
/bbs/Gossiping/M.1495856256.A.AD6.html download to ptt/Gossiping/21386_18.txt, time: 1.850000
/bbs/Gossiping/M.1495856257.A.144.html download to ptt/Gossiping/21386_19.txt, time: 2.250000
time: 559.3273801803589 seconds
