page 21400
/bbs/Gossiping/M.1495862568.A.D50.html download to ptt/Gossiping/21400_0.txt, time: 4.780000
/bbs/Gossiping/M.1495862583.A.9C0.html download to ptt/Gossiping/21400_1.txt, time: 4.560000
/bbs/Gossiping/M.1495862609.A.F97.html download to ptt/Gossiping/21400_2.txt, time: 5.580000
/bbs/Gossiping/M.1495862635.A.A49.html download to ptt/Gossiping/21400_3.txt, time: 4.350000
/bbs/Gossiping/M.1495862667.A.A2B.html download to ptt/Gossiping/21400_4.txt, time: 3.900000
/bbs/Gossiping/M.1495862710.A.6D1.html download to ptt/Gossiping/21400_5.txt, time: 4.620000
/bbs/Gossiping/M.1495862724.A.BA5.html download to ptt/Gossiping/21400_6.txt, time: 8.510000
/bbs/Gossiping/M.1495862725.A.198.html download to ptt/Gossiping/21400_7.txt, time: 4.800000
/bbs/Gossiping/M.1495862801.A.897.html download to ptt/Gossiping/21400_8.txt, time: 4.290000
/bbs/Gossiping/M.1495862822.A.769.html download to ptt/Gossiping/21400_9.txt, time: 4.330000
/bbs/Gossiping/M.1495862842.A.291.html download to ptt/Gossiping/21400_10.txt, time: 3.210000
/bbs/Gossiping/M.1495862853.A.C96.html download to ptt/Gossiping/21400_11.txt, time: 4.530000
/bbs/Gossiping/M.1495862881.A.F4E.html download to ptt/Gossiping/21400_12.txt, time: 3.770000
/bbs/Gossiping/M.1495862950.A.CA1.html download to ptt/Gossiping/21400_13.txt, time: 6.980000
/bbs/Gossiping/M.1495863084.A.C87.html download to ptt/Gossiping/21400_14.txt, time: 6.040000
/bbs/Gossiping/M.1495863086.A.263.html download to ptt/Gossiping/21400_15.txt, time: 4.950000
/bbs/Gossiping/M.1495863102.A.9E5.html download to ptt/Gossiping/21400_16.txt, time: 5.540000
/bbs/Gossiping/M.1495863123.A.A8D.html download to ptt/Gossiping/21400_17.txt, time: 3.350000
/bbs/Gossiping/M.1495863138.A.463.html download to ptt/Gossiping/21400_18.txt, time: 6.470000
/bbs/Gossiping/M.1495863195.A.974.html download to ptt/Gossiping/21400_19.txt, time: 3.840000
page 21399
/bbs/Gossiping/M.1495862049.A.667.html download to ptt/Gossiping/21399_0.txt, time: 4.640000
/bbs/Gossiping/M.1495862084.A.59A.html download to ptt/Gossiping/21399_1.txt, time: 4.050000
/bbs/Gossiping/M.1495862114.A.699.html download to ptt/Gossiping/21399_2.txt, time: 4.330000
/bbs/Gossiping/M.1495862133.A.EE7.html download to ptt/Gossiping/21399_3.txt, time: 5.890000
/bbs/Gossiping/M.1495862147.A.2D6.html download to ptt/Gossiping/21399_4.txt, time: 5.710000
/bbs/Gossiping/M.1495862161.A.38B.html download to ptt/Gossiping/21399_5.txt, time: 6.840000
/bbs/Gossiping/M.1495862184.A.351.html download to ptt/Gossiping/21399_6.txt, time: 3.950000
/bbs/Gossiping/M.1495862262.A.EE5.html download to ptt/Gossiping/21399_7.txt, time: 5.640000
/bbs/Gossiping/M.1495862268.A.919.html download to ptt/Gossiping/21399_8.txt, time: 6.130000
/bbs/Gossiping/M.1495862268.A.A99.html download to ptt/Gossiping/21399_9.txt, time: 5.390000
/bbs/Gossiping/M.1495862271.A.3BF.html download to ptt/Gossiping/21399_10.txt, time: 4.400000
/bbs/Gossiping/M.1495862271.A.A2E.html download to ptt/Gossiping/21399_11.txt, time: 5.240000
/bbs/Gossiping/M.1495862295.A.D1E.html download to ptt/Gossiping/21399_12.txt, time: 5.700000
/bbs/Gossiping/M.1495862344.A.1F5.html download to ptt/Gossiping/21399_13.txt, time: 3.720000
/bbs/Gossiping/M.1495862424.A.3C4.html download to ptt/Gossiping/21399_14.txt, time: 6.320000
/bbs/Gossiping/M.1495862444.A.587.html download to ptt/Gossiping/21399_15.txt, time: 5.550000
/bbs/Gossiping/M.1495862449.A.958.html download to ptt/Gossiping/21399_16.txt, time: 4.320000
/bbs/Gossiping/M.1495862449.A.313.html download to ptt/Gossiping/21399_17.txt, time: 5.080000
/bbs/Gossiping/M.1495862499.A.35C.html download to ptt/Gossiping/21399_18.txt, time: 4.790000
/bbs/Gossiping/M.1495862541.A.00C.html download to ptt/Gossiping/21399_19.txt, time: 3.840000
page 21398
/bbs/Gossiping/M.1495861455.A.427.html download to ptt/Gossiping/21398_0.txt, time: 4.860000
/bbs/Gossiping/M.1495861473.A.377.html download to ptt/Gossiping/21398_1.txt, time: 6.480000
/bbs/Gossiping/M.1495861498.A.D02.html download to ptt/Gossiping/21398_2.txt, time: 14.290000
/bbs/Gossiping/M.1495861534.A.FF6.html download to ptt/Gossiping/21398_3.txt, time: 4.330000
/bbs/Gossiping/M.1495861561.A.0BF.html download to ptt/Gossiping/21398_4.txt, time: 12.470000
/bbs/Gossiping/M.1495861561.A.22C.html download to ptt/Gossiping/21398_5.txt, time: 4.540000
/bbs/Gossiping/M.1495861592.A.4F5.html download to ptt/Gossiping/21398_6.txt, time: 4.150000
/bbs/Gossiping/M.1495861606.A.E1B.html download to ptt/Gossiping/21398_7.txt, time: 5.320000
/bbs/Gossiping/M.1495861608.A.1BF.html download to ptt/Gossiping/21398_8.txt, time: 8.110000
/bbs/Gossiping/M.1495861617.A.4A3.html download to ptt/Gossiping/21398_9.txt, time: 8.310000
/bbs/Gossiping/M.1495861617.A.D50.html download to ptt/Gossiping/21398_10.txt, time: 4.580000
/bbs/Gossiping/M.1495861621.A.D79.html download to ptt/Gossiping/21398_11.txt, time: 3.770000
/bbs/Gossiping/M.1495861639.A.EAE.html download to ptt/Gossiping/21398_12.txt, time: 5.830000
/bbs/Gossiping/M.1495861654.A.D5F.html download to ptt/Gossiping/21398_13.txt, time: 4.490000
/bbs/Gossiping/M.1495861685.A.C6D.html download to ptt/Gossiping/21398_14.txt, time: 6.620000
/bbs/Gossiping/M.1495861723.A.2AF.html download to ptt/Gossiping/21398_15.txt, time: 10.010000
/bbs/Gossiping/M.1495861864.A.8F2.html download to ptt/Gossiping/21398_16.txt, time: 4.050000
/bbs/Gossiping/M.1495861913.A.FFD.html download to ptt/Gossiping/21398_17.txt, time: 3.030000
/bbs/Gossiping/M.1495861920.A.6F3.html download to ptt/Gossiping/21398_18.txt, time: 6.250000
/bbs/Gossiping/M.1495862025.A.BC2.html download to ptt/Gossiping/21398_19.txt, time: 3.980000
page 21397
/bbs/Gossiping/M.1495861071.A.009.html download to ptt/Gossiping/21397_0.txt, time: 3.720000
/bbs/Gossiping/M.1495861096.A.C20.html download to ptt/Gossiping/21397_1.txt, time: 4.660000
/bbs/Gossiping/M.1495861137.A.392.html download to ptt/Gossiping/21397_2.txt, time: 4.570000
/bbs/Gossiping/M.1495861179.A.C50.html download to ptt/Gossiping/21397_3.txt, time: 4.630000
/bbs/Gossiping/M.1495861219.A.9CF.html download to ptt/Gossiping/21397_4.txt, time: 3.540000
/bbs/Gossiping/M.1495861266.A.E39.html download to ptt/Gossiping/21397_5.txt, time: 4.040000
/bbs/Gossiping/M.1495861289.A.3CD.html download to ptt/Gossiping/21397_6.txt, time: 4.450000
/bbs/Gossiping/M.1495861294.A.682.html download to ptt/Gossiping/21397_7.txt, time: 3.330000
/bbs/Gossiping/M.1495861300.A.BE4.html download to ptt/Gossiping/21397_8.txt, time: 4.200000
/bbs/Gossiping/M.1495861303.A.887.html download to ptt/Gossiping/21397_9.txt, time: 4.020000
/bbs/Gossiping/M.1495861344.A.311.html download to ptt/Gossiping/21397_10.txt, time: 4.640000
/bbs/Gossiping/M.1495861364.A.672.html download to ptt/Gossiping/21397_11.txt, time: 3.600000
/bbs/Gossiping/M.1495861384.A.ED5.html download to ptt/Gossiping/21397_12.txt, time: 3.810000
/bbs/Gossiping/M.1495861391.A.E76.html download to ptt/Gossiping/21397_13.txt, time: 5.520000
/bbs/Gossiping/M.1495861394.A.10B.html download to ptt/Gossiping/21397_14.txt, time: 4.590000
/bbs/Gossiping/M.1495861406.A.027.html download to ptt/Gossiping/21397_15.txt, time: 3.640000
/bbs/Gossiping/M.1495861428.A.44B.html download to ptt/Gossiping/21397_16.txt, time: 5.330000
/bbs/Gossiping/M.1495861439.A.17C.html download to ptt/Gossiping/21397_17.txt, time: 3.860000
/bbs/Gossiping/M.1495861443.A.4E4.html download to ptt/Gossiping/21397_18.txt, time: 5.820000
/bbs/Gossiping/M.1495861454.A.05E.html download to ptt/Gossiping/21397_19.txt, time: 5.370000
page 21396
/bbs/Gossiping/M.1495860569.A.CAD.html download to ptt/Gossiping/21396_0.txt, time: 3.760000
/bbs/Gossiping/M.1495860569.A.289.html download to ptt/Gossiping/21396_1.txt, time: 3.400000
/bbs/Gossiping/M.1495860620.A.220.html download to ptt/Gossiping/21396_2.txt, time: 4.890000
/bbs/Gossiping/M.1495860631.A.AC4.html download to ptt/Gossiping/21396_3.txt, time: 4.590000
/bbs/Gossiping/M.1495860631.A.E28.html download to ptt/Gossiping/21396_4.txt, time: 5.010000
/bbs/Gossiping/M.1495860649.A.969.html download to ptt/Gossiping/21396_5.txt, time: 5.050000
/bbs/Gossiping/M.1495860666.A.779.html download to ptt/Gossiping/21396_6.txt, time: 3.670000
/bbs/Gossiping/M.1495860693.A.E9E.html download to ptt/Gossiping/21396_7.txt, time: 4.140000
/bbs/Gossiping/M.1495860733.A.567.html download to ptt/Gossiping/21396_8.txt, time: 5.580000
/bbs/Gossiping/M.1495860759.A.4A6.html download to ptt/Gossiping/21396_9.txt, time: 4.360000
/bbs/Gossiping/M.1495860811.A.274.html download to ptt/Gossiping/21396_10.txt, time: 3.990000
/bbs/Gossiping/M.1495860830.A.4B0.html download to ptt/Gossiping/21396_11.txt, time: 3.600000
/bbs/Gossiping/M.1495860847.A.00C.html download to ptt/Gossiping/21396_12.txt, time: 3.360000
/bbs/Gossiping/M.1495860848.A.9D9.html download to ptt/Gossiping/21396_13.txt, time: 4.030000
/bbs/Gossiping/M.1495860952.A.502.html download to ptt/Gossiping/21396_14.txt, time: 3.430000
/bbs/Gossiping/M.1495860966.A.B77.html download to ptt/Gossiping/21396_15.txt, time: 3.290000
/bbs/Gossiping/M.1495860990.A.9B9.html download to ptt/Gossiping/21396_16.txt, time: 2.440000
/bbs/Gossiping/M.1495861007.A.C9A.html download to ptt/Gossiping/21396_17.txt, time: 2.750000
/bbs/Gossiping/M.1495861018.A.319.html download to ptt/Gossiping/21396_18.txt, time: 3.940000
/bbs/Gossiping/M.1495861068.A.C99.html download to ptt/Gossiping/21396_19.txt, time: 5.090000
time: 551.1155016422272 seconds
