page 21410
/bbs/Gossiping/M.1495869690.A.A16.html download to ptt/Gossiping/21410_0.txt, time: 5.130000
/bbs/Gossiping/M.1495869755.A.9FE.html download to ptt/Gossiping/21410_1.txt, time: 5.190000
/bbs/Gossiping/M.1495869821.A.53A.html download to ptt/Gossiping/21410_2.txt, time: 4.270000
/bbs/Gossiping/M.1495869845.A.4F0.html download to ptt/Gossiping/21410_3.txt, time: 3.810000
/bbs/Gossiping/M.1495869878.A.099.html download to ptt/Gossiping/21410_4.txt, time: 5.560000
/bbs/Gossiping/M.1495869882.A.479.html download to ptt/Gossiping/21410_5.txt, time: 9.640000
empty download to ptt/Gossiping/21410_6.txt, time: 0.000000
/bbs/Gossiping/M.1495870035.A.4DC.html download to ptt/Gossiping/21410_7.txt, time: 6.540000
/bbs/Gossiping/M.1495870046.A.A8F.html download to ptt/Gossiping/21410_8.txt, time: 5.000000
/bbs/Gossiping/M.1495870059.A.3EA.html download to ptt/Gossiping/21410_9.txt, time: 4.050000
/bbs/Gossiping/M.1495870103.A.A64.html download to ptt/Gossiping/21410_10.txt, time: 6.400000
/bbs/Gossiping/M.1495870152.A.D2E.html download to ptt/Gossiping/21410_11.txt, time: 4.000000
/bbs/Gossiping/M.1495870154.A.C8E.html download to ptt/Gossiping/21410_12.txt, time: 6.630000
/bbs/Gossiping/M.1495870205.A.4FA.html download to ptt/Gossiping/21410_13.txt, time: 5.560000
/bbs/Gossiping/M.1495870240.A.EC0.html download to ptt/Gossiping/21410_14.txt, time: 4.130000
/bbs/Gossiping/M.1495870342.A.581.html download to ptt/Gossiping/21410_15.txt, time: 3.920000
/bbs/Gossiping/M.1495870345.A.A55.html download to ptt/Gossiping/21410_16.txt, time: 2.400000
/bbs/Gossiping/M.1495870384.A.6A1.html download to ptt/Gossiping/21410_17.txt, time: 3.850000
/bbs/Gossiping/M.1495870404.A.321.html download to ptt/Gossiping/21410_18.txt, time: 6.430000
/bbs/Gossiping/M.1495870432.A.776.html download to ptt/Gossiping/21410_19.txt, time: 3.800000
page 21409
/bbs/Gossiping/M.1495868930.A.E3A.html download to ptt/Gossiping/21409_0.txt, time: 3.750000
/bbs/Gossiping/M.1495868946.A.8D0.html download to ptt/Gossiping/21409_1.txt, time: 2.820000
/bbs/Gossiping/M.1495868959.A.C3C.html download to ptt/Gossiping/21409_2.txt, time: 4.440000
/bbs/Gossiping/M.1495868985.A.C6E.html download to ptt/Gossiping/21409_3.txt, time: 4.960000
/bbs/Gossiping/M.1495869004.A.B4E.html download to ptt/Gossiping/21409_4.txt, time: 5.850000
/bbs/Gossiping/M.1495869026.A.EFF.html download to ptt/Gossiping/21409_5.txt, time: 6.190000
/bbs/Gossiping/M.1495869057.A.895.html download to ptt/Gossiping/21409_6.txt, time: 3.360000
/bbs/Gossiping/M.1495869058.A.622.html download to ptt/Gossiping/21409_7.txt, time: 4.420000
/bbs/Gossiping/M.1495869228.A.CFF.html download to ptt/Gossiping/21409_8.txt, time: 6.100000
/bbs/Gossiping/M.1495869326.A.DB5.html download to ptt/Gossiping/21409_9.txt, time: 3.870000
/bbs/Gossiping/M.1495869327.A.D38.html download to ptt/Gossiping/21409_10.txt, time: 4.380000
/bbs/Gossiping/M.1495869371.A.768.html download to ptt/Gossiping/21409_11.txt, time: 5.310000
/bbs/Gossiping/M.1495869379.A.F64.html download to ptt/Gossiping/21409_12.txt, time: 4.990000
/bbs/Gossiping/M.1495869396.A.68C.html download to ptt/Gossiping/21409_13.txt, time: 4.230000
/bbs/Gossiping/M.1495869417.A.2CF.html download to ptt/Gossiping/21409_14.txt, time: 4.420000
/bbs/Gossiping/M.1495869430.A.2EB.html download to ptt/Gossiping/21409_15.txt, time: 4.740000
/bbs/Gossiping/M.1495869476.A.031.html download to ptt/Gossiping/21409_16.txt, time: 5.540000
/bbs/Gossiping/M.1495869504.A.1CA.html download to ptt/Gossiping/21409_17.txt, time: 5.120000
/bbs/Gossiping/M.1495869586.A.024.html download to ptt/Gossiping/21409_18.txt, time: 4.000000
/bbs/Gossiping/M.1495869643.A.3B9.html download to ptt/Gossiping/21409_19.txt, time: 3.780000
page 21408
/bbs/Gossiping/M.1495868121.A.AFD.html download to ptt/Gossiping/21408_0.txt, time: 12.520000
/bbs/Gossiping/M.1495868212.A.553.html download to ptt/Gossiping/21408_1.txt, time: 5.470000
/bbs/Gossiping/M.1495868237.A.ECE.html download to ptt/Gossiping/21408_2.txt, time: 6.260000
/bbs/Gossiping/M.1495868257.A.F39.html download to ptt/Gossiping/21408_3.txt, time: 17.050000
/bbs/Gossiping/M.1495868397.A.CA5.html download to ptt/Gossiping/21408_4.txt, time: 12.600000
/bbs/Gossiping/M.1495868419.A.92A.html download to ptt/Gossiping/21408_5.txt, time: 5.060000
/bbs/Gossiping/M.1495868420.A.369.html download to ptt/Gossiping/21408_6.txt, time: 8.410000
/bbs/Gossiping/M.1495868430.A.3C8.html download to ptt/Gossiping/21408_7.txt, time: 5.340000
/bbs/Gossiping/M.1495868432.A.BDF.html download to ptt/Gossiping/21408_8.txt, time: 5.830000
/bbs/Gossiping/M.1495868438.A.F25.html download to ptt/Gossiping/21408_9.txt, time: 7.980000
/bbs/Gossiping/M.1495868440.A.8C0.html download to ptt/Gossiping/21408_10.txt, time: 6.250000
/bbs/Gossiping/M.1495868460.A.10E.html download to ptt/Gossiping/21408_11.txt, time: 5.750000
/bbs/Gossiping/M.1495868484.A.379.html download to ptt/Gossiping/21408_12.txt, time: 11.790000
/bbs/Gossiping/M.1495868493.A.7EF.html download to ptt/Gossiping/21408_13.txt, time: 7.130000
/bbs/Gossiping/M.1495868545.A.D97.html download to ptt/Gossiping/21408_14.txt, time: 4.600000
/bbs/Gossiping/M.1495868701.A.758.html download to ptt/Gossiping/21408_15.txt, time: 7.550000
/bbs/Gossiping/M.1495868772.A.B7F.html download to ptt/Gossiping/21408_16.txt, time: 3.420000
/bbs/Gossiping/M.1495868774.A.27C.html download to ptt/Gossiping/21408_17.txt, time: 3.670000
/bbs/Gossiping/M.1495868857.A.516.html download to ptt/Gossiping/21408_18.txt, time: 4.230000
/bbs/Gossiping/M.1495868894.A.54E.html download to ptt/Gossiping/21408_19.txt, time: 3.490000
page 21407
/bbs/Gossiping/M.1495867245.A.B15.html download to ptt/Gossiping/21407_0.txt, time: 5.200000
/bbs/Gossiping/M.1495867269.A.E49.html download to ptt/Gossiping/21407_1.txt, time: 3.960000
/bbs/Gossiping/M.1495867284.A.604.html download to ptt/Gossiping/21407_2.txt, time: 5.090000
/bbs/Gossiping/M.1495867565.A.721.html download to ptt/Gossiping/21407_3.txt, time: 5.620000
/bbs/Gossiping/M.1495867648.A.C99.html download to ptt/Gossiping/21407_4.txt, time: 6.430000
/bbs/Gossiping/M.1495867709.A.2AE.html download to ptt/Gossiping/21407_5.txt, time: 3.100000
/bbs/Gossiping/M.1495867730.A.992.html download to ptt/Gossiping/21407_6.txt, time: 4.190000
/bbs/Gossiping/M.1495867731.A.311.html download to ptt/Gossiping/21407_7.txt, time: 4.530000
/bbs/Gossiping/M.1495867739.A.DD9.html download to ptt/Gossiping/21407_8.txt, time: 4.350000
/bbs/Gossiping/M.1495867772.A.852.html download to ptt/Gossiping/21407_9.txt, time: 3.600000
/bbs/Gossiping/M.1495867798.A.B39.html download to ptt/Gossiping/21407_10.txt, time: 4.340000
/bbs/Gossiping/M.1495867830.A.7A8.html download to ptt/Gossiping/21407_11.txt, time: 3.680000
/bbs/Gossiping/M.1495867871.A.0C4.html download to ptt/Gossiping/21407_12.txt, time: 4.610000
/bbs/Gossiping/M.1495867889.A.142.html download to ptt/Gossiping/21407_13.txt, time: 4.570000
/bbs/Gossiping/M.1495867889.A.232.html download to ptt/Gossiping/21407_14.txt, time: 6.350000
/bbs/Gossiping/M.1495867904.A.4DD.html download to ptt/Gossiping/21407_15.txt, time: 5.640000
/bbs/Gossiping/M.1495867925.A.456.html download to ptt/Gossiping/21407_16.txt, time: 3.150000
/bbs/Gossiping/M.1495867961.A.CD3.html download to ptt/Gossiping/21407_17.txt, time: 3.070000
/bbs/Gossiping/M.1495868066.A.128.html download to ptt/Gossiping/21407_18.txt, time: 3.010000
/bbs/Gossiping/M.1495868085.A.182.html download to ptt/Gossiping/21407_19.txt, time: 3.190000
page 21406
/bbs/Gossiping/M.1495866441.A.960.html download to ptt/Gossiping/21406_0.txt, time: 5.420000
/bbs/Gossiping/M.1495866586.A.FCD.html download to ptt/Gossiping/21406_1.txt, time: 4.830000
/bbs/Gossiping/M.1495866660.A.37A.html download to ptt/Gossiping/21406_2.txt, time: 4.160000
/bbs/Gossiping/M.1495866672.A.C0C.html download to ptt/Gossiping/21406_3.txt, time: 4.260000
/bbs/Gossiping/M.1495866736.A.35E.html download to ptt/Gossiping/21406_4.txt, time: 3.740000
/bbs/Gossiping/M.1495866780.A.A19.html download to ptt/Gossiping/21406_5.txt, time: 3.860000
/bbs/Gossiping/M.1495866794.A.4EF.html download to ptt/Gossiping/21406_6.txt, time: 4.350000
/bbs/Gossiping/M.1495866868.A.B77.html download to ptt/Gossiping/21406_7.txt, time: 3.080000
/bbs/Gossiping/M.1495866878.A.02E.html download to ptt/Gossiping/21406_8.txt, time: 4.500000
/bbs/Gossiping/M.1495866965.A.273.html download to ptt/Gossiping/21406_9.txt, time: 4.220000
/bbs/Gossiping/M.1495866971.A.512.html download to ptt/Gossiping/21406_10.txt, time: 3.390000
/bbs/Gossiping/M.1495867003.A.E53.html download to ptt/Gossiping/21406_11.txt, time: 4.370000
/bbs/Gossiping/M.1495867045.A.0B1.html download to ptt/Gossiping/21406_12.txt, time: 3.290000
/bbs/Gossiping/M.1495867051.A.F58.html download to ptt/Gossiping/21406_13.txt, time: 3.400000
/bbs/Gossiping/M.1495867051.A.258.html download to ptt/Gossiping/21406_14.txt, time: 4.360000
/bbs/Gossiping/M.1495867079.A.368.html download to ptt/Gossiping/21406_15.txt, time: 5.000000
/bbs/Gossiping/M.1495867146.A.6E4.html download to ptt/Gossiping/21406_16.txt, time: 4.480000
/bbs/Gossiping/M.1495867215.A.73F.html download to ptt/Gossiping/21406_17.txt, time: 3.700000
/bbs/Gossiping/M.1495867217.A.3E9.html download to ptt/Gossiping/21406_18.txt, time: 1.750000
/bbs/Gossiping/M.1495867231.A.93E.html download to ptt/Gossiping/21406_19.txt, time: 2.240000
time: 557.1466495990753 seconds
