page 21420
/bbs/Gossiping/M.1495877214.A.952.html download to ptt/Gossiping/21420_0.txt, time: 5.760000
/bbs/Gossiping/M.1495877270.A.759.html download to ptt/Gossiping/21420_1.txt, time: 5.660000
/bbs/Gossiping/M.1495877273.A.B41.html download to ptt/Gossiping/21420_2.txt, time: 4.870000
/bbs/Gossiping/M.1495877326.A.FDE.html download to ptt/Gossiping/21420_3.txt, time: 4.920000
/bbs/Gossiping/M.1495877352.A.6C3.html download to ptt/Gossiping/21420_4.txt, time: 6.260000
/bbs/Gossiping/M.1495877364.A.B09.html download to ptt/Gossiping/21420_5.txt, time: 7.300000
/bbs/Gossiping/M.1495877426.A.938.html download to ptt/Gossiping/21420_6.txt, time: 3.880000
/bbs/Gossiping/M.1495877427.A.BAE.html download to ptt/Gossiping/21420_7.txt, time: 3.700000
/bbs/Gossiping/M.1495877448.A.911.html download to ptt/Gossiping/21420_8.txt, time: 4.130000
/bbs/Gossiping/M.1495877457.A.386.html download to ptt/Gossiping/21420_9.txt, time: 3.280000
/bbs/Gossiping/M.1495877460.A.79B.html download to ptt/Gossiping/21420_10.txt, time: 4.560000
/bbs/Gossiping/M.1495877485.A.221.html download to ptt/Gossiping/21420_11.txt, time: 4.390000
/bbs/Gossiping/M.1495877525.A.F65.html download to ptt/Gossiping/21420_12.txt, time: 8.200000
/bbs/Gossiping/M.1495877551.A.DFE.html download to ptt/Gossiping/21420_13.txt, time: 4.850000
/bbs/Gossiping/M.1495877556.A.20E.html download to ptt/Gossiping/21420_14.txt, time: 5.020000
/bbs/Gossiping/M.1495877566.A.89F.html download to ptt/Gossiping/21420_15.txt, time: 4.880000
/bbs/Gossiping/M.1495877570.A.1A9.html download to ptt/Gossiping/21420_16.txt, time: 3.340000
/bbs/Gossiping/M.1495877598.A.918.html download to ptt/Gossiping/21420_17.txt, time: 3.780000
/bbs/Gossiping/M.1495877653.A.B17.html download to ptt/Gossiping/21420_18.txt, time: 3.050000
/bbs/Gossiping/M.1495877663.A.45B.html download to ptt/Gossiping/21420_19.txt, time: 3.920000
page 21419
/bbs/Gossiping/M.1495876617.A.5FB.html download to ptt/Gossiping/21419_0.txt, time: 6.550000
/bbs/Gossiping/M.1495876638.A.D73.html download to ptt/Gossiping/21419_1.txt, time: 5.640000
/bbs/Gossiping/M.1495876649.A.E17.html download to ptt/Gossiping/21419_2.txt, time: 5.110000
/bbs/Gossiping/M.1495876673.A.191.html download to ptt/Gossiping/21419_3.txt, time: 5.190000
/bbs/Gossiping/M.1495876720.A.864.html download to ptt/Gossiping/21419_4.txt, time: 3.540000
/bbs/Gossiping/M.1495876772.A.064.html download to ptt/Gossiping/21419_5.txt, time: 4.280000
/bbs/Gossiping/M.1495876823.A.65B.html download to ptt/Gossiping/21419_6.txt, time: 5.790000
/bbs/Gossiping/M.1495876874.A.803.html download to ptt/Gossiping/21419_7.txt, time: 6.570000
/bbs/Gossiping/M.1495876878.A.416.html download to ptt/Gossiping/21419_8.txt, time: 6.060000
/bbs/Gossiping/M.1495876898.A.9C7.html download to ptt/Gossiping/21419_9.txt, time: 4.230000
/bbs/Gossiping/M.1495876939.A.50C.html download to ptt/Gossiping/21419_10.txt, time: 4.580000
/bbs/Gossiping/M.1495876973.A.B71.html download to ptt/Gossiping/21419_11.txt, time: 3.960000
/bbs/Gossiping/M.1495877054.A.DF7.html download to ptt/Gossiping/21419_12.txt, time: 6.090000
/bbs/Gossiping/M.1495877061.A.2D6.html download to ptt/Gossiping/21419_13.txt, time: 3.990000
/bbs/Gossiping/M.1495877062.A.286.html download to ptt/Gossiping/21419_14.txt, time: 5.430000
/bbs/Gossiping/M.1495877145.A.C0F.html download to ptt/Gossiping/21419_15.txt, time: 5.650000
/bbs/Gossiping/M.1495877200.A.62E.html download to ptt/Gossiping/21419_16.txt, time: 5.250000
/bbs/Gossiping/M.1495877207.A.911.html download to ptt/Gossiping/21419_17.txt, time: 6.500000
/bbs/Gossiping/M.1495877208.A.226.html download to ptt/Gossiping/21419_18.txt, time: 6.020000
/bbs/Gossiping/M.1495877212.A.92C.html download to ptt/Gossiping/21419_19.txt, time: 5.310000
page 21418
/bbs/Gossiping/M.1495876001.A.9F7.html download to ptt/Gossiping/21418_0.txt, time: 7.480000
/bbs/Gossiping/M.1495876006.A.592.html download to ptt/Gossiping/21418_1.txt, time: 4.640000
/bbs/Gossiping/M.1495876154.A.F8F.html download to ptt/Gossiping/21418_2.txt, time: 9.830000
/bbs/Gossiping/M.1495876157.A.EFB.html download to ptt/Gossiping/21418_3.txt, time: 7.660000
/bbs/Gossiping/M.1495876253.A.058.html download to ptt/Gossiping/21418_4.txt, time: 4.200000
/bbs/Gossiping/M.1495876255.A.186.html download to ptt/Gossiping/21418_5.txt, time: 4.970000
/bbs/Gossiping/M.1495876262.A.A3F.html download to ptt/Gossiping/21418_6.txt, time: 6.050000
/bbs/Gossiping/M.1495876279.A.1B7.html download to ptt/Gossiping/21418_7.txt, time: 4.170000
/bbs/Gossiping/M.1495876317.A.964.html download to ptt/Gossiping/21418_8.txt, time: 4.960000
/bbs/Gossiping/M.1495876321.A.700.html download to ptt/Gossiping/21418_9.txt, time: 5.200000
/bbs/Gossiping/M.1495876335.A.B69.html download to ptt/Gossiping/21418_10.txt, time: 10.230000
/bbs/Gossiping/M.1495876342.A.E9F.html download to ptt/Gossiping/21418_11.txt, time: 5.960000
/bbs/Gossiping/M.1495876352.A.2CA.html download to ptt/Gossiping/21418_12.txt, time: 4.790000
/bbs/Gossiping/M.1495876377.A.099.html download to ptt/Gossiping/21418_13.txt, time: 5.440000
/bbs/Gossiping/M.1495876419.A.958.html download to ptt/Gossiping/21418_14.txt, time: 4.520000
/bbs/Gossiping/M.1495876421.A.65E.html download to ptt/Gossiping/21418_15.txt, time: 3.780000
/bbs/Gossiping/M.1495876485.A.14E.html download to ptt/Gossiping/21418_16.txt, time: 3.950000
/bbs/Gossiping/M.1495876496.A.DDD.html download to ptt/Gossiping/21418_17.txt, time: 12.970000
/bbs/Gossiping/M.1495876541.A.F2D.html download to ptt/Gossiping/21418_18.txt, time: 3.480000
/bbs/Gossiping/M.1495876578.A.504.html download to ptt/Gossiping/21418_19.txt, time: 3.730000
page 21417
/bbs/Gossiping/M.1495875021.A.475.html download to ptt/Gossiping/21417_0.txt, time: 4.220000
/bbs/Gossiping/M.1495875047.A.120.html download to ptt/Gossiping/21417_1.txt, time: 3.530000
/bbs/Gossiping/M.1495875093.A.0F4.html download to ptt/Gossiping/21417_2.txt, time: 3.430000
/bbs/Gossiping/M.1495875145.A.924.html download to ptt/Gossiping/21417_3.txt, time: 5.140000
/bbs/Gossiping/M.1495875179.A.27D.html download to ptt/Gossiping/21417_4.txt, time: 7.020000
/bbs/Gossiping/M.1495875199.A.5FD.html download to ptt/Gossiping/21417_5.txt, time: 3.350000
/bbs/Gossiping/M.1495875252.A.B8A.html download to ptt/Gossiping/21417_6.txt, time: 3.150000
/bbs/Gossiping/M.1495875298.A.871.html download to ptt/Gossiping/21417_7.txt, time: 4.940000
/bbs/Gossiping/M.1495875319.A.D99.html download to ptt/Gossiping/21417_8.txt, time: 4.480000
/bbs/Gossiping/M.1495875385.A.490.html download to ptt/Gossiping/21417_9.txt, time: 4.450000
/bbs/Gossiping/M.1495875430.A.3CB.html download to ptt/Gossiping/21417_10.txt, time: 5.460000
/bbs/Gossiping/M.1495875478.A.227.html download to ptt/Gossiping/21417_11.txt, time: 4.490000
/bbs/Gossiping/M.1495875547.A.823.html download to ptt/Gossiping/21417_12.txt, time: 3.240000
/bbs/Gossiping/M.1495875621.A.FB4.html download to ptt/Gossiping/21417_13.txt, time: 4.480000
/bbs/Gossiping/M.1495875650.A.83E.html download to ptt/Gossiping/21417_14.txt, time: 3.160000
/bbs/Gossiping/M.1495875730.A.B0D.html download to ptt/Gossiping/21417_15.txt, time: 3.520000
/bbs/Gossiping/M.1495875739.A.9FB.html download to ptt/Gossiping/21417_16.txt, time: 7.500000
/bbs/Gossiping/M.1495875777.A.D50.html download to ptt/Gossiping/21417_17.txt, time: 4.820000
/bbs/Gossiping/M.1495875831.A.E66.html download to ptt/Gossiping/21417_18.txt, time: 4.110000
/bbs/Gossiping/M.1495875842.A.A47.html download to ptt/Gossiping/21417_19.txt, time: 4.890000
page 21416
/bbs/Gossiping/M.1495874072.A.963.html download to ptt/Gossiping/21416_0.txt, time: 4.520000
/bbs/Gossiping/M.1495874101.A.9D7.html download to ptt/Gossiping/21416_1.txt, time: 3.390000
/bbs/Gossiping/M.1495874112.A.3A9.html download to ptt/Gossiping/21416_2.txt, time: 3.050000
/bbs/Gossiping/M.1495874143.A.A29.html download to ptt/Gossiping/21416_3.txt, time: 3.520000
/bbs/Gossiping/M.1495874205.A.2D8.html download to ptt/Gossiping/21416_4.txt, time: 3.020000
/bbs/Gossiping/M.1495874307.A.EFA.html download to ptt/Gossiping/21416_5.txt, time: 2.930000
/bbs/Gossiping/M.1495874316.A.982.html download to ptt/Gossiping/21416_6.txt, time: 4.100000
/bbs/Gossiping/M.1495874358.A.EE0.html download to ptt/Gossiping/21416_7.txt, time: 4.000000
/bbs/Gossiping/M.1495874401.A.301.html download to ptt/Gossiping/21416_8.txt, time: 5.120000
/bbs/Gossiping/M.1495874679.A.438.html download to ptt/Gossiping/21416_9.txt, time: 2.690000
/bbs/Gossiping/M.1495874683.A.65F.html download to ptt/Gossiping/21416_10.txt, time: 3.760000
/bbs/Gossiping/M.1495874708.A.FD7.html download to ptt/Gossiping/21416_11.txt, time: 3.370000
/bbs/Gossiping/M.1495874709.A.4E4.html download to ptt/Gossiping/21416_12.txt, time: 3.820000
/bbs/Gossiping/M.1495874781.A.CD9.html download to ptt/Gossiping/21416_13.txt, time: 2.680000
/bbs/Gossiping/M.1495874790.A.425.html download to ptt/Gossiping/21416_14.txt, time: 3.210000
/bbs/Gossiping/M.1495874804.A.4E2.html download to ptt/Gossiping/21416_15.txt, time: 3.640000
/bbs/Gossiping/M.1495874849.A.C97.html download to ptt/Gossiping/21416_16.txt, time: 3.830000
/bbs/Gossiping/M.1495874861.A.B90.html download to ptt/Gossiping/21416_17.txt, time: 3.440000
/bbs/Gossiping/M.1495874920.A.8AF.html download to ptt/Gossiping/21416_18.txt, time: 4.350000
/bbs/Gossiping/M.1495874920.A.4FE.html download to ptt/Gossiping/21416_19.txt, time: 3.440000
time: 545.2341895103455 seconds
