page 21430
/bbs/Gossiping/M.1495882997.A.15D.html download to ptt/Gossiping/21430_0.txt, time: 4.170000
/bbs/Gossiping/M.1495883012.A.631.html download to ptt/Gossiping/21430_1.txt, time: 5.740000
/bbs/Gossiping/M.1495883013.A.E50.html download to ptt/Gossiping/21430_2.txt, time: 6.490000
/bbs/Gossiping/M.1495883073.A.2C1.html download to ptt/Gossiping/21430_3.txt, time: 5.220000
/bbs/Gossiping/M.1495883127.A.99A.html download to ptt/Gossiping/21430_4.txt, time: 9.020000
/bbs/Gossiping/M.1495883154.A.596.html download to ptt/Gossiping/21430_5.txt, time: 4.320000
/bbs/Gossiping/M.1495883215.A.3B0.html download to ptt/Gossiping/21430_6.txt, time: 6.570000
/bbs/Gossiping/M.1495883284.A.959.html download to ptt/Gossiping/21430_7.txt, time: 4.980000
/bbs/Gossiping/M.1495883319.A.FEB.html download to ptt/Gossiping/21430_8.txt, time: 4.290000
/bbs/Gossiping/M.1495883324.A.088.html download to ptt/Gossiping/21430_9.txt, time: 6.500000
/bbs/Gossiping/M.1495883329.A.0F1.html download to ptt/Gossiping/21430_10.txt, time: 9.530000
/bbs/Gossiping/M.1495883335.A.887.html download to ptt/Gossiping/21430_11.txt, time: 4.210000
/bbs/Gossiping/M.1495883401.A.33D.html download to ptt/Gossiping/21430_12.txt, time: 4.750000
/bbs/Gossiping/M.1495883524.A.8F4.html download to ptt/Gossiping/21430_13.txt, time: 5.940000
/bbs/Gossiping/M.1495883534.A.142.html download to ptt/Gossiping/21430_14.txt, time: 6.310000
/bbs/Gossiping/M.1495883535.A.C98.html download to ptt/Gossiping/21430_15.txt, time: 5.010000
/bbs/Gossiping/M.1495883557.A.2C3.html download to ptt/Gossiping/21430_16.txt, time: 4.420000
/bbs/Gossiping/M.1495883559.A.03F.html download to ptt/Gossiping/21430_17.txt, time: 3.950000
/bbs/Gossiping/M.1495883577.A.DE5.html download to ptt/Gossiping/21430_18.txt, time: 3.490000
/bbs/Gossiping/M.1495883759.A.A12.html download to ptt/Gossiping/21430_19.txt, time: 3.880000
page 21429
/bbs/Gossiping/M.1495882533.A.861.html download to ptt/Gossiping/21429_0.txt, time: 4.820000
/bbs/Gossiping/M.1495882538.A.9F7.html download to ptt/Gossiping/21429_1.txt, time: 5.270000
/bbs/Gossiping/M.1495882573.A.2DC.html download to ptt/Gossiping/21429_2.txt, time: 5.580000
/bbs/Gossiping/M.1495882586.A.E2F.html download to ptt/Gossiping/21429_3.txt, time: 4.190000
/bbs/Gossiping/M.1495882591.A.B0D.html download to ptt/Gossiping/21429_4.txt, time: 4.450000
/bbs/Gossiping/M.1495882613.A.7C1.html download to ptt/Gossiping/21429_5.txt, time: 5.020000
/bbs/Gossiping/M.1495882681.A.7C3.html download to ptt/Gossiping/21429_6.txt, time: 6.050000
/bbs/Gossiping/M.1495882710.A.1CB.html download to ptt/Gossiping/21429_7.txt, time: 4.860000
/bbs/Gossiping/M.1495882712.A.60D.html download to ptt/Gossiping/21429_8.txt, time: 5.990000
/bbs/Gossiping/M.1495882721.A.390.html download to ptt/Gossiping/21429_9.txt, time: 3.830000
/bbs/Gossiping/M.1495882727.A.B49.html download to ptt/Gossiping/21429_10.txt, time: 3.910000
/bbs/Gossiping/M.1495882749.A.9DB.html download to ptt/Gossiping/21429_11.txt, time: 5.690000
/bbs/Gossiping/M.1495882755.A.7B9.html download to ptt/Gossiping/21429_12.txt, time: 5.080000
/bbs/Gossiping/M.1495882870.A.A5B.html download to ptt/Gossiping/21429_13.txt, time: 7.250000
/bbs/Gossiping/M.1495882914.A.F0A.html download to ptt/Gossiping/21429_14.txt, time: 6.620000
/bbs/Gossiping/M.1495882925.A.8A0.html download to ptt/Gossiping/21429_15.txt, time: 5.100000
/bbs/Gossiping/M.1495882929.A.B42.html download to ptt/Gossiping/21429_16.txt, time: 3.810000
/bbs/Gossiping/M.1495882968.A.C9A.html download to ptt/Gossiping/21429_17.txt, time: 7.110000
/bbs/Gossiping/M.1495882976.A.6B9.html download to ptt/Gossiping/21429_18.txt, time: 8.980000
/bbs/Gossiping/M.1495882987.A.236.html download to ptt/Gossiping/21429_19.txt, time: 4.900000
page 21428
/bbs/Gossiping/M.1495882131.A.08C.html download to ptt/Gossiping/21428_0.txt, time: 11.790000
/bbs/Gossiping/M.1495882145.A.59F.html download to ptt/Gossiping/21428_1.txt, time: 8.070000
/bbs/Gossiping/M.1495882186.A.D62.html download to ptt/Gossiping/21428_2.txt, time: 8.270000
/bbs/Gossiping/M.1495882193.A.F12.html download to ptt/Gossiping/21428_3.txt, time: 5.000000
/bbs/Gossiping/M.1495882203.A.450.html download to ptt/Gossiping/21428_4.txt, time: 5.360000
/bbs/Gossiping/M.1495882229.A.1DD.html download to ptt/Gossiping/21428_5.txt, time: 7.570000
/bbs/Gossiping/M.1495882304.A.9FF.html download to ptt/Gossiping/21428_6.txt, time: 8.360000
/bbs/Gossiping/M.1495882322.A.D20.html download to ptt/Gossiping/21428_7.txt, time: 6.080000
/bbs/Gossiping/M.1495882334.A.275.html download to ptt/Gossiping/21428_8.txt, time: 4.830000
/bbs/Gossiping/M.1495882371.A.68B.html download to ptt/Gossiping/21428_9.txt, time: 5.430000
/bbs/Gossiping/M.1495882372.A.347.html download to ptt/Gossiping/21428_10.txt, time: 3.910000
/bbs/Gossiping/M.1495882383.A.03B.html download to ptt/Gossiping/21428_11.txt, time: 5.060000
/bbs/Gossiping/M.1495882390.A.71B.html download to ptt/Gossiping/21428_12.txt, time: 4.170000
/bbs/Gossiping/M.1495882395.A.DD6.html download to ptt/Gossiping/21428_13.txt, time: 5.120000
/bbs/Gossiping/M.1495882427.A.ED9.html download to ptt/Gossiping/21428_14.txt, time: 4.880000
/bbs/Gossiping/M.1495882471.A.3E5.html download to ptt/Gossiping/21428_15.txt, time: 4.470000
/bbs/Gossiping/M.1495882492.A.C02.html download to ptt/Gossiping/21428_16.txt, time: 3.400000
/bbs/Gossiping/M.1495882499.A.57E.html download to ptt/Gossiping/21428_17.txt, time: 4.350000
/bbs/Gossiping/M.1495882502.A.303.html download to ptt/Gossiping/21428_18.txt, time: 3.220000
/bbs/Gossiping/M.1495882525.A.B4F.html download to ptt/Gossiping/21428_19.txt, time: 5.140000
page 21427
/bbs/Gossiping/M.1495881499.A.512.html download to ptt/Gossiping/21427_0.txt, time: 3.570000
/bbs/Gossiping/M.1495881506.A.F31.html download to ptt/Gossiping/21427_1.txt, time: 2.860000
/bbs/Gossiping/M.1495881542.A.EA0.html download to ptt/Gossiping/21427_2.txt, time: 4.160000
/bbs/Gossiping/M.1495881595.A.F25.html download to ptt/Gossiping/21427_3.txt, time: 4.650000
/bbs/Gossiping/M.1495881612.A.382.html download to ptt/Gossiping/21427_4.txt, time: 4.960000
/bbs/Gossiping/M.1495881617.A.11E.html download to ptt/Gossiping/21427_5.txt, time: 5.760000
/bbs/Gossiping/M.1495881623.A.304.html download to ptt/Gossiping/21427_6.txt, time: 2.980000
/bbs/Gossiping/M.1495881652.A.CD5.html download to ptt/Gossiping/21427_7.txt, time: 4.660000
/bbs/Gossiping/M.1495881714.A.90C.html download to ptt/Gossiping/21427_8.txt, time: 3.230000
/bbs/Gossiping/M.1495881746.A.BF7.html download to ptt/Gossiping/21427_9.txt, time: 3.970000
/bbs/Gossiping/M.1495881765.A.9CF.html download to ptt/Gossiping/21427_10.txt, time: 4.190000
/bbs/Gossiping/M.1495881806.A.2C4.html download to ptt/Gossiping/21427_11.txt, time: 4.700000
/bbs/Gossiping/M.1495881872.A.BF3.html download to ptt/Gossiping/21427_12.txt, time: 2.220000
/bbs/Gossiping/M.1495881980.A.3FD.html download to ptt/Gossiping/21427_13.txt, time: 4.120000
/bbs/Gossiping/M.1495882005.A.BA3.html download to ptt/Gossiping/21427_14.txt, time: 5.380000
/bbs/Gossiping/M.1495882006.A.0AE.html download to ptt/Gossiping/21427_15.txt, time: 3.790000
/bbs/Gossiping/M.1495882022.A.EA2.html download to ptt/Gossiping/21427_16.txt, time: 7.260000
/bbs/Gossiping/M.1495882032.A.C38.html download to ptt/Gossiping/21427_17.txt, time: 3.480000
/bbs/Gossiping/M.1495882106.A.E98.html download to ptt/Gossiping/21427_18.txt, time: 4.600000
/bbs/Gossiping/M.1495882122.A.04D.html download to ptt/Gossiping/21427_19.txt, time: 5.260000
page 21426
/bbs/Gossiping/M.1495880997.A.154.html download to ptt/Gossiping/21426_0.txt, time: 3.390000
/bbs/Gossiping/M.1495881086.A.AF0.html download to ptt/Gossiping/21426_1.txt, time: 5.240000
/bbs/Gossiping/M.1495881165.A.457.html download to ptt/Gossiping/21426_2.txt, time: 5.490000
/bbs/Gossiping/M.1495881201.A.533.html download to ptt/Gossiping/21426_3.txt, time: 4.510000
/bbs/Gossiping/M.1495881231.A.4FC.html download to ptt/Gossiping/21426_4.txt, time: 3.680000
/bbs/Gossiping/M.1495881235.A.6B8.html download to ptt/Gossiping/21426_5.txt, time: 3.040000
/bbs/Gossiping/M.1495881235.A.920.html download to ptt/Gossiping/21426_6.txt, time: 5.700000
/bbs/Gossiping/M.1495881248.A.DFE.html download to ptt/Gossiping/21426_7.txt, time: 2.940000
/bbs/Gossiping/M.1495881260.A.C25.html download to ptt/Gossiping/21426_8.txt, time: 3.360000
/bbs/Gossiping/M.1495881260.A.DAA.html download to ptt/Gossiping/21426_9.txt, time: 4.260000
/bbs/Gossiping/M.1495881267.A.E2B.html download to ptt/Gossiping/21426_10.txt, time: 3.910000
/bbs/Gossiping/M.1495881301.A.649.html download to ptt/Gossiping/21426_11.txt, time: 3.620000
/bbs/Gossiping/M.1495881342.A.78A.html download to ptt/Gossiping/21426_12.txt, time: 3.400000
/bbs/Gossiping/M.1495881362.A.45E.html download to ptt/Gossiping/21426_13.txt, time: 2.740000
/bbs/Gossiping/M.1495881367.A.288.html download to ptt/Gossiping/21426_14.txt, time: 2.630000
/bbs/Gossiping/M.1495881377.A.644.html download to ptt/Gossiping/21426_15.txt, time: 4.190000
/bbs/Gossiping/M.1495881401.A.CF1.html download to ptt/Gossiping/21426_16.txt, time: 6.530000
/bbs/Gossiping/M.1495881406.A.A78.html download to ptt/Gossiping/21426_17.txt, time: 4.700000
/bbs/Gossiping/M.1495881416.A.3EF.html download to ptt/Gossiping/21426_18.txt, time: 3.240000
/bbs/Gossiping/M.1495881450.A.360.html download to ptt/Gossiping/21426_19.txt, time: 2.770000
time: 551.7915954589844 seconds
