page 21440
/bbs/Gossiping/M.1495888862.A.9C0.html download to ptt/Gossiping/21440_0.txt, time: 5.300000
/bbs/Gossiping/M.1495888903.A.79E.html download to ptt/Gossiping/21440_1.txt, time: 7.410000
/bbs/Gossiping/M.1495888913.A.DAF.html download to ptt/Gossiping/21440_2.txt, time: 4.480000
/bbs/Gossiping/M.1495888995.A.2F8.html download to ptt/Gossiping/21440_3.txt, time: 3.910000
/bbs/Gossiping/M.1495889023.A.AD1.html download to ptt/Gossiping/21440_4.txt, time: 3.900000
/bbs/Gossiping/M.1495889030.A.177.html download to ptt/Gossiping/21440_5.txt, time: 8.090000
/bbs/Gossiping/M.1495889035.A.60C.html download to ptt/Gossiping/21440_6.txt, time: 5.360000
/bbs/Gossiping/M.1495889046.A.D9C.html download to ptt/Gossiping/21440_7.txt, time: 3.720000
/bbs/Gossiping/M.1495889062.A.4D5.html download to ptt/Gossiping/21440_8.txt, time: 3.790000
/bbs/Gossiping/M.1495889074.A.F1D.html download to ptt/Gossiping/21440_9.txt, time: 3.430000
/bbs/Gossiping/M.1495889143.A.268.html download to ptt/Gossiping/21440_10.txt, time: 4.860000
/bbs/Gossiping/M.1495889180.A.65D.html download to ptt/Gossiping/21440_11.txt, time: 3.210000
/bbs/Gossiping/M.1495889220.A.BF1.html download to ptt/Gossiping/21440_12.txt, time: 5.730000
/bbs/Gossiping/M.1495889243.A.97A.html download to ptt/Gossiping/21440_13.txt, time: 8.450000
/bbs/Gossiping/M.1495889322.A.08D.html download to ptt/Gossiping/21440_14.txt, time: 5.110000
/bbs/Gossiping/M.1495889323.A.55E.html download to ptt/Gossiping/21440_15.txt, time: 4.150000
/bbs/Gossiping/M.1495889352.A.0BF.html download to ptt/Gossiping/21440_16.txt, time: 5.970000
/bbs/Gossiping/M.1495889367.A.4FF.html download to ptt/Gossiping/21440_17.txt, time: 6.340000
/bbs/Gossiping/M.1495889390.A.638.html download to ptt/Gossiping/21440_18.txt, time: 4.820000
/bbs/Gossiping/M.1495889392.A.DDB.html download to ptt/Gossiping/21440_19.txt, time: 6.160000
page 21439
/bbs/Gossiping/M.1495888306.A.90E.html download to ptt/Gossiping/21439_0.txt, time: 3.580000
/bbs/Gossiping/M.1495888367.A.D37.html download to ptt/Gossiping/21439_1.txt, time: 4.770000
/bbs/Gossiping/M.1495888374.A.8FE.html download to ptt/Gossiping/21439_2.txt, time: 5.300000
/bbs/Gossiping/M.1495888404.A.B80.html download to ptt/Gossiping/21439_3.txt, time: 5.550000
/bbs/Gossiping/M.1495888445.A.3BC.html download to ptt/Gossiping/21439_4.txt, time: 4.090000
/bbs/Gossiping/M.1495888448.A.6A5.html download to ptt/Gossiping/21439_5.txt, time: 4.880000
/bbs/Gossiping/M.1495888479.A.DC0.html download to ptt/Gossiping/21439_6.txt, time: 5.640000
/bbs/Gossiping/M.1495888480.A.9D0.html download to ptt/Gossiping/21439_7.txt, time: 5.500000
/bbs/Gossiping/M.1495888522.A.5D8.html download to ptt/Gossiping/21439_8.txt, time: 3.500000
/bbs/Gossiping/M.1495888524.A.88F.html download to ptt/Gossiping/21439_9.txt, time: 5.580000
/bbs/Gossiping/M.1495888598.A.356.html download to ptt/Gossiping/21439_10.txt, time: 5.210000
/bbs/Gossiping/M.1495888608.A.42D.html download to ptt/Gossiping/21439_11.txt, time: 5.960000
/bbs/Gossiping/M.1495888623.A.E9A.html download to ptt/Gossiping/21439_12.txt, time: 4.850000
/bbs/Gossiping/M.1495888628.A.8F7.html download to ptt/Gossiping/21439_13.txt, time: 7.250000
/bbs/Gossiping/M.1495888728.A.B57.html download to ptt/Gossiping/21439_14.txt, time: 5.160000
/bbs/Gossiping/M.1495888730.A.175.html download to ptt/Gossiping/21439_15.txt, time: 7.420000
/bbs/Gossiping/M.1495888762.A.827.html download to ptt/Gossiping/21439_16.txt, time: 5.600000
/bbs/Gossiping/M.1495888768.A.FA0.html download to ptt/Gossiping/21439_17.txt, time: 5.230000
/bbs/Gossiping/M.1495888783.A.FE3.html download to ptt/Gossiping/21439_18.txt, time: 7.520000
/bbs/Gossiping/M.1495888837.A.1F2.html download to ptt/Gossiping/21439_19.txt, time: 4.620000
page 21438
/bbs/Gossiping/M.1495887687.A.37D.html download to ptt/Gossiping/21438_0.txt, time: 5.290000
/bbs/Gossiping/M.1495887698.A.D1A.html download to ptt/Gossiping/21438_1.txt, time: 5.990000
/bbs/Gossiping/M.1495887699.A.43F.html download to ptt/Gossiping/21438_2.txt, time: 8.740000
/bbs/Gossiping/M.1495887746.A.D88.html download to ptt/Gossiping/21438_3.txt, time: 9.060000
/bbs/Gossiping/M.1495887817.A.90A.html download to ptt/Gossiping/21438_4.txt, time: 5.790000
/bbs/Gossiping/M.1495887854.A.6C9.html download to ptt/Gossiping/21438_5.txt, time: 10.620000
/bbs/Gossiping/M.1495887884.A.BA7.html download to ptt/Gossiping/21438_6.txt, time: 7.080000
/bbs/Gossiping/M.1495887894.A.718.html download to ptt/Gossiping/21438_7.txt, time: 7.890000
/bbs/Gossiping/M.1495887900.A.1EF.html download to ptt/Gossiping/21438_8.txt, time: 11.060000
/bbs/Gossiping/M.1495887924.A.B4F.html download to ptt/Gossiping/21438_9.txt, time: 4.400000
/bbs/Gossiping/M.1495887973.A.0DB.html download to ptt/Gossiping/21438_10.txt, time: 7.200000
/bbs/Gossiping/M.1495887984.A.7F7.html download to ptt/Gossiping/21438_11.txt, time: 6.380000
/bbs/Gossiping/M.1495888007.A.7D5.html download to ptt/Gossiping/21438_12.txt, time: 3.600000
/bbs/Gossiping/M.1495888010.A.71E.html download to ptt/Gossiping/21438_13.txt, time: 4.540000
/bbs/Gossiping/M.1495888104.A.EBB.html download to ptt/Gossiping/21438_14.txt, time: 3.290000
/bbs/Gossiping/M.1495888108.A.48B.html download to ptt/Gossiping/21438_15.txt, time: 6.500000
/bbs/Gossiping/M.1495888121.A.4BD.html download to ptt/Gossiping/21438_16.txt, time: 5.890000
/bbs/Gossiping/M.1495888199.A.64A.html download to ptt/Gossiping/21438_17.txt, time: 4.180000
/bbs/Gossiping/M.1495888249.A.589.html download to ptt/Gossiping/21438_18.txt, time: 4.530000
/bbs/Gossiping/M.1495888278.A.08C.html download to ptt/Gossiping/21438_19.txt, time: 4.150000
page 21437
/bbs/Gossiping/M.1495887049.A.780.html download to ptt/Gossiping/21437_0.txt, time: 3.890000
/bbs/Gossiping/M.1495887054.A.3B0.html download to ptt/Gossiping/21437_1.txt, time: 4.700000
/bbs/Gossiping/M.1495887072.A.612.html download to ptt/Gossiping/21437_2.txt, time: 3.990000
/bbs/Gossiping/M.1495887078.A.E41.html download to ptt/Gossiping/21437_3.txt, time: 3.200000
/bbs/Gossiping/M.1495887098.A.5A2.html download to ptt/Gossiping/21437_4.txt, time: 2.990000
/bbs/Gossiping/M.1495887191.A.D84.html download to ptt/Gossiping/21437_5.txt, time: 3.920000
/bbs/Gossiping/M.1495887209.A.77D.html download to ptt/Gossiping/21437_6.txt, time: 3.960000
/bbs/Gossiping/M.1495887251.A.38A.html download to ptt/Gossiping/21437_7.txt, time: 3.680000
/bbs/Gossiping/M.1495887295.A.ED7.html download to ptt/Gossiping/21437_8.txt, time: 5.590000
/bbs/Gossiping/M.1495887315.A.63A.html download to ptt/Gossiping/21437_9.txt, time: 3.790000
/bbs/Gossiping/M.1495887326.A.EE8.html download to ptt/Gossiping/21437_10.txt, time: 3.880000
/bbs/Gossiping/M.1495887364.A.AA0.html download to ptt/Gossiping/21437_11.txt, time: 5.400000
/bbs/Gossiping/M.1495887375.A.D87.html download to ptt/Gossiping/21437_12.txt, time: 5.600000
/bbs/Gossiping/M.1495887452.A.CDA.html download to ptt/Gossiping/21437_13.txt, time: 4.860000
/bbs/Gossiping/M.1495887479.A.FED.html download to ptt/Gossiping/21437_14.txt, time: 5.520000
/bbs/Gossiping/M.1495887502.A.3F0.html download to ptt/Gossiping/21437_15.txt, time: 7.070000
/bbs/Gossiping/M.1495887504.A.7AB.html download to ptt/Gossiping/21437_16.txt, time: 3.860000
/bbs/Gossiping/M.1495887553.A.F7C.html download to ptt/Gossiping/21437_17.txt, time: 3.330000
/bbs/Gossiping/M.1495887608.A.929.html download to ptt/Gossiping/21437_18.txt, time: 3.590000
/bbs/Gossiping/M.1495887609.A.093.html download to ptt/Gossiping/21437_19.txt, time: 5.730000
page 21436
/bbs/Gossiping/M.1495886452.A.902.html download to ptt/Gossiping/21436_0.txt, time: 4.550000
/bbs/Gossiping/M.1495886472.A.B15.html download to ptt/Gossiping/21436_1.txt, time: 6.050000
/bbs/Gossiping/M.1495886555.A.273.html download to ptt/Gossiping/21436_2.txt, time: 3.270000
/bbs/Gossiping/M.1495886568.A.FB1.html download to ptt/Gossiping/21436_3.txt, time: 3.710000
/bbs/Gossiping/M.1495886580.A.1D6.html download to ptt/Gossiping/21436_4.txt, time: 5.710000
/bbs/Gossiping/M.1495886611.A.19F.html download to ptt/Gossiping/21436_5.txt, time: 3.880000
/bbs/Gossiping/M.1495886632.A.C10.html download to ptt/Gossiping/21436_6.txt, time: 3.910000
/bbs/Gossiping/M.1495886678.A.F63.html download to ptt/Gossiping/21436_7.txt, time: 2.600000
/bbs/Gossiping/M.1495886692.A.B16.html download to ptt/Gossiping/21436_8.txt, time: 4.730000
/bbs/Gossiping/M.1495886755.A.C2F.html download to ptt/Gossiping/21436_9.txt, time: 2.770000
/bbs/Gossiping/M.1495886769.A.B2C.html download to ptt/Gossiping/21436_10.txt, time: 2.880000
/bbs/Gossiping/M.1495886789.A.A5C.html download to ptt/Gossiping/21436_11.txt, time: 2.910000
/bbs/Gossiping/M.1495886828.A.A4B.html download to ptt/Gossiping/21436_12.txt, time: 2.730000
/bbs/Gossiping/M.1495886840.A.792.html download to ptt/Gossiping/21436_13.txt, time: 2.740000
/bbs/Gossiping/M.1495886856.A.26C.html download to ptt/Gossiping/21436_14.txt, time: 2.270000
/bbs/Gossiping/M.1495886879.A.A7F.html download to ptt/Gossiping/21436_15.txt, time: 3.870000
/bbs/Gossiping/M.1495886955.A.476.html download to ptt/Gossiping/21436_16.txt, time: 5.080000
/bbs/Gossiping/M.1495886974.A.8C5.html download to ptt/Gossiping/21436_17.txt, time: 6.040000
/bbs/Gossiping/M.1495887032.A.B4F.html download to ptt/Gossiping/21436_18.txt, time: 2.010000
/bbs/Gossiping/M.1495887037.A.96E.html download to ptt/Gossiping/21436_19.txt, time: 2.750000
time: 557.7589137554169 seconds
