page 21450
/bbs/Gossiping/M.1495893856.A.DB8.html download to ptt/Gossiping/21450_0.txt, time: 5.230000
/bbs/Gossiping/M.1495893879.A.090.html download to ptt/Gossiping/21450_1.txt, time: 2.780000
/bbs/Gossiping/M.1495893909.A.0A6.html download to ptt/Gossiping/21450_2.txt, time: 5.100000
/bbs/Gossiping/M.1495893910.A.A7C.html download to ptt/Gossiping/21450_3.txt, time: 8.620000
/bbs/Gossiping/M.1495893949.A.9C2.html download to ptt/Gossiping/21450_4.txt, time: 3.620000
empty download to ptt/Gossiping/21450_5.txt, time: 0.000000
/bbs/Gossiping/M.1495893976.A.308.html download to ptt/Gossiping/21450_6.txt, time: 3.370000
/bbs/Gossiping/M.1495894014.A.432.html download to ptt/Gossiping/21450_7.txt, time: 5.730000
/bbs/Gossiping/M.1495894073.A.055.html download to ptt/Gossiping/21450_8.txt, time: 3.510000
/bbs/Gossiping/M.1495894091.A.CC6.html download to ptt/Gossiping/21450_9.txt, time: 5.170000
/bbs/Gossiping/M.1495894138.A.20F.html download to ptt/Gossiping/21450_10.txt, time: 5.180000
/bbs/Gossiping/M.1495894183.A.5B8.html download to ptt/Gossiping/21450_11.txt, time: 8.130000
/bbs/Gossiping/M.1495894186.A.846.html download to ptt/Gossiping/21450_12.txt, time: 4.300000
/bbs/Gossiping/M.1495894187.A.553.html download to ptt/Gossiping/21450_13.txt, time: 3.840000
/bbs/Gossiping/M.1495894213.A.42F.html download to ptt/Gossiping/21450_14.txt, time: 5.700000
/bbs/Gossiping/M.1495894278.A.131.html download to ptt/Gossiping/21450_15.txt, time: 6.690000
/bbs/Gossiping/M.1495894303.A.C77.html download to ptt/Gossiping/21450_16.txt, time: 3.660000
/bbs/Gossiping/M.1495894347.A.87C.html download to ptt/Gossiping/21450_17.txt, time: 3.540000
/bbs/Gossiping/M.1495894401.A.98A.html download to ptt/Gossiping/21450_18.txt, time: 4.150000
/bbs/Gossiping/M.1495894440.A.317.html download to ptt/Gossiping/21450_19.txt, time: 5.340000
page 21449
/bbs/Gossiping/M.1495893466.A.5D6.html download to ptt/Gossiping/21449_0.txt, time: 6.130000
/bbs/Gossiping/M.1495893466.A.3B2.html download to ptt/Gossiping/21449_1.txt, time: 6.220000
/bbs/Gossiping/M.1495893525.A.59A.html download to ptt/Gossiping/21449_2.txt, time: 5.030000
/bbs/Gossiping/M.1495893542.A.DEB.html download to ptt/Gossiping/21449_3.txt, time: 5.090000
/bbs/Gossiping/M.1495893585.A.E6F.html download to ptt/Gossiping/21449_4.txt, time: 5.610000
/bbs/Gossiping/M.1495893594.A.809.html download to ptt/Gossiping/21449_5.txt, time: 6.860000
/bbs/Gossiping/M.1495893599.A.DD0.html download to ptt/Gossiping/21449_6.txt, time: 3.140000
/bbs/Gossiping/M.1495893603.A.465.html download to ptt/Gossiping/21449_7.txt, time: 5.200000
/bbs/Gossiping/M.1495893617.A.FCD.html download to ptt/Gossiping/21449_8.txt, time: 4.180000
/bbs/Gossiping/M.1495893640.A.D03.html download to ptt/Gossiping/21449_9.txt, time: 4.240000
/bbs/Gossiping/M.1495893643.A.3CC.html download to ptt/Gossiping/21449_10.txt, time: 4.030000
/bbs/Gossiping/M.1495893691.A.0AF.html download to ptt/Gossiping/21449_11.txt, time: 2.760000
/bbs/Gossiping/M.1495893718.A.4E5.html download to ptt/Gossiping/21449_12.txt, time: 4.100000
/bbs/Gossiping/M.1495893722.A.6E9.html download to ptt/Gossiping/21449_13.txt, time: 5.250000
/bbs/Gossiping/M.1495893738.A.4A1.html download to ptt/Gossiping/21449_14.txt, time: 4.880000
/bbs/Gossiping/M.1495893782.A.41E.html download to ptt/Gossiping/21449_15.txt, time: 4.640000
/bbs/Gossiping/M.1495893808.A.4BB.html download to ptt/Gossiping/21449_16.txt, time: 4.500000
/bbs/Gossiping/M.1495893820.A.A85.html download to ptt/Gossiping/21449_17.txt, time: 4.720000
/bbs/Gossiping/M.1495893830.A.643.html download to ptt/Gossiping/21449_18.txt, time: 4.850000
/bbs/Gossiping/M.1495893835.A.567.html download to ptt/Gossiping/21449_19.txt, time: 7.150000
page 21448
/bbs/Gossiping/M.1495892991.A.3C5.html download to ptt/Gossiping/21448_0.txt, time: 7.600000
/bbs/Gossiping/M.1495892996.A.194.html download to ptt/Gossiping/21448_1.txt, time: 11.570000
/bbs/Gossiping/M.1495893012.A.2B3.html download to ptt/Gossiping/21448_2.txt, time: 14.540000
/bbs/Gossiping/M.1495893051.A.C6F.html download to ptt/Gossiping/21448_3.txt, time: 9.340000
/bbs/Gossiping/M.1495893072.A.BD7.html download to ptt/Gossiping/21448_4.txt, time: 3.650000
/bbs/Gossiping/M.1495893076.A.0D5.html download to ptt/Gossiping/21448_5.txt, time: 6.710000
/bbs/Gossiping/M.1495893118.A.799.html download to ptt/Gossiping/21448_6.txt, time: 5.270000
/bbs/Gossiping/M.1495893126.A.FC8.html download to ptt/Gossiping/21448_7.txt, time: 3.950000
/bbs/Gossiping/M.1495893173.A.E48.html download to ptt/Gossiping/21448_8.txt, time: 3.890000
/bbs/Gossiping/M.1495893247.A.1A9.html download to ptt/Gossiping/21448_9.txt, time: 5.390000
/bbs/Gossiping/M.1495893252.A.991.html download to ptt/Gossiping/21448_10.txt, time: 7.460000
/bbs/Gossiping/M.1495893258.A.8A4.html download to ptt/Gossiping/21448_11.txt, time: 11.730000
/bbs/Gossiping/M.1495893286.A.214.html download to ptt/Gossiping/21448_12.txt, time: 4.810000
/bbs/Gossiping/M.1495893314.A.F97.html download to ptt/Gossiping/21448_13.txt, time: 8.240000
/bbs/Gossiping/M.1495893335.A.835.html download to ptt/Gossiping/21448_14.txt, time: 5.010000
/bbs/Gossiping/M.1495893363.A.4D4.html download to ptt/Gossiping/21448_15.txt, time: 3.570000
/bbs/Gossiping/M.1495893376.A.DC4.html download to ptt/Gossiping/21448_16.txt, time: 5.280000
/bbs/Gossiping/M.1495893376.A.9BA.html download to ptt/Gossiping/21448_17.txt, time: 3.230000
/bbs/Gossiping/M.1495893381.A.16A.html download to ptt/Gossiping/21448_18.txt, time: 3.900000
/bbs/Gossiping/M.1495893462.A.0F6.html download to ptt/Gossiping/21448_19.txt, time: 3.160000
page 21447
/bbs/Gossiping/M.1495892681.A.FA5.html download to ptt/Gossiping/21447_0.txt, time: 4.270000
/bbs/Gossiping/M.1495892709.A.16A.html download to ptt/Gossiping/21447_1.txt, time: 4.950000
/bbs/Gossiping/M.1495892749.A.A3E.html download to ptt/Gossiping/21447_2.txt, time: 4.420000
/bbs/Gossiping/M.1495892751.A.7B4.html download to ptt/Gossiping/21447_3.txt, time: 3.000000
/bbs/Gossiping/M.1495892773.A.B30.html download to ptt/Gossiping/21447_4.txt, time: 3.660000
/bbs/Gossiping/M.1495892788.A.724.html download to ptt/Gossiping/21447_5.txt, time: 6.060000
/bbs/Gossiping/M.1495892816.A.0D3.html download to ptt/Gossiping/21447_6.txt, time: 4.620000
/bbs/Gossiping/M.1495892833.A.C01.html download to ptt/Gossiping/21447_7.txt, time: 3.800000
/bbs/Gossiping/M.1495892858.A.A04.html download to ptt/Gossiping/21447_8.txt, time: 4.640000
/bbs/Gossiping/M.1495892889.A.0EB.html download to ptt/Gossiping/21447_9.txt, time: 5.370000
/bbs/Gossiping/M.1495892898.A.BC4.html download to ptt/Gossiping/21447_10.txt, time: 3.010000
/bbs/Gossiping/M.1495892904.A.FBF.html download to ptt/Gossiping/21447_11.txt, time: 5.250000
/bbs/Gossiping/M.1495892923.A.F74.html download to ptt/Gossiping/21447_12.txt, time: 4.770000
/bbs/Gossiping/M.1495892928.A.F78.html download to ptt/Gossiping/21447_13.txt, time: 7.970000
/bbs/Gossiping/M.1495892931.A.FB6.html download to ptt/Gossiping/21447_14.txt, time: 5.420000
/bbs/Gossiping/M.1495892932.A.D83.html download to ptt/Gossiping/21447_15.txt, time: 5.260000
/bbs/Gossiping/M.1495892939.A.D1E.html download to ptt/Gossiping/21447_16.txt, time: 3.490000
/bbs/Gossiping/M.1495892946.A.324.html download to ptt/Gossiping/21447_17.txt, time: 3.290000
/bbs/Gossiping/M.1495892964.A.5A4.html download to ptt/Gossiping/21447_18.txt, time: 3.760000
/bbs/Gossiping/M.1495892988.A.E8C.html download to ptt/Gossiping/21447_19.txt, time: 3.480000
page 21446
/bbs/Gossiping/M.1495892177.A.C15.html download to ptt/Gossiping/21446_0.txt, time: 3.550000
/bbs/Gossiping/M.1495892225.A.1D4.html download to ptt/Gossiping/21446_1.txt, time: 3.220000
/bbs/Gossiping/M.1495892260.A.0E3.html download to ptt/Gossiping/21446_2.txt, time: 2.920000
/bbs/Gossiping/M.1495892277.A.51A.html download to ptt/Gossiping/21446_3.txt, time: 3.600000
/bbs/Gossiping/M.1495892303.A.9B8.html download to ptt/Gossiping/21446_4.txt, time: 3.270000
/bbs/Gossiping/M.1495892311.A.0B2.html download to ptt/Gossiping/21446_5.txt, time: 4.470000
/bbs/Gossiping/M.1495892349.A.238.html download to ptt/Gossiping/21446_6.txt, time: 4.840000
/bbs/Gossiping/M.1495892354.A.5C1.html download to ptt/Gossiping/21446_7.txt, time: 4.790000
/bbs/Gossiping/M.1495892364.A.F9A.html download to ptt/Gossiping/21446_8.txt, time: 4.180000
/bbs/Gossiping/M.1495892385.A.57C.html download to ptt/Gossiping/21446_9.txt, time: 2.800000
/bbs/Gossiping/M.1495892394.A.26E.html download to ptt/Gossiping/21446_10.txt, time: 4.530000
/bbs/Gossiping/M.1495892448.A.A7A.html download to ptt/Gossiping/21446_11.txt, time: 3.110000
/bbs/Gossiping/M.1495892491.A.085.html download to ptt/Gossiping/21446_12.txt, time: 4.250000
/bbs/Gossiping/M.1495892515.A.C94.html download to ptt/Gossiping/21446_13.txt, time: 4.620000
/bbs/Gossiping/M.1495892554.A.91B.html download to ptt/Gossiping/21446_14.txt, time: 3.940000
empty download to ptt/Gossiping/21446_15.txt, time: 0.000000
/bbs/Gossiping/M.1495892611.A.AB3.html download to ptt/Gossiping/21446_16.txt, time: 2.610000
/bbs/Gossiping/M.1495892616.A.7B3.html download to ptt/Gossiping/21446_17.txt, time: 2.160000
/bbs/Gossiping/M.1495892644.A.872.html download to ptt/Gossiping/21446_18.txt, time: 2.260000
/bbs/Gossiping/M.1495892644.A.30F.html download to ptt/Gossiping/21446_19.txt, time: 2.380000
time: 538.2770302295685 seconds
