page 21460
/bbs/Gossiping/M.1495898695.A.1F4.html download to ptt/Gossiping/21460_0.txt, time: 4.500000
/bbs/Gossiping/M.1495898703.A.CD2.html download to ptt/Gossiping/21460_1.txt, time: 5.180000
/bbs/Gossiping/M.1495898722.A.DFE.html download to ptt/Gossiping/21460_2.txt, time: 5.260000
/bbs/Gossiping/M.1495898722.A.6E2.html download to ptt/Gossiping/21460_3.txt, time: 4.630000
/bbs/Gossiping/M.1495898730.A.3F2.html download to ptt/Gossiping/21460_4.txt, time: 4.810000
/bbs/Gossiping/M.1495898743.A.B60.html download to ptt/Gossiping/21460_5.txt, time: 3.800000
/bbs/Gossiping/M.1495898794.A.F93.html download to ptt/Gossiping/21460_6.txt, time: 6.580000
/bbs/Gossiping/M.1495898804.A.268.html download to ptt/Gossiping/21460_7.txt, time: 5.290000
/bbs/Gossiping/M.1495898841.A.69F.html download to ptt/Gossiping/21460_8.txt, time: 3.620000
/bbs/Gossiping/M.1495898843.A.1C5.html download to ptt/Gossiping/21460_9.txt, time: 4.950000
/bbs/Gossiping/M.1495898859.A.64B.html download to ptt/Gossiping/21460_10.txt, time: 3.650000
/bbs/Gossiping/M.1495898871.A.7A1.html download to ptt/Gossiping/21460_11.txt, time: 4.560000
/bbs/Gossiping/M.1495898874.A.5E1.html download to ptt/Gossiping/21460_12.txt, time: 3.940000
/bbs/Gossiping/M.1495898876.A.AC4.html download to ptt/Gossiping/21460_13.txt, time: 6.400000
/bbs/Gossiping/M.1495898893.A.BDD.html download to ptt/Gossiping/21460_14.txt, time: 5.950000
/bbs/Gossiping/M.1495898999.A.A54.html download to ptt/Gossiping/21460_15.txt, time: 4.810000
/bbs/Gossiping/M.1495899018.A.24C.html download to ptt/Gossiping/21460_16.txt, time: 5.510000
/bbs/Gossiping/M.1495899037.A.F81.html download to ptt/Gossiping/21460_17.txt, time: 4.030000
/bbs/Gossiping/M.1495899038.A.BA7.html download to ptt/Gossiping/21460_18.txt, time: 3.530000
/bbs/Gossiping/M.1495899064.A.42D.html download to ptt/Gossiping/21460_19.txt, time: 2.550000
page 21459
/bbs/Gossiping/M.1495898311.A.018.html download to ptt/Gossiping/21459_0.txt, time: 6.650000
/bbs/Gossiping/M.1495898330.A.77A.html download to ptt/Gossiping/21459_1.txt, time: 4.340000
/bbs/Gossiping/M.1495898337.A.D40.html download to ptt/Gossiping/21459_2.txt, time: 5.970000
/bbs/Gossiping/M.1495898348.A.1AC.html download to ptt/Gossiping/21459_3.txt, time: 6.230000
/bbs/Gossiping/M.1495898350.A.822.html download to ptt/Gossiping/21459_4.txt, time: 6.030000
/bbs/Gossiping/M.1495898420.A.B86.html download to ptt/Gossiping/21459_5.txt, time: 5.950000
/bbs/Gossiping/M.1495898453.A.302.html download to ptt/Gossiping/21459_6.txt, time: 4.690000
/bbs/Gossiping/M.1495898461.A.CC6.html download to ptt/Gossiping/21459_7.txt, time: 5.610000
/bbs/Gossiping/M.1495898471.A.708.html download to ptt/Gossiping/21459_8.txt, time: 4.400000
/bbs/Gossiping/M.1495898476.A.326.html download to ptt/Gossiping/21459_9.txt, time: 5.410000
/bbs/Gossiping/M.1495898483.A.5C7.html download to ptt/Gossiping/21459_10.txt, time: 4.640000
/bbs/Gossiping/M.1495898525.A.94C.html download to ptt/Gossiping/21459_11.txt, time: 4.510000
/bbs/Gossiping/M.1495898552.A.4B8.html download to ptt/Gossiping/21459_12.txt, time: 3.790000
/bbs/Gossiping/M.1495898553.A.B54.html download to ptt/Gossiping/21459_13.txt, time: 6.410000
/bbs/Gossiping/M.1495898623.A.A3E.html download to ptt/Gossiping/21459_14.txt, time: 5.330000
/bbs/Gossiping/M.1495898624.A.6AE.html download to ptt/Gossiping/21459_15.txt, time: 6.430000
/bbs/Gossiping/M.1495898638.A.7BA.html download to ptt/Gossiping/21459_16.txt, time: 4.630000
/bbs/Gossiping/M.1495898647.A.182.html download to ptt/Gossiping/21459_17.txt, time: 4.110000
/bbs/Gossiping/M.1495898651.A.60E.html download to ptt/Gossiping/21459_18.txt, time: 4.050000
/bbs/Gossiping/M.1495898660.A.AC4.html download to ptt/Gossiping/21459_19.txt, time: 4.400000
page 21458
/bbs/Gossiping/M.1495898021.A.2E0.html download to ptt/Gossiping/21458_0.txt, time: 4.420000
/bbs/Gossiping/M.1495898022.A.B5F.html download to ptt/Gossiping/21458_1.txt, time: 4.980000
/bbs/Gossiping/M.1495898032.A.956.html download to ptt/Gossiping/21458_2.txt, time: 4.540000
/bbs/Gossiping/M.1495898050.A.BDE.html download to ptt/Gossiping/21458_3.txt, time: 4.830000
/bbs/Gossiping/M.1495898058.A.D21.html download to ptt/Gossiping/21458_4.txt, time: 6.130000
/bbs/Gossiping/M.1495898071.A.0ED.html download to ptt/Gossiping/21458_5.txt, time: 9.550000
/bbs/Gossiping/M.1495898085.A.518.html download to ptt/Gossiping/21458_6.txt, time: 4.690000
/bbs/Gossiping/M.1495898089.A.BC3.html download to ptt/Gossiping/21458_7.txt, time: 10.740000
/bbs/Gossiping/M.1495898125.A.806.html download to ptt/Gossiping/21458_8.txt, time: 5.250000
/bbs/Gossiping/M.1495898136.A.B2C.html download to ptt/Gossiping/21458_9.txt, time: 4.410000
/bbs/Gossiping/M.1495898160.A.A56.html download to ptt/Gossiping/21458_10.txt, time: 7.890000
/bbs/Gossiping/M.1495898177.A.57C.html download to ptt/Gossiping/21458_11.txt, time: 6.140000
/bbs/Gossiping/M.1495898186.A.240.html download to ptt/Gossiping/21458_12.txt, time: 14.730000
/bbs/Gossiping/M.1495898199.A.595.html download to ptt/Gossiping/21458_13.txt, time: 4.550000
/bbs/Gossiping/M.1495898202.A.835.html download to ptt/Gossiping/21458_14.txt, time: 3.590000
/bbs/Gossiping/M.1495898239.A.3CA.html download to ptt/Gossiping/21458_15.txt, time: 5.680000
/bbs/Gossiping/M.1495898273.A.EE5.html download to ptt/Gossiping/21458_16.txt, time: 4.740000
/bbs/Gossiping/M.1495898273.A.8CF.html download to ptt/Gossiping/21458_17.txt, time: 4.650000
/bbs/Gossiping/M.1495898286.A.96C.html download to ptt/Gossiping/21458_18.txt, time: 3.640000
/bbs/Gossiping/M.1495898291.A.CC6.html download to ptt/Gossiping/21458_19.txt, time: 3.660000
page 21457
/bbs/Gossiping/M.1495897627.A.938.html download to ptt/Gossiping/21457_0.txt, time: 3.770000
/bbs/Gossiping/M.1495897632.A.D9E.html download to ptt/Gossiping/21457_1.txt, time: 5.240000
/bbs/Gossiping/M.1495897642.A.72C.html download to ptt/Gossiping/21457_2.txt, time: 3.800000
/bbs/Gossiping/M.1495897698.A.5BC.html download to ptt/Gossiping/21457_3.txt, time: 4.360000
/bbs/Gossiping/M.1495897738.A.062.html download to ptt/Gossiping/21457_4.txt, time: 3.180000
/bbs/Gossiping/M.1495897804.A.10B.html download to ptt/Gossiping/21457_5.txt, time: 3.180000
/bbs/Gossiping/M.1495897804.A.942.html download to ptt/Gossiping/21457_6.txt, time: 3.350000
/bbs/Gossiping/M.1495897819.A.369.html download to ptt/Gossiping/21457_7.txt, time: 4.600000
/bbs/Gossiping/M.1495897830.A.584.html download to ptt/Gossiping/21457_8.txt, time: 5.130000
/bbs/Gossiping/M.1495897845.A.5A6.html download to ptt/Gossiping/21457_9.txt, time: 3.630000
/bbs/Gossiping/M.1495897864.A.358.html download to ptt/Gossiping/21457_10.txt, time: 3.460000
/bbs/Gossiping/M.1495897865.A.7DA.html download to ptt/Gossiping/21457_11.txt, time: 5.710000
/bbs/Gossiping/M.1495897890.A.F38.html download to ptt/Gossiping/21457_12.txt, time: 4.410000
/bbs/Gossiping/M.1495897892.A.452.html download to ptt/Gossiping/21457_13.txt, time: 4.460000
/bbs/Gossiping/M.1495897898.A.560.html download to ptt/Gossiping/21457_14.txt, time: 4.380000
/bbs/Gossiping/M.1495897949.A.F13.html download to ptt/Gossiping/21457_15.txt, time: 3.740000
/bbs/Gossiping/M.1495897968.A.18F.html download to ptt/Gossiping/21457_16.txt, time: 5.500000
/bbs/Gossiping/M.1495897980.A.E47.html download to ptt/Gossiping/21457_17.txt, time: 5.930000
/bbs/Gossiping/M.1495898014.A.5DC.html download to ptt/Gossiping/21457_18.txt, time: 4.400000
/bbs/Gossiping/M.1495898018.A.C0B.html download to ptt/Gossiping/21457_19.txt, time: 6.690000
page 21456
/bbs/Gossiping/M.1495897019.A.50B.html download to ptt/Gossiping/21456_0.txt, time: 2.970000
/bbs/Gossiping/M.1495897029.A.0C3.html download to ptt/Gossiping/21456_1.txt, time: 3.610000
/bbs/Gossiping/M.1495897072.A.73E.html download to ptt/Gossiping/21456_2.txt, time: 3.380000
/bbs/Gossiping/M.1495897089.A.2D8.html download to ptt/Gossiping/21456_3.txt, time: 6.070000
/bbs/Gossiping/M.1495897097.A.321.html download to ptt/Gossiping/21456_4.txt, time: 3.740000
/bbs/Gossiping/M.1495897128.A.63A.html download to ptt/Gossiping/21456_5.txt, time: 3.510000
/bbs/Gossiping/M.1495897149.A.ABD.html download to ptt/Gossiping/21456_6.txt, time: 3.290000
/bbs/Gossiping/M.1495897155.A.798.html download to ptt/Gossiping/21456_7.txt, time: 5.060000
/bbs/Gossiping/M.1495897165.A.347.html download to ptt/Gossiping/21456_8.txt, time: 3.280000
/bbs/Gossiping/M.1495897211.A.871.html download to ptt/Gossiping/21456_9.txt, time: 3.670000
/bbs/Gossiping/M.1495897328.A.6A2.html download to ptt/Gossiping/21456_10.txt, time: 2.970000
/bbs/Gossiping/M.1495897382.A.EB8.html download to ptt/Gossiping/21456_11.txt, time: 4.740000
/bbs/Gossiping/M.1495897427.A.D6B.html download to ptt/Gossiping/21456_12.txt, time: 3.300000
/bbs/Gossiping/M.1495897461.A.F9D.html download to ptt/Gossiping/21456_13.txt, time: 4.020000
/bbs/Gossiping/M.1495897484.A.750.html download to ptt/Gossiping/21456_14.txt, time: 3.400000
/bbs/Gossiping/M.1495897517.A.E00.html download to ptt/Gossiping/21456_15.txt, time: 4.040000
/bbs/Gossiping/M.1495897528.A.63C.html download to ptt/Gossiping/21456_16.txt, time: 3.500000
/bbs/Gossiping/M.1495897559.A.706.html download to ptt/Gossiping/21456_17.txt, time: 3.620000
/bbs/Gossiping/M.1495897606.A.E8D.html download to ptt/Gossiping/21456_18.txt, time: 3.840000
/bbs/Gossiping/M.1495897624.A.ED0.html download to ptt/Gossiping/21456_19.txt, time: 2.540000
time: 539.2238314151764 seconds
