page 21470
/bbs/Gossiping/M.1495902725.A.4D9.html download to ptt/Gossiping/21470_0.txt, time: 3.970000
/bbs/Gossiping/M.1495902839.A.E86.html download to ptt/Gossiping/21470_1.txt, time: 8.550000
/bbs/Gossiping/M.1495902869.A.04D.html download to ptt/Gossiping/21470_2.txt, time: 4.710000
/bbs/Gossiping/M.1495902881.A.AA0.html download to ptt/Gossiping/21470_3.txt, time: 4.950000
/bbs/Gossiping/M.1495902963.A.65D.html download to ptt/Gossiping/21470_4.txt, time: 4.740000
/bbs/Gossiping/M.1495902974.A.919.html download to ptt/Gossiping/21470_5.txt, time: 4.370000
/bbs/Gossiping/M.1495902979.A.2EE.html download to ptt/Gossiping/21470_6.txt, time: 4.360000
/bbs/Gossiping/M.1495902981.A.3DB.html download to ptt/Gossiping/21470_7.txt, time: 4.110000
/bbs/Gossiping/M.1495903027.A.C6B.html download to ptt/Gossiping/21470_8.txt, time: 6.540000
/bbs/Gossiping/M.1495903045.A.1ED.html download to ptt/Gossiping/21470_9.txt, time: 5.020000
/bbs/Gossiping/M.1495903055.A.EA2.html download to ptt/Gossiping/21470_10.txt, time: 4.240000
/bbs/Gossiping/M.1495903073.A.5F8.html download to ptt/Gossiping/21470_11.txt, time: 5.660000
/bbs/Gossiping/M.1495903110.A.6BB.html download to ptt/Gossiping/21470_12.txt, time: 5.750000
/bbs/Gossiping/M.1495903163.A.6AF.html download to ptt/Gossiping/21470_13.txt, time: 6.600000
/bbs/Gossiping/M.1495903168.A.859.html download to ptt/Gossiping/21470_14.txt, time: 4.330000
/bbs/Gossiping/M.1495903170.A.FEB.html download to ptt/Gossiping/21470_15.txt, time: 5.100000
/bbs/Gossiping/M.1495903202.A.013.html download to ptt/Gossiping/21470_16.txt, time: 5.580000
/bbs/Gossiping/M.1495903294.A.893.html download to ptt/Gossiping/21470_17.txt, time: 3.750000
/bbs/Gossiping/M.1495903305.A.617.html download to ptt/Gossiping/21470_18.txt, time: 5.560000
/bbs/Gossiping/M.1495903392.A.DA4.html download to ptt/Gossiping/21470_19.txt, time: 4.940000
page 21469
/bbs/Gossiping/M.1495902279.A.732.html download to ptt/Gossiping/21469_0.txt, time: 4.280000
/bbs/Gossiping/M.1495902293.A.5BB.html download to ptt/Gossiping/21469_1.txt, time: 3.600000
/bbs/Gossiping/M.1495902317.A.831.html download to ptt/Gossiping/21469_2.txt, time: 4.720000
/bbs/Gossiping/M.1495902342.A.DFA.html download to ptt/Gossiping/21469_3.txt, time: 3.530000
/bbs/Gossiping/M.1495902379.A.981.html download to ptt/Gossiping/21469_4.txt, time: 3.170000
/bbs/Gossiping/M.1495902390.A.CCE.html download to ptt/Gossiping/21469_5.txt, time: 4.490000
/bbs/Gossiping/M.1495902412.A.A5F.html download to ptt/Gossiping/21469_6.txt, time: 5.510000
/bbs/Gossiping/M.1495902426.A.F43.html download to ptt/Gossiping/21469_7.txt, time: 6.600000
/bbs/Gossiping/M.1495902426.A.8B8.html download to ptt/Gossiping/21469_8.txt, time: 5.140000
/bbs/Gossiping/M.1495902449.A.4D6.html download to ptt/Gossiping/21469_9.txt, time: 6.030000
/bbs/Gossiping/M.1495902484.A.A91.html download to ptt/Gossiping/21469_10.txt, time: 5.860000
/bbs/Gossiping/M.1495902487.A.509.html download to ptt/Gossiping/21469_11.txt, time: 4.790000
/bbs/Gossiping/M.1495902494.A.E59.html download to ptt/Gossiping/21469_12.txt, time: 4.620000
/bbs/Gossiping/M.1495902505.A.224.html download to ptt/Gossiping/21469_13.txt, time: 6.390000
/bbs/Gossiping/M.1495902562.A.0D2.html download to ptt/Gossiping/21469_14.txt, time: 5.320000
/bbs/Gossiping/M.1495902581.A.9BF.html download to ptt/Gossiping/21469_15.txt, time: 4.870000
/bbs/Gossiping/M.1495902591.A.0C1.html download to ptt/Gossiping/21469_16.txt, time: 10.630000
/bbs/Gossiping/M.1495902619.A.B21.html download to ptt/Gossiping/21469_17.txt, time: 6.510000
/bbs/Gossiping/M.1495902619.A.873.html download to ptt/Gossiping/21469_18.txt, time: 4.550000
/bbs/Gossiping/M.1495902646.A.F87.html download to ptt/Gossiping/21469_19.txt, time: 11.480000
page 21468
/bbs/Gossiping/M.1495901812.A.82D.html download to ptt/Gossiping/21468_0.txt, time: 4.630000
/bbs/Gossiping/M.1495901829.A.E52.html download to ptt/Gossiping/21468_1.txt, time: 6.690000
/bbs/Gossiping/M.1495901882.A.177.html download to ptt/Gossiping/21468_2.txt, time: 4.730000
/bbs/Gossiping/M.1495901953.A.F08.html download to ptt/Gossiping/21468_3.txt, time: 8.900000
/bbs/Gossiping/M.1495901954.A.F42.html download to ptt/Gossiping/21468_4.txt, time: 7.050000
/bbs/Gossiping/M.1495901966.A.C7E.htmlTraceback (most recent call last):
  File "/home/studentyl/anaconda3/lib/python3.6/site-packages/requests/packages/urllib3/connectionpool.py", line 600, in urlopen
    chunked=chunked)
  File "/home/studentyl/anaconda3/lib/python3.6/site-packages/requests/packages/urllib3/connectionpool.py", line 386, in _make_request
    six.raise_from(e, None)
  File "<string>", line 2, in raise_from
  File "/home/studentyl/anaconda3/lib/python3.6/site-packages/requests/packages/urllib3/connectionpool.py", line 382, in _make_request
    httplib_response = conn.getresponse()
  File "/home/studentyl/anaconda3/lib/python3.6/http/client.py", line 1331, in getresponse
    response.begin()
  File "/home/studentyl/anaconda3/lib/python3.6/http/client.py", line 297, in begin
    version, status, reason = self._read_status()
  File "/home/studentyl/anaconda3/lib/python3.6/http/client.py", line 266, in _read_status
    raise RemoteDisconnected("Remote end closed connection without"
http.client.RemoteDisconnected: Remote end closed connection without response

During handling of the above exception, another exception occurred:

Traceback (most recent call last):
  File "/home/studentyl/anaconda3/lib/python3.6/site-packages/requests/adapters.py", line 438, in send
    timeout=timeout
  File "/home/studentyl/anaconda3/lib/python3.6/site-packages/requests/packages/urllib3/connectionpool.py", line 649, in urlopen
    _stacktrace=sys.exc_info()[2])
  File "/home/studentyl/anaconda3/lib/python3.6/site-packages/requests/packages/urllib3/util/retry.py", line 357, in increment
    raise six.reraise(type(error), error, _stacktrace)
  File "/home/studentyl/anaconda3/lib/python3.6/site-packages/requests/packages/urllib3/packages/six.py", line 685, in reraise
    raise value.with_traceback(tb)
  File "/home/studentyl/anaconda3/lib/python3.6/site-packages/requests/packages/urllib3/connectionpool.py", line 600, in urlopen
    chunked=chunked)
  File "/home/studentyl/anaconda3/lib/python3.6/site-packages/requests/packages/urllib3/connectionpool.py", line 386, in _make_request
    six.raise_from(e, None)
  File "<string>", line 2, in raise_from
  File "/home/studentyl/anaconda3/lib/python3.6/site-packages/requests/packages/urllib3/connectionpool.py", line 382, in _make_request
    httplib_response = conn.getresponse()
  File "/home/studentyl/anaconda3/lib/python3.6/http/client.py", line 1331, in getresponse
    response.begin()
  File "/home/studentyl/anaconda3/lib/python3.6/http/client.py", line 297, in begin
    version, status, reason = self._read_status()
  File "/home/studentyl/anaconda3/lib/python3.6/http/client.py", line 266, in _read_status
    raise RemoteDisconnected("Remote end closed connection without"
requests.packages.urllib3.exceptions.ProtocolError: ('Connection aborted.', RemoteDisconnected('Remote end closed connection without response',))

During handling of the above exception, another exception occurred:

Traceback (most recent call last):
  File "./crawler.py", line 177, in <module>
    main(sys.argv[1:])
  File "./crawler.py", line 158, in main
    downloadForum(forumName, startPage, pages)
  File "./crawler.py", line 140, in downloadForum
    downloadPage(str(articleCount), forumName, pageNum, 'https://www.ptt.cc'+link)
  File "./crawler.py", line 82, in downloadPage
    pageText = getPageText(link)
  File "./crawler.py", line 13, in getPageText
    pageText=requests.get(link, cookies={'over18':'1'}).text
  File "/home/studentyl/anaconda3/lib/python3.6/site-packages/requests/api.py", line 72, in get
    return request('get', url, params=params, **kwargs)
  File "/home/studentyl/anaconda3/lib/python3.6/site-packages/requests/api.py", line 58, in request
    return session.request(method=method, url=url, **kwargs)
  File "/home/studentyl/anaconda3/lib/python3.6/site-packages/requests/sessions.py", line 518, in request
    resp = self.send(prep, **send_kwargs)
  File "/home/studentyl/anaconda3/lib/python3.6/site-packages/requests/sessions.py", line 639, in send
    r = adapter.send(request, **kwargs)
  File "/home/studentyl/anaconda3/lib/python3.6/site-packages/requests/adapters.py", line 488, in send
    raise ConnectionError(err, request=request)
requests.exceptions.ConnectionError: ('Connection aborted.', RemoteDisconnected('Remote end closed connection without response',))
