page 21480
/bbs/Gossiping/M.1495909767.A.B63.html download to ptt/Gossiping/21480_0.txt, time: 7.310000
/bbs/Gossiping/M.1495909886.A.11E.html download to ptt/Gossiping/21480_1.txt, time: 7.530000
/bbs/Gossiping/M.1495909951.A.704.html download to ptt/Gossiping/21480_2.txt, time: 4.010000
/bbs/Gossiping/M.1495909996.A.F4D.html download to ptt/Gossiping/21480_3.txt, time: 5.140000
/bbs/Gossiping/M.1495910038.A.E9F.html download to ptt/Gossiping/21480_4.txt, time: 4.370000
/bbs/Gossiping/M.1495910135.A.A4C.html download to ptt/Gossiping/21480_5.txt, time: 4.510000
/bbs/Gossiping/M.1495910166.A.B30.html download to ptt/Gossiping/21480_6.txt, time: 6.620000
/bbs/Gossiping/M.1495910170.A.51F.html download to ptt/Gossiping/21480_7.txt, time: 6.440000
/bbs/Gossiping/M.1495910199.A.7DA.html download to ptt/Gossiping/21480_8.txt, time: 4.330000
/bbs/Gossiping/M.1495910253.A.DC4.html download to ptt/Gossiping/21480_9.txt, time: 4.160000
/bbs/Gossiping/M.1495910281.A.8BC.html download to ptt/Gossiping/21480_10.txt, time: 4.030000
/bbs/Gossiping/M.1495910404.A.074.html download to ptt/Gossiping/21480_11.txt, time: 4.190000
/bbs/Gossiping/M.1495910515.A.EBF.html download to ptt/Gossiping/21480_12.txt, time: 5.540000
/bbs/Gossiping/M.1495910527.A.4BC.html download to ptt/Gossiping/21480_13.txt, time: 5.710000
/bbs/Gossiping/M.1495910602.A.EDA.html download to ptt/Gossiping/21480_14.txt, time: 3.850000
/bbs/Gossiping/M.1495910755.A.83E.html download to ptt/Gossiping/21480_15.txt, time: 4.970000
/bbs/Gossiping/M.1495910790.A.8F0.html download to ptt/Gossiping/21480_16.txt, time: 3.780000
/bbs/Gossiping/M.1495910852.A.635.html download to ptt/Gossiping/21480_17.txt, time: 5.820000
/bbs/Gossiping/M.1495911001.A.F12.html download to ptt/Gossiping/21480_18.txt, time: 4.710000
/bbs/Gossiping/M.1495911028.A.272.html download to ptt/Gossiping/21480_19.txt, time: 4.820000
page 21479
/bbs/Gossiping/M.1495908823.A.385.html download to ptt/Gossiping/21479_0.txt, time: 4.240000
/bbs/Gossiping/M.1495908948.A.196.html download to ptt/Gossiping/21479_1.txt, time: 4.190000
/bbs/Gossiping/M.1495909031.A.772.html download to ptt/Gossiping/21479_2.txt, time: 3.620000
/bbs/Gossiping/M.1495909040.A.E76.html download to ptt/Gossiping/21479_3.txt, time: 5.220000
/bbs/Gossiping/M.1495909043.A.5B7.html download to ptt/Gossiping/21479_4.txt, time: 3.690000
/bbs/Gossiping/M.1495909045.A.6CE.html download to ptt/Gossiping/21479_5.txt, time: 5.510000
/bbs/Gossiping/M.1495909064.A.7F7.html download to ptt/Gossiping/21479_6.txt, time: 5.580000
/bbs/Gossiping/M.1495909101.A.2FF.html download to ptt/Gossiping/21479_7.txt, time: 5.850000
/bbs/Gossiping/M.1495909135.A.27D.html download to ptt/Gossiping/21479_8.txt, time: 6.680000
/bbs/Gossiping/M.1495909189.A.5AE.html download to ptt/Gossiping/21479_9.txt, time: 7.080000
/bbs/Gossiping/M.1495909204.A.2D9.html download to ptt/Gossiping/21479_10.txt, time: 4.530000
/bbs/Gossiping/M.1495909250.A.125.html download to ptt/Gossiping/21479_11.txt, time: 4.520000
/bbs/Gossiping/M.1495909266.A.46E.html download to ptt/Gossiping/21479_12.txt, time: 7.160000
/bbs/Gossiping/M.1495909430.A.3FC.html download to ptt/Gossiping/21479_13.txt, time: 4.930000
/bbs/Gossiping/M.1495909497.A.4DC.html download to ptt/Gossiping/21479_14.txt, time: 7.140000
/bbs/Gossiping/M.1495909559.A.2E7.html download to ptt/Gossiping/21479_15.txt, time: 7.520000
/bbs/Gossiping/M.1495909657.A.A4D.html download to ptt/Gossiping/21479_16.txt, time: 7.800000
/bbs/Gossiping/M.1495909661.A.6C4.html download to ptt/Gossiping/21479_17.txt, time: 7.530000
/bbs/Gossiping/M.1495909665.A.898.html download to ptt/Gossiping/21479_18.txt, time: 5.770000
/bbs/Gossiping/M.1495909734.A.F45.html download to ptt/Gossiping/21479_19.txt, time: 10.180000
page 21478
/bbs/Gossiping/M.1495908107.A.5F5.html download to ptt/Gossiping/21478_0.txt, time: 8.000000
/bbs/Gossiping/M.1495908174.A.640.html download to ptt/Gossiping/21478_1.txt, time: 6.040000
/bbs/Gossiping/M.1495908187.A.7B0.html download to ptt/Gossiping/21478_2.txt, time: 8.060000
/bbs/Gossiping/M.1495908240.A.0F8.html download to ptt/Gossiping/21478_3.txt, time: 4.900000
/bbs/Gossiping/M.1495908242.A.114.html download to ptt/Gossiping/21478_4.txt, time: 4.290000
/bbs/Gossiping/M.1495908254.A.8F2.html download to ptt/Gossiping/21478_5.txt, time: 7.260000
/bbs/Gossiping/M.1495908285.A.8CA.html download to ptt/Gossiping/21478_6.txt, time: 6.090000
/bbs/Gossiping/M.1495908429.A.678.html download to ptt/Gossiping/21478_7.txt, time: 5.410000
/bbs/Gossiping/M.1495908430.A.5A8.html download to ptt/Gossiping/21478_8.txt, time: 6.560000
/bbs/Gossiping/M.1495908435.A.AEF.html download to ptt/Gossiping/21478_9.txt, time: 10.060000
/bbs/Gossiping/M.1495908455.A.D4D.html download to ptt/Gossiping/21478_10.txt, time: 7.240000
/bbs/Gossiping/M.1495908463.A.AA4.html download to ptt/Gossiping/21478_11.txt, time: 3.310000
/bbs/Gossiping/M.1495908476.A.8F3.html download to ptt/Gossiping/21478_12.txt, time: 4.340000
/bbs/Gossiping/M.1495908560.A.300.html download to ptt/Gossiping/21478_13.txt, time: 3.270000
/bbs/Gossiping/M.1495908565.A.145.html download to ptt/Gossiping/21478_14.txt, time: 4.750000
/bbs/Gossiping/M.1495908654.A.113.html download to ptt/Gossiping/21478_15.txt, time: 3.930000
/bbs/Gossiping/M.1495908691.A.DAC.html download to ptt/Gossiping/21478_16.txt, time: 4.400000
/bbs/Gossiping/M.1495908694.A.14E.html download to ptt/Gossiping/21478_17.txt, time: 4.810000
/bbs/Gossiping/M.1495908704.A.6F8.html download to ptt/Gossiping/21478_18.txt, time: 3.400000
/bbs/Gossiping/M.1495908774.A.FF2.html download to ptt/Gossiping/21478_19.txt, time: 3.300000
page 21477
/bbs/Gossiping/M.1495907507.A.333.html download to ptt/Gossiping/21477_0.txt, time: 4.120000
/bbs/Gossiping/M.1495907521.A.769.html download to ptt/Gossiping/21477_1.txt, time: 3.020000
/bbs/Gossiping/M.1495907559.A.9FF.html download to ptt/Gossiping/21477_2.txt, time: 4.910000
/bbs/Gossiping/M.1495907666.A.14F.html download to ptt/Gossiping/21477_3.txt, time: 3.080000
/bbs/Gossiping/M.1495907695.A.CF4.html download to ptt/Gossiping/21477_4.txt, time: 3.740000
/bbs/Gossiping/M.1495907721.A.13E.html download to ptt/Gossiping/21477_5.txt, time: 3.560000
/bbs/Gossiping/M.1495907721.A.85B.html download to ptt/Gossiping/21477_6.txt, time: 2.990000
/bbs/Gossiping/M.1495907734.A.490.html download to ptt/Gossiping/21477_7.txt, time: 6.240000
/bbs/Gossiping/M.1495907755.A.C2D.html download to ptt/Gossiping/21477_8.txt, time: 4.080000
/bbs/Gossiping/M.1495907758.A.A63.html download to ptt/Gossiping/21477_9.txt, time: 5.030000
/bbs/Gossiping/M.1495907776.A.F1A.html download to ptt/Gossiping/21477_10.txt, time: 6.760000
/bbs/Gossiping/M.1495907790.A.FB8.html download to ptt/Gossiping/21477_11.txt, time: 7.380000
/bbs/Gossiping/M.1495907823.A.C5A.html download to ptt/Gossiping/21477_12.txt, time: 4.300000
/bbs/Gossiping/M.1495907826.A.C73.html download to ptt/Gossiping/21477_13.txt, time: 4.690000
/bbs/Gossiping/M.1495907917.A.D15.html download to ptt/Gossiping/21477_14.txt, time: 2.870000
/bbs/Gossiping/M.1495907949.A.5D3.html download to ptt/Gossiping/21477_15.txt, time: 3.700000
/bbs/Gossiping/M.1495907977.A.E52.html download to ptt/Gossiping/21477_16.txt, time: 3.570000
/bbs/Gossiping/M.1495907984.A.E33.html download to ptt/Gossiping/21477_17.txt, time: 4.240000
/bbs/Gossiping/M.1495908003.A.D87.html download to ptt/Gossiping/21477_18.txt, time: 3.110000
/bbs/Gossiping/M.1495908055.A.ED3.html download to ptt/Gossiping/21477_19.txt, time: 3.890000
page 21476
/bbs/Gossiping/M.1495906759.A.6B8.html download to ptt/Gossiping/21476_0.txt, time: 3.850000
/bbs/Gossiping/M.1495906814.A.1FC.html download to ptt/Gossiping/21476_1.txt, time: 3.470000
/bbs/Gossiping/M.1495906833.A.1F8.html download to ptt/Gossiping/21476_2.txt, time: 3.300000
/bbs/Gossiping/M.1495906860.A.AC3.html download to ptt/Gossiping/21476_3.txt, time: 3.200000
/bbs/Gossiping/M.1495906863.A.0E3.html download to ptt/Gossiping/21476_4.txt, time: 4.580000
/bbs/Gossiping/M.1495906927.A.CDF.html download to ptt/Gossiping/21476_5.txt, time: 4.420000
/bbs/Gossiping/M.1495906952.A.577.html download to ptt/Gossiping/21476_6.txt, time: 4.400000
/bbs/Gossiping/M.1495906958.A.F67.html download to ptt/Gossiping/21476_7.txt, time: 2.760000
/bbs/Gossiping/M.1495906989.A.927.html download to ptt/Gossiping/21476_8.txt, time: 4.770000
/bbs/Gossiping/M.1495907032.A.E67.html download to ptt/Gossiping/21476_9.txt, time: 2.910000
/bbs/Gossiping/M.1495907100.A.DC3.html download to ptt/Gossiping/21476_10.txt, time: 4.820000
/bbs/Gossiping/M.1495907131.A.B04.html download to ptt/Gossiping/21476_11.txt, time: 3.590000
/bbs/Gossiping/M.1495907160.A.2B4.html download to ptt/Gossiping/21476_12.txt, time: 7.530000
/bbs/Gossiping/M.1495907202.A.135.html download to ptt/Gossiping/21476_13.txt, time: 4.890000
/bbs/Gossiping/M.1495907253.A.05F.html download to ptt/Gossiping/21476_14.txt, time: 3.450000
/bbs/Gossiping/M.1495907309.A.630.html download to ptt/Gossiping/21476_15.txt, time: 1.780000
/bbs/Gossiping/M.1495907323.A.896.html download to ptt/Gossiping/21476_16.txt, time: 4.500000
/bbs/Gossiping/M.1495907342.A.057.html download to ptt/Gossiping/21476_17.txt, time: 2.560000
/bbs/Gossiping/M.1495907356.A.CAD.html download to ptt/Gossiping/21476_18.txt, time: 0.900000
/bbs/Gossiping/M.1495907368.A.258.html download to ptt/Gossiping/21476_19.txt, time: 0.940000
time: 540.5346615314484 seconds
