page 21490
/bbs/Gossiping/M.1495932339.A.C8B.html download to ptt/Gossiping/21490_0.txt, time: 7.080000
/bbs/Gossiping/M.1495932348.A.A62.html download to ptt/Gossiping/21490_1.txt, time: 5.290000
/bbs/Gossiping/M.1495932361.A.9EB.html download to ptt/Gossiping/21490_2.txt, time: 5.410000
/bbs/Gossiping/M.1495932374.A.C67.html download to ptt/Gossiping/21490_3.txt, time: 4.600000
/bbs/Gossiping/M.1495932388.A.FB7.html download to ptt/Gossiping/21490_4.txt, time: 5.530000
/bbs/Gossiping/M.1495932515.A.6C4.html download to ptt/Gossiping/21490_5.txt, time: 6.380000
/bbs/Gossiping/M.1495932525.A.124.html download to ptt/Gossiping/21490_6.txt, time: 4.280000
/bbs/Gossiping/M.1495932665.A.BC8.html download to ptt/Gossiping/21490_7.txt, time: 5.040000
/bbs/Gossiping/M.1495932779.A.04E.html download to ptt/Gossiping/21490_8.txt, time: 4.770000
/bbs/Gossiping/M.1495932828.A.C42.html download to ptt/Gossiping/21490_9.txt, time: 4.470000
/bbs/Gossiping/M.1495932857.A.898.html download to ptt/Gossiping/21490_10.txt, time: 5.350000
/bbs/Gossiping/M.1495932884.A.989.html download to ptt/Gossiping/21490_11.txt, time: 8.250000
/bbs/Gossiping/M.1495932907.A.593.html download to ptt/Gossiping/21490_12.txt, time: 4.730000
/bbs/Gossiping/M.1495932912.A.4FD.html download to ptt/Gossiping/21490_13.txt, time: 4.050000
/bbs/Gossiping/M.1495932953.A.EFF.html download to ptt/Gossiping/21490_14.txt, time: 6.160000
/bbs/Gossiping/M.1495933035.A.BBE.html download to ptt/Gossiping/21490_15.txt, time: 3.790000
/bbs/Gossiping/M.1495933172.A.4A5.html download to ptt/Gossiping/21490_16.txt, time: 4.320000
/bbs/Gossiping/M.1495933307.A.451.html download to ptt/Gossiping/21490_17.txt, time: 4.930000
/bbs/Gossiping/M.1495933382.A.094.html download to ptt/Gossiping/21490_18.txt, time: 6.650000
/bbs/Gossiping/M.1495933425.A.87A.html download to ptt/Gossiping/21490_19.txt, time: 5.120000
page 21489
/bbs/Gossiping/M.1495930599.A.153.html download to ptt/Gossiping/21489_0.txt, time: 4.250000
/bbs/Gossiping/M.1495930619.A.7EB.html download to ptt/Gossiping/21489_1.txt, time: 5.270000
/bbs/Gossiping/M.1495930718.A.68C.html download to ptt/Gossiping/21489_2.txt, time: 6.150000
/bbs/Gossiping/M.1495930829.A.3B6.html download to ptt/Gossiping/21489_3.txt, time: 4.940000
/bbs/Gossiping/M.1495930891.A.B41.html download to ptt/Gossiping/21489_4.txt, time: 4.170000
/bbs/Gossiping/M.1495930891.A.97D.html download to ptt/Gossiping/21489_5.txt, time: 5.220000
/bbs/Gossiping/M.1495931098.A.405.html download to ptt/Gossiping/21489_6.txt, time: 5.390000
/bbs/Gossiping/M.1495931187.A.0B1.html download to ptt/Gossiping/21489_7.txt, time: 4.610000
/bbs/Gossiping/M.1495931197.A.FC5.html download to ptt/Gossiping/21489_8.txt, time: 3.850000
/bbs/Gossiping/M.1495931228.A.6D5.html download to ptt/Gossiping/21489_9.txt, time: 6.310000
/bbs/Gossiping/M.1495931457.A.6EB.html download to ptt/Gossiping/21489_10.txt, time: 4.430000
/bbs/Gossiping/M.1495931493.A.1AD.html download to ptt/Gossiping/21489_11.txt, time: 7.100000
/bbs/Gossiping/M.1495931575.A.B81.html download to ptt/Gossiping/21489_12.txt, time: 6.000000
/bbs/Gossiping/M.1495931776.A.71F.html download to ptt/Gossiping/21489_13.txt, time: 5.730000
/bbs/Gossiping/M.1495931781.A.93E.html download to ptt/Gossiping/21489_14.txt, time: 3.340000
empty download to ptt/Gossiping/21489_15.txt, time: 0.000000
/bbs/Gossiping/M.1495931805.A.6D4.html download to ptt/Gossiping/21489_16.txt, time: 6.290000
/bbs/Gossiping/M.1495931876.A.0B5.html download to ptt/Gossiping/21489_17.txt, time: 4.810000
/bbs/Gossiping/M.1495932062.A.693.html download to ptt/Gossiping/21489_18.txt, time: 3.940000
/bbs/Gossiping/M.1495932097.A.D71.html download to ptt/Gossiping/21489_19.txt, time: 5.300000
page 21488
/bbs/Gossiping/M.1495928795.A.F04.html download to ptt/Gossiping/21488_0.txt, time: 4.780000
/bbs/Gossiping/M.1495928795.A.A05.html download to ptt/Gossiping/21488_1.txt, time: 6.630000
/bbs/Gossiping/M.1495928845.A.47E.html download to ptt/Gossiping/21488_2.txt, time: 6.720000
/bbs/Gossiping/M.1495928855.A.EE6.html download to ptt/Gossiping/21488_3.txt, time: 9.400000
/bbs/Gossiping/M.1495928872.A.1EE.html download to ptt/Gossiping/21488_4.txt, time: 8.280000
/bbs/Gossiping/M.1495928990.A.966.html download to ptt/Gossiping/21488_5.txt, time: 5.910000
/bbs/Gossiping/M.1495929199.A.8FF.html download to ptt/Gossiping/21488_6.txt, time: 6.770000
/bbs/Gossiping/M.1495929469.A.FBE.html download to ptt/Gossiping/21488_7.txt, time: 3.740000
/bbs/Gossiping/M.1495929482.A.0BE.html download to ptt/Gossiping/21488_8.txt, time: 3.550000
/bbs/Gossiping/M.1495929494.A.BA4.html download to ptt/Gossiping/21488_9.txt, time: 9.670000
/bbs/Gossiping/M.1495929673.A.A78.html download to ptt/Gossiping/21488_10.txt, time: 8.740000
/bbs/Gossiping/M.1495929699.A.0A7.html download to ptt/Gossiping/21488_11.txt, time: 5.030000
/bbs/Gossiping/M.1495929905.A.F78.html download to ptt/Gossiping/21488_12.txt, time: 7.380000
/bbs/Gossiping/M.1495929965.A.A97.html download to ptt/Gossiping/21488_13.txt, time: 8.760000
/bbs/Gossiping/M.1495929969.A.1FB.html download to ptt/Gossiping/21488_14.txt, time: 3.570000
/bbs/Gossiping/M.1495930206.A.896.html download to ptt/Gossiping/21488_15.txt, time: 4.540000
/bbs/Gossiping/M.1495930299.A.446.html download to ptt/Gossiping/21488_16.txt, time: 3.320000
/bbs/Gossiping/M.1495930389.A.9EE.html download to ptt/Gossiping/21488_17.txt, time: 6.190000
/bbs/Gossiping/M.1495930573.A.BD0.html download to ptt/Gossiping/21488_18.txt, time: 3.830000
/bbs/Gossiping/M.1495930580.A.593.html download to ptt/Gossiping/21488_19.txt, time: 2.780000
page 21487
/bbs/Gossiping/M.1495925938.A.967.html download to ptt/Gossiping/21487_0.txt, time: 4.090000
/bbs/Gossiping/M.1495926539.A.8DE.html download to ptt/Gossiping/21487_1.txt, time: 5.780000
/bbs/Gossiping/M.1495926565.A.BB6.html download to ptt/Gossiping/21487_2.txt, time: 4.830000
/bbs/Gossiping/M.1495926620.A.9FC.html download to ptt/Gossiping/21487_3.txt, time: 3.840000
/bbs/Gossiping/M.1495926779.A.BC3.html download to ptt/Gossiping/21487_4.txt, time: 4.340000
/bbs/Gossiping/M.1495926872.A.3BD.html download to ptt/Gossiping/21487_5.txt, time: 4.150000
/bbs/Gossiping/M.1495926926.A.96B.html download to ptt/Gossiping/21487_6.txt, time: 4.500000
/bbs/Gossiping/M.1495926941.A.8C0.html download to ptt/Gossiping/21487_7.txt, time: 4.010000
/bbs/Gossiping/M.1495927064.A.6DE.html download to ptt/Gossiping/21487_8.txt, time: 4.270000
/bbs/Gossiping/M.1495927069.A.39C.html download to ptt/Gossiping/21487_9.txt, time: 4.360000
/bbs/Gossiping/M.1495927164.A.C73.html download to ptt/Gossiping/21487_10.txt, time: 3.070000
/bbs/Gossiping/M.1495927279.A.78B.html download to ptt/Gossiping/21487_11.txt, time: 3.860000
/bbs/Gossiping/M.1495927740.A.F4E.html download to ptt/Gossiping/21487_12.txt, time: 3.740000
/bbs/Gossiping/M.1495927782.A.223.html download to ptt/Gossiping/21487_13.txt, time: 5.050000
/bbs/Gossiping/M.1495927791.A.4BB.html download to ptt/Gossiping/21487_14.txt, time: 4.380000
/bbs/Gossiping/M.1495928148.A.7E4.html download to ptt/Gossiping/21487_15.txt, time: 4.830000
/bbs/Gossiping/M.1495928481.A.33F.html download to ptt/Gossiping/21487_16.txt, time: 4.930000
/bbs/Gossiping/M.1495928501.A.80A.html download to ptt/Gossiping/21487_17.txt, time: 7.210000
/bbs/Gossiping/M.1495928608.A.B07.html download to ptt/Gossiping/21487_18.txt, time: 5.940000
/bbs/Gossiping/M.1495928773.A.F29.html download to ptt/Gossiping/21487_19.txt, time: 4.710000
page 21486
/bbs/Gossiping/M.1495923122.A.A73.html download to ptt/Gossiping/21486_0.txt, time: 5.290000
/bbs/Gossiping/M.1495923459.A.30E.html download to ptt/Gossiping/21486_1.txt, time: 5.040000
/bbs/Gossiping/M.1495923582.A.B1F.html download to ptt/Gossiping/21486_2.txt, time: 3.610000
/bbs/Gossiping/M.1495923949.A.EDA.html download to ptt/Gossiping/21486_3.txt, time: 3.590000
/bbs/Gossiping/M.1495923986.A.D0F.html download to ptt/Gossiping/21486_4.txt, time: 4.440000
/bbs/Gossiping/M.1495924107.A.EA6.html download to ptt/Gossiping/21486_5.txt, time: 3.300000
/bbs/Gossiping/M.1495924368.A.2F1.html download to ptt/Gossiping/21486_6.txt, time: 3.750000
/bbs/Gossiping/M.1495924396.A.7FC.html download to ptt/Gossiping/21486_7.txt, time: 3.020000
/bbs/Gossiping/M.1495924423.A.A1F.html download to ptt/Gossiping/21486_8.txt, time: 3.350000
/bbs/Gossiping/M.1495924571.A.8C5.html download to ptt/Gossiping/21486_9.txt, time: 3.470000
/bbs/Gossiping/M.1495924811.A.C7C.html download to ptt/Gossiping/21486_10.txt, time: 4.920000
/bbs/Gossiping/M.1495924874.A.636.html download to ptt/Gossiping/21486_11.txt, time: 3.260000
/bbs/Gossiping/M.1495924939.A.AA6.html download to ptt/Gossiping/21486_12.txt, time: 3.930000
/bbs/Gossiping/M.1495925133.A.A28.html download to ptt/Gossiping/21486_13.txt, time: 3.540000
/bbs/Gossiping/M.1495925215.A.59D.html download to ptt/Gossiping/21486_14.txt, time: 2.920000
/bbs/Gossiping/M.1495925317.A.596.html download to ptt/Gossiping/21486_15.txt, time: 4.280000
/bbs/Gossiping/M.1495925364.A.273.html download to ptt/Gossiping/21486_16.txt, time: 3.730000
/bbs/Gossiping/M.1495925748.A.1FF.html download to ptt/Gossiping/21486_17.txt, time: 4.420000
/bbs/Gossiping/M.1495925906.A.717.html download to ptt/Gossiping/21486_18.txt, time: 4.460000
/bbs/Gossiping/M.1495925932.A.E33.html download to ptt/Gossiping/21486_19.txt, time: 13.520000
time: 555.5570020675659 seconds
