page 21500
/bbs/Gossiping/M.1495940684.A.00B.html download to ptt/Gossiping/21500_0.txt, time: 4.910000
/bbs/Gossiping/M.1495940716.A.C21.html download to ptt/Gossiping/21500_1.txt, time: 7.140000
/bbs/Gossiping/M.1495940837.A.6CB.html download to ptt/Gossiping/21500_2.txt, time: 4.620000
/bbs/Gossiping/M.1495940844.A.71C.html download to ptt/Gossiping/21500_3.txt, time: 5.650000
/bbs/Gossiping/M.1495940869.A.D42.html download to ptt/Gossiping/21500_4.txt, time: 4.730000
/bbs/Gossiping/M.1495940873.A.D69.html download to ptt/Gossiping/21500_5.txt, time: 7.350000
/bbs/Gossiping/M.1495940895.A.5EF.html download to ptt/Gossiping/21500_6.txt, time: 6.020000
/bbs/Gossiping/M.1495940907.A.F76.html download to ptt/Gossiping/21500_7.txt, time: 4.900000
/bbs/Gossiping/M.1495940947.A.AC8.html download to ptt/Gossiping/21500_8.txt, time: 5.560000
/bbs/Gossiping/M.1495940948.A.BCD.html download to ptt/Gossiping/21500_9.txt, time: 5.780000
/bbs/Gossiping/M.1495940952.A.ADB.html download to ptt/Gossiping/21500_10.txt, time: 4.760000
/bbs/Gossiping/M.1495940971.A.80B.html download to ptt/Gossiping/21500_11.txt, time: 6.050000
/bbs/Gossiping/M.1495940972.A.CA9.html download to ptt/Gossiping/21500_12.txt, time: 7.900000
/bbs/Gossiping/M.1495941002.A.840.html download to ptt/Gossiping/21500_13.txt, time: 4.590000
/bbs/Gossiping/M.1495941069.A.AD0.html download to ptt/Gossiping/21500_14.txt, time: 4.980000
/bbs/Gossiping/M.1495941081.A.4D7.html download to ptt/Gossiping/21500_15.txt, time: 3.950000
/bbs/Gossiping/M.1495941118.A.C4A.html download to ptt/Gossiping/21500_16.txt, time: 5.910000
/bbs/Gossiping/M.1495941123.A.7A2.html download to ptt/Gossiping/21500_17.txt, time: 6.370000
/bbs/Gossiping/M.1495941186.A.7CA.html download to ptt/Gossiping/21500_18.txt, time: 3.400000
/bbs/Gossiping/M.1495941202.A.EEA.html download to ptt/Gossiping/21500_19.txt, time: 4.090000
page 21499
/bbs/Gossiping/M.1495940165.A.DFB.html download to ptt/Gossiping/21499_0.txt, time: 3.770000
/bbs/Gossiping/M.1495940231.A.357.html download to ptt/Gossiping/21499_1.txt, time: 4.190000
/bbs/Gossiping/M.1495940246.A.222.html download to ptt/Gossiping/21499_2.txt, time: 4.080000
/bbs/Gossiping/M.1495940255.A.3AD.html download to ptt/Gossiping/21499_3.txt, time: 5.190000
/bbs/Gossiping/M.1495940281.A.ECE.html download to ptt/Gossiping/21499_4.txt, time: 4.590000
/bbs/Gossiping/M.1495940291.A.97B.html download to ptt/Gossiping/21499_5.txt, time: 4.420000
/bbs/Gossiping/M.1495940308.A.389.html download to ptt/Gossiping/21499_6.txt, time: 4.070000
/bbs/Gossiping/M.1495940326.A.09C.html download to ptt/Gossiping/21499_7.txt, time: 4.220000
/bbs/Gossiping/M.1495940329.A.77F.html download to ptt/Gossiping/21499_8.txt, time: 6.070000
/bbs/Gossiping/M.1495940333.A.C5D.html download to ptt/Gossiping/21499_9.txt, time: 4.870000
/bbs/Gossiping/M.1495940359.A.825.html download to ptt/Gossiping/21499_10.txt, time: 6.130000
/bbs/Gossiping/M.1495940377.A.75F.html download to ptt/Gossiping/21499_11.txt, time: 5.140000
/bbs/Gossiping/M.1495940380.A.3A8.html download to ptt/Gossiping/21499_12.txt, time: 3.690000
/bbs/Gossiping/M.1495940444.A.827.html download to ptt/Gossiping/21499_13.txt, time: 3.820000
/bbs/Gossiping/M.1495940450.A.8EE.html download to ptt/Gossiping/21499_14.txt, time: 3.640000
/bbs/Gossiping/M.1495940468.A.21E.html download to ptt/Gossiping/21499_15.txt, time: 5.650000
/bbs/Gossiping/M.1495940471.A.F2B.html download to ptt/Gossiping/21499_16.txt, time: 4.500000
/bbs/Gossiping/M.1495940487.A.E1E.html download to ptt/Gossiping/21499_17.txt, time: 4.790000
/bbs/Gossiping/M.1495940593.A.AA9.html download to ptt/Gossiping/21499_18.txt, time: 5.360000
/bbs/Gossiping/M.1495940635.A.5EF.html download to ptt/Gossiping/21499_19.txt, time: 5.240000
page 21498
/bbs/Gossiping/M.1495939633.A.06B.html download to ptt/Gossiping/21498_0.txt, time: 14.100000
/bbs/Gossiping/M.1495939685.A.2FB.html download to ptt/Gossiping/21498_1.txt, time: 7.710000
/bbs/Gossiping/M.1495939694.A.C61.html download to ptt/Gossiping/21498_2.txt, time: 4.570000
/bbs/Gossiping/M.1495939704.A.D08.html download to ptt/Gossiping/21498_3.txt, time: 11.700000
/bbs/Gossiping/M.1495939751.A.618.html download to ptt/Gossiping/21498_4.txt, time: 4.600000
/bbs/Gossiping/M.1495939776.A.AF0.html download to ptt/Gossiping/21498_5.txt, time: 4.360000
/bbs/Gossiping/M.1495939795.A.05F.html download to ptt/Gossiping/21498_6.txt, time: 4.510000
/bbs/Gossiping/M.1495939802.A.BBC.html download to ptt/Gossiping/21498_7.txt, time: 6.450000
/bbs/Gossiping/M.1495939837.A.357.html download to ptt/Gossiping/21498_8.txt, time: 9.230000
/bbs/Gossiping/M.1495939866.A.5BC.html download to ptt/Gossiping/21498_9.txt, time: 3.880000
/bbs/Gossiping/M.1495939867.A.2AB.html download to ptt/Gossiping/21498_10.txt, time: 4.750000
/bbs/Gossiping/M.1495939890.A.EC6.html download to ptt/Gossiping/21498_11.txt, time: 4.290000
/bbs/Gossiping/M.1495939906.A.9B1.html download to ptt/Gossiping/21498_12.txt, time: 3.930000
/bbs/Gossiping/M.1495940001.A.211.html download to ptt/Gossiping/21498_13.txt, time: 5.100000
/bbs/Gossiping/M.1495940025.A.F91.html download to ptt/Gossiping/21498_14.txt, time: 3.560000
/bbs/Gossiping/M.1495940064.A.0A2.html download to ptt/Gossiping/21498_15.txt, time: 4.550000
/bbs/Gossiping/M.1495940066.A.133.html download to ptt/Gossiping/21498_16.txt, time: 7.430000
/bbs/Gossiping/M.1495940115.A.02A.html download to ptt/Gossiping/21498_17.txt, time: 5.000000
/bbs/Gossiping/M.1495940144.A.143.html download to ptt/Gossiping/21498_18.txt, time: 4.980000
/bbs/Gossiping/M.1495940155.A.48D.html download to ptt/Gossiping/21498_19.txt, time: 3.670000
page 21497
/bbs/Gossiping/M.1495938976.A.696.html download to ptt/Gossiping/21497_0.txt, time: 4.850000
/bbs/Gossiping/M.1495938989.A.DAA.html download to ptt/Gossiping/21497_1.txt, time: 3.410000
/bbs/Gossiping/M.1495938997.A.F62.html download to ptt/Gossiping/21497_2.txt, time: 4.320000
/bbs/Gossiping/M.1495939005.A.A9B.html download to ptt/Gossiping/21497_3.txt, time: 2.980000
/bbs/Gossiping/M.1495939136.A.B16.html download to ptt/Gossiping/21497_4.txt, time: 3.570000
/bbs/Gossiping/M.1495939183.A.71E.html download to ptt/Gossiping/21497_5.txt, time: 2.740000
/bbs/Gossiping/M.1495939270.A.E8F.html download to ptt/Gossiping/21497_6.txt, time: 4.330000
/bbs/Gossiping/M.1495939281.A.7CB.html download to ptt/Gossiping/21497_7.txt, time: 3.560000
/bbs/Gossiping/M.1495939288.A.5A2.html download to ptt/Gossiping/21497_8.txt, time: 3.480000
/bbs/Gossiping/M.1495939312.A.6C8.html download to ptt/Gossiping/21497_9.txt, time: 3.350000
/bbs/Gossiping/M.1495939319.A.E94.html download to ptt/Gossiping/21497_10.txt, time: 2.510000
/bbs/Gossiping/M.1495939370.A.A30.html download to ptt/Gossiping/21497_11.txt, time: 4.550000
/bbs/Gossiping/M.1495939393.A.373.html download to ptt/Gossiping/21497_12.txt, time: 5.100000
/bbs/Gossiping/M.1495939404.A.4CF.html download to ptt/Gossiping/21497_13.txt, time: 3.510000
/bbs/Gossiping/M.1495939416.A.81D.html download to ptt/Gossiping/21497_14.txt, time: 4.220000
/bbs/Gossiping/M.1495939450.A.762.html download to ptt/Gossiping/21497_15.txt, time: 4.320000
/bbs/Gossiping/M.1495939450.A.E6A.html download to ptt/Gossiping/21497_16.txt, time: 2.830000
/bbs/Gossiping/M.1495939532.A.D2F.html download to ptt/Gossiping/21497_17.txt, time: 3.810000
/bbs/Gossiping/M.1495939560.A.C40.html download to ptt/Gossiping/21497_18.txt, time: 4.250000
/bbs/Gossiping/M.1495939565.A.B28.html download to ptt/Gossiping/21497_19.txt, time: 5.810000
page 21496
/bbs/Gossiping/M.1495938071.A.1B4.html download to ptt/Gossiping/21496_0.txt, time: 2.880000
/bbs/Gossiping/M.1495938072.A.8C9.html download to ptt/Gossiping/21496_1.txt, time: 3.400000
/bbs/Gossiping/M.1495938093.A.961.html download to ptt/Gossiping/21496_2.txt, time: 4.860000
/bbs/Gossiping/M.1495938134.A.4C8.html download to ptt/Gossiping/21496_3.txt, time: 3.420000
/bbs/Gossiping/M.1495938212.A.CDC.html download to ptt/Gossiping/21496_4.txt, time: 2.730000
/bbs/Gossiping/M.1495938251.A.AE5.html download to ptt/Gossiping/21496_5.txt, time: 4.030000
/bbs/Gossiping/M.1495938264.A.534.html download to ptt/Gossiping/21496_6.txt, time: 2.510000
/bbs/Gossiping/M.1495938384.A.83F.html download to ptt/Gossiping/21496_7.txt, time: 3.510000
/bbs/Gossiping/M.1495938393.A.FF2.html download to ptt/Gossiping/21496_8.txt, time: 4.510000
/bbs/Gossiping/M.1495938435.A.7F2.html download to ptt/Gossiping/21496_9.txt, time: 3.860000
/bbs/Gossiping/M.1495938442.A.07B.html download to ptt/Gossiping/21496_10.txt, time: 4.810000
/bbs/Gossiping/M.1495938470.A.852.html download to ptt/Gossiping/21496_11.txt, time: 2.560000
/bbs/Gossiping/M.1495938696.A.96C.html download to ptt/Gossiping/21496_12.txt, time: 3.560000
/bbs/Gossiping/M.1495938756.A.0F4.html download to ptt/Gossiping/21496_13.txt, time: 3.520000
/bbs/Gossiping/M.1495938772.A.868.html download to ptt/Gossiping/21496_14.txt, time: 4.580000
/bbs/Gossiping/M.1495938795.A.4E6.html download to ptt/Gossiping/21496_15.txt, time: 3.400000
/bbs/Gossiping/M.1495938928.A.761.html download to ptt/Gossiping/21496_16.txt, time: 3.850000
/bbs/Gossiping/M.1495938932.A.C93.html download to ptt/Gossiping/21496_17.txt, time: 2.000000
/bbs/Gossiping/M.1495938946.A.E44.html download to ptt/Gossiping/21496_18.txt, time: 2.580000
/bbs/Gossiping/M.1495938968.A.118.html download to ptt/Gossiping/21496_19.txt, time: 3.490000
time: 535.0948777198792 seconds
