page 21510
/bbs/Gossiping/M.1495946311.A.705.html download to ptt/Gossiping/21510_0.txt, time: 5.410000
/bbs/Gossiping/M.1495946327.A.CE6.html download to ptt/Gossiping/21510_1.txt, time: 5.560000
/bbs/Gossiping/M.1495946328.A.B8F.html download to ptt/Gossiping/21510_2.txt, time: 4.300000
/bbs/Gossiping/M.1495946382.A.28E.html download to ptt/Gossiping/21510_3.txt, time: 4.190000
/bbs/Gossiping/M.1495946392.A.AC8.html download to ptt/Gossiping/21510_4.txt, time: 5.590000
/bbs/Gossiping/M.1495946459.A.7BF.html download to ptt/Gossiping/21510_5.txt, time: 6.370000
/bbs/Gossiping/M.1495946472.A.7C7.html download to ptt/Gossiping/21510_6.txt, time: 7.880000
/bbs/Gossiping/M.1495946475.A.0BA.html download to ptt/Gossiping/21510_7.txt, time: 3.930000
/bbs/Gossiping/M.1495946500.A.13C.html download to ptt/Gossiping/21510_8.txt, time: 5.230000
/bbs/Gossiping/M.1495946516.A.9DF.html download to ptt/Gossiping/21510_9.txt, time: 4.700000
/bbs/Gossiping/M.1495946553.A.24B.html download to ptt/Gossiping/21510_10.txt, time: 4.680000
/bbs/Gossiping/M.1495946608.A.5FB.html download to ptt/Gossiping/21510_11.txt, time: 4.110000
/bbs/Gossiping/M.1495946611.A.01E.html download to ptt/Gossiping/21510_12.txt, time: 8.080000
/bbs/Gossiping/M.1495946644.A.64D.html download to ptt/Gossiping/21510_13.txt, time: 4.780000
/bbs/Gossiping/M.1495946652.A.A67.html download to ptt/Gossiping/21510_14.txt, time: 3.420000
/bbs/Gossiping/M.1495946701.A.0F3.html download to ptt/Gossiping/21510_15.txt, time: 3.980000
/bbs/Gossiping/M.1495946763.A.436.html download to ptt/Gossiping/21510_16.txt, time: 4.370000
/bbs/Gossiping/M.1495946766.A.0DF.html download to ptt/Gossiping/21510_17.txt, time: 4.110000
/bbs/Gossiping/M.1495946821.A.D29.html download to ptt/Gossiping/21510_18.txt, time: 4.500000
/bbs/Gossiping/M.1495946842.A.5AD.html download to ptt/Gossiping/21510_19.txt, time: 5.730000
page 21509
/bbs/Gossiping/M.1495945913.A.BAE.html download to ptt/Gossiping/21509_0.txt, time: 4.820000
/bbs/Gossiping/M.1495945929.A.E17.html download to ptt/Gossiping/21509_1.txt, time: 3.780000
/bbs/Gossiping/M.1495945934.A.0BC.html download to ptt/Gossiping/21509_2.txt, time: 4.720000
/bbs/Gossiping/M.1495945938.A.B75.html download to ptt/Gossiping/21509_3.txt, time: 5.780000
/bbs/Gossiping/M.1495945956.A.D31.html download to ptt/Gossiping/21509_4.txt, time: 3.700000
/bbs/Gossiping/M.1495945976.A.840.html download to ptt/Gossiping/21509_5.txt, time: 4.170000
/bbs/Gossiping/M.1495945990.A.039.html download to ptt/Gossiping/21509_6.txt, time: 4.830000
/bbs/Gossiping/M.1495946000.A.450.html download to ptt/Gossiping/21509_7.txt, time: 5.170000
/bbs/Gossiping/M.1495946006.A.0A8.html download to ptt/Gossiping/21509_8.txt, time: 6.060000
/bbs/Gossiping/M.1495946006.A.EEE.html download to ptt/Gossiping/21509_9.txt, time: 3.800000
/bbs/Gossiping/M.1495946064.A.435.html download to ptt/Gossiping/21509_10.txt, time: 4.330000
/bbs/Gossiping/M.1495946080.A.299.html download to ptt/Gossiping/21509_11.txt, time: 4.240000
/bbs/Gossiping/M.1495946100.A.231.html download to ptt/Gossiping/21509_12.txt, time: 5.280000
/bbs/Gossiping/M.1495946164.A.6F8.html download to ptt/Gossiping/21509_13.txt, time: 5.670000
/bbs/Gossiping/M.1495946165.A.AAA.html download to ptt/Gossiping/21509_14.txt, time: 5.000000
/bbs/Gossiping/M.1495946173.A.911.html download to ptt/Gossiping/21509_15.txt, time: 3.640000
/bbs/Gossiping/M.1495946226.A.CA9.html download to ptt/Gossiping/21509_16.txt, time: 6.270000
/bbs/Gossiping/M.1495946274.A.07B.html download to ptt/Gossiping/21509_17.txt, time: 4.790000
/bbs/Gossiping/M.1495946290.A.FED.html download to ptt/Gossiping/21509_18.txt, time: 5.170000
/bbs/Gossiping/M.1495946298.A.87C.html download to ptt/Gossiping/21509_19.txt, time: 5.270000
page 21508
/bbs/Gossiping/M.1495945426.A.5FA.html download to ptt/Gossiping/21508_0.txt, time: 5.180000
/bbs/Gossiping/M.1495945466.A.C3E.html download to ptt/Gossiping/21508_1.txt, time: 5.730000
/bbs/Gossiping/M.1495945479.A.030.html download to ptt/Gossiping/21508_2.txt, time: 3.590000
/bbs/Gossiping/M.1495945510.A.3BF.html download to ptt/Gossiping/21508_3.txt, time: 6.760000
/bbs/Gossiping/M.1495945512.A.E19.html download to ptt/Gossiping/21508_4.txt, time: 4.630000
/bbs/Gossiping/M.1495945530.A.7FF.html download to ptt/Gossiping/21508_5.txt, time: 3.610000
/bbs/Gossiping/M.1495945573.A.944.html download to ptt/Gossiping/21508_6.txt, time: 6.750000
/bbs/Gossiping/M.1495945583.A.7D6.html download to ptt/Gossiping/21508_7.txt, time: 3.660000
/bbs/Gossiping/M.1495945586.A.52C.html download to ptt/Gossiping/21508_8.txt, time: 8.600000
/bbs/Gossiping/M.1495945590.A.ACB.html download to ptt/Gossiping/21508_9.txt, time: 3.870000
/bbs/Gossiping/M.1495945621.A.EEF.html download to ptt/Gossiping/21508_10.txt, time: 4.080000
/bbs/Gossiping/M.1495945648.A.946.html download to ptt/Gossiping/21508_11.txt, time: 7.220000
/bbs/Gossiping/M.1495945656.A.DFD.html download to ptt/Gossiping/21508_12.txt, time: 5.830000
/bbs/Gossiping/M.1495945724.A.B33.html download to ptt/Gossiping/21508_13.txt, time: 4.480000
/bbs/Gossiping/M.1495945738.A.A56.html download to ptt/Gossiping/21508_14.txt, time: 5.450000
/bbs/Gossiping/M.1495945744.A.CA1.html download to ptt/Gossiping/21508_15.txt, time: 5.270000
/bbs/Gossiping/M.1495945788.A.A9D.html download to ptt/Gossiping/21508_16.txt, time: 7.120000
/bbs/Gossiping/M.1495945795.A.BDE.html download to ptt/Gossiping/21508_17.txt, time: 6.330000
/bbs/Gossiping/M.1495945896.A.240.html download to ptt/Gossiping/21508_18.txt, time: 3.740000
/bbs/Gossiping/M.1495945904.A.832.html download to ptt/Gossiping/21508_19.txt, time: 5.460000
page 21507
/bbs/Gossiping/M.1495944677.A.ADC.html download to ptt/Gossiping/21507_0.txt, time: 5.170000
/bbs/Gossiping/M.1495944712.A.346.html download to ptt/Gossiping/21507_1.txt, time: 3.130000
/bbs/Gossiping/M.1495944717.A.56F.html download to ptt/Gossiping/21507_2.txt, time: 5.120000
/bbs/Gossiping/M.1495944748.A.D85.html download to ptt/Gossiping/21507_3.txt, time: 3.520000
/bbs/Gossiping/M.1495944788.A.AF0.html download to ptt/Gossiping/21507_4.txt, time: 4.000000
/bbs/Gossiping/M.1495944895.A.846.html download to ptt/Gossiping/21507_5.txt, time: 3.730000
/bbs/Gossiping/M.1495944951.A.CA8.html download to ptt/Gossiping/21507_6.txt, time: 2.830000
/bbs/Gossiping/M.1495944994.A.8C5.html download to ptt/Gossiping/21507_7.txt, time: 2.710000
/bbs/Gossiping/M.1495945084.A.E64.html download to ptt/Gossiping/21507_8.txt, time: 5.550000
/bbs/Gossiping/M.1495945086.A.F58.html download to ptt/Gossiping/21507_9.txt, time: 5.910000
/bbs/Gossiping/M.1495945111.A.B53.html download to ptt/Gossiping/21507_10.txt, time: 4.630000
/bbs/Gossiping/M.1495945120.A.BDB.html download to ptt/Gossiping/21507_11.txt, time: 3.330000
/bbs/Gossiping/M.1495945128.A.AD7.html download to ptt/Gossiping/21507_12.txt, time: 3.230000
/bbs/Gossiping/M.1495945147.A.53F.html download to ptt/Gossiping/21507_13.txt, time: 3.890000
/bbs/Gossiping/M.1495945160.A.41F.html download to ptt/Gossiping/21507_14.txt, time: 4.220000
/bbs/Gossiping/M.1495945183.A.C97.html download to ptt/Gossiping/21507_15.txt, time: 4.710000
/bbs/Gossiping/M.1495945292.A.673.html download to ptt/Gossiping/21507_16.txt, time: 4.170000
/bbs/Gossiping/M.1495945325.A.93A.html download to ptt/Gossiping/21507_17.txt, time: 3.680000
/bbs/Gossiping/M.1495945331.A.44C.html download to ptt/Gossiping/21507_18.txt, time: 4.860000
/bbs/Gossiping/M.1495945351.A.170.html download to ptt/Gossiping/21507_19.txt, time: 3.700000
page 21506
/bbs/Gossiping/M.1495944225.A.BD6.html download to ptt/Gossiping/21506_0.txt, time: 8.920000
/bbs/Gossiping/M.1495944262.A.568.html download to ptt/Gossiping/21506_1.txt, time: 3.320000
/bbs/Gossiping/M.1495944269.A.88B.html download to ptt/Gossiping/21506_2.txt, time: 3.210000
/bbs/Gossiping/M.1495944314.A.2C8.html download to ptt/Gossiping/21506_3.txt, time: 5.070000
/bbs/Gossiping/M.1495944337.A.289.html download to ptt/Gossiping/21506_4.txt, time: 4.100000
/bbs/Gossiping/M.1495944340.A.7EB.html download to ptt/Gossiping/21506_5.txt, time: 4.780000
/bbs/Gossiping/M.1495944343.A.6F1.html download to ptt/Gossiping/21506_6.txt, time: 3.940000
/bbs/Gossiping/M.1495944351.A.601.html download to ptt/Gossiping/21506_7.txt, time: 5.390000
/bbs/Gossiping/M.1495944439.A.264.html download to ptt/Gossiping/21506_8.txt, time: 3.400000
/bbs/Gossiping/M.1495944444.A.594.html download to ptt/Gossiping/21506_9.txt, time: 4.230000
/bbs/Gossiping/M.1495944453.A.BE4.html download to ptt/Gossiping/21506_10.txt, time: 3.280000
/bbs/Gossiping/M.1495944479.A.81E.html download to ptt/Gossiping/21506_11.txt, time: 4.070000
/bbs/Gossiping/M.1495944491.A.156.html download to ptt/Gossiping/21506_12.txt, time: 4.570000
/bbs/Gossiping/M.1495944508.A.07D.html download to ptt/Gossiping/21506_13.txt, time: 4.750000
/bbs/Gossiping/M.1495944536.A.4F1.html download to ptt/Gossiping/21506_14.txt, time: 3.500000
/bbs/Gossiping/M.1495944607.A.CC1.html download to ptt/Gossiping/21506_15.txt, time: 4.940000
/bbs/Gossiping/M.1495944630.A.169.html download to ptt/Gossiping/21506_16.txt, time: 4.110000
/bbs/Gossiping/M.1495944644.A.956.html download to ptt/Gossiping/21506_17.txt, time: 2.640000
/bbs/Gossiping/M.1495944668.A.7FB.html download to ptt/Gossiping/21506_18.txt, time: 4.100000
/bbs/Gossiping/M.1495944670.A.B69.html download to ptt/Gossiping/21506_19.txt, time: 2.810000
time: 534.4690618515015 seconds
