page 21520
/bbs/Gossiping/M.1495951799.A.A03.html download to ptt/Gossiping/21520_0.txt, time: 5.570000
/bbs/Gossiping/M.1495951801.A.400.html download to ptt/Gossiping/21520_1.txt, time: 5.220000
/bbs/Gossiping/M.1495951836.A.D45.html download to ptt/Gossiping/21520_2.txt, time: 5.550000
/bbs/Gossiping/M.1495951862.A.C9B.html download to ptt/Gossiping/21520_3.txt, time: 4.660000
/bbs/Gossiping/M.1495951866.A.1B3.html download to ptt/Gossiping/21520_4.txt, time: 7.300000
/bbs/Gossiping/M.1495951867.A.DE8.html download to ptt/Gossiping/21520_5.txt, time: 5.500000
/bbs/Gossiping/M.1495951946.A.BEB.html download to ptt/Gossiping/21520_6.txt, time: 3.620000
/bbs/Gossiping/M.1495952054.A.1B7.html download to ptt/Gossiping/21520_7.txt, time: 5.430000
/bbs/Gossiping/M.1495952072.A.86D.html download to ptt/Gossiping/21520_8.txt, time: 4.580000
/bbs/Gossiping/M.1495952085.A.F70.html download to ptt/Gossiping/21520_9.txt, time: 5.410000
/bbs/Gossiping/M.1495952176.A.517.html download to ptt/Gossiping/21520_10.txt, time: 5.460000
/bbs/Gossiping/M.1495952201.A.242.html download to ptt/Gossiping/21520_11.txt, time: 7.880000
/bbs/Gossiping/M.1495952282.A.854.html download to ptt/Gossiping/21520_12.txt, time: 4.390000
/bbs/Gossiping/M.1495952301.A.04C.html download to ptt/Gossiping/21520_13.txt, time: 3.600000
/bbs/Gossiping/M.1495952347.A.A48.html download to ptt/Gossiping/21520_14.txt, time: 4.420000
/bbs/Gossiping/M.1495952354.A.D5C.html download to ptt/Gossiping/21520_15.txt, time: 4.040000
/bbs/Gossiping/M.1495952354.A.854.html download to ptt/Gossiping/21520_16.txt, time: 5.180000
/bbs/Gossiping/M.1495952442.A.7E0.html download to ptt/Gossiping/21520_17.txt, time: 4.880000
/bbs/Gossiping/M.1495952474.A.34D.html download to ptt/Gossiping/21520_18.txt, time: 7.150000
/bbs/Gossiping/M.1495952476.A.802.html download to ptt/Gossiping/21520_19.txt, time: 4.150000
page 21519
/bbs/Gossiping/M.1495951077.A.CD5.html download to ptt/Gossiping/21519_0.txt, time: 3.990000
/bbs/Gossiping/M.1495951132.A.F5C.html download to ptt/Gossiping/21519_1.txt, time: 5.620000
/bbs/Gossiping/M.1495951207.A.D63.html download to ptt/Gossiping/21519_2.txt, time: 4.640000
/bbs/Gossiping/M.1495951263.A.810.html download to ptt/Gossiping/21519_3.txt, time: 4.000000
/bbs/Gossiping/M.1495951327.A.A29.html download to ptt/Gossiping/21519_4.txt, time: 3.940000
/bbs/Gossiping/M.1495951397.A.8FF.html download to ptt/Gossiping/21519_5.txt, time: 5.360000
/bbs/Gossiping/M.1495951399.A.9B8.html download to ptt/Gossiping/21519_6.txt, time: 6.550000
/bbs/Gossiping/M.1495951456.A.FFA.html download to ptt/Gossiping/21519_7.txt, time: 3.950000
/bbs/Gossiping/M.1495951470.A.A10.html download to ptt/Gossiping/21519_8.txt, time: 3.640000
/bbs/Gossiping/M.1495951511.A.012.html download to ptt/Gossiping/21519_9.txt, time: 5.360000
/bbs/Gossiping/M.1495951523.A.B68.html download to ptt/Gossiping/21519_10.txt, time: 3.500000
/bbs/Gossiping/M.1495951539.A.CEE.html download to ptt/Gossiping/21519_11.txt, time: 6.560000
/bbs/Gossiping/M.1495951557.A.D94.html download to ptt/Gossiping/21519_12.txt, time: 5.090000
/bbs/Gossiping/M.1495951597.A.186.html download to ptt/Gossiping/21519_13.txt, time: 5.710000
/bbs/Gossiping/M.1495951621.A.671.html download to ptt/Gossiping/21519_14.txt, time: 7.380000
/bbs/Gossiping/M.1495951680.A.C5B.html download to ptt/Gossiping/21519_15.txt, time: 7.770000
/bbs/Gossiping/M.1495951733.A.CCA.html download to ptt/Gossiping/21519_16.txt, time: 5.660000
/bbs/Gossiping/M.1495951775.A.53D.html download to ptt/Gossiping/21519_17.txt, time: 6.350000
/bbs/Gossiping/M.1495951783.A.332.html download to ptt/Gossiping/21519_18.txt, time: 5.500000
/bbs/Gossiping/M.1495951784.A.9BA.html download to ptt/Gossiping/21519_19.txt, time: 7.390000
page 21518
/bbs/Gossiping/M.1495950567.A.356.html download to ptt/Gossiping/21518_0.txt, time: 10.750000
/bbs/Gossiping/M.1495950586.A.A7E.html download to ptt/Gossiping/21518_1.txt, time: 7.660000
/bbs/Gossiping/M.1495950617.A.BCC.html download to ptt/Gossiping/21518_2.txt, time: 8.200000
/bbs/Gossiping/M.1495950618.A.D09.html download to ptt/Gossiping/21518_3.txt, time: 5.520000
/bbs/Gossiping/M.1495950627.A.182.html download to ptt/Gossiping/21518_4.txt, time: 4.330000
/bbs/Gossiping/M.1495950638.A.043.html download to ptt/Gossiping/21518_5.txt, time: 8.770000
/bbs/Gossiping/M.1495950701.A.2C7.html download to ptt/Gossiping/21518_6.txt, time: 5.160000
/bbs/Gossiping/M.1495950706.A.F72.html download to ptt/Gossiping/21518_7.txt, time: 5.970000
/bbs/Gossiping/M.1495950726.A.E51.html download to ptt/Gossiping/21518_8.txt, time: 4.600000
/bbs/Gossiping/M.1495950808.A.6B6.html download to ptt/Gossiping/21518_9.txt, time: 4.190000
/bbs/Gossiping/M.1495950871.A.638.html download to ptt/Gossiping/21518_10.txt, time: 6.470000
/bbs/Gossiping/M.1495950952.A.F90.html download to ptt/Gossiping/21518_11.txt, time: 5.110000
/bbs/Gossiping/M.1495950965.A.5D6.html download to ptt/Gossiping/21518_12.txt, time: 3.270000
/bbs/Gossiping/M.1495950970.A.17D.html download to ptt/Gossiping/21518_13.txt, time: 3.860000
/bbs/Gossiping/M.1495950976.A.2F7.html download to ptt/Gossiping/21518_14.txt, time: 4.530000
/bbs/Gossiping/M.1495951003.A.866.html download to ptt/Gossiping/21518_15.txt, time: 3.340000
/bbs/Gossiping/M.1495951008.A.39A.html download to ptt/Gossiping/21518_16.txt, time: 5.740000
/bbs/Gossiping/M.1495951020.A.524.html download to ptt/Gossiping/21518_17.txt, time: 3.610000
/bbs/Gossiping/M.1495951024.A.6F0.html download to ptt/Gossiping/21518_18.txt, time: 3.020000
/bbs/Gossiping/M.1495951068.A.C86.html download to ptt/Gossiping/21518_19.txt, time: 3.500000
page 21517
/bbs/Gossiping/M.1495949848.A.EAD.html download to ptt/Gossiping/21517_0.txt, time: 4.760000
/bbs/Gossiping/M.1495949921.A.007.html download to ptt/Gossiping/21517_1.txt, time: 4.260000
/bbs/Gossiping/M.1495950003.A.4C8.html download to ptt/Gossiping/21517_2.txt, time: 4.180000
/bbs/Gossiping/M.1495950010.A.002.html download to ptt/Gossiping/21517_3.txt, time: 3.730000
/bbs/Gossiping/M.1495950033.A.FD6.html download to ptt/Gossiping/21517_4.txt, time: 4.610000
empty download to ptt/Gossiping/21517_5.txt, time: 0.000000
/bbs/Gossiping/M.1495950183.A.C48.html download to ptt/Gossiping/21517_6.txt, time: 4.520000
/bbs/Gossiping/M.1495950231.A.9F8.html download to ptt/Gossiping/21517_7.txt, time: 3.640000
/bbs/Gossiping/M.1495950233.A.321.html download to ptt/Gossiping/21517_8.txt, time: 5.390000
/bbs/Gossiping/M.1495950259.A.9B2.html download to ptt/Gossiping/21517_9.txt, time: 5.010000
/bbs/Gossiping/M.1495950266.A.CD3.html download to ptt/Gossiping/21517_10.txt, time: 3.190000
/bbs/Gossiping/M.1495950269.A.6F3.html download to ptt/Gossiping/21517_11.txt, time: 2.040000
/bbs/Gossiping/M.1495950338.A.128.html download to ptt/Gossiping/21517_12.txt, time: 3.700000
/bbs/Gossiping/M.1495950348.A.B67.html download to ptt/Gossiping/21517_13.txt, time: 3.960000
/bbs/Gossiping/M.1495950373.A.403.html download to ptt/Gossiping/21517_14.txt, time: 5.310000
/bbs/Gossiping/M.1495950384.A.CBD.html download to ptt/Gossiping/21517_15.txt, time: 4.370000
/bbs/Gossiping/M.1495950404.A.40F.html download to ptt/Gossiping/21517_16.txt, time: 3.520000
/bbs/Gossiping/M.1495950451.A.A8B.html download to ptt/Gossiping/21517_17.txt, time: 5.040000
/bbs/Gossiping/M.1495950467.A.C0C.html download to ptt/Gossiping/21517_18.txt, time: 7.980000
/bbs/Gossiping/M.1495950520.A.3E8.html download to ptt/Gossiping/21517_19.txt, time: 4.480000
page 21516
/bbs/Gossiping/M.1495949353.A.CE5.html download to ptt/Gossiping/21516_0.txt, time: 3.620000
/bbs/Gossiping/M.1495949359.A.EC0.html download to ptt/Gossiping/21516_1.txt, time: 5.340000
/bbs/Gossiping/M.1495949368.A.E44.html download to ptt/Gossiping/21516_2.txt, time: 4.500000
/bbs/Gossiping/M.1495949372.A.0C3.html download to ptt/Gossiping/21516_3.txt, time: 5.380000
/bbs/Gossiping/M.1495949393.A.F29.html download to ptt/Gossiping/21516_4.txt, time: 5.370000
/bbs/Gossiping/M.1495949397.A.2EA.html download to ptt/Gossiping/21516_5.txt, time: 3.640000
/bbs/Gossiping/M.1495949416.A.0D8.html download to ptt/Gossiping/21516_6.txt, time: 4.330000
/bbs/Gossiping/M.1495949422.A.89E.html download to ptt/Gossiping/21516_7.txt, time: 3.540000
/bbs/Gossiping/M.1495949455.A.7CC.html download to ptt/Gossiping/21516_8.txt, time: 2.530000
/bbs/Gossiping/M.1495949471.A.1FC.html download to ptt/Gossiping/21516_9.txt, time: 3.390000
/bbs/Gossiping/M.1495949506.A.5C9.html download to ptt/Gossiping/21516_10.txt, time: 3.850000
/bbs/Gossiping/M.1495949511.A.255.html download to ptt/Gossiping/21516_11.txt, time: 2.860000
/bbs/Gossiping/M.1495949515.A.D24.html download to ptt/Gossiping/21516_12.txt, time: 4.460000
/bbs/Gossiping/M.1495949529.A.CD9.html download to ptt/Gossiping/21516_13.txt, time: 3.960000
/bbs/Gossiping/M.1495949536.A.C7A.html download to ptt/Gossiping/21516_14.txt, time: 3.350000
/bbs/Gossiping/M.1495949574.A.EB0.html download to ptt/Gossiping/21516_15.txt, time: 3.200000
/bbs/Gossiping/M.1495949586.A.611.html download to ptt/Gossiping/21516_16.txt, time: 3.810000
/bbs/Gossiping/M.1495949651.A.F65.html download to ptt/Gossiping/21516_17.txt, time: 3.280000
/bbs/Gossiping/M.1495949687.A.D5A.html download to ptt/Gossiping/21516_18.txt, time: 4.260000
/bbs/Gossiping/M.1495949723.A.D8B.html download to ptt/Gossiping/21516_19.txt, time: 4.980000
time: 541.2584443092346 seconds
