page 21530
/bbs/Gossiping/M.1495957936.A.FF4.html download to ptt/Gossiping/21530_0.txt, time: 4.580000
/bbs/Gossiping/M.1495957985.A.D5C.html download to ptt/Gossiping/21530_1.txt, time: 6.850000
/bbs/Gossiping/M.1495958004.A.BDF.html download to ptt/Gossiping/21530_2.txt, time: 4.510000
/bbs/Gossiping/M.1495958084.A.633.html download to ptt/Gossiping/21530_3.txt, time: 3.720000
/bbs/Gossiping/M.1495958089.A.2C3.html download to ptt/Gossiping/21530_4.txt, time: 4.310000
/bbs/Gossiping/M.1495958101.A.FBB.html download to ptt/Gossiping/21530_5.txt, time: 5.430000
/bbs/Gossiping/M.1495958155.A.25A.html download to ptt/Gossiping/21530_6.txt, time: 5.640000
/bbs/Gossiping/M.1495958157.A.DB0.html download to ptt/Gossiping/21530_7.txt, time: 4.540000
/bbs/Gossiping/M.1495958178.A.227.html download to ptt/Gossiping/21530_8.txt, time: 6.150000
/bbs/Gossiping/M.1495958178.A.512.html download to ptt/Gossiping/21530_9.txt, time: 7.210000
/bbs/Gossiping/M.1495958189.A.295.html download to ptt/Gossiping/21530_10.txt, time: 4.210000
/bbs/Gossiping/M.1495958231.A.B6E.html download to ptt/Gossiping/21530_11.txt, time: 3.680000
/bbs/Gossiping/M.1495958232.A.99D.html download to ptt/Gossiping/21530_12.txt, time: 4.050000
/bbs/Gossiping/M.1495958253.A.8F5.html download to ptt/Gossiping/21530_13.txt, time: 4.030000
/bbs/Gossiping/M.1495958314.A.635.html download to ptt/Gossiping/21530_14.txt, time: 3.630000
/bbs/Gossiping/M.1495958339.A.D3B.html download to ptt/Gossiping/21530_15.txt, time: 4.150000
/bbs/Gossiping/M.1495958364.A.9A0.html download to ptt/Gossiping/21530_16.txt, time: 4.550000
/bbs/Gossiping/M.1495958396.A.B62.html download to ptt/Gossiping/21530_17.txt, time: 3.920000
/bbs/Gossiping/M.1495958398.A.6FD.html download to ptt/Gossiping/21530_18.txt, time: 3.850000
/bbs/Gossiping/M.1495958643.A.702.html download to ptt/Gossiping/21530_19.txt, time: 3.480000
page 21529
/bbs/Gossiping/M.1495957369.A.1CC.html download to ptt/Gossiping/21529_0.txt, time: 4.890000
/bbs/Gossiping/M.1495957372.A.3C9.html download to ptt/Gossiping/21529_1.txt, time: 3.200000
/bbs/Gossiping/M.1495957388.A.377.html download to ptt/Gossiping/21529_2.txt, time: 3.560000
/bbs/Gossiping/M.1495957408.A.D7C.html download to ptt/Gossiping/21529_3.txt, time: 3.900000
/bbs/Gossiping/M.1495957437.A.A19.html download to ptt/Gossiping/21529_4.txt, time: 4.960000
/bbs/Gossiping/M.1495957448.A.2AB.html download to ptt/Gossiping/21529_5.txt, time: 4.670000
/bbs/Gossiping/M.1495957464.A.984.html download to ptt/Gossiping/21529_6.txt, time: 3.420000
/bbs/Gossiping/M.1495957482.A.AEC.html download to ptt/Gossiping/21529_7.txt, time: 6.120000
/bbs/Gossiping/M.1495957498.A.6B7.html download to ptt/Gossiping/21529_8.txt, time: 7.040000
/bbs/Gossiping/M.1495957523.A.63B.html download to ptt/Gossiping/21529_9.txt, time: 5.780000
/bbs/Gossiping/M.1495957527.A.172.html download to ptt/Gossiping/21529_10.txt, time: 5.270000
/bbs/Gossiping/M.1495957556.A.EEE.html download to ptt/Gossiping/21529_11.txt, time: 4.860000
/bbs/Gossiping/M.1495957566.A.9D5.html download to ptt/Gossiping/21529_12.txt, time: 5.270000
/bbs/Gossiping/M.1495957627.A.A9D.html download to ptt/Gossiping/21529_13.txt, time: 3.980000
/bbs/Gossiping/M.1495957661.A.B96.html download to ptt/Gossiping/21529_14.txt, time: 5.630000
/bbs/Gossiping/M.1495957728.A.81B.html download to ptt/Gossiping/21529_15.txt, time: 6.150000
/bbs/Gossiping/M.1495957833.A.A94.html download to ptt/Gossiping/21529_16.txt, time: 5.230000
/bbs/Gossiping/M.1495957882.A.AB8.html download to ptt/Gossiping/21529_17.txt, time: 8.520000
/bbs/Gossiping/M.1495957917.A.FAA.html download to ptt/Gossiping/21529_18.txt, time: 7.910000
/bbs/Gossiping/M.1495957917.A.68E.html download to ptt/Gossiping/21529_19.txt, time: 4.560000
page 21528
/bbs/Gossiping/M.1495956599.A.F9F.html download to ptt/Gossiping/21528_0.txt, time: 4.770000
/bbs/Gossiping/M.1495956601.A.D19.html download to ptt/Gossiping/21528_1.txt, time: 4.410000
/bbs/Gossiping/M.1495956612.A.206.html download to ptt/Gossiping/21528_2.txt, time: 4.630000
/bbs/Gossiping/M.1495956659.A.F6E.html download to ptt/Gossiping/21528_3.txt, time: 4.000000
/bbs/Gossiping/M.1495956681.A.8C5.html download to ptt/Gossiping/21528_4.txt, time: 4.770000
/bbs/Gossiping/M.1495956698.A.A61.html download to ptt/Gossiping/21528_5.txt, time: 4.260000
/bbs/Gossiping/M.1495956751.A.369.html download to ptt/Gossiping/21528_6.txt, time: 8.790000
/bbs/Gossiping/M.1495956760.A.D95.html download to ptt/Gossiping/21528_7.txt, time: 5.460000
/bbs/Gossiping/M.1495956837.A.516.html download to ptt/Gossiping/21528_8.txt, time: 6.300000
/bbs/Gossiping/M.1495956905.A.91A.html download to ptt/Gossiping/21528_9.txt, time: 3.970000
/bbs/Gossiping/M.1495956930.A.580.html download to ptt/Gossiping/21528_10.txt, time: 3.940000
/bbs/Gossiping/M.1495956974.A.C5D.html download to ptt/Gossiping/21528_11.txt, time: 7.690000
/bbs/Gossiping/M.1495957013.A.859.html download to ptt/Gossiping/21528_12.txt, time: 9.980000
/bbs/Gossiping/M.1495957073.A.C11.html download to ptt/Gossiping/21528_13.txt, time: 12.460000
/bbs/Gossiping/M.1495957147.A.42F.html download to ptt/Gossiping/21528_14.txt, time: 7.730000
/bbs/Gossiping/M.1495957167.A.680.html download to ptt/Gossiping/21528_15.txt, time: 5.500000
/bbs/Gossiping/M.1495957175.A.F8C.html download to ptt/Gossiping/21528_16.txt, time: 4.620000
/bbs/Gossiping/M.1495957185.A.6C3.html download to ptt/Gossiping/21528_17.txt, time: 3.800000
/bbs/Gossiping/M.1495957202.A.7C6.html download to ptt/Gossiping/21528_18.txt, time: 4.550000
/bbs/Gossiping/M.1495957295.A.86B.html download to ptt/Gossiping/21528_19.txt, time: 4.370000
page 21527
/bbs/Gossiping/M.1495955912.A.14B.html download to ptt/Gossiping/21527_0.txt, time: 4.670000
/bbs/Gossiping/M.1495955913.A.751.html download to ptt/Gossiping/21527_1.txt, time: 3.930000
/bbs/Gossiping/M.1495955947.A.C67.html download to ptt/Gossiping/21527_2.txt, time: 5.550000
/bbs/Gossiping/M.1495955957.A.626.html download to ptt/Gossiping/21527_3.txt, time: 4.840000
/bbs/Gossiping/M.1495956016.A.E28.html download to ptt/Gossiping/21527_4.txt, time: 3.440000
/bbs/Gossiping/M.1495956042.A.F92.html download to ptt/Gossiping/21527_5.txt, time: 3.580000
/bbs/Gossiping/M.1495956088.A.B35.html download to ptt/Gossiping/21527_6.txt, time: 4.420000
/bbs/Gossiping/M.1495956225.A.533.html download to ptt/Gossiping/21527_7.txt, time: 3.800000
/bbs/Gossiping/M.1495956231.A.55B.html download to ptt/Gossiping/21527_8.txt, time: 3.530000
/bbs/Gossiping/M.1495956235.A.83A.html download to ptt/Gossiping/21527_9.txt, time: 4.380000
/bbs/Gossiping/M.1495956236.A.35E.html download to ptt/Gossiping/21527_10.txt, time: 3.370000
/bbs/Gossiping/M.1495956246.A.A2A.html download to ptt/Gossiping/21527_11.txt, time: 5.120000
/bbs/Gossiping/M.1495956271.A.0A8.html download to ptt/Gossiping/21527_12.txt, time: 4.380000
/bbs/Gossiping/M.1495956307.A.AC1.html download to ptt/Gossiping/21527_13.txt, time: 4.150000
/bbs/Gossiping/M.1495956361.A.6BC.html download to ptt/Gossiping/21527_14.txt, time: 4.180000
/bbs/Gossiping/M.1495956454.A.592.html download to ptt/Gossiping/21527_15.txt, time: 8.690000
/bbs/Gossiping/M.1495956467.A.1D3.html download to ptt/Gossiping/21527_16.txt, time: 4.030000
/bbs/Gossiping/M.1495956487.A.B47.html download to ptt/Gossiping/21527_17.txt, time: 5.220000
/bbs/Gossiping/M.1495956498.A.44C.html download to ptt/Gossiping/21527_18.txt, time: 4.900000
/bbs/Gossiping/M.1495956514.A.2D9.html download to ptt/Gossiping/21527_19.txt, time: 4.040000
page 21526
/bbs/Gossiping/M.1495955459.A.7F7.html download to ptt/Gossiping/21526_0.txt, time: 3.760000
/bbs/Gossiping/M.1495955459.A.359.html download to ptt/Gossiping/21526_1.txt, time: 4.890000
/bbs/Gossiping/M.1495955471.A.C26.html download to ptt/Gossiping/21526_2.txt, time: 2.960000
/bbs/Gossiping/M.1495955483.A.A7A.html download to ptt/Gossiping/21526_3.txt, time: 3.920000
/bbs/Gossiping/M.1495955484.A.58E.html download to ptt/Gossiping/21526_4.txt, time: 2.920000
/bbs/Gossiping/M.1495955517.A.C13.html download to ptt/Gossiping/21526_5.txt, time: 3.140000
/bbs/Gossiping/M.1495955536.A.285.html download to ptt/Gossiping/21526_6.txt, time: 4.740000
/bbs/Gossiping/M.1495955549.A.685.html download to ptt/Gossiping/21526_7.txt, time: 3.810000
/bbs/Gossiping/M.1495955590.A.D84.html download to ptt/Gossiping/21526_8.txt, time: 3.960000
/bbs/Gossiping/M.1495955599.A.F7E.html download to ptt/Gossiping/21526_9.txt, time: 3.890000
/bbs/Gossiping/M.1495955607.A.8D2.html download to ptt/Gossiping/21526_10.txt, time: 2.730000
/bbs/Gossiping/M.1495955693.A.5E4.html download to ptt/Gossiping/21526_11.txt, time: 3.760000
/bbs/Gossiping/M.1495955711.A.8EA.html download to ptt/Gossiping/21526_12.txt, time: 4.500000
/bbs/Gossiping/M.1495955729.A.A7F.html download to ptt/Gossiping/21526_13.txt, time: 4.470000
/bbs/Gossiping/M.1495955774.A.73A.html download to ptt/Gossiping/21526_14.txt, time: 2.970000
/bbs/Gossiping/M.1495955794.A.356.html download to ptt/Gossiping/21526_15.txt, time: 2.940000
/bbs/Gossiping/M.1495955799.A.00F.html download to ptt/Gossiping/21526_16.txt, time: 2.750000
/bbs/Gossiping/M.1495955819.A.6E1.html download to ptt/Gossiping/21526_17.txt, time: 8.640000
/bbs/Gossiping/M.1495955821.A.0D5.html download to ptt/Gossiping/21526_18.txt, time: 1.910000
/bbs/Gossiping/M.1495955852.A.A74.html download to ptt/Gossiping/21526_19.txt, time: 1.590000
time: 533.2194271087646 seconds
