page 21540
/bbs/Gossiping/M.1495963976.A.AB9.html download to ptt/Gossiping/21540_0.txt, time: 7.640000
/bbs/Gossiping/M.1495963976.A.2C6.html download to ptt/Gossiping/21540_1.txt, time: 7.790000
/bbs/Gossiping/M.1495963984.A.7AD.html download to ptt/Gossiping/21540_2.txt, time: 6.670000
/bbs/Gossiping/M.1495963998.A.961.html download to ptt/Gossiping/21540_3.txt, time: 4.820000
/bbs/Gossiping/M.1495964019.A.180.html download to ptt/Gossiping/21540_4.txt, time: 4.510000
/bbs/Gossiping/M.1495964041.A.FC1.html download to ptt/Gossiping/21540_5.txt, time: 5.160000
/bbs/Gossiping/M.1495964063.A.D73.html download to ptt/Gossiping/21540_6.txt, time: 7.990000
/bbs/Gossiping/M.1495964113.A.F2F.html download to ptt/Gossiping/21540_7.txt, time: 6.210000
/bbs/Gossiping/M.1495964178.A.562.html download to ptt/Gossiping/21540_8.txt, time: 4.830000
/bbs/Gossiping/M.1495964206.A.52A.html download to ptt/Gossiping/21540_9.txt, time: 5.560000
/bbs/Gossiping/M.1495964259.A.9F1.html download to ptt/Gossiping/21540_10.txt, time: 4.410000
/bbs/Gossiping/M.1495964273.A.9F4.html download to ptt/Gossiping/21540_11.txt, time: 6.680000
/bbs/Gossiping/M.1495964292.A.EB4.html download to ptt/Gossiping/21540_12.txt, time: 6.220000
/bbs/Gossiping/M.1495964391.A.8F6.html download to ptt/Gossiping/21540_13.txt, time: 5.630000
/bbs/Gossiping/M.1495964403.A.E7D.html download to ptt/Gossiping/21540_14.txt, time: 4.790000
/bbs/Gossiping/M.1495964438.A.0E3.html download to ptt/Gossiping/21540_15.txt, time: 3.340000
/bbs/Gossiping/M.1495964440.A.D67.html download to ptt/Gossiping/21540_16.txt, time: 5.400000
/bbs/Gossiping/M.1495964521.A.02C.html download to ptt/Gossiping/21540_17.txt, time: 6.570000
/bbs/Gossiping/M.1495964589.A.D52.html download to ptt/Gossiping/21540_18.txt, time: 5.560000
empty download to ptt/Gossiping/21540_19.txt, time: 0.000000
page 21539
/bbs/Gossiping/M.1495963270.A.79F.html download to ptt/Gossiping/21539_0.txt, time: 4.500000
/bbs/Gossiping/M.1495963280.A.F6D.html download to ptt/Gossiping/21539_1.txt, time: 3.210000
/bbs/Gossiping/M.1495963291.A.63C.html download to ptt/Gossiping/21539_2.txt, time: 5.520000
/bbs/Gossiping/M.1495963298.A.F81.html download to ptt/Gossiping/21539_3.txt, time: 5.300000
/bbs/Gossiping/M.1495963335.A.1EF.html download to ptt/Gossiping/21539_4.txt, time: 3.890000
/bbs/Gossiping/M.1495963343.A.0B6.html download to ptt/Gossiping/21539_5.txt, time: 4.360000
/bbs/Gossiping/M.1495963348.A.5AD.html download to ptt/Gossiping/21539_6.txt, time: 4.430000
/bbs/Gossiping/M.1495963357.A.D0D.html download to ptt/Gossiping/21539_7.txt, time: 3.970000
/bbs/Gossiping/M.1495963423.A.C6A.html download to ptt/Gossiping/21539_8.txt, time: 5.290000
/bbs/Gossiping/M.1495963446.A.96C.html download to ptt/Gossiping/21539_9.txt, time: 4.950000
/bbs/Gossiping/M.1495963464.A.B9F.html download to ptt/Gossiping/21539_10.txt, time: 5.070000
/bbs/Gossiping/M.1495963521.A.C7D.html download to ptt/Gossiping/21539_11.txt, time: 4.920000
/bbs/Gossiping/M.1495963568.A.A54.html download to ptt/Gossiping/21539_12.txt, time: 4.320000
/bbs/Gossiping/M.1495963639.A.767.html download to ptt/Gossiping/21539_13.txt, time: 5.360000
/bbs/Gossiping/M.1495963721.A.1CF.html download to ptt/Gossiping/21539_14.txt, time: 7.880000
/bbs/Gossiping/M.1495963796.A.CAC.html download to ptt/Gossiping/21539_15.txt, time: 6.260000
/bbs/Gossiping/M.1495963828.A.F92.html download to ptt/Gossiping/21539_16.txt, time: 3.590000
/bbs/Gossiping/M.1495963840.A.7DC.html download to ptt/Gossiping/21539_17.txt, time: 4.200000
/bbs/Gossiping/M.1495963897.A.F72.html download to ptt/Gossiping/21539_18.txt, time: 7.080000
/bbs/Gossiping/M.1495963901.A.A78.html download to ptt/Gossiping/21539_19.txt, time: 3.950000
page 21538
/bbs/Gossiping/M.1495962666.A.77C.html download to ptt/Gossiping/21538_0.txt, time: 5.140000
/bbs/Gossiping/M.1495962670.A.925.html download to ptt/Gossiping/21538_1.txt, time: 4.490000
/bbs/Gossiping/M.1495962671.A.0CA.html download to ptt/Gossiping/21538_2.txt, time: 4.720000
/bbs/Gossiping/M.1495962671.A.96B.html download to ptt/Gossiping/21538_3.txt, time: 4.660000
/bbs/Gossiping/M.1495962689.A.399.html download to ptt/Gossiping/21538_4.txt, time: 4.790000
/bbs/Gossiping/M.1495962737.A.CB6.html download to ptt/Gossiping/21538_5.txt, time: 9.060000
/bbs/Gossiping/M.1495962772.A.680.html download to ptt/Gossiping/21538_6.txt, time: 3.380000
/bbs/Gossiping/M.1495962775.A.178.html download to ptt/Gossiping/21538_7.txt, time: 3.570000
/bbs/Gossiping/M.1495962809.A.EB5.html download to ptt/Gossiping/21538_8.txt, time: 6.060000
/bbs/Gossiping/M.1495962907.A.0CC.html download to ptt/Gossiping/21538_9.txt, time: 7.310000
/bbs/Gossiping/M.1495962924.A.BCB.html download to ptt/Gossiping/21538_10.txt, time: 10.010000
/bbs/Gossiping/M.1495962953.A.311.html download to ptt/Gossiping/21538_11.txt, time: 5.600000
/bbs/Gossiping/M.1495963007.A.F1C.html download to ptt/Gossiping/21538_12.txt, time: 12.130000
/bbs/Gossiping/M.1495963020.A.537.html download to ptt/Gossiping/21538_13.txt, time: 3.430000
/bbs/Gossiping/M.1495963029.A.FE1.html download to ptt/Gossiping/21538_14.txt, time: 3.930000
/bbs/Gossiping/M.1495963098.A.C0A.html download to ptt/Gossiping/21538_15.txt, time: 4.510000
/bbs/Gossiping/M.1495963159.A.DB8.html download to ptt/Gossiping/21538_16.txt, time: 3.670000
/bbs/Gossiping/M.1495963193.A.E0E.html download to ptt/Gossiping/21538_17.txt, time: 4.880000
/bbs/Gossiping/M.1495963234.A.396.html download to ptt/Gossiping/21538_18.txt, time: 4.460000
/bbs/Gossiping/M.1495963236.A.E70.html download to ptt/Gossiping/21538_19.txt, time: 4.740000
page 21537
/bbs/Gossiping/M.1495961987.A.7F4.html download to ptt/Gossiping/21537_0.txt, time: 3.330000
/bbs/Gossiping/M.1495962067.A.761.html download to ptt/Gossiping/21537_1.txt, time: 4.940000
/bbs/Gossiping/M.1495962111.A.945.html download to ptt/Gossiping/21537_2.txt, time: 4.740000
/bbs/Gossiping/M.1495962176.A.958.html download to ptt/Gossiping/21537_3.txt, time: 3.310000
/bbs/Gossiping/M.1495962192.A.B94.html download to ptt/Gossiping/21537_4.txt, time: 3.330000
/bbs/Gossiping/M.1495962255.A.4BF.html download to ptt/Gossiping/21537_5.txt, time: 4.010000
/bbs/Gossiping/M.1495962256.A.818.html download to ptt/Gossiping/21537_6.txt, time: 2.580000
/bbs/Gossiping/M.1495962269.A.697.html download to ptt/Gossiping/21537_7.txt, time: 3.910000
/bbs/Gossiping/M.1495962297.A.C43.html download to ptt/Gossiping/21537_8.txt, time: 3.190000
/bbs/Gossiping/M.1495962298.A.DCE.html download to ptt/Gossiping/21537_9.txt, time: 5.640000
/bbs/Gossiping/M.1495962299.A.081.html download to ptt/Gossiping/21537_10.txt, time: 2.750000
/bbs/Gossiping/M.1495962405.A.5B1.html download to ptt/Gossiping/21537_11.txt, time: 4.250000
/bbs/Gossiping/M.1495962419.A.EAA.html download to ptt/Gossiping/21537_12.txt, time: 5.210000
/bbs/Gossiping/M.1495962446.A.08D.html download to ptt/Gossiping/21537_13.txt, time: 6.110000
/bbs/Gossiping/M.1495962462.A.04A.html download to ptt/Gossiping/21537_14.txt, time: 5.410000
/bbs/Gossiping/M.1495962471.A.630.html download to ptt/Gossiping/21537_15.txt, time: 3.330000
/bbs/Gossiping/M.1495962523.A.A50.html download to ptt/Gossiping/21537_16.txt, time: 5.150000
/bbs/Gossiping/M.1495962541.A.D6B.html download to ptt/Gossiping/21537_17.txt, time: 3.360000
/bbs/Gossiping/M.1495962619.A.3B3.html download to ptt/Gossiping/21537_18.txt, time: 2.860000
/bbs/Gossiping/M.1495962662.A.543.html download to ptt/Gossiping/21537_19.txt, time: 4.250000
page 21536
/bbs/Gossiping/M.1495961322.A.47D.html download to ptt/Gossiping/21536_0.txt, time: 4.250000
/bbs/Gossiping/M.1495961352.A.A27.html download to ptt/Gossiping/21536_1.txt, time: 4.610000
/bbs/Gossiping/M.1495961367.A.6DD.html download to ptt/Gossiping/21536_2.txt, time: 3.440000
/bbs/Gossiping/M.1495961410.A.9DF.html download to ptt/Gossiping/21536_3.txt, time: 3.300000
/bbs/Gossiping/M.1495961412.A.417.html download to ptt/Gossiping/21536_4.txt, time: 3.210000
/bbs/Gossiping/M.1495961425.A.640.html download to ptt/Gossiping/21536_5.txt, time: 3.110000
/bbs/Gossiping/M.1495961459.A.16C.html download to ptt/Gossiping/21536_6.txt, time: 3.560000
/bbs/Gossiping/M.1495961469.A.0F2.html download to ptt/Gossiping/21536_7.txt, time: 3.540000
/bbs/Gossiping/M.1495961490.A.C33.html download to ptt/Gossiping/21536_8.txt, time: 3.300000
/bbs/Gossiping/M.1495961517.A.160.html download to ptt/Gossiping/21536_9.txt, time: 3.930000
/bbs/Gossiping/M.1495961560.A.17B.html download to ptt/Gossiping/21536_10.txt, time: 4.310000
/bbs/Gossiping/M.1495961608.A.112.html download to ptt/Gossiping/21536_11.txt, time: 5.540000
/bbs/Gossiping/M.1495961628.A.BD2.html download to ptt/Gossiping/21536_12.txt, time: 3.370000
/bbs/Gossiping/M.1495961638.A.9C4.html download to ptt/Gossiping/21536_13.txt, time: 3.520000
/bbs/Gossiping/M.1495961738.A.7CA.html download to ptt/Gossiping/21536_14.txt, time: 2.780000
/bbs/Gossiping/M.1495961793.A.CC1.html download to ptt/Gossiping/21536_15.txt, time: 9.500000
/bbs/Gossiping/M.1495961837.A.05C.html download to ptt/Gossiping/21536_16.txt, time: 3.440000
/bbs/Gossiping/M.1495961910.A.8C8.html download to ptt/Gossiping/21536_17.txt, time: 3.450000
/bbs/Gossiping/M.1495961924.A.3F6.html download to ptt/Gossiping/21536_18.txt, time: 4.900000
/bbs/Gossiping/M.1495961965.A.756.html download to ptt/Gossiping/21536_19.txt, time: 1.490000
time: 539.1686670780182 seconds
