page 21550
/bbs/Gossiping/M.1495970079.A.915.html download to ptt/Gossiping/21550_0.txt, time: 4.680000
/bbs/Gossiping/M.1495970097.A.F93.html download to ptt/Gossiping/21550_1.txt, time: 5.290000
/bbs/Gossiping/M.1495970113.A.78A.html download to ptt/Gossiping/21550_2.txt, time: 6.500000
/bbs/Gossiping/M.1495970135.A.D3F.html download to ptt/Gossiping/21550_3.txt, time: 3.360000
/bbs/Gossiping/M.1495970141.A.AB1.html download to ptt/Gossiping/21550_4.txt, time: 3.550000
/bbs/Gossiping/M.1495970195.A.007.html download to ptt/Gossiping/21550_5.txt, time: 8.390000
/bbs/Gossiping/M.1495970210.A.217.html download to ptt/Gossiping/21550_6.txt, time: 5.670000
/bbs/Gossiping/M.1495970228.A.42C.html download to ptt/Gossiping/21550_7.txt, time: 3.810000
/bbs/Gossiping/M.1495970235.A.411.html download to ptt/Gossiping/21550_8.txt, time: 3.970000
/bbs/Gossiping/M.1495970268.A.F4C.html download to ptt/Gossiping/21550_9.txt, time: 3.890000
/bbs/Gossiping/M.1495970283.A.3C8.html download to ptt/Gossiping/21550_10.txt, time: 5.260000
/bbs/Gossiping/M.1495970290.A.729.html download to ptt/Gossiping/21550_11.txt, time: 7.640000
/bbs/Gossiping/M.1495970290.A.D1F.html download to ptt/Gossiping/21550_12.txt, time: 5.910000
/bbs/Gossiping/M.1495970308.A.95E.html download to ptt/Gossiping/21550_13.txt, time: 3.920000
/bbs/Gossiping/M.1495970312.A.E1E.html download to ptt/Gossiping/21550_14.txt, time: 5.950000
/bbs/Gossiping/M.1495970320.A.A8D.html download to ptt/Gossiping/21550_15.txt, time: 3.370000
/bbs/Gossiping/M.1495970451.A.9C4.html download to ptt/Gossiping/21550_16.txt, time: 4.500000
/bbs/Gossiping/M.1495970484.A.84C.html download to ptt/Gossiping/21550_17.txt, time: 4.770000
/bbs/Gossiping/M.1495970499.A.CBF.html download to ptt/Gossiping/21550_18.txt, time: 4.360000
/bbs/Gossiping/M.1495970509.A.0F0.html download to ptt/Gossiping/21550_19.txt, time: 4.700000
page 21549
/bbs/Gossiping/M.1495969575.A.BFA.html download to ptt/Gossiping/21549_0.txt, time: 3.300000
/bbs/Gossiping/M.1495969590.A.1D7.html download to ptt/Gossiping/21549_1.txt, time: 4.480000
/bbs/Gossiping/M.1495969607.A.EA2.html download to ptt/Gossiping/21549_2.txt, time: 6.030000
/bbs/Gossiping/M.1495969616.A.629.html download to ptt/Gossiping/21549_3.txt, time: 5.140000
/bbs/Gossiping/M.1495969626.A.4BE.html download to ptt/Gossiping/21549_4.txt, time: 4.500000
/bbs/Gossiping/M.1495969664.A.1EE.html download to ptt/Gossiping/21549_5.txt, time: 3.870000
/bbs/Gossiping/M.1495969717.A.B97.html download to ptt/Gossiping/21549_6.txt, time: 4.210000
/bbs/Gossiping/M.1495969759.A.448.html download to ptt/Gossiping/21549_7.txt, time: 6.180000
/bbs/Gossiping/M.1495969813.A.E8E.html download to ptt/Gossiping/21549_8.txt, time: 4.210000
/bbs/Gossiping/M.1495969831.A.4EC.html download to ptt/Gossiping/21549_9.txt, time: 4.400000
/bbs/Gossiping/M.1495969836.A.C8C.html download to ptt/Gossiping/21549_10.txt, time: 4.200000
/bbs/Gossiping/M.1495969852.A.8F6.html download to ptt/Gossiping/21549_11.txt, time: 5.660000
/bbs/Gossiping/M.1495969912.A.2E5.html download to ptt/Gossiping/21549_12.txt, time: 5.580000
/bbs/Gossiping/M.1495969929.A.A4F.html download to ptt/Gossiping/21549_13.txt, time: 4.870000
/bbs/Gossiping/M.1495969947.A.B82.html download to ptt/Gossiping/21549_14.txt, time: 4.270000
/bbs/Gossiping/M.1495969967.A.6B5.html download to ptt/Gossiping/21549_15.txt, time: 4.950000
/bbs/Gossiping/M.1495969986.A.477.html download to ptt/Gossiping/21549_16.txt, time: 6.540000
/bbs/Gossiping/M.1495969995.A.C32.html download to ptt/Gossiping/21549_17.txt, time: 5.050000
/bbs/Gossiping/M.1495970051.A.AB5.html download to ptt/Gossiping/21549_18.txt, time: 4.170000
/bbs/Gossiping/M.1495970074.A.AD7.html download to ptt/Gossiping/21549_19.txt, time: 5.530000
page 21548
/bbs/Gossiping/M.1495968879.A.DB1.html download to ptt/Gossiping/21548_0.txt, time: 5.180000
/bbs/Gossiping/M.1495968918.A.040.html download to ptt/Gossiping/21548_1.txt, time: 4.090000
/bbs/Gossiping/M.1495968960.A.6D6.html download to ptt/Gossiping/21548_2.txt, time: 7.860000
/bbs/Gossiping/M.1495968972.A.C68.html download to ptt/Gossiping/21548_3.txt, time: 10.350000
/bbs/Gossiping/M.1495969032.A.A2C.html download to ptt/Gossiping/21548_4.txt, time: 4.960000
/bbs/Gossiping/M.1495969089.A.D55.html download to ptt/Gossiping/21548_5.txt, time: 4.270000
/bbs/Gossiping/M.1495969116.A.D56.html download to ptt/Gossiping/21548_6.txt, time: 7.120000
/bbs/Gossiping/M.1495969117.A.01A.html download to ptt/Gossiping/21548_7.txt, time: 6.160000
/bbs/Gossiping/M.1495969262.A.31A.html download to ptt/Gossiping/21548_8.txt, time: 6.850000
/bbs/Gossiping/M.1495969273.A.E73.html download to ptt/Gossiping/21548_9.txt, time: 7.530000
/bbs/Gossiping/M.1495969281.A.E1F.html download to ptt/Gossiping/21548_10.txt, time: 14.770000
/bbs/Gossiping/M.1495969311.A.064.html download to ptt/Gossiping/21548_11.txt, time: 6.860000
/bbs/Gossiping/M.1495969366.A.E6B.html download to ptt/Gossiping/21548_12.txt, time: 7.190000
/bbs/Gossiping/M.1495969391.A.23B.html download to ptt/Gossiping/21548_13.txt, time: 5.090000
/bbs/Gossiping/M.1495969405.A.155.html download to ptt/Gossiping/21548_14.txt, time: 6.450000
/bbs/Gossiping/M.1495969489.A.0D5.html download to ptt/Gossiping/21548_15.txt, time: 9.820000
/bbs/Gossiping/M.1495969511.A.DD1.html download to ptt/Gossiping/21548_16.txt, time: 3.480000
/bbs/Gossiping/M.1495969514.A.835.html download to ptt/Gossiping/21548_17.txt, time: 3.020000
/bbs/Gossiping/M.1495969544.A.20E.html download to ptt/Gossiping/21548_18.txt, time: 3.820000
/bbs/Gossiping/M.1495969560.A.9DA.html download to ptt/Gossiping/21548_19.txt, time: 3.230000
page 21547
/bbs/Gossiping/M.1495968404.A.1B0.html download to ptt/Gossiping/21547_0.txt, time: 3.390000
/bbs/Gossiping/M.1495968408.A.765.html download to ptt/Gossiping/21547_1.txt, time: 5.280000
/bbs/Gossiping/M.1495968437.A.0A9.html download to ptt/Gossiping/21547_2.txt, time: 4.760000
/bbs/Gossiping/M.1495968461.A.C9C.html download to ptt/Gossiping/21547_3.txt, time: 3.730000
/bbs/Gossiping/M.1495968527.A.32A.html download to ptt/Gossiping/21547_4.txt, time: 3.600000
/bbs/Gossiping/M.1495968550.A.26D.html download to ptt/Gossiping/21547_5.txt, time: 5.860000
/bbs/Gossiping/M.1495968557.A.10E.html download to ptt/Gossiping/21547_6.txt, time: 5.440000
/bbs/Gossiping/M.1495968576.A.EBA.html download to ptt/Gossiping/21547_7.txt, time: 4.050000
/bbs/Gossiping/M.1495968593.A.073.html download to ptt/Gossiping/21547_8.txt, time: 4.740000
/bbs/Gossiping/M.1495968657.A.74F.html download to ptt/Gossiping/21547_9.txt, time: 3.640000
/bbs/Gossiping/M.1495968673.A.61E.html download to ptt/Gossiping/21547_10.txt, time: 3.340000
/bbs/Gossiping/M.1495968720.A.1D2.html download to ptt/Gossiping/21547_11.txt, time: 4.620000
/bbs/Gossiping/M.1495968770.A.E9E.html download to ptt/Gossiping/21547_12.txt, time: 3.320000
/bbs/Gossiping/M.1495968773.A.D6B.html download to ptt/Gossiping/21547_13.txt, time: 3.450000
/bbs/Gossiping/M.1495968789.A.D9B.html download to ptt/Gossiping/21547_14.txt, time: 3.470000
/bbs/Gossiping/M.1495968801.A.694.html download to ptt/Gossiping/21547_15.txt, time: 4.610000
/bbs/Gossiping/M.1495968815.A.954.html download to ptt/Gossiping/21547_16.txt, time: 8.690000
/bbs/Gossiping/M.1495968860.A.0D3.html download to ptt/Gossiping/21547_17.txt, time: 4.470000
/bbs/Gossiping/M.1495968866.A.0A0.html download to ptt/Gossiping/21547_18.txt, time: 4.010000
/bbs/Gossiping/M.1495968879.A.583.html download to ptt/Gossiping/21547_19.txt, time: 3.590000
page 21546
/bbs/Gossiping/M.1495967592.A.281.html download to ptt/Gossiping/21546_0.txt, time: 3.430000
/bbs/Gossiping/M.1495967624.A.88F.html download to ptt/Gossiping/21546_1.txt, time: 2.890000
/bbs/Gossiping/M.1495967629.A.C5F.html download to ptt/Gossiping/21546_2.txt, time: 3.230000
/bbs/Gossiping/M.1495967664.A.56E.html download to ptt/Gossiping/21546_3.txt, time: 3.190000
/bbs/Gossiping/M.1495967714.A.95E.html download to ptt/Gossiping/21546_4.txt, time: 5.730000
/bbs/Gossiping/M.1495967739.A.058.html download to ptt/Gossiping/21546_5.txt, time: 5.690000
/bbs/Gossiping/M.1495967795.A.0A6.html download to ptt/Gossiping/21546_6.txt, time: 2.690000
/bbs/Gossiping/M.1495967813.A.32B.html download to ptt/Gossiping/21546_7.txt, time: 4.200000
/bbs/Gossiping/M.1495967830.A.2D8.html download to ptt/Gossiping/21546_8.txt, time: 3.710000
/bbs/Gossiping/M.1495967863.A.D1E.html download to ptt/Gossiping/21546_9.txt, time: 3.320000
/bbs/Gossiping/M.1495967885.A.D0B.html download to ptt/Gossiping/21546_10.txt, time: 3.560000
/bbs/Gossiping/M.1495967948.A.B6D.html download to ptt/Gossiping/21546_11.txt, time: 4.850000
/bbs/Gossiping/M.1495968166.A.216.html download to ptt/Gossiping/21546_12.txt, time: 2.470000
/bbs/Gossiping/M.1495968191.A.13D.html download to ptt/Gossiping/21546_13.txt, time: 4.720000
/bbs/Gossiping/M.1495968316.A.B59.html download to ptt/Gossiping/21546_14.txt, time: 2.740000
/bbs/Gossiping/M.1495968339.A.C60.html download to ptt/Gossiping/21546_15.txt, time: 3.400000
/bbs/Gossiping/M.1495968340.A.6B7.html download to ptt/Gossiping/21546_16.txt, time: 3.170000
/bbs/Gossiping/M.1495968343.A.A6E.html download to ptt/Gossiping/21546_17.txt, time: 2.340000
/bbs/Gossiping/M.1495968390.A.32D.html download to ptt/Gossiping/21546_18.txt, time: 3.900000
/bbs/Gossiping/M.1495968393.A.D25.html download to ptt/Gossiping/21546_19.txt, time: 6.450000
time: 548.4702212810516 seconds
