page 21560
/bbs/Gossiping/M.1495975815.A.444.html download to ptt/Gossiping/21560_0.txt, time: 4.510000
/bbs/Gossiping/M.1495975818.A.51B.html download to ptt/Gossiping/21560_1.txt, time: 5.590000
/bbs/Gossiping/M.1495975820.A.2BF.html download to ptt/Gossiping/21560_2.txt, time: 4.630000
/bbs/Gossiping/M.1495975827.A.99D.html download to ptt/Gossiping/21560_3.txt, time: 4.000000
/bbs/Gossiping/M.1495975831.A.171.html download to ptt/Gossiping/21560_4.txt, time: 4.450000
/bbs/Gossiping/M.1495975862.A.4EC.html download to ptt/Gossiping/21560_5.txt, time: 4.360000
/bbs/Gossiping/M.1495975878.A.103.html download to ptt/Gossiping/21560_6.txt, time: 4.140000
/bbs/Gossiping/M.1495975967.A.CF4.html download to ptt/Gossiping/21560_7.txt, time: 10.550000
/bbs/Gossiping/M.1495975999.A.9C6.html download to ptt/Gossiping/21560_8.txt, time: 5.890000
/bbs/Gossiping/M.1495976018.A.A4B.html download to ptt/Gossiping/21560_9.txt, time: 3.680000
/bbs/Gossiping/M.1495976085.A.83A.html download to ptt/Gossiping/21560_10.txt, time: 3.920000
/bbs/Gossiping/M.1495976100.A.D77.html download to ptt/Gossiping/21560_11.txt, time: 4.040000
/bbs/Gossiping/M.1495976131.A.BF6.html download to ptt/Gossiping/21560_12.txt, time: 4.730000
/bbs/Gossiping/M.1495976136.A.7B8.html download to ptt/Gossiping/21560_13.txt, time: 4.550000
/bbs/Gossiping/M.1495976170.A.FD7.html download to ptt/Gossiping/21560_14.txt, time: 8.660000
/bbs/Gossiping/M.1495976170.A.A59.html download to ptt/Gossiping/21560_15.txt, time: 4.690000
/bbs/Gossiping/M.1495976220.A.ADA.html download to ptt/Gossiping/21560_16.txt, time: 5.560000
/bbs/Gossiping/M.1495976249.A.DED.html download to ptt/Gossiping/21560_17.txt, time: 4.620000
/bbs/Gossiping/M.1495976250.A.199.html download to ptt/Gossiping/21560_18.txt, time: 5.830000
/bbs/Gossiping/M.1495976261.A.C9D.html download to ptt/Gossiping/21560_19.txt, time: 3.280000
page 21559
/bbs/Gossiping/M.1495975069.A.20A.html download to ptt/Gossiping/21559_0.txt, time: 4.460000
/bbs/Gossiping/M.1495975100.A.ED4.html download to ptt/Gossiping/21559_1.txt, time: 3.280000
/bbs/Gossiping/M.1495975116.A.A8A.html download to ptt/Gossiping/21559_2.txt, time: 4.640000
/bbs/Gossiping/M.1495975183.A.464.html download to ptt/Gossiping/21559_3.txt, time: 3.360000
/bbs/Gossiping/M.1495975268.A.AC2.html download to ptt/Gossiping/21559_4.txt, time: 4.670000
/bbs/Gossiping/M.1495975334.A.D98.html download to ptt/Gossiping/21559_5.txt, time: 6.750000
/bbs/Gossiping/M.1495975400.A.228.html download to ptt/Gossiping/21559_6.txt, time: 4.090000
/bbs/Gossiping/M.1495975409.A.5E1.html download to ptt/Gossiping/21559_7.txt, time: 3.780000
/bbs/Gossiping/M.1495975444.A.839.html download to ptt/Gossiping/21559_8.txt, time: 5.020000
/bbs/Gossiping/M.1495975530.A.57A.html download to ptt/Gossiping/21559_9.txt, time: 6.260000
/bbs/Gossiping/M.1495975564.A.CCB.html download to ptt/Gossiping/21559_10.txt, time: 5.110000
/bbs/Gossiping/M.1495975588.A.179.html download to ptt/Gossiping/21559_11.txt, time: 6.740000
/bbs/Gossiping/M.1495975591.A.D6E.html download to ptt/Gossiping/21559_12.txt, time: 5.340000
/bbs/Gossiping/M.1495975608.A.648.html download to ptt/Gossiping/21559_13.txt, time: 5.900000
/bbs/Gossiping/M.1495975623.A.D7F.html download to ptt/Gossiping/21559_14.txt, time: 5.300000
/bbs/Gossiping/M.1495975715.A.A85.html download to ptt/Gossiping/21559_15.txt, time: 4.560000
/bbs/Gossiping/M.1495975758.A.267.html download to ptt/Gossiping/21559_16.txt, time: 6.200000
/bbs/Gossiping/M.1495975778.A.821.html download to ptt/Gossiping/21559_17.txt, time: 6.150000
/bbs/Gossiping/M.1495975779.A.4C4.html download to ptt/Gossiping/21559_18.txt, time: 4.630000
/bbs/Gossiping/M.1495975811.A.DAC.html download to ptt/Gossiping/21559_19.txt, time: 6.110000
page 21558
/bbs/Gossiping/M.1495974567.A.50B.html download to ptt/Gossiping/21558_0.txt, time: 4.370000
/bbs/Gossiping/M.1495974617.A.112.html download to ptt/Gossiping/21558_1.txt, time: 5.530000
/bbs/Gossiping/M.1495974679.A.2DF.html download to ptt/Gossiping/21558_2.txt, time: 7.910000
/bbs/Gossiping/M.1495974724.A.27F.html download to ptt/Gossiping/21558_3.txt, time: 6.020000
/bbs/Gossiping/M.1495974785.A.816.html download to ptt/Gossiping/21558_4.txt, time: 7.940000
/bbs/Gossiping/M.1495974790.A.6DB.html download to ptt/Gossiping/21558_5.txt, time: 4.710000
/bbs/Gossiping/M.1495974805.A.200.html download to ptt/Gossiping/21558_6.txt, time: 8.550000
/bbs/Gossiping/M.1495974813.A.572.html download to ptt/Gossiping/21558_7.txt, time: 4.650000
/bbs/Gossiping/M.1495974853.A.8AC.html download to ptt/Gossiping/21558_8.txt, time: 4.240000
/bbs/Gossiping/M.1495974853.A.434.html download to ptt/Gossiping/21558_9.txt, time: 5.500000
/bbs/Gossiping/M.1495974859.A.E6D.html download to ptt/Gossiping/21558_10.txt, time: 3.810000
/bbs/Gossiping/M.1495974863.A.826.html download to ptt/Gossiping/21558_11.txt, time: 5.440000
/bbs/Gossiping/M.1495974870.A.04C.html download to ptt/Gossiping/21558_12.txt, time: 5.850000
/bbs/Gossiping/M.1495974922.A.608.html download to ptt/Gossiping/21558_13.txt, time: 3.880000
/bbs/Gossiping/M.1495974979.A.CD4.html download to ptt/Gossiping/21558_14.txt, time: 4.350000
/bbs/Gossiping/M.1495974983.A.F1B.html download to ptt/Gossiping/21558_15.txt, time: 9.250000
/bbs/Gossiping/M.1495975010.A.637.html download to ptt/Gossiping/21558_16.txt, time: 8.790000
/bbs/Gossiping/M.1495975015.A.80B.html download to ptt/Gossiping/21558_17.txt, time: 4.900000
/bbs/Gossiping/M.1495975024.A.D5D.html download to ptt/Gossiping/21558_18.txt, time: 3.650000
/bbs/Gossiping/M.1495975039.A.51D.html download to ptt/Gossiping/21558_19.txt, time: 6.510000
page 21557
/bbs/Gossiping/M.1495973809.A.443.html download to ptt/Gossiping/21557_0.txt, time: 3.930000
/bbs/Gossiping/M.1495973814.A.649.html download to ptt/Gossiping/21557_1.txt, time: 5.220000
/bbs/Gossiping/M.1495973885.A.23D.html download to ptt/Gossiping/21557_2.txt, time: 3.740000
/bbs/Gossiping/M.1495973911.A.644.html download to ptt/Gossiping/21557_3.txt, time: 4.110000
/bbs/Gossiping/M.1495974015.A.0F4.html download to ptt/Gossiping/21557_4.txt, time: 4.380000
/bbs/Gossiping/M.1495974081.A.A00.html download to ptt/Gossiping/21557_5.txt, time: 5.170000
/bbs/Gossiping/M.1495974110.A.ECE.html download to ptt/Gossiping/21557_6.txt, time: 2.950000
/bbs/Gossiping/M.1495974127.A.D3C.html download to ptt/Gossiping/21557_7.txt, time: 2.510000
/bbs/Gossiping/M.1495974238.A.184.html download to ptt/Gossiping/21557_8.txt, time: 3.610000
/bbs/Gossiping/M.1495974248.A.D91.html download to ptt/Gossiping/21557_9.txt, time: 3.630000
/bbs/Gossiping/M.1495974348.A.96E.html download to ptt/Gossiping/21557_10.txt, time: 2.910000
/bbs/Gossiping/M.1495974379.A.52F.html download to ptt/Gossiping/21557_11.txt, time: 3.520000
/bbs/Gossiping/M.1495974430.A.723.html download to ptt/Gossiping/21557_12.txt, time: 3.950000
/bbs/Gossiping/M.1495974436.A.B14.html download to ptt/Gossiping/21557_13.txt, time: 6.340000
/bbs/Gossiping/M.1495974442.A.C3F.html download to ptt/Gossiping/21557_14.txt, time: 3.210000
/bbs/Gossiping/M.1495974463.A.B06.html download to ptt/Gossiping/21557_15.txt, time: 3.500000
/bbs/Gossiping/M.1495974495.A.EEA.html download to ptt/Gossiping/21557_16.txt, time: 5.400000
/bbs/Gossiping/M.1495974508.A.187.html download to ptt/Gossiping/21557_17.txt, time: 2.560000
/bbs/Gossiping/M.1495974515.A.708.html download to ptt/Gossiping/21557_18.txt, time: 5.310000
/bbs/Gossiping/M.1495974543.A.FEF.html download to ptt/Gossiping/21557_19.txt, time: 6.270000
page 21556
/bbs/Gossiping/M.1495973466.A.F26.html download to ptt/Gossiping/21556_0.txt, time: 4.080000
/bbs/Gossiping/M.1495973468.A.F26.html download to ptt/Gossiping/21556_1.txt, time: 3.640000
/bbs/Gossiping/M.1495973519.A.F4F.html download to ptt/Gossiping/21556_2.txt, time: 4.240000
/bbs/Gossiping/M.1495973539.A.1EE.html download to ptt/Gossiping/21556_3.txt, time: 5.450000
/bbs/Gossiping/M.1495973543.A.C92.html download to ptt/Gossiping/21556_4.txt, time: 3.510000
/bbs/Gossiping/M.1495973610.A.1CC.html download to ptt/Gossiping/21556_5.txt, time: 2.790000
/bbs/Gossiping/M.1495973617.A.F9D.html download to ptt/Gossiping/21556_6.txt, time: 3.270000
/bbs/Gossiping/M.1495973635.A.E03.html download to ptt/Gossiping/21556_7.txt, time: 4.720000
/bbs/Gossiping/M.1495973659.A.85F.html download to ptt/Gossiping/21556_8.txt, time: 4.440000
/bbs/Gossiping/M.1495973663.A.D05.html download to ptt/Gossiping/21556_9.txt, time: 2.820000
/bbs/Gossiping/M.1495973671.A.223.html download to ptt/Gossiping/21556_10.txt, time: 3.790000
/bbs/Gossiping/M.1495973683.A.E12.html download to ptt/Gossiping/21556_11.txt, time: 3.530000
/bbs/Gossiping/M.1495973684.A.DE6.html download to ptt/Gossiping/21556_12.txt, time: 3.330000
/bbs/Gossiping/M.1495973719.A.6F2.html download to ptt/Gossiping/21556_13.txt, time: 3.040000
/bbs/Gossiping/M.1495973721.A.758.html download to ptt/Gossiping/21556_14.txt, time: 3.600000
/bbs/Gossiping/M.1495973722.A.65D.html download to ptt/Gossiping/21556_15.txt, time: 5.340000
/bbs/Gossiping/M.1495973732.A.74E.html download to ptt/Gossiping/21556_16.txt, time: 4.330000
/bbs/Gossiping/M.1495973758.A.45F.html download to ptt/Gossiping/21556_17.txt, time: 3.430000
/bbs/Gossiping/M.1495973780.A.464.html download to ptt/Gossiping/21556_18.txt, time: 3.340000
/bbs/Gossiping/M.1495973797.A.A20.html download to ptt/Gossiping/21556_19.txt, time: 2.680000
time: 539.7896468639374 seconds
