page 21570
/bbs/Gossiping/M.1495980596.A.64C.html download to ptt/Gossiping/21570_0.txt, time: 9.900000
/bbs/Gossiping/M.1495980603.A.D16.html download to ptt/Gossiping/21570_1.txt, time: 7.800000
/bbs/Gossiping/M.1495980621.A.7F2.html download to ptt/Gossiping/21570_2.txt, time: 4.780000
/bbs/Gossiping/M.1495980671.A.06D.html download to ptt/Gossiping/21570_3.txt, time: 4.130000
/bbs/Gossiping/M.1495980674.A.3C6.html download to ptt/Gossiping/21570_4.txt, time: 5.820000
/bbs/Gossiping/M.1495980674.A.923.html download to ptt/Gossiping/21570_5.txt, time: 5.030000
/bbs/Gossiping/M.1495980693.A.F4F.html download to ptt/Gossiping/21570_6.txt, time: 6.630000
/bbs/Gossiping/M.1495980704.A.B57.html download to ptt/Gossiping/21570_7.txt, time: 8.570000
/bbs/Gossiping/M.1495980716.A.4F1.html download to ptt/Gossiping/21570_8.txt, time: 4.360000
/bbs/Gossiping/M.1495980741.A.2E8.html download to ptt/Gossiping/21570_9.txt, time: 3.910000
/bbs/Gossiping/M.1495980764.A.19B.html download to ptt/Gossiping/21570_10.txt, time: 3.650000
/bbs/Gossiping/M.1495980787.A.A8A.html download to ptt/Gossiping/21570_11.txt, time: 4.080000
/bbs/Gossiping/M.1495980791.A.DA9.html download to ptt/Gossiping/21570_12.txt, time: 3.370000
/bbs/Gossiping/M.1495980806.A.25C.html download to ptt/Gossiping/21570_13.txt, time: 5.730000
/bbs/Gossiping/M.1495980911.A.F66.html download to ptt/Gossiping/21570_14.txt, time: 4.260000
/bbs/Gossiping/M.1495980943.A.506.html download to ptt/Gossiping/21570_15.txt, time: 4.190000
/bbs/Gossiping/M.1495980945.A.3A8.html download to ptt/Gossiping/21570_16.txt, time: 4.560000
/bbs/Gossiping/M.1495980968.A.CFC.html download to ptt/Gossiping/21570_17.txt, time: 5.380000
/bbs/Gossiping/M.1495980994.A.FEE.html download to ptt/Gossiping/21570_18.txt, time: 5.290000
/bbs/Gossiping/M.1495981039.A.DFB.html download to ptt/Gossiping/21570_19.txt, time: 5.620000
page 21569
/bbs/Gossiping/M.1495980205.A.65F.html download to ptt/Gossiping/21569_0.txt, time: 4.140000
/bbs/Gossiping/M.1495980219.A.7E1.html download to ptt/Gossiping/21569_1.txt, time: 3.880000
/bbs/Gossiping/M.1495980222.A.F7B.html download to ptt/Gossiping/21569_2.txt, time: 4.600000
/bbs/Gossiping/M.1495980251.A.E89.html download to ptt/Gossiping/21569_3.txt, time: 4.090000
/bbs/Gossiping/M.1495980268.A.3C2.html download to ptt/Gossiping/21569_4.txt, time: 5.450000
/bbs/Gossiping/M.1495980306.A.EE7.html download to ptt/Gossiping/21569_5.txt, time: 4.810000
/bbs/Gossiping/M.1495980342.A.2DC.html download to ptt/Gossiping/21569_6.txt, time: 3.890000
/bbs/Gossiping/M.1495980370.A.0E7.html download to ptt/Gossiping/21569_7.txt, time: 3.880000
/bbs/Gossiping/M.1495980409.A.D6A.html download to ptt/Gossiping/21569_8.txt, time: 5.390000
/bbs/Gossiping/M.1495980410.A.22D.html download to ptt/Gossiping/21569_9.txt, time: 5.760000
/bbs/Gossiping/M.1495980448.A.7C8.html download to ptt/Gossiping/21569_10.txt, time: 5.220000
/bbs/Gossiping/M.1495980452.A.F3C.html download to ptt/Gossiping/21569_11.txt, time: 3.900000
/bbs/Gossiping/M.1495980495.A.B06.html download to ptt/Gossiping/21569_12.txt, time: 4.250000
empty download to ptt/Gossiping/21569_13.txt, time: 0.000000
/bbs/Gossiping/M.1495980520.A.737.html download to ptt/Gossiping/21569_14.txt, time: 4.100000
/bbs/Gossiping/M.1495980527.A.9AC.html download to ptt/Gossiping/21569_15.txt, time: 4.920000
/bbs/Gossiping/M.1495980531.A.D4A.html download to ptt/Gossiping/21569_16.txt, time: 4.310000
/bbs/Gossiping/M.1495980544.A.CA2.html download to ptt/Gossiping/21569_17.txt, time: 4.870000
/bbs/Gossiping/M.1495980553.A.160.html download to ptt/Gossiping/21569_18.txt, time: 5.490000
/bbs/Gossiping/M.1495980596.A.7F4.html download to ptt/Gossiping/21569_19.txt, time: 3.800000
page 21568
/bbs/Gossiping/M.1495979697.A.897.html download to ptt/Gossiping/21568_0.txt, time: 8.390000
/bbs/Gossiping/M.1495979728.A.6C8.html download to ptt/Gossiping/21568_1.txt, time: 7.620000
/bbs/Gossiping/M.1495979743.A.239.html download to ptt/Gossiping/21568_2.txt, time: 4.040000
/bbs/Gossiping/M.1495979805.A.E28.html download to ptt/Gossiping/21568_3.txt, time: 4.820000
/bbs/Gossiping/M.1495979850.A.DC9.html download to ptt/Gossiping/21568_4.txt, time: 13.010000
/bbs/Gossiping/M.1495979861.A.1ED.html download to ptt/Gossiping/21568_5.txt, time: 12.080000
/bbs/Gossiping/M.1495979881.A.15D.html download to ptt/Gossiping/21568_6.txt, time: 3.460000
/bbs/Gossiping/M.1495979884.A.472.html download to ptt/Gossiping/21568_7.txt, time: 8.440000
/bbs/Gossiping/M.1495979937.A.540.html download to ptt/Gossiping/21568_8.txt, time: 3.740000
/bbs/Gossiping/M.1495979946.A.BBF.html download to ptt/Gossiping/21568_9.txt, time: 4.790000
/bbs/Gossiping/M.1495979961.A.E49.html download to ptt/Gossiping/21568_10.txt, time: 6.110000
/bbs/Gossiping/M.1495980074.A.C55.html download to ptt/Gossiping/21568_11.txt, time: 3.890000
/bbs/Gossiping/M.1495980094.A.2C7.html download to ptt/Gossiping/21568_12.txt, time: 5.320000
/bbs/Gossiping/M.1495980115.A.BE8.html download to ptt/Gossiping/21568_13.txt, time: 5.330000
/bbs/Gossiping/M.1495980117.A.577.html download to ptt/Gossiping/21568_14.txt, time: 6.920000
/bbs/Gossiping/M.1495980123.A.3C0.html download to ptt/Gossiping/21568_15.txt, time: 3.300000
/bbs/Gossiping/M.1495980133.A.F9F.html download to ptt/Gossiping/21568_16.txt, time: 3.470000
/bbs/Gossiping/M.1495980172.A.007.html download to ptt/Gossiping/21568_17.txt, time: 4.510000
/bbs/Gossiping/M.1495980198.A.FDF.html download to ptt/Gossiping/21568_18.txt, time: 4.500000
/bbs/Gossiping/M.1495980201.A.F9F.html download to ptt/Gossiping/21568_19.txt, time: 4.860000
page 21567
/bbs/Gossiping/M.1495979211.A.1B5.html download to ptt/Gossiping/21567_0.txt, time: 4.030000
/bbs/Gossiping/M.1495979266.A.06D.html download to ptt/Gossiping/21567_1.txt, time: 3.360000
/bbs/Gossiping/M.1495979270.A.9C1.html download to ptt/Gossiping/21567_2.txt, time: 3.200000
/bbs/Gossiping/M.1495979287.A.159.html download to ptt/Gossiping/21567_3.txt, time: 5.290000
/bbs/Gossiping/M.1495979313.A.6C2.html download to ptt/Gossiping/21567_4.txt, time: 4.450000
/bbs/Gossiping/M.1495979368.A.119.html download to ptt/Gossiping/21567_5.txt, time: 4.730000
/bbs/Gossiping/M.1495979394.A.12B.html download to ptt/Gossiping/21567_6.txt, time: 5.800000
/bbs/Gossiping/M.1495979425.A.F63.html download to ptt/Gossiping/21567_7.txt, time: 4.920000
/bbs/Gossiping/M.1495979427.A.36A.html download to ptt/Gossiping/21567_8.txt, time: 4.010000
/bbs/Gossiping/M.1495979439.A.3BA.html download to ptt/Gossiping/21567_9.txt, time: 4.290000
/bbs/Gossiping/M.1495979450.A.A61.html download to ptt/Gossiping/21567_10.txt, time: 3.300000
/bbs/Gossiping/M.1495979468.A.213.html download to ptt/Gossiping/21567_11.txt, time: 3.120000
/bbs/Gossiping/M.1495979468.A.4B2.html download to ptt/Gossiping/21567_12.txt, time: 3.460000
/bbs/Gossiping/M.1495979486.A.118.html download to ptt/Gossiping/21567_13.txt, time: 3.960000
/bbs/Gossiping/M.1495979505.A.5D2.html download to ptt/Gossiping/21567_14.txt, time: 7.000000
/bbs/Gossiping/M.1495979570.A.1B3.html download to ptt/Gossiping/21567_15.txt, time: 5.170000
/bbs/Gossiping/M.1495979650.A.AAA.html download to ptt/Gossiping/21567_16.txt, time: 4.340000
/bbs/Gossiping/M.1495979656.A.DA8.html download to ptt/Gossiping/21567_17.txt, time: 4.040000
/bbs/Gossiping/M.1495979678.A.4AD.html download to ptt/Gossiping/21567_18.txt, time: 3.430000
/bbs/Gossiping/M.1495979679.A.610.html download to ptt/Gossiping/21567_19.txt, time: 3.860000
page 21566
/bbs/Gossiping/M.1495978664.A.4B0.html download to ptt/Gossiping/21566_0.txt, time: 5.310000
/bbs/Gossiping/M.1495978665.A.D06.html download to ptt/Gossiping/21566_1.txt, time: 5.070000
/bbs/Gossiping/M.1495978696.A.5D4.html download to ptt/Gossiping/21566_2.txt, time: 2.900000
/bbs/Gossiping/M.1495978733.A.CCB.html download to ptt/Gossiping/21566_3.txt, time: 3.490000
/bbs/Gossiping/M.1495978745.A.6DE.html download to ptt/Gossiping/21566_4.txt, time: 3.520000
/bbs/Gossiping/M.1495978752.A.02D.html download to ptt/Gossiping/21566_5.txt, time: 3.890000
/bbs/Gossiping/M.1495978760.A.855.html download to ptt/Gossiping/21566_6.txt, time: 3.890000
/bbs/Gossiping/M.1495978788.A.EE4.html download to ptt/Gossiping/21566_7.txt, time: 4.530000
/bbs/Gossiping/M.1495978845.A.456.html download to ptt/Gossiping/21566_8.txt, time: 2.650000
/bbs/Gossiping/M.1495978872.A.607.html download to ptt/Gossiping/21566_9.txt, time: 2.830000
/bbs/Gossiping/M.1495978875.A.9D4.html download to ptt/Gossiping/21566_10.txt, time: 3.180000
/bbs/Gossiping/M.1495978920.A.2FA.html download to ptt/Gossiping/21566_11.txt, time: 3.020000
/bbs/Gossiping/M.1495978922.A.D4D.html download to ptt/Gossiping/21566_12.txt, time: 2.860000
/bbs/Gossiping/M.1495978941.A.14A.html download to ptt/Gossiping/21566_13.txt, time: 3.020000
/bbs/Gossiping/M.1495978944.A.F4C.html download to ptt/Gossiping/21566_14.txt, time: 3.890000
/bbs/Gossiping/M.1495978989.A.586.html download to ptt/Gossiping/21566_15.txt, time: 4.310000
/bbs/Gossiping/M.1495979015.A.625.html download to ptt/Gossiping/21566_16.txt, time: 6.560000
/bbs/Gossiping/M.1495979065.A.561.html download to ptt/Gossiping/21566_17.txt, time: 2.530000
/bbs/Gossiping/M.1495979173.A.20F.html download to ptt/Gossiping/21566_18.txt, time: 2.280000
/bbs/Gossiping/M.1495979183.A.CA3.html download to ptt/Gossiping/21566_19.txt, time: 3.900000
time: 536.9088072776794 seconds
