page 21580
/bbs/Gossiping/M.1495985475.A.FF7.html download to ptt/Gossiping/21580_0.txt, time: 4.830000
/bbs/Gossiping/M.1495985481.A.96E.html download to ptt/Gossiping/21580_1.txt, time: 3.840000
/bbs/Gossiping/M.1495985550.A.A6F.html download to ptt/Gossiping/21580_2.txt, time: 4.450000
/bbs/Gossiping/M.1495985559.A.A41.html download to ptt/Gossiping/21580_3.txt, time: 7.310000
/bbs/Gossiping/M.1495985580.A.5BA.html download to ptt/Gossiping/21580_4.txt, time: 5.080000
/bbs/Gossiping/M.1495985580.A.82D.html download to ptt/Gossiping/21580_5.txt, time: 4.110000
/bbs/Gossiping/M.1495985647.A.F86.html download to ptt/Gossiping/21580_6.txt, time: 4.660000
/bbs/Gossiping/M.1495985652.A.60A.html download to ptt/Gossiping/21580_7.txt, time: 4.420000
/bbs/Gossiping/M.1495985708.A.445.html download to ptt/Gossiping/21580_8.txt, time: 5.590000
/bbs/Gossiping/M.1495985752.A.4C6.html download to ptt/Gossiping/21580_9.txt, time: 5.160000
/bbs/Gossiping/M.1495985775.A.FCB.html download to ptt/Gossiping/21580_10.txt, time: 7.260000
/bbs/Gossiping/M.1495985800.A.8DF.html download to ptt/Gossiping/21580_11.txt, time: 4.400000
/bbs/Gossiping/M.1495985857.A.25D.html download to ptt/Gossiping/21580_12.txt, time: 5.100000
/bbs/Gossiping/M.1495985907.A.297.html download to ptt/Gossiping/21580_13.txt, time: 5.630000
/bbs/Gossiping/M.1495985934.A.8E9.html download to ptt/Gossiping/21580_14.txt, time: 6.260000
/bbs/Gossiping/M.1495985948.A.ACA.html download to ptt/Gossiping/21580_15.txt, time: 4.330000
/bbs/Gossiping/M.1495985980.A.5AE.html download to ptt/Gossiping/21580_16.txt, time: 5.040000
/bbs/Gossiping/M.1495985997.A.1D4.html download to ptt/Gossiping/21580_17.txt, time: 5.720000
/bbs/Gossiping/M.1495986005.A.926.html download to ptt/Gossiping/21580_18.txt, time: 4.420000
/bbs/Gossiping/M.1495986023.A.329.html download to ptt/Gossiping/21580_19.txt, time: 2.600000
page 21579
/bbs/Gossiping/M.1495985020.A.EAA.html download to ptt/Gossiping/21579_0.txt, time: 5.470000
/bbs/Gossiping/M.1495985027.A.270.html download to ptt/Gossiping/21579_1.txt, time: 3.460000
/bbs/Gossiping/M.1495985056.A.6DF.html download to ptt/Gossiping/21579_2.txt, time: 4.040000
/bbs/Gossiping/M.1495985113.A.2ED.html download to ptt/Gossiping/21579_3.txt, time: 5.290000
/bbs/Gossiping/M.1495985114.A.22F.html download to ptt/Gossiping/21579_4.txt, time: 5.660000
/bbs/Gossiping/M.1495985138.A.83E.html download to ptt/Gossiping/21579_5.txt, time: 3.480000
/bbs/Gossiping/M.1495985146.A.3FB.html download to ptt/Gossiping/21579_6.txt, time: 4.220000
/bbs/Gossiping/M.1495985172.A.CD5.html download to ptt/Gossiping/21579_7.txt, time: 4.690000
/bbs/Gossiping/M.1495985175.A.603.html download to ptt/Gossiping/21579_8.txt, time: 4.830000
/bbs/Gossiping/M.1495985185.A.621.html download to ptt/Gossiping/21579_9.txt, time: 4.900000
/bbs/Gossiping/M.1495985213.A.070.html download to ptt/Gossiping/21579_10.txt, time: 3.700000
/bbs/Gossiping/M.1495985214.A.9F0.html download to ptt/Gossiping/21579_11.txt, time: 3.590000
/bbs/Gossiping/M.1495985227.A.2B2.html download to ptt/Gossiping/21579_12.txt, time: 5.340000
/bbs/Gossiping/M.1495985274.A.FD0.html download to ptt/Gossiping/21579_13.txt, time: 5.520000
/bbs/Gossiping/M.1495985286.A.69E.html download to ptt/Gossiping/21579_14.txt, time: 6.580000
/bbs/Gossiping/M.1495985301.A.626.html download to ptt/Gossiping/21579_15.txt, time: 3.800000
/bbs/Gossiping/M.1495985307.A.1AB.html download to ptt/Gossiping/21579_16.txt, time: 4.860000
/bbs/Gossiping/M.1495985335.A.53F.html download to ptt/Gossiping/21579_17.txt, time: 4.100000
/bbs/Gossiping/M.1495985467.A.E0D.html download to ptt/Gossiping/21579_18.txt, time: 7.040000
/bbs/Gossiping/M.1495985475.A.D17.html download to ptt/Gossiping/21579_19.txt, time: 12.950000
page 21578
/bbs/Gossiping/M.1495984645.A.92E.html download to ptt/Gossiping/21578_0.txt, time: 10.070000
/bbs/Gossiping/M.1495984658.A.DAB.html download to ptt/Gossiping/21578_1.txt, time: 4.470000
/bbs/Gossiping/M.1495984741.A.B86.html download to ptt/Gossiping/21578_2.txt, time: 5.440000
/bbs/Gossiping/M.1495984753.A.22E.html download to ptt/Gossiping/21578_3.txt, time: 5.380000
/bbs/Gossiping/M.1495984760.A.963.html download to ptt/Gossiping/21578_4.txt, time: 5.120000
/bbs/Gossiping/M.1495984761.A.30C.html download to ptt/Gossiping/21578_5.txt, time: 6.320000
/bbs/Gossiping/M.1495984777.A.C67.html download to ptt/Gossiping/21578_6.txt, time: 4.950000
/bbs/Gossiping/M.1495984803.A.4D7.html download to ptt/Gossiping/21578_7.txt, time: 4.290000
/bbs/Gossiping/M.1495984819.A.9ED.html download to ptt/Gossiping/21578_8.txt, time: 5.250000
/bbs/Gossiping/M.1495984821.A.05A.html download to ptt/Gossiping/21578_9.txt, time: 7.380000
/bbs/Gossiping/M.1495984834.A.FA8.html download to ptt/Gossiping/21578_10.txt, time: 5.180000
/bbs/Gossiping/M.1495984868.A.D6E.html download to ptt/Gossiping/21578_11.txt, time: 3.860000
/bbs/Gossiping/M.1495984914.A.AC0.html download to ptt/Gossiping/21578_12.txt, time: 3.070000
/bbs/Gossiping/M.1495984934.A.DC2.html download to ptt/Gossiping/21578_13.txt, time: 6.700000
/bbs/Gossiping/M.1495984935.A.25B.html download to ptt/Gossiping/21578_14.txt, time: 4.520000
/bbs/Gossiping/M.1495984959.A.6D6.html download to ptt/Gossiping/21578_15.txt, time: 5.040000
/bbs/Gossiping/M.1495984967.A.98C.html download to ptt/Gossiping/21578_16.txt, time: 3.780000
/bbs/Gossiping/M.1495984968.A.8C8.html download to ptt/Gossiping/21578_17.txt, time: 4.860000
/bbs/Gossiping/M.1495984991.A.78E.html download to ptt/Gossiping/21578_18.txt, time: 3.790000
/bbs/Gossiping/M.1495985010.A.B01.html download to ptt/Gossiping/21578_19.txt, time: 3.740000
page 21577
/bbs/Gossiping/M.1495984221.A.6F3.html download to ptt/Gossiping/21577_0.txt, time: 3.230000
/bbs/Gossiping/M.1495984225.A.189.html download to ptt/Gossiping/21577_1.txt, time: 2.940000
/bbs/Gossiping/M.1495984233.A.A3D.html download to ptt/Gossiping/21577_2.txt, time: 5.240000
/bbs/Gossiping/M.1495984254.A.153.html download to ptt/Gossiping/21577_3.txt, time: 5.310000
/bbs/Gossiping/M.1495984255.A.E95.html download to ptt/Gossiping/21577_4.txt, time: 5.330000
/bbs/Gossiping/M.1495984273.A.550.html download to ptt/Gossiping/21577_5.txt, time: 5.000000
/bbs/Gossiping/M.1495984280.A.E81.html download to ptt/Gossiping/21577_6.txt, time: 5.320000
/bbs/Gossiping/M.1495984307.A.DF9.html download to ptt/Gossiping/21577_7.txt, time: 4.620000
/bbs/Gossiping/M.1495984354.A.87D.html download to ptt/Gossiping/21577_8.txt, time: 4.660000
/bbs/Gossiping/M.1495984357.A.0F5.html download to ptt/Gossiping/21577_9.txt, time: 3.750000
/bbs/Gossiping/M.1495984408.A.BD2.html download to ptt/Gossiping/21577_10.txt, time: 3.350000
/bbs/Gossiping/M.1495984415.A.F95.html download to ptt/Gossiping/21577_11.txt, time: 3.820000
/bbs/Gossiping/M.1495984435.A.CFB.html download to ptt/Gossiping/21577_12.txt, time: 3.060000
/bbs/Gossiping/M.1495984444.A.991.html download to ptt/Gossiping/21577_13.txt, time: 3.410000
/bbs/Gossiping/M.1495984445.A.20E.html download to ptt/Gossiping/21577_14.txt, time: 3.040000
/bbs/Gossiping/M.1495984470.A.E81.html download to ptt/Gossiping/21577_15.txt, time: 3.590000
/bbs/Gossiping/M.1495984498.A.036.html download to ptt/Gossiping/21577_16.txt, time: 7.790000
/bbs/Gossiping/M.1495984512.A.412.html download to ptt/Gossiping/21577_17.txt, time: 3.400000
/bbs/Gossiping/M.1495984529.A.578.html download to ptt/Gossiping/21577_18.txt, time: 4.550000
/bbs/Gossiping/M.1495984629.A.48B.html download to ptt/Gossiping/21577_19.txt, time: 4.430000
page 21576
/bbs/Gossiping/M.1495983733.A.692.html download to ptt/Gossiping/21576_0.txt, time: 4.430000
/bbs/Gossiping/M.1495983746.A.9D3.html download to ptt/Gossiping/21576_1.txt, time: 3.510000
/bbs/Gossiping/M.1495983840.A.518.html download to ptt/Gossiping/21576_2.txt, time: 3.940000
/bbs/Gossiping/M.1495983846.A.3F2.html download to ptt/Gossiping/21576_3.txt, time: 3.610000
/bbs/Gossiping/M.1495983857.A.CF0.html download to ptt/Gossiping/21576_4.txt, time: 4.800000
/bbs/Gossiping/M.1495983868.A.314.html download to ptt/Gossiping/21576_5.txt, time: 3.860000
/bbs/Gossiping/M.1495983880.A.B6C.html download to ptt/Gossiping/21576_6.txt, time: 3.020000
/bbs/Gossiping/M.1495983913.A.970.html download to ptt/Gossiping/21576_7.txt, time: 4.230000
/bbs/Gossiping/M.1495983920.A.1BA.html download to ptt/Gossiping/21576_8.txt, time: 2.860000
/bbs/Gossiping/M.1495984012.A.8A8.html download to ptt/Gossiping/21576_9.txt, time: 3.620000
/bbs/Gossiping/M.1495984023.A.9B3.html download to ptt/Gossiping/21576_10.txt, time: 3.450000
/bbs/Gossiping/M.1495984032.A.030.html download to ptt/Gossiping/21576_11.txt, time: 3.320000
/bbs/Gossiping/M.1495984042.A.EBC.html download to ptt/Gossiping/21576_12.txt, time: 3.670000
/bbs/Gossiping/M.1495984053.A.C43.html download to ptt/Gossiping/21576_13.txt, time: 3.620000
/bbs/Gossiping/M.1495984060.A.798.html download to ptt/Gossiping/21576_14.txt, time: 3.490000
empty download to ptt/Gossiping/21576_15.txt, time: 0.000000
/bbs/Gossiping/M.1495984160.A.B4B.html download to ptt/Gossiping/21576_16.txt, time: 3.350000
/bbs/Gossiping/M.1495984175.A.DEB.html download to ptt/Gossiping/21576_17.txt, time: 4.390000
/bbs/Gossiping/M.1495984179.A.675.html download to ptt/Gossiping/21576_18.txt, time: 6.350000
/bbs/Gossiping/M.1495984192.A.1D3.html download to ptt/Gossiping/21576_19.txt, time: 5.200000
time: 536.7655937671661 seconds
