page 21590
/bbs/Gossiping/M.1495989549.A.02B.html download to ptt/Gossiping/21590_0.txt, time: 5.670000
/bbs/Gossiping/M.1495989549.A.8FF.html download to ptt/Gossiping/21590_1.txt, time: 3.040000
/bbs/Gossiping/M.1495989566.A.726.html download to ptt/Gossiping/21590_2.txt, time: 4.830000
/bbs/Gossiping/M.1495989619.A.C73.html download to ptt/Gossiping/21590_3.txt, time: 2.960000
/bbs/Gossiping/M.1495989627.A.505.html download to ptt/Gossiping/21590_4.txt, time: 4.690000
empty download to ptt/Gossiping/21590_5.txt, time: 0.000000
/bbs/Gossiping/M.1495989654.A.159.html download to ptt/Gossiping/21590_6.txt, time: 7.150000
/bbs/Gossiping/M.1495989655.A.D72.html download to ptt/Gossiping/21590_7.txt, time: 5.230000
/bbs/Gossiping/M.1495989668.A.EDC.html download to ptt/Gossiping/21590_8.txt, time: 4.610000
/bbs/Gossiping/M.1495989698.A.F36.html download to ptt/Gossiping/21590_9.txt, time: 3.950000
/bbs/Gossiping/M.1495989739.A.E7A.html download to ptt/Gossiping/21590_10.txt, time: 4.290000
/bbs/Gossiping/M.1495989759.A.663.html download to ptt/Gossiping/21590_11.txt, time: 4.660000
/bbs/Gossiping/M.1495989820.A.F52.html download to ptt/Gossiping/21590_12.txt, time: 4.990000
/bbs/Gossiping/M.1495989849.A.73E.html download to ptt/Gossiping/21590_13.txt, time: 8.530000
/bbs/Gossiping/M.1495989879.A.BBB.html download to ptt/Gossiping/21590_14.txt, time: 3.720000
/bbs/Gossiping/M.1495989882.A.CA5.html download to ptt/Gossiping/21590_15.txt, time: 3.760000
/bbs/Gossiping/M.1495989911.A.AEF.html download to ptt/Gossiping/21590_16.txt, time: 4.840000
/bbs/Gossiping/M.1495989930.A.F89.html download to ptt/Gossiping/21590_17.txt, time: 3.670000
/bbs/Gossiping/M.1495989946.A.32D.html download to ptt/Gossiping/21590_18.txt, time: 3.910000
/bbs/Gossiping/M.1495989949.A.630.html download to ptt/Gossiping/21590_19.txt, time: 6.060000
page 21589
/bbs/Gossiping/M.1495989151.A.C16.html download to ptt/Gossiping/21589_0.txt, time: 5.740000
/bbs/Gossiping/M.1495989165.A.07F.html download to ptt/Gossiping/21589_1.txt, time: 5.240000
/bbs/Gossiping/M.1495989169.A.5E8.html download to ptt/Gossiping/21589_2.txt, time: 5.800000
/bbs/Gossiping/M.1495989178.A.5E4.html download to ptt/Gossiping/21589_3.txt, time: 4.680000
/bbs/Gossiping/M.1495989199.A.E3C.html download to ptt/Gossiping/21589_4.txt, time: 4.120000
/bbs/Gossiping/M.1495989204.A.E44.html download to ptt/Gossiping/21589_5.txt, time: 5.000000
/bbs/Gossiping/M.1495989263.A.7A2.html download to ptt/Gossiping/21589_6.txt, time: 4.550000
/bbs/Gossiping/M.1495989302.A.1EC.html download to ptt/Gossiping/21589_7.txt, time: 5.450000
/bbs/Gossiping/M.1495989311.A.317.html download to ptt/Gossiping/21589_8.txt, time: 5.670000
/bbs/Gossiping/M.1495989328.A.80B.html download to ptt/Gossiping/21589_9.txt, time: 3.440000
/bbs/Gossiping/M.1495989333.A.36D.html download to ptt/Gossiping/21589_10.txt, time: 4.890000
/bbs/Gossiping/M.1495989348.A.064.html download to ptt/Gossiping/21589_11.txt, time: 3.330000
/bbs/Gossiping/M.1495989353.A.E1F.html download to ptt/Gossiping/21589_12.txt, time: 5.000000
/bbs/Gossiping/M.1495989375.A.3D6.html download to ptt/Gossiping/21589_13.txt, time: 4.350000
/bbs/Gossiping/M.1495989387.A.C12.html download to ptt/Gossiping/21589_14.txt, time: 5.860000
/bbs/Gossiping/M.1495989482.A.1E7.html download to ptt/Gossiping/21589_15.txt, time: 4.690000
/bbs/Gossiping/M.1495989489.A.4A9.html download to ptt/Gossiping/21589_16.txt, time: 7.110000
/bbs/Gossiping/M.1495989490.A.12D.html download to ptt/Gossiping/21589_17.txt, time: 4.440000
/bbs/Gossiping/M.1495989493.A.356.html download to ptt/Gossiping/21589_18.txt, time: 5.620000
/bbs/Gossiping/M.1495989544.A.202.html download to ptt/Gossiping/21589_19.txt, time: 4.840000
page 21588
/bbs/Gossiping/M.1495988793.A.BDF.html download to ptt/Gossiping/21588_0.txt, time: 6.130000
/bbs/Gossiping/M.1495988803.A.B5F.html download to ptt/Gossiping/21588_1.txt, time: 7.160000
/bbs/Gossiping/M.1495988827.A.208.html download to ptt/Gossiping/21588_2.txt, time: 6.510000
/bbs/Gossiping/M.1495988866.A.8C0.html download to ptt/Gossiping/21588_3.txt, time: 5.480000
/bbs/Gossiping/M.1495988889.A.FF8.html download to ptt/Gossiping/21588_4.txt, time: 4.870000
/bbs/Gossiping/M.1495988890.A.62C.html download to ptt/Gossiping/21588_5.txt, time: 4.640000
/bbs/Gossiping/M.1495988905.A.242.html download to ptt/Gossiping/21588_6.txt, time: 4.690000
/bbs/Gossiping/M.1495988914.A.742.html download to ptt/Gossiping/21588_7.txt, time: 4.020000
/bbs/Gossiping/M.1495988962.A.D01.html download to ptt/Gossiping/21588_8.txt, time: 5.230000
/bbs/Gossiping/M.1495988967.A.38E.html download to ptt/Gossiping/21588_9.txt, time: 5.010000
/bbs/Gossiping/M.1495988980.A.67A.html download to ptt/Gossiping/21588_10.txt, time: 4.340000
/bbs/Gossiping/M.1495988996.A.91A.html download to ptt/Gossiping/21588_11.txt, time: 7.600000
/bbs/Gossiping/M.1495989004.A.375.html download to ptt/Gossiping/21588_12.txt, time: 7.310000
/bbs/Gossiping/M.1495989027.A.209.html download to ptt/Gossiping/21588_13.txt, time: 5.390000
/bbs/Gossiping/M.1495989034.A.E06.html download to ptt/Gossiping/21588_14.txt, time: 3.990000
/bbs/Gossiping/M.1495989055.A.6FA.html download to ptt/Gossiping/21588_15.txt, time: 6.950000
/bbs/Gossiping/M.1495989064.A.E14.html download to ptt/Gossiping/21588_16.txt, time: 9.240000
/bbs/Gossiping/M.1495989081.A.6EF.html download to ptt/Gossiping/21588_17.txt, time: 7.130000
/bbs/Gossiping/M.1495989086.A.2B6.html download to ptt/Gossiping/21588_18.txt, time: 6.680000
/bbs/Gossiping/M.1495989128.A.D0F.html download to ptt/Gossiping/21588_19.txt, time: 4.330000
page 21587
/bbs/Gossiping/M.1495988483.A.0BF.html download to ptt/Gossiping/21587_0.txt, time: 3.150000
/bbs/Gossiping/M.1495988525.A.5EE.html download to ptt/Gossiping/21587_1.txt, time: 3.820000
/bbs/Gossiping/M.1495988555.A.FB5.html download to ptt/Gossiping/21587_2.txt, time: 4.040000
/bbs/Gossiping/M.1495988559.A.1BB.html download to ptt/Gossiping/21587_3.txt, time: 5.960000
/bbs/Gossiping/M.1495988567.A.ED4.html download to ptt/Gossiping/21587_4.txt, time: 3.340000
/bbs/Gossiping/M.1495988610.A.B1F.html download to ptt/Gossiping/21587_5.txt, time: 5.150000
/bbs/Gossiping/M.1495988622.A.7CF.html download to ptt/Gossiping/21587_6.txt, time: 4.200000
/bbs/Gossiping/M.1495988623.A.030.html download to ptt/Gossiping/21587_7.txt, time: 5.050000
/bbs/Gossiping/M.1495988681.A.B05.html download to ptt/Gossiping/21587_8.txt, time: 3.860000
/bbs/Gossiping/M.1495988691.A.09D.html download to ptt/Gossiping/21587_9.txt, time: 3.590000
/bbs/Gossiping/M.1495988702.A.0C5.html download to ptt/Gossiping/21587_10.txt, time: 4.120000
/bbs/Gossiping/M.1495988707.A.D11.html download to ptt/Gossiping/21587_11.txt, time: 3.210000
/bbs/Gossiping/M.1495988710.A.1BE.html download to ptt/Gossiping/21587_12.txt, time: 4.530000
/bbs/Gossiping/M.1495988739.A.110.html download to ptt/Gossiping/21587_13.txt, time: 3.920000
/bbs/Gossiping/M.1495988742.A.6CC.html download to ptt/Gossiping/21587_14.txt, time: 4.490000
/bbs/Gossiping/M.1495988758.A.97F.html download to ptt/Gossiping/21587_15.txt, time: 2.770000
/bbs/Gossiping/M.1495988763.A.CAC.html download to ptt/Gossiping/21587_16.txt, time: 4.080000
/bbs/Gossiping/M.1495988780.A.62F.html download to ptt/Gossiping/21587_17.txt, time: 3.870000
/bbs/Gossiping/M.1495988784.A.2A3.html download to ptt/Gossiping/21587_18.txt, time: 3.940000
/bbs/Gossiping/M.1495988785.A.3C8.html download to ptt/Gossiping/21587_19.txt, time: 6.680000
page 21586
/bbs/Gossiping/M.1495988055.A.2BA.html download to ptt/Gossiping/21586_0.txt, time: 5.170000
/bbs/Gossiping/M.1495988073.A.997.html download to ptt/Gossiping/21586_1.txt, time: 3.500000
/bbs/Gossiping/M.1495988094.A.F17.html download to ptt/Gossiping/21586_2.txt, time: 3.240000
/bbs/Gossiping/M.1495988120.A.91B.html download to ptt/Gossiping/21586_3.txt, time: 4.490000
/bbs/Gossiping/M.1495988167.A.D81.html download to ptt/Gossiping/21586_4.txt, time: 4.350000
/bbs/Gossiping/M.1495988184.A.ABA.html download to ptt/Gossiping/21586_5.txt, time: 3.780000
/bbs/Gossiping/M.1495988195.A.E1B.html download to ptt/Gossiping/21586_6.txt, time: 3.750000
/bbs/Gossiping/M.1495988244.A.918.html download to ptt/Gossiping/21586_7.txt, time: 5.560000
/bbs/Gossiping/M.1495988252.A.DD6.html download to ptt/Gossiping/21586_8.txt, time: 3.600000
/bbs/Gossiping/M.1495988253.A.B7D.html download to ptt/Gossiping/21586_9.txt, time: 2.970000
/bbs/Gossiping/M.1495988269.A.E2C.html download to ptt/Gossiping/21586_10.txt, time: 5.090000
/bbs/Gossiping/M.1495988293.A.49B.html download to ptt/Gossiping/21586_11.txt, time: 3.890000
/bbs/Gossiping/M.1495988293.A.9CE.html download to ptt/Gossiping/21586_12.txt, time: 3.790000
/bbs/Gossiping/M.1495988306.A.940.html download to ptt/Gossiping/21586_13.txt, time: 3.530000
/bbs/Gossiping/M.1495988311.A.580.html download to ptt/Gossiping/21586_14.txt, time: 3.220000
/bbs/Gossiping/M.1495988331.A.096.html download to ptt/Gossiping/21586_15.txt, time: 3.550000
/bbs/Gossiping/M.1495988353.A.04C.html download to ptt/Gossiping/21586_16.txt, time: 3.010000
/bbs/Gossiping/M.1495988358.A.4D1.html download to ptt/Gossiping/21586_17.txt, time: 4.330000
/bbs/Gossiping/M.1495988414.A.D68.html download to ptt/Gossiping/21586_18.txt, time: 4.390000
/bbs/Gossiping/M.1495988435.A.7D9.html download to ptt/Gossiping/21586_19.txt, time: 2.600000
time: 532.2943522930145 seconds
