page 21600
/bbs/Gossiping/M.1495996585.A.F3A.html download to ptt/Gossiping/21600_0.txt, time: 4.860000
/bbs/Gossiping/M.1495996624.A.8D1.html download to ptt/Gossiping/21600_1.txt, time: 5.120000
/bbs/Gossiping/M.1495996684.A.6CC.html download to ptt/Gossiping/21600_2.txt, time: 7.010000
/bbs/Gossiping/M.1495996742.A.07F.html download to ptt/Gossiping/21600_3.txt, time: 4.240000
/bbs/Gossiping/M.1495996882.A.D7B.html download to ptt/Gossiping/21600_4.txt, time: 3.600000
/bbs/Gossiping/M.1495996927.A.7CE.html download to ptt/Gossiping/21600_5.txt, time: 8.400000
/bbs/Gossiping/M.1495996962.A.884.html download to ptt/Gossiping/21600_6.txt, time: 4.050000
/bbs/Gossiping/M.1495997005.A.D34.html download to ptt/Gossiping/21600_7.txt, time: 4.780000
/bbs/Gossiping/M.1495997130.A.3F5.html download to ptt/Gossiping/21600_8.txt, time: 5.600000
/bbs/Gossiping/M.1495997135.A.6B0.html download to ptt/Gossiping/21600_9.txt, time: 5.890000
/bbs/Gossiping/M.1495997147.A.4D2.html download to ptt/Gossiping/21600_10.txt, time: 4.020000
/bbs/Gossiping/M.1495997220.A.0E8.html download to ptt/Gossiping/21600_11.txt, time: 8.030000
/bbs/Gossiping/M.1495997240.A.2CC.html download to ptt/Gossiping/21600_12.txt, time: 5.130000
/bbs/Gossiping/M.1495997246.A.6C1.html download to ptt/Gossiping/21600_13.txt, time: 4.630000
/bbs/Gossiping/M.1495997267.A.AF7.html download to ptt/Gossiping/21600_14.txt, time: 4.050000
/bbs/Gossiping/M.1495997268.A.C37.html download to ptt/Gossiping/21600_15.txt, time: 4.000000
/bbs/Gossiping/M.1495997376.A.00B.html download to ptt/Gossiping/21600_16.txt, time: 5.410000
/bbs/Gossiping/M.1495997544.A.655.html download to ptt/Gossiping/21600_17.txt, time: 3.510000
/bbs/Gossiping/M.1495997565.A.D03.html download to ptt/Gossiping/21600_18.txt, time: 5.270000
/bbs/Gossiping/M.1495997592.A.6CE.html download to ptt/Gossiping/21600_19.txt, time: 6.000000
page 21599
/bbs/Gossiping/M.1495995606.A.5A9.html download to ptt/Gossiping/21599_0.txt, time: 4.060000
/bbs/Gossiping/M.1495995811.A.2E4.html download to ptt/Gossiping/21599_1.txt, time: 4.160000
/bbs/Gossiping/M.1495995923.A.5BB.html download to ptt/Gossiping/21599_2.txt, time: 5.530000
/bbs/Gossiping/M.1495995987.A.D29.html download to ptt/Gossiping/21599_3.txt, time: 5.970000
/bbs/Gossiping/M.1495996003.A.808.html download to ptt/Gossiping/21599_4.txt, time: 5.510000
/bbs/Gossiping/M.1495996067.A.076.html download to ptt/Gossiping/21599_5.txt, time: 6.290000
/bbs/Gossiping/M.1495996111.A.51F.html download to ptt/Gossiping/21599_6.txt, time: 5.910000
/bbs/Gossiping/M.1495996133.A.AE1.html download to ptt/Gossiping/21599_7.txt, time: 4.080000
/bbs/Gossiping/M.1495996219.A.CFE.html download to ptt/Gossiping/21599_8.txt, time: 4.300000
/bbs/Gossiping/M.1495996246.A.D75.html download to ptt/Gossiping/21599_9.txt, time: 4.280000
/bbs/Gossiping/M.1495996327.A.7CB.html download to ptt/Gossiping/21599_10.txt, time: 3.850000
/bbs/Gossiping/M.1495996337.A.07A.html download to ptt/Gossiping/21599_11.txt, time: 4.190000
/bbs/Gossiping/M.1495996338.A.7B3.html download to ptt/Gossiping/21599_12.txt, time: 4.250000
/bbs/Gossiping/M.1495996341.A.0B5.html download to ptt/Gossiping/21599_13.txt, time: 5.730000
/bbs/Gossiping/M.1495996402.A.0D2.html download to ptt/Gossiping/21599_14.txt, time: 5.550000
/bbs/Gossiping/M.1495996406.A.1C7.html download to ptt/Gossiping/21599_15.txt, time: 5.440000
/bbs/Gossiping/M.1495996430.A.EC5.html download to ptt/Gossiping/21599_16.txt, time: 5.070000
/bbs/Gossiping/M.1495996476.A.926.html download to ptt/Gossiping/21599_17.txt, time: 4.460000
/bbs/Gossiping/M.1495996478.A.383.html download to ptt/Gossiping/21599_18.txt, time: 6.070000
/bbs/Gossiping/M.1495996559.A.073.html download to ptt/Gossiping/21599_19.txt, time: 4.390000
page 21598
/bbs/Gossiping/M.1495994204.A.624.html download to ptt/Gossiping/21598_0.txt, time: 14.940000
/bbs/Gossiping/M.1495994365.A.EB0.html download to ptt/Gossiping/21598_1.txt, time: 8.880000
/bbs/Gossiping/M.1495994380.A.94C.html download to ptt/Gossiping/21598_2.txt, time: 9.000000
/bbs/Gossiping/M.1495994442.A.510.html download to ptt/Gossiping/21598_3.txt, time: 5.080000
/bbs/Gossiping/M.1495994510.A.232.html download to ptt/Gossiping/21598_4.txt, time: 3.540000
/bbs/Gossiping/M.1495994539.A.544.html download to ptt/Gossiping/21598_5.txt, time: 5.490000
/bbs/Gossiping/M.1495994687.A.815.html download to ptt/Gossiping/21598_6.txt, time: 5.160000
/bbs/Gossiping/M.1495994732.A.84A.html download to ptt/Gossiping/21598_7.txt, time: 3.530000
/bbs/Gossiping/M.1495994781.A.01F.html download to ptt/Gossiping/21598_8.txt, time: 5.620000
/bbs/Gossiping/M.1495994798.A.17C.html download to ptt/Gossiping/21598_9.txt, time: 8.180000
/bbs/Gossiping/M.1495994815.A.7A5.html download to ptt/Gossiping/21598_10.txt, time: 5.410000
/bbs/Gossiping/M.1495994898.A.753.html download to ptt/Gossiping/21598_11.txt, time: 4.920000
/bbs/Gossiping/M.1495994956.A.16F.html download to ptt/Gossiping/21598_12.txt, time: 12.150000
/bbs/Gossiping/M.1495995075.A.FAA.html download to ptt/Gossiping/21598_13.txt, time: 7.570000
/bbs/Gossiping/M.1495995100.A.F9D.html download to ptt/Gossiping/21598_14.txt, time: 3.950000
/bbs/Gossiping/M.1495995203.A.360.html download to ptt/Gossiping/21598_15.txt, time: 6.060000
/bbs/Gossiping/M.1495995307.A.3EC.html download to ptt/Gossiping/21598_16.txt, time: 8.020000
/bbs/Gossiping/M.1495995334.A.388.html download to ptt/Gossiping/21598_17.txt, time: 3.350000
/bbs/Gossiping/M.1495995356.A.517.html download to ptt/Gossiping/21598_18.txt, time: 4.320000
/bbs/Gossiping/M.1495995435.A.CA0.html download to ptt/Gossiping/21598_19.txt, time: 3.420000
page 21597
/bbs/Gossiping/M.1495993354.A.4C9.html download to ptt/Gossiping/21597_0.txt, time: 4.930000
/bbs/Gossiping/M.1495993398.A.025.html download to ptt/Gossiping/21597_1.txt, time: 5.440000
/bbs/Gossiping/M.1495993497.A.AF1.html download to ptt/Gossiping/21597_2.txt, time: 4.540000
/bbs/Gossiping/M.1495993550.A.AE6.html download to ptt/Gossiping/21597_3.txt, time: 3.460000
/bbs/Gossiping/M.1495993574.A.C9A.html download to ptt/Gossiping/21597_4.txt, time: 3.420000
/bbs/Gossiping/M.1495993593.A.4A9.html download to ptt/Gossiping/21597_5.txt, time: 5.620000
/bbs/Gossiping/M.1495993801.A.23C.html download to ptt/Gossiping/21597_6.txt, time: 3.370000
/bbs/Gossiping/M.1495993832.A.B5F.html download to ptt/Gossiping/21597_7.txt, time: 3.110000
/bbs/Gossiping/M.1495993840.A.E86.html download to ptt/Gossiping/21597_8.txt, time: 2.860000
/bbs/Gossiping/M.1495993867.A.21D.html download to ptt/Gossiping/21597_9.txt, time: 3.440000
/bbs/Gossiping/M.1495993891.A.C90.html download to ptt/Gossiping/21597_10.txt, time: 3.960000
/bbs/Gossiping/M.1495993894.A.225.html download to ptt/Gossiping/21597_11.txt, time: 2.670000
/bbs/Gossiping/M.1495993916.A.0A6.html download to ptt/Gossiping/21597_12.txt, time: 3.670000
/bbs/Gossiping/M.1495993916.A.F81.html download to ptt/Gossiping/21597_13.txt, time: 3.240000
/bbs/Gossiping/M.1495993966.A.9D4.html download to ptt/Gossiping/21597_14.txt, time: 2.960000
/bbs/Gossiping/M.1495993983.A.793.html download to ptt/Gossiping/21597_15.txt, time: 3.780000
/bbs/Gossiping/M.1495994077.A.EBE.html download to ptt/Gossiping/21597_16.txt, time: 5.110000
/bbs/Gossiping/M.1495994144.A.29B.html download to ptt/Gossiping/21597_17.txt, time: 8.030000
/bbs/Gossiping/M.1495994156.A.D0C.html download to ptt/Gossiping/21597_18.txt, time: 4.800000
/bbs/Gossiping/M.1495994166.A.988.html download to ptt/Gossiping/21597_19.txt, time: 3.600000
page 21596
/bbs/Gossiping/M.1495992702.A.83C.html download to ptt/Gossiping/21596_0.txt, time: 3.170000
/bbs/Gossiping/M.1495992737.A.771.html download to ptt/Gossiping/21596_1.txt, time: 4.330000
/bbs/Gossiping/M.1495992815.A.4BC.html download to ptt/Gossiping/21596_2.txt, time: 5.560000
/bbs/Gossiping/M.1495992839.A.40F.html download to ptt/Gossiping/21596_3.txt, time: 3.890000
/bbs/Gossiping/M.1495992948.A.2F8.html download to ptt/Gossiping/21596_4.txt, time: 3.720000
/bbs/Gossiping/M.1495992952.A.D58.html download to ptt/Gossiping/21596_5.txt, time: 3.500000
/bbs/Gossiping/M.1495992971.A.3E2.html download to ptt/Gossiping/21596_6.txt, time: 3.650000
/bbs/Gossiping/M.1495993014.A.A30.html download to ptt/Gossiping/21596_7.txt, time: 3.630000
/bbs/Gossiping/M.1495993033.A.FBE.html download to ptt/Gossiping/21596_8.txt, time: 2.930000
/bbs/Gossiping/M.1495993045.A.7E3.html download to ptt/Gossiping/21596_9.txt, time: 4.160000
/bbs/Gossiping/M.1495993055.A.682.html download to ptt/Gossiping/21596_10.txt, time: 4.770000
/bbs/Gossiping/M.1495993077.A.B8B.html download to ptt/Gossiping/21596_11.txt, time: 2.700000
/bbs/Gossiping/M.1495993078.A.979.html download to ptt/Gossiping/21596_12.txt, time: 3.440000
/bbs/Gossiping/M.1495993098.A.A36.html download to ptt/Gossiping/21596_13.txt, time: 4.260000
/bbs/Gossiping/M.1495993138.A.300.html download to ptt/Gossiping/21596_14.txt, time: 5.480000
/bbs/Gossiping/M.1495993156.A.AA5.html download to ptt/Gossiping/21596_15.txt, time: 4.060000
/bbs/Gossiping/M.1495993158.A.14C.html download to ptt/Gossiping/21596_16.txt, time: 2.900000
/bbs/Gossiping/M.1495993192.A.083.html download to ptt/Gossiping/21596_17.txt, time: 2.480000
/bbs/Gossiping/M.1495993231.A.F88.html download to ptt/Gossiping/21596_18.txt, time: 5.570000
/bbs/Gossiping/M.1495993261.A.5AF.html download to ptt/Gossiping/21596_19.txt, time: 2.370000
time: 546.1763758659363 seconds
