page 21610
/bbs/Gossiping/M.1496018669.A.F33.html download to ptt/Gossiping/21610_0.txt, time: 4.260000
/bbs/Gossiping/M.1496018779.A.2A5.html download to ptt/Gossiping/21610_1.txt, time: 5.920000
/bbs/Gossiping/M.1496018785.A.8A9.html download to ptt/Gossiping/21610_2.txt, time: 5.200000
/bbs/Gossiping/M.1496018799.A.8B8.html download to ptt/Gossiping/21610_3.txt, time: 6.190000
/bbs/Gossiping/M.1496018908.A.352.html download to ptt/Gossiping/21610_4.txt, time: 6.070000
/bbs/Gossiping/M.1496018916.A.F21.html download to ptt/Gossiping/21610_5.txt, time: 4.220000
/bbs/Gossiping/M.1496018920.A.81E.html download to ptt/Gossiping/21610_6.txt, time: 7.310000
/bbs/Gossiping/M.1496018940.A.AAA.html download to ptt/Gossiping/21610_7.txt, time: 6.060000
/bbs/Gossiping/M.1496019023.A.D9E.html download to ptt/Gossiping/21610_8.txt, time: 5.800000
/bbs/Gossiping/M.1496019059.A.42F.html download to ptt/Gossiping/21610_9.txt, time: 5.190000
/bbs/Gossiping/M.1496019073.A.8EC.html download to ptt/Gossiping/21610_10.txt, time: 5.500000
/bbs/Gossiping/M.1496019168.A.EF8.html download to ptt/Gossiping/21610_11.txt, time: 3.330000
/bbs/Gossiping/M.1496019188.A.95C.html download to ptt/Gossiping/21610_12.txt, time: 7.250000
/bbs/Gossiping/M.1496019220.A.6FA.html download to ptt/Gossiping/21610_13.txt, time: 6.130000
/bbs/Gossiping/M.1496019614.A.C78.html download to ptt/Gossiping/21610_14.txt, time: 4.600000
/bbs/Gossiping/M.1496019623.A.36E.html download to ptt/Gossiping/21610_15.txt, time: 4.400000
/bbs/Gossiping/M.1496019740.A.0D0.html download to ptt/Gossiping/21610_16.txt, time: 5.800000
/bbs/Gossiping/M.1496019769.A.D63.html download to ptt/Gossiping/21610_17.txt, time: 5.510000
/bbs/Gossiping/M.1496019782.A.390.html download to ptt/Gossiping/21610_18.txt, time: 4.850000
/bbs/Gossiping/M.1496019907.A.C63.html download to ptt/Gossiping/21610_19.txt, time: 6.530000
page 21609
/bbs/Gossiping/M.1496017526.A.E8E.html download to ptt/Gossiping/21609_0.txt, time: 7.390000
/bbs/Gossiping/M.1496017556.A.0FB.html download to ptt/Gossiping/21609_1.txt, time: 6.070000
/bbs/Gossiping/M.1496017614.A.F30.html download to ptt/Gossiping/21609_2.txt, time: 5.140000
/bbs/Gossiping/M.1496017641.A.47C.html download to ptt/Gossiping/21609_3.txt, time: 5.270000
/bbs/Gossiping/M.1496017745.A.A8E.html download to ptt/Gossiping/21609_4.txt, time: 5.050000
/bbs/Gossiping/M.1496017787.A.A38.html download to ptt/Gossiping/21609_5.txt, time: 5.260000
/bbs/Gossiping/M.1496017816.A.A97.html download to ptt/Gossiping/21609_6.txt, time: 6.090000
/bbs/Gossiping/M.1496017820.A.40F.html download to ptt/Gossiping/21609_7.txt, time: 3.570000
/bbs/Gossiping/M.1496017829.A.359.html download to ptt/Gossiping/21609_8.txt, time: 4.390000
/bbs/Gossiping/M.1496017880.A.238.html download to ptt/Gossiping/21609_9.txt, time: 4.970000
/bbs/Gossiping/M.1496017935.A.9A0.html download to ptt/Gossiping/21609_10.txt, time: 4.910000
/bbs/Gossiping/M.1496018189.A.B19.html download to ptt/Gossiping/21609_11.txt, time: 5.790000
/bbs/Gossiping/M.1496018373.A.C13.html download to ptt/Gossiping/21609_12.txt, time: 3.220000
/bbs/Gossiping/M.1496018384.A.D82.html download to ptt/Gossiping/21609_13.txt, time: 4.790000
/bbs/Gossiping/M.1496018388.A.346.html download to ptt/Gossiping/21609_14.txt, time: 4.580000
/bbs/Gossiping/M.1496018432.A.3C6.html download to ptt/Gossiping/21609_15.txt, time: 5.460000
/bbs/Gossiping/M.1496018481.A.715.html download to ptt/Gossiping/21609_16.txt, time: 5.160000
/bbs/Gossiping/M.1496018483.A.AEF.html download to ptt/Gossiping/21609_17.txt, time: 4.950000
/bbs/Gossiping/M.1496018492.A.A72.html download to ptt/Gossiping/21609_18.txt, time: 5.430000
/bbs/Gossiping/M.1496018654.A.B17.html download to ptt/Gossiping/21609_19.txt, time: 13.410000
page 21608
/bbs/Gossiping/M.1496015623.A.808.html download to ptt/Gossiping/21608_0.txt, time: 14.400000
/bbs/Gossiping/M.1496015630.A.126.html download to ptt/Gossiping/21608_1.txt, time: 5.060000
/bbs/Gossiping/M.1496015651.A.992.html download to ptt/Gossiping/21608_2.txt, time: 10.290000
/bbs/Gossiping/M.1496015719.A.E85.html download to ptt/Gossiping/21608_3.txt, time: 13.040000
/bbs/Gossiping/M.1496015802.A.59B.html download to ptt/Gossiping/21608_4.txt, time: 5.260000
/bbs/Gossiping/M.1496015856.A.070.htmlTraceback (most recent call last):
  File "/home/studentyl/anaconda3/lib/python3.6/site-packages/requests/packages/urllib3/connectionpool.py", line 600, in urlopen
    chunked=chunked)
  File "/home/studentyl/anaconda3/lib/python3.6/site-packages/requests/packages/urllib3/connectionpool.py", line 386, in _make_request
    six.raise_from(e, None)
  File "<string>", line 2, in raise_from
  File "/home/studentyl/anaconda3/lib/python3.6/site-packages/requests/packages/urllib3/connectionpool.py", line 382, in _make_request
    httplib_response = conn.getresponse()
  File "/home/studentyl/anaconda3/lib/python3.6/http/client.py", line 1331, in getresponse
    response.begin()
  File "/home/studentyl/anaconda3/lib/python3.6/http/client.py", line 297, in begin
    version, status, reason = self._read_status()
  File "/home/studentyl/anaconda3/lib/python3.6/http/client.py", line 266, in _read_status
    raise RemoteDisconnected("Remote end closed connection without"
http.client.RemoteDisconnected: Remote end closed connection without response

During handling of the above exception, another exception occurred:

Traceback (most recent call last):
  File "/home/studentyl/anaconda3/lib/python3.6/site-packages/requests/adapters.py", line 438, in send
    timeout=timeout
  File "/home/studentyl/anaconda3/lib/python3.6/site-packages/requests/packages/urllib3/connectionpool.py", line 649, in urlopen
    _stacktrace=sys.exc_info()[2])
  File "/home/studentyl/anaconda3/lib/python3.6/site-packages/requests/packages/urllib3/util/retry.py", line 357, in increment
    raise six.reraise(type(error), error, _stacktrace)
  File "/home/studentyl/anaconda3/lib/python3.6/site-packages/requests/packages/urllib3/packages/six.py", line 685, in reraise
    raise value.with_traceback(tb)
  File "/home/studentyl/anaconda3/lib/python3.6/site-packages/requests/packages/urllib3/connectionpool.py", line 600, in urlopen
    chunked=chunked)
  File "/home/studentyl/anaconda3/lib/python3.6/site-packages/requests/packages/urllib3/connectionpool.py", line 386, in _make_request
    six.raise_from(e, None)
  File "<string>", line 2, in raise_from
  File "/home/studentyl/anaconda3/lib/python3.6/site-packages/requests/packages/urllib3/connectionpool.py", line 382, in _make_request
    httplib_response = conn.getresponse()
  File "/home/studentyl/anaconda3/lib/python3.6/http/client.py", line 1331, in getresponse
    response.begin()
  File "/home/studentyl/anaconda3/lib/python3.6/http/client.py", line 297, in begin
    version, status, reason = self._read_status()
  File "/home/studentyl/anaconda3/lib/python3.6/http/client.py", line 266, in _read_status
    raise RemoteDisconnected("Remote end closed connection without"
requests.packages.urllib3.exceptions.ProtocolError: ('Connection aborted.', RemoteDisconnected('Remote end closed connection without response',))

During handling of the above exception, another exception occurred:

Traceback (most recent call last):
  File "./crawler.py", line 177, in <module>
    main(sys.argv[1:])
  File "./crawler.py", line 158, in main
    downloadForum(forumName, startPage, pages)
  File "./crawler.py", line 140, in downloadForum
    downloadPage(str(articleCount), forumName, pageNum, 'https://www.ptt.cc'+link)
  File "./crawler.py", line 82, in downloadPage
    pageText = getPageText(link)
  File "./crawler.py", line 13, in getPageText
    pageText=requests.get(link, cookies={'over18':'1'}).text
  File "/home/studentyl/anaconda3/lib/python3.6/site-packages/requests/api.py", line 72, in get
    return request('get', url, params=params, **kwargs)
  File "/home/studentyl/anaconda3/lib/python3.6/site-packages/requests/api.py", line 58, in request
    return session.request(method=method, url=url, **kwargs)
  File "/home/studentyl/anaconda3/lib/python3.6/site-packages/requests/sessions.py", line 518, in request
    resp = self.send(prep, **send_kwargs)
  File "/home/studentyl/anaconda3/lib/python3.6/site-packages/requests/sessions.py", line 639, in send
    r = adapter.send(request, **kwargs)
  File "/home/studentyl/anaconda3/lib/python3.6/site-packages/requests/adapters.py", line 488, in send
    raise ConnectionError(err, request=request)
requests.exceptions.ConnectionError: ('Connection aborted.', RemoteDisconnected('Remote end closed connection without response',))
