page 21620
/bbs/Gossiping/M.1496026232.A.500.html download to ptt/Gossiping/21620_0.txt, time: 7.710000
/bbs/Gossiping/M.1496026339.A.977.html download to ptt/Gossiping/21620_1.txt, time: 6.910000
/bbs/Gossiping/M.1496026364.A.2A5.html download to ptt/Gossiping/21620_2.txt, time: 5.680000
/bbs/Gossiping/M.1496026399.A.09C.html download to ptt/Gossiping/21620_3.txt, time: 3.660000
/bbs/Gossiping/M.1496026413.A.184.html download to ptt/Gossiping/21620_4.txt, time: 5.040000
/bbs/Gossiping/M.1496026428.A.C3C.html download to ptt/Gossiping/21620_5.txt, time: 4.700000
/bbs/Gossiping/M.1496026436.A.C63.html download to ptt/Gossiping/21620_6.txt, time: 5.420000
/bbs/Gossiping/M.1496026467.A.643.html download to ptt/Gossiping/21620_7.txt, time: 7.790000
/bbs/Gossiping/M.1496026473.A.FBC.html download to ptt/Gossiping/21620_8.txt, time: 4.270000
/bbs/Gossiping/M.1496026482.A.02C.html download to ptt/Gossiping/21620_9.txt, time: 5.380000
/bbs/Gossiping/M.1496026501.A.CCE.html download to ptt/Gossiping/21620_10.txt, time: 5.850000
/bbs/Gossiping/M.1496026511.A.EFC.html download to ptt/Gossiping/21620_11.txt, time: 7.040000
/bbs/Gossiping/M.1496026579.A.577.html download to ptt/Gossiping/21620_12.txt, time: 3.540000
/bbs/Gossiping/M.1496026670.A.D08.html download to ptt/Gossiping/21620_13.txt, time: 5.310000
/bbs/Gossiping/M.1496026673.A.908.html download to ptt/Gossiping/21620_14.txt, time: 5.030000
/bbs/Gossiping/M.1496026687.A.541.html download to ptt/Gossiping/21620_15.txt, time: 4.040000
/bbs/Gossiping/M.1496026692.A.998.html download to ptt/Gossiping/21620_16.txt, time: 5.450000
/bbs/Gossiping/M.1496026709.A.10B.html download to ptt/Gossiping/21620_17.txt, time: 6.470000
/bbs/Gossiping/M.1496026709.A.BDB.html download to ptt/Gossiping/21620_18.txt, time: 3.940000
/bbs/Gossiping/M.1496026723.A.2C0.html download to ptt/Gossiping/21620_19.txt, time: 4.650000
page 21619
/bbs/Gossiping/M.1496025753.A.39B.html download to ptt/Gossiping/21619_0.txt, time: 7.210000
/bbs/Gossiping/M.1496025783.A.7C2.html download to ptt/Gossiping/21619_1.txt, time: 6.250000
/bbs/Gossiping/M.1496025785.A.2C5.html download to ptt/Gossiping/21619_2.txt, time: 4.660000
/bbs/Gossiping/M.1496025821.A.F54.html download to ptt/Gossiping/21619_3.txt, time: 4.330000
/bbs/Gossiping/M.1496025860.A.2DF.html download to ptt/Gossiping/21619_4.txt, time: 4.770000
/bbs/Gossiping/M.1496025862.A.EB1.html download to ptt/Gossiping/21619_5.txt, time: 3.940000
/bbs/Gossiping/M.1496025903.A.96E.html download to ptt/Gossiping/21619_6.txt, time: 3.800000
/bbs/Gossiping/M.1496025924.A.4A8.html download to ptt/Gossiping/21619_7.txt, time: 4.940000
/bbs/Gossiping/M.1496025949.A.D61.html download to ptt/Gossiping/21619_8.txt, time: 6.110000
/bbs/Gossiping/M.1496025973.A.A4E.html download to ptt/Gossiping/21619_9.txt, time: 4.090000
/bbs/Gossiping/M.1496026008.A.AB5.html download to ptt/Gossiping/21619_10.txt, time: 3.670000
/bbs/Gossiping/M.1496026024.A.719.html download to ptt/Gossiping/21619_11.txt, time: 6.480000
/bbs/Gossiping/M.1496026080.A.1D0.html download to ptt/Gossiping/21619_12.txt, time: 5.430000
/bbs/Gossiping/M.1496026097.A.3C3.html download to ptt/Gossiping/21619_13.txt, time: 3.820000
/bbs/Gossiping/M.1496026122.A.7B0.html download to ptt/Gossiping/21619_14.txt, time: 14.560000
/bbs/Gossiping/M.1496026163.A.198.html download to ptt/Gossiping/21619_15.txt, time: 7.870000
/bbs/Gossiping/M.1496026189.A.0D3.html download to ptt/Gossiping/21619_16.txt, time: 5.430000
/bbs/Gossiping/M.1496026194.A.261.html download to ptt/Gossiping/21619_17.txt, time: 4.330000
/bbs/Gossiping/M.1496026208.A.424.html download to ptt/Gossiping/21619_18.txt, time: 7.340000
/bbs/Gossiping/M.1496026226.A.452.html download to ptt/Gossiping/21619_19.txt, time: 13.440000
page 21618
/bbs/Gossiping/M.1496025325.A.081.html download to ptt/Gossiping/21618_0.txt, time: 4.000000
/bbs/Gossiping/M.1496025329.A.CAE.html download to ptt/Gossiping/21618_1.txt, time: 5.020000
/bbs/Gossiping/M.1496025342.A.CFB.html download to ptt/Gossiping/21618_2.txt, time: 7.560000
/bbs/Gossiping/M.1496025354.A.58E.html download to ptt/Gossiping/21618_3.txt, time: 9.860000
/bbs/Gossiping/M.1496025370.A.B11.htmlTraceback (most recent call last):
  File "/home/studentyl/anaconda3/lib/python3.6/site-packages/requests/packages/urllib3/connectionpool.py", line 600, in urlopen
    chunked=chunked)
  File "/home/studentyl/anaconda3/lib/python3.6/site-packages/requests/packages/urllib3/connectionpool.py", line 386, in _make_request
    six.raise_from(e, None)
  File "<string>", line 2, in raise_from
  File "/home/studentyl/anaconda3/lib/python3.6/site-packages/requests/packages/urllib3/connectionpool.py", line 382, in _make_request
    httplib_response = conn.getresponse()
  File "/home/studentyl/anaconda3/lib/python3.6/http/client.py", line 1331, in getresponse
    response.begin()
  File "/home/studentyl/anaconda3/lib/python3.6/http/client.py", line 297, in begin
    version, status, reason = self._read_status()
  File "/home/studentyl/anaconda3/lib/python3.6/http/client.py", line 266, in _read_status
    raise RemoteDisconnected("Remote end closed connection without"
http.client.RemoteDisconnected: Remote end closed connection without response

During handling of the above exception, another exception occurred:

Traceback (most recent call last):
  File "/home/studentyl/anaconda3/lib/python3.6/site-packages/requests/adapters.py", line 438, in send
    timeout=timeout
  File "/home/studentyl/anaconda3/lib/python3.6/site-packages/requests/packages/urllib3/connectionpool.py", line 649, in urlopen
    _stacktrace=sys.exc_info()[2])
  File "/home/studentyl/anaconda3/lib/python3.6/site-packages/requests/packages/urllib3/util/retry.py", line 357, in increment
    raise six.reraise(type(error), error, _stacktrace)
  File "/home/studentyl/anaconda3/lib/python3.6/site-packages/requests/packages/urllib3/packages/six.py", line 685, in reraise
    raise value.with_traceback(tb)
  File "/home/studentyl/anaconda3/lib/python3.6/site-packages/requests/packages/urllib3/connectionpool.py", line 600, in urlopen
    chunked=chunked)
  File "/home/studentyl/anaconda3/lib/python3.6/site-packages/requests/packages/urllib3/connectionpool.py", line 386, in _make_request
    six.raise_from(e, None)
  File "<string>", line 2, in raise_from
  File "/home/studentyl/anaconda3/lib/python3.6/site-packages/requests/packages/urllib3/connectionpool.py", line 382, in _make_request
    httplib_response = conn.getresponse()
  File "/home/studentyl/anaconda3/lib/python3.6/http/client.py", line 1331, in getresponse
    response.begin()
  File "/home/studentyl/anaconda3/lib/python3.6/http/client.py", line 297, in begin
    version, status, reason = self._read_status()
  File "/home/studentyl/anaconda3/lib/python3.6/http/client.py", line 266, in _read_status
    raise RemoteDisconnected("Remote end closed connection without"
requests.packages.urllib3.exceptions.ProtocolError: ('Connection aborted.', RemoteDisconnected('Remote end closed connection without response',))

During handling of the above exception, another exception occurred:

Traceback (most recent call last):
  File "./crawler.py", line 177, in <module>
    main(sys.argv[1:])
  File "./crawler.py", line 158, in main
    downloadForum(forumName, startPage, pages)
  File "./crawler.py", line 140, in downloadForum
    downloadPage(str(articleCount), forumName, pageNum, 'https://www.ptt.cc'+link)
  File "./crawler.py", line 82, in downloadPage
    pageText = getPageText(link)
  File "./crawler.py", line 13, in getPageText
    pageText=requests.get(link, cookies={'over18':'1'}).text
  File "/home/studentyl/anaconda3/lib/python3.6/site-packages/requests/api.py", line 72, in get
    return request('get', url, params=params, **kwargs)
  File "/home/studentyl/anaconda3/lib/python3.6/site-packages/requests/api.py", line 58, in request
    return session.request(method=method, url=url, **kwargs)
  File "/home/studentyl/anaconda3/lib/python3.6/site-packages/requests/sessions.py", line 518, in request
    resp = self.send(prep, **send_kwargs)
  File "/home/studentyl/anaconda3/lib/python3.6/site-packages/requests/sessions.py", line 639, in send
    r = adapter.send(request, **kwargs)
  File "/home/studentyl/anaconda3/lib/python3.6/site-packages/requests/adapters.py", line 488, in send
    raise ConnectionError(err, request=request)
requests.exceptions.ConnectionError: ('Connection aborted.', RemoteDisconnected('Remote end closed connection without response',))
