page 21630
/bbs/Gossiping/M.1496031149.A.AAD.html download to ptt/Gossiping/21630_0.txt, time: 4.910000
/bbs/Gossiping/M.1496031156.A.BDB.html download to ptt/Gossiping/21630_1.txt, time: 5.830000
/bbs/Gossiping/M.1496031183.A.307.html download to ptt/Gossiping/21630_2.txt, time: 6.950000
/bbs/Gossiping/M.1496031216.A.642.html download to ptt/Gossiping/21630_3.txt, time: 5.210000
/bbs/Gossiping/M.1496031243.A.38D.html download to ptt/Gossiping/21630_4.txt, time: 3.320000
/bbs/Gossiping/M.1496031291.A.44D.html download to ptt/Gossiping/21630_5.txt, time: 3.880000
/bbs/Gossiping/M.1496031317.A.78E.html download to ptt/Gossiping/21630_6.txt, time: 3.400000
/bbs/Gossiping/M.1496031357.A.CF8.html download to ptt/Gossiping/21630_7.txt, time: 4.510000
/bbs/Gossiping/M.1496031362.A.AB1.html download to ptt/Gossiping/21630_8.txt, time: 7.460000
/bbs/Gossiping/M.1496031412.A.C10.html download to ptt/Gossiping/21630_9.txt, time: 7.660000
/bbs/Gossiping/M.1496031421.A.09E.html download to ptt/Gossiping/21630_10.txt, time: 4.020000
/bbs/Gossiping/M.1496031443.A.89C.html download to ptt/Gossiping/21630_11.txt, time: 4.680000
/bbs/Gossiping/M.1496031482.A.F11.html download to ptt/Gossiping/21630_12.txt, time: 4.220000
/bbs/Gossiping/M.1496031496.A.F88.html download to ptt/Gossiping/21630_13.txt, time: 6.730000
/bbs/Gossiping/M.1496031519.A.B5A.html download to ptt/Gossiping/21630_14.txt, time: 5.430000
/bbs/Gossiping/M.1496031563.A.B51.html download to ptt/Gossiping/21630_15.txt, time: 4.620000
/bbs/Gossiping/M.1496031625.A.4E1.html download to ptt/Gossiping/21630_16.txt, time: 3.960000
/bbs/Gossiping/M.1496031636.A.C67.html download to ptt/Gossiping/21630_17.txt, time: 5.260000
/bbs/Gossiping/M.1496031644.A.796.html download to ptt/Gossiping/21630_18.txt, time: 3.930000
/bbs/Gossiping/M.1496031683.A.B46.html download to ptt/Gossiping/21630_19.txt, time: 6.070000
page 21629
/bbs/Gossiping/M.1496030789.A.A0E.html download to ptt/Gossiping/21629_0.txt, time: 5.270000
/bbs/Gossiping/M.1496030792.A.397.html download to ptt/Gossiping/21629_1.txt, time: 4.560000
/bbs/Gossiping/M.1496030794.A.B5A.html download to ptt/Gossiping/21629_2.txt, time: 4.380000
/bbs/Gossiping/M.1496030795.A.56A.html download to ptt/Gossiping/21629_3.txt, time: 5.400000
/bbs/Gossiping/M.1496030817.A.81E.html download to ptt/Gossiping/21629_4.txt, time: 3.560000
/bbs/Gossiping/M.1496030824.A.755.html download to ptt/Gossiping/21629_5.txt, time: 3.720000
/bbs/Gossiping/M.1496030831.A.F68.html download to ptt/Gossiping/21629_6.txt, time: 4.350000
/bbs/Gossiping/M.1496030881.A.AFE.html download to ptt/Gossiping/21629_7.txt, time: 3.960000
/bbs/Gossiping/M.1496030905.A.534.html download to ptt/Gossiping/21629_8.txt, time: 4.670000
/bbs/Gossiping/M.1496030925.A.638.html download to ptt/Gossiping/21629_9.txt, time: 5.540000
/bbs/Gossiping/M.1496030937.A.F67.html download to ptt/Gossiping/21629_10.txt, time: 3.460000
/bbs/Gossiping/M.1496030972.A.417.html download to ptt/Gossiping/21629_11.txt, time: 5.270000
/bbs/Gossiping/M.1496030992.A.6F4.html download to ptt/Gossiping/21629_12.txt, time: 6.180000
/bbs/Gossiping/M.1496030999.A.068.html download to ptt/Gossiping/21629_13.txt, time: 5.410000
/bbs/Gossiping/M.1496031009.A.149.html download to ptt/Gossiping/21629_14.txt, time: 6.180000
/bbs/Gossiping/M.1496031024.A.716.html download to ptt/Gossiping/21629_15.txt, time: 5.530000
/bbs/Gossiping/M.1496031039.A.84F.html download to ptt/Gossiping/21629_16.txt, time: 7.910000
/bbs/Gossiping/M.1496031041.A.517.html download to ptt/Gossiping/21629_17.txt, time: 9.440000
/bbs/Gossiping/M.1496031076.A.B22.html download to ptt/Gossiping/21629_18.txt, time: 6.290000
/bbs/Gossiping/M.1496031133.A.1C5.html download to ptt/Gossiping/21629_19.txt, time: 7.270000
page 21628
/bbs/Gossiping/M.1496030460.A.6DF.html download to ptt/Gossiping/21628_0.txt, time: 6.260000
/bbs/Gossiping/M.1496030491.A.4E3.html download to ptt/Gossiping/21628_1.txt, time: 4.840000
/bbs/Gossiping/M.1496030495.A.552.html download to ptt/Gossiping/21628_2.txt, time: 5.460000
/bbs/Gossiping/M.1496030532.A.249.html download to ptt/Gossiping/21628_3.txt, time: 8.130000
/bbs/Gossiping/M.1496030540.A.C92.html download to ptt/Gossiping/21628_4.txt, time: 6.640000
/bbs/Gossiping/M.1496030557.A.B3C.html download to ptt/Gossiping/21628_5.txt, time: 9.180000
/bbs/Gossiping/M.1496030561.A.EC7.html download to ptt/Gossiping/21628_6.txt, time: 15.950000
/bbs/Gossiping/M.1496030565.A.BCC.html download to ptt/Gossiping/21628_7.txt, time: 3.660000
/bbs/Gossiping/M.1496030574.A.338.html download to ptt/Gossiping/21628_8.txt, time: 4.580000
/bbs/Gossiping/M.1496030578.A.BB5.html download to ptt/Gossiping/21628_9.txt, time: 13.540000
/bbs/Gossiping/M.1496030579.A.F39.html download to ptt/Gossiping/21628_10.txt, time: 3.540000
/bbs/Gossiping/M.1496030594.A.A0C.html download to ptt/Gossiping/21628_11.txt, time: 5.640000
/bbs/Gossiping/M.1496030632.A.C42.html download to ptt/Gossiping/21628_12.txt, time: 4.840000
/bbs/Gossiping/M.1496030632.A.2FA.html download to ptt/Gossiping/21628_13.txt, time: 3.760000
/bbs/Gossiping/M.1496030668.A.451.html download to ptt/Gossiping/21628_14.txt, time: 3.930000
/bbs/Gossiping/M.1496030678.A.FDC.html download to ptt/Gossiping/21628_15.txt, time: 4.410000
/bbs/Gossiping/M.1496030699.A.286.html download to ptt/Gossiping/21628_16.txt, time: 3.990000
/bbs/Gossiping/M.1496030728.A.B2F.html download to ptt/Gossiping/21628_17.txt, time: 3.590000
/bbs/Gossiping/M.1496030728.A.653.html download to ptt/Gossiping/21628_18.txt, time: 3.220000
/bbs/Gossiping/M.1496030729.A.F7D.html download to ptt/Gossiping/21628_19.txt, time: 4.050000
page 21627
/bbs/Gossiping/M.1496029874.A.D7F.html download to ptt/Gossiping/21627_0.txt, time: 3.410000
/bbs/Gossiping/M.1496029934.A.E32.html download to ptt/Gossiping/21627_1.txt, time: 6.020000
/bbs/Gossiping/M.1496029934.A.1C1.html download to ptt/Gossiping/21627_2.txt, time: 3.960000
/bbs/Gossiping/M.1496029965.A.D2E.html download to ptt/Gossiping/21627_3.txt, time: 3.740000
/bbs/Gossiping/M.1496029994.A.72D.html download to ptt/Gossiping/21627_4.txt, time: 4.680000
/bbs/Gossiping/M.1496030067.A.3D2.html download to ptt/Gossiping/21627_5.txt, time: 2.340000
/bbs/Gossiping/M.1496030122.A.1D5.html download to ptt/Gossiping/21627_6.txt, time: 4.690000
/bbs/Gossiping/M.1496030138.A.1B7.html download to ptt/Gossiping/21627_7.txt, time: 3.860000
/bbs/Gossiping/M.1496030142.A.B46.html download to ptt/Gossiping/21627_8.txt, time: 4.260000
/bbs/Gossiping/M.1496030163.A.0E7.html download to ptt/Gossiping/21627_9.txt, time: 3.400000
/bbs/Gossiping/M.1496030217.A.A93.html download to ptt/Gossiping/21627_10.txt, time: 4.270000
/bbs/Gossiping/M.1496030248.A.356.html download to ptt/Gossiping/21627_11.txt, time: 3.810000
/bbs/Gossiping/M.1496030295.A.D6B.html download to ptt/Gossiping/21627_12.txt, time: 4.530000
/bbs/Gossiping/M.1496030300.A.B3D.html download to ptt/Gossiping/21627_13.txt, time: 6.890000
/bbs/Gossiping/M.1496030329.A.AB0.html download to ptt/Gossiping/21627_14.txt, time: 4.890000
/bbs/Gossiping/M.1496030336.A.AD1.html download to ptt/Gossiping/21627_15.txt, time: 3.960000
/bbs/Gossiping/M.1496030337.A.CA9.html download to ptt/Gossiping/21627_16.txt, time: 4.220000
/bbs/Gossiping/M.1496030387.A.8FA.html download to ptt/Gossiping/21627_17.txt, time: 4.650000
/bbs/Gossiping/M.1496030411.A.015.html download to ptt/Gossiping/21627_18.txt, time: 4.630000
/bbs/Gossiping/M.1496030437.A.D58.html download to ptt/Gossiping/21627_19.txt, time: 6.550000
page 21626
/bbs/Gossiping/M.1496029441.A.2D5.html download to ptt/Gossiping/21626_0.txt, time: 3.280000
/bbs/Gossiping/M.1496029486.A.E11.html download to ptt/Gossiping/21626_1.txt, time: 4.220000
/bbs/Gossiping/M.1496029487.A.2D3.html download to ptt/Gossiping/21626_2.txt, time: 3.290000
/bbs/Gossiping/M.1496029501.A.4DC.html download to ptt/Gossiping/21626_3.txt, time: 3.090000
/bbs/Gossiping/M.1496029512.A.8D2.html download to ptt/Gossiping/21626_4.txt, time: 3.420000
/bbs/Gossiping/M.1496029522.A.6B4.html download to ptt/Gossiping/21626_5.txt, time: 2.960000
/bbs/Gossiping/M.1496029531.A.22C.html download to ptt/Gossiping/21626_6.txt, time: 3.660000
/bbs/Gossiping/M.1496029552.A.487.html download to ptt/Gossiping/21626_7.txt, time: 3.000000
/bbs/Gossiping/M.1496029562.A.C82.html download to ptt/Gossiping/21626_8.txt, time: 4.340000
/bbs/Gossiping/M.1496029568.A.AD0.html download to ptt/Gossiping/21626_9.txt, time: 3.460000
/bbs/Gossiping/M.1496029583.A.321.html download to ptt/Gossiping/21626_10.txt, time: 4.360000
/bbs/Gossiping/M.1496029585.A.323.html download to ptt/Gossiping/21626_11.txt, time: 2.500000
/bbs/Gossiping/M.1496029704.A.267.html download to ptt/Gossiping/21626_12.txt, time: 3.110000
/bbs/Gossiping/M.1496029755.A.E11.html download to ptt/Gossiping/21626_13.txt, time: 2.660000
/bbs/Gossiping/M.1496029784.A.E00.html download to ptt/Gossiping/21626_14.txt, time: 6.480000
/bbs/Gossiping/M.1496029796.A.FA0.html download to ptt/Gossiping/21626_15.txt, time: 2.270000
/bbs/Gossiping/M.1496029800.A.E14.html download to ptt/Gossiping/21626_16.txt, time: 2.290000
/bbs/Gossiping/M.1496029808.A.159.html download to ptt/Gossiping/21626_17.txt, time: 5.530000
/bbs/Gossiping/M.1496029814.A.87F.html download to ptt/Gossiping/21626_18.txt, time: 1.510000
/bbs/Gossiping/M.1496029837.A.39C.html download to ptt/Gossiping/21626_19.txt, time: 1.760000
time: 545.6395144462585 seconds
