page 21640
/bbs/Gossiping/M.1496036316.A.662.html download to ptt/Gossiping/21640_0.txt, time: 3.990000
/bbs/Gossiping/M.1496036332.A.125.html download to ptt/Gossiping/21640_1.txt, time: 5.380000
/bbs/Gossiping/M.1496036344.A.A6C.html download to ptt/Gossiping/21640_2.txt, time: 4.250000
/bbs/Gossiping/M.1496036431.A.3E1.html download to ptt/Gossiping/21640_3.txt, time: 5.770000
/bbs/Gossiping/M.1496036489.A.765.html download to ptt/Gossiping/21640_4.txt, time: 5.560000
/bbs/Gossiping/M.1496036501.A.C42.html download to ptt/Gossiping/21640_5.txt, time: 8.150000
/bbs/Gossiping/M.1496036517.A.7E9.html download to ptt/Gossiping/21640_6.txt, time: 4.940000
/bbs/Gossiping/M.1496036570.A.281.html download to ptt/Gossiping/21640_7.txt, time: 6.370000
/bbs/Gossiping/M.1496036584.A.717.html download to ptt/Gossiping/21640_8.txt, time: 3.030000
/bbs/Gossiping/M.1496036589.A.8DD.html download to ptt/Gossiping/21640_9.txt, time: 3.730000
/bbs/Gossiping/M.1496036596.A.160.html download to ptt/Gossiping/21640_10.txt, time: 4.920000
/bbs/Gossiping/M.1496036648.A.731.html download to ptt/Gossiping/21640_11.txt, time: 9.470000
/bbs/Gossiping/M.1496036675.A.EDA.html download to ptt/Gossiping/21640_12.txt, time: 4.240000
/bbs/Gossiping/M.1496036687.A.F20.html download to ptt/Gossiping/21640_13.txt, time: 4.950000
/bbs/Gossiping/M.1496036697.A.7A7.html download to ptt/Gossiping/21640_14.txt, time: 3.970000
/bbs/Gossiping/M.1496036726.A.B35.html download to ptt/Gossiping/21640_15.txt, time: 4.020000
/bbs/Gossiping/M.1496036773.A.310.html download to ptt/Gossiping/21640_16.txt, time: 4.310000
/bbs/Gossiping/M.1496036803.A.286.html download to ptt/Gossiping/21640_17.txt, time: 3.590000
/bbs/Gossiping/M.1496036809.A.D32.html download to ptt/Gossiping/21640_18.txt, time: 3.810000
/bbs/Gossiping/M.1496036824.A.536.html download to ptt/Gossiping/21640_19.txt, time: 4.060000
page 21639
/bbs/Gossiping/M.1496035580.A.EE8.html download to ptt/Gossiping/21639_0.txt, time: 5.080000
/bbs/Gossiping/M.1496035617.A.19D.html download to ptt/Gossiping/21639_1.txt, time: 5.720000
/bbs/Gossiping/M.1496035657.A.D0B.html download to ptt/Gossiping/21639_2.txt, time: 5.310000
/bbs/Gossiping/M.1496035662.A.CA6.html download to ptt/Gossiping/21639_3.txt, time: 4.170000
/bbs/Gossiping/M.1496035667.A.808.html download to ptt/Gossiping/21639_4.txt, time: 3.860000
/bbs/Gossiping/M.1496035736.A.2BC.html download to ptt/Gossiping/21639_5.txt, time: 4.000000
/bbs/Gossiping/M.1496035798.A.9EE.html download to ptt/Gossiping/21639_6.txt, time: 4.710000
/bbs/Gossiping/M.1496035890.A.99A.html download to ptt/Gossiping/21639_7.txt, time: 4.390000
/bbs/Gossiping/M.1496035893.A.AA1.html download to ptt/Gossiping/21639_8.txt, time: 4.670000
/bbs/Gossiping/M.1496035933.A.D29.html download to ptt/Gossiping/21639_9.txt, time: 4.750000
/bbs/Gossiping/M.1496035941.A.AA9.html download to ptt/Gossiping/21639_10.txt, time: 4.710000
/bbs/Gossiping/M.1496035986.A.1B0.html download to ptt/Gossiping/21639_11.txt, time: 5.180000
/bbs/Gossiping/M.1496036007.A.596.html download to ptt/Gossiping/21639_12.txt, time: 3.940000
/bbs/Gossiping/M.1496036020.A.36F.html download to ptt/Gossiping/21639_13.txt, time: 4.930000
/bbs/Gossiping/M.1496036034.A.405.html download to ptt/Gossiping/21639_14.txt, time: 5.670000
/bbs/Gossiping/M.1496036115.A.F97.html download to ptt/Gossiping/21639_15.txt, time: 5.040000
/bbs/Gossiping/M.1496036144.A.058.html download to ptt/Gossiping/21639_16.txt, time: 3.920000
/bbs/Gossiping/M.1496036180.A.671.html download to ptt/Gossiping/21639_17.txt, time: 4.620000
/bbs/Gossiping/M.1496036230.A.9F7.html download to ptt/Gossiping/21639_18.txt, time: 4.900000
/bbs/Gossiping/M.1496036271.A.3BB.html download to ptt/Gossiping/21639_19.txt, time: 4.930000
page 21638
/bbs/Gossiping/M.1496035098.A.0C8.html download to ptt/Gossiping/21638_0.txt, time: 7.130000
/bbs/Gossiping/M.1496035125.A.BF2.html download to ptt/Gossiping/21638_1.txt, time: 4.200000
/bbs/Gossiping/M.1496035128.A.5EB.html download to ptt/Gossiping/21638_2.txt, time: 5.270000
/bbs/Gossiping/M.1496035190.A.5AC.html download to ptt/Gossiping/21638_3.txt, time: 5.740000
/bbs/Gossiping/M.1496035212.A.06F.html download to ptt/Gossiping/21638_4.txt, time: 5.440000
/bbs/Gossiping/M.1496035246.A.599.html download to ptt/Gossiping/21638_5.txt, time: 5.750000
/bbs/Gossiping/M.1496035247.A.7EC.html download to ptt/Gossiping/21638_6.txt, time: 7.870000
/bbs/Gossiping/M.1496035264.A.974.html download to ptt/Gossiping/21638_7.txt, time: 10.670000
/bbs/Gossiping/M.1496035289.A.1CE.html download to ptt/Gossiping/21638_8.txt, time: 6.490000
/bbs/Gossiping/M.1496035318.A.568.htmlTraceback (most recent call last):
  File "/home/studentyl/anaconda3/lib/python3.6/site-packages/requests/packages/urllib3/connectionpool.py", line 600, in urlopen
    chunked=chunked)
  File "/home/studentyl/anaconda3/lib/python3.6/site-packages/requests/packages/urllib3/connectionpool.py", line 386, in _make_request
    six.raise_from(e, None)
  File "<string>", line 2, in raise_from
  File "/home/studentyl/anaconda3/lib/python3.6/site-packages/requests/packages/urllib3/connectionpool.py", line 382, in _make_request
    httplib_response = conn.getresponse()
  File "/home/studentyl/anaconda3/lib/python3.6/http/client.py", line 1331, in getresponse
    response.begin()
  File "/home/studentyl/anaconda3/lib/python3.6/http/client.py", line 297, in begin
    version, status, reason = self._read_status()
  File "/home/studentyl/anaconda3/lib/python3.6/http/client.py", line 266, in _read_status
    raise RemoteDisconnected("Remote end closed connection without"
http.client.RemoteDisconnected: Remote end closed connection without response

During handling of the above exception, another exception occurred:

Traceback (most recent call last):
  File "/home/studentyl/anaconda3/lib/python3.6/site-packages/requests/adapters.py", line 438, in send
    timeout=timeout
  File "/home/studentyl/anaconda3/lib/python3.6/site-packages/requests/packages/urllib3/connectionpool.py", line 649, in urlopen
    _stacktrace=sys.exc_info()[2])
  File "/home/studentyl/anaconda3/lib/python3.6/site-packages/requests/packages/urllib3/util/retry.py", line 357, in increment
    raise six.reraise(type(error), error, _stacktrace)
  File "/home/studentyl/anaconda3/lib/python3.6/site-packages/requests/packages/urllib3/packages/six.py", line 685, in reraise
    raise value.with_traceback(tb)
  File "/home/studentyl/anaconda3/lib/python3.6/site-packages/requests/packages/urllib3/connectionpool.py", line 600, in urlopen
    chunked=chunked)
  File "/home/studentyl/anaconda3/lib/python3.6/site-packages/requests/packages/urllib3/connectionpool.py", line 386, in _make_request
    six.raise_from(e, None)
  File "<string>", line 2, in raise_from
  File "/home/studentyl/anaconda3/lib/python3.6/site-packages/requests/packages/urllib3/connectionpool.py", line 382, in _make_request
    httplib_response = conn.getresponse()
  File "/home/studentyl/anaconda3/lib/python3.6/http/client.py", line 1331, in getresponse
    response.begin()
  File "/home/studentyl/anaconda3/lib/python3.6/http/client.py", line 297, in begin
    version, status, reason = self._read_status()
  File "/home/studentyl/anaconda3/lib/python3.6/http/client.py", line 266, in _read_status
    raise RemoteDisconnected("Remote end closed connection without"
requests.packages.urllib3.exceptions.ProtocolError: ('Connection aborted.', RemoteDisconnected('Remote end closed connection without response',))

During handling of the above exception, another exception occurred:

Traceback (most recent call last):
  File "./crawler.py", line 177, in <module>
    main(sys.argv[1:])
  File "./crawler.py", line 158, in main
    downloadForum(forumName, startPage, pages)
  File "./crawler.py", line 140, in downloadForum
    downloadPage(str(articleCount), forumName, pageNum, 'https://www.ptt.cc'+link)
  File "./crawler.py", line 82, in downloadPage
    pageText = getPageText(link)
  File "./crawler.py", line 13, in getPageText
    pageText=requests.get(link, cookies={'over18':'1'}).text
  File "/home/studentyl/anaconda3/lib/python3.6/site-packages/requests/api.py", line 72, in get
    return request('get', url, params=params, **kwargs)
  File "/home/studentyl/anaconda3/lib/python3.6/site-packages/requests/api.py", line 58, in request
    return session.request(method=method, url=url, **kwargs)
  File "/home/studentyl/anaconda3/lib/python3.6/site-packages/requests/sessions.py", line 518, in request
    resp = self.send(prep, **send_kwargs)
  File "/home/studentyl/anaconda3/lib/python3.6/site-packages/requests/sessions.py", line 639, in send
    r = adapter.send(request, **kwargs)
  File "/home/studentyl/anaconda3/lib/python3.6/site-packages/requests/adapters.py", line 488, in send
    raise ConnectionError(err, request=request)
requests.exceptions.ConnectionError: ('Connection aborted.', RemoteDisconnected('Remote end closed connection without response',))
