page 21650
/bbs/Gossiping/M.1496041425.A.26F.html download to ptt/Gossiping/21650_0.txt, time: 4.450000
/bbs/Gossiping/M.1496041437.A.46B.html download to ptt/Gossiping/21650_1.txt, time: 4.310000
/bbs/Gossiping/M.1496041471.A.DA5.html download to ptt/Gossiping/21650_2.txt, time: 3.700000
/bbs/Gossiping/M.1496041476.A.E4D.html download to ptt/Gossiping/21650_3.txt, time: 4.190000
/bbs/Gossiping/M.1496041610.A.B40.html download to ptt/Gossiping/21650_4.txt, time: 5.350000
/bbs/Gossiping/M.1496041628.A.DAD.html download to ptt/Gossiping/21650_5.txt, time: 8.220000
/bbs/Gossiping/M.1496041630.A.B2A.html download to ptt/Gossiping/21650_6.txt, time: 8.480000
/bbs/Gossiping/M.1496041696.A.269.html download to ptt/Gossiping/21650_7.txt, time: 4.080000
/bbs/Gossiping/M.1496041721.A.8CB.html download to ptt/Gossiping/21650_8.txt, time: 3.620000
/bbs/Gossiping/M.1496041721.A.6DE.html download to ptt/Gossiping/21650_9.txt, time: 4.630000
/bbs/Gossiping/M.1496041725.A.E55.html download to ptt/Gossiping/21650_10.txt, time: 3.560000
/bbs/Gossiping/M.1496041731.A.C80.html download to ptt/Gossiping/21650_11.txt, time: 4.670000
/bbs/Gossiping/M.1496041783.A.D08.html download to ptt/Gossiping/21650_12.txt, time: 8.790000
/bbs/Gossiping/M.1496041792.A.683.html download to ptt/Gossiping/21650_13.txt, time: 4.480000
/bbs/Gossiping/M.1496041803.A.4CA.html download to ptt/Gossiping/21650_14.txt, time: 4.020000
/bbs/Gossiping/M.1496041824.A.328.html download to ptt/Gossiping/21650_15.txt, time: 4.040000
/bbs/Gossiping/M.1496041890.A.E33.html download to ptt/Gossiping/21650_16.txt, time: 3.890000
/bbs/Gossiping/M.1496041892.A.1DC.html download to ptt/Gossiping/21650_17.txt, time: 5.070000
/bbs/Gossiping/M.1496041902.A.B7F.html download to ptt/Gossiping/21650_18.txt, time: 5.620000
/bbs/Gossiping/M.1496041953.A.04E.html download to ptt/Gossiping/21650_19.txt, time: 6.070000
page 21649
/bbs/Gossiping/M.1496041008.A.32B.html download to ptt/Gossiping/21649_0.txt, time: 4.330000
/bbs/Gossiping/M.1496041009.A.770.html download to ptt/Gossiping/21649_1.txt, time: 3.750000
/bbs/Gossiping/M.1496041027.A.05B.html download to ptt/Gossiping/21649_2.txt, time: 3.620000
/bbs/Gossiping/M.1496041058.A.D93.html download to ptt/Gossiping/21649_3.txt, time: 4.590000
/bbs/Gossiping/M.1496041062.A.D12.html download to ptt/Gossiping/21649_4.txt, time: 5.070000
/bbs/Gossiping/M.1496041063.A.4CA.html download to ptt/Gossiping/21649_5.txt, time: 4.420000
/bbs/Gossiping/M.1496041113.A.887.html download to ptt/Gossiping/21649_6.txt, time: 3.320000
/bbs/Gossiping/M.1496041148.A.BA7.html download to ptt/Gossiping/21649_7.txt, time: 4.920000
/bbs/Gossiping/M.1496041154.A.E77.html download to ptt/Gossiping/21649_8.txt, time: 5.640000
/bbs/Gossiping/M.1496041177.A.288.html download to ptt/Gossiping/21649_9.txt, time: 5.220000
/bbs/Gossiping/M.1496041209.A.4BF.html download to ptt/Gossiping/21649_10.txt, time: 5.100000
/bbs/Gossiping/M.1496041218.A.024.html download to ptt/Gossiping/21649_11.txt, time: 4.170000
/bbs/Gossiping/M.1496041235.A.10A.html download to ptt/Gossiping/21649_12.txt, time: 5.770000
/bbs/Gossiping/M.1496041265.A.498.html download to ptt/Gossiping/21649_13.txt, time: 3.860000
/bbs/Gossiping/M.1496041266.A.598.html download to ptt/Gossiping/21649_14.txt, time: 3.690000
/bbs/Gossiping/M.1496041282.A.677.html download to ptt/Gossiping/21649_15.txt, time: 4.370000
/bbs/Gossiping/M.1496041299.A.733.html download to ptt/Gossiping/21649_16.txt, time: 3.600000
/bbs/Gossiping/M.1496041312.A.5DE.html download to ptt/Gossiping/21649_17.txt, time: 6.070000
/bbs/Gossiping/M.1496041342.A.1E0.html download to ptt/Gossiping/21649_18.txt, time: 5.360000
/bbs/Gossiping/M.1496041419.A.4D1.html download to ptt/Gossiping/21649_19.txt, time: 4.420000
page 21648
/bbs/Gossiping/M.1496040278.A.746.html download to ptt/Gossiping/21648_0.txt, time: 6.300000
/bbs/Gossiping/M.1496040293.A.522.html download to ptt/Gossiping/21648_1.txt, time: 5.100000
/bbs/Gossiping/M.1496040344.A.724.html download to ptt/Gossiping/21648_2.txt, time: 4.700000
/bbs/Gossiping/M.1496040378.A.C22.html download to ptt/Gossiping/21648_3.txt, time: 5.170000
/bbs/Gossiping/M.1496040521.A.4DB.html download to ptt/Gossiping/21648_4.txt, time: 4.750000
/bbs/Gossiping/M.1496040542.A.33F.html download to ptt/Gossiping/21648_5.txt, time: 5.980000
/bbs/Gossiping/M.1496040569.A.783.html download to ptt/Gossiping/21648_6.txt, time: 14.060000
/bbs/Gossiping/M.1496040591.A.E28.html download to ptt/Gossiping/21648_7.txt, time: 6.080000
/bbs/Gossiping/M.1496040600.A.569.html download to ptt/Gossiping/21648_8.txt, time: 11.190000
/bbs/Gossiping/M.1496040638.A.E83.html download to ptt/Gossiping/21648_9.txt, time: 5.100000
/bbs/Gossiping/M.1496040642.A.3DF.html download to ptt/Gossiping/21648_10.txt, time: 8.390000
/bbs/Gossiping/M.1496040654.A.705.html download to ptt/Gossiping/21648_11.txt, time: 4.510000
/bbs/Gossiping/M.1496040738.A.4CA.html download to ptt/Gossiping/21648_12.txt, time: 5.750000
/bbs/Gossiping/M.1496040742.A.308.html download to ptt/Gossiping/21648_13.txt, time: 4.570000
/bbs/Gossiping/M.1496040764.A.91A.html download to ptt/Gossiping/21648_14.txt, time: 6.410000
/bbs/Gossiping/M.1496040890.A.922.html download to ptt/Gossiping/21648_15.txt, time: 5.370000
/bbs/Gossiping/M.1496040911.A.951.html download to ptt/Gossiping/21648_16.txt, time: 4.820000
/bbs/Gossiping/M.1496040923.A.464.html download to ptt/Gossiping/21648_17.txt, time: 5.050000
/bbs/Gossiping/M.1496040923.A.92D.html download to ptt/Gossiping/21648_18.txt, time: 4.320000
/bbs/Gossiping/M.1496040945.A.D68.html download to ptt/Gossiping/21648_19.txt, time: 3.390000
page 21647
/bbs/Gossiping/M.1496039981.A.34A.html download to ptt/Gossiping/21647_0.txt, time: 4.280000
/bbs/Gossiping/M.1496039992.A.3C0.html download to ptt/Gossiping/21647_1.txt, time: 4.240000
/bbs/Gossiping/M.1496040034.A.8A5.html download to ptt/Gossiping/21647_2.txt, time: 3.680000
/bbs/Gossiping/M.1496040037.A.B6D.html download to ptt/Gossiping/21647_3.txt, time: 3.590000
/bbs/Gossiping/M.1496040060.A.A5C.html download to ptt/Gossiping/21647_4.txt, time: 3.930000
/bbs/Gossiping/M.1496040102.A.C1F.html download to ptt/Gossiping/21647_5.txt, time: 5.310000
/bbs/Gossiping/M.1496040110.A.41F.html download to ptt/Gossiping/21647_6.txt, time: 6.060000
/bbs/Gossiping/M.1496040110.A.784.html download to ptt/Gossiping/21647_7.txt, time: 4.240000
/bbs/Gossiping/M.1496040152.A.711.html download to ptt/Gossiping/21647_8.txt, time: 4.460000
/bbs/Gossiping/M.1496040160.A.4EE.html download to ptt/Gossiping/21647_9.txt, time: 5.260000
/bbs/Gossiping/M.1496040160.A.483.html download to ptt/Gossiping/21647_10.txt, time: 3.930000
/bbs/Gossiping/M.1496040162.A.461.html download to ptt/Gossiping/21647_11.txt, time: 4.720000
/bbs/Gossiping/M.1496040165.A.9F6.html download to ptt/Gossiping/21647_12.txt, time: 3.120000
/bbs/Gossiping/M.1496040178.A.EC3.html download to ptt/Gossiping/21647_13.txt, time: 4.520000
/bbs/Gossiping/M.1496040188.A.654.html download to ptt/Gossiping/21647_14.txt, time: 3.290000
/bbs/Gossiping/M.1496040191.A.A5F.html download to ptt/Gossiping/21647_15.txt, time: 3.250000
/bbs/Gossiping/M.1496040206.A.F88.html download to ptt/Gossiping/21647_16.txt, time: 3.490000
/bbs/Gossiping/M.1496040238.A.1D3.html download to ptt/Gossiping/21647_17.txt, time: 3.550000
/bbs/Gossiping/M.1496040248.A.26B.html download to ptt/Gossiping/21647_18.txt, time: 4.490000
/bbs/Gossiping/M.1496040252.A.902.html download to ptt/Gossiping/21647_19.txt, time: 4.280000
page 21646
/bbs/Gossiping/M.1496039598.A.6A5.html download to ptt/Gossiping/21646_0.txt, time: 5.780000
/bbs/Gossiping/M.1496039616.A.15B.html download to ptt/Gossiping/21646_1.txt, time: 3.240000
/bbs/Gossiping/M.1496039617.A.935.html download to ptt/Gossiping/21646_2.txt, time: 3.650000
/bbs/Gossiping/M.1496039638.A.597.html download to ptt/Gossiping/21646_3.txt, time: 4.170000
/bbs/Gossiping/M.1496039640.A.FE5.html download to ptt/Gossiping/21646_4.txt, time: 3.930000
/bbs/Gossiping/M.1496039671.A.575.html download to ptt/Gossiping/21646_5.txt, time: 3.960000
/bbs/Gossiping/M.1496039697.A.1FF.html download to ptt/Gossiping/21646_6.txt, time: 3.050000
/bbs/Gossiping/M.1496039732.A.06E.html download to ptt/Gossiping/21646_7.txt, time: 3.610000
/bbs/Gossiping/M.1496039742.A.4D5.html download to ptt/Gossiping/21646_8.txt, time: 4.570000
/bbs/Gossiping/M.1496039744.A.8C4.html download to ptt/Gossiping/21646_9.txt, time: 3.750000
/bbs/Gossiping/M.1496039817.A.86B.html download to ptt/Gossiping/21646_10.txt, time: 2.920000
/bbs/Gossiping/M.1496039820.A.3F8.html download to ptt/Gossiping/21646_11.txt, time: 4.450000
/bbs/Gossiping/M.1496039824.A.87F.html download to ptt/Gossiping/21646_12.txt, time: 4.190000
/bbs/Gossiping/M.1496039867.A.DEC.html download to ptt/Gossiping/21646_13.txt, time: 3.770000
/bbs/Gossiping/M.1496039876.A.085.html download to ptt/Gossiping/21646_14.txt, time: 3.090000
/bbs/Gossiping/M.1496039900.A.997.html download to ptt/Gossiping/21646_15.txt, time: 4.000000
/bbs/Gossiping/M.1496039901.A.CC7.html download to ptt/Gossiping/21646_16.txt, time: 3.480000
/bbs/Gossiping/M.1496039938.A.8B2.html download to ptt/Gossiping/21646_17.txt, time: 3.820000
/bbs/Gossiping/M.1496039952.A.90F.html download to ptt/Gossiping/21646_18.txt, time: 4.320000
/bbs/Gossiping/M.1496039978.A.891.html download to ptt/Gossiping/21646_19.txt, time: 3.780000
time: 534.0865833759308 seconds
