page 21660
/bbs/Gossiping/M.1496047023.A.CE2.html download to ptt/Gossiping/21660_0.txt, time: 5.370000
/bbs/Gossiping/M.1496047056.A.366.html download to ptt/Gossiping/21660_1.txt, time: 4.880000
/bbs/Gossiping/M.1496047058.A.2F2.html download to ptt/Gossiping/21660_2.txt, time: 5.830000
/bbs/Gossiping/M.1496047074.A.BC1.html download to ptt/Gossiping/21660_3.txt, time: 4.520000
/bbs/Gossiping/M.1496047101.A.23D.html download to ptt/Gossiping/21660_4.txt, time: 4.070000
/bbs/Gossiping/M.1496047137.A.A7D.html download to ptt/Gossiping/21660_5.txt, time: 5.710000
/bbs/Gossiping/M.1496047163.A.78C.html download to ptt/Gossiping/21660_6.txt, time: 6.810000
/bbs/Gossiping/M.1496047182.A.22C.html download to ptt/Gossiping/21660_7.txt, time: 7.750000
/bbs/Gossiping/M.1496047196.A.942.html download to ptt/Gossiping/21660_8.txt, time: 5.630000
/bbs/Gossiping/M.1496047198.A.949.html download to ptt/Gossiping/21660_9.txt, time: 4.650000
/bbs/Gossiping/M.1496047273.A.5E5.html download to ptt/Gossiping/21660_10.txt, time: 6.260000
/bbs/Gossiping/M.1496047291.A.69D.html download to ptt/Gossiping/21660_11.txt, time: 5.170000
/bbs/Gossiping/M.1496047334.A.2A0.html download to ptt/Gossiping/21660_12.txt, time: 4.730000
/bbs/Gossiping/M.1496047404.A.8BA.html download to ptt/Gossiping/21660_13.txt, time: 6.710000
/bbs/Gossiping/M.1496047421.A.B03.html download to ptt/Gossiping/21660_14.txt, time: 7.070000
/bbs/Gossiping/M.1496047496.A.8D2.html download to ptt/Gossiping/21660_15.txt, time: 5.120000
/bbs/Gossiping/M.1496047542.A.43C.html download to ptt/Gossiping/21660_16.txt, time: 6.370000
/bbs/Gossiping/M.1496047576.A.A3A.html download to ptt/Gossiping/21660_17.txt, time: 6.200000
/bbs/Gossiping/M.1496047595.A.F11.html download to ptt/Gossiping/21660_18.txt, time: 3.930000
/bbs/Gossiping/M.1496047623.A.B4A.html download to ptt/Gossiping/21660_19.txt, time: 6.800000
page 21659
/bbs/Gossiping/M.1496046462.A.1F1.html download to ptt/Gossiping/21659_0.txt, time: 4.680000
/bbs/Gossiping/M.1496046475.A.298.html download to ptt/Gossiping/21659_1.txt, time: 5.010000
/bbs/Gossiping/M.1496046631.A.235.html download to ptt/Gossiping/21659_2.txt, time: 4.990000
/bbs/Gossiping/M.1496046660.A.D15.html download to ptt/Gossiping/21659_3.txt, time: 5.250000
/bbs/Gossiping/M.1496046752.A.BCF.html download to ptt/Gossiping/21659_4.txt, time: 4.650000
/bbs/Gossiping/M.1496046752.A.9AD.html download to ptt/Gossiping/21659_5.txt, time: 4.050000
/bbs/Gossiping/M.1496046781.A.1EC.html download to ptt/Gossiping/21659_6.txt, time: 4.940000
/bbs/Gossiping/M.1496046793.A.B48.html download to ptt/Gossiping/21659_7.txt, time: 5.240000
/bbs/Gossiping/M.1496046808.A.6E5.html download to ptt/Gossiping/21659_8.txt, time: 5.410000
/bbs/Gossiping/M.1496046823.A.672.html download to ptt/Gossiping/21659_9.txt, time: 5.260000
/bbs/Gossiping/M.1496046835.A.4B1.html download to ptt/Gossiping/21659_10.txt, time: 6.680000
/bbs/Gossiping/M.1496046853.A.6E9.html download to ptt/Gossiping/21659_11.txt, time: 4.100000
/bbs/Gossiping/M.1496046873.A.813.html download to ptt/Gossiping/21659_12.txt, time: 5.470000
/bbs/Gossiping/M.1496046905.A.F75.html download to ptt/Gossiping/21659_13.txt, time: 3.160000
/bbs/Gossiping/M.1496046909.A.A06.html download to ptt/Gossiping/21659_14.txt, time: 4.800000
/bbs/Gossiping/M.1496046910.A.987.html download to ptt/Gossiping/21659_15.txt, time: 5.330000
/bbs/Gossiping/M.1496046941.A.372.html download to ptt/Gossiping/21659_16.txt, time: 4.920000
/bbs/Gossiping/M.1496046966.A.88B.html download to ptt/Gossiping/21659_17.txt, time: 7.290000
/bbs/Gossiping/M.1496046971.A.E2E.html download to ptt/Gossiping/21659_18.txt, time: 4.610000
/bbs/Gossiping/M.1496046988.A.573.html download to ptt/Gossiping/21659_19.txt, time: 8.840000
page 21658
/bbs/Gossiping/M.1496045876.A.240.html download to ptt/Gossiping/21658_0.txt, time: 5.380000
/bbs/Gossiping/M.1496045919.A.519.html download to ptt/Gossiping/21658_1.txt, time: 6.890000
/bbs/Gossiping/M.1496045920.A.384.html download to ptt/Gossiping/21658_2.txt, time: 16.320000
/bbs/Gossiping/M.1496045973.A.547.html download to ptt/Gossiping/21658_3.txt, time: 4.790000
/bbs/Gossiping/M.1496046015.A.56E.html download to ptt/Gossiping/21658_4.txt, time: 5.570000
/bbs/Gossiping/M.1496046032.A.B28.html download to ptt/Gossiping/21658_5.txt, time: 4.790000
/bbs/Gossiping/M.1496046083.A.EB0.html download to ptt/Gossiping/21658_6.txt, time: 5.620000
/bbs/Gossiping/M.1496046152.A.873.html download to ptt/Gossiping/21658_7.txt, time: 11.240000
/bbs/Gossiping/M.1496046181.A.02C.html download to ptt/Gossiping/21658_8.txt, time: 5.780000
/bbs/Gossiping/M.1496046230.A.5E1.html download to ptt/Gossiping/21658_9.txt, time: 4.190000
/bbs/Gossiping/M.1496046253.A.358.html download to ptt/Gossiping/21658_10.txt, time: 4.080000
/bbs/Gossiping/M.1496046265.A.473.html download to ptt/Gossiping/21658_11.txt, time: 5.090000
/bbs/Gossiping/M.1496046358.A.370.html download to ptt/Gossiping/21658_12.txt, time: 5.740000
/bbs/Gossiping/M.1496046376.A.C06.html download to ptt/Gossiping/21658_13.txt, time: 4.280000
/bbs/Gossiping/M.1496046385.A.261.html download to ptt/Gossiping/21658_14.txt, time: 3.330000
/bbs/Gossiping/M.1496046402.A.F1C.html download to ptt/Gossiping/21658_15.txt, time: 10.120000
/bbs/Gossiping/M.1496046403.A.33E.html download to ptt/Gossiping/21658_16.txt, time: 5.540000
/bbs/Gossiping/M.1496046420.A.0C2.html download to ptt/Gossiping/21658_17.txt, time: 5.360000
/bbs/Gossiping/M.1496046426.A.796.html download to ptt/Gossiping/21658_18.txt, time: 3.890000
/bbs/Gossiping/M.1496046436.A.4A8.html download to ptt/Gossiping/21658_19.txt, time: 5.470000
page 21657
/bbs/Gossiping/M.1496045348.A.4BF.html download to ptt/Gossiping/21657_0.txt, time: 3.110000
/bbs/Gossiping/M.1496045373.A.A95.html download to ptt/Gossiping/21657_1.txt, time: 3.460000
/bbs/Gossiping/M.1496045382.A.ED2.html download to ptt/Gossiping/21657_2.txt, time: 2.800000
/bbs/Gossiping/M.1496045433.A.114.html download to ptt/Gossiping/21657_3.txt, time: 5.160000
/bbs/Gossiping/M.1496045458.A.C23.html download to ptt/Gossiping/21657_4.txt, time: 2.880000
/bbs/Gossiping/M.1496045482.A.8EF.html download to ptt/Gossiping/21657_5.txt, time: 4.450000
/bbs/Gossiping/M.1496045496.A.35A.html download to ptt/Gossiping/21657_6.txt, time: 5.220000
/bbs/Gossiping/M.1496045499.A.16D.html download to ptt/Gossiping/21657_7.txt, time: 4.710000
/bbs/Gossiping/M.1496045513.A.460.html download to ptt/Gossiping/21657_8.txt, time: 4.430000
/bbs/Gossiping/M.1496045537.A.086.html download to ptt/Gossiping/21657_9.txt, time: 3.720000
/bbs/Gossiping/M.1496045569.A.54E.html download to ptt/Gossiping/21657_10.txt, time: 5.510000
/bbs/Gossiping/M.1496045654.A.B8E.html download to ptt/Gossiping/21657_11.txt, time: 3.010000
/bbs/Gossiping/M.1496045665.A.F65.html download to ptt/Gossiping/21657_12.txt, time: 4.300000
/bbs/Gossiping/M.1496045692.A.727.html download to ptt/Gossiping/21657_13.txt, time: 3.180000
/bbs/Gossiping/M.1496045708.A.3A9.html download to ptt/Gossiping/21657_14.txt, time: 3.770000
/bbs/Gossiping/M.1496045725.A.3F1.html download to ptt/Gossiping/21657_15.txt, time: 3.120000
/bbs/Gossiping/M.1496045762.A.1B2.html download to ptt/Gossiping/21657_16.txt, time: 3.540000
/bbs/Gossiping/M.1496045790.A.A0A.html download to ptt/Gossiping/21657_17.txt, time: 7.840000
/bbs/Gossiping/M.1496045806.A.93E.html download to ptt/Gossiping/21657_18.txt, time: 3.330000
/bbs/Gossiping/M.1496045865.A.A87.html download to ptt/Gossiping/21657_19.txt, time: 3.360000
page 21656
/bbs/Gossiping/M.1496044698.A.B1A.html download to ptt/Gossiping/21656_0.txt, time: 4.620000
/bbs/Gossiping/M.1496044702.A.240.html download to ptt/Gossiping/21656_1.txt, time: 4.180000
/bbs/Gossiping/M.1496044751.A.5AE.html download to ptt/Gossiping/21656_2.txt, time: 4.100000
/bbs/Gossiping/M.1496044779.A.CF4.html download to ptt/Gossiping/21656_3.txt, time: 4.770000
/bbs/Gossiping/M.1496044783.A.5EC.html download to ptt/Gossiping/21656_4.txt, time: 3.380000
/bbs/Gossiping/M.1496044819.A.F58.html download to ptt/Gossiping/21656_5.txt, time: 3.480000
/bbs/Gossiping/M.1496044839.A.36C.html download to ptt/Gossiping/21656_6.txt, time: 3.230000
/bbs/Gossiping/M.1496044848.A.E70.html download to ptt/Gossiping/21656_7.txt, time: 4.900000
/bbs/Gossiping/M.1496044864.A.864.html download to ptt/Gossiping/21656_8.txt, time: 3.830000
/bbs/Gossiping/M.1496045068.A.EC9.html download to ptt/Gossiping/21656_9.txt, time: 4.330000
/bbs/Gossiping/M.1496045096.A.35F.html download to ptt/Gossiping/21656_10.txt, time: 2.950000
/bbs/Gossiping/M.1496045123.A.DF4.html download to ptt/Gossiping/21656_11.txt, time: 3.700000
/bbs/Gossiping/M.1496045126.A.4AD.html download to ptt/Gossiping/21656_12.txt, time: 2.340000
/bbs/Gossiping/M.1496045173.A.260.html download to ptt/Gossiping/21656_13.txt, time: 5.340000
/bbs/Gossiping/M.1496045198.A.91F.html download to ptt/Gossiping/21656_14.txt, time: 3.060000
/bbs/Gossiping/M.1496045220.A.257.html download to ptt/Gossiping/21656_15.txt, time: 3.660000
/bbs/Gossiping/M.1496045230.A.8D9.html download to ptt/Gossiping/21656_16.txt, time: 2.790000
/bbs/Gossiping/M.1496045234.A.85E.html download to ptt/Gossiping/21656_17.txt, time: 3.880000
/bbs/Gossiping/M.1496045257.A.99B.html download to ptt/Gossiping/21656_18.txt, time: 3.360000
/bbs/Gossiping/M.1496045346.A.2CC.html download to ptt/Gossiping/21656_19.txt, time: 4.570000
time: 557.2679805755615 seconds
