page 21670
/bbs/Gossiping/M.1496053311.A.404.html download to ptt/Gossiping/21670_0.txt, time: 4.950000
/bbs/Gossiping/M.1496053341.A.956.html download to ptt/Gossiping/21670_1.txt, time: 4.780000
/bbs/Gossiping/M.1496053389.A.AC3.html download to ptt/Gossiping/21670_2.txt, time: 5.030000
/bbs/Gossiping/M.1496053443.A.BA6.html download to ptt/Gossiping/21670_3.txt, time: 4.600000
/bbs/Gossiping/M.1496053447.A.184.html download to ptt/Gossiping/21670_4.txt, time: 4.690000
/bbs/Gossiping/M.1496053480.A.77B.html download to ptt/Gossiping/21670_5.txt, time: 6.770000
/bbs/Gossiping/M.1496053506.A.28E.html download to ptt/Gossiping/21670_6.txt, time: 4.290000
/bbs/Gossiping/M.1496053521.A.D82.html download to ptt/Gossiping/21670_7.txt, time: 4.170000
/bbs/Gossiping/M.1496053535.A.7DE.html download to ptt/Gossiping/21670_8.txt, time: 6.270000
/bbs/Gossiping/M.1496053536.A.E1B.html download to ptt/Gossiping/21670_9.txt, time: 4.970000
/bbs/Gossiping/M.1496053569.A.090.html download to ptt/Gossiping/21670_10.txt, time: 4.430000
/bbs/Gossiping/M.1496053609.A.EF3.html download to ptt/Gossiping/21670_11.txt, time: 6.190000
/bbs/Gossiping/M.1496053698.A.F2A.html download to ptt/Gossiping/21670_12.txt, time: 3.750000
/bbs/Gossiping/M.1496053761.A.A45.html download to ptt/Gossiping/21670_13.txt, time: 3.790000
/bbs/Gossiping/M.1496053765.A.C61.html download to ptt/Gossiping/21670_14.txt, time: 3.210000
/bbs/Gossiping/M.1496053844.A.917.html download to ptt/Gossiping/21670_15.txt, time: 7.220000
/bbs/Gossiping/M.1496053848.A.DC8.html download to ptt/Gossiping/21670_16.txt, time: 4.770000
/bbs/Gossiping/M.1496053878.A.41E.html download to ptt/Gossiping/21670_17.txt, time: 4.310000
/bbs/Gossiping/M.1496053880.A.FD2.html download to ptt/Gossiping/21670_18.txt, time: 5.050000
/bbs/Gossiping/M.1496053928.A.B41.html download to ptt/Gossiping/21670_19.txt, time: 2.390000
page 21669
/bbs/Gossiping/M.1496052546.A.824.html download to ptt/Gossiping/21669_0.txt, time: 4.920000
/bbs/Gossiping/M.1496052569.A.C73.html download to ptt/Gossiping/21669_1.txt, time: 5.920000
/bbs/Gossiping/M.1496052577.A.7A6.html download to ptt/Gossiping/21669_2.txt, time: 4.270000
/bbs/Gossiping/M.1496052606.A.B0A.html download to ptt/Gossiping/21669_3.txt, time: 3.370000
/bbs/Gossiping/M.1496052618.A.221.html download to ptt/Gossiping/21669_4.txt, time: 4.300000
/bbs/Gossiping/M.1496052673.A.ACF.html download to ptt/Gossiping/21669_5.txt, time: 3.570000
/bbs/Gossiping/M.1496052709.A.B31.html download to ptt/Gossiping/21669_6.txt, time: 5.330000
/bbs/Gossiping/M.1496052786.A.2BF.html download to ptt/Gossiping/21669_7.txt, time: 4.680000
/bbs/Gossiping/M.1496052850.A.205.html download to ptt/Gossiping/21669_8.txt, time: 3.670000
/bbs/Gossiping/M.1496052902.A.5BF.html download to ptt/Gossiping/21669_9.txt, time: 3.850000
/bbs/Gossiping/M.1496052940.A.6F4.html download to ptt/Gossiping/21669_10.txt, time: 6.980000
/bbs/Gossiping/M.1496053005.A.878.html download to ptt/Gossiping/21669_11.txt, time: 3.460000
/bbs/Gossiping/M.1496053034.A.04C.html download to ptt/Gossiping/21669_12.txt, time: 5.800000
/bbs/Gossiping/M.1496053037.A.AAD.html download to ptt/Gossiping/21669_13.txt, time: 5.170000
/bbs/Gossiping/M.1496053046.A.CE2.html download to ptt/Gossiping/21669_14.txt, time: 4.920000
/bbs/Gossiping/M.1496053056.A.963.html download to ptt/Gossiping/21669_15.txt, time: 5.840000
/bbs/Gossiping/M.1496053060.A.7AD.html download to ptt/Gossiping/21669_16.txt, time: 6.000000
/bbs/Gossiping/M.1496053060.A.399.html download to ptt/Gossiping/21669_17.txt, time: 3.760000
/bbs/Gossiping/M.1496053172.A.E9C.html download to ptt/Gossiping/21669_18.txt, time: 5.000000
/bbs/Gossiping/M.1496053216.A.83A.html download to ptt/Gossiping/21669_19.txt, time: 4.900000
page 21668
/bbs/Gossiping/M.1496051715.A.4A8.html download to ptt/Gossiping/21668_0.txt, time: 6.210000
/bbs/Gossiping/M.1496051747.A.AB7.html download to ptt/Gossiping/21668_1.txt, time: 4.850000
/bbs/Gossiping/M.1496051824.A.C68.html download to ptt/Gossiping/21668_2.txt, time: 5.490000
/bbs/Gossiping/M.1496051902.A.4E3.html download to ptt/Gossiping/21668_3.txt, time: 9.400000
/bbs/Gossiping/M.1496051909.A.020.html download to ptt/Gossiping/21668_4.txt, time: 6.650000
/bbs/Gossiping/M.1496051976.A.E83.html download to ptt/Gossiping/21668_5.txt, time: 10.800000
/bbs/Gossiping/M.1496052160.A.FF5.html download to ptt/Gossiping/21668_6.txt, time: 3.680000
/bbs/Gossiping/M.1496052179.A.BE8.html download to ptt/Gossiping/21668_7.txt, time: 6.760000
/bbs/Gossiping/M.1496052189.A.492.html download to ptt/Gossiping/21668_8.txt, time: 4.030000
/bbs/Gossiping/M.1496052194.A.18E.html download to ptt/Gossiping/21668_9.txt, time: 4.360000
/bbs/Gossiping/M.1496052206.A.B62.html download to ptt/Gossiping/21668_10.txt, time: 7.440000
/bbs/Gossiping/M.1496052215.A.F0E.html download to ptt/Gossiping/21668_11.txt, time: 9.200000
/bbs/Gossiping/M.1496052245.A.0DD.htmlTraceback (most recent call last):
  File "/home/studentyl/anaconda3/lib/python3.6/site-packages/requests/packages/urllib3/connectionpool.py", line 600, in urlopen
    chunked=chunked)
  File "/home/studentyl/anaconda3/lib/python3.6/site-packages/requests/packages/urllib3/connectionpool.py", line 386, in _make_request
    six.raise_from(e, None)
  File "<string>", line 2, in raise_from
  File "/home/studentyl/anaconda3/lib/python3.6/site-packages/requests/packages/urllib3/connectionpool.py", line 382, in _make_request
    httplib_response = conn.getresponse()
  File "/home/studentyl/anaconda3/lib/python3.6/http/client.py", line 1331, in getresponse
    response.begin()
  File "/home/studentyl/anaconda3/lib/python3.6/http/client.py", line 297, in begin
    version, status, reason = self._read_status()
  File "/home/studentyl/anaconda3/lib/python3.6/http/client.py", line 266, in _read_status
    raise RemoteDisconnected("Remote end closed connection without"
http.client.RemoteDisconnected: Remote end closed connection without response

During handling of the above exception, another exception occurred:

Traceback (most recent call last):
  File "/home/studentyl/anaconda3/lib/python3.6/site-packages/requests/adapters.py", line 438, in send
    timeout=timeout
  File "/home/studentyl/anaconda3/lib/python3.6/site-packages/requests/packages/urllib3/connectionpool.py", line 649, in urlopen
    _stacktrace=sys.exc_info()[2])
  File "/home/studentyl/anaconda3/lib/python3.6/site-packages/requests/packages/urllib3/util/retry.py", line 357, in increment
    raise six.reraise(type(error), error, _stacktrace)
  File "/home/studentyl/anaconda3/lib/python3.6/site-packages/requests/packages/urllib3/packages/six.py", line 685, in reraise
    raise value.with_traceback(tb)
  File "/home/studentyl/anaconda3/lib/python3.6/site-packages/requests/packages/urllib3/connectionpool.py", line 600, in urlopen
    chunked=chunked)
  File "/home/studentyl/anaconda3/lib/python3.6/site-packages/requests/packages/urllib3/connectionpool.py", line 386, in _make_request
    six.raise_from(e, None)
  File "<string>", line 2, in raise_from
  File "/home/studentyl/anaconda3/lib/python3.6/site-packages/requests/packages/urllib3/connectionpool.py", line 382, in _make_request
    httplib_response = conn.getresponse()
  File "/home/studentyl/anaconda3/lib/python3.6/http/client.py", line 1331, in getresponse
    response.begin()
  File "/home/studentyl/anaconda3/lib/python3.6/http/client.py", line 297, in begin
    version, status, reason = self._read_status()
  File "/home/studentyl/anaconda3/lib/python3.6/http/client.py", line 266, in _read_status
    raise RemoteDisconnected("Remote end closed connection without"
requests.packages.urllib3.exceptions.ProtocolError: ('Connection aborted.', RemoteDisconnected('Remote end closed connection without response',))

During handling of the above exception, another exception occurred:

Traceback (most recent call last):
  File "./crawler.py", line 177, in <module>
    main(sys.argv[1:])
  File "./crawler.py", line 158, in main
    downloadForum(forumName, startPage, pages)
  File "./crawler.py", line 140, in downloadForum
    downloadPage(str(articleCount), forumName, pageNum, 'https://www.ptt.cc'+link)
  File "./crawler.py", line 82, in downloadPage
    pageText = getPageText(link)
  File "./crawler.py", line 13, in getPageText
    pageText=requests.get(link, cookies={'over18':'1'}).text
  File "/home/studentyl/anaconda3/lib/python3.6/site-packages/requests/api.py", line 72, in get
    return request('get', url, params=params, **kwargs)
  File "/home/studentyl/anaconda3/lib/python3.6/site-packages/requests/api.py", line 58, in request
    return session.request(method=method, url=url, **kwargs)
  File "/home/studentyl/anaconda3/lib/python3.6/site-packages/requests/sessions.py", line 518, in request
    resp = self.send(prep, **send_kwargs)
  File "/home/studentyl/anaconda3/lib/python3.6/site-packages/requests/sessions.py", line 639, in send
    r = adapter.send(request, **kwargs)
  File "/home/studentyl/anaconda3/lib/python3.6/site-packages/requests/adapters.py", line 488, in send
    raise ConnectionError(err, request=request)
requests.exceptions.ConnectionError: ('Connection aborted.', RemoteDisconnected('Remote end closed connection without response',))
