page 21680
/bbs/Gossiping/M.1496059548.A.773.html download to ptt/Gossiping/21680_0.txt, time: 5.630000
/bbs/Gossiping/M.1496059596.A.BFE.html download to ptt/Gossiping/21680_1.txt, time: 4.700000
/bbs/Gossiping/M.1496059610.A.C52.html download to ptt/Gossiping/21680_2.txt, time: 5.140000
/bbs/Gossiping/M.1496059613.A.925.html download to ptt/Gossiping/21680_3.txt, time: 4.110000
/bbs/Gossiping/M.1496059619.A.3EB.html download to ptt/Gossiping/21680_4.txt, time: 6.080000
/bbs/Gossiping/M.1496059625.A.1B5.html download to ptt/Gossiping/21680_5.txt, time: 4.050000
/bbs/Gossiping/M.1496059645.A.436.html download to ptt/Gossiping/21680_6.txt, time: 6.530000
/bbs/Gossiping/M.1496059646.A.861.html download to ptt/Gossiping/21680_7.txt, time: 8.320000
/bbs/Gossiping/M.1496059672.A.40E.html download to ptt/Gossiping/21680_8.txt, time: 3.310000
/bbs/Gossiping/M.1496059678.A.D53.html download to ptt/Gossiping/21680_9.txt, time: 4.440000
/bbs/Gossiping/M.1496059685.A.1B8.html download to ptt/Gossiping/21680_10.txt, time: 5.430000
/bbs/Gossiping/M.1496059685.A.378.html download to ptt/Gossiping/21680_11.txt, time: 4.130000
/bbs/Gossiping/M.1496059689.A.B4D.html download to ptt/Gossiping/21680_12.txt, time: 6.130000
/bbs/Gossiping/M.1496059746.A.26D.html download to ptt/Gossiping/21680_13.txt, time: 6.640000
/bbs/Gossiping/M.1496059772.A.EA4.html download to ptt/Gossiping/21680_14.txt, time: 6.520000
/bbs/Gossiping/M.1496059785.A.CF0.html download to ptt/Gossiping/21680_15.txt, time: 4.040000
/bbs/Gossiping/M.1496059824.A.6F6.html download to ptt/Gossiping/21680_16.txt, time: 5.580000
/bbs/Gossiping/M.1496059837.A.6FE.html download to ptt/Gossiping/21680_17.txt, time: 6.970000
/bbs/Gossiping/M.1496059840.A.2A3.html download to ptt/Gossiping/21680_18.txt, time: 6.830000
/bbs/Gossiping/M.1496059916.A.46F.html download to ptt/Gossiping/21680_19.txt, time: 4.920000
page 21679
/bbs/Gossiping/M.1496059092.A.0A9.html download to ptt/Gossiping/21679_0.txt, time: 3.630000
/bbs/Gossiping/M.1496059104.A.0F1.html download to ptt/Gossiping/21679_1.txt, time: 3.380000
/bbs/Gossiping/M.1496059104.A.A4A.html download to ptt/Gossiping/21679_2.txt, time: 4.840000
/bbs/Gossiping/M.1496059109.A.64E.html download to ptt/Gossiping/21679_3.txt, time: 5.930000
/bbs/Gossiping/M.1496059124.A.C41.html download to ptt/Gossiping/21679_4.txt, time: 5.810000
/bbs/Gossiping/M.1496059139.A.3C4.html download to ptt/Gossiping/21679_5.txt, time: 5.390000
/bbs/Gossiping/M.1496059169.A.CC9.html download to ptt/Gossiping/21679_6.txt, time: 5.750000
/bbs/Gossiping/M.1496059229.A.B44.html download to ptt/Gossiping/21679_7.txt, time: 3.190000
/bbs/Gossiping/M.1496059263.A.18B.html download to ptt/Gossiping/21679_8.txt, time: 3.360000
/bbs/Gossiping/M.1496059268.A.5D3.html download to ptt/Gossiping/21679_9.txt, time: 4.890000
/bbs/Gossiping/M.1496059280.A.79A.html download to ptt/Gossiping/21679_10.txt, time: 4.620000
/bbs/Gossiping/M.1496059336.A.EEC.html download to ptt/Gossiping/21679_11.txt, time: 6.010000
/bbs/Gossiping/M.1496059376.A.6A3.html download to ptt/Gossiping/21679_12.txt, time: 4.280000
/bbs/Gossiping/M.1496059420.A.842.html download to ptt/Gossiping/21679_13.txt, time: 5.630000
/bbs/Gossiping/M.1496059478.A.DAB.html download to ptt/Gossiping/21679_14.txt, time: 4.990000
/bbs/Gossiping/M.1496059479.A.928.html download to ptt/Gossiping/21679_15.txt, time: 4.760000
/bbs/Gossiping/M.1496059498.A.297.html download to ptt/Gossiping/21679_16.txt, time: 7.380000
/bbs/Gossiping/M.1496059519.A.D81.html download to ptt/Gossiping/21679_17.txt, time: 6.450000
/bbs/Gossiping/M.1496059543.A.9FB.html download to ptt/Gossiping/21679_18.txt, time: 5.790000
/bbs/Gossiping/M.1496059546.A.1E5.html download to ptt/Gossiping/21679_19.txt, time: 6.640000
page 21678
/bbs/Gossiping/M.1496058581.A.A92.html download to ptt/Gossiping/21678_0.txt, time: 9.060000
/bbs/Gossiping/M.1496058669.A.74E.html download to ptt/Gossiping/21678_1.txt, time: 4.920000
/bbs/Gossiping/M.1496058679.A.ACA.html download to ptt/Gossiping/21678_2.txt, time: 4.940000
/bbs/Gossiping/M.1496058689.A.124.html download to ptt/Gossiping/21678_3.txt, time: 8.870000
/bbs/Gossiping/M.1496058706.A.733.html download to ptt/Gossiping/21678_4.txt, time: 4.430000
/bbs/Gossiping/M.1496058757.A.0E2.html download to ptt/Gossiping/21678_5.txt, time: 8.980000
/bbs/Gossiping/M.1496058788.A.1C1.html download to ptt/Gossiping/21678_6.txt, time: 6.790000
/bbs/Gossiping/M.1496058800.A.183.html download to ptt/Gossiping/21678_7.txt, time: 4.190000
/bbs/Gossiping/M.1496058826.A.5C8.html download to ptt/Gossiping/21678_8.txt, time: 6.570000
/bbs/Gossiping/M.1496058885.A.BC9.html download to ptt/Gossiping/21678_9.txt, time: 13.370000
/bbs/Gossiping/M.1496058906.A.705.html download to ptt/Gossiping/21678_10.txt, time: 4.180000
/bbs/Gossiping/M.1496058920.A.793.html download to ptt/Gossiping/21678_11.txt, time: 4.040000
/bbs/Gossiping/M.1496058944.A.5EE.html download to ptt/Gossiping/21678_12.txt, time: 6.010000
/bbs/Gossiping/M.1496058953.A.2B9.html download to ptt/Gossiping/21678_13.txt, time: 9.130000
/bbs/Gossiping/M.1496058989.A.4E0.html download to ptt/Gossiping/21678_14.txt, time: 4.260000
/bbs/Gossiping/M.1496058991.A.CFE.html download to ptt/Gossiping/21678_15.txt, time: 14.720000
/bbs/Gossiping/M.1496058997.A.9AE.html download to ptt/Gossiping/21678_16.txt, time: 3.500000
/bbs/Gossiping/M.1496059014.A.768.html download to ptt/Gossiping/21678_17.txt, time: 3.400000
/bbs/Gossiping/M.1496059058.A.98B.html download to ptt/Gossiping/21678_18.txt, time: 4.590000
/bbs/Gossiping/M.1496059073.A.5B3.html download to ptt/Gossiping/21678_19.txt, time: 2.770000
page 21677
/bbs/Gossiping/M.1496057999.A.116.html download to ptt/Gossiping/21677_0.txt, time: 4.690000
/bbs/Gossiping/M.1496058001.A.EE5.html download to ptt/Gossiping/21677_1.txt, time: 5.130000
/bbs/Gossiping/M.1496058127.A.706.html download to ptt/Gossiping/21677_2.txt, time: 3.150000
/bbs/Gossiping/M.1496058205.A.F20.html download to ptt/Gossiping/21677_3.txt, time: 4.970000
/bbs/Gossiping/M.1496058216.A.194.html download to ptt/Gossiping/21677_4.txt, time: 3.450000
/bbs/Gossiping/M.1496058227.A.46F.html download to ptt/Gossiping/21677_5.txt, time: 4.680000
/bbs/Gossiping/M.1496058261.A.586.html download to ptt/Gossiping/21677_6.txt, time: 3.120000
/bbs/Gossiping/M.1496058283.A.B4D.html download to ptt/Gossiping/21677_7.txt, time: 4.780000
/bbs/Gossiping/M.1496058289.A.929.html download to ptt/Gossiping/21677_8.txt, time: 3.240000
/bbs/Gossiping/M.1496058291.A.0F3.html download to ptt/Gossiping/21677_9.txt, time: 3.820000
/bbs/Gossiping/M.1496058371.A.301.html download to ptt/Gossiping/21677_10.txt, time: 3.460000
/bbs/Gossiping/M.1496058381.A.D97.html download to ptt/Gossiping/21677_11.txt, time: 4.850000
/bbs/Gossiping/M.1496058400.A.DD9.html download to ptt/Gossiping/21677_12.txt, time: 3.230000
/bbs/Gossiping/M.1496058464.A.68A.html download to ptt/Gossiping/21677_13.txt, time: 4.260000
/bbs/Gossiping/M.1496058474.A.F3C.html download to ptt/Gossiping/21677_14.txt, time: 5.250000
/bbs/Gossiping/M.1496058529.A.A43.html download to ptt/Gossiping/21677_15.txt, time: 5.620000
/bbs/Gossiping/M.1496058540.A.A07.html download to ptt/Gossiping/21677_16.txt, time: 5.920000
/bbs/Gossiping/M.1496058549.A.9E9.html download to ptt/Gossiping/21677_17.txt, time: 3.540000
/bbs/Gossiping/M.1496058556.A.DCE.html download to ptt/Gossiping/21677_18.txt, time: 3.300000
/bbs/Gossiping/M.1496058578.A.D21.html download to ptt/Gossiping/21677_19.txt, time: 3.420000
page 21676
/bbs/Gossiping/M.1496057327.A.084.html download to ptt/Gossiping/21676_0.txt, time: 5.570000
/bbs/Gossiping/M.1496057453.A.079.html download to ptt/Gossiping/21676_1.txt, time: 5.990000
/bbs/Gossiping/M.1496057457.A.AB9.html download to ptt/Gossiping/21676_2.txt, time: 3.780000
/bbs/Gossiping/M.1496057460.A.936.html download to ptt/Gossiping/21676_3.txt, time: 5.600000
/bbs/Gossiping/M.1496057499.A.033.html download to ptt/Gossiping/21676_4.txt, time: 4.050000
/bbs/Gossiping/M.1496057538.A.4AA.html download to ptt/Gossiping/21676_5.txt, time: 4.510000
/bbs/Gossiping/M.1496057579.A.A30.html download to ptt/Gossiping/21676_6.txt, time: 3.190000
/bbs/Gossiping/M.1496057579.A.D00.html download to ptt/Gossiping/21676_7.txt, time: 3.690000
/bbs/Gossiping/M.1496057616.A.692.html download to ptt/Gossiping/21676_8.txt, time: 3.730000
/bbs/Gossiping/M.1496057659.A.297.html download to ptt/Gossiping/21676_9.txt, time: 4.110000
/bbs/Gossiping/M.1496057682.A.07B.html download to ptt/Gossiping/21676_10.txt, time: 3.420000
/bbs/Gossiping/M.1496057685.A.A19.html download to ptt/Gossiping/21676_11.txt, time: 2.740000
/bbs/Gossiping/M.1496057700.A.B62.html download to ptt/Gossiping/21676_12.txt, time: 2.650000
/bbs/Gossiping/M.1496057735.A.169.html download to ptt/Gossiping/21676_13.txt, time: 4.570000
/bbs/Gossiping/M.1496057760.A.A9F.html download to ptt/Gossiping/21676_14.txt, time: 2.480000
/bbs/Gossiping/M.1496057825.A.8ED.html download to ptt/Gossiping/21676_15.txt, time: 4.880000
/bbs/Gossiping/M.1496057866.A.7C7.html download to ptt/Gossiping/21676_16.txt, time: 2.490000
/bbs/Gossiping/M.1496057874.A.D8E.html download to ptt/Gossiping/21676_17.txt, time: 4.300000
/bbs/Gossiping/M.1496057940.A.517.html download to ptt/Gossiping/21676_18.txt, time: 3.620000
/bbs/Gossiping/M.1496057944.A.22C.html download to ptt/Gossiping/21676_19.txt, time: 4.210000
time: 561.3920269012451 seconds
