page 21690
/bbs/Gossiping/M.1496064408.A.4E7.html download to ptt/Gossiping/21690_0.txt, time: 5.990000
/bbs/Gossiping/M.1496064452.A.A4A.html download to ptt/Gossiping/21690_1.txt, time: 6.940000
/bbs/Gossiping/M.1496064456.A.79D.html download to ptt/Gossiping/21690_2.txt, time: 5.280000
/bbs/Gossiping/M.1496064502.A.586.html download to ptt/Gossiping/21690_3.txt, time: 10.260000
/bbs/Gossiping/M.1496064523.A.1A7.html download to ptt/Gossiping/21690_4.txt, time: 5.720000
/bbs/Gossiping/M.1496064527.A.C79.html download to ptt/Gossiping/21690_5.txt, time: 3.770000
/bbs/Gossiping/M.1496064558.A.E7B.html download to ptt/Gossiping/21690_6.txt, time: 3.640000
/bbs/Gossiping/M.1496064611.A.743.html download to ptt/Gossiping/21690_7.txt, time: 4.850000
/bbs/Gossiping/M.1496064656.A.263.html download to ptt/Gossiping/21690_8.txt, time: 5.410000
/bbs/Gossiping/M.1496064688.A.4E4.html download to ptt/Gossiping/21690_9.txt, time: 9.360000
/bbs/Gossiping/M.1496064721.A.F36.html download to ptt/Gossiping/21690_10.txt, time: 4.440000
/bbs/Gossiping/M.1496064741.A.733.html download to ptt/Gossiping/21690_11.txt, time: 4.220000
/bbs/Gossiping/M.1496064747.A.9A1.html download to ptt/Gossiping/21690_12.txt, time: 3.780000
/bbs/Gossiping/M.1496064798.A.C9C.html download to ptt/Gossiping/21690_13.txt, time: 6.900000
/bbs/Gossiping/M.1496064843.A.DFF.html download to ptt/Gossiping/21690_14.txt, time: 3.890000
/bbs/Gossiping/M.1496064880.A.C4E.html download to ptt/Gossiping/21690_15.txt, time: 3.300000
/bbs/Gossiping/M.1496064898.A.424.html download to ptt/Gossiping/21690_16.txt, time: 5.700000
/bbs/Gossiping/M.1496064899.A.FC1.html download to ptt/Gossiping/21690_17.txt, time: 4.970000
/bbs/Gossiping/M.1496064928.A.7E6.html download to ptt/Gossiping/21690_18.txt, time: 3.930000
/bbs/Gossiping/M.1496064982.A.B6C.html download to ptt/Gossiping/21690_19.txt, time: 7.420000
page 21689
/bbs/Gossiping/M.1496064076.A.9C9.html download to ptt/Gossiping/21689_0.txt, time: 4.620000
/bbs/Gossiping/M.1496064128.A.2CA.html download to ptt/Gossiping/21689_1.txt, time: 4.260000
/bbs/Gossiping/M.1496064154.A.449.html download to ptt/Gossiping/21689_2.txt, time: 3.860000
/bbs/Gossiping/M.1496064173.A.956.html download to ptt/Gossiping/21689_3.txt, time: 4.810000
/bbs/Gossiping/M.1496064188.A.B5A.html download to ptt/Gossiping/21689_4.txt, time: 4.300000
/bbs/Gossiping/M.1496064198.A.401.html download to ptt/Gossiping/21689_5.txt, time: 3.400000
/bbs/Gossiping/M.1496064207.A.0BF.html download to ptt/Gossiping/21689_6.txt, time: 4.340000
/bbs/Gossiping/M.1496064210.A.F2C.html download to ptt/Gossiping/21689_7.txt, time: 4.300000
/bbs/Gossiping/M.1496064234.A.E88.html download to ptt/Gossiping/21689_8.txt, time: 4.260000
/bbs/Gossiping/M.1496064276.A.4DD.html download to ptt/Gossiping/21689_9.txt, time: 4.070000
/bbs/Gossiping/M.1496064290.A.BDE.html download to ptt/Gossiping/21689_10.txt, time: 3.540000
/bbs/Gossiping/M.1496064303.A.308.html download to ptt/Gossiping/21689_11.txt, time: 4.970000
/bbs/Gossiping/M.1496064308.A.486.html download to ptt/Gossiping/21689_12.txt, time: 5.760000
/bbs/Gossiping/M.1496064347.A.F5C.html download to ptt/Gossiping/21689_13.txt, time: 4.990000
/bbs/Gossiping/M.1496064357.A.E53.html download to ptt/Gossiping/21689_14.txt, time: 5.410000
/bbs/Gossiping/M.1496064365.A.B81.html download to ptt/Gossiping/21689_15.txt, time: 5.090000
/bbs/Gossiping/M.1496064391.A.23C.html download to ptt/Gossiping/21689_16.txt, time: 4.020000
/bbs/Gossiping/M.1496064394.A.CF2.html download to ptt/Gossiping/21689_17.txt, time: 5.600000
/bbs/Gossiping/M.1496064394.A.909.html download to ptt/Gossiping/21689_18.txt, time: 7.790000
/bbs/Gossiping/M.1496064403.A.AD1.html download to ptt/Gossiping/21689_19.txt, time: 8.780000
page 21688
/bbs/Gossiping/M.1496063659.A.E8A.html download to ptt/Gossiping/21688_0.txt, time: 7.330000
/bbs/Gossiping/M.1496063660.A.E78.html download to ptt/Gossiping/21688_1.txt, time: 3.980000
/bbs/Gossiping/M.1496063676.A.8E6.html download to ptt/Gossiping/21688_2.txt, time: 4.260000
/bbs/Gossiping/M.1496063686.A.EBC.html download to ptt/Gossiping/21688_3.txt, time: 6.010000
/bbs/Gossiping/M.1496063686.A.BB2.html download to ptt/Gossiping/21688_4.txt, time: 4.590000
/bbs/Gossiping/M.1496063694.A.ED9.html download to ptt/Gossiping/21688_5.txt, time: 16.310000
/bbs/Gossiping/M.1496063723.A.FB8.html download to ptt/Gossiping/21688_6.txt, time: 7.070000
/bbs/Gossiping/M.1496063731.A.3F8.html download to ptt/Gossiping/21688_7.txt, time: 4.220000
/bbs/Gossiping/M.1496063780.A.F84.html download to ptt/Gossiping/21688_8.txt, time: 7.110000
/bbs/Gossiping/M.1496063801.A.9BB.html download to ptt/Gossiping/21688_9.txt, time: 3.300000
/bbs/Gossiping/M.1496063812.A.D02.html download to ptt/Gossiping/21688_10.txt, time: 5.660000
/bbs/Gossiping/M.1496063824.A.42F.html download to ptt/Gossiping/21688_11.txt, time: 15.380000
/bbs/Gossiping/M.1496063858.A.1A4.html download to ptt/Gossiping/21688_12.txt, time: 15.880000
/bbs/Gossiping/M.1496063884.A.B8B.html download to ptt/Gossiping/21688_13.txt, time: 5.070000
/bbs/Gossiping/M.1496063896.A.EBB.html download to ptt/Gossiping/21688_14.txt, time: 3.910000
/bbs/Gossiping/M.1496063904.A.031.html download to ptt/Gossiping/21688_15.txt, time: 3.840000
/bbs/Gossiping/M.1496063925.A.9C4.html download to ptt/Gossiping/21688_16.txt, time: 3.250000
/bbs/Gossiping/M.1496063947.A.3E2.html download to ptt/Gossiping/21688_17.txt, time: 5.200000
/bbs/Gossiping/M.1496063991.A.445.html download to ptt/Gossiping/21688_18.txt, time: 3.600000
/bbs/Gossiping/M.1496064038.A.B4C.html download to ptt/Gossiping/21688_19.txt, time: 5.300000
page 21687
/bbs/Gossiping/M.1496062910.A.415.html download to ptt/Gossiping/21687_0.txt, time: 2.810000
/bbs/Gossiping/M.1496062912.A.EA8.html download to ptt/Gossiping/21687_1.txt, time: 4.360000
/bbs/Gossiping/M.1496063081.A.5DD.html download to ptt/Gossiping/21687_2.txt, time: 3.320000
/bbs/Gossiping/M.1496063133.A.3C9.html download to ptt/Gossiping/21687_3.txt, time: 5.470000
/bbs/Gossiping/M.1496063206.A.65B.html download to ptt/Gossiping/21687_4.txt, time: 4.180000
/bbs/Gossiping/M.1496063221.A.183.html download to ptt/Gossiping/21687_5.txt, time: 4.260000
/bbs/Gossiping/M.1496063278.A.AA0.html download to ptt/Gossiping/21687_6.txt, time: 3.040000
/bbs/Gossiping/M.1496063319.A.07D.html download to ptt/Gossiping/21687_7.txt, time: 4.230000
/bbs/Gossiping/M.1496063328.A.9E8.html download to ptt/Gossiping/21687_8.txt, time: 4.230000
/bbs/Gossiping/M.1496063341.A.4AE.html download to ptt/Gossiping/21687_9.txt, time: 3.140000
/bbs/Gossiping/M.1496063359.A.3DB.html download to ptt/Gossiping/21687_10.txt, time: 4.670000
/bbs/Gossiping/M.1496063374.A.4E1.html download to ptt/Gossiping/21687_11.txt, time: 4.930000
/bbs/Gossiping/M.1496063379.A.53F.html download to ptt/Gossiping/21687_12.txt, time: 7.830000
/bbs/Gossiping/M.1496063419.A.99E.html download to ptt/Gossiping/21687_13.txt, time: 6.490000
/bbs/Gossiping/M.1496063439.A.17F.html download to ptt/Gossiping/21687_14.txt, time: 5.100000
/bbs/Gossiping/M.1496063475.A.359.html download to ptt/Gossiping/21687_15.txt, time: 4.220000
/bbs/Gossiping/M.1496063501.A.58E.html download to ptt/Gossiping/21687_16.txt, time: 3.110000
/bbs/Gossiping/M.1496063502.A.8A0.html download to ptt/Gossiping/21687_17.txt, time: 5.110000
/bbs/Gossiping/M.1496063606.A.8F7.html download to ptt/Gossiping/21687_18.txt, time: 4.220000
/bbs/Gossiping/M.1496063611.A.69F.html download to ptt/Gossiping/21687_19.txt, time: 3.890000
page 21686
/bbs/Gossiping/M.1496062478.A.158.html download to ptt/Gossiping/21686_0.txt, time: 3.350000
/bbs/Gossiping/M.1496062508.A.C5F.html download to ptt/Gossiping/21686_1.txt, time: 4.060000
/bbs/Gossiping/M.1496062603.A.F07.html download to ptt/Gossiping/21686_2.txt, time: 3.530000
/bbs/Gossiping/M.1496062603.A.A57.html download to ptt/Gossiping/21686_3.txt, time: 2.380000
/bbs/Gossiping/M.1496062609.A.E4E.html download to ptt/Gossiping/21686_4.txt, time: 3.910000
/bbs/Gossiping/M.1496062613.A.7F5.html download to ptt/Gossiping/21686_5.txt, time: 3.740000
/bbs/Gossiping/M.1496062649.A.0B7.html download to ptt/Gossiping/21686_6.txt, time: 3.760000
/bbs/Gossiping/M.1496062651.A.EAB.html download to ptt/Gossiping/21686_7.txt, time: 2.560000
/bbs/Gossiping/M.1496062674.A.124.html download to ptt/Gossiping/21686_8.txt, time: 4.710000
/bbs/Gossiping/M.1496062735.A.F02.html download to ptt/Gossiping/21686_9.txt, time: 3.590000
/bbs/Gossiping/M.1496062736.A.4D9.html download to ptt/Gossiping/21686_10.txt, time: 4.870000
/bbs/Gossiping/M.1496062790.A.D57.html download to ptt/Gossiping/21686_11.txt, time: 2.620000
/bbs/Gossiping/M.1496062794.A.9C9.html download to ptt/Gossiping/21686_12.txt, time: 2.970000
/bbs/Gossiping/M.1496062807.A.630.html download to ptt/Gossiping/21686_13.txt, time: 2.820000
/bbs/Gossiping/M.1496062821.A.580.html download to ptt/Gossiping/21686_14.txt, time: 2.510000
/bbs/Gossiping/M.1496062838.A.22C.html download to ptt/Gossiping/21686_15.txt, time: 3.730000
/bbs/Gossiping/M.1496062851.A.6D8.html download to ptt/Gossiping/21686_16.txt, time: 5.060000
/bbs/Gossiping/M.1496062875.A.E58.html download to ptt/Gossiping/21686_17.txt, time: 9.940000
/bbs/Gossiping/M.1496062899.A.171.html download to ptt/Gossiping/21686_18.txt, time: 1.410000
/bbs/Gossiping/M.1496062904.A.715.html download to ptt/Gossiping/21686_19.txt, time: 1.180000
time: 556.6820569038391 seconds
