page 21700
/bbs/Gossiping/M.1496069171.A.624.html download to ptt/Gossiping/21700_0.txt, time: 4.520000
/bbs/Gossiping/M.1496069185.A.3F6.html download to ptt/Gossiping/21700_1.txt, time: 4.430000
/bbs/Gossiping/M.1496069186.A.95E.html download to ptt/Gossiping/21700_2.txt, time: 5.180000
/bbs/Gossiping/M.1496069213.A.2FE.html download to ptt/Gossiping/21700_3.txt, time: 6.500000
/bbs/Gossiping/M.1496069215.A.295.html download to ptt/Gossiping/21700_4.txt, time: 6.070000
/bbs/Gossiping/M.1496069219.A.80E.html download to ptt/Gossiping/21700_5.txt, time: 5.740000
/bbs/Gossiping/M.1496069222.A.AEF.html download to ptt/Gossiping/21700_6.txt, time: 4.050000
/bbs/Gossiping/M.1496069230.A.254.html download to ptt/Gossiping/21700_7.txt, time: 7.680000
/bbs/Gossiping/M.1496069289.A.D81.html download to ptt/Gossiping/21700_8.txt, time: 4.430000
/bbs/Gossiping/M.1496069292.A.5F6.html download to ptt/Gossiping/21700_9.txt, time: 2.910000
/bbs/Gossiping/M.1496069293.A.A82.html download to ptt/Gossiping/21700_10.txt, time: 5.500000
/bbs/Gossiping/M.1496069332.A.87D.html download to ptt/Gossiping/21700_11.txt, time: 4.740000
/bbs/Gossiping/M.1496069342.A.348.html download to ptt/Gossiping/21700_12.txt, time: 4.520000
/bbs/Gossiping/M.1496069359.A.7DD.html download to ptt/Gossiping/21700_13.txt, time: 4.440000
/bbs/Gossiping/M.1496069371.A.6A2.html download to ptt/Gossiping/21700_14.txt, time: 8.390000
/bbs/Gossiping/M.1496069373.A.09A.html download to ptt/Gossiping/21700_15.txt, time: 4.570000
/bbs/Gossiping/M.1496069391.A.2A6.html download to ptt/Gossiping/21700_16.txt, time: 4.030000
/bbs/Gossiping/M.1496069427.A.41F.html download to ptt/Gossiping/21700_17.txt, time: 4.590000
/bbs/Gossiping/M.1496069450.A.27C.html download to ptt/Gossiping/21700_18.txt, time: 5.340000
/bbs/Gossiping/M.1496069468.A.74B.html download to ptt/Gossiping/21700_19.txt, time: 6.210000
page 21699
/bbs/Gossiping/M.1496068737.A.B12.html download to ptt/Gossiping/21699_0.txt, time: 4.230000
/bbs/Gossiping/M.1496068750.A.BB3.html download to ptt/Gossiping/21699_1.txt, time: 3.390000
/bbs/Gossiping/M.1496068751.A.030.html download to ptt/Gossiping/21699_2.txt, time: 4.650000
/bbs/Gossiping/M.1496068789.A.135.html download to ptt/Gossiping/21699_3.txt, time: 3.830000
/bbs/Gossiping/M.1496068810.A.DCC.html download to ptt/Gossiping/21699_4.txt, time: 4.460000
/bbs/Gossiping/M.1496068858.A.DF6.html download to ptt/Gossiping/21699_5.txt, time: 5.540000
/bbs/Gossiping/M.1496068870.A.249.html download to ptt/Gossiping/21699_6.txt, time: 3.600000
/bbs/Gossiping/M.1496068885.A.AD4.html download to ptt/Gossiping/21699_7.txt, time: 4.450000
/bbs/Gossiping/M.1496068921.A.C90.html download to ptt/Gossiping/21699_8.txt, time: 6.640000
/bbs/Gossiping/M.1496068928.A.CAF.html download to ptt/Gossiping/21699_9.txt, time: 7.600000
/bbs/Gossiping/M.1496069004.A.0CC.html download to ptt/Gossiping/21699_10.txt, time: 3.040000
/bbs/Gossiping/M.1496069010.A.6A2.html download to ptt/Gossiping/21699_11.txt, time: 3.420000
/bbs/Gossiping/M.1496069020.A.76B.html download to ptt/Gossiping/21699_12.txt, time: 6.340000
/bbs/Gossiping/M.1496069033.A.A26.html download to ptt/Gossiping/21699_13.txt, time: 5.130000
/bbs/Gossiping/M.1496069069.A.F76.html download to ptt/Gossiping/21699_14.txt, time: 5.630000
/bbs/Gossiping/M.1496069072.A.1E0.html download to ptt/Gossiping/21699_15.txt, time: 5.270000
/bbs/Gossiping/M.1496069145.A.79C.html download to ptt/Gossiping/21699_16.txt, time: 5.300000
/bbs/Gossiping/M.1496069148.A.4A9.html download to ptt/Gossiping/21699_17.txt, time: 5.160000
/bbs/Gossiping/M.1496069162.A.37F.html download to ptt/Gossiping/21699_18.txt, time: 4.050000
/bbs/Gossiping/M.1496069165.A.00E.html download to ptt/Gossiping/21699_19.txt, time: 3.940000
page 21698
/bbs/Gossiping/M.1496068207.A.B1D.html download to ptt/Gossiping/21698_0.txt, time: 5.240000
/bbs/Gossiping/M.1496068300.A.47F.html download to ptt/Gossiping/21698_1.txt, time: 5.190000
/bbs/Gossiping/M.1496068302.A.821.html download to ptt/Gossiping/21698_2.txt, time: 4.460000
/bbs/Gossiping/M.1496068322.A.8EA.html download to ptt/Gossiping/21698_3.txt, time: 5.020000
/bbs/Gossiping/M.1496068344.A.F58.html download to ptt/Gossiping/21698_4.txt, time: 9.010000
/bbs/Gossiping/M.1496068416.A.3D7.html download to ptt/Gossiping/21698_5.txt, time: 5.600000
/bbs/Gossiping/M.1496068481.A.7F1.html download to ptt/Gossiping/21698_6.txt, time: 5.680000
/bbs/Gossiping/M.1496068504.A.C43.html download to ptt/Gossiping/21698_7.txt, time: 3.230000
/bbs/Gossiping/M.1496068521.A.2B7.html download to ptt/Gossiping/21698_8.txt, time: 5.040000
/bbs/Gossiping/M.1496068525.A.4C6.html download to ptt/Gossiping/21698_9.txt, time: 6.830000
/bbs/Gossiping/M.1496068558.A.350.html download to ptt/Gossiping/21698_10.txt, time: 4.310000
/bbs/Gossiping/M.1496068570.A.A3A.html download to ptt/Gossiping/21698_11.txt, time: 3.730000
/bbs/Gossiping/M.1496068581.A.FA2.html download to ptt/Gossiping/21698_12.txt, time: 4.710000
/bbs/Gossiping/M.1496068585.A.355.html download to ptt/Gossiping/21698_13.txt, time: 6.440000
/bbs/Gossiping/M.1496068622.A.BF2.html download to ptt/Gossiping/21698_14.txt, time: 6.150000
/bbs/Gossiping/M.1496068626.A.180.html download to ptt/Gossiping/21698_15.txt, time: 4.960000
/bbs/Gossiping/M.1496068684.A.59F.html download to ptt/Gossiping/21698_16.txt, time: 4.020000
/bbs/Gossiping/M.1496068694.A.43C.html download to ptt/Gossiping/21698_17.txt, time: 5.220000
/bbs/Gossiping/M.1496068694.A.E90.html download to ptt/Gossiping/21698_18.txt, time: 16.480000
/bbs/Gossiping/M.1496068704.A.2C6.html download to ptt/Gossiping/21698_19.txt, time: 4.300000
page 21697
/bbs/Gossiping/M.1496067795.A.4F8.html download to ptt/Gossiping/21697_0.txt, time: 3.370000
/bbs/Gossiping/M.1496067856.A.E79.html download to ptt/Gossiping/21697_1.txt, time: 5.000000
/bbs/Gossiping/M.1496067940.A.B29.html download to ptt/Gossiping/21697_2.txt, time: 3.490000
/bbs/Gossiping/M.1496067946.A.854.html download to ptt/Gossiping/21697_3.txt, time: 4.350000
/bbs/Gossiping/M.1496067949.A.D92.html download to ptt/Gossiping/21697_4.txt, time: 3.810000
/bbs/Gossiping/M.1496067952.A.EA5.html download to ptt/Gossiping/21697_5.txt, time: 4.330000
/bbs/Gossiping/M.1496067962.A.83E.html download to ptt/Gossiping/21697_6.txt, time: 4.910000
/bbs/Gossiping/M.1496067976.A.098.html download to ptt/Gossiping/21697_7.txt, time: 5.090000
/bbs/Gossiping/M.1496067984.A.57B.html download to ptt/Gossiping/21697_8.txt, time: 4.550000
/bbs/Gossiping/M.1496068006.A.6E2.html download to ptt/Gossiping/21697_9.txt, time: 4.000000
/bbs/Gossiping/M.1496068013.A.8E2.html download to ptt/Gossiping/21697_10.txt, time: 4.130000
/bbs/Gossiping/M.1496068023.A.072.html download to ptt/Gossiping/21697_11.txt, time: 5.110000
/bbs/Gossiping/M.1496068024.A.875.html download to ptt/Gossiping/21697_12.txt, time: 3.710000
/bbs/Gossiping/M.1496068036.A.1D2.html download to ptt/Gossiping/21697_13.txt, time: 5.240000
/bbs/Gossiping/M.1496068048.A.272.html download to ptt/Gossiping/21697_14.txt, time: 2.990000
/bbs/Gossiping/M.1496068051.A.5E5.html download to ptt/Gossiping/21697_15.txt, time: 4.150000
/bbs/Gossiping/M.1496068089.A.6CE.html download to ptt/Gossiping/21697_16.txt, time: 4.530000
/bbs/Gossiping/M.1496068112.A.BB9.html download to ptt/Gossiping/21697_17.txt, time: 2.370000
/bbs/Gossiping/M.1496068125.A.7FE.html download to ptt/Gossiping/21697_18.txt, time: 4.390000
/bbs/Gossiping/M.1496068128.A.2E9.html download to ptt/Gossiping/21697_19.txt, time: 3.200000
page 21696
/bbs/Gossiping/M.1496067476.A.34B.html download to ptt/Gossiping/21696_0.txt, time: 4.570000
/bbs/Gossiping/M.1496067476.A.262.html download to ptt/Gossiping/21696_1.txt, time: 4.270000
/bbs/Gossiping/M.1496067511.A.C76.html download to ptt/Gossiping/21696_2.txt, time: 2.970000
/bbs/Gossiping/M.1496067522.A.F48.html download to ptt/Gossiping/21696_3.txt, time: 3.740000
/bbs/Gossiping/M.1496067530.A.0D6.html download to ptt/Gossiping/21696_4.txt, time: 3.040000
/bbs/Gossiping/M.1496067539.A.59C.html download to ptt/Gossiping/21696_5.txt, time: 4.750000
/bbs/Gossiping/M.1496067588.A.ECB.html download to ptt/Gossiping/21696_6.txt, time: 2.950000
/bbs/Gossiping/M.1496067604.A.09A.html download to ptt/Gossiping/21696_7.txt, time: 3.760000
/bbs/Gossiping/M.1496067610.A.F40.html download to ptt/Gossiping/21696_8.txt, time: 3.830000
/bbs/Gossiping/M.1496067612.A.E39.html download to ptt/Gossiping/21696_9.txt, time: 5.300000
/bbs/Gossiping/M.1496067616.A.C9B.html download to ptt/Gossiping/21696_10.txt, time: 4.410000
/bbs/Gossiping/M.1496067619.A.FC0.html download to ptt/Gossiping/21696_11.txt, time: 2.900000
/bbs/Gossiping/M.1496067640.A.A99.html download to ptt/Gossiping/21696_12.txt, time: 3.520000
/bbs/Gossiping/M.1496067650.A.887.html download to ptt/Gossiping/21696_13.txt, time: 4.830000
/bbs/Gossiping/M.1496067654.A.B2C.html download to ptt/Gossiping/21696_14.txt, time: 4.680000
/bbs/Gossiping/M.1496067693.A.C75.html download to ptt/Gossiping/21696_15.txt, time: 3.140000
/bbs/Gossiping/M.1496067713.A.13B.html download to ptt/Gossiping/21696_16.txt, time: 4.260000
/bbs/Gossiping/M.1496067737.A.127.html download to ptt/Gossiping/21696_17.txt, time: 3.180000
/bbs/Gossiping/M.1496067790.A.B7F.html download to ptt/Gossiping/21696_18.txt, time: 2.910000
/bbs/Gossiping/M.1496067791.A.278.html download to ptt/Gossiping/21696_19.txt, time: 4.090000
time: 539.2196621894836 seconds
