page 21710
/bbs/Gossiping/M.1496073520.A.221.html download to ptt/Gossiping/21710_0.txt, time: 4.480000
/bbs/Gossiping/M.1496073539.A.41D.html download to ptt/Gossiping/21710_1.txt, time: 4.890000
/bbs/Gossiping/M.1496073548.A.6E4.html download to ptt/Gossiping/21710_2.txt, time: 5.220000
/bbs/Gossiping/M.1496073565.A.3A1.html download to ptt/Gossiping/21710_3.txt, time: 6.270000
/bbs/Gossiping/M.1496073565.A.C3A.html download to ptt/Gossiping/21710_4.txt, time: 3.260000
/bbs/Gossiping/M.1496073570.A.AB0.html download to ptt/Gossiping/21710_5.txt, time: 7.020000
/bbs/Gossiping/M.1496073574.A.B42.html download to ptt/Gossiping/21710_6.txt, time: 5.560000
/bbs/Gossiping/M.1496073617.A.AB4.html download to ptt/Gossiping/21710_7.txt, time: 7.340000
/bbs/Gossiping/M.1496073620.A.7B0.html download to ptt/Gossiping/21710_8.txt, time: 5.350000
/bbs/Gossiping/M.1496073629.A.A64.html download to ptt/Gossiping/21710_9.txt, time: 5.740000
/bbs/Gossiping/M.1496073652.A.61E.html download to ptt/Gossiping/21710_10.txt, time: 5.860000
/bbs/Gossiping/M.1496073664.A.0F2.html download to ptt/Gossiping/21710_11.txt, time: 6.380000
/bbs/Gossiping/M.1496073706.A.091.html download to ptt/Gossiping/21710_12.txt, time: 4.490000
/bbs/Gossiping/M.1496073708.A.4E5.html download to ptt/Gossiping/21710_13.txt, time: 7.420000
/bbs/Gossiping/M.1496073753.A.2A6.html download to ptt/Gossiping/21710_14.txt, time: 5.350000
/bbs/Gossiping/M.1496073760.A.DEB.html download to ptt/Gossiping/21710_15.txt, time: 5.620000
/bbs/Gossiping/M.1496073797.A.96D.html download to ptt/Gossiping/21710_16.txt, time: 5.360000
/bbs/Gossiping/M.1496073854.A.F59.html download to ptt/Gossiping/21710_17.txt, time: 5.070000
/bbs/Gossiping/M.1496073854.A.E2A.html download to ptt/Gossiping/21710_18.txt, time: 5.230000
/bbs/Gossiping/M.1496073859.A.098.html download to ptt/Gossiping/21710_19.txt, time: 5.970000
page 21709
/bbs/Gossiping/M.1496073158.A.26A.html download to ptt/Gossiping/21709_0.txt, time: 4.670000
/bbs/Gossiping/M.1496073201.A.93A.html download to ptt/Gossiping/21709_1.txt, time: 5.160000
/bbs/Gossiping/M.1496073204.A.863.html download to ptt/Gossiping/21709_2.txt, time: 4.040000
/bbs/Gossiping/M.1496073220.A.0C0.html download to ptt/Gossiping/21709_3.txt, time: 5.950000
/bbs/Gossiping/M.1496073246.A.6C5.html download to ptt/Gossiping/21709_4.txt, time: 5.600000
/bbs/Gossiping/M.1496073248.A.EA1.html download to ptt/Gossiping/21709_5.txt, time: 4.590000
/bbs/Gossiping/M.1496073288.A.0F3.html download to ptt/Gossiping/21709_6.txt, time: 5.500000
/bbs/Gossiping/M.1496073311.A.F20.html download to ptt/Gossiping/21709_7.txt, time: 6.410000
/bbs/Gossiping/M.1496073316.A.428.html download to ptt/Gossiping/21709_8.txt, time: 4.180000
/bbs/Gossiping/M.1496073320.A.9D8.html download to ptt/Gossiping/21709_9.txt, time: 5.680000
/bbs/Gossiping/M.1496073328.A.3C9.html download to ptt/Gossiping/21709_10.txt, time: 4.110000
/bbs/Gossiping/M.1496073337.A.FE8.html download to ptt/Gossiping/21709_11.txt, time: 4.470000
/bbs/Gossiping/M.1496073367.A.F65.html download to ptt/Gossiping/21709_12.txt, time: 5.100000
/bbs/Gossiping/M.1496073370.A.D1D.html download to ptt/Gossiping/21709_13.txt, time: 3.530000
/bbs/Gossiping/M.1496073390.A.DF4.html download to ptt/Gossiping/21709_14.txt, time: 4.090000
/bbs/Gossiping/M.1496073412.A.20E.html download to ptt/Gossiping/21709_15.txt, time: 5.610000
/bbs/Gossiping/M.1496073425.A.859.html download to ptt/Gossiping/21709_16.txt, time: 5.270000
/bbs/Gossiping/M.1496073429.A.460.html download to ptt/Gossiping/21709_17.txt, time: 5.120000
/bbs/Gossiping/M.1496073436.A.414.html download to ptt/Gossiping/21709_18.txt, time: 4.360000
/bbs/Gossiping/M.1496073463.A.1DD.html download to ptt/Gossiping/21709_19.txt, time: 4.320000
page 21708
Traceback (most recent call last):
  File "/home/studentyl/anaconda3/lib/python3.6/site-packages/requests/packages/urllib3/connectionpool.py", line 600, in urlopen
    chunked=chunked)
  File "/home/studentyl/anaconda3/lib/python3.6/site-packages/requests/packages/urllib3/connectionpool.py", line 386, in _make_request
    six.raise_from(e, None)
  File "<string>", line 2, in raise_from
  File "/home/studentyl/anaconda3/lib/python3.6/site-packages/requests/packages/urllib3/connectionpool.py", line 382, in _make_request
    httplib_response = conn.getresponse()
  File "/home/studentyl/anaconda3/lib/python3.6/http/client.py", line 1331, in getresponse
    response.begin()
  File "/home/studentyl/anaconda3/lib/python3.6/http/client.py", line 297, in begin
    version, status, reason = self._read_status()
  File "/home/studentyl/anaconda3/lib/python3.6/http/client.py", line 266, in _read_status
    raise RemoteDisconnected("Remote end closed connection without"
http.client.RemoteDisconnected: Remote end closed connection without response

During handling of the above exception, another exception occurred:

Traceback (most recent call last):
  File "/home/studentyl/anaconda3/lib/python3.6/site-packages/requests/adapters.py", line 438, in send
    timeout=timeout
  File "/home/studentyl/anaconda3/lib/python3.6/site-packages/requests/packages/urllib3/connectionpool.py", line 649, in urlopen
    _stacktrace=sys.exc_info()[2])
  File "/home/studentyl/anaconda3/lib/python3.6/site-packages/requests/packages/urllib3/util/retry.py", line 357, in increment
    raise six.reraise(type(error), error, _stacktrace)
  File "/home/studentyl/anaconda3/lib/python3.6/site-packages/requests/packages/urllib3/packages/six.py", line 685, in reraise
    raise value.with_traceback(tb)
  File "/home/studentyl/anaconda3/lib/python3.6/site-packages/requests/packages/urllib3/connectionpool.py", line 600, in urlopen
    chunked=chunked)
  File "/home/studentyl/anaconda3/lib/python3.6/site-packages/requests/packages/urllib3/connectionpool.py", line 386, in _make_request
    six.raise_from(e, None)
  File "<string>", line 2, in raise_from
  File "/home/studentyl/anaconda3/lib/python3.6/site-packages/requests/packages/urllib3/connectionpool.py", line 382, in _make_request
    httplib_response = conn.getresponse()
  File "/home/studentyl/anaconda3/lib/python3.6/http/client.py", line 1331, in getresponse
    response.begin()
  File "/home/studentyl/anaconda3/lib/python3.6/http/client.py", line 297, in begin
    version, status, reason = self._read_status()
  File "/home/studentyl/anaconda3/lib/python3.6/http/client.py", line 266, in _read_status
    raise RemoteDisconnected("Remote end closed connection without"
requests.packages.urllib3.exceptions.ProtocolError: ('Connection aborted.', RemoteDisconnected('Remote end closed connection without response',))

During handling of the above exception, another exception occurred:

Traceback (most recent call last):
  File "./crawler.py", line 177, in <module>
    main(sys.argv[1:])
  File "./crawler.py", line 158, in main
    downloadForum(forumName, startPage, pages)
  File "./crawler.py", line 124, in downloadForum
    pageText = getPageText(prevPage)
  File "./crawler.py", line 13, in getPageText
    pageText=requests.get(link, cookies={'over18':'1'}).text
  File "/home/studentyl/anaconda3/lib/python3.6/site-packages/requests/api.py", line 72, in get
    return request('get', url, params=params, **kwargs)
  File "/home/studentyl/anaconda3/lib/python3.6/site-packages/requests/api.py", line 58, in request
    return session.request(method=method, url=url, **kwargs)
  File "/home/studentyl/anaconda3/lib/python3.6/site-packages/requests/sessions.py", line 518, in request
    resp = self.send(prep, **send_kwargs)
  File "/home/studentyl/anaconda3/lib/python3.6/site-packages/requests/sessions.py", line 639, in send
    r = adapter.send(request, **kwargs)
  File "/home/studentyl/anaconda3/lib/python3.6/site-packages/requests/adapters.py", line 488, in send
    raise ConnectionError(err, request=request)
requests.exceptions.ConnectionError: ('Connection aborted.', RemoteDisconnected('Remote end closed connection without response',))
