page 21720
/bbs/Gossiping/M.1496077907.A.BC4.html download to ptt/Gossiping/21720_0.txt, time: 6.410000
/bbs/Gossiping/M.1496077944.A.446.html download to ptt/Gossiping/21720_1.txt, time: 5.190000
/bbs/Gossiping/M.1496077966.A.D65.html download to ptt/Gossiping/21720_2.txt, time: 4.720000
/bbs/Gossiping/M.1496078029.A.B12.html download to ptt/Gossiping/21720_3.txt, time: 5.800000
/bbs/Gossiping/M.1496078160.A.BEB.html download to ptt/Gossiping/21720_4.txt, time: 8.130000
/bbs/Gossiping/M.1496078175.A.B17.html download to ptt/Gossiping/21720_5.txt, time: 5.000000
/bbs/Gossiping/M.1496078177.A.6C9.html download to ptt/Gossiping/21720_6.txt, time: 4.500000
/bbs/Gossiping/M.1496078191.A.FC9.html download to ptt/Gossiping/21720_7.txt, time: 6.150000
/bbs/Gossiping/M.1496078238.A.AF6.html download to ptt/Gossiping/21720_8.txt, time: 5.050000
/bbs/Gossiping/M.1496078247.A.EF5.html download to ptt/Gossiping/21720_9.txt, time: 3.810000
/bbs/Gossiping/M.1496078252.A.13D.html download to ptt/Gossiping/21720_10.txt, time: 7.570000
/bbs/Gossiping/M.1496078266.A.68C.html download to ptt/Gossiping/21720_11.txt, time: 5.070000
/bbs/Gossiping/M.1496078379.A.C0B.html download to ptt/Gossiping/21720_12.txt, time: 3.040000
/bbs/Gossiping/M.1496078386.A.330.html download to ptt/Gossiping/21720_13.txt, time: 4.680000
/bbs/Gossiping/M.1496078474.A.E54.html download to ptt/Gossiping/21720_14.txt, time: 3.610000
/bbs/Gossiping/M.1496078591.A.FA9.html download to ptt/Gossiping/21720_15.txt, time: 4.550000
/bbs/Gossiping/M.1496078613.A.3FC.html download to ptt/Gossiping/21720_16.txt, time: 3.800000
/bbs/Gossiping/M.1496078658.A.A83.html download to ptt/Gossiping/21720_17.txt, time: 4.380000
/bbs/Gossiping/M.1496078689.A.E8F.html download to ptt/Gossiping/21720_18.txt, time: 3.930000
/bbs/Gossiping/M.1496078753.A.301.html download to ptt/Gossiping/21720_19.txt, time: 5.170000
page 21719
/bbs/Gossiping/M.1496077462.A.7AF.html download to ptt/Gossiping/21719_0.txt, time: 3.900000
/bbs/Gossiping/M.1496077531.A.240.html download to ptt/Gossiping/21719_1.txt, time: 4.260000
/bbs/Gossiping/M.1496077540.A.697.html download to ptt/Gossiping/21719_2.txt, time: 5.700000
/bbs/Gossiping/M.1496077545.A.5E2.html download to ptt/Gossiping/21719_3.txt, time: 6.270000
/bbs/Gossiping/M.1496077554.A.B58.html download to ptt/Gossiping/21719_4.txt, time: 4.440000
/bbs/Gossiping/M.1496077601.A.3AF.html download to ptt/Gossiping/21719_5.txt, time: 4.490000
/bbs/Gossiping/M.1496077607.A.FF7.html download to ptt/Gossiping/21719_6.txt, time: 5.070000
/bbs/Gossiping/M.1496077616.A.AA0.html download to ptt/Gossiping/21719_7.txt, time: 5.430000
/bbs/Gossiping/M.1496077623.A.00D.html download to ptt/Gossiping/21719_8.txt, time: 6.360000
/bbs/Gossiping/M.1496077637.A.2F7.html download to ptt/Gossiping/21719_9.txt, time: 5.000000
/bbs/Gossiping/M.1496077670.A.8D1.html download to ptt/Gossiping/21719_10.txt, time: 4.880000
/bbs/Gossiping/M.1496077679.A.9BA.html download to ptt/Gossiping/21719_11.txt, time: 3.720000
/bbs/Gossiping/M.1496077743.A.D76.html download to ptt/Gossiping/21719_12.txt, time: 4.450000
/bbs/Gossiping/M.1496077767.A.7BF.html download to ptt/Gossiping/21719_13.txt, time: 6.310000
/bbs/Gossiping/M.1496077792.A.282.html download to ptt/Gossiping/21719_14.txt, time: 5.560000
/bbs/Gossiping/M.1496077820.A.613.html download to ptt/Gossiping/21719_15.txt, time: 4.140000
/bbs/Gossiping/M.1496077829.A.3B1.html download to ptt/Gossiping/21719_16.txt, time: 4.940000
/bbs/Gossiping/M.1496077856.A.4B9.html download to ptt/Gossiping/21719_17.txt, time: 6.190000
/bbs/Gossiping/M.1496077886.A.EC5.html download to ptt/Gossiping/21719_18.txt, time: 4.700000
/bbs/Gossiping/M.1496077895.A.E62.html download to ptt/Gossiping/21719_19.txt, time: 5.200000
page 21718
/bbs/Gossiping/M.1496076989.A.4F2.html download to ptt/Gossiping/21718_0.txt, time: 5.200000
/bbs/Gossiping/M.1496076995.A.0F0.html download to ptt/Gossiping/21718_1.txt, time: 7.590000
/bbs/Gossiping/M.1496076998.A.4FF.html download to ptt/Gossiping/21718_2.txt, time: 9.080000
/bbs/Gossiping/M.1496077025.A.9F5.html download to ptt/Gossiping/21718_3.txt, time: 4.920000
/bbs/Gossiping/M.1496077058.A.589.html download to ptt/Gossiping/21718_4.txt, time: 8.830000
/bbs/Gossiping/M.1496077069.A.A3E.html download to ptt/Gossiping/21718_5.txt, time: 11.270000
/bbs/Gossiping/M.1496077074.A.F65.html download to ptt/Gossiping/21718_6.txt, time: 12.290000
/bbs/Gossiping/M.1496077075.A.793.html download to ptt/Gossiping/21718_7.txt, time: 5.310000
/bbs/Gossiping/M.1496077076.A.DF0.html download to ptt/Gossiping/21718_8.txt, time: 3.940000
/bbs/Gossiping/M.1496077120.A.CA9.html download to ptt/Gossiping/21718_9.txt, time: 4.020000
/bbs/Gossiping/M.1496077130.A.3AA.html download to ptt/Gossiping/21718_10.txt, time: 7.580000
/bbs/Gossiping/M.1496077160.A.E44.html download to ptt/Gossiping/21718_11.txt, time: 10.050000
/bbs/Gossiping/M.1496077174.A.38A.html download to ptt/Gossiping/21718_12.txt, time: 5.020000
/bbs/Gossiping/M.1496077197.A.4D3.html download to ptt/Gossiping/21718_13.txt, time: 4.160000
/bbs/Gossiping/M.1496077220.A.4EE.html download to ptt/Gossiping/21718_14.txt, time: 4.980000
/bbs/Gossiping/M.1496077222.A.DC6.html download to ptt/Gossiping/21718_15.txt, time: 4.410000
/bbs/Gossiping/M.1496077229.A.E4C.html download to ptt/Gossiping/21718_16.txt, time: 4.620000
/bbs/Gossiping/M.1496077351.A.6AE.html download to ptt/Gossiping/21718_17.txt, time: 3.320000
/bbs/Gossiping/M.1496077368.A.4D6.html download to ptt/Gossiping/21718_18.txt, time: 3.630000
/bbs/Gossiping/M.1496077428.A.C6D.html download to ptt/Gossiping/21718_19.txt, time: 3.630000
page 21717
/bbs/Gossiping/M.1496076350.A.429.html download to ptt/Gossiping/21717_0.txt, time: 3.610000
/bbs/Gossiping/M.1496076380.A.621.html download to ptt/Gossiping/21717_1.txt, time: 4.460000
/bbs/Gossiping/M.1496076382.A.885.html download to ptt/Gossiping/21717_2.txt, time: 3.990000
/bbs/Gossiping/M.1496076389.A.089.html download to ptt/Gossiping/21717_3.txt, time: 5.640000
/bbs/Gossiping/M.1496076453.A.1A8.html download to ptt/Gossiping/21717_4.txt, time: 3.820000
/bbs/Gossiping/M.1496076462.A.4B0.html download to ptt/Gossiping/21717_5.txt, time: 3.670000
/bbs/Gossiping/M.1496076474.A.5B0.html download to ptt/Gossiping/21717_6.txt, time: 4.610000
/bbs/Gossiping/M.1496076571.A.57B.html download to ptt/Gossiping/21717_7.txt, time: 4.110000
/bbs/Gossiping/M.1496076591.A.4E5.html download to ptt/Gossiping/21717_8.txt, time: 5.290000
/bbs/Gossiping/M.1496076628.A.BB1.html download to ptt/Gossiping/21717_9.txt, time: 6.390000
/bbs/Gossiping/M.1496076654.A.7F4.html download to ptt/Gossiping/21717_10.txt, time: 3.660000
/bbs/Gossiping/M.1496076677.A.6C1.html download to ptt/Gossiping/21717_11.txt, time: 5.020000
/bbs/Gossiping/M.1496076748.A.82B.html download to ptt/Gossiping/21717_12.txt, time: 3.740000
/bbs/Gossiping/M.1496076752.A.F05.html download to ptt/Gossiping/21717_13.txt, time: 4.060000
/bbs/Gossiping/M.1496076758.A.0FC.html download to ptt/Gossiping/21717_14.txt, time: 4.480000
/bbs/Gossiping/M.1496076766.A.C79.html download to ptt/Gossiping/21717_15.txt, time: 3.880000
/bbs/Gossiping/M.1496076782.A.456.html download to ptt/Gossiping/21717_16.txt, time: 7.250000
/bbs/Gossiping/M.1496076817.A.756.html download to ptt/Gossiping/21717_17.txt, time: 4.840000
/bbs/Gossiping/M.1496076851.A.DAA.html download to ptt/Gossiping/21717_18.txt, time: 5.430000
/bbs/Gossiping/M.1496076933.A.C06.html download to ptt/Gossiping/21717_19.txt, time: 5.100000
page 21716
/bbs/Gossiping/M.1496075870.A.C99.html download to ptt/Gossiping/21716_0.txt, time: 5.020000
/bbs/Gossiping/M.1496075886.A.885.html download to ptt/Gossiping/21716_1.txt, time: 2.730000
/bbs/Gossiping/M.1496075886.A.5AF.html download to ptt/Gossiping/21716_2.txt, time: 3.340000
/bbs/Gossiping/M.1496075890.A.34D.html download to ptt/Gossiping/21716_3.txt, time: 5.750000
/bbs/Gossiping/M.1496075926.A.FA8.html download to ptt/Gossiping/21716_4.txt, time: 4.330000
/bbs/Gossiping/M.1496075937.A.AC5.html download to ptt/Gossiping/21716_5.txt, time: 3.980000
/bbs/Gossiping/M.1496075969.A.3BF.html download to ptt/Gossiping/21716_6.txt, time: 3.240000
/bbs/Gossiping/M.1496075987.A.D16.html download to ptt/Gossiping/21716_7.txt, time: 3.570000
/bbs/Gossiping/M.1496075990.A.CF3.html download to ptt/Gossiping/21716_8.txt, time: 4.150000
/bbs/Gossiping/M.1496076012.A.17D.html download to ptt/Gossiping/21716_9.txt, time: 4.510000
/bbs/Gossiping/M.1496076016.A.A5A.html download to ptt/Gossiping/21716_10.txt, time: 3.240000
/bbs/Gossiping/M.1496076039.A.18F.html download to ptt/Gossiping/21716_11.txt, time: 4.350000
/bbs/Gossiping/M.1496076088.A.B67.html download to ptt/Gossiping/21716_12.txt, time: 3.690000
/bbs/Gossiping/M.1496076117.A.19D.html download to ptt/Gossiping/21716_13.txt, time: 3.550000
/bbs/Gossiping/M.1496076185.A.8A0.html download to ptt/Gossiping/21716_14.txt, time: 3.360000
/bbs/Gossiping/M.1496076187.A.22F.html download to ptt/Gossiping/21716_15.txt, time: 3.320000
/bbs/Gossiping/M.1496076266.A.0B1.html download to ptt/Gossiping/21716_16.txt, time: 4.190000
/bbs/Gossiping/M.1496076277.A.262.html download to ptt/Gossiping/21716_17.txt, time: 5.840000
/bbs/Gossiping/M.1496076289.A.8EC.html download to ptt/Gossiping/21716_18.txt, time: 3.180000
/bbs/Gossiping/M.1496076342.A.974.html download to ptt/Gossiping/21716_19.txt, time: 3.050000
time: 550.6289074420929 seconds
