page 21730
/bbs/Gossiping/M.1496091101.A.44A.html download to ptt/Gossiping/21730_0.txt, time: 4.010000
/bbs/Gossiping/M.1496091163.A.910.html download to ptt/Gossiping/21730_1.txt, time: 4.840000
/bbs/Gossiping/M.1496091164.A.381.html download to ptt/Gossiping/21730_2.txt, time: 4.250000
/bbs/Gossiping/M.1496091402.A.CDE.html download to ptt/Gossiping/21730_3.txt, time: 4.760000
/bbs/Gossiping/M.1496091420.A.C3D.html download to ptt/Gossiping/21730_4.txt, time: 3.850000
/bbs/Gossiping/M.1496091623.A.23A.html download to ptt/Gossiping/21730_5.txt, time: 8.750000
/bbs/Gossiping/M.1496092005.A.022.html download to ptt/Gossiping/21730_6.txt, time: 6.450000
/bbs/Gossiping/M.1496092200.A.83D.html download to ptt/Gossiping/21730_7.txt, time: 5.480000
/bbs/Gossiping/M.1496092201.A.65A.html download to ptt/Gossiping/21730_8.txt, time: 5.480000
/bbs/Gossiping/M.1496092290.A.584.html download to ptt/Gossiping/21730_9.txt, time: 5.000000
/bbs/Gossiping/M.1496092547.A.353.html download to ptt/Gossiping/21730_10.txt, time: 4.150000
/bbs/Gossiping/M.1496092617.A.603.html download to ptt/Gossiping/21730_11.txt, time: 6.600000
/bbs/Gossiping/M.1496092691.A.F3A.html download to ptt/Gossiping/21730_12.txt, time: 5.610000
/bbs/Gossiping/M.1496092825.A.520.html download to ptt/Gossiping/21730_13.txt, time: 4.820000
/bbs/Gossiping/M.1496092964.A.42A.html download to ptt/Gossiping/21730_14.txt, time: 6.350000
/bbs/Gossiping/M.1496092991.A.821.html download to ptt/Gossiping/21730_15.txt, time: 4.080000
/bbs/Gossiping/M.1496092995.A.193.html download to ptt/Gossiping/21730_16.txt, time: 3.240000
/bbs/Gossiping/M.1496093285.A.79F.html download to ptt/Gossiping/21730_17.txt, time: 3.830000
/bbs/Gossiping/M.1496093402.A.064.html download to ptt/Gossiping/21730_18.txt, time: 6.040000
/bbs/Gossiping/M.1496093535.A.3E9.html download to ptt/Gossiping/21730_19.txt, time: 5.400000
page 21729
/bbs/Gossiping/M.1496088441.A.F8E.html download to ptt/Gossiping/21729_0.txt, time: 3.580000
/bbs/Gossiping/M.1496088527.A.A0D.html download to ptt/Gossiping/21729_1.txt, time: 4.810000
/bbs/Gossiping/M.1496088647.A.236.html download to ptt/Gossiping/21729_2.txt, time: 5.790000
/bbs/Gossiping/M.1496088683.A.640.html download to ptt/Gossiping/21729_3.txt, time: 6.240000
empty download to ptt/Gossiping/21729_4.txt, time: 0.000000
/bbs/Gossiping/M.1496089169.A.73E.html download to ptt/Gossiping/21729_5.txt, time: 4.360000
/bbs/Gossiping/M.1496089368.A.B6A.html download to ptt/Gossiping/21729_6.txt, time: 4.250000
/bbs/Gossiping/M.1496089378.A.02D.html download to ptt/Gossiping/21729_7.txt, time: 4.460000
/bbs/Gossiping/M.1496089433.A.12D.html download to ptt/Gossiping/21729_8.txt, time: 4.840000
/bbs/Gossiping/M.1496089647.A.63C.html download to ptt/Gossiping/21729_9.txt, time: 5.070000
/bbs/Gossiping/M.1496089720.A.774.html download to ptt/Gossiping/21729_10.txt, time: 3.790000
/bbs/Gossiping/M.1496089781.A.B3E.html download to ptt/Gossiping/21729_11.txt, time: 4.860000
/bbs/Gossiping/M.1496089800.A.A2C.html download to ptt/Gossiping/21729_12.txt, time: 4.670000
/bbs/Gossiping/M.1496089856.A.63B.html download to ptt/Gossiping/21729_13.txt, time: 5.130000
/bbs/Gossiping/M.1496089868.A.D6D.html download to ptt/Gossiping/21729_14.txt, time: 5.120000
/bbs/Gossiping/M.1496090717.A.B3C.html download to ptt/Gossiping/21729_15.txt, time: 5.020000
/bbs/Gossiping/M.1496090870.A.04F.html download to ptt/Gossiping/21729_16.txt, time: 5.430000
/bbs/Gossiping/M.1496090958.A.A92.html download to ptt/Gossiping/21729_17.txt, time: 4.270000
/bbs/Gossiping/M.1496091012.A.007.html download to ptt/Gossiping/21729_18.txt, time: 4.740000
/bbs/Gossiping/M.1496091041.A.AC7.html download to ptt/Gossiping/21729_19.txt, time: 5.200000
page 21728
/bbs/Gossiping/M.1496086847.A.894.html download to ptt/Gossiping/21728_0.txt, time: 5.940000
/bbs/Gossiping/M.1496086858.A.F24.html download to ptt/Gossiping/21728_1.txt, time: 4.070000
/bbs/Gossiping/M.1496086934.A.0EF.html download to ptt/Gossiping/21728_2.txt, time: 3.960000
/bbs/Gossiping/M.1496086995.A.37D.html download to ptt/Gossiping/21728_3.txt, time: 5.990000
/bbs/Gossiping/M.1496087075.A.699.html download to ptt/Gossiping/21728_4.txt, time: 5.830000
/bbs/Gossiping/M.1496087211.A.E1A.html download to ptt/Gossiping/21728_5.txt, time: 7.970000
/bbs/Gossiping/M.1496087282.A.D67.html download to ptt/Gossiping/21728_6.txt, time: 5.690000
/bbs/Gossiping/M.1496087294.A.C50.html download to ptt/Gossiping/21728_7.txt, time: 4.500000
/bbs/Gossiping/M.1496087683.A.F47.html download to ptt/Gossiping/21728_8.txt, time: 4.430000
/bbs/Gossiping/M.1496087772.A.91D.html download to ptt/Gossiping/21728_9.txt, time: 6.330000
/bbs/Gossiping/M.1496087782.A.AB1.html download to ptt/Gossiping/21728_10.txt, time: 6.100000
/bbs/Gossiping/M.1496087799.A.8C9.html download to ptt/Gossiping/21728_11.txt, time: 10.470000
/bbs/Gossiping/M.1496087819.A.91B.html download to ptt/Gossiping/21728_12.txt, time: 3.900000
/bbs/Gossiping/M.1496087830.A.5B5.html download to ptt/Gossiping/21728_13.txt, time: 4.090000
/bbs/Gossiping/M.1496087836.A.0D6.html download to ptt/Gossiping/21728_14.txt, time: 5.900000
/bbs/Gossiping/M.1496088023.A.FCE.html download to ptt/Gossiping/21728_15.txt, time: 4.930000
/bbs/Gossiping/M.1496088168.A.692.html download to ptt/Gossiping/21728_16.txt, time: 3.730000
/bbs/Gossiping/M.1496088169.A.7A4.html download to ptt/Gossiping/21728_17.txt, time: 12.050000
/bbs/Gossiping/M.1496088184.A.12A.html download to ptt/Gossiping/21728_18.txt, time: 12.470000
/bbs/Gossiping/M.1496088327.A.B38.html download to ptt/Gossiping/21728_19.txt, time: 5.050000
page 21727
/bbs/Gossiping/M.1496085132.A.43B.html download to ptt/Gossiping/21727_0.txt, time: 3.790000
/bbs/Gossiping/M.1496085232.A.C7D.html download to ptt/Gossiping/21727_1.txt, time: 5.370000
/bbs/Gossiping/M.1496085351.A.15E.html download to ptt/Gossiping/21727_2.txt, time: 3.690000
/bbs/Gossiping/M.1496085380.A.EC1.html download to ptt/Gossiping/21727_3.txt, time: 4.970000
/bbs/Gossiping/M.1496085427.A.81A.html download to ptt/Gossiping/21727_4.txt, time: 5.740000
/bbs/Gossiping/M.1496085575.A.E4E.html download to ptt/Gossiping/21727_5.txt, time: 4.520000
/bbs/Gossiping/M.1496085713.A.702.html download to ptt/Gossiping/21727_6.txt, time: 3.560000
/bbs/Gossiping/M.1496085921.A.B81.html download to ptt/Gossiping/21727_7.txt, time: 3.350000
/bbs/Gossiping/M.1496085928.A.242.html download to ptt/Gossiping/21727_8.txt, time: 3.180000
/bbs/Gossiping/M.1496085944.A.6E1.html download to ptt/Gossiping/21727_9.txt, time: 5.350000
/bbs/Gossiping/M.1496086059.A.441.html download to ptt/Gossiping/21727_10.txt, time: 3.460000
/bbs/Gossiping/M.1496086076.A.C1E.html download to ptt/Gossiping/21727_11.txt, time: 3.790000
/bbs/Gossiping/M.1496086118.A.564.html download to ptt/Gossiping/21727_12.txt, time: 3.510000
/bbs/Gossiping/M.1496086165.A.45D.html download to ptt/Gossiping/21727_13.txt, time: 3.530000
/bbs/Gossiping/M.1496086279.A.565.html download to ptt/Gossiping/21727_14.txt, time: 3.460000
/bbs/Gossiping/M.1496086433.A.EC2.html download to ptt/Gossiping/21727_15.txt, time: 3.620000
/bbs/Gossiping/M.1496086522.A.9A5.html download to ptt/Gossiping/21727_16.txt, time: 2.640000
/bbs/Gossiping/M.1496086704.A.B5C.html download to ptt/Gossiping/21727_17.txt, time: 5.970000
/bbs/Gossiping/M.1496086709.A.6EE.html download to ptt/Gossiping/21727_18.txt, time: 3.960000
/bbs/Gossiping/M.1496086752.A.E3C.html download to ptt/Gossiping/21727_19.txt, time: 9.530000
page 21726
/bbs/Gossiping/M.1496084124.A.FAE.html download to ptt/Gossiping/21726_0.txt, time: 4.700000
/bbs/Gossiping/M.1496084170.A.4E8.html download to ptt/Gossiping/21726_1.txt, time: 2.870000
/bbs/Gossiping/M.1496084183.A.B68.html download to ptt/Gossiping/21726_2.txt, time: 3.630000
/bbs/Gossiping/M.1496084216.A.8D6.html download to ptt/Gossiping/21726_3.txt, time: 4.210000
/bbs/Gossiping/M.1496084224.A.01C.html download to ptt/Gossiping/21726_4.txt, time: 3.070000
/bbs/Gossiping/M.1496084447.A.850.html download to ptt/Gossiping/21726_5.txt, time: 2.840000
/bbs/Gossiping/M.1496084535.A.A55.html download to ptt/Gossiping/21726_6.txt, time: 3.790000
/bbs/Gossiping/M.1496084630.A.C1F.html download to ptt/Gossiping/21726_7.txt, time: 3.280000
/bbs/Gossiping/M.1496084665.A.0FF.html download to ptt/Gossiping/21726_8.txt, time: 3.530000
/bbs/Gossiping/M.1496084678.A.026.html download to ptt/Gossiping/21726_9.txt, time: 4.270000
/bbs/Gossiping/M.1496084710.A.C08.html download to ptt/Gossiping/21726_10.txt, time: 2.420000
/bbs/Gossiping/M.1496084865.A.D16.html download to ptt/Gossiping/21726_11.txt, time: 5.170000
/bbs/Gossiping/M.1496084893.A.8E5.html download to ptt/Gossiping/21726_12.txt, time: 3.360000
/bbs/Gossiping/M.1496084918.A.6E0.html download to ptt/Gossiping/21726_13.txt, time: 3.070000
/bbs/Gossiping/M.1496084920.A.A77.html download to ptt/Gossiping/21726_14.txt, time: 4.880000
/bbs/Gossiping/M.1496085045.A.C6C.html download to ptt/Gossiping/21726_15.txt, time: 3.820000
/bbs/Gossiping/M.1496085048.A.6AA.html download to ptt/Gossiping/21726_16.txt, time: 3.860000
/bbs/Gossiping/M.1496085056.A.6A7.html download to ptt/Gossiping/21726_17.txt, time: 2.960000
/bbs/Gossiping/M.1496085059.A.925.html download to ptt/Gossiping/21726_18.txt, time: 2.790000
/bbs/Gossiping/M.1496085084.A.B89.html download to ptt/Gossiping/21726_19.txt, time: 3.130000
time: 535.3586347103119 seconds
