page 21740
/bbs/Gossiping/M.1496108298.A.036.html download to ptt/Gossiping/21740_0.txt, time: 5.530000
/bbs/Gossiping/M.1496108335.A.055.html download to ptt/Gossiping/21740_1.txt, time: 4.990000
/bbs/Gossiping/M.1496108338.A.0F0.html download to ptt/Gossiping/21740_2.txt, time: 7.040000
/bbs/Gossiping/M.1496108350.A.91D.html download to ptt/Gossiping/21740_3.txt, time: 3.750000
/bbs/Gossiping/M.1496108366.A.E55.html download to ptt/Gossiping/21740_4.txt, time: 4.150000
/bbs/Gossiping/M.1496108370.A.080.html download to ptt/Gossiping/21740_5.txt, time: 4.820000
/bbs/Gossiping/M.1496108382.A.07B.html download to ptt/Gossiping/21740_6.txt, time: 8.730000
/bbs/Gossiping/M.1496108384.A.372.html download to ptt/Gossiping/21740_7.txt, time: 6.090000
/bbs/Gossiping/M.1496108386.A.2F6.html download to ptt/Gossiping/21740_8.txt, time: 3.140000
/bbs/Gossiping/M.1496108424.A.9A8.html download to ptt/Gossiping/21740_9.txt, time: 5.090000
/bbs/Gossiping/M.1496108484.A.61C.html download to ptt/Gossiping/21740_10.txt, time: 4.640000
/bbs/Gossiping/M.1496108487.A.299.html download to ptt/Gossiping/21740_11.txt, time: 4.290000
/bbs/Gossiping/M.1496108500.A.065.html download to ptt/Gossiping/21740_12.txt, time: 5.270000
/bbs/Gossiping/M.1496108524.A.BEE.html download to ptt/Gossiping/21740_13.txt, time: 9.830000
/bbs/Gossiping/M.1496108535.A.12D.html download to ptt/Gossiping/21740_14.txt, time: 4.380000
/bbs/Gossiping/M.1496108540.A.AB4.html download to ptt/Gossiping/21740_15.txt, time: 4.310000
/bbs/Gossiping/M.1496108544.A.B43.html download to ptt/Gossiping/21740_16.txt, time: 4.910000
/bbs/Gossiping/M.1496108589.A.28C.html download to ptt/Gossiping/21740_17.txt, time: 4.840000
/bbs/Gossiping/M.1496108669.A.49B.html download to ptt/Gossiping/21740_18.txt, time: 4.700000
/bbs/Gossiping/M.1496108694.A.C3B.html download to ptt/Gossiping/21740_19.txt, time: 3.980000
page 21739
/bbs/Gossiping/M.1496107356.A.C95.html download to ptt/Gossiping/21739_0.txt, time: 5.710000
/bbs/Gossiping/M.1496107369.A.E24.html download to ptt/Gossiping/21739_1.txt, time: 6.220000
/bbs/Gossiping/M.1496107435.A.AFC.html download to ptt/Gossiping/21739_2.txt, time: 5.630000
/bbs/Gossiping/M.1496107441.A.6E1.html download to ptt/Gossiping/21739_3.txt, time: 5.470000
/bbs/Gossiping/M.1496107521.A.C51.html download to ptt/Gossiping/21739_4.txt, time: 5.260000
/bbs/Gossiping/M.1496107537.A.19C.html download to ptt/Gossiping/21739_5.txt, time: 4.160000
/bbs/Gossiping/M.1496107572.A.9F6.html download to ptt/Gossiping/21739_6.txt, time: 6.520000
/bbs/Gossiping/M.1496107587.A.1D5.html download to ptt/Gossiping/21739_7.txt, time: 3.670000
/bbs/Gossiping/M.1496107688.A.353.html download to ptt/Gossiping/21739_8.txt, time: 3.650000
/bbs/Gossiping/M.1496107726.A.442.html download to ptt/Gossiping/21739_9.txt, time: 4.950000
/bbs/Gossiping/M.1496107810.A.79A.html download to ptt/Gossiping/21739_10.txt, time: 6.020000
/bbs/Gossiping/M.1496107816.A.76D.html download to ptt/Gossiping/21739_11.txt, time: 3.510000
/bbs/Gossiping/M.1496107856.A.154.html download to ptt/Gossiping/21739_12.txt, time: 4.920000
/bbs/Gossiping/M.1496107899.A.119.html download to ptt/Gossiping/21739_13.txt, time: 4.430000
/bbs/Gossiping/M.1496107987.A.DBC.html download to ptt/Gossiping/21739_14.txt, time: 5.870000
/bbs/Gossiping/M.1496108022.A.D05.html download to ptt/Gossiping/21739_15.txt, time: 6.180000
/bbs/Gossiping/M.1496108077.A.EB5.html download to ptt/Gossiping/21739_16.txt, time: 4.440000
/bbs/Gossiping/M.1496108194.A.AA5.html download to ptt/Gossiping/21739_17.txt, time: 4.870000
/bbs/Gossiping/M.1496108241.A.75B.html download to ptt/Gossiping/21739_18.txt, time: 3.950000
/bbs/Gossiping/M.1496108298.A.831.html download to ptt/Gossiping/21739_19.txt, time: 4.900000
page 21738
/bbs/Gossiping/M.1496106848.A.F20.html download to ptt/Gossiping/21738_0.txt, time: 5.300000
/bbs/Gossiping/M.1496106858.A.507.html download to ptt/Gossiping/21738_1.txt, time: 8.320000
/bbs/Gossiping/M.1496106880.A.C72.html download to ptt/Gossiping/21738_2.txt, time: 17.920000
/bbs/Gossiping/M.1496106882.A.484.html download to ptt/Gossiping/21738_3.txt, time: 14.320000
/bbs/Gossiping/M.1496106943.A.F1B.html download to ptt/Gossiping/21738_4.txt, time: 15.880000
/bbs/Gossiping/M.1496107002.A.A8B.html download to ptt/Gossiping/21738_5.txt, time: 5.290000
/bbs/Gossiping/M.1496107013.A.C3B.html download to ptt/Gossiping/21738_6.txt, time: 15.650000
/bbs/Gossiping/M.1496107032.A.432.html download to ptt/Gossiping/21738_7.txt, time: 3.410000
/bbs/Gossiping/M.1496107037.A.44F.html download to ptt/Gossiping/21738_8.txt, time: 3.820000
/bbs/Gossiping/M.1496107044.A.E52.html download to ptt/Gossiping/21738_9.txt, time: 8.970000
/bbs/Gossiping/M.1496107082.A.92C.html download to ptt/Gossiping/21738_10.txt, time: 3.960000
/bbs/Gossiping/M.1496107107.A.CD7.html download to ptt/Gossiping/21738_11.txt, time: 5.490000
/bbs/Gossiping/M.1496107129.A.0F6.html download to ptt/Gossiping/21738_12.txt, time: 3.510000
/bbs/Gossiping/M.1496107132.A.E22.html download to ptt/Gossiping/21738_13.txt, time: 4.190000
/bbs/Gossiping/M.1496107153.A.D17.html download to ptt/Gossiping/21738_14.txt, time: 4.180000
/bbs/Gossiping/M.1496107211.A.309.html download to ptt/Gossiping/21738_15.txt, time: 5.450000
/bbs/Gossiping/M.1496107214.A.27F.html download to ptt/Gossiping/21738_16.txt, time: 4.290000
/bbs/Gossiping/M.1496107226.A.792.html download to ptt/Gossiping/21738_17.txt, time: 4.060000
/bbs/Gossiping/M.1496107269.A.CDA.html download to ptt/Gossiping/21738_18.txt, time: 4.270000
/bbs/Gossiping/M.1496107276.A.CF6.html download to ptt/Gossiping/21738_19.txt, time: 3.410000
page 21737
/bbs/Gossiping/M.1496106087.A.8BE.html download to ptt/Gossiping/21737_0.txt, time: 4.220000
/bbs/Gossiping/M.1496106134.A.B71.html download to ptt/Gossiping/21737_1.txt, time: 3.810000
/bbs/Gossiping/M.1496106138.A.2FE.html download to ptt/Gossiping/21737_2.txt, time: 3.080000
/bbs/Gossiping/M.1496106197.A.62D.html download to ptt/Gossiping/21737_3.txt, time: 5.480000
/bbs/Gossiping/M.1496106208.A.738.html download to ptt/Gossiping/21737_4.txt, time: 5.060000
/bbs/Gossiping/M.1496106223.A.331.html download to ptt/Gossiping/21737_5.txt, time: 6.040000
/bbs/Gossiping/M.1496106324.A.3CF.html download to ptt/Gossiping/21737_6.txt, time: 5.200000
/bbs/Gossiping/M.1496106350.A.1FC.html download to ptt/Gossiping/21737_7.txt, time: 3.230000
/bbs/Gossiping/M.1496106450.A.5DC.html download to ptt/Gossiping/21737_8.txt, time: 3.860000
/bbs/Gossiping/M.1496106480.A.DEB.html download to ptt/Gossiping/21737_9.txt, time: 4.870000
/bbs/Gossiping/M.1496106505.A.FF6.html download to ptt/Gossiping/21737_10.txt, time: 4.190000
/bbs/Gossiping/M.1496106533.A.DF3.html download to ptt/Gossiping/21737_11.txt, time: 3.340000
/bbs/Gossiping/M.1496106540.A.3A7.html download to ptt/Gossiping/21737_12.txt, time: 3.090000
/bbs/Gossiping/M.1496106553.A.CD4.html download to ptt/Gossiping/21737_13.txt, time: 3.720000
/bbs/Gossiping/M.1496106555.A.A2E.html download to ptt/Gossiping/21737_14.txt, time: 6.000000
/bbs/Gossiping/M.1496106587.A.E0F.html download to ptt/Gossiping/21737_15.txt, time: 4.660000
/bbs/Gossiping/M.1496106698.A.55C.html download to ptt/Gossiping/21737_16.txt, time: 3.440000
/bbs/Gossiping/M.1496106705.A.20F.html download to ptt/Gossiping/21737_17.txt, time: 4.980000
/bbs/Gossiping/M.1496106814.A.FD0.html download to ptt/Gossiping/21737_18.txt, time: 4.440000
/bbs/Gossiping/M.1496106816.A.25B.html download to ptt/Gossiping/21737_19.txt, time: 4.430000
page 21736
/bbs/Gossiping/M.1496105206.A.5E1.html download to ptt/Gossiping/21736_0.txt, time: 3.710000
/bbs/Gossiping/M.1496105281.A.607.html download to ptt/Gossiping/21736_1.txt, time: 3.300000
/bbs/Gossiping/M.1496105320.A.62D.html download to ptt/Gossiping/21736_2.txt, time: 3.180000
/bbs/Gossiping/M.1496105324.A.A52.html download to ptt/Gossiping/21736_3.txt, time: 4.130000
/bbs/Gossiping/M.1496105333.A.6FF.html download to ptt/Gossiping/21736_4.txt, time: 4.660000
/bbs/Gossiping/M.1496105387.A.77F.html download to ptt/Gossiping/21736_5.txt, time: 2.880000
/bbs/Gossiping/M.1496105470.A.476.html download to ptt/Gossiping/21736_6.txt, time: 4.550000
/bbs/Gossiping/M.1496105490.A.C79.html download to ptt/Gossiping/21736_7.txt, time: 2.930000
/bbs/Gossiping/M.1496105542.A.945.html download to ptt/Gossiping/21736_8.txt, time: 4.020000
/bbs/Gossiping/M.1496105559.A.B1F.html download to ptt/Gossiping/21736_9.txt, time: 4.180000
/bbs/Gossiping/M.1496105567.A.5DD.html download to ptt/Gossiping/21736_10.txt, time: 3.460000
/bbs/Gossiping/M.1496105642.A.193.html download to ptt/Gossiping/21736_11.txt, time: 4.360000
/bbs/Gossiping/M.1496105696.A.6AD.html download to ptt/Gossiping/21736_12.txt, time: 3.130000
/bbs/Gossiping/M.1496105777.A.F17.html download to ptt/Gossiping/21736_13.txt, time: 2.720000
/bbs/Gossiping/M.1496105834.A.930.html download to ptt/Gossiping/21736_14.txt, time: 2.470000
/bbs/Gossiping/M.1496105850.A.B7B.html download to ptt/Gossiping/21736_15.txt, time: 4.780000
/bbs/Gossiping/M.1496105922.A.1EE.html download to ptt/Gossiping/21736_16.txt, time: 5.970000
/bbs/Gossiping/M.1496105945.A.870.html download to ptt/Gossiping/21736_17.txt, time: 3.690000
/bbs/Gossiping/M.1496106029.A.10A.html download to ptt/Gossiping/21736_18.txt, time: 7.260000
/bbs/Gossiping/M.1496106041.A.F4E.html download to ptt/Gossiping/21736_19.txt, time: 1.690000
time: 565.4036755561829 seconds
