page 21760
/bbs/Gossiping/M.1496118447.A.162.html download to ptt/Gossiping/21760_0.txt, time: 5.040000
/bbs/Gossiping/M.1496118449.A.6A8.html download to ptt/Gossiping/21760_1.txt, time: 6.100000
/bbs/Gossiping/M.1496118450.A.94F.html download to ptt/Gossiping/21760_2.txt, time: 4.120000
/bbs/Gossiping/M.1496118471.A.462.html download to ptt/Gossiping/21760_3.txt, time: 7.270000
/bbs/Gossiping/M.1496118478.A.993.html download to ptt/Gossiping/21760_4.txt, time: 4.180000
/bbs/Gossiping/M.1496118499.A.ED5.html download to ptt/Gossiping/21760_5.txt, time: 7.900000
/bbs/Gossiping/M.1496118505.A.6CE.html download to ptt/Gossiping/21760_6.txt, time: 5.440000
/bbs/Gossiping/M.1496118522.A.B4E.html download to ptt/Gossiping/21760_7.txt, time: 4.080000
/bbs/Gossiping/M.1496118569.A.AD8.html download to ptt/Gossiping/21760_8.txt, time: 6.330000
/bbs/Gossiping/M.1496118588.A.491.html download to ptt/Gossiping/21760_9.txt, time: 5.650000
/bbs/Gossiping/M.1496118593.A.9B5.html download to ptt/Gossiping/21760_10.txt, time: 5.990000
/bbs/Gossiping/M.1496118593.A.9CC.html download to ptt/Gossiping/21760_11.txt, time: 7.210000
/bbs/Gossiping/M.1496118617.A.2C3.html download to ptt/Gossiping/21760_12.txt, time: 3.890000
/bbs/Gossiping/M.1496118628.A.6AF.html download to ptt/Gossiping/21760_13.txt, time: 4.440000
/bbs/Gossiping/M.1496118651.A.A9B.html download to ptt/Gossiping/21760_14.txt, time: 4.020000
/bbs/Gossiping/M.1496118686.A.54F.html download to ptt/Gossiping/21760_15.txt, time: 2.570000
/bbs/Gossiping/M.1496118686.A.83D.html download to ptt/Gossiping/21760_16.txt, time: 5.260000
/bbs/Gossiping/M.1496118701.A.D69.html download to ptt/Gossiping/21760_17.txt, time: 3.890000
/bbs/Gossiping/M.1496118726.A.BD7.html download to ptt/Gossiping/21760_18.txt, time: 5.710000
/bbs/Gossiping/M.1496118726.A.367.html download to ptt/Gossiping/21760_19.txt, time: 7.650000
page 21759
/bbs/Gossiping/M.1496118027.A.A12.html download to ptt/Gossiping/21759_0.txt, time: 3.430000
/bbs/Gossiping/M.1496118067.A.839.html download to ptt/Gossiping/21759_1.txt, time: 5.810000
/bbs/Gossiping/M.1496118091.A.10D.html download to ptt/Gossiping/21759_2.txt, time: 5.430000
/bbs/Gossiping/M.1496118098.A.B1D.html download to ptt/Gossiping/21759_3.txt, time: 5.630000
/bbs/Gossiping/M.1496118115.A.02B.html download to ptt/Gossiping/21759_4.txt, time: 4.040000
/bbs/Gossiping/M.1496118178.A.051.html download to ptt/Gossiping/21759_5.txt, time: 4.310000
/bbs/Gossiping/M.1496118196.A.C3C.html download to ptt/Gossiping/21759_6.txt, time: 4.670000
/bbs/Gossiping/M.1496118223.A.D71.html download to ptt/Gossiping/21759_7.txt, time: 4.590000
/bbs/Gossiping/M.1496118271.A.E84.html download to ptt/Gossiping/21759_8.txt, time: 4.280000
/bbs/Gossiping/M.1496118283.A.E88.html download to ptt/Gossiping/21759_9.txt, time: 5.200000
/bbs/Gossiping/M.1496118361.A.A3C.html download to ptt/Gossiping/21759_10.txt, time: 5.430000
/bbs/Gossiping/M.1496118372.A.8B7.html download to ptt/Gossiping/21759_11.txt, time: 3.270000
/bbs/Gossiping/M.1496118383.A.776.html download to ptt/Gossiping/21759_12.txt, time: 3.320000
/bbs/Gossiping/M.1496118405.A.251.html download to ptt/Gossiping/21759_13.txt, time: 3.600000
/bbs/Gossiping/M.1496118424.A.D0C.html download to ptt/Gossiping/21759_14.txt, time: 4.530000
/bbs/Gossiping/M.1496118426.A.B4A.html download to ptt/Gossiping/21759_15.txt, time: 5.730000
/bbs/Gossiping/M.1496118427.A.37E.html download to ptt/Gossiping/21759_16.txt, time: 5.940000
/bbs/Gossiping/M.1496118435.A.889.html download to ptt/Gossiping/21759_17.txt, time: 6.570000
/bbs/Gossiping/M.1496118435.A.2DE.html download to ptt/Gossiping/21759_18.txt, time: 4.370000
/bbs/Gossiping/M.1496118435.A.044.html download to ptt/Gossiping/21759_19.txt, time: 8.350000
page 21758
/bbs/Gossiping/M.1496117555.A.7DD.html download to ptt/Gossiping/21758_0.txt, time: 6.340000
/bbs/Gossiping/M.1496117578.A.D01.html download to ptt/Gossiping/21758_1.txt, time: 5.470000
/bbs/Gossiping/M.1496117581.A.755.html download to ptt/Gossiping/21758_2.txt, time: 4.450000
/bbs/Gossiping/M.1496117644.A.62A.html download to ptt/Gossiping/21758_3.txt, time: 4.530000
/bbs/Gossiping/M.1496117688.A.CB2.html download to ptt/Gossiping/21758_4.txt, time: 4.090000
/bbs/Gossiping/M.1496117727.A.2BD.html download to ptt/Gossiping/21758_5.txt, time: 3.640000
/bbs/Gossiping/M.1496117729.A.E5B.html download to ptt/Gossiping/21758_6.txt, time: 4.470000
/bbs/Gossiping/M.1496117746.A.575.html download to ptt/Gossiping/21758_7.txt, time: 4.580000
/bbs/Gossiping/M.1496117773.A.5E4.html download to ptt/Gossiping/21758_8.txt, time: 7.170000
/bbs/Gossiping/M.1496117809.A.EB3.html download to ptt/Gossiping/21758_9.txt, time: 13.330000
/bbs/Gossiping/M.1496117841.A.014.html download to ptt/Gossiping/21758_10.txt, time: 7.150000
/bbs/Gossiping/M.1496117862.A.68C.html download to ptt/Gossiping/21758_11.txt, time: 4.680000
/bbs/Gossiping/M.1496117928.A.2FD.html download to ptt/Gossiping/21758_12.txt, time: 3.790000
/bbs/Gossiping/M.1496117931.A.760.html download to ptt/Gossiping/21758_13.txt, time: 3.390000
/bbs/Gossiping/M.1496117941.A.E99.html download to ptt/Gossiping/21758_14.txt, time: 5.960000
/bbs/Gossiping/M.1496117969.A.83C.html download to ptt/Gossiping/21758_15.txt, time: 3.850000
/bbs/Gossiping/M.1496117970.A.D53.html download to ptt/Gossiping/21758_16.txt, time: 6.210000
/bbs/Gossiping/M.1496117972.A.2CF.html download to ptt/Gossiping/21758_17.txt, time: 8.640000
/bbs/Gossiping/M.1496117981.A.FA0.html download to ptt/Gossiping/21758_18.txt, time: 4.480000
/bbs/Gossiping/M.1496118026.A.27B.html download to ptt/Gossiping/21758_19.txt, time: 2.650000
page 21757
/bbs/Gossiping/M.1496117106.A.343.html download to ptt/Gossiping/21757_0.txt, time: 3.690000
/bbs/Gossiping/M.1496117136.A.D07.html download to ptt/Gossiping/21757_1.txt, time: 5.190000
/bbs/Gossiping/M.1496117136.A.F44.html download to ptt/Gossiping/21757_2.txt, time: 5.030000
/bbs/Gossiping/M.1496117153.A.7D0.html download to ptt/Gossiping/21757_3.txt, time: 4.480000
/bbs/Gossiping/M.1496117196.A.67F.html download to ptt/Gossiping/21757_4.txt, time: 4.900000
/bbs/Gossiping/M.1496117199.A.633.html download to ptt/Gossiping/21757_5.txt, time: 3.200000
/bbs/Gossiping/M.1496117203.A.5AA.html download to ptt/Gossiping/21757_6.txt, time: 4.380000
/bbs/Gossiping/M.1496117217.A.BB4.html download to ptt/Gossiping/21757_7.txt, time: 5.420000
/bbs/Gossiping/M.1496117258.A.9AC.html download to ptt/Gossiping/21757_8.txt, time: 2.820000
/bbs/Gossiping/M.1496117273.A.F60.html download to ptt/Gossiping/21757_9.txt, time: 2.130000
/bbs/Gossiping/M.1496117293.A.666.html download to ptt/Gossiping/21757_10.txt, time: 7.390000
/bbs/Gossiping/M.1496117318.A.BE5.html download to ptt/Gossiping/21757_11.txt, time: 2.750000
/bbs/Gossiping/M.1496117406.A.159.html download to ptt/Gossiping/21757_12.txt, time: 3.810000
/bbs/Gossiping/M.1496117442.A.1B8.html download to ptt/Gossiping/21757_13.txt, time: 3.300000
/bbs/Gossiping/M.1496117481.A.21F.html download to ptt/Gossiping/21757_14.txt, time: 3.930000
/bbs/Gossiping/M.1496117483.A.419.html download to ptt/Gossiping/21757_15.txt, time: 3.490000
/bbs/Gossiping/M.1496117491.A.C4B.html download to ptt/Gossiping/21757_16.txt, time: 4.940000
/bbs/Gossiping/M.1496117503.A.B9D.html download to ptt/Gossiping/21757_17.txt, time: 5.010000
/bbs/Gossiping/M.1496117547.A.D1A.html download to ptt/Gossiping/21757_18.txt, time: 8.410000
/bbs/Gossiping/M.1496117552.A.70F.html download to ptt/Gossiping/21757_19.txt, time: 4.780000
page 21756
/bbs/Gossiping/M.1496116652.A.FF5.html download to ptt/Gossiping/21756_0.txt, time: 5.320000
/bbs/Gossiping/M.1496116678.A.B01.html download to ptt/Gossiping/21756_1.txt, time: 3.190000
/bbs/Gossiping/M.1496116692.A.7CA.html download to ptt/Gossiping/21756_2.txt, time: 4.280000
/bbs/Gossiping/M.1496116731.A.56D.html download to ptt/Gossiping/21756_3.txt, time: 3.780000
/bbs/Gossiping/M.1496116752.A.61A.html download to ptt/Gossiping/21756_4.txt, time: 4.670000
/bbs/Gossiping/M.1496116753.A.FD2.html download to ptt/Gossiping/21756_5.txt, time: 2.560000
/bbs/Gossiping/M.1496116823.A.0B9.html download to ptt/Gossiping/21756_6.txt, time: 4.090000
/bbs/Gossiping/M.1496116876.A.10E.html download to ptt/Gossiping/21756_7.txt, time: 3.390000
/bbs/Gossiping/M.1496116895.A.552.html download to ptt/Gossiping/21756_8.txt, time: 4.930000
/bbs/Gossiping/M.1496116906.A.071.html download to ptt/Gossiping/21756_9.txt, time: 3.720000
/bbs/Gossiping/M.1496116953.A.0CF.html download to ptt/Gossiping/21756_10.txt, time: 3.430000
/bbs/Gossiping/M.1496116959.A.EC1.html download to ptt/Gossiping/21756_11.txt, time: 2.990000
/bbs/Gossiping/M.1496117000.A.CBF.html download to ptt/Gossiping/21756_12.txt, time: 3.320000
/bbs/Gossiping/M.1496117003.A.797.html download to ptt/Gossiping/21756_13.txt, time: 2.810000
/bbs/Gossiping/M.1496117017.A.D9A.html download to ptt/Gossiping/21756_14.txt, time: 4.260000
/bbs/Gossiping/M.1496117040.A.246.html download to ptt/Gossiping/21756_15.txt, time: 3.050000
/bbs/Gossiping/M.1496117082.A.15B.html download to ptt/Gossiping/21756_16.txt, time: 2.230000
/bbs/Gossiping/M.1496117094.A.86B.html download to ptt/Gossiping/21756_17.txt, time: 2.750000
/bbs/Gossiping/M.1496117097.A.E4F.html download to ptt/Gossiping/21756_18.txt, time: 2.910000
/bbs/Gossiping/M.1496117100.A.CA8.html download to ptt/Gossiping/21756_19.txt, time: 3.740000
time: 545.3595163822174 seconds
