page 21770
/bbs/Gossiping/M.1496122434.A.6C9.html download to ptt/Gossiping/21770_0.txt, time: 5.300000
/bbs/Gossiping/M.1496122438.A.E0F.html download to ptt/Gossiping/21770_1.txt, time: 4.030000
/bbs/Gossiping/M.1496122441.A.36C.html download to ptt/Gossiping/21770_2.txt, time: 5.330000
/bbs/Gossiping/M.1496122465.A.4AC.html download to ptt/Gossiping/21770_3.txt, time: 5.080000
/bbs/Gossiping/M.1496122507.A.2BA.html download to ptt/Gossiping/21770_4.txt, time: 4.750000
/bbs/Gossiping/M.1496122523.A.5D5.html download to ptt/Gossiping/21770_5.txt, time: 4.780000
/bbs/Gossiping/M.1496122555.A.4BA.html download to ptt/Gossiping/21770_6.txt, time: 6.040000
/bbs/Gossiping/M.1496122556.A.35D.html download to ptt/Gossiping/21770_7.txt, time: 5.570000
/bbs/Gossiping/M.1496122613.A.A80.html download to ptt/Gossiping/21770_8.txt, time: 4.500000
/bbs/Gossiping/M.1496122626.A.8D6.html download to ptt/Gossiping/21770_9.txt, time: 9.010000
/bbs/Gossiping/M.1496122632.A.1DA.html download to ptt/Gossiping/21770_10.txt, time: 7.830000
/bbs/Gossiping/M.1496122637.A.10D.html download to ptt/Gossiping/21770_11.txt, time: 5.490000
/bbs/Gossiping/M.1496122659.A.2C0.html download to ptt/Gossiping/21770_12.txt, time: 4.980000
/bbs/Gossiping/M.1496122660.A.D77.html download to ptt/Gossiping/21770_13.txt, time: 4.600000
/bbs/Gossiping/M.1496122675.A.A95.html download to ptt/Gossiping/21770_14.txt, time: 3.870000
/bbs/Gossiping/M.1496122699.A.D0B.html download to ptt/Gossiping/21770_15.txt, time: 6.820000
/bbs/Gossiping/M.1496122701.A.251.html download to ptt/Gossiping/21770_16.txt, time: 7.080000
/bbs/Gossiping/M.1496122706.A.E9D.html download to ptt/Gossiping/21770_17.txt, time: 4.690000
/bbs/Gossiping/M.1496122715.A.F17.html download to ptt/Gossiping/21770_18.txt, time: 5.390000
/bbs/Gossiping/M.1496122717.A.BD3.html download to ptt/Gossiping/21770_19.txt, time: 4.450000
page 21769
/bbs/Gossiping/M.1496122028.A.D47.html download to ptt/Gossiping/21769_0.txt, time: 5.150000
/bbs/Gossiping/M.1496122051.A.ABA.html download to ptt/Gossiping/21769_1.txt, time: 4.980000
/bbs/Gossiping/M.1496122053.A.6C9.html download to ptt/Gossiping/21769_2.txt, time: 3.330000
/bbs/Gossiping/M.1496122122.A.CB2.html download to ptt/Gossiping/21769_3.txt, time: 5.580000
/bbs/Gossiping/M.1496122208.A.EA5.html download to ptt/Gossiping/21769_4.txt, time: 6.000000
/bbs/Gossiping/M.1496122236.A.FEE.html download to ptt/Gossiping/21769_5.txt, time: 7.190000
/bbs/Gossiping/M.1496122251.A.4E5.html download to ptt/Gossiping/21769_6.txt, time: 5.080000
/bbs/Gossiping/M.1496122252.A.748.html download to ptt/Gossiping/21769_7.txt, time: 4.830000
/bbs/Gossiping/M.1496122259.A.C6C.html download to ptt/Gossiping/21769_8.txt, time: 4.880000
/bbs/Gossiping/M.1496122263.A.A86.html download to ptt/Gossiping/21769_9.txt, time: 4.480000
/bbs/Gossiping/M.1496122284.A.88E.html download to ptt/Gossiping/21769_10.txt, time: 4.770000
/bbs/Gossiping/M.1496122287.A.16C.html download to ptt/Gossiping/21769_11.txt, time: 5.660000
/bbs/Gossiping/M.1496122305.A.0AD.html download to ptt/Gossiping/21769_12.txt, time: 6.100000
/bbs/Gossiping/M.1496122364.A.82A.html download to ptt/Gossiping/21769_13.txt, time: 5.300000
/bbs/Gossiping/M.1496122402.A.8A1.html download to ptt/Gossiping/21769_14.txt, time: 5.500000
/bbs/Gossiping/M.1496122406.A.24A.html download to ptt/Gossiping/21769_15.txt, time: 5.130000
/bbs/Gossiping/M.1496122414.A.0D7.html download to ptt/Gossiping/21769_16.txt, time: 5.730000
/bbs/Gossiping/M.1496122419.A.232.html download to ptt/Gossiping/21769_17.txt, time: 3.910000
/bbs/Gossiping/M.1496122422.A.BE1.html download to ptt/Gossiping/21769_18.txt, time: 4.880000
/bbs/Gossiping/M.1496122433.A.7D7.html download to ptt/Gossiping/21769_19.txt, time: 6.770000
page 21768
/bbs/Gossiping/M.1496121654.A.873.html download to ptt/Gossiping/21768_0.txt, time: 7.760000
/bbs/Gossiping/M.1496121666.A.23A.html download to ptt/Gossiping/21768_1.txt, time: 4.620000
/bbs/Gossiping/M.1496121687.A.2BD.html download to ptt/Gossiping/21768_2.txt, time: 6.950000
/bbs/Gossiping/M.1496121690.A.BAB.html download to ptt/Gossiping/21768_3.txt, time: 5.500000
/bbs/Gossiping/M.1496121701.A.F49.html download to ptt/Gossiping/21768_4.txt, time: 4.240000
/bbs/Gossiping/M.1496121709.A.A5A.html download to ptt/Gossiping/21768_5.txt, time: 4.530000
/bbs/Gossiping/M.1496121737.A.DCD.html download to ptt/Gossiping/21768_6.txt, time: 9.550000
/bbs/Gossiping/M.1496121744.A.140.html download to ptt/Gossiping/21768_7.txt, time: 8.720000
/bbs/Gossiping/M.1496121761.A.F0B.html download to ptt/Gossiping/21768_8.txt, time: 5.050000
/bbs/Gossiping/M.1496121775.A.A1E.html download to ptt/Gossiping/21768_9.txt, time: 8.630000
/bbs/Gossiping/M.1496121811.A.1E5.html download to ptt/Gossiping/21768_10.txt, time: 14.240000
/bbs/Gossiping/M.1496121817.A.745.html download to ptt/Gossiping/21768_11.txt, time: 5.560000
/bbs/Gossiping/M.1496121822.A.F9D.html download to ptt/Gossiping/21768_12.txt, time: 4.940000
/bbs/Gossiping/M.1496121824.A.5F7.html download to ptt/Gossiping/21768_13.txt, time: 3.540000
/bbs/Gossiping/M.1496121847.A.FC1.html download to ptt/Gossiping/21768_14.txt, time: 5.600000
/bbs/Gossiping/M.1496121870.A.8F4.html download to ptt/Gossiping/21768_15.txt, time: 5.600000
/bbs/Gossiping/M.1496121874.A.CF4.html download to ptt/Gossiping/21768_16.txt, time: 13.070000
/bbs/Gossiping/M.1496121963.A.28D.html download to ptt/Gossiping/21768_17.txt, time: 8.100000
/bbs/Gossiping/M.1496122004.A.237.html download to ptt/Gossiping/21768_18.txt, time: 3.550000
/bbs/Gossiping/M.1496122010.A.9DA.html download to ptt/Gossiping/21768_19.txt, time: 4.540000
page 21767
/bbs/Gossiping/M.1496121202.A.9F5.html download to ptt/Gossiping/21767_0.txt, time: 4.250000
/bbs/Gossiping/M.1496121209.A.062.html download to ptt/Gossiping/21767_1.txt, time: 4.430000
/bbs/Gossiping/M.1496121253.A.048.html download to ptt/Gossiping/21767_2.txt, time: 3.030000
/bbs/Gossiping/M.1496121313.A.C82.html download to ptt/Gossiping/21767_3.txt, time: 4.320000
/bbs/Gossiping/M.1496121333.A.B44.html download to ptt/Gossiping/21767_4.txt, time: 4.010000
/bbs/Gossiping/M.1496121434.A.EF7.html download to ptt/Gossiping/21767_5.txt, time: 5.990000
/bbs/Gossiping/M.1496121436.A.CB7.html download to ptt/Gossiping/21767_6.txt, time: 3.830000
/bbs/Gossiping/M.1496121473.A.5C8.html download to ptt/Gossiping/21767_7.txt, time: 3.280000
/bbs/Gossiping/M.1496121475.A.BA6.html download to ptt/Gossiping/21767_8.txt, time: 4.280000
/bbs/Gossiping/M.1496121508.A.4B9.html download to ptt/Gossiping/21767_9.txt, time: 4.900000
/bbs/Gossiping/M.1496121515.A.29D.html download to ptt/Gossiping/21767_10.txt, time: 4.060000
/bbs/Gossiping/M.1496121526.A.B0A.html download to ptt/Gossiping/21767_11.txt, time: 4.310000
/bbs/Gossiping/M.1496121552.A.B44.html download to ptt/Gossiping/21767_12.txt, time: 4.970000
/bbs/Gossiping/M.1496121560.A.11C.html download to ptt/Gossiping/21767_13.txt, time: 3.830000
/bbs/Gossiping/M.1496121563.A.3B6.html download to ptt/Gossiping/21767_14.txt, time: 4.170000
/bbs/Gossiping/M.1496121582.A.1B7.html download to ptt/Gossiping/21767_15.txt, time: 3.010000
/bbs/Gossiping/M.1496121582.A.798.html download to ptt/Gossiping/21767_16.txt, time: 4.450000
/bbs/Gossiping/M.1496121612.A.06C.html download to ptt/Gossiping/21767_17.txt, time: 7.270000
/bbs/Gossiping/M.1496121644.A.9F5.html download to ptt/Gossiping/21767_18.txt, time: 5.480000
/bbs/Gossiping/M.1496121651.A.7A2.html download to ptt/Gossiping/21767_19.txt, time: 5.880000
page 21766
/bbs/Gossiping/M.1496120847.A.4C0.html download to ptt/Gossiping/21766_0.txt, time: 5.340000
/bbs/Gossiping/M.1496120879.A.953.html download to ptt/Gossiping/21766_1.txt, time: 4.430000
/bbs/Gossiping/M.1496120882.A.BFE.html download to ptt/Gossiping/21766_2.txt, time: 5.860000
/bbs/Gossiping/M.1496120886.A.B91.html download to ptt/Gossiping/21766_3.txt, time: 3.740000
/bbs/Gossiping/M.1496120933.A.FFE.html download to ptt/Gossiping/21766_4.txt, time: 3.070000
/bbs/Gossiping/M.1496120983.A.249.html download to ptt/Gossiping/21766_5.txt, time: 3.450000
/bbs/Gossiping/M.1496120998.A.D88.html download to ptt/Gossiping/21766_6.txt, time: 4.140000
/bbs/Gossiping/M.1496121014.A.80F.html download to ptt/Gossiping/21766_7.txt, time: 3.040000
/bbs/Gossiping/M.1496121026.A.692.html download to ptt/Gossiping/21766_8.txt, time: 4.180000
/bbs/Gossiping/M.1496121027.A.A8F.html download to ptt/Gossiping/21766_9.txt, time: 4.610000
/bbs/Gossiping/M.1496121035.A.1DE.html download to ptt/Gossiping/21766_10.txt, time: 3.550000
/bbs/Gossiping/M.1496121045.A.15A.html download to ptt/Gossiping/21766_11.txt, time: 4.190000
/bbs/Gossiping/M.1496121085.A.5CD.html download to ptt/Gossiping/21766_12.txt, time: 3.890000
/bbs/Gossiping/M.1496121086.A.960.html download to ptt/Gossiping/21766_13.txt, time: 4.360000
/bbs/Gossiping/M.1496121087.A.A6C.html download to ptt/Gossiping/21766_14.txt, time: 3.030000
/bbs/Gossiping/M.1496121121.A.443.html download to ptt/Gossiping/21766_15.txt, time: 3.580000
/bbs/Gossiping/M.1496121136.A.DB8.html download to ptt/Gossiping/21766_16.txt, time: 3.670000
/bbs/Gossiping/M.1496121145.A.07A.html download to ptt/Gossiping/21766_17.txt, time: 5.870000
/bbs/Gossiping/M.1496121157.A.631.html download to ptt/Gossiping/21766_18.txt, time: 6.950000
/bbs/Gossiping/M.1496121185.A.8B3.html download to ptt/Gossiping/21766_19.txt, time: 2.310000
time: 581.7307991981506 seconds
