page 21790
/bbs/Gossiping/M.1496131923.A.FA6.html download to ptt/Gossiping/21790_0.txt, time: 5.960000
/bbs/Gossiping/M.1496131942.A.C81.html download to ptt/Gossiping/21790_1.txt, time: 4.990000
/bbs/Gossiping/M.1496131963.A.FD1.html download to ptt/Gossiping/21790_2.txt, time: 6.100000
/bbs/Gossiping/M.1496132013.A.5E5.html download to ptt/Gossiping/21790_3.txt, time: 5.470000
/bbs/Gossiping/M.1496132040.A.A51.html download to ptt/Gossiping/21790_4.txt, time: 7.860000
/bbs/Gossiping/M.1496132101.A.961.html download to ptt/Gossiping/21790_5.txt, time: 6.180000
/bbs/Gossiping/M.1496132138.A.68B.html download to ptt/Gossiping/21790_6.txt, time: 3.530000
/bbs/Gossiping/M.1496132189.A.322.html download to ptt/Gossiping/21790_7.txt, time: 4.950000
/bbs/Gossiping/M.1496132195.A.A14.html download to ptt/Gossiping/21790_8.txt, time: 4.350000
/bbs/Gossiping/M.1496132207.A.CC0.html download to ptt/Gossiping/21790_9.txt, time: 5.210000
/bbs/Gossiping/M.1496132310.A.8E2.html download to ptt/Gossiping/21790_10.txt, time: 4.070000
/bbs/Gossiping/M.1496132310.A.A1E.html download to ptt/Gossiping/21790_11.txt, time: 7.600000
/bbs/Gossiping/M.1496132341.A.93B.html download to ptt/Gossiping/21790_12.txt, time: 3.870000
/bbs/Gossiping/M.1496132371.A.C3E.html download to ptt/Gossiping/21790_13.txt, time: 4.080000
/bbs/Gossiping/M.1496132379.A.907.html download to ptt/Gossiping/21790_14.txt, time: 5.540000
/bbs/Gossiping/M.1496132418.A.4E7.html download to ptt/Gossiping/21790_15.txt, time: 5.470000
/bbs/Gossiping/M.1496132502.A.D9C.html download to ptt/Gossiping/21790_16.txt, time: 7.060000
/bbs/Gossiping/M.1496132517.A.13C.html download to ptt/Gossiping/21790_17.txt, time: 5.970000
/bbs/Gossiping/M.1496132520.A.F74.html download to ptt/Gossiping/21790_18.txt, time: 4.140000
/bbs/Gossiping/M.1496132531.A.8F4.html download to ptt/Gossiping/21790_19.txt, time: 5.420000
page 21789
/bbs/Gossiping/M.1496131324.A.FEC.html download to ptt/Gossiping/21789_0.txt, time: 4.990000
/bbs/Gossiping/M.1496131356.A.57B.html download to ptt/Gossiping/21789_1.txt, time: 5.100000
/bbs/Gossiping/M.1496131385.A.E62.html download to ptt/Gossiping/21789_2.txt, time: 4.280000
/bbs/Gossiping/M.1496131390.A.1D9.html download to ptt/Gossiping/21789_3.txt, time: 4.690000
/bbs/Gossiping/M.1496131404.A.F6B.html download to ptt/Gossiping/21789_4.txt, time: 3.870000
/bbs/Gossiping/M.1496131418.A.C0E.html download to ptt/Gossiping/21789_5.txt, time: 5.340000
/bbs/Gossiping/M.1496131525.A.FDB.html download to ptt/Gossiping/21789_6.txt, time: 3.040000
/bbs/Gossiping/M.1496131578.A.469.html download to ptt/Gossiping/21789_7.txt, time: 3.400000
/bbs/Gossiping/M.1496131589.A.6FF.html download to ptt/Gossiping/21789_8.txt, time: 6.210000
/bbs/Gossiping/M.1496131631.A.15F.html download to ptt/Gossiping/21789_9.txt, time: 4.930000
/bbs/Gossiping/M.1496131643.A.DB2.html download to ptt/Gossiping/21789_10.txt, time: 4.700000
empty download to ptt/Gossiping/21789_11.txt, time: 0.000000
/bbs/Gossiping/M.1496131678.A.A26.html download to ptt/Gossiping/21789_12.txt, time: 4.800000
/bbs/Gossiping/M.1496131680.A.522.html download to ptt/Gossiping/21789_13.txt, time: 7.480000
/bbs/Gossiping/M.1496131754.A.580.html download to ptt/Gossiping/21789_14.txt, time: 5.540000
/bbs/Gossiping/M.1496131806.A.CDA.html download to ptt/Gossiping/21789_15.txt, time: 5.320000
/bbs/Gossiping/M.1496131815.A.FFB.html download to ptt/Gossiping/21789_16.txt, time: 4.360000
/bbs/Gossiping/M.1496131823.A.FD4.html download to ptt/Gossiping/21789_17.txt, time: 5.380000
/bbs/Gossiping/M.1496131844.A.45A.html download to ptt/Gossiping/21789_18.txt, time: 5.100000
/bbs/Gossiping/M.1496131877.A.C97.html download to ptt/Gossiping/21789_19.txt, time: 10.360000
page 21788
/bbs/Gossiping/M.1496130736.A.379.html download to ptt/Gossiping/21788_0.txt, time: 10.930000
/bbs/Gossiping/M.1496130871.A.AE0.html download to ptt/Gossiping/21788_1.txt, time: 11.440000
/bbs/Gossiping/M.1496130871.A.007.html download to ptt/Gossiping/21788_2.txt, time: 6.060000
/bbs/Gossiping/M.1496130888.A.1B9.html download to ptt/Gossiping/21788_3.txt, time: 8.550000
/bbs/Gossiping/M.1496130904.A.7B4.html download to ptt/Gossiping/21788_4.txt, time: 4.310000
/bbs/Gossiping/M.1496130926.A.0AE.html download to ptt/Gossiping/21788_5.txt, time: 3.860000
/bbs/Gossiping/M.1496130929.A.A0D.html download to ptt/Gossiping/21788_6.txt, time: 7.520000
/bbs/Gossiping/M.1496130956.A.383.html download to ptt/Gossiping/21788_7.txt, time: 6.680000
/bbs/Gossiping/M.1496130986.A.CDE.html download to ptt/Gossiping/21788_8.txt, time: 6.230000
/bbs/Gossiping/M.1496131023.A.46B.html download to ptt/Gossiping/21788_9.txt, time: 5.040000
/bbs/Gossiping/M.1496131026.A.A22.html download to ptt/Gossiping/21788_10.txt, time: 17.210000
/bbs/Gossiping/M.1496131050.A.A4D.html download to ptt/Gossiping/21788_11.txt, time: 8.280000
/bbs/Gossiping/M.1496131086.A.927.html download to ptt/Gossiping/21788_12.txt, time: 11.010000
/bbs/Gossiping/M.1496131215.A.545.html download to ptt/Gossiping/21788_13.txt, time: 3.850000
/bbs/Gossiping/M.1496131248.A.092.html download to ptt/Gossiping/21788_14.txt, time: 3.140000
/bbs/Gossiping/M.1496131258.A.1DC.html download to ptt/Gossiping/21788_15.txt, time: 4.870000
/bbs/Gossiping/M.1496131288.A.7EE.html download to ptt/Gossiping/21788_16.txt, time: 3.380000
/bbs/Gossiping/M.1496131304.A.6F0.html download to ptt/Gossiping/21788_17.txt, time: 5.030000
/bbs/Gossiping/M.1496131311.A.D4F.html download to ptt/Gossiping/21788_18.txt, time: 3.350000
/bbs/Gossiping/M.1496131316.A.D78.html download to ptt/Gossiping/21788_19.txt, time: 4.330000
page 21787
/bbs/Gossiping/M.1496130372.A.EBD.html download to ptt/Gossiping/21787_0.txt, time: 4.460000
/bbs/Gossiping/M.1496130377.A.809.html download to ptt/Gossiping/21787_1.txt, time: 3.360000
/bbs/Gossiping/M.1496130404.A.CFF.html download to ptt/Gossiping/21787_2.txt, time: 4.010000
/bbs/Gossiping/M.1496130408.A.B47.html download to ptt/Gossiping/21787_3.txt, time: 4.710000
/bbs/Gossiping/M.1496130426.A.A75.html download to ptt/Gossiping/21787_4.txt, time: 5.910000
/bbs/Gossiping/M.1496130432.A.AFF.html download to ptt/Gossiping/21787_5.txt, time: 4.790000
/bbs/Gossiping/M.1496130432.A.957.html download to ptt/Gossiping/21787_6.txt, time: 4.790000
/bbs/Gossiping/M.1496130526.A.BD8.html download to ptt/Gossiping/21787_7.txt, time: 3.400000
/bbs/Gossiping/M.1496130556.A.E96.html download to ptt/Gossiping/21787_8.txt, time: 3.370000
/bbs/Gossiping/M.1496130562.A.E7C.html download to ptt/Gossiping/21787_9.txt, time: 3.240000
/bbs/Gossiping/M.1496130571.A.DAE.html download to ptt/Gossiping/21787_10.txt, time: 4.670000
/bbs/Gossiping/M.1496130574.A.4D4.html download to ptt/Gossiping/21787_11.txt, time: 3.890000
/bbs/Gossiping/M.1496130580.A.90A.html download to ptt/Gossiping/21787_12.txt, time: 6.430000
/bbs/Gossiping/M.1496130587.A.05B.html download to ptt/Gossiping/21787_13.txt, time: 6.050000
/bbs/Gossiping/M.1496130628.A.F10.html download to ptt/Gossiping/21787_14.txt, time: 6.280000
/bbs/Gossiping/M.1496130647.A.10D.html download to ptt/Gossiping/21787_15.txt, time: 4.950000
/bbs/Gossiping/M.1496130670.A.D1E.html download to ptt/Gossiping/21787_16.txt, time: 5.470000
/bbs/Gossiping/M.1496130695.A.664.html download to ptt/Gossiping/21787_17.txt, time: 3.860000
/bbs/Gossiping/M.1496130704.A.FA1.html download to ptt/Gossiping/21787_18.txt, time: 3.910000
/bbs/Gossiping/M.1496130713.A.449.html download to ptt/Gossiping/21787_19.txt, time: 3.170000
page 21786
/bbs/Gossiping/M.1496129745.A.D1D.html download to ptt/Gossiping/21786_0.txt, time: 3.670000
/bbs/Gossiping/M.1496129769.A.1D9.html download to ptt/Gossiping/21786_1.txt, time: 3.650000
/bbs/Gossiping/M.1496129806.A.249.html download to ptt/Gossiping/21786_2.txt, time: 3.040000
/bbs/Gossiping/M.1496129872.A.512.html download to ptt/Gossiping/21786_3.txt, time: 4.400000
/bbs/Gossiping/M.1496129879.A.983.html download to ptt/Gossiping/21786_4.txt, time: 3.990000
/bbs/Gossiping/M.1496129888.A.7C4.html download to ptt/Gossiping/21786_5.txt, time: 4.360000
/bbs/Gossiping/M.1496129917.A.BE1.html download to ptt/Gossiping/21786_6.txt, time: 3.010000
/bbs/Gossiping/M.1496130014.A.E57.html download to ptt/Gossiping/21786_7.txt, time: 3.180000
/bbs/Gossiping/M.1496130024.A.882.html download to ptt/Gossiping/21786_8.txt, time: 3.140000
/bbs/Gossiping/M.1496130082.A.98A.html download to ptt/Gossiping/21786_9.txt, time: 4.840000
/bbs/Gossiping/M.1496130090.A.7B6.html download to ptt/Gossiping/21786_10.txt, time: 3.330000
/bbs/Gossiping/M.1496130090.A.230.html download to ptt/Gossiping/21786_11.txt, time: 5.260000
/bbs/Gossiping/M.1496130104.A.5C4.html download to ptt/Gossiping/21786_12.txt, time: 2.350000
/bbs/Gossiping/M.1496130129.A.602.html download to ptt/Gossiping/21786_13.txt, time: 5.110000
/bbs/Gossiping/M.1496130136.A.E4E.html download to ptt/Gossiping/21786_14.txt, time: 7.300000
/bbs/Gossiping/M.1496130168.A.16C.html download to ptt/Gossiping/21786_15.txt, time: 1.970000
/bbs/Gossiping/M.1496130287.A.7D3.html download to ptt/Gossiping/21786_16.txt, time: 3.420000
empty download to ptt/Gossiping/21786_17.txt, time: 0.000000
/bbs/Gossiping/M.1496130345.A.4E5.html download to ptt/Gossiping/21786_18.txt, time: 1.780000
/bbs/Gossiping/M.1496130348.A.A39.html download to ptt/Gossiping/21786_19.txt, time: 1.470000
time: 561.4100635051727 seconds
