page 21800
/bbs/Gossiping/M.1496138252.A.986.html download to ptt/Gossiping/21800_0.txt, time: 4.780000
/bbs/Gossiping/M.1496138326.A.F3B.html download to ptt/Gossiping/21800_1.txt, time: 5.920000
/bbs/Gossiping/M.1496138369.A.12C.html download to ptt/Gossiping/21800_2.txt, time: 5.440000
/bbs/Gossiping/M.1496138375.A.C6F.html download to ptt/Gossiping/21800_3.txt, time: 6.510000
/bbs/Gossiping/M.1496138463.A.9B1.html download to ptt/Gossiping/21800_4.txt, time: 4.320000
/bbs/Gossiping/M.1496138488.A.C35.html download to ptt/Gossiping/21800_5.txt, time: 5.730000
/bbs/Gossiping/M.1496138513.A.01A.html download to ptt/Gossiping/21800_6.txt, time: 4.920000
/bbs/Gossiping/M.1496138525.A.D0E.html download to ptt/Gossiping/21800_7.txt, time: 3.520000
/bbs/Gossiping/M.1496138529.A.D4E.html download to ptt/Gossiping/21800_8.txt, time: 5.870000
/bbs/Gossiping/M.1496138556.A.A21.html download to ptt/Gossiping/21800_9.txt, time: 5.230000
/bbs/Gossiping/M.1496138636.A.CEF.html download to ptt/Gossiping/21800_10.txt, time: 4.650000
/bbs/Gossiping/M.1496138640.A.B3B.html download to ptt/Gossiping/21800_11.txt, time: 4.700000
/bbs/Gossiping/M.1496138675.A.CB2.html download to ptt/Gossiping/21800_12.txt, time: 8.440000
/bbs/Gossiping/M.1496138691.A.A41.html download to ptt/Gossiping/21800_13.txt, time: 6.360000
/bbs/Gossiping/M.1496138782.A.653.html download to ptt/Gossiping/21800_14.txt, time: 4.270000
/bbs/Gossiping/M.1496138789.A.637.html download to ptt/Gossiping/21800_15.txt, time: 3.960000
/bbs/Gossiping/M.1496138802.A.48C.html download to ptt/Gossiping/21800_16.txt, time: 4.070000
/bbs/Gossiping/M.1496138815.A.800.html download to ptt/Gossiping/21800_17.txt, time: 3.690000
/bbs/Gossiping/M.1496138827.A.C2A.html download to ptt/Gossiping/21800_18.txt, time: 3.690000
/bbs/Gossiping/M.1496138910.A.F65.html download to ptt/Gossiping/21800_19.txt, time: 3.970000
page 21799
/bbs/Gossiping/M.1496137759.A.5D7.html download to ptt/Gossiping/21799_0.txt, time: 7.800000
/bbs/Gossiping/M.1496137774.A.8B1.html download to ptt/Gossiping/21799_1.txt, time: 5.620000
/bbs/Gossiping/M.1496137811.A.CDA.html download to ptt/Gossiping/21799_2.txt, time: 4.470000
/bbs/Gossiping/M.1496137824.A.C13.html download to ptt/Gossiping/21799_3.txt, time: 5.890000
/bbs/Gossiping/M.1496137891.A.669.html download to ptt/Gossiping/21799_4.txt, time: 6.220000
/bbs/Gossiping/M.1496137971.A.657.html download to ptt/Gossiping/21799_5.txt, time: 3.780000
/bbs/Gossiping/M.1496137972.A.5F6.html download to ptt/Gossiping/21799_6.txt, time: 4.090000
/bbs/Gossiping/M.1496138028.A.316.html download to ptt/Gossiping/21799_7.txt, time: 2.830000
/bbs/Gossiping/M.1496138042.A.583.html download to ptt/Gossiping/21799_8.txt, time: 4.100000
/bbs/Gossiping/M.1496138045.A.9A0.html download to ptt/Gossiping/21799_9.txt, time: 4.910000
/bbs/Gossiping/M.1496138057.A.1C3.html download to ptt/Gossiping/21799_10.txt, time: 4.300000
/bbs/Gossiping/M.1496138089.A.F74.html download to ptt/Gossiping/21799_11.txt, time: 4.630000
/bbs/Gossiping/M.1496138103.A.153.html download to ptt/Gossiping/21799_12.txt, time: 4.550000
/bbs/Gossiping/M.1496138125.A.6BD.html download to ptt/Gossiping/21799_13.txt, time: 5.740000
/bbs/Gossiping/M.1496138157.A.249.html download to ptt/Gossiping/21799_14.txt, time: 4.670000
/bbs/Gossiping/M.1496138163.A.943.html download to ptt/Gossiping/21799_15.txt, time: 5.920000
/bbs/Gossiping/M.1496138178.A.654.html download to ptt/Gossiping/21799_16.txt, time: 4.960000
/bbs/Gossiping/M.1496138187.A.D0C.html download to ptt/Gossiping/21799_17.txt, time: 3.240000
/bbs/Gossiping/M.1496138208.A.CC2.html download to ptt/Gossiping/21799_18.txt, time: 5.230000
/bbs/Gossiping/M.1496138208.A.76A.html download to ptt/Gossiping/21799_19.txt, time: 4.000000
page 21798
/bbs/Gossiping/M.1496137285.A.05C.html download to ptt/Gossiping/21798_0.txt, time: 4.260000
/bbs/Gossiping/M.1496137329.A.F22.html download to ptt/Gossiping/21798_1.txt, time: 5.430000
/bbs/Gossiping/M.1496137332.A.952.html download to ptt/Gossiping/21798_2.txt, time: 5.030000
/bbs/Gossiping/M.1496137366.A.C6E.html download to ptt/Gossiping/21798_3.txt, time: 4.970000
/bbs/Gossiping/M.1496137370.A.C55.html download to ptt/Gossiping/21798_4.txt, time: 4.590000
/bbs/Gossiping/M.1496137415.A.6B8.html download to ptt/Gossiping/21798_5.txt, time: 7.140000
/bbs/Gossiping/M.1496137441.A.372.html download to ptt/Gossiping/21798_6.txt, time: 4.350000
/bbs/Gossiping/M.1496137469.A.5B7.html download to ptt/Gossiping/21798_7.txt, time: 7.900000
/bbs/Gossiping/M.1496137494.A.603.html download to ptt/Gossiping/21798_8.txt, time: 4.050000
/bbs/Gossiping/M.1496137503.A.3FE.html download to ptt/Gossiping/21798_9.txt, time: 6.480000
/bbs/Gossiping/M.1496137511.A.7F5.html download to ptt/Gossiping/21798_10.txt, time: 13.160000
/bbs/Gossiping/M.1496137519.A.8C3.html download to ptt/Gossiping/21798_11.txt, time: 5.010000
/bbs/Gossiping/M.1496137547.A.D3A.html download to ptt/Gossiping/21798_12.txt, time: 5.030000
/bbs/Gossiping/M.1496137579.A.2DA.html download to ptt/Gossiping/21798_13.txt, time: 5.670000
/bbs/Gossiping/M.1496137583.A.DA8.htmlTraceback (most recent call last):
  File "/home/studentyl/anaconda3/lib/python3.6/site-packages/requests/packages/urllib3/connectionpool.py", line 600, in urlopen
    chunked=chunked)
  File "/home/studentyl/anaconda3/lib/python3.6/site-packages/requests/packages/urllib3/connectionpool.py", line 386, in _make_request
    six.raise_from(e, None)
  File "<string>", line 2, in raise_from
  File "/home/studentyl/anaconda3/lib/python3.6/site-packages/requests/packages/urllib3/connectionpool.py", line 382, in _make_request
    httplib_response = conn.getresponse()
  File "/home/studentyl/anaconda3/lib/python3.6/http/client.py", line 1331, in getresponse
    response.begin()
  File "/home/studentyl/anaconda3/lib/python3.6/http/client.py", line 297, in begin
    version, status, reason = self._read_status()
  File "/home/studentyl/anaconda3/lib/python3.6/http/client.py", line 266, in _read_status
    raise RemoteDisconnected("Remote end closed connection without"
http.client.RemoteDisconnected: Remote end closed connection without response

During handling of the above exception, another exception occurred:

Traceback (most recent call last):
  File "/home/studentyl/anaconda3/lib/python3.6/site-packages/requests/adapters.py", line 438, in send
    timeout=timeout
  File "/home/studentyl/anaconda3/lib/python3.6/site-packages/requests/packages/urllib3/connectionpool.py", line 649, in urlopen
    _stacktrace=sys.exc_info()[2])
  File "/home/studentyl/anaconda3/lib/python3.6/site-packages/requests/packages/urllib3/util/retry.py", line 357, in increment
    raise six.reraise(type(error), error, _stacktrace)
  File "/home/studentyl/anaconda3/lib/python3.6/site-packages/requests/packages/urllib3/packages/six.py", line 685, in reraise
    raise value.with_traceback(tb)
  File "/home/studentyl/anaconda3/lib/python3.6/site-packages/requests/packages/urllib3/connectionpool.py", line 600, in urlopen
    chunked=chunked)
  File "/home/studentyl/anaconda3/lib/python3.6/site-packages/requests/packages/urllib3/connectionpool.py", line 386, in _make_request
    six.raise_from(e, None)
  File "<string>", line 2, in raise_from
  File "/home/studentyl/anaconda3/lib/python3.6/site-packages/requests/packages/urllib3/connectionpool.py", line 382, in _make_request
    httplib_response = conn.getresponse()
  File "/home/studentyl/anaconda3/lib/python3.6/http/client.py", line 1331, in getresponse
    response.begin()
  File "/home/studentyl/anaconda3/lib/python3.6/http/client.py", line 297, in begin
    version, status, reason = self._read_status()
  File "/home/studentyl/anaconda3/lib/python3.6/http/client.py", line 266, in _read_status
    raise RemoteDisconnected("Remote end closed connection without"
requests.packages.urllib3.exceptions.ProtocolError: ('Connection aborted.', RemoteDisconnected('Remote end closed connection without response',))

During handling of the above exception, another exception occurred:

Traceback (most recent call last):
  File "./crawler.py", line 177, in <module>
    main(sys.argv[1:])
  File "./crawler.py", line 158, in main
    downloadForum(forumName, startPage, pages)
  File "./crawler.py", line 140, in downloadForum
    downloadPage(str(articleCount), forumName, pageNum, 'https://www.ptt.cc'+link)
  File "./crawler.py", line 82, in downloadPage
    pageText = getPageText(link)
  File "./crawler.py", line 13, in getPageText
    pageText=requests.get(link, cookies={'over18':'1'}).text
  File "/home/studentyl/anaconda3/lib/python3.6/site-packages/requests/api.py", line 72, in get
    return request('get', url, params=params, **kwargs)
  File "/home/studentyl/anaconda3/lib/python3.6/site-packages/requests/api.py", line 58, in request
    return session.request(method=method, url=url, **kwargs)
  File "/home/studentyl/anaconda3/lib/python3.6/site-packages/requests/sessions.py", line 518, in request
    resp = self.send(prep, **send_kwargs)
  File "/home/studentyl/anaconda3/lib/python3.6/site-packages/requests/sessions.py", line 639, in send
    r = adapter.send(request, **kwargs)
  File "/home/studentyl/anaconda3/lib/python3.6/site-packages/requests/adapters.py", line 488, in send
    raise ConnectionError(err, request=request)
requests.exceptions.ConnectionError: ('Connection aborted.', RemoteDisconnected('Remote end closed connection without response',))
