page 21810
/bbs/Gossiping/M.1496143628.A.F9B.html download to ptt/Gossiping/21810_0.txt, time: 4.590000
/bbs/Gossiping/M.1496143668.A.49A.html download to ptt/Gossiping/21810_1.txt, time: 5.600000
/bbs/Gossiping/M.1496143687.A.601.html download to ptt/Gossiping/21810_2.txt, time: 5.340000
/bbs/Gossiping/M.1496143720.A.051.html download to ptt/Gossiping/21810_3.txt, time: 4.010000
/bbs/Gossiping/M.1496143743.A.63F.html download to ptt/Gossiping/21810_4.txt, time: 4.770000
/bbs/Gossiping/M.1496143745.A.9DD.html download to ptt/Gossiping/21810_5.txt, time: 4.460000
/bbs/Gossiping/M.1496143765.A.632.html download to ptt/Gossiping/21810_6.txt, time: 9.540000
/bbs/Gossiping/M.1496143769.A.8C1.html download to ptt/Gossiping/21810_7.txt, time: 5.610000
/bbs/Gossiping/M.1496143774.A.D49.html download to ptt/Gossiping/21810_8.txt, time: 3.300000
/bbs/Gossiping/M.1496143776.A.56B.html download to ptt/Gossiping/21810_9.txt, time: 6.180000
/bbs/Gossiping/M.1496143810.A.995.html download to ptt/Gossiping/21810_10.txt, time: 6.790000
/bbs/Gossiping/M.1496143819.A.E2D.html download to ptt/Gossiping/21810_11.txt, time: 4.840000
/bbs/Gossiping/M.1496143861.A.6D8.html download to ptt/Gossiping/21810_12.txt, time: 8.240000
/bbs/Gossiping/M.1496143893.A.3FF.html download to ptt/Gossiping/21810_13.txt, time: 3.890000
/bbs/Gossiping/M.1496143927.A.D03.html download to ptt/Gossiping/21810_14.txt, time: 4.370000
/bbs/Gossiping/M.1496143939.A.531.html download to ptt/Gossiping/21810_15.txt, time: 3.730000
/bbs/Gossiping/M.1496143947.A.E21.html download to ptt/Gossiping/21810_16.txt, time: 3.950000
/bbs/Gossiping/M.1496143949.A.AEB.html download to ptt/Gossiping/21810_17.txt, time: 4.060000
/bbs/Gossiping/M.1496143953.A.A39.html download to ptt/Gossiping/21810_18.txt, time: 4.090000
/bbs/Gossiping/M.1496144039.A.8AB.html download to ptt/Gossiping/21810_19.txt, time: 5.070000
page 21809
/bbs/Gossiping/M.1496143029.A.400.html download to ptt/Gossiping/21809_0.txt, time: 3.460000
/bbs/Gossiping/M.1496143059.A.0B4.html download to ptt/Gossiping/21809_1.txt, time: 5.440000
/bbs/Gossiping/M.1496143116.A.E70.html download to ptt/Gossiping/21809_2.txt, time: 4.490000
/bbs/Gossiping/M.1496143153.A.6B0.html download to ptt/Gossiping/21809_3.txt, time: 5.270000
/bbs/Gossiping/M.1496143188.A.2EE.html download to ptt/Gossiping/21809_4.txt, time: 5.400000
/bbs/Gossiping/M.1496143221.A.CE2.html download to ptt/Gossiping/21809_5.txt, time: 4.110000
/bbs/Gossiping/M.1496143243.A.6E5.html download to ptt/Gossiping/21809_6.txt, time: 5.530000
/bbs/Gossiping/M.1496143284.A.029.html download to ptt/Gossiping/21809_7.txt, time: 6.190000
/bbs/Gossiping/M.1496143287.A.F73.html download to ptt/Gossiping/21809_8.txt, time: 6.540000
/bbs/Gossiping/M.1496143311.A.9C5.html download to ptt/Gossiping/21809_9.txt, time: 3.510000
/bbs/Gossiping/M.1496143312.A.8A8.html download to ptt/Gossiping/21809_10.txt, time: 5.380000
/bbs/Gossiping/M.1496143327.A.07C.html download to ptt/Gossiping/21809_11.txt, time: 5.360000
/bbs/Gossiping/M.1496143345.A.F11.html download to ptt/Gossiping/21809_12.txt, time: 5.660000
/bbs/Gossiping/M.1496143395.A.A57.html download to ptt/Gossiping/21809_13.txt, time: 5.100000
/bbs/Gossiping/M.1496143412.A.29F.html download to ptt/Gossiping/21809_14.txt, time: 6.570000
/bbs/Gossiping/M.1496143457.A.B1B.html download to ptt/Gossiping/21809_15.txt, time: 5.830000
/bbs/Gossiping/M.1496143497.A.311.html download to ptt/Gossiping/21809_16.txt, time: 5.530000
/bbs/Gossiping/M.1496143532.A.077.html download to ptt/Gossiping/21809_17.txt, time: 5.870000
/bbs/Gossiping/M.1496143600.A.044.html download to ptt/Gossiping/21809_18.txt, time: 6.240000
/bbs/Gossiping/M.1496143601.A.958.html download to ptt/Gossiping/21809_19.txt, time: 3.320000
page 21808
/bbs/Gossiping/M.1496142591.A.159.html download to ptt/Gossiping/21808_0.txt, time: 4.840000
/bbs/Gossiping/M.1496142604.A.ADF.html download to ptt/Gossiping/21808_1.txt, time: 3.910000
/bbs/Gossiping/M.1496142608.A.8CC.html download to ptt/Gossiping/21808_2.txt, time: 3.780000
/bbs/Gossiping/M.1496142621.A.DA3.html download to ptt/Gossiping/21808_3.txt, time: 5.360000
/bbs/Gossiping/M.1496142631.A.228.html download to ptt/Gossiping/21808_4.txt, time: 4.320000
/bbs/Gossiping/M.1496142645.A.8FF.html download to ptt/Gossiping/21808_5.txt, time: 6.380000
/bbs/Gossiping/M.1496142675.A.CF3.html download to ptt/Gossiping/21808_6.txt, time: 9.780000
/bbs/Gossiping/M.1496142681.A.1FA.html download to ptt/Gossiping/21808_7.txt, time: 6.770000
/bbs/Gossiping/M.1496142683.A.977.html download to ptt/Gossiping/21808_8.txt, time: 9.770000
/bbs/Gossiping/M.1496142687.A.206.html download to ptt/Gossiping/21808_9.txt, time: 3.880000
/bbs/Gossiping/M.1496142690.A.148.html download to ptt/Gossiping/21808_10.txt, time: 6.250000
/bbs/Gossiping/M.1496142724.A.A47.html download to ptt/Gossiping/21808_11.txt, time: 3.990000
/bbs/Gossiping/M.1496142811.A.093.html download to ptt/Gossiping/21808_12.txt, time: 10.180000
/bbs/Gossiping/M.1496142875.A.739.html download to ptt/Gossiping/21808_13.txt, time: 4.550000
/bbs/Gossiping/M.1496142882.A.B53.html download to ptt/Gossiping/21808_14.txt, time: 7.060000
/bbs/Gossiping/M.1496142882.A.7E4.html download to ptt/Gossiping/21808_15.txt, time: 4.460000
/bbs/Gossiping/M.1496142898.A.BA9.html download to ptt/Gossiping/21808_16.txt, time: 3.490000
/bbs/Gossiping/M.1496142908.A.E7F.html download to ptt/Gossiping/21808_17.txt, time: 6.310000
/bbs/Gossiping/M.1496142951.A.B9A.html download to ptt/Gossiping/21808_18.txt, time: 7.940000
/bbs/Gossiping/M.1496142978.A.9DF.html download to ptt/Gossiping/21808_19.txt, time: 4.100000
page 21807
/bbs/Gossiping/M.1496142121.A.DF4.html download to ptt/Gossiping/21807_0.txt, time: 4.900000
/bbs/Gossiping/M.1496142141.A.8BC.html download to ptt/Gossiping/21807_1.txt, time: 6.400000
/bbs/Gossiping/M.1496142145.A.7AE.html download to ptt/Gossiping/21807_2.txt, time: 3.000000
/bbs/Gossiping/M.1496142148.A.ECB.html download to ptt/Gossiping/21807_3.txt, time: 4.150000
/bbs/Gossiping/M.1496142188.A.DD7.html download to ptt/Gossiping/21807_4.txt, time: 4.050000
/bbs/Gossiping/M.1496142189.A.DEE.html download to ptt/Gossiping/21807_5.txt, time: 4.650000
/bbs/Gossiping/M.1496142219.A.58C.html download to ptt/Gossiping/21807_6.txt, time: 3.500000
/bbs/Gossiping/M.1496142224.A.A95.html download to ptt/Gossiping/21807_7.txt, time: 4.530000
/bbs/Gossiping/M.1496142227.A.AAF.html download to ptt/Gossiping/21807_8.txt, time: 4.120000
/bbs/Gossiping/M.1496142272.A.990.html download to ptt/Gossiping/21807_9.txt, time: 3.630000
/bbs/Gossiping/M.1496142278.A.F21.html download to ptt/Gossiping/21807_10.txt, time: 2.670000
/bbs/Gossiping/M.1496142293.A.03B.html download to ptt/Gossiping/21807_11.txt, time: 5.050000
/bbs/Gossiping/M.1496142300.A.B91.html download to ptt/Gossiping/21807_12.txt, time: 5.420000
/bbs/Gossiping/M.1496142345.A.200.html download to ptt/Gossiping/21807_13.txt, time: 5.040000
/bbs/Gossiping/M.1496142355.A.EB3.html download to ptt/Gossiping/21807_14.txt, time: 4.780000
/bbs/Gossiping/M.1496142378.A.164.html download to ptt/Gossiping/21807_15.txt, time: 3.060000
/bbs/Gossiping/M.1496142404.A.FCB.html download to ptt/Gossiping/21807_16.txt, time: 4.270000
/bbs/Gossiping/M.1496142520.A.085.html download to ptt/Gossiping/21807_17.txt, time: 2.910000
/bbs/Gossiping/M.1496142533.A.96E.html download to ptt/Gossiping/21807_18.txt, time: 3.510000
/bbs/Gossiping/M.1496142572.A.2A2.html download to ptt/Gossiping/21807_19.txt, time: 6.760000
page 21806
/bbs/Gossiping/M.1496141510.A.B52.html download to ptt/Gossiping/21806_0.txt, time: 6.170000
/bbs/Gossiping/M.1496141637.A.FE6.html download to ptt/Gossiping/21806_1.txt, time: 3.910000
/bbs/Gossiping/M.1496141673.A.CB0.html download to ptt/Gossiping/21806_2.txt, time: 3.320000
/bbs/Gossiping/M.1496141673.A.3E9.html download to ptt/Gossiping/21806_3.txt, time: 3.480000
/bbs/Gossiping/M.1496141688.A.058.html download to ptt/Gossiping/21806_4.txt, time: 6.270000
/bbs/Gossiping/M.1496141766.A.A7F.html download to ptt/Gossiping/21806_5.txt, time: 3.750000
/bbs/Gossiping/M.1496141771.A.BC5.html download to ptt/Gossiping/21806_6.txt, time: 4.100000
/bbs/Gossiping/M.1496141777.A.F14.html download to ptt/Gossiping/21806_7.txt, time: 3.930000
/bbs/Gossiping/M.1496141799.A.369.html download to ptt/Gossiping/21806_8.txt, time: 3.320000
/bbs/Gossiping/M.1496141825.A.4D8.html download to ptt/Gossiping/21806_9.txt, time: 3.850000
/bbs/Gossiping/M.1496141854.A.5D7.html download to ptt/Gossiping/21806_10.txt, time: 4.350000
/bbs/Gossiping/M.1496141865.A.E25.html download to ptt/Gossiping/21806_11.txt, time: 3.320000
/bbs/Gossiping/M.1496141959.A.0EA.html download to ptt/Gossiping/21806_12.txt, time: 3.610000
/bbs/Gossiping/M.1496141965.A.CAD.html download to ptt/Gossiping/21806_13.txt, time: 3.840000
/bbs/Gossiping/M.1496141990.A.F24.html download to ptt/Gossiping/21806_14.txt, time: 2.900000
/bbs/Gossiping/M.1496141992.A.485.html download to ptt/Gossiping/21806_15.txt, time: 3.280000
/bbs/Gossiping/M.1496142006.A.466.html download to ptt/Gossiping/21806_16.txt, time: 3.930000
/bbs/Gossiping/M.1496142077.A.6DF.html download to ptt/Gossiping/21806_17.txt, time: 3.420000
/bbs/Gossiping/M.1496142101.A.78A.html download to ptt/Gossiping/21806_18.txt, time: 3.400000
/bbs/Gossiping/M.1496142108.A.52E.html download to ptt/Gossiping/21806_19.txt, time: 3.500000
time: 546.191431760788 seconds
