page 21820
/bbs/Gossiping/M.1496148374.A.A26.html download to ptt/Gossiping/21820_0.txt, time: 5.110000
/bbs/Gossiping/M.1496148396.A.BCB.html download to ptt/Gossiping/21820_1.txt, time: 5.910000
/bbs/Gossiping/M.1496148405.A.FB5.html download to ptt/Gossiping/21820_2.txt, time: 3.360000
/bbs/Gossiping/M.1496148407.A.6B6.html download to ptt/Gossiping/21820_3.txt, time: 5.990000
/bbs/Gossiping/M.1496148428.A.F9B.html download to ptt/Gossiping/21820_4.txt, time: 5.110000
/bbs/Gossiping/M.1496148456.A.9F2.html download to ptt/Gossiping/21820_5.txt, time: 10.410000
/bbs/Gossiping/M.1496148504.A.98D.html download to ptt/Gossiping/21820_6.txt, time: 4.750000
/bbs/Gossiping/M.1496148520.A.530.html download to ptt/Gossiping/21820_7.txt, time: 3.590000
/bbs/Gossiping/M.1496148547.A.1D6.html download to ptt/Gossiping/21820_8.txt, time: 5.730000
/bbs/Gossiping/M.1496148548.A.2AF.html download to ptt/Gossiping/21820_9.txt, time: 6.250000
/bbs/Gossiping/M.1496148611.A.A3A.html download to ptt/Gossiping/21820_10.txt, time: 4.330000
/bbs/Gossiping/M.1496148615.A.502.html download to ptt/Gossiping/21820_11.txt, time: 6.940000
/bbs/Gossiping/M.1496148623.A.363.html download to ptt/Gossiping/21820_12.txt, time: 6.530000
/bbs/Gossiping/M.1496148655.A.858.html download to ptt/Gossiping/21820_13.txt, time: 3.790000
/bbs/Gossiping/M.1496148658.A.055.html download to ptt/Gossiping/21820_14.txt, time: 5.190000
/bbs/Gossiping/M.1496148672.A.FDF.html download to ptt/Gossiping/21820_15.txt, time: 4.750000
/bbs/Gossiping/M.1496148688.A.DCD.html download to ptt/Gossiping/21820_16.txt, time: 4.860000
/bbs/Gossiping/M.1496148712.A.69E.html download to ptt/Gossiping/21820_17.txt, time: 4.450000
/bbs/Gossiping/M.1496148713.A.7BD.html download to ptt/Gossiping/21820_18.txt, time: 4.490000
/bbs/Gossiping/M.1496148718.A.12A.html download to ptt/Gossiping/21820_19.txt, time: 5.620000
page 21819
/bbs/Gossiping/M.1496147899.A.074.html download to ptt/Gossiping/21819_0.txt, time: 5.690000
/bbs/Gossiping/M.1496147916.A.12E.html download to ptt/Gossiping/21819_1.txt, time: 5.970000
/bbs/Gossiping/M.1496147925.A.7EA.html download to ptt/Gossiping/21819_2.txt, time: 4.520000
/bbs/Gossiping/M.1496147977.A.CDD.html download to ptt/Gossiping/21819_3.txt, time: 6.510000
/bbs/Gossiping/M.1496147994.A.7AB.html download to ptt/Gossiping/21819_4.txt, time: 5.160000
/bbs/Gossiping/M.1496148020.A.269.html download to ptt/Gossiping/21819_5.txt, time: 5.740000
/bbs/Gossiping/M.1496148132.A.2B0.html download to ptt/Gossiping/21819_6.txt, time: 5.620000
/bbs/Gossiping/M.1496148132.A.B6D.html download to ptt/Gossiping/21819_7.txt, time: 5.270000
/bbs/Gossiping/M.1496148155.A.CC8.html download to ptt/Gossiping/21819_8.txt, time: 4.580000
/bbs/Gossiping/M.1496148178.A.10A.html download to ptt/Gossiping/21819_9.txt, time: 3.580000
/bbs/Gossiping/M.1496148231.A.1E8.html download to ptt/Gossiping/21819_10.txt, time: 5.780000
/bbs/Gossiping/M.1496148260.A.511.html download to ptt/Gossiping/21819_11.txt, time: 4.790000
/bbs/Gossiping/M.1496148260.A.E2A.html download to ptt/Gossiping/21819_12.txt, time: 3.960000
/bbs/Gossiping/M.1496148317.A.607.html download to ptt/Gossiping/21819_13.txt, time: 4.480000
/bbs/Gossiping/M.1496148325.A.38E.html download to ptt/Gossiping/21819_14.txt, time: 5.670000
/bbs/Gossiping/M.1496148339.A.5EF.html download to ptt/Gossiping/21819_15.txt, time: 4.960000
/bbs/Gossiping/M.1496148342.A.198.html download to ptt/Gossiping/21819_16.txt, time: 4.990000
/bbs/Gossiping/M.1496148345.A.C0C.html download to ptt/Gossiping/21819_17.txt, time: 4.430000
/bbs/Gossiping/M.1496148349.A.A69.html download to ptt/Gossiping/21819_18.txt, time: 5.250000
/bbs/Gossiping/M.1496148358.A.149.html download to ptt/Gossiping/21819_19.txt, time: 5.510000
page 21818
/bbs/Gossiping/M.1496147395.A.64D.html download to ptt/Gossiping/21818_0.txt, time: 8.180000
/bbs/Gossiping/M.1496147426.A.F5E.html download to ptt/Gossiping/21818_1.txt, time: 4.640000
/bbs/Gossiping/M.1496147461.A.0A4.html download to ptt/Gossiping/21818_2.txt, time: 6.620000
/bbs/Gossiping/M.1496147502.A.2A6.html download to ptt/Gossiping/21818_3.txt, time: 5.250000
/bbs/Gossiping/M.1496147587.A.456.html download to ptt/Gossiping/21818_4.txt, time: 4.450000
/bbs/Gossiping/M.1496147592.A.021.html download to ptt/Gossiping/21818_5.txt, time: 4.520000
/bbs/Gossiping/M.1496147599.A.B06.html download to ptt/Gossiping/21818_6.txt, time: 7.830000
/bbs/Gossiping/M.1496147644.A.165.html download to ptt/Gossiping/21818_7.txt, time: 4.590000
/bbs/Gossiping/M.1496147664.A.C94.html download to ptt/Gossiping/21818_8.txt, time: 7.190000
/bbs/Gossiping/M.1496147699.A.7A5.html download to ptt/Gossiping/21818_9.txt, time: 9.220000
/bbs/Gossiping/M.1496147706.A.AE3.html download to ptt/Gossiping/21818_10.txt, time: 8.940000
/bbs/Gossiping/M.1496147712.A.52E.html download to ptt/Gossiping/21818_11.txt, time: 4.160000
/bbs/Gossiping/M.1496147720.A.613.html download to ptt/Gossiping/21818_12.txt, time: 4.290000
/bbs/Gossiping/M.1496147773.A.C93.html download to ptt/Gossiping/21818_13.txt, time: 5.780000
/bbs/Gossiping/M.1496147803.A.AA9.html download to ptt/Gossiping/21818_14.txt, time: 12.290000
/bbs/Gossiping/M.1496147842.A.24F.html download to ptt/Gossiping/21818_15.txt, time: 4.870000
/bbs/Gossiping/M.1496147852.A.769.html download to ptt/Gossiping/21818_16.txt, time: 5.220000
/bbs/Gossiping/M.1496147856.A.109.html download to ptt/Gossiping/21818_17.txt, time: 3.750000
/bbs/Gossiping/M.1496147894.A.552.html download to ptt/Gossiping/21818_18.txt, time: 3.560000
/bbs/Gossiping/M.1496147894.A.248.html download to ptt/Gossiping/21818_19.txt, time: 4.640000
page 21817
/bbs/Gossiping/M.1496146828.A.D99.html download to ptt/Gossiping/21817_0.txt, time: 5.770000
/bbs/Gossiping/M.1496146872.A.EEE.html download to ptt/Gossiping/21817_1.txt, time: 3.400000
/bbs/Gossiping/M.1496146890.A.1BD.html download to ptt/Gossiping/21817_2.txt, time: 4.330000
/bbs/Gossiping/M.1496146918.A.A4A.html download to ptt/Gossiping/21817_3.txt, time: 5.320000
/bbs/Gossiping/M.1496146925.A.A4D.html download to ptt/Gossiping/21817_4.txt, time: 4.950000
/bbs/Gossiping/M.1496147017.A.795.html download to ptt/Gossiping/21817_5.txt, time: 3.320000
/bbs/Gossiping/M.1496147050.A.C4C.html download to ptt/Gossiping/21817_6.txt, time: 5.480000
/bbs/Gossiping/M.1496147061.A.C82.html download to ptt/Gossiping/21817_7.txt, time: 4.450000
/bbs/Gossiping/M.1496147089.A.48C.html download to ptt/Gossiping/21817_8.txt, time: 5.930000
/bbs/Gossiping/M.1496147113.A.6D3.html download to ptt/Gossiping/21817_9.txt, time: 3.710000
/bbs/Gossiping/M.1496147118.A.C33.html download to ptt/Gossiping/21817_10.txt, time: 3.460000
/bbs/Gossiping/M.1496147133.A.48F.html download to ptt/Gossiping/21817_11.txt, time: 4.230000
/bbs/Gossiping/M.1496147136.A.C22.html download to ptt/Gossiping/21817_12.txt, time: 4.360000
/bbs/Gossiping/M.1496147153.A.5DD.html download to ptt/Gossiping/21817_13.txt, time: 5.060000
/bbs/Gossiping/M.1496147216.A.B76.html download to ptt/Gossiping/21817_14.txt, time: 4.110000
/bbs/Gossiping/M.1496147218.A.4E2.html download to ptt/Gossiping/21817_15.txt, time: 7.960000
/bbs/Gossiping/M.1496147291.A.207.html download to ptt/Gossiping/21817_16.txt, time: 6.780000
/bbs/Gossiping/M.1496147294.A.43E.html download to ptt/Gossiping/21817_17.txt, time: 3.530000
/bbs/Gossiping/M.1496147315.A.8CC.html download to ptt/Gossiping/21817_18.txt, time: 3.860000
/bbs/Gossiping/M.1496147387.A.518.html download to ptt/Gossiping/21817_19.txt, time: 2.840000
page 21816
/bbs/Gossiping/M.1496146304.A.290.html download to ptt/Gossiping/21816_0.txt, time: 4.200000
/bbs/Gossiping/M.1496146334.A.394.html download to ptt/Gossiping/21816_1.txt, time: 3.260000
/bbs/Gossiping/M.1496146386.A.A87.html download to ptt/Gossiping/21816_2.txt, time: 4.870000
/bbs/Gossiping/M.1496146419.A.228.html download to ptt/Gossiping/21816_3.txt, time: 4.740000
/bbs/Gossiping/M.1496146449.A.3FF.html download to ptt/Gossiping/21816_4.txt, time: 3.900000
/bbs/Gossiping/M.1496146455.A.3B9.html download to ptt/Gossiping/21816_5.txt, time: 3.460000
/bbs/Gossiping/M.1496146472.A.001.html download to ptt/Gossiping/21816_6.txt, time: 4.280000
/bbs/Gossiping/M.1496146486.A.1EA.html download to ptt/Gossiping/21816_7.txt, time: 3.050000
/bbs/Gossiping/M.1496146543.A.A6F.html download to ptt/Gossiping/21816_8.txt, time: 4.860000
/bbs/Gossiping/M.1496146559.A.83C.html download to ptt/Gossiping/21816_9.txt, time: 3.600000
/bbs/Gossiping/M.1496146589.A.4DA.html download to ptt/Gossiping/21816_10.txt, time: 4.230000
/bbs/Gossiping/M.1496146612.A.B93.html download to ptt/Gossiping/21816_11.txt, time: 2.490000
/bbs/Gossiping/M.1496146618.A.94D.html download to ptt/Gossiping/21816_12.txt, time: 3.430000
/bbs/Gossiping/M.1496146630.A.EE1.html download to ptt/Gossiping/21816_13.txt, time: 3.110000
/bbs/Gossiping/M.1496146705.A.741.html download to ptt/Gossiping/21816_14.txt, time: 2.750000
/bbs/Gossiping/M.1496146712.A.08D.html download to ptt/Gossiping/21816_15.txt, time: 3.950000
/bbs/Gossiping/M.1496146719.A.007.html download to ptt/Gossiping/21816_16.txt, time: 2.590000
/bbs/Gossiping/M.1496146776.A.060.html download to ptt/Gossiping/21816_17.txt, time: 5.530000
/bbs/Gossiping/M.1496146796.A.A52.html download to ptt/Gossiping/21816_18.txt, time: 3.370000
/bbs/Gossiping/M.1496146813.A.A98.html download to ptt/Gossiping/21816_19.txt, time: 2.640000
time: 555.330924987793 seconds
