page 21830
/bbs/Gossiping/M.1496152885.A.D27.html download to ptt/Gossiping/21830_0.txt, time: 5.370000
/bbs/Gossiping/M.1496152930.A.AC3.html download to ptt/Gossiping/21830_1.txt, time: 4.820000
/bbs/Gossiping/M.1496152931.A.5D1.html download to ptt/Gossiping/21830_2.txt, time: 5.570000
/bbs/Gossiping/M.1496152981.A.6B5.html download to ptt/Gossiping/21830_3.txt, time: 4.360000
/bbs/Gossiping/M.1496153016.A.94E.html download to ptt/Gossiping/21830_4.txt, time: 4.350000
/bbs/Gossiping/M.1496153036.A.4BA.html download to ptt/Gossiping/21830_5.txt, time: 5.220000
/bbs/Gossiping/M.1496153056.A.6A5.html download to ptt/Gossiping/21830_6.txt, time: 4.260000
/bbs/Gossiping/M.1496153076.A.DAB.html download to ptt/Gossiping/21830_7.txt, time: 9.920000
/bbs/Gossiping/M.1496153087.A.C9D.html download to ptt/Gossiping/21830_8.txt, time: 4.330000
/bbs/Gossiping/M.1496153141.A.1B5.html download to ptt/Gossiping/21830_9.txt, time: 4.540000
/bbs/Gossiping/M.1496153146.A.ABF.html download to ptt/Gossiping/21830_10.txt, time: 5.660000
/bbs/Gossiping/M.1496153152.A.E7F.html download to ptt/Gossiping/21830_11.txt, time: 4.780000
/bbs/Gossiping/M.1496153164.A.3E8.html download to ptt/Gossiping/21830_12.txt, time: 4.540000
/bbs/Gossiping/M.1496153168.A.CCD.html download to ptt/Gossiping/21830_13.txt, time: 5.420000
/bbs/Gossiping/M.1496153181.A.041.html download to ptt/Gossiping/21830_14.txt, time: 7.390000
/bbs/Gossiping/M.1496153199.A.0D7.html download to ptt/Gossiping/21830_15.txt, time: 3.960000
/bbs/Gossiping/M.1496153203.A.34D.html download to ptt/Gossiping/21830_16.txt, time: 5.510000
/bbs/Gossiping/M.1496153207.A.7C3.html download to ptt/Gossiping/21830_17.txt, time: 3.960000
/bbs/Gossiping/M.1496153234.A.A8E.html download to ptt/Gossiping/21830_18.txt, time: 4.090000
/bbs/Gossiping/M.1496153244.A.759.html download to ptt/Gossiping/21830_19.txt, time: 4.590000
page 21829
/bbs/Gossiping/M.1496152382.A.DBA.html download to ptt/Gossiping/21829_0.txt, time: 4.290000
/bbs/Gossiping/M.1496152450.A.727.html download to ptt/Gossiping/21829_1.txt, time: 4.020000
/bbs/Gossiping/M.1496152459.A.017.html download to ptt/Gossiping/21829_2.txt, time: 4.600000
/bbs/Gossiping/M.1496152501.A.419.html download to ptt/Gossiping/21829_3.txt, time: 6.410000
/bbs/Gossiping/M.1496152507.A.3DC.html download to ptt/Gossiping/21829_4.txt, time: 6.350000
/bbs/Gossiping/M.1496152508.A.B5A.html download to ptt/Gossiping/21829_5.txt, time: 5.820000
/bbs/Gossiping/M.1496152516.A.C15.html download to ptt/Gossiping/21829_6.txt, time: 4.140000
/bbs/Gossiping/M.1496152629.A.C64.html download to ptt/Gossiping/21829_7.txt, time: 3.750000
/bbs/Gossiping/M.1496152630.A.CF8.html download to ptt/Gossiping/21829_8.txt, time: 5.420000
/bbs/Gossiping/M.1496152664.A.584.html download to ptt/Gossiping/21829_9.txt, time: 5.320000
/bbs/Gossiping/M.1496152666.A.CF8.html download to ptt/Gossiping/21829_10.txt, time: 4.040000
/bbs/Gossiping/M.1496152684.A.2CE.html download to ptt/Gossiping/21829_11.txt, time: 4.910000
/bbs/Gossiping/M.1496152685.A.B03.html download to ptt/Gossiping/21829_12.txt, time: 4.260000
/bbs/Gossiping/M.1496152697.A.841.html download to ptt/Gossiping/21829_13.txt, time: 4.520000
/bbs/Gossiping/M.1496152705.A.A30.html download to ptt/Gossiping/21829_14.txt, time: 3.080000
/bbs/Gossiping/M.1496152710.A.366.html download to ptt/Gossiping/21829_15.txt, time: 4.880000
/bbs/Gossiping/M.1496152771.A.AEF.html download to ptt/Gossiping/21829_16.txt, time: 3.890000
/bbs/Gossiping/M.1496152834.A.1F3.html download to ptt/Gossiping/21829_17.txt, time: 4.740000
/bbs/Gossiping/M.1496152851.A.035.html download to ptt/Gossiping/21829_18.txt, time: 7.130000
/bbs/Gossiping/M.1496152867.A.665.html download to ptt/Gossiping/21829_19.txt, time: 5.560000
page 21828
/bbs/Gossiping/M.1496151920.A.CBC.html download to ptt/Gossiping/21828_0.txt, time: 4.800000
/bbs/Gossiping/M.1496151926.A.205.html download to ptt/Gossiping/21828_1.txt, time: 6.970000
/bbs/Gossiping/M.1496151952.A.E01.html download to ptt/Gossiping/21828_2.txt, time: 10.530000
/bbs/Gossiping/M.1496152046.A.97E.html download to ptt/Gossiping/21828_3.txt, time: 10.180000
/bbs/Gossiping/M.1496152076.A.5B9.html download to ptt/Gossiping/21828_4.txt, time: 5.150000
/bbs/Gossiping/M.1496152092.A.013.html download to ptt/Gossiping/21828_5.txt, time: 4.140000
/bbs/Gossiping/M.1496152107.A.8D6.html download to ptt/Gossiping/21828_6.txt, time: 4.290000
/bbs/Gossiping/M.1496152146.A.904.html download to ptt/Gossiping/21828_7.txt, time: 4.530000
/bbs/Gossiping/M.1496152185.A.5E5.html download to ptt/Gossiping/21828_8.txt, time: 4.820000
/bbs/Gossiping/M.1496152209.A.C6B.html download to ptt/Gossiping/21828_9.txt, time: 4.520000
/bbs/Gossiping/M.1496152235.A.F09.html download to ptt/Gossiping/21828_10.txt, time: 7.720000
/bbs/Gossiping/M.1496152238.A.16D.html download to ptt/Gossiping/21828_11.txt, time: 4.110000
/bbs/Gossiping/M.1496152268.A.47B.html download to ptt/Gossiping/21828_12.txt, time: 8.970000
/bbs/Gossiping/M.1496152277.A.8B1.html download to ptt/Gossiping/21828_13.txt, time: 3.920000
/bbs/Gossiping/M.1496152291.A.4C4.html download to ptt/Gossiping/21828_14.txt, time: 4.100000
/bbs/Gossiping/M.1496152292.A.C57.html download to ptt/Gossiping/21828_15.txt, time: 4.870000
/bbs/Gossiping/M.1496152303.A.76B.html download to ptt/Gossiping/21828_16.txt, time: 4.660000
/bbs/Gossiping/M.1496152338.A.135.html download to ptt/Gossiping/21828_17.txt, time: 4.040000
/bbs/Gossiping/M.1496152341.A.B87.html download to ptt/Gossiping/21828_18.txt, time: 6.010000
/bbs/Gossiping/M.1496152371.A.FCE.html download to ptt/Gossiping/21828_19.txt, time: 3.880000
page 21827
/bbs/Gossiping/M.1496151356.A.5F3.html download to ptt/Gossiping/21827_0.txt, time: 6.880000
/bbs/Gossiping/M.1496151373.A.369.html download to ptt/Gossiping/21827_1.txt, time: 4.530000
/bbs/Gossiping/M.1496151376.A.FCC.html download to ptt/Gossiping/21827_2.txt, time: 3.030000
/bbs/Gossiping/M.1496151395.A.DCC.html download to ptt/Gossiping/21827_3.txt, time: 3.610000
/bbs/Gossiping/M.1496151424.A.7A5.html download to ptt/Gossiping/21827_4.txt, time: 3.730000
/bbs/Gossiping/M.1496151425.A.5FF.html download to ptt/Gossiping/21827_5.txt, time: 3.750000
/bbs/Gossiping/M.1496151457.A.B25.html download to ptt/Gossiping/21827_6.txt, time: 3.540000
/bbs/Gossiping/M.1496151459.A.1C8.html download to ptt/Gossiping/21827_7.txt, time: 3.060000
/bbs/Gossiping/M.1496151501.A.172.html download to ptt/Gossiping/21827_8.txt, time: 3.250000
/bbs/Gossiping/M.1496151519.A.926.html download to ptt/Gossiping/21827_9.txt, time: 4.370000
/bbs/Gossiping/M.1496151568.A.154.html download to ptt/Gossiping/21827_10.txt, time: 4.880000
/bbs/Gossiping/M.1496151572.A.400.html download to ptt/Gossiping/21827_11.txt, time: 4.220000
/bbs/Gossiping/M.1496151590.A.346.html download to ptt/Gossiping/21827_12.txt, time: 3.060000
/bbs/Gossiping/M.1496151598.A.F8E.html download to ptt/Gossiping/21827_13.txt, time: 4.790000
/bbs/Gossiping/M.1496151630.A.49B.html download to ptt/Gossiping/21827_14.txt, time: 3.210000
/bbs/Gossiping/M.1496151664.A.1A1.html download to ptt/Gossiping/21827_15.txt, time: 5.180000
/bbs/Gossiping/M.1496151790.A.11F.html download to ptt/Gossiping/21827_16.txt, time: 5.120000
/bbs/Gossiping/M.1496151791.A.612.html download to ptt/Gossiping/21827_17.txt, time: 3.740000
/bbs/Gossiping/M.1496151828.A.EA0.html download to ptt/Gossiping/21827_18.txt, time: 3.390000
/bbs/Gossiping/M.1496151906.A.9B7.html download to ptt/Gossiping/21827_19.txt, time: 5.500000
page 21826
/bbs/Gossiping/M.1496150815.A.E23.html download to ptt/Gossiping/21826_0.txt, time: 3.220000
/bbs/Gossiping/M.1496150826.A.CFE.html download to ptt/Gossiping/21826_1.txt, time: 7.700000
/bbs/Gossiping/M.1496150826.A.AE6.html download to ptt/Gossiping/21826_2.txt, time: 6.050000
/bbs/Gossiping/M.1496150914.A.C12.html download to ptt/Gossiping/21826_3.txt, time: 5.020000
/bbs/Gossiping/M.1496150954.A.E48.html download to ptt/Gossiping/21826_4.txt, time: 5.830000
/bbs/Gossiping/M.1496150957.A.04A.html download to ptt/Gossiping/21826_5.txt, time: 3.420000
/bbs/Gossiping/M.1496150976.A.433.html download to ptt/Gossiping/21826_6.txt, time: 5.170000
/bbs/Gossiping/M.1496151005.A.BBC.html download to ptt/Gossiping/21826_7.txt, time: 2.890000
/bbs/Gossiping/M.1496151015.A.0CE.html download to ptt/Gossiping/21826_8.txt, time: 3.870000
/bbs/Gossiping/M.1496151027.A.64F.html download to ptt/Gossiping/21826_9.txt, time: 3.320000
/bbs/Gossiping/M.1496151062.A.067.html download to ptt/Gossiping/21826_10.txt, time: 4.520000
/bbs/Gossiping/M.1496151136.A.F67.html download to ptt/Gossiping/21826_11.txt, time: 2.460000
/bbs/Gossiping/M.1496151160.A.9CD.html download to ptt/Gossiping/21826_12.txt, time: 4.780000
/bbs/Gossiping/M.1496151186.A.88B.html download to ptt/Gossiping/21826_13.txt, time: 3.030000
/bbs/Gossiping/M.1496151238.A.714.html download to ptt/Gossiping/21826_14.txt, time: 3.430000
/bbs/Gossiping/M.1496151257.A.9F4.html download to ptt/Gossiping/21826_15.txt, time: 3.570000
/bbs/Gossiping/M.1496151275.A.D12.html download to ptt/Gossiping/21826_16.txt, time: 3.760000
/bbs/Gossiping/M.1496151298.A.F76.html download to ptt/Gossiping/21826_17.txt, time: 3.490000
/bbs/Gossiping/M.1496151300.A.A44.html download to ptt/Gossiping/21826_18.txt, time: 2.830000
/bbs/Gossiping/M.1496151355.A.FD1.html download to ptt/Gossiping/21826_19.txt, time: 3.640000
time: 532.304117679596 seconds
