page 21840
/bbs/Gossiping/M.1496156949.A.A82.html download to ptt/Gossiping/21840_0.txt, time: 5.200000
/bbs/Gossiping/M.1496156952.A.695.html download to ptt/Gossiping/21840_1.txt, time: 6.130000
/bbs/Gossiping/M.1496156976.A.CF2.html download to ptt/Gossiping/21840_2.txt, time: 5.660000
/bbs/Gossiping/M.1496156977.A.8F8.html download to ptt/Gossiping/21840_3.txt, time: 6.610000
/bbs/Gossiping/M.1496157052.A.EE6.html download to ptt/Gossiping/21840_4.txt, time: 4.280000
/bbs/Gossiping/M.1496157055.A.83A.html download to ptt/Gossiping/21840_5.txt, time: 3.410000
/bbs/Gossiping/M.1496157065.A.06A.html download to ptt/Gossiping/21840_6.txt, time: 4.250000
/bbs/Gossiping/M.1496157081.A.F43.html download to ptt/Gossiping/21840_7.txt, time: 3.840000
/bbs/Gossiping/M.1496157120.A.371.html download to ptt/Gossiping/21840_8.txt, time: 3.520000
/bbs/Gossiping/M.1496157318.A.432.html download to ptt/Gossiping/21840_9.txt, time: 4.720000
/bbs/Gossiping/M.1496157331.A.E4E.html download to ptt/Gossiping/21840_10.txt, time: 4.390000
/bbs/Gossiping/M.1496157347.A.DAC.html download to ptt/Gossiping/21840_11.txt, time: 6.580000
/bbs/Gossiping/M.1496157440.A.97E.html download to ptt/Gossiping/21840_12.txt, time: 4.830000
/bbs/Gossiping/M.1496157441.A.701.html download to ptt/Gossiping/21840_13.txt, time: 4.580000
/bbs/Gossiping/M.1496157462.A.17F.html download to ptt/Gossiping/21840_14.txt, time: 3.910000
/bbs/Gossiping/M.1496157474.A.5FC.html download to ptt/Gossiping/21840_15.txt, time: 6.470000
/bbs/Gossiping/M.1496157479.A.D0F.html download to ptt/Gossiping/21840_16.txt, time: 4.810000
/bbs/Gossiping/M.1496157556.A.5B2.html download to ptt/Gossiping/21840_17.txt, time: 4.170000
/bbs/Gossiping/M.1496157583.A.49D.html download to ptt/Gossiping/21840_18.txt, time: 5.760000
/bbs/Gossiping/M.1496157658.A.864.html download to ptt/Gossiping/21840_19.txt, time: 2.890000
page 21839
/bbs/Gossiping/M.1496156509.A.C93.html download to ptt/Gossiping/21839_0.txt, time: 3.540000
/bbs/Gossiping/M.1496156534.A.D0A.html download to ptt/Gossiping/21839_1.txt, time: 3.880000
/bbs/Gossiping/M.1496156545.A.F7E.html download to ptt/Gossiping/21839_2.txt, time: 5.150000
/bbs/Gossiping/M.1496156594.A.F01.html download to ptt/Gossiping/21839_3.txt, time: 4.910000
/bbs/Gossiping/M.1496156597.A.4B2.html download to ptt/Gossiping/21839_4.txt, time: 3.970000
/bbs/Gossiping/M.1496156603.A.570.html download to ptt/Gossiping/21839_5.txt, time: 4.850000
/bbs/Gossiping/M.1496156609.A.E0A.html download to ptt/Gossiping/21839_6.txt, time: 5.240000
/bbs/Gossiping/M.1496156618.A.B36.html download to ptt/Gossiping/21839_7.txt, time: 6.120000
/bbs/Gossiping/M.1496156627.A.960.html download to ptt/Gossiping/21839_8.txt, time: 5.880000
/bbs/Gossiping/M.1496156634.A.54D.html download to ptt/Gossiping/21839_9.txt, time: 4.070000
/bbs/Gossiping/M.1496156667.A.D1A.html download to ptt/Gossiping/21839_10.txt, time: 4.080000
/bbs/Gossiping/M.1496156683.A.E94.html download to ptt/Gossiping/21839_11.txt, time: 2.960000
/bbs/Gossiping/M.1496156710.A.41F.html download to ptt/Gossiping/21839_12.txt, time: 5.740000
/bbs/Gossiping/M.1496156807.A.F6A.html download to ptt/Gossiping/21839_13.txt, time: 4.210000
/bbs/Gossiping/M.1496156854.A.DD1.html download to ptt/Gossiping/21839_14.txt, time: 5.300000
/bbs/Gossiping/M.1496156861.A.523.html download to ptt/Gossiping/21839_15.txt, time: 4.800000
/bbs/Gossiping/M.1496156871.A.475.html download to ptt/Gossiping/21839_16.txt, time: 3.820000
/bbs/Gossiping/M.1496156883.A.1E8.html download to ptt/Gossiping/21839_17.txt, time: 5.620000
/bbs/Gossiping/M.1496156924.A.047.html download to ptt/Gossiping/21839_18.txt, time: 5.150000
/bbs/Gossiping/M.1496156932.A.536.html download to ptt/Gossiping/21839_19.txt, time: 5.390000
page 21838
/bbs/Gossiping/M.1496156009.A.D7B.html download to ptt/Gossiping/21838_0.txt, time: 5.330000
/bbs/Gossiping/M.1496156013.A.0F9.html download to ptt/Gossiping/21838_1.txt, time: 6.000000
/bbs/Gossiping/M.1496156032.A.F6B.html download to ptt/Gossiping/21838_2.txt, time: 11.000000
/bbs/Gossiping/M.1496156053.A.9C8.html download to ptt/Gossiping/21838_3.txt, time: 4.810000
/bbs/Gossiping/M.1496156061.A.796.html download to ptt/Gossiping/21838_4.txt, time: 4.880000
/bbs/Gossiping/M.1496156064.A.31C.html download to ptt/Gossiping/21838_5.txt, time: 4.250000
/bbs/Gossiping/M.1496156101.A.11D.html download to ptt/Gossiping/21838_6.txt, time: 3.940000
/bbs/Gossiping/M.1496156130.A.3C8.html download to ptt/Gossiping/21838_7.txt, time: 4.870000
/bbs/Gossiping/M.1496156188.A.6E1.html download to ptt/Gossiping/21838_8.txt, time: 4.270000
/bbs/Gossiping/M.1496156192.A.C40.html download to ptt/Gossiping/21838_9.txt, time: 5.330000
/bbs/Gossiping/M.1496156307.A.6E1.html download to ptt/Gossiping/21838_10.txt, time: 5.330000
/bbs/Gossiping/M.1496156340.A.526.html download to ptt/Gossiping/21838_11.txt, time: 8.690000
/bbs/Gossiping/M.1496156342.A.DC5.html download to ptt/Gossiping/21838_12.txt, time: 6.290000
/bbs/Gossiping/M.1496156350.A.F57.html download to ptt/Gossiping/21838_13.txt, time: 6.730000
/bbs/Gossiping/M.1496156351.A.CB1.html download to ptt/Gossiping/21838_14.txt, time: 12.360000
/bbs/Gossiping/M.1496156378.A.607.html download to ptt/Gossiping/21838_15.txt, time: 7.510000
/bbs/Gossiping/M.1496156385.A.D7B.html download to ptt/Gossiping/21838_16.txt, time: 2.860000
/bbs/Gossiping/M.1496156397.A.27D.html download to ptt/Gossiping/21838_17.txt, time: 6.960000
/bbs/Gossiping/M.1496156473.A.B75.html download to ptt/Gossiping/21838_18.txt, time: 3.100000
/bbs/Gossiping/M.1496156506.A.CFD.html download to ptt/Gossiping/21838_19.txt, time: 3.260000
page 21837
/bbs/Gossiping/M.1496155584.A.E13.html download to ptt/Gossiping/21837_0.txt, time: 5.740000
/bbs/Gossiping/M.1496155587.A.238.html download to ptt/Gossiping/21837_1.txt, time: 3.400000
/bbs/Gossiping/M.1496155588.A.F4B.html download to ptt/Gossiping/21837_2.txt, time: 3.810000
/bbs/Gossiping/M.1496155621.A.E8F.html download to ptt/Gossiping/21837_3.txt, time: 3.380000
/bbs/Gossiping/M.1496155639.A.08C.html download to ptt/Gossiping/21837_4.txt, time: 3.610000
/bbs/Gossiping/M.1496155640.A.15C.html download to ptt/Gossiping/21837_5.txt, time: 3.130000
/bbs/Gossiping/M.1496155643.A.7B9.html download to ptt/Gossiping/21837_6.txt, time: 4.930000
/bbs/Gossiping/M.1496155645.A.2EA.html download to ptt/Gossiping/21837_7.txt, time: 3.710000
/bbs/Gossiping/M.1496155690.A.3A4.html download to ptt/Gossiping/21837_8.txt, time: 5.480000
/bbs/Gossiping/M.1496155692.A.D14.html download to ptt/Gossiping/21837_9.txt, time: 5.530000
/bbs/Gossiping/M.1496155728.A.2D7.html download to ptt/Gossiping/21837_10.txt, time: 3.570000
/bbs/Gossiping/M.1496155735.A.07C.html download to ptt/Gossiping/21837_11.txt, time: 4.010000
/bbs/Gossiping/M.1496155808.A.A52.html download to ptt/Gossiping/21837_12.txt, time: 3.430000
/bbs/Gossiping/M.1496155834.A.2CF.html download to ptt/Gossiping/21837_13.txt, time: 5.280000
/bbs/Gossiping/M.1496155860.A.A8F.html download to ptt/Gossiping/21837_14.txt, time: 3.700000
/bbs/Gossiping/M.1496155867.A.087.html download to ptt/Gossiping/21837_15.txt, time: 4.150000
/bbs/Gossiping/M.1496155900.A.931.html download to ptt/Gossiping/21837_16.txt, time: 2.620000
/bbs/Gossiping/M.1496155918.A.7E3.html download to ptt/Gossiping/21837_17.txt, time: 7.240000
/bbs/Gossiping/M.1496155973.A.F3C.html download to ptt/Gossiping/21837_18.txt, time: 6.750000
/bbs/Gossiping/M.1496156001.A.16E.html download to ptt/Gossiping/21837_19.txt, time: 3.730000
page 21836
/bbs/Gossiping/M.1496155130.A.EDF.html download to ptt/Gossiping/21836_0.txt, time: 5.170000
/bbs/Gossiping/M.1496155159.A.C31.html download to ptt/Gossiping/21836_1.txt, time: 4.170000
/bbs/Gossiping/M.1496155166.A.DB4.html download to ptt/Gossiping/21836_2.txt, time: 5.190000
/bbs/Gossiping/M.1496155181.A.89F.html download to ptt/Gossiping/21836_3.txt, time: 2.990000
/bbs/Gossiping/M.1496155186.A.439.html download to ptt/Gossiping/21836_4.txt, time: 3.560000
/bbs/Gossiping/M.1496155193.A.6F9.html download to ptt/Gossiping/21836_5.txt, time: 3.870000
/bbs/Gossiping/M.1496155207.A.333.html download to ptt/Gossiping/21836_6.txt, time: 4.580000
/bbs/Gossiping/M.1496155241.A.FDE.html download to ptt/Gossiping/21836_7.txt, time: 2.980000
/bbs/Gossiping/M.1496155248.A.7A8.html download to ptt/Gossiping/21836_8.txt, time: 3.320000
/bbs/Gossiping/M.1496155311.A.5D0.html download to ptt/Gossiping/21836_9.txt, time: 4.700000
/bbs/Gossiping/M.1496155374.A.5C5.html download to ptt/Gossiping/21836_10.txt, time: 4.920000
/bbs/Gossiping/M.1496155404.A.A9A.html download to ptt/Gossiping/21836_11.txt, time: 4.110000
/bbs/Gossiping/M.1496155409.A.969.html download to ptt/Gossiping/21836_12.txt, time: 4.750000
/bbs/Gossiping/M.1496155415.A.D68.html download to ptt/Gossiping/21836_13.txt, time: 2.900000
/bbs/Gossiping/M.1496155430.A.0EB.html download to ptt/Gossiping/21836_14.txt, time: 3.370000
/bbs/Gossiping/M.1496155471.A.C87.html download to ptt/Gossiping/21836_15.txt, time: 2.900000
/bbs/Gossiping/M.1496155506.A.932.html download to ptt/Gossiping/21836_16.txt, time: 3.080000
/bbs/Gossiping/M.1496155534.A.183.html download to ptt/Gossiping/21836_17.txt, time: 3.170000
/bbs/Gossiping/M.1496155562.A.AC3.html download to ptt/Gossiping/21836_18.txt, time: 3.590000
/bbs/Gossiping/M.1496155573.A.ED1.html download to ptt/Gossiping/21836_19.txt, time: 3.240000
time: 531.4171245098114 seconds
