page 21850
/bbs/Gossiping/M.1496161702.A.B56.html download to ptt/Gossiping/21850_0.txt, time: 4.700000
/bbs/Gossiping/M.1496161705.A.D08.html download to ptt/Gossiping/21850_1.txt, time: 5.430000
/bbs/Gossiping/M.1496161710.A.260.html download to ptt/Gossiping/21850_2.txt, time: 5.570000
/bbs/Gossiping/M.1496161759.A.593.html download to ptt/Gossiping/21850_3.txt, time: 4.330000
/bbs/Gossiping/M.1496161777.A.B14.html download to ptt/Gossiping/21850_4.txt, time: 5.030000
/bbs/Gossiping/M.1496161785.A.DEF.html download to ptt/Gossiping/21850_5.txt, time: 6.740000
/bbs/Gossiping/M.1496161820.A.494.html download to ptt/Gossiping/21850_6.txt, time: 4.730000
/bbs/Gossiping/M.1496161846.A.7C7.html download to ptt/Gossiping/21850_7.txt, time: 4.780000
/bbs/Gossiping/M.1496161871.A.E0A.html download to ptt/Gossiping/21850_8.txt, time: 9.200000
/bbs/Gossiping/M.1496161913.A.D53.html download to ptt/Gossiping/21850_9.txt, time: 3.700000
/bbs/Gossiping/M.1496161950.A.EF6.html download to ptt/Gossiping/21850_10.txt, time: 5.420000
/bbs/Gossiping/M.1496161978.A.A04.html download to ptt/Gossiping/21850_11.txt, time: 4.160000
/bbs/Gossiping/M.1496161994.A.43E.html download to ptt/Gossiping/21850_12.txt, time: 5.530000
/bbs/Gossiping/M.1496161995.A.B36.html download to ptt/Gossiping/21850_13.txt, time: 3.970000
/bbs/Gossiping/M.1496162023.A.879.html download to ptt/Gossiping/21850_14.txt, time: 6.840000
/bbs/Gossiping/M.1496162031.A.AE5.html download to ptt/Gossiping/21850_15.txt, time: 4.220000
/bbs/Gossiping/M.1496162077.A.9F1.html download to ptt/Gossiping/21850_16.txt, time: 5.210000
/bbs/Gossiping/M.1496162107.A.B29.html download to ptt/Gossiping/21850_17.txt, time: 5.330000
/bbs/Gossiping/M.1496162135.A.914.html download to ptt/Gossiping/21850_18.txt, time: 3.870000
/bbs/Gossiping/M.1496162173.A.2CF.html download to ptt/Gossiping/21850_19.txt, time: 4.920000
page 21849
/bbs/Gossiping/M.1496161306.A.8C2.html download to ptt/Gossiping/21849_0.txt, time: 3.310000
/bbs/Gossiping/M.1496161318.A.1A8.html download to ptt/Gossiping/21849_1.txt, time: 5.800000
/bbs/Gossiping/M.1496161337.A.EDE.html download to ptt/Gossiping/21849_2.txt, time: 6.240000
/bbs/Gossiping/M.1496161341.A.A73.html download to ptt/Gossiping/21849_3.txt, time: 3.040000
/bbs/Gossiping/M.1496161401.A.17D.html download to ptt/Gossiping/21849_4.txt, time: 5.970000
/bbs/Gossiping/M.1496161402.A.2C9.html download to ptt/Gossiping/21849_5.txt, time: 7.050000
/bbs/Gossiping/M.1496161416.A.1E9.html download to ptt/Gossiping/21849_6.txt, time: 6.310000
/bbs/Gossiping/M.1496161434.A.AC6.html download to ptt/Gossiping/21849_7.txt, time: 3.790000
/bbs/Gossiping/M.1496161488.A.CB4.html download to ptt/Gossiping/21849_8.txt, time: 4.460000
/bbs/Gossiping/M.1496161495.A.C04.html download to ptt/Gossiping/21849_9.txt, time: 5.520000
/bbs/Gossiping/M.1496161501.A.6C6.html download to ptt/Gossiping/21849_10.txt, time: 5.950000
/bbs/Gossiping/M.1496161530.A.A39.html download to ptt/Gossiping/21849_11.txt, time: 5.900000
/bbs/Gossiping/M.1496161536.A.7B9.html download to ptt/Gossiping/21849_12.txt, time: 4.770000
/bbs/Gossiping/M.1496161563.A.9D1.html download to ptt/Gossiping/21849_13.txt, time: 5.220000
/bbs/Gossiping/M.1496161595.A.A81.html download to ptt/Gossiping/21849_14.txt, time: 4.510000
/bbs/Gossiping/M.1496161598.A.7CE.html download to ptt/Gossiping/21849_15.txt, time: 3.780000
/bbs/Gossiping/M.1496161625.A.FC6.html download to ptt/Gossiping/21849_16.txt, time: 4.570000
/bbs/Gossiping/M.1496161635.A.1A7.html download to ptt/Gossiping/21849_17.txt, time: 4.720000
/bbs/Gossiping/M.1496161642.A.795.html download to ptt/Gossiping/21849_18.txt, time: 4.460000
/bbs/Gossiping/M.1496161702.A.FB7.html download to ptt/Gossiping/21849_19.txt, time: 5.340000
page 21848
/bbs/Gossiping/M.1496160885.A.C1C.html download to ptt/Gossiping/21848_0.txt, time: 5.150000
/bbs/Gossiping/M.1496160890.A.E77.html download to ptt/Gossiping/21848_1.txt, time: 8.440000
/bbs/Gossiping/M.1496160894.A.1DB.htmlTraceback (most recent call last):
  File "/home/studentyl/anaconda3/lib/python3.6/site-packages/requests/packages/urllib3/connectionpool.py", line 600, in urlopen
    chunked=chunked)
  File "/home/studentyl/anaconda3/lib/python3.6/site-packages/requests/packages/urllib3/connectionpool.py", line 386, in _make_request
    six.raise_from(e, None)
  File "<string>", line 2, in raise_from
  File "/home/studentyl/anaconda3/lib/python3.6/site-packages/requests/packages/urllib3/connectionpool.py", line 382, in _make_request
    httplib_response = conn.getresponse()
  File "/home/studentyl/anaconda3/lib/python3.6/http/client.py", line 1331, in getresponse
    response.begin()
  File "/home/studentyl/anaconda3/lib/python3.6/http/client.py", line 297, in begin
    version, status, reason = self._read_status()
  File "/home/studentyl/anaconda3/lib/python3.6/http/client.py", line 266, in _read_status
    raise RemoteDisconnected("Remote end closed connection without"
http.client.RemoteDisconnected: Remote end closed connection without response

During handling of the above exception, another exception occurred:

Traceback (most recent call last):
  File "/home/studentyl/anaconda3/lib/python3.6/site-packages/requests/adapters.py", line 438, in send
    timeout=timeout
  File "/home/studentyl/anaconda3/lib/python3.6/site-packages/requests/packages/urllib3/connectionpool.py", line 649, in urlopen
    _stacktrace=sys.exc_info()[2])
  File "/home/studentyl/anaconda3/lib/python3.6/site-packages/requests/packages/urllib3/util/retry.py", line 357, in increment
    raise six.reraise(type(error), error, _stacktrace)
  File "/home/studentyl/anaconda3/lib/python3.6/site-packages/requests/packages/urllib3/packages/six.py", line 685, in reraise
    raise value.with_traceback(tb)
  File "/home/studentyl/anaconda3/lib/python3.6/site-packages/requests/packages/urllib3/connectionpool.py", line 600, in urlopen
    chunked=chunked)
  File "/home/studentyl/anaconda3/lib/python3.6/site-packages/requests/packages/urllib3/connectionpool.py", line 386, in _make_request
    six.raise_from(e, None)
  File "<string>", line 2, in raise_from
  File "/home/studentyl/anaconda3/lib/python3.6/site-packages/requests/packages/urllib3/connectionpool.py", line 382, in _make_request
    httplib_response = conn.getresponse()
  File "/home/studentyl/anaconda3/lib/python3.6/http/client.py", line 1331, in getresponse
    response.begin()
  File "/home/studentyl/anaconda3/lib/python3.6/http/client.py", line 297, in begin
    version, status, reason = self._read_status()
  File "/home/studentyl/anaconda3/lib/python3.6/http/client.py", line 266, in _read_status
    raise RemoteDisconnected("Remote end closed connection without"
requests.packages.urllib3.exceptions.ProtocolError: ('Connection aborted.', RemoteDisconnected('Remote end closed connection without response',))

During handling of the above exception, another exception occurred:

Traceback (most recent call last):
  File "./crawler.py", line 177, in <module>
    main(sys.argv[1:])
  File "./crawler.py", line 158, in main
    downloadForum(forumName, startPage, pages)
  File "./crawler.py", line 140, in downloadForum
    downloadPage(str(articleCount), forumName, pageNum, 'https://www.ptt.cc'+link)
  File "./crawler.py", line 82, in downloadPage
    pageText = getPageText(link)
  File "./crawler.py", line 13, in getPageText
    pageText=requests.get(link, cookies={'over18':'1'}).text
  File "/home/studentyl/anaconda3/lib/python3.6/site-packages/requests/api.py", line 72, in get
    return request('get', url, params=params, **kwargs)
  File "/home/studentyl/anaconda3/lib/python3.6/site-packages/requests/api.py", line 58, in request
    return session.request(method=method, url=url, **kwargs)
  File "/home/studentyl/anaconda3/lib/python3.6/site-packages/requests/sessions.py", line 518, in request
    resp = self.send(prep, **send_kwargs)
  File "/home/studentyl/anaconda3/lib/python3.6/site-packages/requests/sessions.py", line 639, in send
    r = adapter.send(request, **kwargs)
  File "/home/studentyl/anaconda3/lib/python3.6/site-packages/requests/adapters.py", line 488, in send
    raise ConnectionError(err, request=request)
requests.exceptions.ConnectionError: ('Connection aborted.', RemoteDisconnected('Remote end closed connection without response',))
