page 21860
/bbs/Gossiping/M.1496168356.A.07A.html download to ptt/Gossiping/21860_0.txt, time: 4.440000
/bbs/Gossiping/M.1496168392.A.DD5.html download to ptt/Gossiping/21860_1.txt, time: 4.580000
/bbs/Gossiping/M.1496168547.A.B30.html download to ptt/Gossiping/21860_2.txt, time: 5.350000
/bbs/Gossiping/M.1496168685.A.3BD.html download to ptt/Gossiping/21860_3.txt, time: 3.790000
/bbs/Gossiping/M.1496168730.A.30B.html download to ptt/Gossiping/21860_4.txt, time: 4.780000
/bbs/Gossiping/M.1496168913.A.3D2.html download to ptt/Gossiping/21860_5.txt, time: 3.720000
/bbs/Gossiping/M.1496168942.A.605.html download to ptt/Gossiping/21860_6.txt, time: 7.720000
/bbs/Gossiping/M.1496168955.A.81E.html download to ptt/Gossiping/21860_7.txt, time: 6.590000
/bbs/Gossiping/M.1496169051.A.645.html download to ptt/Gossiping/21860_8.txt, time: 4.800000
/bbs/Gossiping/M.1496169094.A.B21.html download to ptt/Gossiping/21860_9.txt, time: 6.150000
/bbs/Gossiping/M.1496169118.A.5CD.html download to ptt/Gossiping/21860_10.txt, time: 5.180000
/bbs/Gossiping/M.1496169136.A.F62.html download to ptt/Gossiping/21860_11.txt, time: 4.510000
/bbs/Gossiping/M.1496169152.A.210.html download to ptt/Gossiping/21860_12.txt, time: 6.700000
/bbs/Gossiping/M.1496169244.A.AD4.html download to ptt/Gossiping/21860_13.txt, time: 6.860000
/bbs/Gossiping/M.1496169272.A.D54.html download to ptt/Gossiping/21860_14.txt, time: 3.590000
/bbs/Gossiping/M.1496169337.A.B04.html download to ptt/Gossiping/21860_15.txt, time: 4.560000
/bbs/Gossiping/M.1496169353.A.5E4.html download to ptt/Gossiping/21860_16.txt, time: 3.720000
/bbs/Gossiping/M.1496169445.A.714.html download to ptt/Gossiping/21860_17.txt, time: 5.920000
/bbs/Gossiping/M.1496170093.A.669.html download to ptt/Gossiping/21860_18.txt, time: 4.370000
/bbs/Gossiping/M.1496170180.A.AD9.html download to ptt/Gossiping/21860_19.txt, time: 4.140000
page 21859
/bbs/Gossiping/M.1496167343.A.B96.html download to ptt/Gossiping/21859_0.txt, time: 3.230000
/bbs/Gossiping/M.1496167359.A.9EA.html download to ptt/Gossiping/21859_1.txt, time: 7.500000
/bbs/Gossiping/M.1496167396.A.BEC.html download to ptt/Gossiping/21859_2.txt, time: 3.830000
/bbs/Gossiping/M.1496167444.A.781.html download to ptt/Gossiping/21859_3.txt, time: 5.870000
/bbs/Gossiping/M.1496167471.A.B26.html download to ptt/Gossiping/21859_4.txt, time: 4.540000
/bbs/Gossiping/M.1496167615.A.4CA.html download to ptt/Gossiping/21859_5.txt, time: 4.630000
/bbs/Gossiping/M.1496167656.A.F3D.html download to ptt/Gossiping/21859_6.txt, time: 5.500000
/bbs/Gossiping/M.1496167656.A.A55.html download to ptt/Gossiping/21859_7.txt, time: 4.370000
/bbs/Gossiping/M.1496167690.A.15A.html download to ptt/Gossiping/21859_8.txt, time: 4.140000
/bbs/Gossiping/M.1496167702.A.A51.html download to ptt/Gossiping/21859_9.txt, time: 4.630000
/bbs/Gossiping/M.1496167781.A.7E2.html download to ptt/Gossiping/21859_10.txt, time: 4.670000
/bbs/Gossiping/M.1496167859.A.6D8.html download to ptt/Gossiping/21859_11.txt, time: 4.860000
/bbs/Gossiping/M.1496167912.A.CC3.html download to ptt/Gossiping/21859_12.txt, time: 4.960000
/bbs/Gossiping/M.1496167972.A.35E.html download to ptt/Gossiping/21859_13.txt, time: 5.610000
/bbs/Gossiping/M.1496168001.A.2FF.html download to ptt/Gossiping/21859_14.txt, time: 6.140000
/bbs/Gossiping/M.1496168081.A.E60.html download to ptt/Gossiping/21859_15.txt, time: 4.300000
/bbs/Gossiping/M.1496168170.A.A26.html download to ptt/Gossiping/21859_16.txt, time: 4.630000
/bbs/Gossiping/M.1496168186.A.91B.html download to ptt/Gossiping/21859_17.txt, time: 3.990000
/bbs/Gossiping/M.1496168272.A.CDA.html download to ptt/Gossiping/21859_18.txt, time: 4.950000
/bbs/Gossiping/M.1496168295.A.5EA.html download to ptt/Gossiping/21859_19.txt, time: 3.790000
page 21858
/bbs/Gossiping/M.1496166372.A.AF4.html download to ptt/Gossiping/21858_0.txt, time: 4.200000
/bbs/Gossiping/M.1496166453.A.A65.html download to ptt/Gossiping/21858_1.txt, time: 7.070000
/bbs/Gossiping/M.1496166453.A.0F2.html download to ptt/Gossiping/21858_2.txt, time: 3.880000
/bbs/Gossiping/M.1496166485.A.751.html download to ptt/Gossiping/21858_3.txt, time: 7.820000
/bbs/Gossiping/M.1496166567.A.4FA.html download to ptt/Gossiping/21858_4.txt, time: 6.430000
/bbs/Gossiping/M.1496166601.A.298.htmlTraceback (most recent call last):
  File "/home/studentyl/anaconda3/lib/python3.6/site-packages/requests/packages/urllib3/connectionpool.py", line 600, in urlopen
    chunked=chunked)
  File "/home/studentyl/anaconda3/lib/python3.6/site-packages/requests/packages/urllib3/connectionpool.py", line 386, in _make_request
    six.raise_from(e, None)
  File "<string>", line 2, in raise_from
  File "/home/studentyl/anaconda3/lib/python3.6/site-packages/requests/packages/urllib3/connectionpool.py", line 382, in _make_request
    httplib_response = conn.getresponse()
  File "/home/studentyl/anaconda3/lib/python3.6/http/client.py", line 1331, in getresponse
    response.begin()
  File "/home/studentyl/anaconda3/lib/python3.6/http/client.py", line 297, in begin
    version, status, reason = self._read_status()
  File "/home/studentyl/anaconda3/lib/python3.6/http/client.py", line 266, in _read_status
    raise RemoteDisconnected("Remote end closed connection without"
http.client.RemoteDisconnected: Remote end closed connection without response

During handling of the above exception, another exception occurred:

Traceback (most recent call last):
  File "/home/studentyl/anaconda3/lib/python3.6/site-packages/requests/adapters.py", line 438, in send
    timeout=timeout
  File "/home/studentyl/anaconda3/lib/python3.6/site-packages/requests/packages/urllib3/connectionpool.py", line 649, in urlopen
    _stacktrace=sys.exc_info()[2])
  File "/home/studentyl/anaconda3/lib/python3.6/site-packages/requests/packages/urllib3/util/retry.py", line 357, in increment
    raise six.reraise(type(error), error, _stacktrace)
  File "/home/studentyl/anaconda3/lib/python3.6/site-packages/requests/packages/urllib3/packages/six.py", line 685, in reraise
    raise value.with_traceback(tb)
  File "/home/studentyl/anaconda3/lib/python3.6/site-packages/requests/packages/urllib3/connectionpool.py", line 600, in urlopen
    chunked=chunked)
  File "/home/studentyl/anaconda3/lib/python3.6/site-packages/requests/packages/urllib3/connectionpool.py", line 386, in _make_request
    six.raise_from(e, None)
  File "<string>", line 2, in raise_from
  File "/home/studentyl/anaconda3/lib/python3.6/site-packages/requests/packages/urllib3/connectionpool.py", line 382, in _make_request
    httplib_response = conn.getresponse()
  File "/home/studentyl/anaconda3/lib/python3.6/http/client.py", line 1331, in getresponse
    response.begin()
  File "/home/studentyl/anaconda3/lib/python3.6/http/client.py", line 297, in begin
    version, status, reason = self._read_status()
  File "/home/studentyl/anaconda3/lib/python3.6/http/client.py", line 266, in _read_status
    raise RemoteDisconnected("Remote end closed connection without"
requests.packages.urllib3.exceptions.ProtocolError: ('Connection aborted.', RemoteDisconnected('Remote end closed connection without response',))

During handling of the above exception, another exception occurred:

Traceback (most recent call last):
  File "./crawler.py", line 177, in <module>
    main(sys.argv[1:])
  File "./crawler.py", line 158, in main
    downloadForum(forumName, startPage, pages)
  File "./crawler.py", line 140, in downloadForum
    downloadPage(str(articleCount), forumName, pageNum, 'https://www.ptt.cc'+link)
  File "./crawler.py", line 82, in downloadPage
    pageText = getPageText(link)
  File "./crawler.py", line 13, in getPageText
    pageText=requests.get(link, cookies={'over18':'1'}).text
  File "/home/studentyl/anaconda3/lib/python3.6/site-packages/requests/api.py", line 72, in get
    return request('get', url, params=params, **kwargs)
  File "/home/studentyl/anaconda3/lib/python3.6/site-packages/requests/api.py", line 58, in request
    return session.request(method=method, url=url, **kwargs)
  File "/home/studentyl/anaconda3/lib/python3.6/site-packages/requests/sessions.py", line 518, in request
    resp = self.send(prep, **send_kwargs)
  File "/home/studentyl/anaconda3/lib/python3.6/site-packages/requests/sessions.py", line 639, in send
    r = adapter.send(request, **kwargs)
  File "/home/studentyl/anaconda3/lib/python3.6/site-packages/requests/adapters.py", line 488, in send
    raise ConnectionError(err, request=request)
requests.exceptions.ConnectionError: ('Connection aborted.', RemoteDisconnected('Remote end closed connection without response',))
