page 21870
/bbs/Gossiping/M.1496191939.A.6CF.html download to ptt/Gossiping/21870_0.txt, time: 5.170000
/bbs/Gossiping/M.1496192018.A.53A.html download to ptt/Gossiping/21870_1.txt, time: 4.660000
/bbs/Gossiping/M.1496192116.A.B3F.html download to ptt/Gossiping/21870_2.txt, time: 7.140000
/bbs/Gossiping/M.1496192171.A.A57.html download to ptt/Gossiping/21870_3.txt, time: 7.820000
/bbs/Gossiping/M.1496192181.A.222.html download to ptt/Gossiping/21870_4.txt, time: 6.480000
/bbs/Gossiping/M.1496192185.A.806.html download to ptt/Gossiping/21870_5.txt, time: 4.240000
/bbs/Gossiping/M.1496192227.A.438.html download to ptt/Gossiping/21870_6.txt, time: 3.410000
/bbs/Gossiping/M.1496192334.A.F2F.html download to ptt/Gossiping/21870_7.txt, time: 6.490000
/bbs/Gossiping/M.1496192386.A.3D1.html download to ptt/Gossiping/21870_8.txt, time: 3.960000
/bbs/Gossiping/M.1496192482.A.4AC.html download to ptt/Gossiping/21870_9.txt, time: 3.820000
/bbs/Gossiping/M.1496192516.A.D64.html download to ptt/Gossiping/21870_10.txt, time: 6.900000
/bbs/Gossiping/M.1496192538.A.8E1.html download to ptt/Gossiping/21870_11.txt, time: 6.040000
/bbs/Gossiping/M.1496192589.A.5D9.html download to ptt/Gossiping/21870_12.txt, time: 4.000000
/bbs/Gossiping/M.1496192634.A.FFE.html download to ptt/Gossiping/21870_13.txt, time: 3.890000
/bbs/Gossiping/M.1496192638.A.B7B.html download to ptt/Gossiping/21870_14.txt, time: 5.640000
/bbs/Gossiping/M.1496192648.A.AE4.html download to ptt/Gossiping/21870_15.txt, time: 8.510000
/bbs/Gossiping/M.1496192784.A.446.html download to ptt/Gossiping/21870_16.txt, time: 4.760000
/bbs/Gossiping/M.1496192816.A.1BC.html download to ptt/Gossiping/21870_17.txt, time: 3.010000
/bbs/Gossiping/M.1496192894.A.69C.html download to ptt/Gossiping/21870_18.txt, time: 5.150000
/bbs/Gossiping/M.1496192902.A.F6D.html download to ptt/Gossiping/21870_19.txt, time: 4.400000
page 21869
/bbs/Gossiping/M.1496190921.A.288.html download to ptt/Gossiping/21869_0.txt, time: 4.270000
/bbs/Gossiping/M.1496190978.A.B53.html download to ptt/Gossiping/21869_1.txt, time: 5.810000
/bbs/Gossiping/M.1496191057.A.145.html download to ptt/Gossiping/21869_2.txt, time: 5.410000
/bbs/Gossiping/M.1496191065.A.3C1.html download to ptt/Gossiping/21869_3.txt, time: 3.830000
/bbs/Gossiping/M.1496191141.A.227.html download to ptt/Gossiping/21869_4.txt, time: 6.400000
/bbs/Gossiping/M.1496191153.A.2A4.html download to ptt/Gossiping/21869_5.txt, time: 5.170000
/bbs/Gossiping/M.1496191153.A.499.html download to ptt/Gossiping/21869_6.txt, time: 5.190000
/bbs/Gossiping/M.1496191182.A.60D.html download to ptt/Gossiping/21869_7.txt, time: 4.310000
/bbs/Gossiping/M.1496191193.A.0D7.html download to ptt/Gossiping/21869_8.txt, time: 5.580000
/bbs/Gossiping/M.1496191328.A.02A.html download to ptt/Gossiping/21869_9.txt, time: 5.750000
/bbs/Gossiping/M.1496191377.A.E89.html download to ptt/Gossiping/21869_10.txt, time: 3.960000
/bbs/Gossiping/M.1496191392.A.978.html download to ptt/Gossiping/21869_11.txt, time: 5.060000
/bbs/Gossiping/M.1496191444.A.FD2.html download to ptt/Gossiping/21869_12.txt, time: 7.050000
/bbs/Gossiping/M.1496191459.A.855.html download to ptt/Gossiping/21869_13.txt, time: 5.510000
/bbs/Gossiping/M.1496191555.A.796.html download to ptt/Gossiping/21869_14.txt, time: 4.980000
/bbs/Gossiping/M.1496191641.A.B2F.html download to ptt/Gossiping/21869_15.txt, time: 3.940000
/bbs/Gossiping/M.1496191708.A.FD9.html download to ptt/Gossiping/21869_16.txt, time: 5.080000
/bbs/Gossiping/M.1496191717.A.A9F.html download to ptt/Gossiping/21869_17.txt, time: 4.390000
/bbs/Gossiping/M.1496191779.A.09D.html download to ptt/Gossiping/21869_18.txt, time: 4.000000
/bbs/Gossiping/M.1496191894.A.1A4.html download to ptt/Gossiping/21869_19.txt, time: 4.800000
page 21868
/bbs/Gossiping/M.1496189950.A.E89.html download to ptt/Gossiping/21868_0.txt, time: 8.180000
/bbs/Gossiping/M.1496190018.A.A1C.html download to ptt/Gossiping/21868_1.txt, time: 9.360000
/bbs/Gossiping/M.1496190021.A.AC1.html download to ptt/Gossiping/21868_2.txt, time: 4.210000
/bbs/Gossiping/M.1496190077.A.FA6.html download to ptt/Gossiping/21868_3.txt, time: 4.490000
/bbs/Gossiping/M.1496190083.A.B95.html download to ptt/Gossiping/21868_4.txt, time: 4.440000
/bbs/Gossiping/M.1496190167.A.FCF.html download to ptt/Gossiping/21868_5.txt, time: 6.740000
/bbs/Gossiping/M.1496190188.A.40A.html download to ptt/Gossiping/21868_6.txt, time: 5.600000
/bbs/Gossiping/M.1496190277.A.124.html download to ptt/Gossiping/21868_7.txt, time: 5.140000
/bbs/Gossiping/M.1496190292.A.CDB.html download to ptt/Gossiping/21868_8.txt, time: 14.750000
/bbs/Gossiping/M.1496190319.A.F6C.html download to ptt/Gossiping/21868_9.txt, time: 4.880000
/bbs/Gossiping/M.1496190344.A.EC7.html download to ptt/Gossiping/21868_10.txt, time: 4.240000
/bbs/Gossiping/M.1496190410.A.D4B.html download to ptt/Gossiping/21868_11.txt, time: 6.810000
/bbs/Gossiping/M.1496190580.A.407.html download to ptt/Gossiping/21868_12.txt, time: 7.200000
/bbs/Gossiping/M.1496190636.A.3B2.html download to ptt/Gossiping/21868_13.txt, time: 4.770000
/bbs/Gossiping/M.1496190736.A.158.html download to ptt/Gossiping/21868_14.txt, time: 6.470000
/bbs/Gossiping/M.1496190750.A.4E8.html download to ptt/Gossiping/21868_15.txt, time: 7.160000
/bbs/Gossiping/M.1496190766.A.FA2.html download to ptt/Gossiping/21868_16.txt, time: 2.790000
/bbs/Gossiping/M.1496190840.A.54E.html download to ptt/Gossiping/21868_17.txt, time: 4.160000
/bbs/Gossiping/M.1496190908.A.C2E.html download to ptt/Gossiping/21868_18.txt, time: 3.590000
/bbs/Gossiping/M.1496190912.A.43E.html download to ptt/Gossiping/21868_19.txt, time: 4.600000
page 21867
/bbs/Gossiping/M.1496188846.A.CE7.html download to ptt/Gossiping/21867_0.txt, time: 3.480000
/bbs/Gossiping/M.1496188869.A.BA6.html download to ptt/Gossiping/21867_1.txt, time: 2.130000
/bbs/Gossiping/M.1496188872.A.C3F.html download to ptt/Gossiping/21867_2.txt, time: 5.210000
/bbs/Gossiping/M.1496188873.A.ABC.html download to ptt/Gossiping/21867_3.txt, time: 3.110000
/bbs/Gossiping/M.1496188878.A.66D.html download to ptt/Gossiping/21867_4.txt, time: 3.430000
/bbs/Gossiping/M.1496189019.A.14A.html download to ptt/Gossiping/21867_5.txt, time: 2.580000
/bbs/Gossiping/M.1496189169.A.602.html download to ptt/Gossiping/21867_6.txt, time: 3.500000
/bbs/Gossiping/M.1496189185.A.FAE.html download to ptt/Gossiping/21867_7.txt, time: 3.400000
/bbs/Gossiping/M.1496189281.A.6E3.html download to ptt/Gossiping/21867_8.txt, time: 2.420000
/bbs/Gossiping/M.1496189338.A.3B9.html download to ptt/Gossiping/21867_9.txt, time: 5.850000
/bbs/Gossiping/M.1496189367.A.223.html download to ptt/Gossiping/21867_10.txt, time: 5.260000
/bbs/Gossiping/M.1496189436.A.440.html download to ptt/Gossiping/21867_11.txt, time: 3.250000
empty download to ptt/Gossiping/21867_12.txt, time: 0.000000
/bbs/Gossiping/M.1496189668.A.F36.html download to ptt/Gossiping/21867_13.txt, time: 5.440000
/bbs/Gossiping/M.1496189711.A.450.html download to ptt/Gossiping/21867_14.txt, time: 2.980000
/bbs/Gossiping/M.1496189723.A.16E.html download to ptt/Gossiping/21867_15.txt, time: 4.020000
/bbs/Gossiping/M.1496189822.A.F12.html download to ptt/Gossiping/21867_16.txt, time: 3.020000
/bbs/Gossiping/M.1496189883.A.210.html download to ptt/Gossiping/21867_17.txt, time: 3.940000
/bbs/Gossiping/M.1496189885.A.1BF.html download to ptt/Gossiping/21867_18.txt, time: 7.630000
/bbs/Gossiping/M.1496189942.A.E11.html download to ptt/Gossiping/21867_19.txt, time: 5.390000
page 21866
empty download to ptt/Gossiping/21866_0.txt, time: 0.000000
/bbs/Gossiping/M.1496186824.A.F46.html download to ptt/Gossiping/21866_1.txt, time: 3.230000
/bbs/Gossiping/M.1496186878.A.E24.html download to ptt/Gossiping/21866_2.txt, time: 5.050000
/bbs/Gossiping/M.1496186994.A.46F.html download to ptt/Gossiping/21866_3.txt, time: 4.700000
/bbs/Gossiping/M.1496187175.A.858.html download to ptt/Gossiping/21866_4.txt, time: 3.530000
/bbs/Gossiping/M.1496187216.A.A7E.html download to ptt/Gossiping/21866_5.txt, time: 2.800000
/bbs/Gossiping/M.1496187289.A.07B.html download to ptt/Gossiping/21866_6.txt, time: 3.810000
/bbs/Gossiping/M.1496187310.A.6DD.html download to ptt/Gossiping/21866_7.txt, time: 5.130000
/bbs/Gossiping/M.1496187329.A.5D6.html download to ptt/Gossiping/21866_8.txt, time: 3.280000
/bbs/Gossiping/M.1496187470.A.E42.html download to ptt/Gossiping/21866_9.txt, time: 2.910000
/bbs/Gossiping/M.1496187577.A.13C.html download to ptt/Gossiping/21866_10.txt, time: 4.100000
/bbs/Gossiping/M.1496187640.A.994.html download to ptt/Gossiping/21866_11.txt, time: 4.170000
/bbs/Gossiping/M.1496187644.A.11F.html download to ptt/Gossiping/21866_12.txt, time: 5.080000
/bbs/Gossiping/M.1496187683.A.3A4.html download to ptt/Gossiping/21866_13.txt, time: 3.970000
/bbs/Gossiping/M.1496187965.A.95A.html download to ptt/Gossiping/21866_14.txt, time: 3.020000
/bbs/Gossiping/M.1496188155.A.867.html download to ptt/Gossiping/21866_15.txt, time: 3.290000
/bbs/Gossiping/M.1496188447.A.137.html download to ptt/Gossiping/21866_16.txt, time: 3.530000
/bbs/Gossiping/M.1496188585.A.5C5.html download to ptt/Gossiping/21866_17.txt, time: 3.610000
/bbs/Gossiping/M.1496188712.A.006.html download to ptt/Gossiping/21866_18.txt, time: 3.240000
/bbs/Gossiping/M.1496188778.A.48A.html download to ptt/Gossiping/21866_19.txt, time: 3.640000
time: 536.6355209350586 seconds
