page 21880
/bbs/Gossiping/M.1496198339.A.7D9.html download to ptt/Gossiping/21880_0.txt, time: 4.970000
/bbs/Gossiping/M.1496198374.A.FCF.html download to ptt/Gossiping/21880_1.txt, time: 5.770000
/bbs/Gossiping/M.1496198380.A.A0A.html download to ptt/Gossiping/21880_2.txt, time: 3.000000
/bbs/Gossiping/M.1496198396.A.B9E.html download to ptt/Gossiping/21880_3.txt, time: 6.210000
/bbs/Gossiping/M.1496198526.A.075.html download to ptt/Gossiping/21880_4.txt, time: 3.390000
/bbs/Gossiping/M.1496198537.A.08C.html download to ptt/Gossiping/21880_5.txt, time: 7.640000
/bbs/Gossiping/M.1496198540.A.FC6.html download to ptt/Gossiping/21880_6.txt, time: 5.810000
/bbs/Gossiping/M.1496198571.A.E63.html download to ptt/Gossiping/21880_7.txt, time: 4.360000
/bbs/Gossiping/M.1496198579.A.75E.html download to ptt/Gossiping/21880_8.txt, time: 5.810000
/bbs/Gossiping/M.1496198585.A.B92.html download to ptt/Gossiping/21880_9.txt, time: 3.730000
/bbs/Gossiping/M.1496198585.A.F36.html download to ptt/Gossiping/21880_10.txt, time: 4.410000
/bbs/Gossiping/M.1496198601.A.F0D.html download to ptt/Gossiping/21880_11.txt, time: 4.150000
/bbs/Gossiping/M.1496198633.A.2D5.html download to ptt/Gossiping/21880_12.txt, time: 8.210000
/bbs/Gossiping/M.1496198763.A.C21.html download to ptt/Gossiping/21880_13.txt, time: 5.160000
/bbs/Gossiping/M.1496198768.A.566.html download to ptt/Gossiping/21880_14.txt, time: 4.500000
/bbs/Gossiping/M.1496198830.A.BD3.html download to ptt/Gossiping/21880_15.txt, time: 4.000000
/bbs/Gossiping/M.1496198862.A.97B.html download to ptt/Gossiping/21880_16.txt, time: 4.200000
/bbs/Gossiping/M.1496198914.A.0E3.html download to ptt/Gossiping/21880_17.txt, time: 5.570000
/bbs/Gossiping/M.1496198918.A.4F7.html download to ptt/Gossiping/21880_18.txt, time: 6.380000
/bbs/Gossiping/M.1496198953.A.105.html download to ptt/Gossiping/21880_19.txt, time: 6.550000
page 21879
/bbs/Gossiping/M.1496197797.A.8CD.html download to ptt/Gossiping/21879_0.txt, time: 5.180000
/bbs/Gossiping/M.1496197806.A.79D.html download to ptt/Gossiping/21879_1.txt, time: 4.090000
/bbs/Gossiping/M.1496197854.A.509.html download to ptt/Gossiping/21879_2.txt, time: 6.240000
/bbs/Gossiping/M.1496197872.A.B68.html download to ptt/Gossiping/21879_3.txt, time: 4.860000
/bbs/Gossiping/M.1496197874.A.A3D.html download to ptt/Gossiping/21879_4.txt, time: 3.830000
/bbs/Gossiping/M.1496197882.A.4DE.html download to ptt/Gossiping/21879_5.txt, time: 4.260000
/bbs/Gossiping/M.1496197882.A.5AD.html download to ptt/Gossiping/21879_6.txt, time: 6.600000
/bbs/Gossiping/M.1496197901.A.A4E.html download to ptt/Gossiping/21879_7.txt, time: 5.530000
/bbs/Gossiping/M.1496197951.A.7B5.html download to ptt/Gossiping/21879_8.txt, time: 4.870000
/bbs/Gossiping/M.1496197953.A.400.html download to ptt/Gossiping/21879_9.txt, time: 4.830000
/bbs/Gossiping/M.1496197975.A.448.html download to ptt/Gossiping/21879_10.txt, time: 6.340000
/bbs/Gossiping/M.1496198039.A.AD9.html download to ptt/Gossiping/21879_11.txt, time: 3.850000
/bbs/Gossiping/M.1496198046.A.BAD.html download to ptt/Gossiping/21879_12.txt, time: 3.760000
/bbs/Gossiping/M.1496198056.A.ADD.html download to ptt/Gossiping/21879_13.txt, time: 4.420000
/bbs/Gossiping/M.1496198122.A.313.html download to ptt/Gossiping/21879_14.txt, time: 5.310000
/bbs/Gossiping/M.1496198160.A.79C.html download to ptt/Gossiping/21879_15.txt, time: 5.280000
/bbs/Gossiping/M.1496198254.A.363.html download to ptt/Gossiping/21879_16.txt, time: 5.010000
/bbs/Gossiping/M.1496198279.A.972.html download to ptt/Gossiping/21879_17.txt, time: 5.220000
/bbs/Gossiping/M.1496198296.A.3BF.html download to ptt/Gossiping/21879_18.txt, time: 4.160000
/bbs/Gossiping/M.1496198305.A.2BD.html download to ptt/Gossiping/21879_19.txt, time: 5.730000
page 21878
/bbs/Gossiping/M.1496197251.A.A29.html download to ptt/Gossiping/21878_0.txt, time: 4.900000
/bbs/Gossiping/M.1496197301.A.C5A.html download to ptt/Gossiping/21878_1.txt, time: 4.770000
/bbs/Gossiping/M.1496197308.A.969.html download to ptt/Gossiping/21878_2.txt, time: 8.010000
/bbs/Gossiping/M.1496197413.A.D16.html download to ptt/Gossiping/21878_3.txt, time: 6.610000
/bbs/Gossiping/M.1496197419.A.313.html download to ptt/Gossiping/21878_4.txt, time: 7.340000
/bbs/Gossiping/M.1496197424.A.758.html download to ptt/Gossiping/21878_5.txt, time: 4.710000
/bbs/Gossiping/M.1496197480.A.A8C.html download to ptt/Gossiping/21878_6.txt, time: 13.210000
/bbs/Gossiping/M.1496197508.A.04B.html download to ptt/Gossiping/21878_7.txt, time: 7.140000
/bbs/Gossiping/M.1496197570.A.29F.html download to ptt/Gossiping/21878_8.txt, time: 7.030000
/bbs/Gossiping/M.1496197582.A.443.html download to ptt/Gossiping/21878_9.txt, time: 3.780000
/bbs/Gossiping/M.1496197602.A.FAB.html download to ptt/Gossiping/21878_10.txt, time: 3.420000
/bbs/Gossiping/M.1496197606.A.03C.html download to ptt/Gossiping/21878_11.txt, time: 5.560000
/bbs/Gossiping/M.1496197650.A.E54.html download to ptt/Gossiping/21878_12.txt, time: 5.620000
/bbs/Gossiping/M.1496197662.A.AB3.html download to ptt/Gossiping/21878_13.txt, time: 6.250000
/bbs/Gossiping/M.1496197689.A.49C.html download to ptt/Gossiping/21878_14.txt, time: 3.810000
/bbs/Gossiping/M.1496197701.A.08F.html download to ptt/Gossiping/21878_15.txt, time: 3.660000
/bbs/Gossiping/M.1496197718.A.8E6.html download to ptt/Gossiping/21878_16.txt, time: 11.770000
/bbs/Gossiping/M.1496197724.A.B33.html download to ptt/Gossiping/21878_17.txt, time: 6.480000
/bbs/Gossiping/M.1496197756.A.403.html download to ptt/Gossiping/21878_18.txt, time: 4.450000
/bbs/Gossiping/M.1496197757.A.C93.html download to ptt/Gossiping/21878_19.txt, time: 4.760000
page 21877
/bbs/Gossiping/M.1496196825.A.DF0.html download to ptt/Gossiping/21877_0.txt, time: 3.310000
/bbs/Gossiping/M.1496196842.A.2D5.html download to ptt/Gossiping/21877_1.txt, time: 2.500000
/bbs/Gossiping/M.1496196898.A.219.html download to ptt/Gossiping/21877_2.txt, time: 2.540000
/bbs/Gossiping/M.1496196917.A.F5C.html download to ptt/Gossiping/21877_3.txt, time: 3.120000
/bbs/Gossiping/M.1496196919.A.12F.html download to ptt/Gossiping/21877_4.txt, time: 5.680000
/bbs/Gossiping/M.1496196950.A.9E4.html download to ptt/Gossiping/21877_5.txt, time: 5.530000
/bbs/Gossiping/M.1496196980.A.258.html download to ptt/Gossiping/21877_6.txt, time: 3.340000
/bbs/Gossiping/M.1496196996.A.064.html download to ptt/Gossiping/21877_7.txt, time: 4.870000
/bbs/Gossiping/M.1496197028.A.01D.html download to ptt/Gossiping/21877_8.txt, time: 3.360000
/bbs/Gossiping/M.1496197060.A.23D.html download to ptt/Gossiping/21877_9.txt, time: 3.870000
/bbs/Gossiping/M.1496197085.A.FFC.html download to ptt/Gossiping/21877_10.txt, time: 3.410000
/bbs/Gossiping/M.1496197102.A.B7E.html download to ptt/Gossiping/21877_11.txt, time: 4.160000
/bbs/Gossiping/M.1496197115.A.D5B.html download to ptt/Gossiping/21877_12.txt, time: 2.870000
/bbs/Gossiping/M.1496197118.A.3EC.html download to ptt/Gossiping/21877_13.txt, time: 3.900000
/bbs/Gossiping/M.1496197133.A.7B1.html download to ptt/Gossiping/21877_14.txt, time: 2.840000
/bbs/Gossiping/M.1496197201.A.553.html download to ptt/Gossiping/21877_15.txt, time: 5.020000
/bbs/Gossiping/M.1496197212.A.23E.html download to ptt/Gossiping/21877_16.txt, time: 6.440000
/bbs/Gossiping/M.1496197226.A.70E.html download to ptt/Gossiping/21877_17.txt, time: 8.230000
/bbs/Gossiping/M.1496197243.A.3F5.html download to ptt/Gossiping/21877_18.txt, time: 3.430000
/bbs/Gossiping/M.1496197249.A.7A2.html download to ptt/Gossiping/21877_19.txt, time: 3.490000
page 21876
/bbs/Gossiping/M.1496196158.A.83B.html download to ptt/Gossiping/21876_0.txt, time: 2.880000
/bbs/Gossiping/M.1496196172.A.555.html download to ptt/Gossiping/21876_1.txt, time: 4.590000
/bbs/Gossiping/M.1496196205.A.27B.html download to ptt/Gossiping/21876_2.txt, time: 3.220000
/bbs/Gossiping/M.1496196315.A.E59.html download to ptt/Gossiping/21876_3.txt, time: 5.820000
/bbs/Gossiping/M.1496196331.A.6F0.html download to ptt/Gossiping/21876_4.txt, time: 5.440000
/bbs/Gossiping/M.1496196346.A.094.html download to ptt/Gossiping/21876_5.txt, time: 4.880000
/bbs/Gossiping/M.1496196348.A.370.html download to ptt/Gossiping/21876_6.txt, time: 4.570000
/bbs/Gossiping/M.1496196365.A.22E.html download to ptt/Gossiping/21876_7.txt, time: 3.770000
/bbs/Gossiping/M.1496196428.A.5E7.html download to ptt/Gossiping/21876_8.txt, time: 4.190000
/bbs/Gossiping/M.1496196438.A.21D.html download to ptt/Gossiping/21876_9.txt, time: 4.160000
/bbs/Gossiping/M.1496196480.A.7D3.html download to ptt/Gossiping/21876_10.txt, time: 2.830000
/bbs/Gossiping/M.1496196517.A.548.html download to ptt/Gossiping/21876_11.txt, time: 2.820000
/bbs/Gossiping/M.1496196540.A.1C4.html download to ptt/Gossiping/21876_12.txt, time: 2.950000
/bbs/Gossiping/M.1496196554.A.70B.html download to ptt/Gossiping/21876_13.txt, time: 3.990000
/bbs/Gossiping/M.1496196576.A.D30.html download to ptt/Gossiping/21876_14.txt, time: 4.590000
/bbs/Gossiping/M.1496196632.A.BFB.html download to ptt/Gossiping/21876_15.txt, time: 3.740000
/bbs/Gossiping/M.1496196661.A.418.html download to ptt/Gossiping/21876_16.txt, time: 3.890000
/bbs/Gossiping/M.1496196713.A.17A.html download to ptt/Gossiping/21876_17.txt, time: 3.300000
/bbs/Gossiping/M.1496196715.A.F7B.html download to ptt/Gossiping/21876_18.txt, time: 2.590000
/bbs/Gossiping/M.1496196757.A.0BB.html download to ptt/Gossiping/21876_19.txt, time: 7.450000
time: 551.6560232639313 seconds
