page 21890
/bbs/Gossiping/M.1496203723.A.6A4.html download to ptt/Gossiping/21890_0.txt, time: 4.810000
/bbs/Gossiping/M.1496203723.A.D70.html download to ptt/Gossiping/21890_1.txt, time: 4.530000
/bbs/Gossiping/M.1496203745.A.DA9.html download to ptt/Gossiping/21890_2.txt, time: 5.200000
/bbs/Gossiping/M.1496203765.A.CDC.html download to ptt/Gossiping/21890_3.txt, time: 6.410000
/bbs/Gossiping/M.1496203777.A.FC9.html download to ptt/Gossiping/21890_4.txt, time: 8.710000
/bbs/Gossiping/M.1496203785.A.90A.html download to ptt/Gossiping/21890_5.txt, time: 5.310000
/bbs/Gossiping/M.1496203910.A.59C.html download to ptt/Gossiping/21890_6.txt, time: 4.320000
/bbs/Gossiping/M.1496203913.A.8F3.html download to ptt/Gossiping/21890_7.txt, time: 6.020000
/bbs/Gossiping/M.1496203987.A.96C.html download to ptt/Gossiping/21890_8.txt, time: 4.300000
/bbs/Gossiping/M.1496204006.A.B68.html download to ptt/Gossiping/21890_9.txt, time: 4.900000
/bbs/Gossiping/M.1496204039.A.AA7.html download to ptt/Gossiping/21890_10.txt, time: 5.600000
/bbs/Gossiping/M.1496204041.A.F03.html download to ptt/Gossiping/21890_11.txt, time: 7.500000
/bbs/Gossiping/M.1496204052.A.76F.html download to ptt/Gossiping/21890_12.txt, time: 4.690000
/bbs/Gossiping/M.1496204055.A.A27.html download to ptt/Gossiping/21890_13.txt, time: 5.630000
/bbs/Gossiping/M.1496204084.A.E29.html download to ptt/Gossiping/21890_14.txt, time: 2.750000
/bbs/Gossiping/M.1496204085.A.039.html download to ptt/Gossiping/21890_15.txt, time: 3.850000
/bbs/Gossiping/M.1496204152.A.DBC.html download to ptt/Gossiping/21890_16.txt, time: 3.080000
/bbs/Gossiping/M.1496204187.A.742.html download to ptt/Gossiping/21890_17.txt, time: 5.550000
/bbs/Gossiping/M.1496204205.A.756.html download to ptt/Gossiping/21890_18.txt, time: 3.670000
/bbs/Gossiping/M.1496204283.A.3FF.html download to ptt/Gossiping/21890_19.txt, time: 3.970000
page 21889
/bbs/Gossiping/M.1496203214.A.441.html download to ptt/Gossiping/21889_0.txt, time: 3.690000
/bbs/Gossiping/M.1496203274.A.646.html download to ptt/Gossiping/21889_1.txt, time: 3.800000
/bbs/Gossiping/M.1496203277.A.049.html download to ptt/Gossiping/21889_2.txt, time: 6.370000
/bbs/Gossiping/M.1496203293.A.D29.html download to ptt/Gossiping/21889_3.txt, time: 6.630000
/bbs/Gossiping/M.1496203327.A.901.html download to ptt/Gossiping/21889_4.txt, time: 5.180000
/bbs/Gossiping/M.1496203359.A.00D.html download to ptt/Gossiping/21889_5.txt, time: 3.850000
/bbs/Gossiping/M.1496203363.A.E3F.html download to ptt/Gossiping/21889_6.txt, time: 5.340000
/bbs/Gossiping/M.1496203394.A.439.html download to ptt/Gossiping/21889_7.txt, time: 4.470000
/bbs/Gossiping/M.1496203425.A.4D9.html download to ptt/Gossiping/21889_8.txt, time: 5.640000
/bbs/Gossiping/M.1496203425.A.226.html download to ptt/Gossiping/21889_9.txt, time: 4.580000
/bbs/Gossiping/M.1496203445.A.78F.html download to ptt/Gossiping/21889_10.txt, time: 4.100000
/bbs/Gossiping/M.1496203458.A.92A.html download to ptt/Gossiping/21889_11.txt, time: 5.240000
/bbs/Gossiping/M.1496203480.A.C13.html download to ptt/Gossiping/21889_12.txt, time: 5.260000
/bbs/Gossiping/M.1496203482.A.BF2.html download to ptt/Gossiping/21889_13.txt, time: 4.620000
/bbs/Gossiping/M.1496203499.A.05B.html download to ptt/Gossiping/21889_14.txt, time: 5.160000
/bbs/Gossiping/M.1496203517.A.D43.html download to ptt/Gossiping/21889_15.txt, time: 4.630000
/bbs/Gossiping/M.1496203540.A.FE6.html download to ptt/Gossiping/21889_16.txt, time: 4.040000
/bbs/Gossiping/M.1496203620.A.F08.html download to ptt/Gossiping/21889_17.txt, time: 5.140000
/bbs/Gossiping/M.1496203620.A.5BC.html download to ptt/Gossiping/21889_18.txt, time: 5.020000
/bbs/Gossiping/M.1496203685.A.767.html download to ptt/Gossiping/21889_19.txt, time: 4.440000
page 21888
/bbs/Gossiping/M.1496202776.A.B3A.html download to ptt/Gossiping/21888_0.txt, time: 5.300000
/bbs/Gossiping/M.1496202776.A.8B9.html download to ptt/Gossiping/21888_1.txt, time: 5.350000
/bbs/Gossiping/M.1496202818.A.D2C.html download to ptt/Gossiping/21888_2.txt, time: 8.870000
/bbs/Gossiping/M.1496202846.A.69C.html download to ptt/Gossiping/21888_3.txt, time: 6.730000
/bbs/Gossiping/M.1496202858.A.70A.html download to ptt/Gossiping/21888_4.txt, time: 6.680000
/bbs/Gossiping/M.1496202863.A.D8B.html download to ptt/Gossiping/21888_5.txt, time: 6.450000
/bbs/Gossiping/M.1496202870.A.26E.html download to ptt/Gossiping/21888_6.txt, time: 4.100000
empty download to ptt/Gossiping/21888_7.txt, time: 0.000000
/bbs/Gossiping/M.1496202971.A.F6A.html download to ptt/Gossiping/21888_8.txt, time: 4.370000
/bbs/Gossiping/M.1496202992.A.E1C.html download to ptt/Gossiping/21888_9.txt, time: 5.930000
/bbs/Gossiping/M.1496203011.A.5EF.html download to ptt/Gossiping/21888_10.txt, time: 7.500000
/bbs/Gossiping/M.1496203032.A.EF3.html download to ptt/Gossiping/21888_11.txt, time: 4.640000
/bbs/Gossiping/M.1496203052.A.F5D.html download to ptt/Gossiping/21888_12.txt, time: 4.680000
/bbs/Gossiping/M.1496203059.A.F8C.html download to ptt/Gossiping/21888_13.txt, time: 5.360000
/bbs/Gossiping/M.1496203091.A.209.html download to ptt/Gossiping/21888_14.txt, time: 4.290000
/bbs/Gossiping/M.1496203094.A.01A.html download to ptt/Gossiping/21888_15.txt, time: 7.310000
/bbs/Gossiping/M.1496203115.A.564.html download to ptt/Gossiping/21888_16.txt, time: 5.740000
/bbs/Gossiping/M.1496203128.A.548.html download to ptt/Gossiping/21888_17.txt, time: 13.800000
/bbs/Gossiping/M.1496203169.A.757.html download to ptt/Gossiping/21888_18.txt, time: 4.200000
/bbs/Gossiping/M.1496203178.A.FC0.html download to ptt/Gossiping/21888_19.txt, time: 4.370000
page 21887
/bbs/Gossiping/M.1496202354.A.9D3.html download to ptt/Gossiping/21887_0.txt, time: 3.740000
/bbs/Gossiping/M.1496202356.A.B79.html download to ptt/Gossiping/21887_1.txt, time: 3.360000
/bbs/Gossiping/M.1496202368.A.5C7.html download to ptt/Gossiping/21887_2.txt, time: 4.020000
/bbs/Gossiping/M.1496202372.A.F19.html download to ptt/Gossiping/21887_3.txt, time: 4.230000
/bbs/Gossiping/M.1496202401.A.6BE.html download to ptt/Gossiping/21887_4.txt, time: 3.520000
/bbs/Gossiping/M.1496202423.A.C80.html download to ptt/Gossiping/21887_5.txt, time: 4.250000
/bbs/Gossiping/M.1496202526.A.B68.html download to ptt/Gossiping/21887_6.txt, time: 4.090000
/bbs/Gossiping/M.1496202529.A.1DB.html download to ptt/Gossiping/21887_7.txt, time: 2.890000
/bbs/Gossiping/M.1496202550.A.B49.html download to ptt/Gossiping/21887_8.txt, time: 3.590000
/bbs/Gossiping/M.1496202553.A.D18.html download to ptt/Gossiping/21887_9.txt, time: 3.120000
/bbs/Gossiping/M.1496202555.A.3AC.html download to ptt/Gossiping/21887_10.txt, time: 2.160000
/bbs/Gossiping/M.1496202565.A.D6D.html download to ptt/Gossiping/21887_11.txt, time: 5.160000
/bbs/Gossiping/M.1496202571.A.DD2.html download to ptt/Gossiping/21887_12.txt, time: 2.620000
/bbs/Gossiping/M.1496202679.A.2BB.html download to ptt/Gossiping/21887_13.txt, time: 3.610000
/bbs/Gossiping/M.1496202696.A.4D3.html download to ptt/Gossiping/21887_14.txt, time: 5.200000
/bbs/Gossiping/M.1496202716.A.EF0.html download to ptt/Gossiping/21887_15.txt, time: 4.620000
/bbs/Gossiping/M.1496202728.A.2D1.html download to ptt/Gossiping/21887_16.txt, time: 3.050000
/bbs/Gossiping/M.1496202744.A.501.html download to ptt/Gossiping/21887_17.txt, time: 3.620000
/bbs/Gossiping/M.1496202766.A.903.html download to ptt/Gossiping/21887_18.txt, time: 3.560000
/bbs/Gossiping/M.1496202775.A.617.html download to ptt/Gossiping/21887_19.txt, time: 3.980000
page 21886
/bbs/Gossiping/M.1496201810.A.A47.html download to ptt/Gossiping/21886_0.txt, time: 4.240000
/bbs/Gossiping/M.1496201812.A.45B.html download to ptt/Gossiping/21886_1.txt, time: 5.600000
/bbs/Gossiping/M.1496201872.A.F03.html download to ptt/Gossiping/21886_2.txt, time: 3.740000
/bbs/Gossiping/M.1496201875.A.826.html download to ptt/Gossiping/21886_3.txt, time: 3.970000
/bbs/Gossiping/M.1496201938.A.97B.html download to ptt/Gossiping/21886_4.txt, time: 3.050000
/bbs/Gossiping/M.1496202011.A.914.html download to ptt/Gossiping/21886_5.txt, time: 4.940000
/bbs/Gossiping/M.1496202019.A.7D0.html download to ptt/Gossiping/21886_6.txt, time: 3.170000
/bbs/Gossiping/M.1496202054.A.392.html download to ptt/Gossiping/21886_7.txt, time: 4.260000
/bbs/Gossiping/M.1496202059.A.EB5.html download to ptt/Gossiping/21886_8.txt, time: 3.360000
/bbs/Gossiping/M.1496202062.A.B6C.html download to ptt/Gossiping/21886_9.txt, time: 5.970000
/bbs/Gossiping/M.1496202105.A.0EC.html download to ptt/Gossiping/21886_10.txt, time: 4.250000
/bbs/Gossiping/M.1496202118.A.44F.html download to ptt/Gossiping/21886_11.txt, time: 4.740000
empty download to ptt/Gossiping/21886_12.txt, time: 0.000000
/bbs/Gossiping/M.1496202203.A.304.html download to ptt/Gossiping/21886_13.txt, time: 3.130000
/bbs/Gossiping/M.1496202228.A.00C.html download to ptt/Gossiping/21886_14.txt, time: 2.350000
/bbs/Gossiping/M.1496202251.A.67C.html download to ptt/Gossiping/21886_15.txt, time: 2.870000
/bbs/Gossiping/M.1496202254.A.FA0.html download to ptt/Gossiping/21886_16.txt, time: 4.380000
/bbs/Gossiping/M.1496202282.A.445.html download to ptt/Gossiping/21886_17.txt, time: 2.890000
/bbs/Gossiping/M.1496202341.A.E45.html download to ptt/Gossiping/21886_18.txt, time: 4.170000
/bbs/Gossiping/M.1496202353.A.FCC.html download to ptt/Gossiping/21886_19.txt, time: 2.830000
time: 528.4779348373413 seconds
