page 21900
/bbs/Gossiping/M.1496208161.A.8EF.html download to ptt/Gossiping/21900_0.txt, time: 5.620000
/bbs/Gossiping/M.1496208242.A.855.html download to ptt/Gossiping/21900_1.txt, time: 4.160000
/bbs/Gossiping/M.1496208244.A.DB9.html download to ptt/Gossiping/21900_2.txt, time: 6.280000
/bbs/Gossiping/M.1496208259.A.281.html download to ptt/Gossiping/21900_3.txt, time: 5.740000
/bbs/Gossiping/M.1496208279.A.7DA.html download to ptt/Gossiping/21900_4.txt, time: 6.550000
/bbs/Gossiping/M.1496208287.A.C31.html download to ptt/Gossiping/21900_5.txt, time: 4.610000
/bbs/Gossiping/M.1496208300.A.CC1.html download to ptt/Gossiping/21900_6.txt, time: 3.300000
/bbs/Gossiping/M.1496208304.A.133.html download to ptt/Gossiping/21900_7.txt, time: 5.880000
/bbs/Gossiping/M.1496208347.A.06D.html download to ptt/Gossiping/21900_8.txt, time: 5.220000
/bbs/Gossiping/M.1496208363.A.104.html download to ptt/Gossiping/21900_9.txt, time: 4.230000
/bbs/Gossiping/M.1496208437.A.8E3.html download to ptt/Gossiping/21900_10.txt, time: 4.140000
/bbs/Gossiping/M.1496208448.A.B32.html download to ptt/Gossiping/21900_11.txt, time: 7.140000
/bbs/Gossiping/M.1496208448.A.918.html download to ptt/Gossiping/21900_12.txt, time: 5.370000
/bbs/Gossiping/M.1496208464.A.0DB.html download to ptt/Gossiping/21900_13.txt, time: 4.720000
/bbs/Gossiping/M.1496208500.A.1FB.html download to ptt/Gossiping/21900_14.txt, time: 4.050000
/bbs/Gossiping/M.1496208514.A.EF8.html download to ptt/Gossiping/21900_15.txt, time: 3.820000
/bbs/Gossiping/M.1496208527.A.576.html download to ptt/Gossiping/21900_16.txt, time: 6.460000
/bbs/Gossiping/M.1496208577.A.C04.html download to ptt/Gossiping/21900_17.txt, time: 7.460000
/bbs/Gossiping/M.1496208588.A.972.html download to ptt/Gossiping/21900_18.txt, time: 5.700000
/bbs/Gossiping/M.1496208643.A.CE0.html download to ptt/Gossiping/21900_19.txt, time: 5.340000
page 21899
/bbs/Gossiping/M.1496207781.A.6D5.html download to ptt/Gossiping/21899_0.txt, time: 7.780000
/bbs/Gossiping/M.1496207802.A.E9A.html download to ptt/Gossiping/21899_1.txt, time: 4.860000
/bbs/Gossiping/M.1496207805.A.644.html download to ptt/Gossiping/21899_2.txt, time: 5.990000
/bbs/Gossiping/M.1496207806.A.D48.html download to ptt/Gossiping/21899_3.txt, time: 4.880000
/bbs/Gossiping/M.1496207821.A.799.html download to ptt/Gossiping/21899_4.txt, time: 6.350000
/bbs/Gossiping/M.1496207848.A.16D.html download to ptt/Gossiping/21899_5.txt, time: 7.080000
/bbs/Gossiping/M.1496207866.A.1C4.html download to ptt/Gossiping/21899_6.txt, time: 4.790000
/bbs/Gossiping/M.1496207867.A.E24.html download to ptt/Gossiping/21899_7.txt, time: 4.910000
/bbs/Gossiping/M.1496207869.A.161.html download to ptt/Gossiping/21899_8.txt, time: 4.490000
/bbs/Gossiping/M.1496207870.A.777.html download to ptt/Gossiping/21899_9.txt, time: 6.730000
/bbs/Gossiping/M.1496207932.A.A63.html download to ptt/Gossiping/21899_10.txt, time: 5.120000
/bbs/Gossiping/M.1496207939.A.63B.html download to ptt/Gossiping/21899_11.txt, time: 4.210000
/bbs/Gossiping/M.1496207940.A.A20.html download to ptt/Gossiping/21899_12.txt, time: 3.900000
/bbs/Gossiping/M.1496207949.A.FCA.html download to ptt/Gossiping/21899_13.txt, time: 5.210000
/bbs/Gossiping/M.1496207985.A.04C.html download to ptt/Gossiping/21899_14.txt, time: 6.050000
/bbs/Gossiping/M.1496207990.A.F2F.html download to ptt/Gossiping/21899_15.txt, time: 5.330000
/bbs/Gossiping/M.1496207995.A.906.html download to ptt/Gossiping/21899_16.txt, time: 3.570000
/bbs/Gossiping/M.1496207995.A.2FF.html download to ptt/Gossiping/21899_17.txt, time: 5.310000
/bbs/Gossiping/M.1496208064.A.F19.html download to ptt/Gossiping/21899_18.txt, time: 5.050000
/bbs/Gossiping/M.1496208126.A.B32.html download to ptt/Gossiping/21899_19.txt, time: 4.260000
page 21898
/bbs/Gossiping/M.1496207271.A.330.html download to ptt/Gossiping/21898_0.txt, time: 5.720000
/bbs/Gossiping/M.1496207277.A.1AF.html download to ptt/Gossiping/21898_1.txt, time: 5.720000
/bbs/Gossiping/M.1496207288.A.F92.html download to ptt/Gossiping/21898_2.txt, time: 3.540000
/bbs/Gossiping/M.1496207336.A.81D.html download to ptt/Gossiping/21898_3.txt, time: 10.110000
/bbs/Gossiping/M.1496207395.A.0DE.html download to ptt/Gossiping/21898_4.txt, time: 6.930000
/bbs/Gossiping/M.1496207399.A.BA0.html download to ptt/Gossiping/21898_5.txt, time: 8.220000
/bbs/Gossiping/M.1496207416.A.CB9.html download to ptt/Gossiping/21898_6.txt, time: 3.340000
/bbs/Gossiping/M.1496207419.A.CED.html download to ptt/Gossiping/21898_7.txt, time: 8.030000
/bbs/Gossiping/M.1496207425.A.C30.html download to ptt/Gossiping/21898_8.txt, time: 4.530000
/bbs/Gossiping/M.1496207430.A.B9A.html download to ptt/Gossiping/21898_9.txt, time: 3.670000
/bbs/Gossiping/M.1496207466.A.195.html download to ptt/Gossiping/21898_10.txt, time: 6.350000
/bbs/Gossiping/M.1496207468.A.F05.html download to ptt/Gossiping/21898_11.txt, time: 11.460000
/bbs/Gossiping/M.1496207469.A.6FD.html download to ptt/Gossiping/21898_12.txt, time: 4.900000
/bbs/Gossiping/M.1496207481.A.B75.html download to ptt/Gossiping/21898_13.txt, time: 4.180000
/bbs/Gossiping/M.1496207520.A.2F3.html download to ptt/Gossiping/21898_14.txt, time: 6.130000
/bbs/Gossiping/M.1496207564.A.384.html download to ptt/Gossiping/21898_15.txt, time: 4.520000
/bbs/Gossiping/M.1496207698.A.7B5.html download to ptt/Gossiping/21898_16.txt, time: 6.190000
/bbs/Gossiping/M.1496207738.A.2DD.html download to ptt/Gossiping/21898_17.txt, time: 3.510000
/bbs/Gossiping/M.1496207753.A.654.html download to ptt/Gossiping/21898_18.txt, time: 5.060000
/bbs/Gossiping/M.1496207766.A.3DD.html download to ptt/Gossiping/21898_19.txt, time: 3.490000
page 21897
/bbs/Gossiping/M.1496206899.A.846.html download to ptt/Gossiping/21897_0.txt, time: 3.900000
/bbs/Gossiping/M.1496206912.A.122.html download to ptt/Gossiping/21897_1.txt, time: 2.830000
/bbs/Gossiping/M.1496206932.A.E66.html download to ptt/Gossiping/21897_2.txt, time: 4.390000
/bbs/Gossiping/M.1496206941.A.468.html download to ptt/Gossiping/21897_3.txt, time: 4.450000
/bbs/Gossiping/M.1496206988.A.89F.html download to ptt/Gossiping/21897_4.txt, time: 5.020000
/bbs/Gossiping/M.1496206992.A.92D.html download to ptt/Gossiping/21897_5.txt, time: 4.200000
/bbs/Gossiping/M.1496206994.A.FBB.html download to ptt/Gossiping/21897_6.txt, time: 4.820000
/bbs/Gossiping/M.1496207029.A.9F5.html download to ptt/Gossiping/21897_7.txt, time: 3.920000
/bbs/Gossiping/M.1496207045.A.546.html download to ptt/Gossiping/21897_8.txt, time: 5.220000
/bbs/Gossiping/M.1496207046.A.382.html download to ptt/Gossiping/21897_9.txt, time: 4.860000
/bbs/Gossiping/M.1496207076.A.A4D.html download to ptt/Gossiping/21897_10.txt, time: 4.570000
/bbs/Gossiping/M.1496207104.A.B4A.html download to ptt/Gossiping/21897_11.txt, time: 4.190000
/bbs/Gossiping/M.1496207158.A.C9F.html download to ptt/Gossiping/21897_12.txt, time: 3.900000
/bbs/Gossiping/M.1496207169.A.0EF.html download to ptt/Gossiping/21897_13.txt, time: 4.830000
/bbs/Gossiping/M.1496207208.A.238.html download to ptt/Gossiping/21897_14.txt, time: 3.410000
/bbs/Gossiping/M.1496207249.A.4E0.html download to ptt/Gossiping/21897_15.txt, time: 5.250000
/bbs/Gossiping/M.1496207250.A.93B.html download to ptt/Gossiping/21897_16.txt, time: 8.500000
/bbs/Gossiping/M.1496207255.A.D50.html download to ptt/Gossiping/21897_17.txt, time: 3.680000
empty download to ptt/Gossiping/21897_18.txt, time: 0.000000
/bbs/Gossiping/M.1496207270.A.8E1.html download to ptt/Gossiping/21897_19.txt, time: 3.650000
page 21896
/bbs/Gossiping/M.1496206561.A.4BA.html download to ptt/Gossiping/21896_0.txt, time: 3.160000
/bbs/Gossiping/M.1496206615.A.027.html download to ptt/Gossiping/21896_1.txt, time: 4.130000
/bbs/Gossiping/M.1496206615.A.8DC.html download to ptt/Gossiping/21896_2.txt, time: 2.430000
/bbs/Gossiping/M.1496206628.A.FD4.html download to ptt/Gossiping/21896_3.txt, time: 4.130000
/bbs/Gossiping/M.1496206629.A.B38.html download to ptt/Gossiping/21896_4.txt, time: 3.600000
/bbs/Gossiping/M.1496206638.A.171.html download to ptt/Gossiping/21896_5.txt, time: 4.440000
/bbs/Gossiping/M.1496206670.A.EE9.html download to ptt/Gossiping/21896_6.txt, time: 3.100000
/bbs/Gossiping/M.1496206684.A.77B.html download to ptt/Gossiping/21896_7.txt, time: 4.230000
/bbs/Gossiping/M.1496206690.A.6DA.html download to ptt/Gossiping/21896_8.txt, time: 2.920000
/bbs/Gossiping/M.1496206698.A.451.html download to ptt/Gossiping/21896_9.txt, time: 3.270000
/bbs/Gossiping/M.1496206706.A.B00.html download to ptt/Gossiping/21896_10.txt, time: 4.120000
/bbs/Gossiping/M.1496206718.A.78F.html download to ptt/Gossiping/21896_11.txt, time: 3.350000
/bbs/Gossiping/M.1496206754.A.CBC.html download to ptt/Gossiping/21896_12.txt, time: 4.100000
/bbs/Gossiping/M.1496206779.A.C7F.html download to ptt/Gossiping/21896_13.txt, time: 5.130000
/bbs/Gossiping/M.1496206793.A.FFA.html download to ptt/Gossiping/21896_14.txt, time: 3.110000
/bbs/Gossiping/M.1496206815.A.0A5.html download to ptt/Gossiping/21896_15.txt, time: 4.030000
/bbs/Gossiping/M.1496206826.A.D96.html download to ptt/Gossiping/21896_16.txt, time: 3.020000
/bbs/Gossiping/M.1496206829.A.87A.html download to ptt/Gossiping/21896_17.txt, time: 4.420000
/bbs/Gossiping/M.1496206886.A.479.html download to ptt/Gossiping/21896_18.txt, time: 2.690000
/bbs/Gossiping/M.1496206898.A.937.html download to ptt/Gossiping/21896_19.txt, time: 2.870000
time: 538.9471297264099 seconds
