page 21910
/bbs/Gossiping/M.1496213531.A.5BE.html download to ptt/Gossiping/21910_0.txt, time: 4.560000
/bbs/Gossiping/M.1496213586.A.EA5.html download to ptt/Gossiping/21910_1.txt, time: 5.450000
/bbs/Gossiping/M.1496213615.A.A7F.html download to ptt/Gossiping/21910_2.txt, time: 4.490000
/bbs/Gossiping/M.1496213624.A.019.html download to ptt/Gossiping/21910_3.txt, time: 4.920000
/bbs/Gossiping/M.1496213631.A.139.html download to ptt/Gossiping/21910_4.txt, time: 5.750000
/bbs/Gossiping/M.1496213635.A.423.html download to ptt/Gossiping/21910_5.txt, time: 4.280000
/bbs/Gossiping/M.1496213663.A.D5F.html download to ptt/Gossiping/21910_6.txt, time: 7.080000
/bbs/Gossiping/M.1496213682.A.BA6.html download to ptt/Gossiping/21910_7.txt, time: 5.810000
/bbs/Gossiping/M.1496213732.A.62C.html download to ptt/Gossiping/21910_8.txt, time: 4.230000
/bbs/Gossiping/M.1496213780.A.911.html download to ptt/Gossiping/21910_9.txt, time: 4.970000
/bbs/Gossiping/M.1496213814.A.173.html download to ptt/Gossiping/21910_10.txt, time: 5.760000
/bbs/Gossiping/M.1496213847.A.A1A.html download to ptt/Gossiping/21910_11.txt, time: 4.740000
/bbs/Gossiping/M.1496213861.A.23D.html download to ptt/Gossiping/21910_12.txt, time: 7.410000
/bbs/Gossiping/M.1496213888.A.3F1.html download to ptt/Gossiping/21910_13.txt, time: 5.710000
/bbs/Gossiping/M.1496213905.A.F86.html download to ptt/Gossiping/21910_14.txt, time: 3.970000
/bbs/Gossiping/M.1496213922.A.0C5.html download to ptt/Gossiping/21910_15.txt, time: 3.860000
/bbs/Gossiping/M.1496213938.A.7C1.html download to ptt/Gossiping/21910_16.txt, time: 4.510000
/bbs/Gossiping/M.1496213950.A.C22.html download to ptt/Gossiping/21910_17.txt, time: 4.820000
/bbs/Gossiping/M.1496213956.A.5B5.html download to ptt/Gossiping/21910_18.txt, time: 3.700000
/bbs/Gossiping/M.1496214015.A.0F2.html download to ptt/Gossiping/21910_19.txt, time: 5.700000
page 21909
/bbs/Gossiping/M.1496213056.A.F3E.html download to ptt/Gossiping/21909_0.txt, time: 4.430000
/bbs/Gossiping/M.1496213107.A.729.html download to ptt/Gossiping/21909_1.txt, time: 3.440000
/bbs/Gossiping/M.1496213122.A.A5E.html download to ptt/Gossiping/21909_2.txt, time: 5.180000
/bbs/Gossiping/M.1496213123.A.53E.html download to ptt/Gossiping/21909_3.txt, time: 6.010000
/bbs/Gossiping/M.1496213131.A.83C.html download to ptt/Gossiping/21909_4.txt, time: 5.800000
/bbs/Gossiping/M.1496213171.A.A53.html download to ptt/Gossiping/21909_5.txt, time: 4.010000
/bbs/Gossiping/M.1496213197.A.219.html download to ptt/Gossiping/21909_6.txt, time: 4.540000
/bbs/Gossiping/M.1496213227.A.426.html download to ptt/Gossiping/21909_7.txt, time: 5.050000
/bbs/Gossiping/M.1496213272.A.F8F.html download to ptt/Gossiping/21909_8.txt, time: 5.130000
/bbs/Gossiping/M.1496213292.A.EC8.html download to ptt/Gossiping/21909_9.txt, time: 7.140000
/bbs/Gossiping/M.1496213293.A.AB0.html download to ptt/Gossiping/21909_10.txt, time: 5.170000
/bbs/Gossiping/M.1496213333.A.D14.html download to ptt/Gossiping/21909_11.txt, time: 3.540000
/bbs/Gossiping/M.1496213340.A.63C.html download to ptt/Gossiping/21909_12.txt, time: 6.670000
/bbs/Gossiping/M.1496213356.A.7D7.html download to ptt/Gossiping/21909_13.txt, time: 4.250000
/bbs/Gossiping/M.1496213358.A.4F1.html download to ptt/Gossiping/21909_14.txt, time: 5.870000
/bbs/Gossiping/M.1496213437.A.93B.html download to ptt/Gossiping/21909_15.txt, time: 5.340000
/bbs/Gossiping/M.1496213450.A.553.html download to ptt/Gossiping/21909_16.txt, time: 4.990000
/bbs/Gossiping/M.1496213477.A.BE8.html download to ptt/Gossiping/21909_17.txt, time: 5.240000
/bbs/Gossiping/M.1496213495.A.571.html download to ptt/Gossiping/21909_18.txt, time: 4.610000
/bbs/Gossiping/M.1496213527.A.942.html download to ptt/Gossiping/21909_19.txt, time: 4.750000
page 21908
/bbs/Gossiping/M.1496212336.A.B4F.html download to ptt/Gossiping/21908_0.txt, time: 4.950000
/bbs/Gossiping/M.1496212352.A.915.html download to ptt/Gossiping/21908_1.txt, time: 5.540000
/bbs/Gossiping/M.1496212374.A.2FE.html download to ptt/Gossiping/21908_2.txt, time: 7.780000
/bbs/Gossiping/M.1496212416.A.7B9.html download to ptt/Gossiping/21908_3.txt, time: 15.740000
/bbs/Gossiping/M.1496212503.A.E2F.html download to ptt/Gossiping/21908_4.txt, time: 9.930000
/bbs/Gossiping/M.1496212528.A.B57.html download to ptt/Gossiping/21908_5.txt, time: 5.960000
/bbs/Gossiping/M.1496212531.A.3BF.html download to ptt/Gossiping/21908_6.txt, time: 5.580000
/bbs/Gossiping/M.1496212533.A.7A8.html download to ptt/Gossiping/21908_7.txt, time: 7.620000
/bbs/Gossiping/M.1496212555.A.95F.html download to ptt/Gossiping/21908_8.txt, time: 9.460000
/bbs/Gossiping/M.1496212569.A.326.html download to ptt/Gossiping/21908_9.txt, time: 3.730000
/bbs/Gossiping/M.1496212616.A.298.html download to ptt/Gossiping/21908_10.txt, time: 6.420000
/bbs/Gossiping/M.1496212653.A.D46.html download to ptt/Gossiping/21908_11.txt, time: 5.870000
/bbs/Gossiping/M.1496212656.A.DF4.html download to ptt/Gossiping/21908_12.txt, time: 8.740000
/bbs/Gossiping/M.1496212721.A.125.html download to ptt/Gossiping/21908_13.txt, time: 5.000000
/bbs/Gossiping/M.1496212732.A.8A9.html download to ptt/Gossiping/21908_14.txt, time: 7.910000
/bbs/Gossiping/M.1496212785.A.440.html download to ptt/Gossiping/21908_15.txt, time: 7.720000
/bbs/Gossiping/M.1496212789.A.2CD.html download to ptt/Gossiping/21908_16.txt, time: 3.920000
/bbs/Gossiping/M.1496212797.A.072.html download to ptt/Gossiping/21908_17.txt, time: 3.800000
/bbs/Gossiping/M.1496212980.A.2CA.html download to ptt/Gossiping/21908_18.txt, time: 3.020000
/bbs/Gossiping/M.1496213031.A.9AE.html download to ptt/Gossiping/21908_19.txt, time: 4.840000
page 21907
/bbs/Gossiping/M.1496211801.A.D32.html download to ptt/Gossiping/21907_0.txt, time: 3.700000
/bbs/Gossiping/M.1496211802.A.BE1.html download to ptt/Gossiping/21907_1.txt, time: 4.490000
/bbs/Gossiping/M.1496211845.A.1A4.html download to ptt/Gossiping/21907_2.txt, time: 5.020000
/bbs/Gossiping/M.1496211846.A.533.html download to ptt/Gossiping/21907_3.txt, time: 3.810000
/bbs/Gossiping/M.1496211854.A.81F.html download to ptt/Gossiping/21907_4.txt, time: 4.190000
/bbs/Gossiping/M.1496211862.A.C27.html download to ptt/Gossiping/21907_5.txt, time: 3.260000
/bbs/Gossiping/M.1496211871.A.43F.html download to ptt/Gossiping/21907_6.txt, time: 3.700000
/bbs/Gossiping/M.1496212049.A.6D3.html download to ptt/Gossiping/21907_7.txt, time: 4.300000
/bbs/Gossiping/M.1496212068.A.3FE.html download to ptt/Gossiping/21907_8.txt, time: 3.950000
/bbs/Gossiping/M.1496212074.A.FB7.html download to ptt/Gossiping/21907_9.txt, time: 3.350000
/bbs/Gossiping/M.1496212081.A.977.html download to ptt/Gossiping/21907_10.txt, time: 3.660000
/bbs/Gossiping/M.1496212086.A.F68.html download to ptt/Gossiping/21907_11.txt, time: 3.200000
/bbs/Gossiping/M.1496212093.A.A0D.html download to ptt/Gossiping/21907_12.txt, time: 5.120000
/bbs/Gossiping/M.1496212099.A.599.html download to ptt/Gossiping/21907_13.txt, time: 2.880000
/bbs/Gossiping/M.1496212205.A.509.html download to ptt/Gossiping/21907_14.txt, time: 3.760000
/bbs/Gossiping/M.1496212219.A.218.html download to ptt/Gossiping/21907_15.txt, time: 3.210000
/bbs/Gossiping/M.1496212220.A.DA0.html download to ptt/Gossiping/21907_16.txt, time: 3.640000
/bbs/Gossiping/M.1496212221.A.C37.html download to ptt/Gossiping/21907_17.txt, time: 6.050000
/bbs/Gossiping/M.1496212227.A.9C0.html download to ptt/Gossiping/21907_18.txt, time: 5.210000
/bbs/Gossiping/M.1496212255.A.18C.html download to ptt/Gossiping/21907_19.txt, time: 5.420000
page 21906
/bbs/Gossiping/M.1496211220.A.847.html download to ptt/Gossiping/21906_0.txt, time: 5.390000
/bbs/Gossiping/M.1496211272.A.643.html download to ptt/Gossiping/21906_1.txt, time: 3.580000
/bbs/Gossiping/M.1496211272.A.E22.html download to ptt/Gossiping/21906_2.txt, time: 3.720000
/bbs/Gossiping/M.1496211274.A.84F.html download to ptt/Gossiping/21906_3.txt, time: 3.500000
/bbs/Gossiping/M.1496211315.A.A98.html download to ptt/Gossiping/21906_4.txt, time: 4.360000
/bbs/Gossiping/M.1496211402.A.CD0.html download to ptt/Gossiping/21906_5.txt, time: 2.730000
/bbs/Gossiping/M.1496211460.A.19E.html download to ptt/Gossiping/21906_6.txt, time: 4.360000
/bbs/Gossiping/M.1496211471.A.930.html download to ptt/Gossiping/21906_7.txt, time: 3.100000
/bbs/Gossiping/M.1496211524.A.508.html download to ptt/Gossiping/21906_8.txt, time: 5.320000
/bbs/Gossiping/M.1496211534.A.B3A.html download to ptt/Gossiping/21906_9.txt, time: 2.800000
/bbs/Gossiping/M.1496211564.A.8D5.html download to ptt/Gossiping/21906_10.txt, time: 4.040000
/bbs/Gossiping/M.1496211602.A.9FF.html download to ptt/Gossiping/21906_11.txt, time: 3.430000
/bbs/Gossiping/M.1496211608.A.C10.html download to ptt/Gossiping/21906_12.txt, time: 4.440000
/bbs/Gossiping/M.1496211633.A.C3A.html download to ptt/Gossiping/21906_13.txt, time: 4.390000
/bbs/Gossiping/M.1496211693.A.097.html download to ptt/Gossiping/21906_14.txt, time: 4.010000
/bbs/Gossiping/M.1496211704.A.6F5.html download to ptt/Gossiping/21906_15.txt, time: 4.860000
/bbs/Gossiping/M.1496211721.A.C6B.html download to ptt/Gossiping/21906_16.txt, time: 2.760000
/bbs/Gossiping/M.1496211747.A.45C.html download to ptt/Gossiping/21906_17.txt, time: 3.280000
/bbs/Gossiping/M.1496211772.A.D35.html download to ptt/Gossiping/21906_18.txt, time: 4.920000
/bbs/Gossiping/M.1496211775.A.DF4.html download to ptt/Gossiping/21906_19.txt, time: 4.530000
time: 554.6249420642853 seconds
