page 21920
/bbs/Gossiping/M.1496219607.A.E3B.html download to ptt/Gossiping/21920_0.txt, time: 4.700000
/bbs/Gossiping/M.1496219718.A.646.html download to ptt/Gossiping/21920_1.txt, time: 5.170000
/bbs/Gossiping/M.1496219726.A.B55.html download to ptt/Gossiping/21920_2.txt, time: 6.160000
/bbs/Gossiping/M.1496219740.A.598.html download to ptt/Gossiping/21920_3.txt, time: 5.070000
/bbs/Gossiping/M.1496219752.A.E26.html download to ptt/Gossiping/21920_4.txt, time: 8.130000
/bbs/Gossiping/M.1496219759.A.E2D.html download to ptt/Gossiping/21920_5.txt, time: 7.550000
/bbs/Gossiping/M.1496219816.A.A5F.html download to ptt/Gossiping/21920_6.txt, time: 4.040000
/bbs/Gossiping/M.1496219842.A.F8F.html download to ptt/Gossiping/21920_7.txt, time: 4.090000
/bbs/Gossiping/M.1496219843.A.E55.html download to ptt/Gossiping/21920_8.txt, time: 3.300000
/bbs/Gossiping/M.1496219847.A.E5B.html download to ptt/Gossiping/21920_9.txt, time: 4.400000
/bbs/Gossiping/M.1496219858.A.E92.html download to ptt/Gossiping/21920_10.txt, time: 4.900000
/bbs/Gossiping/M.1496219885.A.6FA.html download to ptt/Gossiping/21920_11.txt, time: 6.180000
/bbs/Gossiping/M.1496219892.A.3A6.html download to ptt/Gossiping/21920_12.txt, time: 6.040000
/bbs/Gossiping/M.1496219896.A.4B8.html download to ptt/Gossiping/21920_13.txt, time: 4.590000
/bbs/Gossiping/M.1496219903.A.DED.html download to ptt/Gossiping/21920_14.txt, time: 4.940000
/bbs/Gossiping/M.1496219905.A.B01.html download to ptt/Gossiping/21920_15.txt, time: 4.960000
/bbs/Gossiping/M.1496219908.A.B08.html download to ptt/Gossiping/21920_16.txt, time: 4.280000
/bbs/Gossiping/M.1496219916.A.055.html download to ptt/Gossiping/21920_17.txt, time: 2.880000
/bbs/Gossiping/M.1496219947.A.823.html download to ptt/Gossiping/21920_18.txt, time: 3.730000
/bbs/Gossiping/M.1496219973.A.104.html download to ptt/Gossiping/21920_19.txt, time: 3.090000
page 21919
/bbs/Gossiping/M.1496218900.A.567.html download to ptt/Gossiping/21919_0.txt, time: 4.960000
/bbs/Gossiping/M.1496218923.A.A63.html download to ptt/Gossiping/21919_1.txt, time: 6.290000
/bbs/Gossiping/M.1496218957.A.3BD.html download to ptt/Gossiping/21919_2.txt, time: 4.290000
/bbs/Gossiping/M.1496219004.A.8FB.html download to ptt/Gossiping/21919_3.txt, time: 5.130000
/bbs/Gossiping/M.1496219032.A.49A.html download to ptt/Gossiping/21919_4.txt, time: 4.270000
/bbs/Gossiping/M.1496219063.A.9D5.html download to ptt/Gossiping/21919_5.txt, time: 5.260000
/bbs/Gossiping/M.1496219090.A.BA2.html download to ptt/Gossiping/21919_6.txt, time: 3.930000
/bbs/Gossiping/M.1496219103.A.002.html download to ptt/Gossiping/21919_7.txt, time: 4.250000
/bbs/Gossiping/M.1496219107.A.680.html download to ptt/Gossiping/21919_8.txt, time: 3.270000
/bbs/Gossiping/M.1496219178.A.4F1.html download to ptt/Gossiping/21919_9.txt, time: 5.880000
/bbs/Gossiping/M.1496219214.A.45D.html download to ptt/Gossiping/21919_10.txt, time: 3.900000
/bbs/Gossiping/M.1496219247.A.A95.html download to ptt/Gossiping/21919_11.txt, time: 3.850000
/bbs/Gossiping/M.1496219257.A.138.html download to ptt/Gossiping/21919_12.txt, time: 4.550000
/bbs/Gossiping/M.1496219284.A.DCC.html download to ptt/Gossiping/21919_13.txt, time: 3.840000
/bbs/Gossiping/M.1496219379.A.594.html download to ptt/Gossiping/21919_14.txt, time: 3.930000
/bbs/Gossiping/M.1496219380.A.681.html download to ptt/Gossiping/21919_15.txt, time: 4.380000
/bbs/Gossiping/M.1496219382.A.CF4.html download to ptt/Gossiping/21919_16.txt, time: 5.120000
/bbs/Gossiping/M.1496219408.A.9D6.html download to ptt/Gossiping/21919_17.txt, time: 4.910000
/bbs/Gossiping/M.1496219560.A.E95.html download to ptt/Gossiping/21919_18.txt, time: 6.380000
/bbs/Gossiping/M.1496219563.A.E42.html download to ptt/Gossiping/21919_19.txt, time: 4.350000
page 21918
/bbs/Gossiping/M.1496218380.A.90A.html download to ptt/Gossiping/21918_0.txt, time: 8.190000
/bbs/Gossiping/M.1496218402.A.A61.html download to ptt/Gossiping/21918_1.txt, time: 13.340000
/bbs/Gossiping/M.1496218409.A.472.html download to ptt/Gossiping/21918_2.txt, time: 12.380000
/bbs/Gossiping/M.1496218444.A.D5D.html download to ptt/Gossiping/21918_3.txt, time: 7.640000
/bbs/Gossiping/M.1496218556.A.4B1.html download to ptt/Gossiping/21918_4.txt, time: 7.280000
/bbs/Gossiping/M.1496218582.A.EF1.html download to ptt/Gossiping/21918_5.txt, time: 5.490000
/bbs/Gossiping/M.1496218589.A.9D5.html download to ptt/Gossiping/21918_6.txt, time: 5.530000
/bbs/Gossiping/M.1496218622.A.870.html download to ptt/Gossiping/21918_7.txt, time: 8.260000
/bbs/Gossiping/M.1496218634.A.A64.html download to ptt/Gossiping/21918_8.txt, time: 13.490000
/bbs/Gossiping/M.1496218668.A.249.html download to ptt/Gossiping/21918_9.txt, time: 7.320000
/bbs/Gossiping/M.1496218685.A.D2B.html download to ptt/Gossiping/21918_10.txt, time: 4.490000
/bbs/Gossiping/M.1496218716.A.145.html download to ptt/Gossiping/21918_11.txt, time: 5.870000
/bbs/Gossiping/M.1496218742.A.F68.htmlTraceback (most recent call last):
  File "/home/studentyl/anaconda3/lib/python3.6/site-packages/requests/packages/urllib3/connectionpool.py", line 600, in urlopen
    chunked=chunked)
  File "/home/studentyl/anaconda3/lib/python3.6/site-packages/requests/packages/urllib3/connectionpool.py", line 386, in _make_request
    six.raise_from(e, None)
  File "<string>", line 2, in raise_from
  File "/home/studentyl/anaconda3/lib/python3.6/site-packages/requests/packages/urllib3/connectionpool.py", line 382, in _make_request
    httplib_response = conn.getresponse()
  File "/home/studentyl/anaconda3/lib/python3.6/http/client.py", line 1331, in getresponse
    response.begin()
  File "/home/studentyl/anaconda3/lib/python3.6/http/client.py", line 297, in begin
    version, status, reason = self._read_status()
  File "/home/studentyl/anaconda3/lib/python3.6/http/client.py", line 266, in _read_status
    raise RemoteDisconnected("Remote end closed connection without"
http.client.RemoteDisconnected: Remote end closed connection without response

During handling of the above exception, another exception occurred:

Traceback (most recent call last):
  File "/home/studentyl/anaconda3/lib/python3.6/site-packages/requests/adapters.py", line 438, in send
    timeout=timeout
  File "/home/studentyl/anaconda3/lib/python3.6/site-packages/requests/packages/urllib3/connectionpool.py", line 649, in urlopen
    _stacktrace=sys.exc_info()[2])
  File "/home/studentyl/anaconda3/lib/python3.6/site-packages/requests/packages/urllib3/util/retry.py", line 357, in increment
    raise six.reraise(type(error), error, _stacktrace)
  File "/home/studentyl/anaconda3/lib/python3.6/site-packages/requests/packages/urllib3/packages/six.py", line 685, in reraise
    raise value.with_traceback(tb)
  File "/home/studentyl/anaconda3/lib/python3.6/site-packages/requests/packages/urllib3/connectionpool.py", line 600, in urlopen
    chunked=chunked)
  File "/home/studentyl/anaconda3/lib/python3.6/site-packages/requests/packages/urllib3/connectionpool.py", line 386, in _make_request
    six.raise_from(e, None)
  File "<string>", line 2, in raise_from
  File "/home/studentyl/anaconda3/lib/python3.6/site-packages/requests/packages/urllib3/connectionpool.py", line 382, in _make_request
    httplib_response = conn.getresponse()
  File "/home/studentyl/anaconda3/lib/python3.6/http/client.py", line 1331, in getresponse
    response.begin()
  File "/home/studentyl/anaconda3/lib/python3.6/http/client.py", line 297, in begin
    version, status, reason = self._read_status()
  File "/home/studentyl/anaconda3/lib/python3.6/http/client.py", line 266, in _read_status
    raise RemoteDisconnected("Remote end closed connection without"
requests.packages.urllib3.exceptions.ProtocolError: ('Connection aborted.', RemoteDisconnected('Remote end closed connection without response',))

During handling of the above exception, another exception occurred:

Traceback (most recent call last):
  File "./crawler.py", line 177, in <module>
    main(sys.argv[1:])
  File "./crawler.py", line 158, in main
    downloadForum(forumName, startPage, pages)
  File "./crawler.py", line 140, in downloadForum
    downloadPage(str(articleCount), forumName, pageNum, 'https://www.ptt.cc'+link)
  File "./crawler.py", line 82, in downloadPage
    pageText = getPageText(link)
  File "./crawler.py", line 13, in getPageText
    pageText=requests.get(link, cookies={'over18':'1'}).text
  File "/home/studentyl/anaconda3/lib/python3.6/site-packages/requests/api.py", line 72, in get
    return request('get', url, params=params, **kwargs)
  File "/home/studentyl/anaconda3/lib/python3.6/site-packages/requests/api.py", line 58, in request
    return session.request(method=method, url=url, **kwargs)
  File "/home/studentyl/anaconda3/lib/python3.6/site-packages/requests/sessions.py", line 518, in request
    resp = self.send(prep, **send_kwargs)
  File "/home/studentyl/anaconda3/lib/python3.6/site-packages/requests/sessions.py", line 639, in send
    r = adapter.send(request, **kwargs)
  File "/home/studentyl/anaconda3/lib/python3.6/site-packages/requests/adapters.py", line 488, in send
    raise ConnectionError(err, request=request)
requests.exceptions.ConnectionError: ('Connection aborted.', RemoteDisconnected('Remote end closed connection without response',))
