page 21930
/bbs/Gossiping/M.1496225013.A.6FF.html download to ptt/Gossiping/21930_0.txt, time: 8.390000
/bbs/Gossiping/M.1496225159.A.361.html download to ptt/Gossiping/21930_1.txt, time: 6.160000
empty download to ptt/Gossiping/21930_2.txt, time: 0.000000
/bbs/Gossiping/M.1496225231.A.0EE.html download to ptt/Gossiping/21930_3.txt, time: 4.090000
/bbs/Gossiping/M.1496225239.A.FFD.html download to ptt/Gossiping/21930_4.txt, time: 3.990000
/bbs/Gossiping/M.1496225267.A.AE5.html download to ptt/Gossiping/21930_5.txt, time: 6.380000
/bbs/Gossiping/M.1496225272.A.231.html download to ptt/Gossiping/21930_6.txt, time: 4.440000
/bbs/Gossiping/M.1496225306.A.D13.html download to ptt/Gossiping/21930_7.txt, time: 4.100000
/bbs/Gossiping/M.1496225341.A.239.html download to ptt/Gossiping/21930_8.txt, time: 6.720000
/bbs/Gossiping/M.1496225363.A.595.html download to ptt/Gossiping/21930_9.txt, time: 7.690000
/bbs/Gossiping/M.1496225372.A.E28.html download to ptt/Gossiping/21930_10.txt, time: 3.560000
/bbs/Gossiping/M.1496225377.A.799.html download to ptt/Gossiping/21930_11.txt, time: 5.070000
/bbs/Gossiping/M.1496225415.A.658.html download to ptt/Gossiping/21930_12.txt, time: 7.320000
/bbs/Gossiping/M.1496225485.A.761.html download to ptt/Gossiping/21930_13.txt, time: 3.660000
/bbs/Gossiping/M.1496225545.A.553.html download to ptt/Gossiping/21930_14.txt, time: 4.590000
/bbs/Gossiping/M.1496225547.A.73E.html download to ptt/Gossiping/21930_15.txt, time: 4.760000
/bbs/Gossiping/M.1496225579.A.8AE.html download to ptt/Gossiping/21930_16.txt, time: 3.000000
/bbs/Gossiping/M.1496225602.A.F0B.html download to ptt/Gossiping/21930_17.txt, time: 5.660000
/bbs/Gossiping/M.1496225688.A.517.html download to ptt/Gossiping/21930_18.txt, time: 5.210000
/bbs/Gossiping/M.1496225698.A.CB3.html download to ptt/Gossiping/21930_19.txt, time: 4.810000
page 21929
/bbs/Gossiping/M.1496224439.A.AF2.html download to ptt/Gossiping/21929_0.txt, time: 4.400000
/bbs/Gossiping/M.1496224440.A.B44.html download to ptt/Gossiping/21929_1.txt, time: 5.580000
/bbs/Gossiping/M.1496224522.A.976.html download to ptt/Gossiping/21929_2.txt, time: 7.520000
/bbs/Gossiping/M.1496224523.A.C65.html download to ptt/Gossiping/21929_3.txt, time: 3.360000
/bbs/Gossiping/M.1496224530.A.9B5.html download to ptt/Gossiping/21929_4.txt, time: 6.150000
/bbs/Gossiping/M.1496224558.A.EE4.html download to ptt/Gossiping/21929_5.txt, time: 6.080000
/bbs/Gossiping/M.1496224563.A.557.html download to ptt/Gossiping/21929_6.txt, time: 3.800000
/bbs/Gossiping/M.1496224575.A.89C.html download to ptt/Gossiping/21929_7.txt, time: 4.640000
/bbs/Gossiping/M.1496224660.A.887.html download to ptt/Gossiping/21929_8.txt, time: 6.080000
/bbs/Gossiping/M.1496224668.A.0F5.html download to ptt/Gossiping/21929_9.txt, time: 5.190000
/bbs/Gossiping/M.1496224669.A.99E.html download to ptt/Gossiping/21929_10.txt, time: 3.990000
/bbs/Gossiping/M.1496224799.A.252.html download to ptt/Gossiping/21929_11.txt, time: 5.510000
/bbs/Gossiping/M.1496224844.A.95A.html download to ptt/Gossiping/21929_12.txt, time: 4.560000
/bbs/Gossiping/M.1496224906.A.219.html download to ptt/Gossiping/21929_13.txt, time: 4.530000
/bbs/Gossiping/M.1496224926.A.1E5.html download to ptt/Gossiping/21929_14.txt, time: 8.900000
/bbs/Gossiping/M.1496224957.A.500.html download to ptt/Gossiping/21929_15.txt, time: 5.050000
/bbs/Gossiping/M.1496224959.A.105.html download to ptt/Gossiping/21929_16.txt, time: 6.510000
/bbs/Gossiping/M.1496224990.A.9B4.html download to ptt/Gossiping/21929_17.txt, time: 11.180000
/bbs/Gossiping/M.1496224998.A.770.html download to ptt/Gossiping/21929_18.txt, time: 8.130000
/bbs/Gossiping/M.1496225003.A.EF3.html download to ptt/Gossiping/21929_19.txt, time: 3.920000
page 21928
/bbs/Gossiping/M.1496223809.A.581.html download to ptt/Gossiping/21928_0.txt, time: 6.920000
/bbs/Gossiping/M.1496223848.A.F30.html download to ptt/Gossiping/21928_1.txt, time: 5.950000
/bbs/Gossiping/M.1496223862.A.65C.html download to ptt/Gossiping/21928_2.txt, time: 4.500000
/bbs/Gossiping/M.1496223867.A.34C.html download to ptt/Gossiping/21928_3.txt, time: 10.170000
/bbs/Gossiping/M.1496223877.A.431.html download to ptt/Gossiping/21928_4.txt, time: 4.320000
/bbs/Gossiping/M.1496223893.A.AE7.html download to ptt/Gossiping/21928_5.txt, time: 3.550000
/bbs/Gossiping/M.1496223955.A.114.html download to ptt/Gossiping/21928_6.txt, time: 3.780000
/bbs/Gossiping/M.1496223974.A.06D.html download to ptt/Gossiping/21928_7.txt, time: 4.320000
/bbs/Gossiping/M.1496224115.A.730.html download to ptt/Gossiping/21928_8.txt, time: 5.030000
/bbs/Gossiping/M.1496224156.A.7FD.html download to ptt/Gossiping/21928_9.txt, time: 8.270000
/bbs/Gossiping/M.1496224217.A.51D.html download to ptt/Gossiping/21928_10.txt, time: 6.470000
/bbs/Gossiping/M.1496224247.A.2F9.html download to ptt/Gossiping/21928_11.txt, time: 4.160000
/bbs/Gossiping/M.1496224265.A.84A.html download to ptt/Gossiping/21928_12.txt, time: 4.050000
/bbs/Gossiping/M.1496224274.A.B7B.html download to ptt/Gossiping/21928_13.txt, time: 8.670000
/bbs/Gossiping/M.1496224289.A.744.html download to ptt/Gossiping/21928_14.txt, time: 3.640000
/bbs/Gossiping/M.1496224293.A.E55.html download to ptt/Gossiping/21928_15.txt, time: 4.180000
/bbs/Gossiping/M.1496224308.A.B61.html download to ptt/Gossiping/21928_16.txt, time: 4.950000
/bbs/Gossiping/M.1496224385.A.6A6.html download to ptt/Gossiping/21928_17.txt, time: 3.540000
/bbs/Gossiping/M.1496224399.A.B14.html download to ptt/Gossiping/21928_18.txt, time: 3.620000
/bbs/Gossiping/M.1496224406.A.1EF.html download to ptt/Gossiping/21928_19.txt, time: 3.870000
page 21927
/bbs/Gossiping/M.1496223296.A.90E.html download to ptt/Gossiping/21927_0.txt, time: 5.140000
/bbs/Gossiping/M.1496223313.A.BE7.html download to ptt/Gossiping/21927_1.txt, time: 3.600000
/bbs/Gossiping/M.1496223356.A.E1F.html download to ptt/Gossiping/21927_2.txt, time: 5.230000
/bbs/Gossiping/M.1496223394.A.E85.html download to ptt/Gossiping/21927_3.txt, time: 3.920000
/bbs/Gossiping/M.1496223410.A.808.html download to ptt/Gossiping/21927_4.txt, time: 4.430000
/bbs/Gossiping/M.1496223415.A.FB8.html download to ptt/Gossiping/21927_5.txt, time: 4.720000
/bbs/Gossiping/M.1496223436.A.C3B.html download to ptt/Gossiping/21927_6.txt, time: 2.820000
/bbs/Gossiping/M.1496223464.A.F3A.html download to ptt/Gossiping/21927_7.txt, time: 3.880000
/bbs/Gossiping/M.1496223557.A.0B5.html download to ptt/Gossiping/21927_8.txt, time: 3.730000
/bbs/Gossiping/M.1496223578.A.9EC.html download to ptt/Gossiping/21927_9.txt, time: 3.810000
/bbs/Gossiping/M.1496223641.A.835.html download to ptt/Gossiping/21927_10.txt, time: 5.460000
/bbs/Gossiping/M.1496223668.A.F6D.html download to ptt/Gossiping/21927_11.txt, time: 4.830000
/bbs/Gossiping/M.1496223680.A.DB9.html download to ptt/Gossiping/21927_12.txt, time: 5.120000
/bbs/Gossiping/M.1496223709.A.7C6.html download to ptt/Gossiping/21927_13.txt, time: 6.300000
/bbs/Gossiping/M.1496223711.A.C84.html download to ptt/Gossiping/21927_14.txt, time: 5.680000
/bbs/Gossiping/M.1496223714.A.1A7.html download to ptt/Gossiping/21927_15.txt, time: 5.640000
/bbs/Gossiping/M.1496223744.A.355.html download to ptt/Gossiping/21927_16.txt, time: 4.780000
/bbs/Gossiping/M.1496223762.A.97A.html download to ptt/Gossiping/21927_17.txt, time: 3.970000
/bbs/Gossiping/M.1496223775.A.1DD.html download to ptt/Gossiping/21927_18.txt, time: 3.890000
/bbs/Gossiping/M.1496223805.A.9E5.html download to ptt/Gossiping/21927_19.txt, time: 3.560000
page 21926
/bbs/Gossiping/M.1496222767.A.56A.html download to ptt/Gossiping/21926_0.txt, time: 5.720000
/bbs/Gossiping/M.1496222778.A.A49.html download to ptt/Gossiping/21926_1.txt, time: 3.440000
/bbs/Gossiping/M.1496222780.A.276.html download to ptt/Gossiping/21926_2.txt, time: 3.660000
/bbs/Gossiping/M.1496222788.A.A39.html download to ptt/Gossiping/21926_3.txt, time: 4.690000
/bbs/Gossiping/M.1496222792.A.4DA.html download to ptt/Gossiping/21926_4.txt, time: 4.180000
/bbs/Gossiping/M.1496222820.A.0BE.html download to ptt/Gossiping/21926_5.txt, time: 3.700000
/bbs/Gossiping/M.1496222872.A.02A.html download to ptt/Gossiping/21926_6.txt, time: 2.640000
/bbs/Gossiping/M.1496222917.A.0E3.html download to ptt/Gossiping/21926_7.txt, time: 3.350000
/bbs/Gossiping/M.1496222996.A.134.html download to ptt/Gossiping/21926_8.txt, time: 3.530000
/bbs/Gossiping/M.1496222997.A.2C8.html download to ptt/Gossiping/21926_9.txt, time: 3.520000
/bbs/Gossiping/M.1496223052.A.F8E.html download to ptt/Gossiping/21926_10.txt, time: 3.940000
/bbs/Gossiping/M.1496223091.A.6F0.html download to ptt/Gossiping/21926_11.txt, time: 2.720000
/bbs/Gossiping/M.1496223103.A.163.html download to ptt/Gossiping/21926_12.txt, time: 2.810000
/bbs/Gossiping/M.1496223122.A.A8B.html download to ptt/Gossiping/21926_13.txt, time: 2.350000
/bbs/Gossiping/M.1496223141.A.169.html download to ptt/Gossiping/21926_14.txt, time: 2.680000
/bbs/Gossiping/M.1496223187.A.A5E.html download to ptt/Gossiping/21926_15.txt, time: 5.380000
/bbs/Gossiping/M.1496223199.A.81F.html download to ptt/Gossiping/21926_16.txt, time: 3.980000
/bbs/Gossiping/M.1496223218.A.5E5.html download to ptt/Gossiping/21926_17.txt, time: 3.020000
/bbs/Gossiping/M.1496223267.A.497.html download to ptt/Gossiping/21926_18.txt, time: 1.910000
/bbs/Gossiping/M.1496223286.A.0C0.html download to ptt/Gossiping/21926_19.txt, time: 2.600000
time: 535.3356347084045 seconds
