page 21940
/bbs/Gossiping/M.1496230484.A.3E3.html download to ptt/Gossiping/21940_0.txt, time: 5.820000
/bbs/Gossiping/M.1496230521.A.720.html download to ptt/Gossiping/21940_1.txt, time: 3.010000
/bbs/Gossiping/M.1496230548.A.78E.html download to ptt/Gossiping/21940_2.txt, time: 8.400000
empty download to ptt/Gossiping/21940_3.txt, time: 0.000000
/bbs/Gossiping/M.1496230629.A.17A.html download to ptt/Gossiping/21940_4.txt, time: 5.740000
/bbs/Gossiping/M.1496230651.A.C76.html download to ptt/Gossiping/21940_5.txt, time: 3.760000
/bbs/Gossiping/M.1496230687.A.A06.html download to ptt/Gossiping/21940_6.txt, time: 4.370000
/bbs/Gossiping/M.1496230726.A.4E7.html download to ptt/Gossiping/21940_7.txt, time: 4.250000
/bbs/Gossiping/M.1496230749.A.8D2.html download to ptt/Gossiping/21940_8.txt, time: 4.010000
/bbs/Gossiping/M.1496230756.A.899.html download to ptt/Gossiping/21940_9.txt, time: 4.460000
/bbs/Gossiping/M.1496230761.A.74A.html download to ptt/Gossiping/21940_10.txt, time: 6.200000
/bbs/Gossiping/M.1496230781.A.37B.html download to ptt/Gossiping/21940_11.txt, time: 6.650000
/bbs/Gossiping/M.1496230784.A.A3A.html download to ptt/Gossiping/21940_12.txt, time: 4.470000
/bbs/Gossiping/M.1496230854.A.F6D.html download to ptt/Gossiping/21940_13.txt, time: 5.350000
/bbs/Gossiping/M.1496230869.A.4A2.html download to ptt/Gossiping/21940_14.txt, time: 4.310000
/bbs/Gossiping/M.1496230886.A.3DA.html download to ptt/Gossiping/21940_15.txt, time: 6.000000
/bbs/Gossiping/M.1496230889.A.346.html download to ptt/Gossiping/21940_16.txt, time: 4.040000
/bbs/Gossiping/M.1496231019.A.FBE.html download to ptt/Gossiping/21940_17.txt, time: 3.820000
/bbs/Gossiping/M.1496231077.A.AF4.html download to ptt/Gossiping/21940_18.txt, time: 6.040000
/bbs/Gossiping/M.1496231087.A.32E.html download to ptt/Gossiping/21940_19.txt, time: 5.850000
page 21939
empty download to ptt/Gossiping/21939_0.txt, time: 0.000000
/bbs/Gossiping/M.1496229946.A.5C1.html download to ptt/Gossiping/21939_1.txt, time: 4.430000
/bbs/Gossiping/M.1496229975.A.B35.html download to ptt/Gossiping/21939_2.txt, time: 6.210000
/bbs/Gossiping/M.1496230076.A.99F.html download to ptt/Gossiping/21939_3.txt, time: 5.860000
/bbs/Gossiping/M.1496230079.A.029.html download to ptt/Gossiping/21939_4.txt, time: 4.980000
/bbs/Gossiping/M.1496230097.A.193.html download to ptt/Gossiping/21939_5.txt, time: 4.970000
/bbs/Gossiping/M.1496230135.A.C2E.html download to ptt/Gossiping/21939_6.txt, time: 5.670000
/bbs/Gossiping/M.1496230137.A.885.html download to ptt/Gossiping/21939_7.txt, time: 5.700000
/bbs/Gossiping/M.1496230174.A.0E5.html download to ptt/Gossiping/21939_8.txt, time: 3.070000
/bbs/Gossiping/M.1496230209.A.0E6.html download to ptt/Gossiping/21939_9.txt, time: 4.480000
/bbs/Gossiping/M.1496230218.A.5B5.html download to ptt/Gossiping/21939_10.txt, time: 6.510000
/bbs/Gossiping/M.1496230349.A.C37.html download to ptt/Gossiping/21939_11.txt, time: 3.260000
/bbs/Gossiping/M.1496230349.A.981.html download to ptt/Gossiping/21939_12.txt, time: 4.800000
/bbs/Gossiping/M.1496230393.A.0E8.html download to ptt/Gossiping/21939_13.txt, time: 6.810000
/bbs/Gossiping/M.1496230415.A.660.html download to ptt/Gossiping/21939_14.txt, time: 6.300000
/bbs/Gossiping/M.1496230448.A.2C2.html download to ptt/Gossiping/21939_15.txt, time: 6.370000
/bbs/Gossiping/M.1496230454.A.FE3.html download to ptt/Gossiping/21939_16.txt, time: 4.450000
/bbs/Gossiping/M.1496230457.A.F4F.html download to ptt/Gossiping/21939_17.txt, time: 4.900000
/bbs/Gossiping/M.1496230457.A.057.html download to ptt/Gossiping/21939_18.txt, time: 4.860000
/bbs/Gossiping/M.1496230477.A.CEC.html download to ptt/Gossiping/21939_19.txt, time: 4.990000
page 21938
/bbs/Gossiping/M.1496229526.A.5A7.html download to ptt/Gossiping/21938_0.txt, time: 3.990000
/bbs/Gossiping/M.1496229541.A.7FD.html download to ptt/Gossiping/21938_1.txt, time: 4.510000
/bbs/Gossiping/M.1496229590.A.AA4.html download to ptt/Gossiping/21938_2.txt, time: 4.590000
/bbs/Gossiping/M.1496229599.A.5AF.html download to ptt/Gossiping/21938_3.txt, time: 4.630000
/bbs/Gossiping/M.1496229635.A.872.html download to ptt/Gossiping/21938_4.txt, time: 12.620000
/bbs/Gossiping/M.1496229671.A.473.html download to ptt/Gossiping/21938_5.txt, time: 4.670000
/bbs/Gossiping/M.1496229675.A.EEC.html download to ptt/Gossiping/21938_6.txt, time: 4.680000
/bbs/Gossiping/M.1496229694.A.B32.html download to ptt/Gossiping/21938_7.txt, time: 4.250000
/bbs/Gossiping/M.1496229704.A.1D7.html download to ptt/Gossiping/21938_8.txt, time: 4.770000
/bbs/Gossiping/M.1496229714.A.801.html download to ptt/Gossiping/21938_9.txt, time: 6.750000
/bbs/Gossiping/M.1496229745.A.FD6.html download to ptt/Gossiping/21938_10.txt, time: 4.730000
/bbs/Gossiping/M.1496229812.A.056.html download to ptt/Gossiping/21938_11.txt, time: 8.750000
/bbs/Gossiping/M.1496229838.A.102.html download to ptt/Gossiping/21938_12.txt, time: 5.160000
/bbs/Gossiping/M.1496229870.A.7F0.html download to ptt/Gossiping/21938_13.txt, time: 4.890000
/bbs/Gossiping/M.1496229879.A.F9F.html download to ptt/Gossiping/21938_14.txt, time: 6.990000
/bbs/Gossiping/M.1496229883.A.2C5.html download to ptt/Gossiping/21938_15.txt, time: 4.770000
/bbs/Gossiping/M.1496229884.A.700.html download to ptt/Gossiping/21938_16.txt, time: 7.370000
/bbs/Gossiping/M.1496229905.A.01E.html download to ptt/Gossiping/21938_17.txt, time: 6.630000
/bbs/Gossiping/M.1496229921.A.F25.html download to ptt/Gossiping/21938_18.txt, time: 4.270000
/bbs/Gossiping/M.1496229924.A.E1D.html download to ptt/Gossiping/21938_19.txt, time: 3.280000
page 21937
/bbs/Gossiping/M.1496229018.A.CFB.html download to ptt/Gossiping/21937_0.txt, time: 3.570000
/bbs/Gossiping/M.1496229101.A.146.html download to ptt/Gossiping/21937_1.txt, time: 5.230000
/bbs/Gossiping/M.1496229107.A.9FE.html download to ptt/Gossiping/21937_2.txt, time: 5.200000
/bbs/Gossiping/M.1496229147.A.538.html download to ptt/Gossiping/21937_3.txt, time: 4.610000
/bbs/Gossiping/M.1496229168.A.76F.html download to ptt/Gossiping/21937_4.txt, time: 4.810000
/bbs/Gossiping/M.1496229212.A.6AD.html download to ptt/Gossiping/21937_5.txt, time: 4.040000
/bbs/Gossiping/M.1496229235.A.0FB.html download to ptt/Gossiping/21937_6.txt, time: 5.660000
/bbs/Gossiping/M.1496229257.A.B65.html download to ptt/Gossiping/21937_7.txt, time: 4.380000
/bbs/Gossiping/M.1496229288.A.CB9.html download to ptt/Gossiping/21937_8.txt, time: 3.240000
/bbs/Gossiping/M.1496229290.A.6EF.html download to ptt/Gossiping/21937_9.txt, time: 2.760000
/bbs/Gossiping/M.1496229298.A.1CC.html download to ptt/Gossiping/21937_10.txt, time: 4.420000
/bbs/Gossiping/M.1496229340.A.48B.html download to ptt/Gossiping/21937_11.txt, time: 3.790000
/bbs/Gossiping/M.1496229383.A.A31.html download to ptt/Gossiping/21937_12.txt, time: 4.010000
/bbs/Gossiping/M.1496229398.A.C29.html download to ptt/Gossiping/21937_13.txt, time: 4.070000
/bbs/Gossiping/M.1496229416.A.EFB.html download to ptt/Gossiping/21937_14.txt, time: 2.620000
/bbs/Gossiping/M.1496229444.A.93A.html download to ptt/Gossiping/21937_15.txt, time: 3.230000
/bbs/Gossiping/M.1496229449.A.47D.html download to ptt/Gossiping/21937_16.txt, time: 4.320000
/bbs/Gossiping/M.1496229461.A.593.html download to ptt/Gossiping/21937_17.txt, time: 4.980000
/bbs/Gossiping/M.1496229464.A.B6D.html download to ptt/Gossiping/21937_18.txt, time: 7.340000
/bbs/Gossiping/M.1496229499.A.D35.html download to ptt/Gossiping/21937_19.txt, time: 4.680000
page 21936
/bbs/Gossiping/M.1496228703.A.AB2.html download to ptt/Gossiping/21936_0.txt, time: 4.270000
/bbs/Gossiping/M.1496228711.A.648.html download to ptt/Gossiping/21936_1.txt, time: 3.310000
/bbs/Gossiping/M.1496228715.A.686.html download to ptt/Gossiping/21936_2.txt, time: 3.830000
/bbs/Gossiping/M.1496228733.A.05F.html download to ptt/Gossiping/21936_3.txt, time: 2.750000
/bbs/Gossiping/M.1496228747.A.1C0.html download to ptt/Gossiping/21936_4.txt, time: 4.220000
/bbs/Gossiping/M.1496228762.A.8C2.html download to ptt/Gossiping/21936_5.txt, time: 3.150000
/bbs/Gossiping/M.1496228802.A.158.html download to ptt/Gossiping/21936_6.txt, time: 3.220000
/bbs/Gossiping/M.1496228810.A.213.html download to ptt/Gossiping/21936_7.txt, time: 5.890000
/bbs/Gossiping/M.1496228828.A.E03.html download to ptt/Gossiping/21936_8.txt, time: 4.280000
/bbs/Gossiping/M.1496228879.A.B1A.html download to ptt/Gossiping/21936_9.txt, time: 3.230000
/bbs/Gossiping/M.1496228887.A.183.html download to ptt/Gossiping/21936_10.txt, time: 3.380000
/bbs/Gossiping/M.1496228891.A.B68.html download to ptt/Gossiping/21936_11.txt, time: 3.570000
/bbs/Gossiping/M.1496228910.A.F2C.html download to ptt/Gossiping/21936_12.txt, time: 3.150000
/bbs/Gossiping/M.1496228928.A.2F4.html download to ptt/Gossiping/21936_13.txt, time: 4.440000
/bbs/Gossiping/M.1496228941.A.3AD.html download to ptt/Gossiping/21936_14.txt, time: 4.240000
/bbs/Gossiping/M.1496228964.A.96A.html download to ptt/Gossiping/21936_15.txt, time: 4.110000
/bbs/Gossiping/M.1496228990.A.4F6.html download to ptt/Gossiping/21936_16.txt, time: 4.460000
/bbs/Gossiping/M.1496229010.A.F93.html download to ptt/Gossiping/21936_17.txt, time: 2.470000
/bbs/Gossiping/M.1496229013.A.E3F.html download to ptt/Gossiping/21936_18.txt, time: 3.640000
/bbs/Gossiping/M.1496229017.A.11C.html download to ptt/Gossiping/21936_19.txt, time: 3.390000
time: 526.4158535003662 seconds
