page 21950
/bbs/Gossiping/M.1496235569.A.296.html download to ptt/Gossiping/21950_0.txt, time: 6.030000
/bbs/Gossiping/M.1496235601.A.03B.html download to ptt/Gossiping/21950_1.txt, time: 9.510000
/bbs/Gossiping/M.1496235615.A.29C.html download to ptt/Gossiping/21950_2.txt, time: 4.760000
/bbs/Gossiping/M.1496235634.A.D24.html download to ptt/Gossiping/21950_3.txt, time: 4.160000
/bbs/Gossiping/M.1496235647.A.D69.html download to ptt/Gossiping/21950_4.txt, time: 5.940000
/bbs/Gossiping/M.1496235660.A.C01.html download to ptt/Gossiping/21950_5.txt, time: 4.610000
/bbs/Gossiping/M.1496235661.A.838.html download to ptt/Gossiping/21950_6.txt, time: 4.360000
/bbs/Gossiping/M.1496235664.A.A2D.html download to ptt/Gossiping/21950_7.txt, time: 6.280000
/bbs/Gossiping/M.1496235674.A.090.html download to ptt/Gossiping/21950_8.txt, time: 7.010000
/bbs/Gossiping/M.1496235677.A.536.html download to ptt/Gossiping/21950_9.txt, time: 4.740000
/bbs/Gossiping/M.1496235706.A.32E.html download to ptt/Gossiping/21950_10.txt, time: 4.650000
/bbs/Gossiping/M.1496235731.A.9AE.html download to ptt/Gossiping/21950_11.txt, time: 4.640000
/bbs/Gossiping/M.1496235745.A.739.html download to ptt/Gossiping/21950_12.txt, time: 6.330000
/bbs/Gossiping/M.1496235826.A.B6E.html download to ptt/Gossiping/21950_13.txt, time: 5.130000
/bbs/Gossiping/M.1496235855.A.168.html download to ptt/Gossiping/21950_14.txt, time: 5.190000
/bbs/Gossiping/M.1496235905.A.60B.html download to ptt/Gossiping/21950_15.txt, time: 6.010000
/bbs/Gossiping/M.1496235913.A.EF5.html download to ptt/Gossiping/21950_16.txt, time: 5.830000
/bbs/Gossiping/M.1496235986.A.025.html download to ptt/Gossiping/21950_17.txt, time: 3.940000
/bbs/Gossiping/M.1496235994.A.EE3.html download to ptt/Gossiping/21950_18.txt, time: 4.280000
/bbs/Gossiping/M.1496235997.A.DB8.html download to ptt/Gossiping/21950_19.txt, time: 5.120000
page 21949
/bbs/Gossiping/M.1496235284.A.388.html download to ptt/Gossiping/21949_0.txt, time: 4.550000
/bbs/Gossiping/M.1496235307.A.AAA.html download to ptt/Gossiping/21949_1.txt, time: 4.040000
/bbs/Gossiping/M.1496235331.A.DCE.html download to ptt/Gossiping/21949_2.txt, time: 3.860000
/bbs/Gossiping/M.1496235338.A.C9E.html download to ptt/Gossiping/21949_3.txt, time: 5.300000
/bbs/Gossiping/M.1496235363.A.BDE.html download to ptt/Gossiping/21949_4.txt, time: 5.660000
/bbs/Gossiping/M.1496235390.A.DFF.html download to ptt/Gossiping/21949_5.txt, time: 5.340000
/bbs/Gossiping/M.1496235414.A.D2F.html download to ptt/Gossiping/21949_6.txt, time: 5.630000
/bbs/Gossiping/M.1496235438.A.48B.html download to ptt/Gossiping/21949_7.txt, time: 5.710000
/bbs/Gossiping/M.1496235438.A.C60.html download to ptt/Gossiping/21949_8.txt, time: 4.400000
/bbs/Gossiping/M.1496235445.A.E9C.html download to ptt/Gossiping/21949_9.txt, time: 6.520000
/bbs/Gossiping/M.1496235459.A.37D.html download to ptt/Gossiping/21949_10.txt, time: 4.170000
/bbs/Gossiping/M.1496235475.A.CB7.html download to ptt/Gossiping/21949_11.txt, time: 6.620000
/bbs/Gossiping/M.1496235485.A.6A0.html download to ptt/Gossiping/21949_12.txt, time: 6.090000
/bbs/Gossiping/M.1496235491.A.C84.html download to ptt/Gossiping/21949_13.txt, time: 4.180000
/bbs/Gossiping/M.1496235501.A.7A5.html download to ptt/Gossiping/21949_14.txt, time: 5.970000
/bbs/Gossiping/M.1496235530.A.C49.html download to ptt/Gossiping/21949_15.txt, time: 6.420000
/bbs/Gossiping/M.1496235537.A.83D.html download to ptt/Gossiping/21949_16.txt, time: 6.970000
/bbs/Gossiping/M.1496235538.A.19F.html download to ptt/Gossiping/21949_17.txt, time: 6.620000
/bbs/Gossiping/M.1496235540.A.460.html download to ptt/Gossiping/21949_18.txt, time: 5.040000
/bbs/Gossiping/M.1496235560.A.B99.html download to ptt/Gossiping/21949_19.txt, time: 11.530000
page 21948
/bbs/Gossiping/M.1496234852.A.E3A.html download to ptt/Gossiping/21948_0.txt, time: 6.320000
/bbs/Gossiping/M.1496234876.A.AF1.html download to ptt/Gossiping/21948_1.txt, time: 4.030000
/bbs/Gossiping/M.1496234882.A.533.html download to ptt/Gossiping/21948_2.txt, time: 7.990000
/bbs/Gossiping/M.1496234884.A.1BE.html download to ptt/Gossiping/21948_3.txt, time: 7.700000
/bbs/Gossiping/M.1496234900.A.796.html download to ptt/Gossiping/21948_4.txt, time: 5.410000
/bbs/Gossiping/M.1496234961.A.236.html download to ptt/Gossiping/21948_5.txt, time: 5.290000
/bbs/Gossiping/M.1496234983.A.541.html download to ptt/Gossiping/21948_6.txt, time: 3.730000
/bbs/Gossiping/M.1496234991.A.CF5.html download to ptt/Gossiping/21948_7.txt, time: 7.540000
/bbs/Gossiping/M.1496235004.A.9B6.html download to ptt/Gossiping/21948_8.txt, time: 4.370000
/bbs/Gossiping/M.1496235028.A.251.html download to ptt/Gossiping/21948_9.txt, time: 5.160000
/bbs/Gossiping/M.1496235051.A.5A0.html download to ptt/Gossiping/21948_10.txt, time: 5.170000
/bbs/Gossiping/M.1496235141.A.155.html download to ptt/Gossiping/21948_11.txt, time: 3.050000
/bbs/Gossiping/M.1496235149.A.345.html download to ptt/Gossiping/21948_12.txt, time: 5.760000
/bbs/Gossiping/M.1496235152.A.E80.html download to ptt/Gossiping/21948_13.txt, time: 5.140000
/bbs/Gossiping/M.1496235177.A.898.html download to ptt/Gossiping/21948_14.txt, time: 3.730000
/bbs/Gossiping/M.1496235224.A.6C0.html download to ptt/Gossiping/21948_15.txt, time: 4.230000
/bbs/Gossiping/M.1496235225.A.FEF.html download to ptt/Gossiping/21948_16.txt, time: 3.680000
/bbs/Gossiping/M.1496235265.A.62D.html download to ptt/Gossiping/21948_17.txt, time: 3.540000
/bbs/Gossiping/M.1496235282.A.E85.html download to ptt/Gossiping/21948_18.txt, time: 3.730000
/bbs/Gossiping/M.1496235284.A.C1F.html download to ptt/Gossiping/21948_19.txt, time: 3.360000
page 21947
/bbs/Gossiping/M.1496234350.A.D5A.html download to ptt/Gossiping/21947_0.txt, time: 3.970000
/bbs/Gossiping/M.1496234362.A.EE4.html download to ptt/Gossiping/21947_1.txt, time: 5.440000
/bbs/Gossiping/M.1496234371.A.EBF.html download to ptt/Gossiping/21947_2.txt, time: 4.440000
/bbs/Gossiping/M.1496234480.A.7B0.html download to ptt/Gossiping/21947_3.txt, time: 5.350000
/bbs/Gossiping/M.1496234502.A.7C2.html download to ptt/Gossiping/21947_4.txt, time: 3.940000
/bbs/Gossiping/M.1496234516.A.DDA.html download to ptt/Gossiping/21947_5.txt, time: 4.250000
/bbs/Gossiping/M.1496234525.A.08C.html download to ptt/Gossiping/21947_6.txt, time: 4.250000
/bbs/Gossiping/M.1496234535.A.510.html download to ptt/Gossiping/21947_7.txt, time: 3.700000
/bbs/Gossiping/M.1496234538.A.6C8.html download to ptt/Gossiping/21947_8.txt, time: 5.000000
/bbs/Gossiping/M.1496234559.A.A32.html download to ptt/Gossiping/21947_9.txt, time: 4.510000
/bbs/Gossiping/M.1496234601.A.04D.html download to ptt/Gossiping/21947_10.txt, time: 3.230000
/bbs/Gossiping/M.1496234624.A.2EF.html download to ptt/Gossiping/21947_11.txt, time: 4.320000
/bbs/Gossiping/M.1496234663.A.5E8.html download to ptt/Gossiping/21947_12.txt, time: 6.760000
/bbs/Gossiping/M.1496234673.A.96E.html download to ptt/Gossiping/21947_13.txt, time: 6.520000
/bbs/Gossiping/M.1496234679.A.B5D.html download to ptt/Gossiping/21947_14.txt, time: 3.010000
/bbs/Gossiping/M.1496234718.A.CCA.html download to ptt/Gossiping/21947_15.txt, time: 3.530000
/bbs/Gossiping/M.1496234720.A.D7B.html download to ptt/Gossiping/21947_16.txt, time: 3.450000
/bbs/Gossiping/M.1496234775.A.E4F.html download to ptt/Gossiping/21947_17.txt, time: 4.130000
/bbs/Gossiping/M.1496234798.A.D2C.html download to ptt/Gossiping/21947_18.txt, time: 3.190000
/bbs/Gossiping/M.1496234811.A.10E.html download to ptt/Gossiping/21947_19.txt, time: 2.840000
page 21946
/bbs/Gossiping/M.1496233955.A.36F.html download to ptt/Gossiping/21946_0.txt, time: 4.510000
/bbs/Gossiping/M.1496233956.A.1A8.html download to ptt/Gossiping/21946_1.txt, time: 3.120000
/bbs/Gossiping/M.1496233980.A.B1E.html download to ptt/Gossiping/21946_2.txt, time: 3.800000
/bbs/Gossiping/M.1496234020.A.3CD.html download to ptt/Gossiping/21946_3.txt, time: 3.510000
/bbs/Gossiping/M.1496234026.A.A28.html download to ptt/Gossiping/21946_4.txt, time: 4.390000
/bbs/Gossiping/M.1496234054.A.EC2.html download to ptt/Gossiping/21946_5.txt, time: 4.410000
/bbs/Gossiping/M.1496234119.A.B43.html download to ptt/Gossiping/21946_6.txt, time: 3.330000
/bbs/Gossiping/M.1496234152.A.D04.html download to ptt/Gossiping/21946_7.txt, time: 2.580000
/bbs/Gossiping/M.1496234165.A.7D4.html download to ptt/Gossiping/21946_8.txt, time: 2.880000
/bbs/Gossiping/M.1496234189.A.7AE.html download to ptt/Gossiping/21946_9.txt, time: 4.020000
/bbs/Gossiping/M.1496234196.A.634.html download to ptt/Gossiping/21946_10.txt, time: 4.790000
/bbs/Gossiping/M.1496234220.A.87B.html download to ptt/Gossiping/21946_11.txt, time: 3.450000
/bbs/Gossiping/M.1496234236.A.D67.html download to ptt/Gossiping/21946_12.txt, time: 4.010000
/bbs/Gossiping/M.1496234238.A.2B2.html download to ptt/Gossiping/21946_13.txt, time: 3.140000
/bbs/Gossiping/M.1496234258.A.E18.html download to ptt/Gossiping/21946_14.txt, time: 3.110000
/bbs/Gossiping/M.1496234280.A.878.html download to ptt/Gossiping/21946_15.txt, time: 5.320000
/bbs/Gossiping/M.1496234307.A.0A5.html download to ptt/Gossiping/21946_16.txt, time: 3.450000
/bbs/Gossiping/M.1496234330.A.0BD.html download to ptt/Gossiping/21946_17.txt, time: 5.600000
/bbs/Gossiping/M.1496234334.A.1CE.html download to ptt/Gossiping/21946_18.txt, time: 3.260000
/bbs/Gossiping/M.1496234336.A.433.html download to ptt/Gossiping/21946_19.txt, time: 2.120000
time: 545.4340381622314 seconds
