page 21960
/bbs/Gossiping/M.1496240683.A.3C0.html download to ptt/Gossiping/21960_0.txt, time: 6.490000
/bbs/Gossiping/M.1496240689.A.69E.html download to ptt/Gossiping/21960_1.txt, time: 4.140000
/bbs/Gossiping/M.1496240737.A.4CF.html download to ptt/Gossiping/21960_2.txt, time: 5.420000
/bbs/Gossiping/M.1496240740.A.7DE.html download to ptt/Gossiping/21960_3.txt, time: 3.990000
/bbs/Gossiping/M.1496240758.A.0AF.html download to ptt/Gossiping/21960_4.txt, time: 3.670000
/bbs/Gossiping/M.1496240758.A.4E4.html download to ptt/Gossiping/21960_5.txt, time: 7.240000
/bbs/Gossiping/M.1496240782.A.D78.html download to ptt/Gossiping/21960_6.txt, time: 6.010000
/bbs/Gossiping/M.1496240822.A.105.html download to ptt/Gossiping/21960_7.txt, time: 6.010000
/bbs/Gossiping/M.1496240824.A.A85.html download to ptt/Gossiping/21960_8.txt, time: 5.030000
/bbs/Gossiping/M.1496240844.A.6EB.html download to ptt/Gossiping/21960_9.txt, time: 4.880000
/bbs/Gossiping/M.1496240846.A.A34.html download to ptt/Gossiping/21960_10.txt, time: 3.950000
/bbs/Gossiping/M.1496240872.A.EC5.html download to ptt/Gossiping/21960_11.txt, time: 8.000000
/bbs/Gossiping/M.1496240882.A.9AD.html download to ptt/Gossiping/21960_12.txt, time: 5.610000
/bbs/Gossiping/M.1496240999.A.080.html download to ptt/Gossiping/21960_13.txt, time: 5.190000
/bbs/Gossiping/M.1496241022.A.21C.html download to ptt/Gossiping/21960_14.txt, time: 3.910000
/bbs/Gossiping/M.1496241032.A.EE7.html download to ptt/Gossiping/21960_15.txt, time: 5.150000
/bbs/Gossiping/M.1496241034.A.C34.html download to ptt/Gossiping/21960_16.txt, time: 7.450000
/bbs/Gossiping/M.1496241050.A.FA7.html download to ptt/Gossiping/21960_17.txt, time: 5.220000
empty download to ptt/Gossiping/21960_18.txt, time: 0.000000
/bbs/Gossiping/M.1496241087.A.AE5.html download to ptt/Gossiping/21960_19.txt, time: 6.490000
page 21959
/bbs/Gossiping/M.1496240213.A.EDD.html download to ptt/Gossiping/21959_0.txt, time: 4.200000
/bbs/Gossiping/M.1496240245.A.8B8.html download to ptt/Gossiping/21959_1.txt, time: 6.350000
/bbs/Gossiping/M.1496240265.A.995.html download to ptt/Gossiping/21959_2.txt, time: 7.790000
/bbs/Gossiping/M.1496240305.A.446.html download to ptt/Gossiping/21959_3.txt, time: 4.510000
/bbs/Gossiping/M.1496240348.A.93A.html download to ptt/Gossiping/21959_4.txt, time: 4.710000
/bbs/Gossiping/M.1496240380.A.D23.html download to ptt/Gossiping/21959_5.txt, time: 5.620000
/bbs/Gossiping/M.1496240457.A.B25.html download to ptt/Gossiping/21959_6.txt, time: 3.800000
/bbs/Gossiping/M.1496240484.A.9D2.html download to ptt/Gossiping/21959_7.txt, time: 5.820000
/bbs/Gossiping/M.1496240493.A.D69.html download to ptt/Gossiping/21959_8.txt, time: 3.620000
/bbs/Gossiping/M.1496240519.A.73E.html download to ptt/Gossiping/21959_9.txt, time: 3.990000
/bbs/Gossiping/M.1496240521.A.B45.html download to ptt/Gossiping/21959_10.txt, time: 5.090000
/bbs/Gossiping/M.1496240573.A.09E.html download to ptt/Gossiping/21959_11.txt, time: 5.210000
empty download to ptt/Gossiping/21959_12.txt, time: 0.000000
/bbs/Gossiping/M.1496240595.A.0CE.html download to ptt/Gossiping/21959_13.txt, time: 6.390000
/bbs/Gossiping/M.1496240612.A.24A.html download to ptt/Gossiping/21959_14.txt, time: 5.520000
/bbs/Gossiping/M.1496240635.A.619.html download to ptt/Gossiping/21959_15.txt, time: 5.310000
/bbs/Gossiping/M.1496240651.A.112.html download to ptt/Gossiping/21959_16.txt, time: 4.360000
/bbs/Gossiping/M.1496240652.A.0B9.html download to ptt/Gossiping/21959_17.txt, time: 4.570000
/bbs/Gossiping/M.1496240660.A.89B.html download to ptt/Gossiping/21959_18.txt, time: 4.690000
/bbs/Gossiping/M.1496240670.A.F21.html download to ptt/Gossiping/21959_19.txt, time: 6.810000
page 21958
/bbs/Gossiping/M.1496239739.A.A07.html download to ptt/Gossiping/21958_0.txt, time: 7.550000
/bbs/Gossiping/M.1496239766.A.886.html download to ptt/Gossiping/21958_1.txt, time: 5.020000
/bbs/Gossiping/M.1496239787.A.9A3.html download to ptt/Gossiping/21958_2.txt, time: 11.480000
/bbs/Gossiping/M.1496239841.A.F25.html download to ptt/Gossiping/21958_3.txt, time: 4.540000
/bbs/Gossiping/M.1496239849.A.339.html download to ptt/Gossiping/21958_4.txt, time: 9.080000
/bbs/Gossiping/M.1496239851.A.7BD.html download to ptt/Gossiping/21958_5.txt, time: 8.580000
/bbs/Gossiping/M.1496239865.A.986.html download to ptt/Gossiping/21958_6.txt, time: 6.550000
/bbs/Gossiping/M.1496239876.A.8B3.html download to ptt/Gossiping/21958_7.txt, time: 7.000000
/bbs/Gossiping/M.1496239901.A.576.html download to ptt/Gossiping/21958_8.txt, time: 3.510000
/bbs/Gossiping/M.1496239906.A.ED7.html download to ptt/Gossiping/21958_9.txt, time: 3.730000
/bbs/Gossiping/M.1496239913.A.B46.html download to ptt/Gossiping/21958_10.txt, time: 7.070000
/bbs/Gossiping/M.1496239918.A.B9B.html download to ptt/Gossiping/21958_11.txt, time: 6.550000
/bbs/Gossiping/M.1496239939.A.7BE.html download to ptt/Gossiping/21958_12.txt, time: 5.310000
/bbs/Gossiping/M.1496239947.A.5AF.html download to ptt/Gossiping/21958_13.txt, time: 6.070000
/bbs/Gossiping/M.1496239959.A.678.html download to ptt/Gossiping/21958_14.txt, time: 5.630000
/bbs/Gossiping/M.1496240048.A.1CE.html download to ptt/Gossiping/21958_15.txt, time: 3.060000
/bbs/Gossiping/M.1496240155.A.00F.html download to ptt/Gossiping/21958_16.txt, time: 4.700000
/bbs/Gossiping/M.1496240204.A.EAA.html download to ptt/Gossiping/21958_17.txt, time: 3.730000
/bbs/Gossiping/M.1496240204.A.88E.html download to ptt/Gossiping/21958_18.txt, time: 4.960000
/bbs/Gossiping/M.1496240207.A.63D.html download to ptt/Gossiping/21958_19.txt, time: 3.490000
page 21957
/bbs/Gossiping/M.1496239272.A.65E.html download to ptt/Gossiping/21957_0.txt, time: 4.880000
/bbs/Gossiping/M.1496239280.A.0F3.html download to ptt/Gossiping/21957_1.txt, time: 3.870000
/bbs/Gossiping/M.1496239334.A.F01.html download to ptt/Gossiping/21957_2.txt, time: 3.920000
/bbs/Gossiping/M.1496239371.A.4A0.html download to ptt/Gossiping/21957_3.txt, time: 4.540000
/bbs/Gossiping/M.1496239410.A.21A.html download to ptt/Gossiping/21957_4.txt, time: 3.890000
/bbs/Gossiping/M.1496239418.A.158.html download to ptt/Gossiping/21957_5.txt, time: 3.320000
/bbs/Gossiping/M.1496239421.A.1B7.html download to ptt/Gossiping/21957_6.txt, time: 4.080000
/bbs/Gossiping/M.1496239449.A.1BB.html download to ptt/Gossiping/21957_7.txt, time: 4.730000
/bbs/Gossiping/M.1496239501.A.75E.html download to ptt/Gossiping/21957_8.txt, time: 3.700000
/bbs/Gossiping/M.1496239519.A.B6E.html download to ptt/Gossiping/21957_9.txt, time: 3.540000
/bbs/Gossiping/M.1496239525.A.257.html download to ptt/Gossiping/21957_10.txt, time: 5.070000
/bbs/Gossiping/M.1496239562.A.200.html download to ptt/Gossiping/21957_11.txt, time: 3.380000
/bbs/Gossiping/M.1496239563.A.A1F.html download to ptt/Gossiping/21957_12.txt, time: 3.720000
/bbs/Gossiping/M.1496239577.A.1FC.html download to ptt/Gossiping/21957_13.txt, time: 3.230000
/bbs/Gossiping/M.1496239613.A.6EC.html download to ptt/Gossiping/21957_14.txt, time: 4.030000
/bbs/Gossiping/M.1496239623.A.663.html download to ptt/Gossiping/21957_15.txt, time: 7.230000
/bbs/Gossiping/M.1496239624.A.E74.html download to ptt/Gossiping/21957_16.txt, time: 5.800000
/bbs/Gossiping/M.1496239647.A.99A.html download to ptt/Gossiping/21957_17.txt, time: 4.460000
/bbs/Gossiping/M.1496239677.A.652.html download to ptt/Gossiping/21957_18.txt, time: 4.710000
/bbs/Gossiping/M.1496239677.A.97B.html download to ptt/Gossiping/21957_19.txt, time: 3.280000
page 21956
/bbs/Gossiping/M.1496238696.A.848.html download to ptt/Gossiping/21956_0.txt, time: 6.940000
/bbs/Gossiping/M.1496238706.A.C89.html download to ptt/Gossiping/21956_1.txt, time: 4.920000
/bbs/Gossiping/M.1496238720.A.9D4.html download to ptt/Gossiping/21956_2.txt, time: 4.340000
/bbs/Gossiping/M.1496238771.A.EB2.html download to ptt/Gossiping/21956_3.txt, time: 4.610000
/bbs/Gossiping/M.1496238793.A.A70.html download to ptt/Gossiping/21956_4.txt, time: 3.400000
/bbs/Gossiping/M.1496238801.A.453.html download to ptt/Gossiping/21956_5.txt, time: 4.360000
/bbs/Gossiping/M.1496238828.A.996.html download to ptt/Gossiping/21956_6.txt, time: 3.290000
/bbs/Gossiping/M.1496238864.A.084.html download to ptt/Gossiping/21956_7.txt, time: 4.800000
/bbs/Gossiping/M.1496238872.A.125.html download to ptt/Gossiping/21956_8.txt, time: 3.540000
/bbs/Gossiping/M.1496239004.A.4DB.html download to ptt/Gossiping/21956_9.txt, time: 5.020000
/bbs/Gossiping/M.1496239025.A.A35.html download to ptt/Gossiping/21956_10.txt, time: 4.020000
/bbs/Gossiping/M.1496239025.A.744.html download to ptt/Gossiping/21956_11.txt, time: 3.410000
/bbs/Gossiping/M.1496239039.A.EB3.html download to ptt/Gossiping/21956_12.txt, time: 4.390000
/bbs/Gossiping/M.1496239068.A.05F.html download to ptt/Gossiping/21956_13.txt, time: 2.480000
/bbs/Gossiping/M.1496239089.A.B27.html download to ptt/Gossiping/21956_14.txt, time: 2.670000
/bbs/Gossiping/M.1496239119.A.0C2.html download to ptt/Gossiping/21956_15.txt, time: 4.790000
/bbs/Gossiping/M.1496239157.A.FF8.html download to ptt/Gossiping/21956_16.txt, time: 3.080000
/bbs/Gossiping/M.1496239200.A.7EF.html download to ptt/Gossiping/21956_17.txt, time: 2.110000
/bbs/Gossiping/M.1496239240.A.575.html download to ptt/Gossiping/21956_18.txt, time: 3.640000
/bbs/Gossiping/M.1496239271.A.FC9.html download to ptt/Gossiping/21956_19.txt, time: 2.690000
time: 556.4080827236176 seconds
