page 21970
/bbs/Gossiping/M.1496245128.A.D05.html download to ptt/Gossiping/21970_0.txt, time: 5.770000
/bbs/Gossiping/M.1496245134.A.9CE.html download to ptt/Gossiping/21970_1.txt, time: 3.350000
/bbs/Gossiping/M.1496245144.A.D5E.html download to ptt/Gossiping/21970_2.txt, time: 5.310000
/bbs/Gossiping/M.1496245195.A.520.html download to ptt/Gossiping/21970_3.txt, time: 4.470000
/bbs/Gossiping/M.1496245206.A.553.html download to ptt/Gossiping/21970_4.txt, time: 7.770000
/bbs/Gossiping/M.1496245219.A.4C8.html download to ptt/Gossiping/21970_5.txt, time: 6.060000
/bbs/Gossiping/M.1496245265.A.60F.html download to ptt/Gossiping/21970_6.txt, time: 5.630000
/bbs/Gossiping/M.1496245283.A.F1F.html download to ptt/Gossiping/21970_7.txt, time: 3.550000
/bbs/Gossiping/M.1496245289.A.854.html download to ptt/Gossiping/21970_8.txt, time: 3.840000
/bbs/Gossiping/M.1496245295.A.FD2.html download to ptt/Gossiping/21970_9.txt, time: 3.410000
/bbs/Gossiping/M.1496245299.A.A14.html download to ptt/Gossiping/21970_10.txt, time: 3.640000
/bbs/Gossiping/M.1496245324.A.AEF.html download to ptt/Gossiping/21970_11.txt, time: 4.220000
/bbs/Gossiping/M.1496245328.A.AFE.html download to ptt/Gossiping/21970_12.txt, time: 5.510000
/bbs/Gossiping/M.1496245351.A.51B.html download to ptt/Gossiping/21970_13.txt, time: 7.820000
/bbs/Gossiping/M.1496245377.A.A4A.html download to ptt/Gossiping/21970_14.txt, time: 4.230000
/bbs/Gossiping/M.1496245378.A.24B.html download to ptt/Gossiping/21970_15.txt, time: 5.260000
/bbs/Gossiping/M.1496245394.A.319.html download to ptt/Gossiping/21970_16.txt, time: 3.170000
/bbs/Gossiping/M.1496245406.A.852.html download to ptt/Gossiping/21970_17.txt, time: 6.040000
/bbs/Gossiping/M.1496245427.A.4C0.html download to ptt/Gossiping/21970_18.txt, time: 3.830000
/bbs/Gossiping/M.1496245460.A.40F.html download to ptt/Gossiping/21970_19.txt, time: 5.280000
page 21969
/bbs/Gossiping/M.1496244574.A.C11.html download to ptt/Gossiping/21969_0.txt, time: 4.780000
/bbs/Gossiping/M.1496244580.A.EC2.html download to ptt/Gossiping/21969_1.txt, time: 4.280000
/bbs/Gossiping/M.1496244625.A.C9F.html download to ptt/Gossiping/21969_2.txt, time: 4.600000
/bbs/Gossiping/M.1496244650.A.6AB.html download to ptt/Gossiping/21969_3.txt, time: 4.430000
/bbs/Gossiping/M.1496244667.A.8B5.html download to ptt/Gossiping/21969_4.txt, time: 6.640000
/bbs/Gossiping/M.1496244721.A.3DE.html download to ptt/Gossiping/21969_5.txt, time: 5.670000
/bbs/Gossiping/M.1496244725.A.ED7.html download to ptt/Gossiping/21969_6.txt, time: 4.280000
/bbs/Gossiping/M.1496244758.A.11B.html download to ptt/Gossiping/21969_7.txt, time: 5.360000
/bbs/Gossiping/M.1496244803.A.829.html download to ptt/Gossiping/21969_8.txt, time: 5.960000
/bbs/Gossiping/M.1496244826.A.26D.html download to ptt/Gossiping/21969_9.txt, time: 6.320000
/bbs/Gossiping/M.1496244868.A.F67.html download to ptt/Gossiping/21969_10.txt, time: 5.690000
/bbs/Gossiping/M.1496244885.A.689.html download to ptt/Gossiping/21969_11.txt, time: 5.240000
/bbs/Gossiping/M.1496244901.A.C67.html download to ptt/Gossiping/21969_12.txt, time: 5.140000
/bbs/Gossiping/M.1496244910.A.AE7.html download to ptt/Gossiping/21969_13.txt, time: 4.360000
/bbs/Gossiping/M.1496244922.A.026.html download to ptt/Gossiping/21969_14.txt, time: 5.550000
/bbs/Gossiping/M.1496244945.A.145.html download to ptt/Gossiping/21969_15.txt, time: 3.780000
/bbs/Gossiping/M.1496244965.A.49A.html download to ptt/Gossiping/21969_16.txt, time: 5.170000
/bbs/Gossiping/M.1496244996.A.686.html download to ptt/Gossiping/21969_17.txt, time: 3.630000
/bbs/Gossiping/M.1496245025.A.7B6.html download to ptt/Gossiping/21969_18.txt, time: 5.290000
/bbs/Gossiping/M.1496245109.A.B15.html download to ptt/Gossiping/21969_19.txt, time: 5.010000
page 21968
/bbs/Gossiping/M.1496244039.A.C3E.html download to ptt/Gossiping/21968_0.txt, time: 6.760000
/bbs/Gossiping/M.1496244079.A.B5F.html download to ptt/Gossiping/21968_1.txt, time: 8.990000
/bbs/Gossiping/M.1496244079.A.4F6.html download to ptt/Gossiping/21968_2.txt, time: 4.890000
/bbs/Gossiping/M.1496244106.A.0C5.html download to ptt/Gossiping/21968_3.txt, time: 5.810000
/bbs/Gossiping/M.1496244160.A.477.html download to ptt/Gossiping/21968_4.txt, time: 5.300000
/bbs/Gossiping/M.1496244170.A.44A.html download to ptt/Gossiping/21968_5.txt, time: 4.920000
/bbs/Gossiping/M.1496244229.A.17B.html download to ptt/Gossiping/21968_6.txt, time: 4.960000
/bbs/Gossiping/M.1496244234.A.42D.html download to ptt/Gossiping/21968_7.txt, time: 5.130000
/bbs/Gossiping/M.1496244238.A.F66.html download to ptt/Gossiping/21968_8.txt, time: 6.230000
/bbs/Gossiping/M.1496244248.A.AE2.html download to ptt/Gossiping/21968_9.txt, time: 5.730000
/bbs/Gossiping/M.1496244300.A.6A5.html download to ptt/Gossiping/21968_10.txt, time: 4.000000
/bbs/Gossiping/M.1496244309.A.4D9.html download to ptt/Gossiping/21968_11.txt, time: 6.320000
/bbs/Gossiping/M.1496244319.A.43D.html download to ptt/Gossiping/21968_12.txt, time: 5.090000
/bbs/Gossiping/M.1496244339.A.FFC.html download to ptt/Gossiping/21968_13.txt, time: 6.410000
/bbs/Gossiping/M.1496244414.A.875.html download to ptt/Gossiping/21968_14.txt, time: 4.870000
/bbs/Gossiping/M.1496244432.A.4AD.html download to ptt/Gossiping/21968_15.txt, time: 3.640000
/bbs/Gossiping/M.1496244482.A.2D9.html download to ptt/Gossiping/21968_16.txt, time: 6.780000
/bbs/Gossiping/M.1496244499.A.B91.html download to ptt/Gossiping/21968_17.txt, time: 3.640000
/bbs/Gossiping/M.1496244566.A.6EA.html download to ptt/Gossiping/21968_18.txt, time: 7.790000
/bbs/Gossiping/M.1496244568.A.4DE.html download to ptt/Gossiping/21968_19.txt, time: 3.430000
page 21967
/bbs/Gossiping/M.1496243650.A.8F2.html download to ptt/Gossiping/21967_0.txt, time: 4.270000
/bbs/Gossiping/M.1496243684.A.820.html download to ptt/Gossiping/21967_1.txt, time: 3.700000
/bbs/Gossiping/M.1496243698.A.17A.html download to ptt/Gossiping/21967_2.txt, time: 2.930000
/bbs/Gossiping/M.1496243727.A.6EE.html download to ptt/Gossiping/21967_3.txt, time: 3.180000
/bbs/Gossiping/M.1496243754.A.75D.html download to ptt/Gossiping/21967_4.txt, time: 2.820000
/bbs/Gossiping/M.1496243757.A.E27.html download to ptt/Gossiping/21967_5.txt, time: 4.070000
/bbs/Gossiping/M.1496243765.A.279.html download to ptt/Gossiping/21967_6.txt, time: 4.900000
/bbs/Gossiping/M.1496243782.A.5CE.html download to ptt/Gossiping/21967_7.txt, time: 3.620000
/bbs/Gossiping/M.1496243820.A.E97.html download to ptt/Gossiping/21967_8.txt, time: 5.990000
/bbs/Gossiping/M.1496243874.A.299.html download to ptt/Gossiping/21967_9.txt, time: 3.220000
/bbs/Gossiping/M.1496243875.A.4D8.html download to ptt/Gossiping/21967_10.txt, time: 3.150000
/bbs/Gossiping/M.1496243883.A.2CB.html download to ptt/Gossiping/21967_11.txt, time: 5.930000
/bbs/Gossiping/M.1496243896.A.12C.html download to ptt/Gossiping/21967_12.txt, time: 3.250000
/bbs/Gossiping/M.1496243902.A.C2E.html download to ptt/Gossiping/21967_13.txt, time: 3.670000
/bbs/Gossiping/M.1496243934.A.8DA.html download to ptt/Gossiping/21967_14.txt, time: 4.680000
/bbs/Gossiping/M.1496243941.A.AD7.html download to ptt/Gossiping/21967_15.txt, time: 3.570000
/bbs/Gossiping/M.1496243948.A.1A7.html download to ptt/Gossiping/21967_16.txt, time: 4.390000
/bbs/Gossiping/M.1496243949.A.7AE.html download to ptt/Gossiping/21967_17.txt, time: 3.320000
/bbs/Gossiping/M.1496243970.A.A4F.html download to ptt/Gossiping/21967_18.txt, time: 4.000000
/bbs/Gossiping/M.1496244029.A.21F.html download to ptt/Gossiping/21967_19.txt, time: 8.210000
page 21966
/bbs/Gossiping/M.1496243146.A.6D4.html download to ptt/Gossiping/21966_0.txt, time: 3.370000
/bbs/Gossiping/M.1496243151.A.1E9.html download to ptt/Gossiping/21966_1.txt, time: 4.690000
/bbs/Gossiping/M.1496243162.A.182.html download to ptt/Gossiping/21966_2.txt, time: 2.520000
/bbs/Gossiping/M.1496243180.A.CA2.html download to ptt/Gossiping/21966_3.txt, time: 5.550000
/bbs/Gossiping/M.1496243229.A.035.html download to ptt/Gossiping/21966_4.txt, time: 3.500000
/bbs/Gossiping/M.1496243249.A.059.html download to ptt/Gossiping/21966_5.txt, time: 3.550000
/bbs/Gossiping/M.1496243296.A.2F0.html download to ptt/Gossiping/21966_6.txt, time: 5.800000
/bbs/Gossiping/M.1496243333.A.051.html download to ptt/Gossiping/21966_7.txt, time: 3.140000
/bbs/Gossiping/M.1496243344.A.B27.html download to ptt/Gossiping/21966_8.txt, time: 3.120000
/bbs/Gossiping/M.1496243395.A.755.html download to ptt/Gossiping/21966_9.txt, time: 2.640000
/bbs/Gossiping/M.1496243407.A.196.html download to ptt/Gossiping/21966_10.txt, time: 3.220000
/bbs/Gossiping/M.1496243436.A.B40.html download to ptt/Gossiping/21966_11.txt, time: 5.420000
/bbs/Gossiping/M.1496243456.A.8C7.html download to ptt/Gossiping/21966_12.txt, time: 3.030000
/bbs/Gossiping/M.1496243479.A.DBB.html download to ptt/Gossiping/21966_13.txt, time: 4.120000
/bbs/Gossiping/M.1496243491.A.E3E.html download to ptt/Gossiping/21966_14.txt, time: 2.740000
/bbs/Gossiping/M.1496243495.A.E76.html download to ptt/Gossiping/21966_15.txt, time: 3.190000
/bbs/Gossiping/M.1496243510.A.7B8.html download to ptt/Gossiping/21966_16.txt, time: 3.250000
/bbs/Gossiping/M.1496243534.A.858.html download to ptt/Gossiping/21966_17.txt, time: 4.890000
/bbs/Gossiping/M.1496243559.A.5F4.html download to ptt/Gossiping/21966_18.txt, time: 2.640000
/bbs/Gossiping/M.1496243621.A.605.html download to ptt/Gossiping/21966_19.txt, time: 2.740000
time: 535.8536100387573 seconds
