page 21980
/bbs/Gossiping/M.1496248964.A.8C0.html download to ptt/Gossiping/21980_0.txt, time: 6.050000
/bbs/Gossiping/M.1496249014.A.07E.html download to ptt/Gossiping/21980_1.txt, time: 3.900000
/bbs/Gossiping/M.1496249014.A.8CD.html download to ptt/Gossiping/21980_2.txt, time: 6.190000
/bbs/Gossiping/M.1496249066.A.C9C.html download to ptt/Gossiping/21980_3.txt, time: 5.270000
/bbs/Gossiping/M.1496249086.A.712.html download to ptt/Gossiping/21980_4.txt, time: 8.680000
/bbs/Gossiping/M.1496249095.A.5C3.html download to ptt/Gossiping/21980_5.txt, time: 6.020000
/bbs/Gossiping/M.1496249118.A.BF7.html download to ptt/Gossiping/21980_6.txt, time: 5.920000
/bbs/Gossiping/M.1496249150.A.673.html download to ptt/Gossiping/21980_7.txt, time: 4.140000
/bbs/Gossiping/M.1496249152.A.918.html download to ptt/Gossiping/21980_8.txt, time: 4.520000
/bbs/Gossiping/M.1496249210.A.BC4.html download to ptt/Gossiping/21980_9.txt, time: 2.910000
/bbs/Gossiping/M.1496249231.A.B08.html download to ptt/Gossiping/21980_10.txt, time: 6.190000
/bbs/Gossiping/M.1496249234.A.C2F.html download to ptt/Gossiping/21980_11.txt, time: 6.200000
/bbs/Gossiping/M.1496249236.A.C3D.html download to ptt/Gossiping/21980_12.txt, time: 4.740000
/bbs/Gossiping/M.1496249262.A.AB5.html download to ptt/Gossiping/21980_13.txt, time: 6.220000
/bbs/Gossiping/M.1496249287.A.341.html download to ptt/Gossiping/21980_14.txt, time: 3.720000
/bbs/Gossiping/M.1496249373.A.154.html download to ptt/Gossiping/21980_15.txt, time: 3.930000
/bbs/Gossiping/M.1496249381.A.074.html download to ptt/Gossiping/21980_16.txt, time: 3.970000
/bbs/Gossiping/M.1496249381.A.A56.html download to ptt/Gossiping/21980_17.txt, time: 6.080000
/bbs/Gossiping/M.1496249418.A.096.html download to ptt/Gossiping/21980_18.txt, time: 4.050000
/bbs/Gossiping/M.1496249449.A.084.html download to ptt/Gossiping/21980_19.txt, time: 5.230000
page 21979
/bbs/Gossiping/M.1496248474.A.812.html download to ptt/Gossiping/21979_0.txt, time: 4.930000
/bbs/Gossiping/M.1496248492.A.4AE.html download to ptt/Gossiping/21979_1.txt, time: 3.660000
/bbs/Gossiping/M.1496248503.A.4CB.html download to ptt/Gossiping/21979_2.txt, time: 4.350000
/bbs/Gossiping/M.1496248503.A.42A.html download to ptt/Gossiping/21979_3.txt, time: 3.850000
/bbs/Gossiping/M.1496248517.A.54C.html download to ptt/Gossiping/21979_4.txt, time: 5.770000
/bbs/Gossiping/M.1496248589.A.F32.html download to ptt/Gossiping/21979_5.txt, time: 5.710000
/bbs/Gossiping/M.1496248633.A.CC6.html download to ptt/Gossiping/21979_6.txt, time: 4.820000
/bbs/Gossiping/M.1496248644.A.647.html download to ptt/Gossiping/21979_7.txt, time: 6.140000
/bbs/Gossiping/M.1496248679.A.BC9.html download to ptt/Gossiping/21979_8.txt, time: 6.440000
empty download to ptt/Gossiping/21979_9.txt, time: 0.000000
/bbs/Gossiping/M.1496248731.A.C03.html download to ptt/Gossiping/21979_10.txt, time: 4.810000
/bbs/Gossiping/M.1496248761.A.229.html download to ptt/Gossiping/21979_11.txt, time: 3.840000
/bbs/Gossiping/M.1496248766.A.5CA.html download to ptt/Gossiping/21979_12.txt, time: 3.760000
/bbs/Gossiping/M.1496248771.A.850.html download to ptt/Gossiping/21979_13.txt, time: 5.420000
/bbs/Gossiping/M.1496248810.A.6B5.html download to ptt/Gossiping/21979_14.txt, time: 4.370000
/bbs/Gossiping/M.1496248833.A.918.html download to ptt/Gossiping/21979_15.txt, time: 6.310000
/bbs/Gossiping/M.1496248848.A.6BD.html download to ptt/Gossiping/21979_16.txt, time: 3.470000
/bbs/Gossiping/M.1496248884.A.10D.html download to ptt/Gossiping/21979_17.txt, time: 5.260000
/bbs/Gossiping/M.1496248905.A.F31.html download to ptt/Gossiping/21979_18.txt, time: 5.790000
/bbs/Gossiping/M.1496248949.A.670.html download to ptt/Gossiping/21979_19.txt, time: 4.240000
page 21978
/bbs/Gossiping/M.1496248138.A.5A4.html download to ptt/Gossiping/21978_0.txt, time: 15.650000
/bbs/Gossiping/M.1496248151.A.6ED.html download to ptt/Gossiping/21978_1.txt, time: 5.590000
/bbs/Gossiping/M.1496248153.A.9F6.html download to ptt/Gossiping/21978_2.txt, time: 9.010000
/bbs/Gossiping/M.1496248154.A.6E1.html download to ptt/Gossiping/21978_3.txt, time: 7.760000
/bbs/Gossiping/M.1496248184.A.414.html download to ptt/Gossiping/21978_4.txt, time: 4.190000
/bbs/Gossiping/M.1496248212.A.698.html download to ptt/Gossiping/21978_5.txt, time: 14.980000
/bbs/Gossiping/M.1496248252.A.779.html download to ptt/Gossiping/21978_6.txt, time: 3.930000
/bbs/Gossiping/M.1496248287.A.DD1.html download to ptt/Gossiping/21978_7.txt, time: 6.280000
/bbs/Gossiping/M.1496248292.A.C4F.html download to ptt/Gossiping/21978_8.txt, time: 3.700000
/bbs/Gossiping/M.1496248302.A.23E.html download to ptt/Gossiping/21978_9.txt, time: 3.880000
/bbs/Gossiping/M.1496248320.A.9B6.html download to ptt/Gossiping/21978_10.txt, time: 5.050000
/bbs/Gossiping/M.1496248337.A.6D6.html download to ptt/Gossiping/21978_11.txt, time: 3.740000
/bbs/Gossiping/M.1496248339.A.9B1.html download to ptt/Gossiping/21978_12.txt, time: 4.040000
/bbs/Gossiping/M.1496248347.A.33D.html download to ptt/Gossiping/21978_13.txt, time: 6.670000
/bbs/Gossiping/M.1496248354.A.4A4.html download to ptt/Gossiping/21978_14.txt, time: 5.440000
/bbs/Gossiping/M.1496248396.A.0EF.html download to ptt/Gossiping/21978_15.txt, time: 4.870000
/bbs/Gossiping/M.1496248397.A.E40.html download to ptt/Gossiping/21978_16.txt, time: 3.920000
/bbs/Gossiping/M.1496248418.A.6B7.html download to ptt/Gossiping/21978_17.txt, time: 7.060000
/bbs/Gossiping/M.1496248454.A.A20.html download to ptt/Gossiping/21978_18.txt, time: 4.840000
/bbs/Gossiping/M.1496248457.A.1C0.html download to ptt/Gossiping/21978_19.txt, time: 2.920000
page 21977
/bbs/Gossiping/M.1496247669.A.958.html download to ptt/Gossiping/21977_0.txt, time: 3.440000
/bbs/Gossiping/M.1496247715.A.16F.html download to ptt/Gossiping/21977_1.txt, time: 4.230000
/bbs/Gossiping/M.1496247768.A.E36.html download to ptt/Gossiping/21977_2.txt, time: 5.330000
/bbs/Gossiping/M.1496247789.A.A8C.html download to ptt/Gossiping/21977_3.txt, time: 3.020000
/bbs/Gossiping/M.1496247857.A.FFA.html download to ptt/Gossiping/21977_4.txt, time: 3.280000
/bbs/Gossiping/M.1496247861.A.F61.html download to ptt/Gossiping/21977_5.txt, time: 5.250000
/bbs/Gossiping/M.1496247862.A.B34.html download to ptt/Gossiping/21977_6.txt, time: 4.270000
/bbs/Gossiping/M.1496247869.A.535.html download to ptt/Gossiping/21977_7.txt, time: 3.080000
/bbs/Gossiping/M.1496247873.A.2AA.html download to ptt/Gossiping/21977_8.txt, time: 3.730000
/bbs/Gossiping/M.1496247905.A.F51.html download to ptt/Gossiping/21977_9.txt, time: 3.770000
/bbs/Gossiping/M.1496247911.A.931.html download to ptt/Gossiping/21977_10.txt, time: 4.550000
/bbs/Gossiping/M.1496247931.A.677.html download to ptt/Gossiping/21977_11.txt, time: 4.180000
/bbs/Gossiping/M.1496247943.A.299.html download to ptt/Gossiping/21977_12.txt, time: 3.920000
/bbs/Gossiping/M.1496247977.A.452.html download to ptt/Gossiping/21977_13.txt, time: 4.160000
/bbs/Gossiping/M.1496247992.A.CE6.html download to ptt/Gossiping/21977_14.txt, time: 5.920000
/bbs/Gossiping/M.1496248015.A.211.html download to ptt/Gossiping/21977_15.txt, time: 3.660000
/bbs/Gossiping/M.1496248048.A.F94.html download to ptt/Gossiping/21977_16.txt, time: 3.750000
/bbs/Gossiping/M.1496248069.A.C72.html download to ptt/Gossiping/21977_17.txt, time: 5.370000
/bbs/Gossiping/M.1496248076.A.2EE.html download to ptt/Gossiping/21977_18.txt, time: 7.820000
/bbs/Gossiping/M.1496248086.A.9BB.html download to ptt/Gossiping/21977_19.txt, time: 4.660000
page 21976
/bbs/Gossiping/M.1496247310.A.F8A.html download to ptt/Gossiping/21976_0.txt, time: 4.100000
/bbs/Gossiping/M.1496247314.A.DAE.html download to ptt/Gossiping/21976_1.txt, time: 3.420000
/bbs/Gossiping/M.1496247317.A.97F.html download to ptt/Gossiping/21976_2.txt, time: 3.100000
/bbs/Gossiping/M.1496247370.A.EAF.html download to ptt/Gossiping/21976_3.txt, time: 4.670000
/bbs/Gossiping/M.1496247379.A.17A.html download to ptt/Gossiping/21976_4.txt, time: 2.980000
/bbs/Gossiping/M.1496247383.A.100.html download to ptt/Gossiping/21976_5.txt, time: 4.280000
/bbs/Gossiping/M.1496247406.A.EE1.html download to ptt/Gossiping/21976_6.txt, time: 3.550000
/bbs/Gossiping/M.1496247415.A.AEF.html download to ptt/Gossiping/21976_7.txt, time: 4.420000
/bbs/Gossiping/M.1496247418.A.888.html download to ptt/Gossiping/21976_8.txt, time: 4.920000
/bbs/Gossiping/M.1496247420.A.88A.html download to ptt/Gossiping/21976_9.txt, time: 5.570000
/bbs/Gossiping/M.1496247439.A.EFA.html download to ptt/Gossiping/21976_10.txt, time: 2.560000
/bbs/Gossiping/M.1496247465.A.13E.html download to ptt/Gossiping/21976_11.txt, time: 2.860000
/bbs/Gossiping/M.1496247486.A.525.html download to ptt/Gossiping/21976_12.txt, time: 1.900000
/bbs/Gossiping/M.1496247494.A.49A.html download to ptt/Gossiping/21976_13.txt, time: 3.020000
/bbs/Gossiping/M.1496247510.A.3C0.html download to ptt/Gossiping/21976_14.txt, time: 3.340000
/bbs/Gossiping/M.1496247518.A.F12.html download to ptt/Gossiping/21976_15.txt, time: 4.000000
/bbs/Gossiping/M.1496247555.A.F11.html download to ptt/Gossiping/21976_16.txt, time: 2.840000
/bbs/Gossiping/M.1496247561.A.6A3.html download to ptt/Gossiping/21976_17.txt, time: 3.310000
/bbs/Gossiping/M.1496247617.A.419.html download to ptt/Gossiping/21976_18.txt, time: 4.720000
/bbs/Gossiping/M.1496247636.A.314.html download to ptt/Gossiping/21976_19.txt, time: 2.610000
time: 534.60156083107 seconds
