page 21990
/bbs/Gossiping/M.1496257510.A.FD3.html download to ptt/Gossiping/21990_0.txt, time: 4.580000
/bbs/Gossiping/M.1496257528.A.6A9.html download to ptt/Gossiping/21990_1.txt, time: 6.050000
/bbs/Gossiping/M.1496257772.A.5B8.html download to ptt/Gossiping/21990_2.txt, time: 6.450000
/bbs/Gossiping/M.1496257906.A.F63.html download to ptt/Gossiping/21990_3.txt, time: 5.030000
/bbs/Gossiping/M.1496257931.A.F1E.html download to ptt/Gossiping/21990_4.txt, time: 4.110000
/bbs/Gossiping/M.1496258031.A.0B0.html download to ptt/Gossiping/21990_5.txt, time: 4.840000
/bbs/Gossiping/M.1496258041.A.DC0.html download to ptt/Gossiping/21990_6.txt, time: 5.010000
/bbs/Gossiping/M.1496258178.A.CC1.html download to ptt/Gossiping/21990_7.txt, time: 5.610000
/bbs/Gossiping/M.1496258389.A.390.html download to ptt/Gossiping/21990_8.txt, time: 7.940000
/bbs/Gossiping/M.1496258459.A.553.html download to ptt/Gossiping/21990_9.txt, time: 5.550000
/bbs/Gossiping/M.1496258671.A.47C.html download to ptt/Gossiping/21990_10.txt, time: 3.910000
/bbs/Gossiping/M.1496258774.A.095.html download to ptt/Gossiping/21990_11.txt, time: 5.360000
/bbs/Gossiping/M.1496258983.A.138.html download to ptt/Gossiping/21990_12.txt, time: 4.880000
/bbs/Gossiping/M.1496259183.A.E7D.html download to ptt/Gossiping/21990_13.txt, time: 5.200000
/bbs/Gossiping/M.1496259185.A.72B.html download to ptt/Gossiping/21990_14.txt, time: 5.000000
/bbs/Gossiping/M.1496259192.A.6AD.html download to ptt/Gossiping/21990_15.txt, time: 5.290000
/bbs/Gossiping/M.1496259337.A.4AC.html download to ptt/Gossiping/21990_16.txt, time: 4.840000
/bbs/Gossiping/M.1496259549.A.D7C.html download to ptt/Gossiping/21990_17.txt, time: 4.140000
/bbs/Gossiping/M.1496259931.A.954.html download to ptt/Gossiping/21990_18.txt, time: 3.810000
/bbs/Gossiping/M.1496259958.A.307.html download to ptt/Gossiping/21990_19.txt, time: 4.160000
page 21989
/bbs/Gossiping/M.1496256242.A.A6F.html download to ptt/Gossiping/21989_0.txt, time: 4.780000
/bbs/Gossiping/M.1496256246.A.8A0.html download to ptt/Gossiping/21989_1.txt, time: 4.980000
/bbs/Gossiping/M.1496256300.A.2E3.html download to ptt/Gossiping/21989_2.txt, time: 4.320000
/bbs/Gossiping/M.1496256352.A.986.html download to ptt/Gossiping/21989_3.txt, time: 4.180000
/bbs/Gossiping/M.1496256362.A.E82.html download to ptt/Gossiping/21989_4.txt, time: 3.080000
/bbs/Gossiping/M.1496256586.A.751.html download to ptt/Gossiping/21989_5.txt, time: 5.250000
/bbs/Gossiping/M.1496256593.A.8C2.html download to ptt/Gossiping/21989_6.txt, time: 4.730000
/bbs/Gossiping/M.1496256640.A.FE7.html download to ptt/Gossiping/21989_7.txt, time: 4.890000
/bbs/Gossiping/M.1496256681.A.831.html download to ptt/Gossiping/21989_8.txt, time: 4.350000
/bbs/Gossiping/M.1496256739.A.538.html download to ptt/Gossiping/21989_9.txt, time: 4.580000
/bbs/Gossiping/M.1496256952.A.1BE.html download to ptt/Gossiping/21989_10.txt, time: 5.210000
/bbs/Gossiping/M.1496256993.A.2A3.html download to ptt/Gossiping/21989_11.txt, time: 5.080000
/bbs/Gossiping/M.1496256999.A.7E4.html download to ptt/Gossiping/21989_12.txt, time: 4.650000
/bbs/Gossiping/M.1496257207.A.334.html download to ptt/Gossiping/21989_13.txt, time: 3.930000
/bbs/Gossiping/M.1496257210.A.731.html download to ptt/Gossiping/21989_14.txt, time: 5.530000
/bbs/Gossiping/M.1496257219.A.19A.html download to ptt/Gossiping/21989_15.txt, time: 5.250000
/bbs/Gossiping/M.1496257353.A.413.html download to ptt/Gossiping/21989_16.txt, time: 4.950000
/bbs/Gossiping/M.1496257379.A.318.html download to ptt/Gossiping/21989_17.txt, time: 4.900000
/bbs/Gossiping/M.1496257404.A.79C.html download to ptt/Gossiping/21989_18.txt, time: 11.090000
/bbs/Gossiping/M.1496257420.A.917.html download to ptt/Gossiping/21989_19.txt, time: 6.300000
page 21988
/bbs/Gossiping/M.1496254719.A.015.html download to ptt/Gossiping/21988_0.txt, time: 4.480000
/bbs/Gossiping/M.1496254808.A.F4A.html download to ptt/Gossiping/21988_1.txt, time: 10.440000
/bbs/Gossiping/M.1496254928.A.E9C.html download to ptt/Gossiping/21988_2.txt, time: 9.320000
/bbs/Gossiping/M.1496254940.A.234.html download to ptt/Gossiping/21988_3.txt, time: 10.040000
/bbs/Gossiping/M.1496255159.A.E7E.html download to ptt/Gossiping/21988_4.txt, time: 9.320000
/bbs/Gossiping/M.1496255159.A.D38.html download to ptt/Gossiping/21988_5.txt, time: 4.520000
/bbs/Gossiping/M.1496255404.A.EF9.html download to ptt/Gossiping/21988_6.txt, time: 10.420000
/bbs/Gossiping/M.1496255478.A.64A.html download to ptt/Gossiping/21988_7.txt, time: 10.920000
/bbs/Gossiping/M.1496255494.A.CEA.html download to ptt/Gossiping/21988_8.txt, time: 4.720000
/bbs/Gossiping/M.1496255650.A.CB1.html download to ptt/Gossiping/21988_9.txt, time: 3.430000
/bbs/Gossiping/M.1496255706.A.614.html download to ptt/Gossiping/21988_10.txt, time: 4.070000
/bbs/Gossiping/M.1496255741.A.D05.html download to ptt/Gossiping/21988_11.txt, time: 3.830000
/bbs/Gossiping/M.1496255772.A.A28.html download to ptt/Gossiping/21988_12.txt, time: 4.770000
/bbs/Gossiping/M.1496255799.A.C73.html download to ptt/Gossiping/21988_13.txt, time: 5.500000
/bbs/Gossiping/M.1496255809.A.150.html download to ptt/Gossiping/21988_14.txt, time: 3.010000
/bbs/Gossiping/M.1496255989.A.D1D.html download to ptt/Gossiping/21988_15.txt, time: 4.750000
/bbs/Gossiping/M.1496255998.A.3CC.html download to ptt/Gossiping/21988_16.txt, time: 4.180000
/bbs/Gossiping/M.1496256059.A.45D.html download to ptt/Gossiping/21988_17.txt, time: 3.750000
/bbs/Gossiping/M.1496256109.A.44A.html download to ptt/Gossiping/21988_18.txt, time: 3.840000
/bbs/Gossiping/M.1496256129.A.383.html download to ptt/Gossiping/21988_19.txt, time: 3.640000
page 21987
/bbs/Gossiping/M.1496253566.A.476.html download to ptt/Gossiping/21987_0.txt, time: 4.640000
/bbs/Gossiping/M.1496253582.A.78C.html download to ptt/Gossiping/21987_1.txt, time: 3.610000
/bbs/Gossiping/M.1496253740.A.90F.html download to ptt/Gossiping/21987_2.txt, time: 3.730000
/bbs/Gossiping/M.1496253763.A.46D.html download to ptt/Gossiping/21987_3.txt, time: 5.820000
/bbs/Gossiping/M.1496253799.A.613.html download to ptt/Gossiping/21987_4.txt, time: 3.980000
/bbs/Gossiping/M.1496253811.A.AD0.html download to ptt/Gossiping/21987_5.txt, time: 5.280000
/bbs/Gossiping/M.1496253841.A.CB2.html download to ptt/Gossiping/21987_6.txt, time: 4.240000
/bbs/Gossiping/M.1496253902.A.E0B.html download to ptt/Gossiping/21987_7.txt, time: 3.130000
/bbs/Gossiping/M.1496254082.A.D39.html download to ptt/Gossiping/21987_8.txt, time: 4.170000
/bbs/Gossiping/M.1496254222.A.125.html download to ptt/Gossiping/21987_9.txt, time: 2.750000
/bbs/Gossiping/M.1496254256.A.F15.html download to ptt/Gossiping/21987_10.txt, time: 4.210000
/bbs/Gossiping/M.1496254272.A.308.html download to ptt/Gossiping/21987_11.txt, time: 3.730000
/bbs/Gossiping/M.1496254312.A.789.html download to ptt/Gossiping/21987_12.txt, time: 6.280000
/bbs/Gossiping/M.1496254347.A.706.html download to ptt/Gossiping/21987_13.txt, time: 5.870000
/bbs/Gossiping/M.1496254371.A.BDE.html download to ptt/Gossiping/21987_14.txt, time: 5.320000
/bbs/Gossiping/M.1496254393.A.A0D.html download to ptt/Gossiping/21987_15.txt, time: 4.440000
/bbs/Gossiping/M.1496254528.A.8A5.html download to ptt/Gossiping/21987_16.txt, time: 4.280000
/bbs/Gossiping/M.1496254689.A.352.html download to ptt/Gossiping/21987_17.txt, time: 3.800000
/bbs/Gossiping/M.1496254695.A.854.html download to ptt/Gossiping/21987_18.txt, time: 4.880000
/bbs/Gossiping/M.1496254710.A.BB5.html download to ptt/Gossiping/21987_19.txt, time: 5.020000
page 21986
/bbs/Gossiping/M.1496252673.A.8F2.html download to ptt/Gossiping/21986_0.txt, time: 3.210000
/bbs/Gossiping/M.1496252687.A.74F.html download to ptt/Gossiping/21986_1.txt, time: 3.530000
/bbs/Gossiping/M.1496252709.A.A75.html download to ptt/Gossiping/21986_2.txt, time: 2.760000
/bbs/Gossiping/M.1496252869.A.042.html download to ptt/Gossiping/21986_3.txt, time: 3.610000
/bbs/Gossiping/M.1496252920.A.749.html download to ptt/Gossiping/21986_4.txt, time: 4.160000
/bbs/Gossiping/M.1496252958.A.EE7.html download to ptt/Gossiping/21986_5.txt, time: 4.350000
/bbs/Gossiping/M.1496252998.A.080.html download to ptt/Gossiping/21986_6.txt, time: 4.260000
/bbs/Gossiping/M.1496253042.A.1AC.html download to ptt/Gossiping/21986_7.txt, time: 3.930000
/bbs/Gossiping/M.1496253161.A.390.html download to ptt/Gossiping/21986_8.txt, time: 2.460000
/bbs/Gossiping/M.1496253199.A.361.html download to ptt/Gossiping/21986_9.txt, time: 3.630000
/bbs/Gossiping/M.1496253201.A.095.html download to ptt/Gossiping/21986_10.txt, time: 2.920000
/bbs/Gossiping/M.1496253208.A.B43.html download to ptt/Gossiping/21986_11.txt, time: 2.770000
/bbs/Gossiping/M.1496253293.A.366.html download to ptt/Gossiping/21986_12.txt, time: 3.500000
/bbs/Gossiping/M.1496253359.A.CAC.html download to ptt/Gossiping/21986_13.txt, time: 2.710000
/bbs/Gossiping/M.1496253360.A.F14.html download to ptt/Gossiping/21986_14.txt, time: 4.800000
/bbs/Gossiping/M.1496253385.A.803.html download to ptt/Gossiping/21986_15.txt, time: 5.340000
/bbs/Gossiping/M.1496253409.A.891.html download to ptt/Gossiping/21986_16.txt, time: 3.750000
/bbs/Gossiping/M.1496253427.A.1D1.html download to ptt/Gossiping/21986_17.txt, time: 2.230000
/bbs/Gossiping/M.1496253472.A.203.html download to ptt/Gossiping/21986_18.txt, time: 3.560000
/bbs/Gossiping/M.1496253474.A.E08.html download to ptt/Gossiping/21986_19.txt, time: 3.750000
time: 546.4964334964752 seconds
