page 22000
/bbs/Gossiping/M.1496278719.A.D2E.html download to ptt/Gossiping/22000_0.txt, time: 3.990000
/bbs/Gossiping/M.1496278770.A.9F5.html download to ptt/Gossiping/22000_1.txt, time: 5.300000
/bbs/Gossiping/M.1496278819.A.7AB.html download to ptt/Gossiping/22000_2.txt, time: 3.980000
/bbs/Gossiping/M.1496278827.A.F12.html download to ptt/Gossiping/22000_3.txt, time: 5.140000
/bbs/Gossiping/M.1496278904.A.6FE.html download to ptt/Gossiping/22000_4.txt, time: 4.570000
/bbs/Gossiping/M.1496278913.A.BC1.html download to ptt/Gossiping/22000_5.txt, time: 6.390000
/bbs/Gossiping/M.1496278940.A.EA5.html download to ptt/Gossiping/22000_6.txt, time: 5.530000
/bbs/Gossiping/M.1496278952.A.DD9.html download to ptt/Gossiping/22000_7.txt, time: 4.780000
/bbs/Gossiping/M.1496279001.A.92E.html download to ptt/Gossiping/22000_8.txt, time: 5.880000
/bbs/Gossiping/M.1496279048.A.950.html download to ptt/Gossiping/22000_9.txt, time: 6.090000
/bbs/Gossiping/M.1496279068.A.77B.html download to ptt/Gossiping/22000_10.txt, time: 5.950000
/bbs/Gossiping/M.1496279176.A.4D5.html download to ptt/Gossiping/22000_11.txt, time: 7.650000
/bbs/Gossiping/M.1496279184.A.4D3.html download to ptt/Gossiping/22000_12.txt, time: 4.700000
/bbs/Gossiping/M.1496279209.A.12B.html download to ptt/Gossiping/22000_13.txt, time: 3.560000
/bbs/Gossiping/M.1496279260.A.CF6.html download to ptt/Gossiping/22000_14.txt, time: 4.820000
/bbs/Gossiping/M.1496279288.A.F14.html download to ptt/Gossiping/22000_15.txt, time: 4.240000
/bbs/Gossiping/M.1496279346.A.312.html download to ptt/Gossiping/22000_16.txt, time: 4.240000
/bbs/Gossiping/M.1496279370.A.ACA.html download to ptt/Gossiping/22000_17.txt, time: 4.740000
/bbs/Gossiping/M.1496279483.A.E52.html download to ptt/Gossiping/22000_18.txt, time: 5.430000
/bbs/Gossiping/M.1496279513.A.6D0.html download to ptt/Gossiping/22000_19.txt, time: 4.520000
page 21999
/bbs/Gossiping/M.1496277942.A.403.html download to ptt/Gossiping/21999_0.txt, time: 3.820000
/bbs/Gossiping/M.1496277948.A.596.html download to ptt/Gossiping/21999_1.txt, time: 4.870000
/bbs/Gossiping/M.1496278025.A.927.html download to ptt/Gossiping/21999_2.txt, time: 5.880000
/bbs/Gossiping/M.1496278108.A.F47.html download to ptt/Gossiping/21999_3.txt, time: 4.400000
/bbs/Gossiping/M.1496278110.A.712.html download to ptt/Gossiping/21999_4.txt, time: 6.300000
/bbs/Gossiping/M.1496278223.A.8FD.html download to ptt/Gossiping/21999_5.txt, time: 4.170000
/bbs/Gossiping/M.1496278261.A.D51.html download to ptt/Gossiping/21999_6.txt, time: 3.970000
/bbs/Gossiping/M.1496278290.A.D93.html download to ptt/Gossiping/21999_7.txt, time: 5.920000
/bbs/Gossiping/M.1496278399.A.625.html download to ptt/Gossiping/21999_8.txt, time: 4.620000
/bbs/Gossiping/M.1496278414.A.A8E.html download to ptt/Gossiping/21999_9.txt, time: 3.710000
/bbs/Gossiping/M.1496278418.A.476.html download to ptt/Gossiping/21999_10.txt, time: 6.440000
/bbs/Gossiping/M.1496278435.A.FCB.html download to ptt/Gossiping/21999_11.txt, time: 4.700000
/bbs/Gossiping/M.1496278457.A.44A.html download to ptt/Gossiping/21999_12.txt, time: 4.070000
/bbs/Gossiping/M.1496278472.A.D00.html download to ptt/Gossiping/21999_13.txt, time: 6.570000
/bbs/Gossiping/M.1496278510.A.82D.html download to ptt/Gossiping/21999_14.txt, time: 4.760000
/bbs/Gossiping/M.1496278516.A.97F.html download to ptt/Gossiping/21999_15.txt, time: 4.400000
/bbs/Gossiping/M.1496278583.A.D76.html download to ptt/Gossiping/21999_16.txt, time: 4.380000
/bbs/Gossiping/M.1496278606.A.726.html download to ptt/Gossiping/21999_17.txt, time: 4.910000
/bbs/Gossiping/M.1496278610.A.ADE.html download to ptt/Gossiping/21999_18.txt, time: 4.610000
/bbs/Gossiping/M.1496278646.A.37B.html download to ptt/Gossiping/21999_19.txt, time: 4.090000
page 21998
/bbs/Gossiping/M.1496277234.A.1C7.html download to ptt/Gossiping/21998_0.txt, time: 4.410000
/bbs/Gossiping/M.1496277237.A.13A.html download to ptt/Gossiping/21998_1.txt, time: 4.740000
/bbs/Gossiping/M.1496277268.A.321.html download to ptt/Gossiping/21998_2.txt, time: 5.670000
/bbs/Gossiping/M.1496277296.A.250.html download to ptt/Gossiping/21998_3.txt, time: 4.290000
/bbs/Gossiping/M.1496277321.A.399.html download to ptt/Gossiping/21998_4.txt, time: 12.860000
/bbs/Gossiping/M.1496277339.A.E1B.html download to ptt/Gossiping/21998_5.txt, time: 4.610000
/bbs/Gossiping/M.1496277365.A.B4B.html download to ptt/Gossiping/21998_6.txt, time: 6.900000
/bbs/Gossiping/M.1496277383.A.A94.html download to ptt/Gossiping/21998_7.txt, time: 6.410000
/bbs/Gossiping/M.1496277605.A.2B4.html download to ptt/Gossiping/21998_8.txt, time: 8.860000
/bbs/Gossiping/M.1496277626.A.B4D.htmlTraceback (most recent call last):
  File "/home/studentyl/anaconda3/lib/python3.6/site-packages/requests/packages/urllib3/connectionpool.py", line 600, in urlopen
    chunked=chunked)
  File "/home/studentyl/anaconda3/lib/python3.6/site-packages/requests/packages/urllib3/connectionpool.py", line 386, in _make_request
    six.raise_from(e, None)
  File "<string>", line 2, in raise_from
  File "/home/studentyl/anaconda3/lib/python3.6/site-packages/requests/packages/urllib3/connectionpool.py", line 382, in _make_request
    httplib_response = conn.getresponse()
  File "/home/studentyl/anaconda3/lib/python3.6/http/client.py", line 1331, in getresponse
    response.begin()
  File "/home/studentyl/anaconda3/lib/python3.6/http/client.py", line 297, in begin
    version, status, reason = self._read_status()
  File "/home/studentyl/anaconda3/lib/python3.6/http/client.py", line 266, in _read_status
    raise RemoteDisconnected("Remote end closed connection without"
http.client.RemoteDisconnected: Remote end closed connection without response

During handling of the above exception, another exception occurred:

Traceback (most recent call last):
  File "/home/studentyl/anaconda3/lib/python3.6/site-packages/requests/adapters.py", line 438, in send
    timeout=timeout
  File "/home/studentyl/anaconda3/lib/python3.6/site-packages/requests/packages/urllib3/connectionpool.py", line 649, in urlopen
    _stacktrace=sys.exc_info()[2])
  File "/home/studentyl/anaconda3/lib/python3.6/site-packages/requests/packages/urllib3/util/retry.py", line 357, in increment
    raise six.reraise(type(error), error, _stacktrace)
  File "/home/studentyl/anaconda3/lib/python3.6/site-packages/requests/packages/urllib3/packages/six.py", line 685, in reraise
    raise value.with_traceback(tb)
  File "/home/studentyl/anaconda3/lib/python3.6/site-packages/requests/packages/urllib3/connectionpool.py", line 600, in urlopen
    chunked=chunked)
  File "/home/studentyl/anaconda3/lib/python3.6/site-packages/requests/packages/urllib3/connectionpool.py", line 386, in _make_request
    six.raise_from(e, None)
  File "<string>", line 2, in raise_from
  File "/home/studentyl/anaconda3/lib/python3.6/site-packages/requests/packages/urllib3/connectionpool.py", line 382, in _make_request
    httplib_response = conn.getresponse()
  File "/home/studentyl/anaconda3/lib/python3.6/http/client.py", line 1331, in getresponse
    response.begin()
  File "/home/studentyl/anaconda3/lib/python3.6/http/client.py", line 297, in begin
    version, status, reason = self._read_status()
  File "/home/studentyl/anaconda3/lib/python3.6/http/client.py", line 266, in _read_status
    raise RemoteDisconnected("Remote end closed connection without"
requests.packages.urllib3.exceptions.ProtocolError: ('Connection aborted.', RemoteDisconnected('Remote end closed connection without response',))

During handling of the above exception, another exception occurred:

Traceback (most recent call last):
  File "./crawler.py", line 177, in <module>
    main(sys.argv[1:])
  File "./crawler.py", line 158, in main
    downloadForum(forumName, startPage, pages)
  File "./crawler.py", line 140, in downloadForum
    downloadPage(str(articleCount), forumName, pageNum, 'https://www.ptt.cc'+link)
  File "./crawler.py", line 82, in downloadPage
    pageText = getPageText(link)
  File "./crawler.py", line 13, in getPageText
    pageText=requests.get(link, cookies={'over18':'1'}).text
  File "/home/studentyl/anaconda3/lib/python3.6/site-packages/requests/api.py", line 72, in get
    return request('get', url, params=params, **kwargs)
  File "/home/studentyl/anaconda3/lib/python3.6/site-packages/requests/api.py", line 58, in request
    return session.request(method=method, url=url, **kwargs)
  File "/home/studentyl/anaconda3/lib/python3.6/site-packages/requests/sessions.py", line 518, in request
    resp = self.send(prep, **send_kwargs)
  File "/home/studentyl/anaconda3/lib/python3.6/site-packages/requests/sessions.py", line 639, in send
    r = adapter.send(request, **kwargs)
  File "/home/studentyl/anaconda3/lib/python3.6/site-packages/requests/adapters.py", line 488, in send
    raise ConnectionError(err, request=request)
requests.exceptions.ConnectionError: ('Connection aborted.', RemoteDisconnected('Remote end closed connection without response',))
