page 22010
/bbs/Gossiping/M.1496285292.A.6E7.html download to ptt/Gossiping/22010_0.txt, time: 5.300000
/bbs/Gossiping/M.1496285375.A.66E.html download to ptt/Gossiping/22010_1.txt, time: 5.460000
/bbs/Gossiping/M.1496285424.A.B24.html download to ptt/Gossiping/22010_2.txt, time: 4.650000
/bbs/Gossiping/M.1496285434.A.93E.html download to ptt/Gossiping/22010_3.txt, time: 4.190000
/bbs/Gossiping/M.1496285444.A.B03.html download to ptt/Gossiping/22010_4.txt, time: 6.610000
empty download to ptt/Gossiping/22010_5.txt, time: 0.000000
/bbs/Gossiping/M.1496285488.A.35B.html download to ptt/Gossiping/22010_6.txt, time: 3.800000
/bbs/Gossiping/M.1496285539.A.689.html download to ptt/Gossiping/22010_7.txt, time: 9.350000
/bbs/Gossiping/M.1496285562.A.FD9.html download to ptt/Gossiping/22010_8.txt, time: 6.910000
/bbs/Gossiping/M.1496285577.A.0F2.html download to ptt/Gossiping/22010_9.txt, time: 4.760000
/bbs/Gossiping/M.1496285590.A.661.html download to ptt/Gossiping/22010_10.txt, time: 4.310000
/bbs/Gossiping/M.1496285629.A.059.html download to ptt/Gossiping/22010_11.txt, time: 4.610000
/bbs/Gossiping/M.1496285642.A.AED.html download to ptt/Gossiping/22010_12.txt, time: 3.970000
/bbs/Gossiping/M.1496285650.A.778.html download to ptt/Gossiping/22010_13.txt, time: 4.480000
/bbs/Gossiping/M.1496285706.A.2B7.html download to ptt/Gossiping/22010_14.txt, time: 8.550000
/bbs/Gossiping/M.1496285710.A.73B.html download to ptt/Gossiping/22010_15.txt, time: 4.520000
/bbs/Gossiping/M.1496285735.A.AFC.html download to ptt/Gossiping/22010_16.txt, time: 5.020000
/bbs/Gossiping/M.1496285740.A.D34.html download to ptt/Gossiping/22010_17.txt, time: 4.070000
/bbs/Gossiping/M.1496285741.A.F87.html download to ptt/Gossiping/22010_18.txt, time: 3.150000
/bbs/Gossiping/M.1496285779.A.095.html download to ptt/Gossiping/22010_19.txt, time: 4.300000
page 22009
/bbs/Gossiping/M.1496284822.A.480.html download to ptt/Gossiping/22009_0.txt, time: 4.570000
/bbs/Gossiping/M.1496284857.A.694.html download to ptt/Gossiping/22009_1.txt, time: 5.500000
/bbs/Gossiping/M.1496284873.A.3EE.html download to ptt/Gossiping/22009_2.txt, time: 5.200000
/bbs/Gossiping/M.1496284879.A.ECA.html download to ptt/Gossiping/22009_3.txt, time: 3.400000
/bbs/Gossiping/M.1496284895.A.89E.html download to ptt/Gossiping/22009_4.txt, time: 5.590000
/bbs/Gossiping/M.1496284932.A.A2A.html download to ptt/Gossiping/22009_5.txt, time: 6.000000
/bbs/Gossiping/M.1496284932.A.AD4.html download to ptt/Gossiping/22009_6.txt, time: 3.970000
/bbs/Gossiping/M.1496284952.A.AAA.html download to ptt/Gossiping/22009_7.txt, time: 3.120000
/bbs/Gossiping/M.1496284995.A.05C.html download to ptt/Gossiping/22009_8.txt, time: 5.050000
/bbs/Gossiping/M.1496285017.A.F1A.html download to ptt/Gossiping/22009_9.txt, time: 6.250000
/bbs/Gossiping/M.1496285034.A.3A8.html download to ptt/Gossiping/22009_10.txt, time: 4.790000
/bbs/Gossiping/M.1496285060.A.EF2.html download to ptt/Gossiping/22009_11.txt, time: 4.900000
/bbs/Gossiping/M.1496285068.A.F64.html download to ptt/Gossiping/22009_12.txt, time: 6.430000
/bbs/Gossiping/M.1496285138.A.083.html download to ptt/Gossiping/22009_13.txt, time: 4.490000
/bbs/Gossiping/M.1496285145.A.9F6.html download to ptt/Gossiping/22009_14.txt, time: 3.420000
/bbs/Gossiping/M.1496285155.A.BB2.html download to ptt/Gossiping/22009_15.txt, time: 4.000000
/bbs/Gossiping/M.1496285182.A.10C.html download to ptt/Gossiping/22009_16.txt, time: 3.190000
/bbs/Gossiping/M.1496285220.A.770.html download to ptt/Gossiping/22009_17.txt, time: 4.730000
/bbs/Gossiping/M.1496285287.A.E3A.html download to ptt/Gossiping/22009_18.txt, time: 5.090000
/bbs/Gossiping/M.1496285291.A.D89.html download to ptt/Gossiping/22009_19.txt, time: 4.300000
page 22008
/bbs/Gossiping/M.1496283979.A.AA5.html download to ptt/Gossiping/22008_0.txt, time: 4.800000
/bbs/Gossiping/M.1496284122.A.A7B.html download to ptt/Gossiping/22008_1.txt, time: 4.790000
/bbs/Gossiping/M.1496284140.A.90C.html download to ptt/Gossiping/22008_2.txt, time: 10.840000
/bbs/Gossiping/M.1496284164.A.3F7.html download to ptt/Gossiping/22008_3.txt, time: 10.150000
/bbs/Gossiping/M.1496284298.A.031.html download to ptt/Gossiping/22008_4.txt, time: 13.880000
/bbs/Gossiping/M.1496284329.A.AA1.html download to ptt/Gossiping/22008_5.txt, time: 11.030000
/bbs/Gossiping/M.1496284418.A.318.html download to ptt/Gossiping/22008_6.txt, time: 16.740000
/bbs/Gossiping/M.1496284426.A.26E.html download to ptt/Gossiping/22008_7.txt, time: 7.800000
/bbs/Gossiping/M.1496284480.A.7B9.html download to ptt/Gossiping/22008_8.txt, time: 15.090000
/bbs/Gossiping/M.1496284488.A.6C7.html download to ptt/Gossiping/22008_9.txt, time: 6.860000
/bbs/Gossiping/M.1496284499.A.851.htmlTraceback (most recent call last):
  File "/home/studentyl/anaconda3/lib/python3.6/site-packages/requests/packages/urllib3/connectionpool.py", line 600, in urlopen
    chunked=chunked)
  File "/home/studentyl/anaconda3/lib/python3.6/site-packages/requests/packages/urllib3/connectionpool.py", line 386, in _make_request
    six.raise_from(e, None)
  File "<string>", line 2, in raise_from
  File "/home/studentyl/anaconda3/lib/python3.6/site-packages/requests/packages/urllib3/connectionpool.py", line 382, in _make_request
    httplib_response = conn.getresponse()
  File "/home/studentyl/anaconda3/lib/python3.6/http/client.py", line 1331, in getresponse
    response.begin()
  File "/home/studentyl/anaconda3/lib/python3.6/http/client.py", line 297, in begin
    version, status, reason = self._read_status()
  File "/home/studentyl/anaconda3/lib/python3.6/http/client.py", line 266, in _read_status
    raise RemoteDisconnected("Remote end closed connection without"
http.client.RemoteDisconnected: Remote end closed connection without response

During handling of the above exception, another exception occurred:

Traceback (most recent call last):
  File "/home/studentyl/anaconda3/lib/python3.6/site-packages/requests/adapters.py", line 438, in send
    timeout=timeout
  File "/home/studentyl/anaconda3/lib/python3.6/site-packages/requests/packages/urllib3/connectionpool.py", line 649, in urlopen
    _stacktrace=sys.exc_info()[2])
  File "/home/studentyl/anaconda3/lib/python3.6/site-packages/requests/packages/urllib3/util/retry.py", line 357, in increment
    raise six.reraise(type(error), error, _stacktrace)
  File "/home/studentyl/anaconda3/lib/python3.6/site-packages/requests/packages/urllib3/packages/six.py", line 685, in reraise
    raise value.with_traceback(tb)
  File "/home/studentyl/anaconda3/lib/python3.6/site-packages/requests/packages/urllib3/connectionpool.py", line 600, in urlopen
    chunked=chunked)
  File "/home/studentyl/anaconda3/lib/python3.6/site-packages/requests/packages/urllib3/connectionpool.py", line 386, in _make_request
    six.raise_from(e, None)
  File "<string>", line 2, in raise_from
  File "/home/studentyl/anaconda3/lib/python3.6/site-packages/requests/packages/urllib3/connectionpool.py", line 382, in _make_request
    httplib_response = conn.getresponse()
  File "/home/studentyl/anaconda3/lib/python3.6/http/client.py", line 1331, in getresponse
    response.begin()
  File "/home/studentyl/anaconda3/lib/python3.6/http/client.py", line 297, in begin
    version, status, reason = self._read_status()
  File "/home/studentyl/anaconda3/lib/python3.6/http/client.py", line 266, in _read_status
    raise RemoteDisconnected("Remote end closed connection without"
requests.packages.urllib3.exceptions.ProtocolError: ('Connection aborted.', RemoteDisconnected('Remote end closed connection without response',))

During handling of the above exception, another exception occurred:

Traceback (most recent call last):
  File "./crawler.py", line 177, in <module>
    main(sys.argv[1:])
  File "./crawler.py", line 158, in main
    downloadForum(forumName, startPage, pages)
  File "./crawler.py", line 140, in downloadForum
    downloadPage(str(articleCount), forumName, pageNum, 'https://www.ptt.cc'+link)
  File "./crawler.py", line 82, in downloadPage
    pageText = getPageText(link)
  File "./crawler.py", line 13, in getPageText
    pageText=requests.get(link, cookies={'over18':'1'}).text
  File "/home/studentyl/anaconda3/lib/python3.6/site-packages/requests/api.py", line 72, in get
    return request('get', url, params=params, **kwargs)
  File "/home/studentyl/anaconda3/lib/python3.6/site-packages/requests/api.py", line 58, in request
    return session.request(method=method, url=url, **kwargs)
  File "/home/studentyl/anaconda3/lib/python3.6/site-packages/requests/sessions.py", line 518, in request
    resp = self.send(prep, **send_kwargs)
  File "/home/studentyl/anaconda3/lib/python3.6/site-packages/requests/sessions.py", line 639, in send
    r = adapter.send(request, **kwargs)
  File "/home/studentyl/anaconda3/lib/python3.6/site-packages/requests/adapters.py", line 488, in send
    raise ConnectionError(err, request=request)
requests.exceptions.ConnectionError: ('Connection aborted.', RemoteDisconnected('Remote end closed connection without response',))
