page 22020
empty download to ptt/Gossiping/22020_0.txt, time: 0.000000
/bbs/Gossiping/M.1496291041.A.442.html download to ptt/Gossiping/22020_1.txt, time: 3.700000
/bbs/Gossiping/M.1496291053.A.30E.html download to ptt/Gossiping/22020_2.txt, time: 4.400000
/bbs/Gossiping/M.1496291078.A.C1B.html download to ptt/Gossiping/22020_3.txt, time: 6.110000
/bbs/Gossiping/M.1496291110.A.330.html download to ptt/Gossiping/22020_4.txt, time: 6.360000
/bbs/Gossiping/M.1496291115.A.5A1.html download to ptt/Gossiping/22020_5.txt, time: 4.560000
/bbs/Gossiping/M.1496291166.A.FDA.html download to ptt/Gossiping/22020_6.txt, time: 4.460000
/bbs/Gossiping/M.1496291192.A.BDB.html download to ptt/Gossiping/22020_7.txt, time: 3.880000
/bbs/Gossiping/M.1496291225.A.7BF.html download to ptt/Gossiping/22020_8.txt, time: 4.840000
/bbs/Gossiping/M.1496291233.A.A2B.html download to ptt/Gossiping/22020_9.txt, time: 4.590000
/bbs/Gossiping/M.1496291284.A.33C.html download to ptt/Gossiping/22020_10.txt, time: 4.490000
/bbs/Gossiping/M.1496291351.A.06D.html download to ptt/Gossiping/22020_11.txt, time: 6.980000
/bbs/Gossiping/M.1496291392.A.380.html download to ptt/Gossiping/22020_12.txt, time: 5.870000
/bbs/Gossiping/M.1496291411.A.A74.html download to ptt/Gossiping/22020_13.txt, time: 4.340000
/bbs/Gossiping/M.1496291456.A.F3F.html download to ptt/Gossiping/22020_14.txt, time: 4.750000
/bbs/Gossiping/M.1496291494.A.728.html download to ptt/Gossiping/22020_15.txt, time: 3.930000
/bbs/Gossiping/M.1496291523.A.304.html download to ptt/Gossiping/22020_16.txt, time: 3.960000
/bbs/Gossiping/M.1496291530.A.973.html download to ptt/Gossiping/22020_17.txt, time: 5.450000
/bbs/Gossiping/M.1496291564.A.2DB.html download to ptt/Gossiping/22020_18.txt, time: 4.020000
/bbs/Gossiping/M.1496291576.A.D41.html download to ptt/Gossiping/22020_19.txt, time: 3.820000
page 22019
/bbs/Gossiping/M.1496290545.A.FF0.html download to ptt/Gossiping/22019_0.txt, time: 4.500000
/bbs/Gossiping/M.1496290581.A.307.html download to ptt/Gossiping/22019_1.txt, time: 4.730000
/bbs/Gossiping/M.1496290621.A.2C7.html download to ptt/Gossiping/22019_2.txt, time: 6.510000
/bbs/Gossiping/M.1496290627.A.C75.html download to ptt/Gossiping/22019_3.txt, time: 3.760000
/bbs/Gossiping/M.1496290658.A.64A.html download to ptt/Gossiping/22019_4.txt, time: 6.800000
/bbs/Gossiping/M.1496290665.A.188.html download to ptt/Gossiping/22019_5.txt, time: 6.330000
/bbs/Gossiping/M.1496290693.A.BD9.html download to ptt/Gossiping/22019_6.txt, time: 6.120000
/bbs/Gossiping/M.1496290722.A.209.html download to ptt/Gossiping/22019_7.txt, time: 4.870000
/bbs/Gossiping/M.1496290754.A.EF0.html download to ptt/Gossiping/22019_8.txt, time: 4.050000
/bbs/Gossiping/M.1496290756.A.883.html download to ptt/Gossiping/22019_9.txt, time: 4.970000
/bbs/Gossiping/M.1496290769.A.EBB.html download to ptt/Gossiping/22019_10.txt, time: 4.080000
/bbs/Gossiping/M.1496290783.A.609.html download to ptt/Gossiping/22019_11.txt, time: 3.630000
/bbs/Gossiping/M.1496290814.A.5BE.html download to ptt/Gossiping/22019_12.txt, time: 4.400000
/bbs/Gossiping/M.1496290832.A.3C3.html download to ptt/Gossiping/22019_13.txt, time: 3.710000
/bbs/Gossiping/M.1496290835.A.DF3.html download to ptt/Gossiping/22019_14.txt, time: 6.010000
/bbs/Gossiping/M.1496290881.A.85A.html download to ptt/Gossiping/22019_15.txt, time: 4.380000
/bbs/Gossiping/M.1496290913.A.6EE.html download to ptt/Gossiping/22019_16.txt, time: 5.530000
/bbs/Gossiping/M.1496290983.A.F91.html download to ptt/Gossiping/22019_17.txt, time: 5.440000
/bbs/Gossiping/M.1496290988.A.A69.html download to ptt/Gossiping/22019_18.txt, time: 4.860000
/bbs/Gossiping/M.1496290999.A.00B.html download to ptt/Gossiping/22019_19.txt, time: 3.660000
page 22018
/bbs/Gossiping/M.1496290007.A.1A9.html download to ptt/Gossiping/22018_0.txt, time: 10.210000
empty download to ptt/Gossiping/22018_1.txt, time: 0.000000
/bbs/Gossiping/M.1496290040.A.35E.html download to ptt/Gossiping/22018_2.txt, time: 5.000000
/bbs/Gossiping/M.1496290062.A.25A.html download to ptt/Gossiping/22018_3.txt, time: 10.340000
/bbs/Gossiping/M.1496290078.A.68C.html download to ptt/Gossiping/22018_4.txt, time: 12.500000
/bbs/Gossiping/M.1496290113.A.458.html download to ptt/Gossiping/22018_5.txt, time: 8.010000
empty download to ptt/Gossiping/22018_6.txt, time: 0.000000
/bbs/Gossiping/M.1496290162.A.FD1.html download to ptt/Gossiping/22018_7.txt, time: 4.130000
/bbs/Gossiping/M.1496290167.A.9FE.html download to ptt/Gossiping/22018_8.txt, time: 6.000000
/bbs/Gossiping/M.1496290209.A.E8F.html download to ptt/Gossiping/22018_9.txt, time: 4.280000
/bbs/Gossiping/M.1496290223.A.829.html download to ptt/Gossiping/22018_10.txt, time: 4.240000
/bbs/Gossiping/M.1496290230.A.168.html download to ptt/Gossiping/22018_11.txt, time: 8.880000
/bbs/Gossiping/M.1496290268.A.490.html download to ptt/Gossiping/22018_12.txt, time: 13.350000
/bbs/Gossiping/M.1496290298.A.F94.html download to ptt/Gossiping/22018_13.txt, time: 5.100000
/bbs/Gossiping/M.1496290308.A.76E.html download to ptt/Gossiping/22018_14.txt, time: 12.400000
/bbs/Gossiping/M.1496290327.A.461.html download to ptt/Gossiping/22018_15.txt, time: 2.940000
/bbs/Gossiping/M.1496290350.A.134.html download to ptt/Gossiping/22018_16.txt, time: 3.090000
/bbs/Gossiping/M.1496290363.A.876.html download to ptt/Gossiping/22018_17.txt, time: 3.570000
/bbs/Gossiping/M.1496290528.A.5C8.html download to ptt/Gossiping/22018_18.txt, time: 4.340000
/bbs/Gossiping/M.1496290544.A.BEE.html download to ptt/Gossiping/22018_19.txt, time: 4.150000
page 22017
/bbs/Gossiping/M.1496289251.A.B74.html download to ptt/Gossiping/22017_0.txt, time: 5.150000
/bbs/Gossiping/M.1496289266.A.8D9.html download to ptt/Gossiping/22017_1.txt, time: 5.760000
/bbs/Gossiping/M.1496289292.A.660.html download to ptt/Gossiping/22017_2.txt, time: 2.750000
/bbs/Gossiping/M.1496289321.A.C1C.html download to ptt/Gossiping/22017_3.txt, time: 4.340000
/bbs/Gossiping/M.1496289437.A.52B.html download to ptt/Gossiping/22017_4.txt, time: 3.340000
/bbs/Gossiping/M.1496289524.A.B55.html download to ptt/Gossiping/22017_5.txt, time: 4.740000
/bbs/Gossiping/M.1496289632.A.843.html download to ptt/Gossiping/22017_6.txt, time: 4.390000
/bbs/Gossiping/M.1496289635.A.252.html download to ptt/Gossiping/22017_7.txt, time: 6.680000
/bbs/Gossiping/M.1496289637.A.3D9.html download to ptt/Gossiping/22017_8.txt, time: 5.230000
/bbs/Gossiping/M.1496289664.A.863.html download to ptt/Gossiping/22017_9.txt, time: 4.150000
/bbs/Gossiping/M.1496289696.A.230.html download to ptt/Gossiping/22017_10.txt, time: 3.200000
/bbs/Gossiping/M.1496289732.A.C75.html download to ptt/Gossiping/22017_11.txt, time: 3.630000
/bbs/Gossiping/M.1496289763.A.D21.html download to ptt/Gossiping/22017_12.txt, time: 4.090000
/bbs/Gossiping/M.1496289782.A.EA6.html download to ptt/Gossiping/22017_13.txt, time: 5.530000
/bbs/Gossiping/M.1496289841.A.FD9.html download to ptt/Gossiping/22017_14.txt, time: 7.820000
/bbs/Gossiping/M.1496289842.A.0C4.html download to ptt/Gossiping/22017_15.txt, time: 3.580000
/bbs/Gossiping/M.1496289877.A.74F.html download to ptt/Gossiping/22017_16.txt, time: 3.190000
/bbs/Gossiping/M.1496289897.A.BAF.html download to ptt/Gossiping/22017_17.txt, time: 4.090000
/bbs/Gossiping/M.1496289967.A.73B.html download to ptt/Gossiping/22017_18.txt, time: 3.810000
/bbs/Gossiping/M.1496289975.A.653.html download to ptt/Gossiping/22017_19.txt, time: 4.110000
page 22016
/bbs/Gossiping/M.1496288715.A.8DB.html download to ptt/Gossiping/22016_0.txt, time: 4.310000
/bbs/Gossiping/M.1496288721.A.94F.html download to ptt/Gossiping/22016_1.txt, time: 3.190000
/bbs/Gossiping/M.1496288725.A.785.html download to ptt/Gossiping/22016_2.txt, time: 3.290000
/bbs/Gossiping/M.1496288765.A.374.html download to ptt/Gossiping/22016_3.txt, time: 3.470000
/bbs/Gossiping/M.1496288817.A.C71.html download to ptt/Gossiping/22016_4.txt, time: 3.710000
/bbs/Gossiping/M.1496288871.A.F38.html download to ptt/Gossiping/22016_5.txt, time: 3.480000
/bbs/Gossiping/M.1496288879.A.809.html download to ptt/Gossiping/22016_6.txt, time: 3.090000
/bbs/Gossiping/M.1496288881.A.E03.html download to ptt/Gossiping/22016_7.txt, time: 3.820000
/bbs/Gossiping/M.1496288884.A.F58.html download to ptt/Gossiping/22016_8.txt, time: 4.750000
/bbs/Gossiping/M.1496288912.A.F43.html download to ptt/Gossiping/22016_9.txt, time: 3.360000
/bbs/Gossiping/M.1496288937.A.7D1.html download to ptt/Gossiping/22016_10.txt, time: 4.920000
/bbs/Gossiping/M.1496288959.A.C6F.html download to ptt/Gossiping/22016_11.txt, time: 2.550000
/bbs/Gossiping/M.1496288967.A.A1B.html download to ptt/Gossiping/22016_12.txt, time: 3.500000
/bbs/Gossiping/M.1496288978.A.7E6.html download to ptt/Gossiping/22016_13.txt, time: 3.570000
/bbs/Gossiping/M.1496289002.A.3F2.html download to ptt/Gossiping/22016_14.txt, time: 3.050000
/bbs/Gossiping/M.1496289022.A.57B.html download to ptt/Gossiping/22016_15.txt, time: 2.710000
/bbs/Gossiping/M.1496289094.A.BD7.html download to ptt/Gossiping/22016_16.txt, time: 3.060000
/bbs/Gossiping/M.1496289164.A.8B9.html download to ptt/Gossiping/22016_17.txt, time: 2.650000
/bbs/Gossiping/M.1496289172.A.047.html download to ptt/Gossiping/22016_18.txt, time: 3.700000
/bbs/Gossiping/M.1496289203.A.90F.html download to ptt/Gossiping/22016_19.txt, time: 4.890000
time: 542.0830709934235 seconds
