page 22030
/bbs/Gossiping/M.1496296628.A.802.html download to ptt/Gossiping/22030_0.txt, time: 4.520000
/bbs/Gossiping/M.1496296665.A.0C1.html download to ptt/Gossiping/22030_1.txt, time: 4.130000
/bbs/Gossiping/M.1496296673.A.963.html download to ptt/Gossiping/22030_2.txt, time: 5.000000
/bbs/Gossiping/M.1496296772.A.940.html download to ptt/Gossiping/22030_3.txt, time: 5.120000
/bbs/Gossiping/M.1496296774.A.3AB.html download to ptt/Gossiping/22030_4.txt, time: 3.930000
/bbs/Gossiping/M.1496296807.A.A80.html download to ptt/Gossiping/22030_5.txt, time: 4.280000
/bbs/Gossiping/M.1496296833.A.CF5.html download to ptt/Gossiping/22030_6.txt, time: 4.270000
/bbs/Gossiping/M.1496296834.A.265.html download to ptt/Gossiping/22030_7.txt, time: 4.220000
/bbs/Gossiping/M.1496296957.A.AF8.html download to ptt/Gossiping/22030_8.txt, time: 8.880000
/bbs/Gossiping/M.1496296988.A.134.html download to ptt/Gossiping/22030_9.txt, time: 5.330000
/bbs/Gossiping/M.1496296993.A.498.html download to ptt/Gossiping/22030_10.txt, time: 3.980000
/bbs/Gossiping/M.1496296997.A.6B1.html download to ptt/Gossiping/22030_11.txt, time: 4.310000
/bbs/Gossiping/M.1496297010.A.FC1.html download to ptt/Gossiping/22030_12.txt, time: 4.170000
/bbs/Gossiping/M.1496297031.A.4DE.html download to ptt/Gossiping/22030_13.txt, time: 5.060000
/bbs/Gossiping/M.1496297041.A.0AA.html download to ptt/Gossiping/22030_14.txt, time: 4.600000
/bbs/Gossiping/M.1496297044.A.A03.html download to ptt/Gossiping/22030_15.txt, time: 8.370000
/bbs/Gossiping/M.1496297112.A.A53.html download to ptt/Gossiping/22030_16.txt, time: 4.600000
/bbs/Gossiping/M.1496297263.A.5A1.html download to ptt/Gossiping/22030_17.txt, time: 4.090000
/bbs/Gossiping/M.1496297286.A.1CB.html download to ptt/Gossiping/22030_18.txt, time: 4.860000
/bbs/Gossiping/M.1496297293.A.158.html download to ptt/Gossiping/22030_19.txt, time: 4.040000
page 22029
/bbs/Gossiping/M.1496296069.A.6E6.html download to ptt/Gossiping/22029_0.txt, time: 5.560000
/bbs/Gossiping/M.1496296072.A.A01.html download to ptt/Gossiping/22029_1.txt, time: 5.330000
/bbs/Gossiping/M.1496296078.A.C5D.html download to ptt/Gossiping/22029_2.txt, time: 7.490000
/bbs/Gossiping/M.1496296084.A.018.html download to ptt/Gossiping/22029_3.txt, time: 4.300000
/bbs/Gossiping/M.1496296135.A.40A.html download to ptt/Gossiping/22029_4.txt, time: 4.740000
/bbs/Gossiping/M.1496296154.A.15F.html download to ptt/Gossiping/22029_5.txt, time: 6.130000
/bbs/Gossiping/M.1496296313.A.0EC.html download to ptt/Gossiping/22029_6.txt, time: 4.910000
/bbs/Gossiping/M.1496296322.A.A50.html download to ptt/Gossiping/22029_7.txt, time: 5.030000
/bbs/Gossiping/M.1496296343.A.E93.html download to ptt/Gossiping/22029_8.txt, time: 6.200000
/bbs/Gossiping/M.1496296344.A.0BD.html download to ptt/Gossiping/22029_9.txt, time: 4.220000
/bbs/Gossiping/M.1496296392.A.984.html download to ptt/Gossiping/22029_10.txt, time: 3.760000
/bbs/Gossiping/M.1496296409.A.0CC.html download to ptt/Gossiping/22029_11.txt, time: 3.900000
/bbs/Gossiping/M.1496296442.A.ECD.html download to ptt/Gossiping/22029_12.txt, time: 3.900000
/bbs/Gossiping/M.1496296465.A.7B0.html download to ptt/Gossiping/22029_13.txt, time: 5.770000
/bbs/Gossiping/M.1496296486.A.CA4.html download to ptt/Gossiping/22029_14.txt, time: 6.110000
/bbs/Gossiping/M.1496296504.A.763.html download to ptt/Gossiping/22029_15.txt, time: 3.750000
/bbs/Gossiping/M.1496296576.A.B07.html download to ptt/Gossiping/22029_16.txt, time: 4.480000
/bbs/Gossiping/M.1496296578.A.FD2.html download to ptt/Gossiping/22029_17.txt, time: 5.630000
/bbs/Gossiping/M.1496296578.A.4F5.html download to ptt/Gossiping/22029_18.txt, time: 4.740000
/bbs/Gossiping/M.1496296585.A.46E.html download to ptt/Gossiping/22029_19.txt, time: 6.410000
page 22028
/bbs/Gossiping/M.1496295366.A.0D9.html download to ptt/Gossiping/22028_0.txt, time: 4.420000
/bbs/Gossiping/M.1496295414.A.DEC.html download to ptt/Gossiping/22028_1.txt, time: 4.790000
/bbs/Gossiping/M.1496295414.A.2D9.html download to ptt/Gossiping/22028_2.txt, time: 3.850000
/bbs/Gossiping/M.1496295447.A.5AF.html download to ptt/Gossiping/22028_3.txt, time: 7.050000
/bbs/Gossiping/M.1496295500.A.0B1.html download to ptt/Gossiping/22028_4.txt, time: 7.250000
/bbs/Gossiping/M.1496295554.A.2F6.html download to ptt/Gossiping/22028_5.txt, time: 4.990000
/bbs/Gossiping/M.1496295620.A.93F.html download to ptt/Gossiping/22028_6.txt, time: 9.290000
/bbs/Gossiping/M.1496295677.A.317.html download to ptt/Gossiping/22028_7.txt, time: 4.910000
/bbs/Gossiping/M.1496295777.A.FE4.html download to ptt/Gossiping/22028_8.txt, time: 7.920000
/bbs/Gossiping/M.1496295785.A.B38.html download to ptt/Gossiping/22028_9.txt, time: 8.120000
/bbs/Gossiping/M.1496295805.A.A15.html download to ptt/Gossiping/22028_10.txt, time: 5.440000
/bbs/Gossiping/M.1496295843.A.019.htmlTraceback (most recent call last):
  File "/home/studentyl/anaconda3/lib/python3.6/site-packages/requests/packages/urllib3/contrib/pyopenssl.py", line 438, in wrap_socket
    cnx.do_handshake()
  File "/home/studentyl/anaconda3/lib/python3.6/site-packages/OpenSSL/SSL.py", line 1426, in do_handshake
    self._raise_ssl_error(self._ssl, result)
  File "/home/studentyl/anaconda3/lib/python3.6/site-packages/OpenSSL/SSL.py", line 1167, in _raise_ssl_error
    raise SysCallError(-1, "Unexpected EOF")
OpenSSL.SSL.SysCallError: (-1, 'Unexpected EOF')

During handling of the above exception, another exception occurred:

Traceback (most recent call last):
  File "/home/studentyl/anaconda3/lib/python3.6/site-packages/requests/packages/urllib3/connectionpool.py", line 600, in urlopen
    chunked=chunked)
  File "/home/studentyl/anaconda3/lib/python3.6/site-packages/requests/packages/urllib3/connectionpool.py", line 345, in _make_request
    self._validate_conn(conn)
  File "/home/studentyl/anaconda3/lib/python3.6/site-packages/requests/packages/urllib3/connectionpool.py", line 844, in _validate_conn
    conn.connect()
  File "/home/studentyl/anaconda3/lib/python3.6/site-packages/requests/packages/urllib3/connection.py", line 326, in connect
    ssl_context=context)
  File "/home/studentyl/anaconda3/lib/python3.6/site-packages/requests/packages/urllib3/util/ssl_.py", line 325, in ssl_wrap_socket
    return context.wrap_socket(sock, server_hostname=server_hostname)
  File "/home/studentyl/anaconda3/lib/python3.6/site-packages/requests/packages/urllib3/contrib/pyopenssl.py", line 445, in wrap_socket
    raise ssl.SSLError('bad handshake: %r' % e)
ssl.SSLError: ("bad handshake: SysCallError(-1, 'Unexpected EOF')",)

During handling of the above exception, another exception occurred:

Traceback (most recent call last):
  File "/home/studentyl/anaconda3/lib/python3.6/site-packages/requests/adapters.py", line 438, in send
    timeout=timeout
  File "/home/studentyl/anaconda3/lib/python3.6/site-packages/requests/packages/urllib3/connectionpool.py", line 630, in urlopen
    raise SSLError(e)
requests.packages.urllib3.exceptions.SSLError: ("bad handshake: SysCallError(-1, 'Unexpected EOF')",)

During handling of the above exception, another exception occurred:

Traceback (most recent call last):
  File "./crawler.py", line 177, in <module>
    main(sys.argv[1:])
  File "./crawler.py", line 158, in main
    downloadForum(forumName, startPage, pages)
  File "./crawler.py", line 140, in downloadForum
    downloadPage(str(articleCount), forumName, pageNum, 'https://www.ptt.cc'+link)
  File "./crawler.py", line 82, in downloadPage
    pageText = getPageText(link)
  File "./crawler.py", line 13, in getPageText
    pageText=requests.get(link, cookies={'over18':'1'}).text
  File "/home/studentyl/anaconda3/lib/python3.6/site-packages/requests/api.py", line 72, in get
    return request('get', url, params=params, **kwargs)
  File "/home/studentyl/anaconda3/lib/python3.6/site-packages/requests/api.py", line 58, in request
    return session.request(method=method, url=url, **kwargs)
  File "/home/studentyl/anaconda3/lib/python3.6/site-packages/requests/sessions.py", line 518, in request
    resp = self.send(prep, **send_kwargs)
  File "/home/studentyl/anaconda3/lib/python3.6/site-packages/requests/sessions.py", line 639, in send
    r = adapter.send(request, **kwargs)
  File "/home/studentyl/anaconda3/lib/python3.6/site-packages/requests/adapters.py", line 512, in send
    raise SSLError(e, request=request)
requests.exceptions.SSLError: ("bad handshake: SysCallError(-1, 'Unexpected EOF')",)
