page 22040
/bbs/Gossiping/M.1496302590.A.9BE.html download to ptt/Gossiping/22040_0.txt, time: 4.680000
/bbs/Gossiping/M.1496302595.A.DEB.html download to ptt/Gossiping/22040_1.txt, time: 5.870000
/bbs/Gossiping/M.1496302655.A.529.html download to ptt/Gossiping/22040_2.txt, time: 3.420000
/bbs/Gossiping/M.1496302661.A.33C.html download to ptt/Gossiping/22040_3.txt, time: 5.440000
/bbs/Gossiping/M.1496302715.A.412.html download to ptt/Gossiping/22040_4.txt, time: 4.300000
/bbs/Gossiping/M.1496302749.A.52F.html download to ptt/Gossiping/22040_5.txt, time: 7.300000
/bbs/Gossiping/M.1496302802.A.96D.html download to ptt/Gossiping/22040_6.txt, time: 5.460000
/bbs/Gossiping/M.1496302830.A.E29.html download to ptt/Gossiping/22040_7.txt, time: 4.090000
/bbs/Gossiping/M.1496302856.A.594.html download to ptt/Gossiping/22040_8.txt, time: 6.110000
/bbs/Gossiping/M.1496302865.A.C06.html download to ptt/Gossiping/22040_9.txt, time: 4.600000
/bbs/Gossiping/M.1496302879.A.329.html download to ptt/Gossiping/22040_10.txt, time: 5.660000
/bbs/Gossiping/M.1496302912.A.50A.html download to ptt/Gossiping/22040_11.txt, time: 4.690000
/bbs/Gossiping/M.1496302975.A.F96.html download to ptt/Gossiping/22040_12.txt, time: 9.230000
/bbs/Gossiping/M.1496302997.A.A12.html download to ptt/Gossiping/22040_13.txt, time: 4.670000
/bbs/Gossiping/M.1496303044.A.B46.html download to ptt/Gossiping/22040_14.txt, time: 4.660000
/bbs/Gossiping/M.1496303125.A.28C.html download to ptt/Gossiping/22040_15.txt, time: 6.050000
/bbs/Gossiping/M.1496303150.A.058.html download to ptt/Gossiping/22040_16.txt, time: 6.970000
/bbs/Gossiping/M.1496303277.A.40A.html download to ptt/Gossiping/22040_17.txt, time: 3.610000
/bbs/Gossiping/M.1496303292.A.34A.html download to ptt/Gossiping/22040_18.txt, time: 3.980000
/bbs/Gossiping/M.1496303316.A.7AC.html download to ptt/Gossiping/22040_19.txt, time: 4.360000
page 22039
/bbs/Gossiping/M.1496302252.A.CB3.html download to ptt/Gossiping/22039_0.txt, time: 3.560000
/bbs/Gossiping/M.1496302259.A.953.html download to ptt/Gossiping/22039_1.txt, time: 4.200000
/bbs/Gossiping/M.1496302303.A.8D0.html download to ptt/Gossiping/22039_2.txt, time: 5.030000
/bbs/Gossiping/M.1496302312.A.6A7.html download to ptt/Gossiping/22039_3.txt, time: 6.320000
/bbs/Gossiping/M.1496302331.A.4B9.html download to ptt/Gossiping/22039_4.txt, time: 4.190000
/bbs/Gossiping/M.1496302358.A.D23.html download to ptt/Gossiping/22039_5.txt, time: 5.790000
/bbs/Gossiping/M.1496302368.A.591.html download to ptt/Gossiping/22039_6.txt, time: 4.780000
/bbs/Gossiping/M.1496302408.A.B6A.html download to ptt/Gossiping/22039_7.txt, time: 5.180000
/bbs/Gossiping/M.1496302435.A.228.html download to ptt/Gossiping/22039_8.txt, time: 6.260000
/bbs/Gossiping/M.1496302437.A.802.html download to ptt/Gossiping/22039_9.txt, time: 4.940000
/bbs/Gossiping/M.1496302437.A.790.html download to ptt/Gossiping/22039_10.txt, time: 4.670000
/bbs/Gossiping/M.1496302446.A.C1F.html download to ptt/Gossiping/22039_11.txt, time: 3.960000
/bbs/Gossiping/M.1496302468.A.DC7.html download to ptt/Gossiping/22039_12.txt, time: 5.900000
/bbs/Gossiping/M.1496302484.A.566.html download to ptt/Gossiping/22039_13.txt, time: 4.610000
/bbs/Gossiping/M.1496302534.A.D33.html download to ptt/Gossiping/22039_14.txt, time: 5.350000
/bbs/Gossiping/M.1496302542.A.399.html download to ptt/Gossiping/22039_15.txt, time: 4.230000
/bbs/Gossiping/M.1496302552.A.C5C.html download to ptt/Gossiping/22039_16.txt, time: 4.640000
/bbs/Gossiping/M.1496302560.A.CC8.html download to ptt/Gossiping/22039_17.txt, time: 4.400000
/bbs/Gossiping/M.1496302589.A.9E0.html download to ptt/Gossiping/22039_18.txt, time: 4.840000
/bbs/Gossiping/M.1496302589.A.1B6.html download to ptt/Gossiping/22039_19.txt, time: 4.180000
page 22038
/bbs/Gossiping/M.1496301756.A.613.html download to ptt/Gossiping/22038_0.txt, time: 6.250000
/bbs/Gossiping/M.1496301757.A.3E4.html download to ptt/Gossiping/22038_1.txt, time: 12.990000
/bbs/Gossiping/M.1496301759.A.4D5.html download to ptt/Gossiping/22038_2.txt, time: 7.070000
/bbs/Gossiping/M.1496301819.A.FC7.html download to ptt/Gossiping/22038_3.txt, time: 3.570000
/bbs/Gossiping/M.1496301822.A.004.html download to ptt/Gossiping/22038_4.txt, time: 10.240000
/bbs/Gossiping/M.1496301837.A.99B.html download to ptt/Gossiping/22038_5.txt, time: 7.060000
/bbs/Gossiping/M.1496301851.A.315.html download to ptt/Gossiping/22038_6.txt, time: 5.150000
/bbs/Gossiping/M.1496301864.A.090.html download to ptt/Gossiping/22038_7.txt, time: 4.710000
/bbs/Gossiping/M.1496301991.A.71F.html download to ptt/Gossiping/22038_8.txt, time: 5.020000
/bbs/Gossiping/M.1496302000.A.271.htmlTraceback (most recent call last):
  File "/home/studentyl/anaconda3/lib/python3.6/site-packages/requests/packages/urllib3/connectionpool.py", line 600, in urlopen
    chunked=chunked)
  File "/home/studentyl/anaconda3/lib/python3.6/site-packages/requests/packages/urllib3/connectionpool.py", line 386, in _make_request
    six.raise_from(e, None)
  File "<string>", line 2, in raise_from
  File "/home/studentyl/anaconda3/lib/python3.6/site-packages/requests/packages/urllib3/connectionpool.py", line 382, in _make_request
    httplib_response = conn.getresponse()
  File "/home/studentyl/anaconda3/lib/python3.6/http/client.py", line 1331, in getresponse
    response.begin()
  File "/home/studentyl/anaconda3/lib/python3.6/http/client.py", line 297, in begin
    version, status, reason = self._read_status()
  File "/home/studentyl/anaconda3/lib/python3.6/http/client.py", line 266, in _read_status
    raise RemoteDisconnected("Remote end closed connection without"
http.client.RemoteDisconnected: Remote end closed connection without response

During handling of the above exception, another exception occurred:

Traceback (most recent call last):
  File "/home/studentyl/anaconda3/lib/python3.6/site-packages/requests/adapters.py", line 438, in send
    timeout=timeout
  File "/home/studentyl/anaconda3/lib/python3.6/site-packages/requests/packages/urllib3/connectionpool.py", line 649, in urlopen
    _stacktrace=sys.exc_info()[2])
  File "/home/studentyl/anaconda3/lib/python3.6/site-packages/requests/packages/urllib3/util/retry.py", line 357, in increment
    raise six.reraise(type(error), error, _stacktrace)
  File "/home/studentyl/anaconda3/lib/python3.6/site-packages/requests/packages/urllib3/packages/six.py", line 685, in reraise
    raise value.with_traceback(tb)
  File "/home/studentyl/anaconda3/lib/python3.6/site-packages/requests/packages/urllib3/connectionpool.py", line 600, in urlopen
    chunked=chunked)
  File "/home/studentyl/anaconda3/lib/python3.6/site-packages/requests/packages/urllib3/connectionpool.py", line 386, in _make_request
    six.raise_from(e, None)
  File "<string>", line 2, in raise_from
  File "/home/studentyl/anaconda3/lib/python3.6/site-packages/requests/packages/urllib3/connectionpool.py", line 382, in _make_request
    httplib_response = conn.getresponse()
  File "/home/studentyl/anaconda3/lib/python3.6/http/client.py", line 1331, in getresponse
    response.begin()
  File "/home/studentyl/anaconda3/lib/python3.6/http/client.py", line 297, in begin
    version, status, reason = self._read_status()
  File "/home/studentyl/anaconda3/lib/python3.6/http/client.py", line 266, in _read_status
    raise RemoteDisconnected("Remote end closed connection without"
requests.packages.urllib3.exceptions.ProtocolError: ('Connection aborted.', RemoteDisconnected('Remote end closed connection without response',))

During handling of the above exception, another exception occurred:

Traceback (most recent call last):
  File "./crawler.py", line 177, in <module>
    main(sys.argv[1:])
  File "./crawler.py", line 158, in main
    downloadForum(forumName, startPage, pages)
  File "./crawler.py", line 140, in downloadForum
    downloadPage(str(articleCount), forumName, pageNum, 'https://www.ptt.cc'+link)
  File "./crawler.py", line 82, in downloadPage
    pageText = getPageText(link)
  File "./crawler.py", line 13, in getPageText
    pageText=requests.get(link, cookies={'over18':'1'}).text
  File "/home/studentyl/anaconda3/lib/python3.6/site-packages/requests/api.py", line 72, in get
    return request('get', url, params=params, **kwargs)
  File "/home/studentyl/anaconda3/lib/python3.6/site-packages/requests/api.py", line 58, in request
    return session.request(method=method, url=url, **kwargs)
  File "/home/studentyl/anaconda3/lib/python3.6/site-packages/requests/sessions.py", line 518, in request
    resp = self.send(prep, **send_kwargs)
  File "/home/studentyl/anaconda3/lib/python3.6/site-packages/requests/sessions.py", line 639, in send
    r = adapter.send(request, **kwargs)
  File "/home/studentyl/anaconda3/lib/python3.6/site-packages/requests/adapters.py", line 488, in send
    raise ConnectionError(err, request=request)
requests.exceptions.ConnectionError: ('Connection aborted.', RemoteDisconnected('Remote end closed connection without response',))
