page 22050
/bbs/Gossiping/M.1496308751.A.4A3.html download to ptt/Gossiping/22050_0.txt, time: 5.950000
/bbs/Gossiping/M.1496308810.A.502.html download to ptt/Gossiping/22050_1.txt, time: 6.470000
/bbs/Gossiping/M.1496308820.A.36B.html download to ptt/Gossiping/22050_2.txt, time: 5.060000
/bbs/Gossiping/M.1496308872.A.35E.html download to ptt/Gossiping/22050_3.txt, time: 4.860000
/bbs/Gossiping/M.1496308901.A.2F7.html download to ptt/Gossiping/22050_4.txt, time: 8.420000
/bbs/Gossiping/M.1496308911.A.0BA.html download to ptt/Gossiping/22050_5.txt, time: 5.650000
/bbs/Gossiping/M.1496308953.A.0CD.html download to ptt/Gossiping/22050_6.txt, time: 3.630000
/bbs/Gossiping/M.1496309023.A.0A1.html download to ptt/Gossiping/22050_7.txt, time: 5.630000
/bbs/Gossiping/M.1496309136.A.759.html download to ptt/Gossiping/22050_8.txt, time: 5.220000
/bbs/Gossiping/M.1496309154.A.5B3.html download to ptt/Gossiping/22050_9.txt, time: 4.050000
/bbs/Gossiping/M.1496309174.A.CD0.html download to ptt/Gossiping/22050_10.txt, time: 4.490000
/bbs/Gossiping/M.1496309197.A.10F.html download to ptt/Gossiping/22050_11.txt, time: 8.400000
/bbs/Gossiping/M.1496309240.A.D4D.html download to ptt/Gossiping/22050_12.txt, time: 4.560000
/bbs/Gossiping/M.1496309253.A.8C6.html download to ptt/Gossiping/22050_13.txt, time: 4.560000
/bbs/Gossiping/M.1496309315.A.C87.html download to ptt/Gossiping/22050_14.txt, time: 5.440000
/bbs/Gossiping/M.1496309326.A.23B.html download to ptt/Gossiping/22050_15.txt, time: 4.070000
/bbs/Gossiping/M.1496309392.A.B23.html download to ptt/Gossiping/22050_16.txt, time: 6.040000
/bbs/Gossiping/M.1496309393.A.369.html download to ptt/Gossiping/22050_17.txt, time: 5.210000
/bbs/Gossiping/M.1496309404.A.6E3.html download to ptt/Gossiping/22050_18.txt, time: 5.880000
/bbs/Gossiping/M.1496309466.A.EC9.html download to ptt/Gossiping/22050_19.txt, time: 6.330000
page 22049
/bbs/Gossiping/M.1496308085.A.128.html download to ptt/Gossiping/22049_0.txt, time: 6.870000
/bbs/Gossiping/M.1496308098.A.185.html download to ptt/Gossiping/22049_1.txt, time: 4.930000
/bbs/Gossiping/M.1496308130.A.65F.html download to ptt/Gossiping/22049_2.txt, time: 4.400000
/bbs/Gossiping/M.1496308222.A.7A0.html download to ptt/Gossiping/22049_3.txt, time: 4.140000
/bbs/Gossiping/M.1496308283.A.1AB.html download to ptt/Gossiping/22049_4.txt, time: 4.170000
/bbs/Gossiping/M.1496308291.A.065.html download to ptt/Gossiping/22049_5.txt, time: 3.580000
/bbs/Gossiping/M.1496308299.A.7F3.html download to ptt/Gossiping/22049_6.txt, time: 5.490000
/bbs/Gossiping/M.1496308348.A.B85.html download to ptt/Gossiping/22049_7.txt, time: 4.980000
/bbs/Gossiping/M.1496308479.A.168.html download to ptt/Gossiping/22049_8.txt, time: 4.280000
/bbs/Gossiping/M.1496308485.A.918.html download to ptt/Gossiping/22049_9.txt, time: 4.230000
/bbs/Gossiping/M.1496308508.A.CF0.html download to ptt/Gossiping/22049_10.txt, time: 5.390000
/bbs/Gossiping/M.1496308508.A.A0B.html download to ptt/Gossiping/22049_11.txt, time: 4.450000
/bbs/Gossiping/M.1496308527.A.D06.html download to ptt/Gossiping/22049_12.txt, time: 5.080000
/bbs/Gossiping/M.1496308541.A.9AC.html download to ptt/Gossiping/22049_13.txt, time: 4.900000
/bbs/Gossiping/M.1496308562.A.1E9.html download to ptt/Gossiping/22049_14.txt, time: 4.190000
/bbs/Gossiping/M.1496308569.A.A98.html download to ptt/Gossiping/22049_15.txt, time: 5.890000
/bbs/Gossiping/M.1496308575.A.E87.html download to ptt/Gossiping/22049_16.txt, time: 6.770000
/bbs/Gossiping/M.1496308591.A.837.html download to ptt/Gossiping/22049_17.txt, time: 4.330000
/bbs/Gossiping/M.1496308665.A.64A.html download to ptt/Gossiping/22049_18.txt, time: 5.860000
/bbs/Gossiping/M.1496308707.A.0FA.html download to ptt/Gossiping/22049_19.txt, time: 5.550000
page 22048
/bbs/Gossiping/M.1496307672.A.4F8.html download to ptt/Gossiping/22048_0.txt, time: 6.280000
/bbs/Gossiping/M.1496307691.A.14C.html download to ptt/Gossiping/22048_1.txt, time: 8.520000
/bbs/Gossiping/M.1496307722.A.DE3.html download to ptt/Gossiping/22048_2.txt, time: 6.190000
/bbs/Gossiping/M.1496307736.A.E8F.html download to ptt/Gossiping/22048_3.txt, time: 4.960000
/bbs/Gossiping/M.1496307761.A.93E.html download to ptt/Gossiping/22048_4.txt, time: 10.350000
/bbs/Gossiping/M.1496307775.A.2CD.html download to ptt/Gossiping/22048_5.txt, time: 5.210000
/bbs/Gossiping/M.1496307813.A.FA7.html download to ptt/Gossiping/22048_6.txt, time: 6.190000
/bbs/Gossiping/M.1496307863.A.1EE.html download to ptt/Gossiping/22048_7.txt, time: 6.340000
/bbs/Gossiping/M.1496307888.A.3E5.html download to ptt/Gossiping/22048_8.txt, time: 5.760000
/bbs/Gossiping/M.1496307889.A.157.html download to ptt/Gossiping/22048_9.txt, time: 4.060000
/bbs/Gossiping/M.1496307909.A.5A8.html download to ptt/Gossiping/22048_10.txt, time: 3.950000
/bbs/Gossiping/M.1496307915.A.219.html download to ptt/Gossiping/22048_11.txt, time: 4.900000
/bbs/Gossiping/M.1496307939.A.FAE.html download to ptt/Gossiping/22048_12.txt, time: 6.090000
/bbs/Gossiping/M.1496307943.A.EF5.html download to ptt/Gossiping/22048_13.txt, time: 5.100000
/bbs/Gossiping/M.1496307978.A.DA0.html download to ptt/Gossiping/22048_14.txt, time: 3.780000
/bbs/Gossiping/M.1496308013.A.52F.html download to ptt/Gossiping/22048_15.txt, time: 3.980000
/bbs/Gossiping/M.1496308021.A.732.html download to ptt/Gossiping/22048_16.txt, time: 3.880000
/bbs/Gossiping/M.1496308023.A.D49.html download to ptt/Gossiping/22048_17.txt, time: 6.770000
/bbs/Gossiping/M.1496308058.A.97B.html download to ptt/Gossiping/22048_18.txt, time: 4.820000
/bbs/Gossiping/M.1496308071.A.84B.html download to ptt/Gossiping/22048_19.txt, time: 6.210000
page 22047
/bbs/Gossiping/M.1496307337.A.908.html download to ptt/Gossiping/22047_0.txt, time: 4.640000
/bbs/Gossiping/M.1496307340.A.DAB.html download to ptt/Gossiping/22047_1.txt, time: 4.340000
/bbs/Gossiping/M.1496307342.A.F59.html download to ptt/Gossiping/22047_2.txt, time: 2.930000
/bbs/Gossiping/M.1496307366.A.96E.html download to ptt/Gossiping/22047_3.txt, time: 2.500000
/bbs/Gossiping/M.1496307383.A.1A4.html download to ptt/Gossiping/22047_4.txt, time: 3.610000
/bbs/Gossiping/M.1496307416.A.75F.html download to ptt/Gossiping/22047_5.txt, time: 3.450000
/bbs/Gossiping/M.1496307423.A.8A9.html download to ptt/Gossiping/22047_6.txt, time: 4.410000
/bbs/Gossiping/M.1496307427.A.170.html download to ptt/Gossiping/22047_7.txt, time: 5.490000
/bbs/Gossiping/M.1496307449.A.027.html download to ptt/Gossiping/22047_8.txt, time: 4.660000
/bbs/Gossiping/M.1496307479.A.02E.html download to ptt/Gossiping/22047_9.txt, time: 4.830000
/bbs/Gossiping/M.1496307521.A.500.html download to ptt/Gossiping/22047_10.txt, time: 4.070000
/bbs/Gossiping/M.1496307537.A.D50.html download to ptt/Gossiping/22047_11.txt, time: 3.260000
/bbs/Gossiping/M.1496307552.A.6C6.html download to ptt/Gossiping/22047_12.txt, time: 4.490000
/bbs/Gossiping/M.1496307562.A.275.html download to ptt/Gossiping/22047_13.txt, time: 4.130000
/bbs/Gossiping/M.1496307579.A.97A.html download to ptt/Gossiping/22047_14.txt, time: 3.560000
/bbs/Gossiping/M.1496307604.A.30D.html download to ptt/Gossiping/22047_15.txt, time: 3.060000
/bbs/Gossiping/M.1496307606.A.93F.html download to ptt/Gossiping/22047_16.txt, time: 4.750000
/bbs/Gossiping/M.1496307620.A.320.html download to ptt/Gossiping/22047_17.txt, time: 7.530000
/bbs/Gossiping/M.1496307651.A.D04.html download to ptt/Gossiping/22047_18.txt, time: 4.430000
/bbs/Gossiping/M.1496307654.A.330.html download to ptt/Gossiping/22047_19.txt, time: 4.440000
page 22046
/bbs/Gossiping/M.1496306581.A.7A5.html download to ptt/Gossiping/22046_0.txt, time: 4.170000
/bbs/Gossiping/M.1496306599.A.5CD.html download to ptt/Gossiping/22046_1.txt, time: 4.980000
/bbs/Gossiping/M.1496306624.A.655.html download to ptt/Gossiping/22046_2.txt, time: 3.170000
/bbs/Gossiping/M.1496306673.A.8D3.html download to ptt/Gossiping/22046_3.txt, time: 4.690000
/bbs/Gossiping/M.1496306676.A.5A5.html download to ptt/Gossiping/22046_4.txt, time: 2.790000
/bbs/Gossiping/M.1496306729.A.FF1.html download to ptt/Gossiping/22046_5.txt, time: 3.940000
/bbs/Gossiping/M.1496306751.A.AD1.html download to ptt/Gossiping/22046_6.txt, time: 4.050000
/bbs/Gossiping/M.1496306811.A.8EC.html download to ptt/Gossiping/22046_7.txt, time: 4.660000
/bbs/Gossiping/M.1496306815.A.DC5.html download to ptt/Gossiping/22046_8.txt, time: 3.060000
/bbs/Gossiping/M.1496306890.A.3FC.html download to ptt/Gossiping/22046_9.txt, time: 3.770000
/bbs/Gossiping/M.1496306968.A.183.html download to ptt/Gossiping/22046_10.txt, time: 3.420000
/bbs/Gossiping/M.1496306979.A.926.html download to ptt/Gossiping/22046_11.txt, time: 3.040000
/bbs/Gossiping/M.1496306999.A.442.html download to ptt/Gossiping/22046_12.txt, time: 2.740000
/bbs/Gossiping/M.1496307014.A.0A7.html download to ptt/Gossiping/22046_13.txt, time: 2.830000
/bbs/Gossiping/M.1496307017.A.532.html download to ptt/Gossiping/22046_14.txt, time: 3.680000
/bbs/Gossiping/M.1496307029.A.182.html download to ptt/Gossiping/22046_15.txt, time: 2.940000
/bbs/Gossiping/M.1496307092.A.922.html download to ptt/Gossiping/22046_16.txt, time: 5.100000
/bbs/Gossiping/M.1496307097.A.2E9.html download to ptt/Gossiping/22046_17.txt, time: 3.730000
/bbs/Gossiping/M.1496307123.A.956.html download to ptt/Gossiping/22046_18.txt, time: 6.310000
/bbs/Gossiping/M.1496307168.A.8A6.html download to ptt/Gossiping/22046_19.txt, time: 4.400000
time: 553.7081789970398 seconds
