page 22060
/bbs/Gossiping/M.1496314550.A.E58.html download to ptt/Gossiping/22060_0.txt, time: 4.780000
/bbs/Gossiping/M.1496314551.A.E89.html download to ptt/Gossiping/22060_1.txt, time: 4.600000
/bbs/Gossiping/M.1496314584.A.02C.html download to ptt/Gossiping/22060_2.txt, time: 5.490000
/bbs/Gossiping/M.1496314591.A.B7F.html download to ptt/Gossiping/22060_3.txt, time: 6.710000
/bbs/Gossiping/M.1496314593.A.FED.html download to ptt/Gossiping/22060_4.txt, time: 3.790000
/bbs/Gossiping/M.1496314598.A.446.html download to ptt/Gossiping/22060_5.txt, time: 6.240000
/bbs/Gossiping/M.1496314620.A.897.html download to ptt/Gossiping/22060_6.txt, time: 4.190000
/bbs/Gossiping/M.1496314650.A.F73.html download to ptt/Gossiping/22060_7.txt, time: 8.410000
/bbs/Gossiping/M.1496314667.A.24E.html download to ptt/Gossiping/22060_8.txt, time: 6.410000
/bbs/Gossiping/M.1496314675.A.05A.html download to ptt/Gossiping/22060_9.txt, time: 4.530000
/bbs/Gossiping/M.1496314690.A.7C2.html download to ptt/Gossiping/22060_10.txt, time: 6.070000
/bbs/Gossiping/M.1496314716.A.207.html download to ptt/Gossiping/22060_11.txt, time: 5.810000
/bbs/Gossiping/M.1496314729.A.78B.html download to ptt/Gossiping/22060_12.txt, time: 3.180000
/bbs/Gossiping/M.1496314810.A.719.html download to ptt/Gossiping/22060_13.txt, time: 6.010000
/bbs/Gossiping/M.1496314845.A.8B6.html download to ptt/Gossiping/22060_14.txt, time: 6.340000
/bbs/Gossiping/M.1496314918.A.38D.html download to ptt/Gossiping/22060_15.txt, time: 4.250000
/bbs/Gossiping/M.1496314979.A.73F.html download to ptt/Gossiping/22060_16.txt, time: 4.290000
/bbs/Gossiping/M.1496314997.A.309.html download to ptt/Gossiping/22060_17.txt, time: 4.810000
/bbs/Gossiping/M.1496315004.A.1BD.html download to ptt/Gossiping/22060_18.txt, time: 3.580000
/bbs/Gossiping/M.1496315035.A.04E.html download to ptt/Gossiping/22060_19.txt, time: 2.480000
page 22059
/bbs/Gossiping/M.1496313953.A.0F6.html download to ptt/Gossiping/22059_0.txt, time: 4.690000
/bbs/Gossiping/M.1496313956.A.ED4.html download to ptt/Gossiping/22059_1.txt, time: 2.990000
/bbs/Gossiping/M.1496313993.A.AE4.html download to ptt/Gossiping/22059_2.txt, time: 3.880000
/bbs/Gossiping/M.1496314087.A.2B7.html download to ptt/Gossiping/22059_3.txt, time: 4.230000
/bbs/Gossiping/M.1496314088.A.43E.html download to ptt/Gossiping/22059_4.txt, time: 4.690000
/bbs/Gossiping/M.1496314102.A.140.html download to ptt/Gossiping/22059_5.txt, time: 5.370000
/bbs/Gossiping/M.1496314148.A.AE5.html download to ptt/Gossiping/22059_6.txt, time: 5.000000
/bbs/Gossiping/M.1496314163.A.6F2.html download to ptt/Gossiping/22059_7.txt, time: 5.790000
/bbs/Gossiping/M.1496314164.A.9B9.html download to ptt/Gossiping/22059_8.txt, time: 3.980000
/bbs/Gossiping/M.1496314198.A.44A.html download to ptt/Gossiping/22059_9.txt, time: 3.790000
/bbs/Gossiping/M.1496314212.A.16F.html download to ptt/Gossiping/22059_10.txt, time: 4.850000
/bbs/Gossiping/M.1496314293.A.851.html download to ptt/Gossiping/22059_11.txt, time: 5.840000
/bbs/Gossiping/M.1496314308.A.EA3.html download to ptt/Gossiping/22059_12.txt, time: 4.470000
/bbs/Gossiping/M.1496314312.A.19D.html download to ptt/Gossiping/22059_13.txt, time: 4.190000
/bbs/Gossiping/M.1496314408.A.5C7.html download to ptt/Gossiping/22059_14.txt, time: 4.140000
/bbs/Gossiping/M.1496314448.A.FB0.html download to ptt/Gossiping/22059_15.txt, time: 4.350000
/bbs/Gossiping/M.1496314491.A.9FA.html download to ptt/Gossiping/22059_16.txt, time: 2.890000
/bbs/Gossiping/M.1496314491.A.3EC.html download to ptt/Gossiping/22059_17.txt, time: 4.970000
/bbs/Gossiping/M.1496314511.A.835.html download to ptt/Gossiping/22059_18.txt, time: 4.740000
/bbs/Gossiping/M.1496314549.A.197.html download to ptt/Gossiping/22059_19.txt, time: 5.000000
page 22058
/bbs/Gossiping/M.1496313632.A.8BA.html download to ptt/Gossiping/22058_0.txt, time: 5.880000
/bbs/Gossiping/M.1496313685.A.90E.html download to ptt/Gossiping/22058_1.txt, time: 4.890000
/bbs/Gossiping/M.1496313692.A.5B2.html download to ptt/Gossiping/22058_2.txt, time: 14.820000
/bbs/Gossiping/M.1496313739.A.944.html download to ptt/Gossiping/22058_3.txt, time: 6.380000
/bbs/Gossiping/M.1496313797.A.912.html download to ptt/Gossiping/22058_4.txt, time: 6.040000
/bbs/Gossiping/M.1496313813.A.A61.html download to ptt/Gossiping/22058_5.txt, time: 6.550000
/bbs/Gossiping/M.1496313829.A.201.html download to ptt/Gossiping/22058_6.txt, time: 11.800000
/bbs/Gossiping/M.1496313854.A.49E.html download to ptt/Gossiping/22058_7.txt, time: 7.930000
/bbs/Gossiping/M.1496313861.A.9B0.html download to ptt/Gossiping/22058_8.txt, time: 7.480000
/bbs/Gossiping/M.1496313862.A.CF5.html download to ptt/Gossiping/22058_9.txt, time: 5.040000
/bbs/Gossiping/M.1496313875.A.20A.html download to ptt/Gossiping/22058_10.txt, time: 6.570000
/bbs/Gossiping/M.1496313878.A.728.html download to ptt/Gossiping/22058_11.txt, time: 6.990000
/bbs/Gossiping/M.1496313894.A.CC2.html download to ptt/Gossiping/22058_12.txt, time: 11.920000
/bbs/Gossiping/M.1496313897.A.899.html download to ptt/Gossiping/22058_13.txt, time: 6.400000
/bbs/Gossiping/M.1496313906.A.671.html download to ptt/Gossiping/22058_14.txt, time: 6.750000
/bbs/Gossiping/M.1496313920.A.91A.html download to ptt/Gossiping/22058_15.txt, time: 5.040000
/bbs/Gossiping/M.1496313936.A.8EE.html download to ptt/Gossiping/22058_16.txt, time: 4.060000
/bbs/Gossiping/M.1496313946.A.47A.html download to ptt/Gossiping/22058_17.txt, time: 3.550000
/bbs/Gossiping/M.1496313947.A.A4F.html download to ptt/Gossiping/22058_18.txt, time: 4.250000
/bbs/Gossiping/M.1496313953.A.A24.html download to ptt/Gossiping/22058_19.txt, time: 5.860000
page 22057
/bbs/Gossiping/M.1496312794.A.BFF.html download to ptt/Gossiping/22057_0.txt, time: 3.060000
/bbs/Gossiping/M.1496312878.A.EB6.html download to ptt/Gossiping/22057_1.txt, time: 3.640000
/bbs/Gossiping/M.1496312910.A.D8D.html download to ptt/Gossiping/22057_2.txt, time: 4.870000
/bbs/Gossiping/M.1496312997.A.B98.html download to ptt/Gossiping/22057_3.txt, time: 5.150000
/bbs/Gossiping/M.1496313022.A.36E.html download to ptt/Gossiping/22057_4.txt, time: 5.010000
/bbs/Gossiping/M.1496313031.A.6DC.html download to ptt/Gossiping/22057_5.txt, time: 3.110000
/bbs/Gossiping/M.1496313073.A.7DB.html download to ptt/Gossiping/22057_6.txt, time: 3.170000
/bbs/Gossiping/M.1496313105.A.027.html download to ptt/Gossiping/22057_7.txt, time: 3.440000
/bbs/Gossiping/M.1496313231.A.D83.html download to ptt/Gossiping/22057_8.txt, time: 2.740000
/bbs/Gossiping/M.1496313247.A.5E5.html download to ptt/Gossiping/22057_9.txt, time: 5.470000
/bbs/Gossiping/M.1496313279.A.623.html download to ptt/Gossiping/22057_10.txt, time: 4.750000
/bbs/Gossiping/M.1496313288.A.E95.html download to ptt/Gossiping/22057_11.txt, time: 5.890000
/bbs/Gossiping/M.1496313340.A.08C.html download to ptt/Gossiping/22057_12.txt, time: 4.370000
/bbs/Gossiping/M.1496313352.A.03A.html download to ptt/Gossiping/22057_13.txt, time: 3.940000
/bbs/Gossiping/M.1496313353.A.01A.html download to ptt/Gossiping/22057_14.txt, time: 3.550000
/bbs/Gossiping/M.1496313450.A.556.html download to ptt/Gossiping/22057_15.txt, time: 4.310000
/bbs/Gossiping/M.1496313456.A.AD7.html download to ptt/Gossiping/22057_16.txt, time: 4.270000
/bbs/Gossiping/M.1496313543.A.752.html download to ptt/Gossiping/22057_17.txt, time: 5.290000
/bbs/Gossiping/M.1496313570.A.C92.html download to ptt/Gossiping/22057_18.txt, time: 7.690000
/bbs/Gossiping/M.1496313594.A.1B1.html download to ptt/Gossiping/22057_19.txt, time: 3.960000
page 22056
/bbs/Gossiping/M.1496312226.A.ACD.html download to ptt/Gossiping/22056_0.txt, time: 5.040000
/bbs/Gossiping/M.1496312251.A.590.html download to ptt/Gossiping/22056_1.txt, time: 4.030000
/bbs/Gossiping/M.1496312300.A.FA4.html download to ptt/Gossiping/22056_2.txt, time: 3.390000
/bbs/Gossiping/M.1496312350.A.B6E.html download to ptt/Gossiping/22056_3.txt, time: 5.130000
/bbs/Gossiping/M.1496312417.A.FB0.html download to ptt/Gossiping/22056_4.txt, time: 3.560000
/bbs/Gossiping/M.1496312426.A.FD0.html download to ptt/Gossiping/22056_5.txt, time: 3.620000
/bbs/Gossiping/M.1496312434.A.D23.html download to ptt/Gossiping/22056_6.txt, time: 3.470000
/bbs/Gossiping/M.1496312436.A.49D.html download to ptt/Gossiping/22056_7.txt, time: 3.230000
/bbs/Gossiping/M.1496312453.A.558.html download to ptt/Gossiping/22056_8.txt, time: 3.830000
/bbs/Gossiping/M.1496312519.A.0AF.html download to ptt/Gossiping/22056_9.txt, time: 3.960000
/bbs/Gossiping/M.1496312601.A.0A9.html download to ptt/Gossiping/22056_10.txt, time: 4.220000
/bbs/Gossiping/M.1496312604.A.1CB.html download to ptt/Gossiping/22056_11.txt, time: 3.020000
/bbs/Gossiping/M.1496312614.A.6DA.html download to ptt/Gossiping/22056_12.txt, time: 2.870000
/bbs/Gossiping/M.1496312615.A.9F9.html download to ptt/Gossiping/22056_13.txt, time: 2.770000
/bbs/Gossiping/M.1496312652.A.E50.html download to ptt/Gossiping/22056_14.txt, time: 3.660000
/bbs/Gossiping/M.1496312670.A.444.html download to ptt/Gossiping/22056_15.txt, time: 5.060000
/bbs/Gossiping/M.1496312678.A.020.html download to ptt/Gossiping/22056_16.txt, time: 4.210000
/bbs/Gossiping/M.1496312692.A.DCA.html download to ptt/Gossiping/22056_17.txt, time: 4.200000
/bbs/Gossiping/M.1496312730.A.E3B.html download to ptt/Gossiping/22056_18.txt, time: 3.050000
/bbs/Gossiping/M.1496312744.A.794.html download to ptt/Gossiping/22056_19.txt, time: 2.670000
time: 556.6358978748322 seconds
