page 22070
empty download to ptt/Gossiping/22070_0.txt, time: 0.000000
/bbs/Gossiping/M.1496319522.A.1BA.html download to ptt/Gossiping/22070_1.txt, time: 6.360000
/bbs/Gossiping/M.1496319523.A.B90.html download to ptt/Gossiping/22070_2.txt, time: 4.650000
/bbs/Gossiping/M.1496319545.A.427.html download to ptt/Gossiping/22070_3.txt, time: 7.860000
/bbs/Gossiping/M.1496319568.A.E41.html download to ptt/Gossiping/22070_4.txt, time: 7.620000
/bbs/Gossiping/M.1496319614.A.68F.html download to ptt/Gossiping/22070_5.txt, time: 3.360000
/bbs/Gossiping/M.1496319615.A.427.html download to ptt/Gossiping/22070_6.txt, time: 5.030000
/bbs/Gossiping/M.1496319651.A.9DA.html download to ptt/Gossiping/22070_7.txt, time: 5.930000
/bbs/Gossiping/M.1496319675.A.373.html download to ptt/Gossiping/22070_8.txt, time: 4.620000
/bbs/Gossiping/M.1496319680.A.42C.html download to ptt/Gossiping/22070_9.txt, time: 4.940000
/bbs/Gossiping/M.1496319710.A.7C1.html download to ptt/Gossiping/22070_10.txt, time: 9.140000
/bbs/Gossiping/M.1496319810.A.1C6.html download to ptt/Gossiping/22070_11.txt, time: 4.890000
/bbs/Gossiping/M.1496319896.A.978.html download to ptt/Gossiping/22070_12.txt, time: 4.180000
/bbs/Gossiping/M.1496319921.A.ECD.html download to ptt/Gossiping/22070_13.txt, time: 4.200000
/bbs/Gossiping/M.1496319967.A.300.html download to ptt/Gossiping/22070_14.txt, time: 4.460000
/bbs/Gossiping/M.1496319986.A.DC9.html download to ptt/Gossiping/22070_15.txt, time: 3.870000
/bbs/Gossiping/M.1496320023.A.C25.html download to ptt/Gossiping/22070_16.txt, time: 7.080000
/bbs/Gossiping/M.1496320101.A.660.html download to ptt/Gossiping/22070_17.txt, time: 4.870000
/bbs/Gossiping/M.1496320122.A.11E.html download to ptt/Gossiping/22070_18.txt, time: 3.090000
/bbs/Gossiping/M.1496320149.A.0E2.html download to ptt/Gossiping/22070_19.txt, time: 3.400000
page 22069
/bbs/Gossiping/M.1496318915.A.44E.html download to ptt/Gossiping/22069_0.txt, time: 4.330000
/bbs/Gossiping/M.1496318928.A.3CD.html download to ptt/Gossiping/22069_1.txt, time: 4.990000
/bbs/Gossiping/M.1496318934.A.F68.html download to ptt/Gossiping/22069_2.txt, time: 5.520000
/bbs/Gossiping/M.1496318955.A.076.html download to ptt/Gossiping/22069_3.txt, time: 4.090000
/bbs/Gossiping/M.1496318960.A.90C.html download to ptt/Gossiping/22069_4.txt, time: 4.180000
/bbs/Gossiping/M.1496318976.A.1D0.html download to ptt/Gossiping/22069_5.txt, time: 5.010000
/bbs/Gossiping/M.1496319005.A.62B.html download to ptt/Gossiping/22069_6.txt, time: 6.520000
/bbs/Gossiping/M.1496319006.A.F5F.html download to ptt/Gossiping/22069_7.txt, time: 5.000000
/bbs/Gossiping/M.1496319022.A.160.html download to ptt/Gossiping/22069_8.txt, time: 4.060000
/bbs/Gossiping/M.1496319053.A.65E.html download to ptt/Gossiping/22069_9.txt, time: 5.640000
/bbs/Gossiping/M.1496319077.A.15B.html download to ptt/Gossiping/22069_10.txt, time: 4.970000
/bbs/Gossiping/M.1496319110.A.7E8.html download to ptt/Gossiping/22069_11.txt, time: 3.840000
/bbs/Gossiping/M.1496319116.A.B1C.html download to ptt/Gossiping/22069_12.txt, time: 4.000000
/bbs/Gossiping/M.1496319144.A.8FA.html download to ptt/Gossiping/22069_13.txt, time: 4.320000
/bbs/Gossiping/M.1496319319.A.AF5.html download to ptt/Gossiping/22069_14.txt, time: 4.110000
/bbs/Gossiping/M.1496319346.A.DCD.html download to ptt/Gossiping/22069_15.txt, time: 3.890000
/bbs/Gossiping/M.1496319374.A.B3F.html download to ptt/Gossiping/22069_16.txt, time: 6.100000
/bbs/Gossiping/M.1496319403.A.7A8.html download to ptt/Gossiping/22069_17.txt, time: 5.210000
/bbs/Gossiping/M.1496319422.A.742.html download to ptt/Gossiping/22069_18.txt, time: 5.600000
/bbs/Gossiping/M.1496319430.A.DE3.html download to ptt/Gossiping/22069_19.txt, time: 11.860000
page 22068
/bbs/Gossiping/M.1496318511.A.F00.html download to ptt/Gossiping/22068_0.txt, time: 5.730000
/bbs/Gossiping/M.1496318529.A.8BC.html download to ptt/Gossiping/22068_1.txt, time: 8.700000
/bbs/Gossiping/M.1496318541.A.D8C.html download to ptt/Gossiping/22068_2.txt, time: 4.850000
/bbs/Gossiping/M.1496318556.A.D58.html download to ptt/Gossiping/22068_3.txt, time: 4.760000
/bbs/Gossiping/M.1496318557.A.ADE.html download to ptt/Gossiping/22068_4.txt, time: 4.550000
/bbs/Gossiping/M.1496318571.A.637.html download to ptt/Gossiping/22068_5.txt, time: 4.880000
/bbs/Gossiping/M.1496318575.A.3B5.html download to ptt/Gossiping/22068_6.txt, time: 5.330000
/bbs/Gossiping/M.1496318617.A.D79.html download to ptt/Gossiping/22068_7.txt, time: 4.370000
/bbs/Gossiping/M.1496318716.A.18C.html download to ptt/Gossiping/22068_8.txt, time: 6.340000
/bbs/Gossiping/M.1496318725.A.3E8.html download to ptt/Gossiping/22068_9.txt, time: 5.210000
/bbs/Gossiping/M.1496318728.A.2F8.html download to ptt/Gossiping/22068_10.txt, time: 5.530000
/bbs/Gossiping/M.1496318739.A.E35.html download to ptt/Gossiping/22068_11.txt, time: 7.380000
/bbs/Gossiping/M.1496318743.A.723.html download to ptt/Gossiping/22068_12.txt, time: 7.980000
/bbs/Gossiping/M.1496318773.A.E1B.html download to ptt/Gossiping/22068_13.txt, time: 11.530000
/bbs/Gossiping/M.1496318776.A.14B.html download to ptt/Gossiping/22068_14.txt, time: 8.930000
/bbs/Gossiping/M.1496318792.A.C2C.html download to ptt/Gossiping/22068_15.txt, time: 6.010000
/bbs/Gossiping/M.1496318805.A.D8C.html download to ptt/Gossiping/22068_16.txt, time: 4.610000
/bbs/Gossiping/M.1496318837.A.C2A.html download to ptt/Gossiping/22068_17.txt, time: 3.470000
/bbs/Gossiping/M.1496318862.A.D85.html download to ptt/Gossiping/22068_18.txt, time: 4.640000
/bbs/Gossiping/M.1496318906.A.1F2.html download to ptt/Gossiping/22068_19.txt, time: 4.400000
page 22067
/bbs/Gossiping/M.1496318043.A.15D.html download to ptt/Gossiping/22067_0.txt, time: 3.110000
/bbs/Gossiping/M.1496318044.A.259.html download to ptt/Gossiping/22067_1.txt, time: 4.000000
/bbs/Gossiping/M.1496318052.A.CB5.html download to ptt/Gossiping/22067_2.txt, time: 3.580000
/bbs/Gossiping/M.1496318058.A.A05.html download to ptt/Gossiping/22067_3.txt, time: 4.700000
/bbs/Gossiping/M.1496318067.A.F5C.html download to ptt/Gossiping/22067_4.txt, time: 5.040000
/bbs/Gossiping/M.1496318082.A.E34.html download to ptt/Gossiping/22067_5.txt, time: 3.510000
/bbs/Gossiping/M.1496318082.A.3EC.html download to ptt/Gossiping/22067_6.txt, time: 2.800000
/bbs/Gossiping/M.1496318156.A.90C.html download to ptt/Gossiping/22067_7.txt, time: 2.710000
/bbs/Gossiping/M.1496318181.A.ABC.html download to ptt/Gossiping/22067_8.txt, time: 3.230000
/bbs/Gossiping/M.1496318191.A.018.html download to ptt/Gossiping/22067_9.txt, time: 4.980000
/bbs/Gossiping/M.1496318215.A.277.html download to ptt/Gossiping/22067_10.txt, time: 4.140000
/bbs/Gossiping/M.1496318235.A.315.html download to ptt/Gossiping/22067_11.txt, time: 3.420000
/bbs/Gossiping/M.1496318334.A.C34.html download to ptt/Gossiping/22067_12.txt, time: 4.590000
/bbs/Gossiping/M.1496318364.A.B68.html download to ptt/Gossiping/22067_13.txt, time: 2.490000
/bbs/Gossiping/M.1496318369.A.F17.html download to ptt/Gossiping/22067_14.txt, time: 3.960000
/bbs/Gossiping/M.1496318383.A.5E0.html download to ptt/Gossiping/22067_15.txt, time: 4.350000
/bbs/Gossiping/M.1496318424.A.E2A.html download to ptt/Gossiping/22067_16.txt, time: 3.630000
/bbs/Gossiping/M.1496318432.A.5CB.html download to ptt/Gossiping/22067_17.txt, time: 5.660000
/bbs/Gossiping/M.1496318482.A.190.html download to ptt/Gossiping/22067_18.txt, time: 5.350000
/bbs/Gossiping/M.1496318502.A.7D9.html download to ptt/Gossiping/22067_19.txt, time: 4.560000
page 22066
/bbs/Gossiping/M.1496317609.A.45F.html download to ptt/Gossiping/22066_0.txt, time: 4.880000
/bbs/Gossiping/M.1496317610.A.631.html download to ptt/Gossiping/22066_1.txt, time: 4.270000
/bbs/Gossiping/M.1496317614.A.34E.html download to ptt/Gossiping/22066_2.txt, time: 6.360000
/bbs/Gossiping/M.1496317615.A.D73.html download to ptt/Gossiping/22066_3.txt, time: 3.590000
/bbs/Gossiping/M.1496317625.A.C40.html download to ptt/Gossiping/22066_4.txt, time: 4.150000
/bbs/Gossiping/M.1496317632.A.8AA.html download to ptt/Gossiping/22066_5.txt, time: 2.840000
/bbs/Gossiping/M.1496317654.A.5B6.html download to ptt/Gossiping/22066_6.txt, time: 4.400000
/bbs/Gossiping/M.1496317693.A.688.html download to ptt/Gossiping/22066_7.txt, time: 4.500000
/bbs/Gossiping/M.1496317697.A.738.html download to ptt/Gossiping/22066_8.txt, time: 4.820000
/bbs/Gossiping/M.1496317716.A.443.html download to ptt/Gossiping/22066_9.txt, time: 3.160000
/bbs/Gossiping/M.1496317732.A.4A0.html download to ptt/Gossiping/22066_10.txt, time: 3.510000
/bbs/Gossiping/M.1496317781.A.302.html download to ptt/Gossiping/22066_11.txt, time: 3.730000
/bbs/Gossiping/M.1496317900.A.76D.html download to ptt/Gossiping/22066_12.txt, time: 3.520000
/bbs/Gossiping/M.1496317905.A.19D.html download to ptt/Gossiping/22066_13.txt, time: 2.820000
/bbs/Gossiping/M.1496317918.A.399.html download to ptt/Gossiping/22066_14.txt, time: 4.250000
/bbs/Gossiping/M.1496317947.A.31B.html download to ptt/Gossiping/22066_15.txt, time: 2.880000
/bbs/Gossiping/M.1496317983.A.3F7.html download to ptt/Gossiping/22066_16.txt, time: 4.110000
/bbs/Gossiping/M.1496318009.A.753.html download to ptt/Gossiping/22066_17.txt, time: 3.550000
/bbs/Gossiping/M.1496318015.A.02F.html download to ptt/Gossiping/22066_18.txt, time: 6.850000
/bbs/Gossiping/M.1496318025.A.222.html download to ptt/Gossiping/22066_19.txt, time: 4.440000
time: 543.3685071468353 seconds
