page 22080
/bbs/Gossiping/M.1496324576.A.C71.html download to ptt/Gossiping/22080_0.txt, time: 4.910000
/bbs/Gossiping/M.1496324581.A.044.html download to ptt/Gossiping/22080_1.txt, time: 4.060000
/bbs/Gossiping/M.1496324595.A.748.html download to ptt/Gossiping/22080_2.txt, time: 5.000000
/bbs/Gossiping/M.1496324626.A.933.html download to ptt/Gossiping/22080_3.txt, time: 5.450000
/bbs/Gossiping/M.1496324659.A.111.html download to ptt/Gossiping/22080_4.txt, time: 4.350000
/bbs/Gossiping/M.1496324675.A.A97.html download to ptt/Gossiping/22080_5.txt, time: 6.150000
/bbs/Gossiping/M.1496324683.A.823.html download to ptt/Gossiping/22080_6.txt, time: 5.300000
/bbs/Gossiping/M.1496324692.A.14B.html download to ptt/Gossiping/22080_7.txt, time: 5.060000
/bbs/Gossiping/M.1496324746.A.330.html download to ptt/Gossiping/22080_8.txt, time: 5.430000
/bbs/Gossiping/M.1496324757.A.136.html download to ptt/Gossiping/22080_9.txt, time: 6.990000
/bbs/Gossiping/M.1496324758.A.67F.html download to ptt/Gossiping/22080_10.txt, time: 5.950000
/bbs/Gossiping/M.1496324777.A.ECC.html download to ptt/Gossiping/22080_11.txt, time: 5.410000
/bbs/Gossiping/M.1496324784.A.8AC.html download to ptt/Gossiping/22080_12.txt, time: 5.680000
/bbs/Gossiping/M.1496324790.A.D21.html download to ptt/Gossiping/22080_13.txt, time: 4.950000
/bbs/Gossiping/M.1496324853.A.812.html download to ptt/Gossiping/22080_14.txt, time: 4.250000
/bbs/Gossiping/M.1496324901.A.F30.html download to ptt/Gossiping/22080_15.txt, time: 8.610000
/bbs/Gossiping/M.1496324902.A.6B4.html download to ptt/Gossiping/22080_16.txt, time: 5.660000
/bbs/Gossiping/M.1496324903.A.619.html download to ptt/Gossiping/22080_17.txt, time: 5.570000
/bbs/Gossiping/M.1496324937.A.EB4.html download to ptt/Gossiping/22080_18.txt, time: 5.940000
/bbs/Gossiping/M.1496324950.A.517.html download to ptt/Gossiping/22080_19.txt, time: 5.630000
page 22079
/bbs/Gossiping/M.1496324142.A.F03.html download to ptt/Gossiping/22079_0.txt, time: 5.730000
/bbs/Gossiping/M.1496324157.A.1B5.html download to ptt/Gossiping/22079_1.txt, time: 4.330000
/bbs/Gossiping/M.1496324175.A.B46.html download to ptt/Gossiping/22079_2.txt, time: 5.390000
/bbs/Gossiping/M.1496324178.A.F85.html download to ptt/Gossiping/22079_3.txt, time: 4.480000
/bbs/Gossiping/M.1496324203.A.FDF.html download to ptt/Gossiping/22079_4.txt, time: 4.470000
/bbs/Gossiping/M.1496324208.A.269.html download to ptt/Gossiping/22079_5.txt, time: 5.190000
/bbs/Gossiping/M.1496324225.A.B09.html download to ptt/Gossiping/22079_6.txt, time: 5.590000
/bbs/Gossiping/M.1496324250.A.A04.html download to ptt/Gossiping/22079_7.txt, time: 4.530000
/bbs/Gossiping/M.1496324267.A.E7D.html download to ptt/Gossiping/22079_8.txt, time: 4.500000
/bbs/Gossiping/M.1496324296.A.F8B.html download to ptt/Gossiping/22079_9.txt, time: 4.500000
/bbs/Gossiping/M.1496324386.A.F9D.html download to ptt/Gossiping/22079_10.txt, time: 3.320000
/bbs/Gossiping/M.1496324394.A.0C1.html download to ptt/Gossiping/22079_11.txt, time: 6.590000
/bbs/Gossiping/M.1496324428.A.A00.html download to ptt/Gossiping/22079_12.txt, time: 4.860000
/bbs/Gossiping/M.1496324439.A.EFF.html download to ptt/Gossiping/22079_13.txt, time: 2.970000
/bbs/Gossiping/M.1496324445.A.F55.html download to ptt/Gossiping/22079_14.txt, time: 4.410000
/bbs/Gossiping/M.1496324518.A.F9D.html download to ptt/Gossiping/22079_15.txt, time: 4.780000
/bbs/Gossiping/M.1496324525.A.F68.html download to ptt/Gossiping/22079_16.txt, time: 3.180000
/bbs/Gossiping/M.1496324530.A.EF2.html download to ptt/Gossiping/22079_17.txt, time: 6.620000
/bbs/Gossiping/M.1496324562.A.B0D.html download to ptt/Gossiping/22079_18.txt, time: 5.460000
/bbs/Gossiping/M.1496324567.A.DFF.html download to ptt/Gossiping/22079_19.txt, time: 4.330000
page 22078
/bbs/Gossiping/M.1496323715.A.4B9.html download to ptt/Gossiping/22078_0.txt, time: 7.010000
/bbs/Gossiping/M.1496323717.A.4DE.html download to ptt/Gossiping/22078_1.txt, time: 7.280000
/bbs/Gossiping/M.1496323731.A.E64.html download to ptt/Gossiping/22078_2.txt, time: 8.920000
/bbs/Gossiping/M.1496323752.A.C7E.html download to ptt/Gossiping/22078_3.txt, time: 3.740000
/bbs/Gossiping/M.1496323798.A.EC2.html download to ptt/Gossiping/22078_4.txt, time: 6.580000
/bbs/Gossiping/M.1496323807.A.EFB.html download to ptt/Gossiping/22078_5.txt, time: 13.510000
/bbs/Gossiping/M.1496323824.A.3FE.html download to ptt/Gossiping/22078_6.txt, time: 4.080000
/bbs/Gossiping/M.1496323856.A.6FB.html download to ptt/Gossiping/22078_7.txt, time: 3.270000
/bbs/Gossiping/M.1496323872.A.EED.html download to ptt/Gossiping/22078_8.txt, time: 5.680000
/bbs/Gossiping/M.1496323914.A.B9E.html download to ptt/Gossiping/22078_9.txt, time: 7.510000
/bbs/Gossiping/M.1496323916.A.EB6.html download to ptt/Gossiping/22078_10.txt, time: 4.220000
/bbs/Gossiping/M.1496324004.A.FFC.html download to ptt/Gossiping/22078_11.txt, time: 5.200000
/bbs/Gossiping/M.1496324004.A.A3A.html download to ptt/Gossiping/22078_12.txt, time: 6.040000
/bbs/Gossiping/M.1496324011.A.9CB.html download to ptt/Gossiping/22078_13.txt, time: 6.190000
/bbs/Gossiping/M.1496324015.A.7AC.html download to ptt/Gossiping/22078_14.txt, time: 9.150000
/bbs/Gossiping/M.1496324024.A.2A1.html download to ptt/Gossiping/22078_15.txt, time: 13.460000
/bbs/Gossiping/M.1496324027.A.3DD.html download to ptt/Gossiping/22078_16.txt, time: 5.690000
/bbs/Gossiping/M.1496324057.A.A67.html download to ptt/Gossiping/22078_17.txt, time: 5.600000
/bbs/Gossiping/M.1496324071.A.FE0.html download to ptt/Gossiping/22078_18.txt, time: 4.120000
/bbs/Gossiping/M.1496324086.A.027.html download to ptt/Gossiping/22078_19.txt, time: 5.430000
page 22077
/bbs/Gossiping/M.1496323388.A.C9E.html download to ptt/Gossiping/22077_0.txt, time: 4.380000
/bbs/Gossiping/M.1496323392.A.3D3.html download to ptt/Gossiping/22077_1.txt, time: 2.550000
/bbs/Gossiping/M.1496323405.A.7E5.html download to ptt/Gossiping/22077_2.txt, time: 3.110000
/bbs/Gossiping/M.1496323418.A.565.html download to ptt/Gossiping/22077_3.txt, time: 4.810000
/bbs/Gossiping/M.1496323437.A.29D.html download to ptt/Gossiping/22077_4.txt, time: 5.140000
/bbs/Gossiping/M.1496323449.A.6AD.html download to ptt/Gossiping/22077_5.txt, time: 3.380000
/bbs/Gossiping/M.1496323468.A.311.html download to ptt/Gossiping/22077_6.txt, time: 4.050000
/bbs/Gossiping/M.1496323470.A.19C.html download to ptt/Gossiping/22077_7.txt, time: 4.380000
/bbs/Gossiping/M.1496323509.A.5C2.html download to ptt/Gossiping/22077_8.txt, time: 3.400000
/bbs/Gossiping/M.1496323510.A.3B4.html download to ptt/Gossiping/22077_9.txt, time: 4.060000
/bbs/Gossiping/M.1496323512.A.AD5.html download to ptt/Gossiping/22077_10.txt, time: 4.090000
/bbs/Gossiping/M.1496323526.A.F50.html download to ptt/Gossiping/22077_11.txt, time: 3.850000
/bbs/Gossiping/M.1496323560.A.5E6.html download to ptt/Gossiping/22077_12.txt, time: 3.250000
/bbs/Gossiping/M.1496323567.A.3AA.html download to ptt/Gossiping/22077_13.txt, time: 4.130000
/bbs/Gossiping/M.1496323603.A.F9E.html download to ptt/Gossiping/22077_14.txt, time: 4.630000
/bbs/Gossiping/M.1496323607.A.479.html download to ptt/Gossiping/22077_15.txt, time: 4.140000
/bbs/Gossiping/M.1496323611.A.1DB.html download to ptt/Gossiping/22077_16.txt, time: 3.990000
/bbs/Gossiping/M.1496323629.A.C71.html download to ptt/Gossiping/22077_17.txt, time: 4.140000
/bbs/Gossiping/M.1496323648.A.321.html download to ptt/Gossiping/22077_18.txt, time: 4.670000
/bbs/Gossiping/M.1496323670.A.770.html download to ptt/Gossiping/22077_19.txt, time: 4.090000
page 22076
/bbs/Gossiping/M.1496322882.A.DEA.html download to ptt/Gossiping/22076_0.txt, time: 5.750000
/bbs/Gossiping/M.1496322906.A.142.html download to ptt/Gossiping/22076_1.txt, time: 3.200000
/bbs/Gossiping/M.1496322914.A.46D.html download to ptt/Gossiping/22076_2.txt, time: 4.460000
/bbs/Gossiping/M.1496322929.A.681.html download to ptt/Gossiping/22076_3.txt, time: 3.790000
/bbs/Gossiping/M.1496323024.A.CFA.html download to ptt/Gossiping/22076_4.txt, time: 5.520000
/bbs/Gossiping/M.1496323025.A.E73.html download to ptt/Gossiping/22076_5.txt, time: 2.930000
/bbs/Gossiping/M.1496323059.A.646.html download to ptt/Gossiping/22076_6.txt, time: 6.130000
/bbs/Gossiping/M.1496323094.A.C90.html download to ptt/Gossiping/22076_7.txt, time: 3.860000
/bbs/Gossiping/M.1496323102.A.A3E.html download to ptt/Gossiping/22076_8.txt, time: 3.940000
/bbs/Gossiping/M.1496323127.A.F6E.html download to ptt/Gossiping/22076_9.txt, time: 5.530000
/bbs/Gossiping/M.1496323127.A.EA0.html download to ptt/Gossiping/22076_10.txt, time: 4.700000
/bbs/Gossiping/M.1496323149.A.5AE.html download to ptt/Gossiping/22076_11.txt, time: 3.150000
/bbs/Gossiping/M.1496323164.A.2D1.html download to ptt/Gossiping/22076_12.txt, time: 3.880000
/bbs/Gossiping/M.1496323179.A.5CF.html download to ptt/Gossiping/22076_13.txt, time: 3.040000
/bbs/Gossiping/M.1496323199.A.50F.html download to ptt/Gossiping/22076_14.txt, time: 4.120000
/bbs/Gossiping/M.1496323214.A.F3C.html download to ptt/Gossiping/22076_15.txt, time: 2.960000
/bbs/Gossiping/M.1496323225.A.635.html download to ptt/Gossiping/22076_16.txt, time: 3.370000
/bbs/Gossiping/M.1496323257.A.B42.html download to ptt/Gossiping/22076_17.txt, time: 3.410000
/bbs/Gossiping/M.1496323293.A.6DB.html download to ptt/Gossiping/22076_18.txt, time: 3.870000
/bbs/Gossiping/M.1496323316.A.B0D.html download to ptt/Gossiping/22076_19.txt, time: 2.750000
time: 552.0575037002563 seconds
