page 22090
/bbs/Gossiping/M.1496328332.A.FAB.html download to ptt/Gossiping/22090_0.txt, time: 4.910000
/bbs/Gossiping/M.1496328362.A.0AA.html download to ptt/Gossiping/22090_1.txt, time: 4.800000
/bbs/Gossiping/M.1496328378.A.930.html download to ptt/Gossiping/22090_2.txt, time: 5.000000
/bbs/Gossiping/M.1496328397.A.6D3.html download to ptt/Gossiping/22090_3.txt, time: 4.150000
/bbs/Gossiping/M.1496328408.A.79D.html download to ptt/Gossiping/22090_4.txt, time: 3.900000
/bbs/Gossiping/M.1496328434.A.712.html download to ptt/Gossiping/22090_5.txt, time: 4.130000
/bbs/Gossiping/M.1496328458.A.FFF.html download to ptt/Gossiping/22090_6.txt, time: 4.940000
/bbs/Gossiping/M.1496328478.A.35D.html download to ptt/Gossiping/22090_7.txt, time: 3.680000
/bbs/Gossiping/M.1496328497.A.0CB.html download to ptt/Gossiping/22090_8.txt, time: 7.630000
/bbs/Gossiping/M.1496328513.A.A5F.html download to ptt/Gossiping/22090_9.txt, time: 8.440000
/bbs/Gossiping/M.1496328514.A.71F.html download to ptt/Gossiping/22090_10.txt, time: 6.280000
/bbs/Gossiping/M.1496328534.A.A49.html download to ptt/Gossiping/22090_11.txt, time: 5.230000
/bbs/Gossiping/M.1496328545.A.B8A.html download to ptt/Gossiping/22090_12.txt, time: 4.670000
/bbs/Gossiping/M.1496328546.A.7AB.html download to ptt/Gossiping/22090_13.txt, time: 5.460000
/bbs/Gossiping/M.1496328559.A.102.html download to ptt/Gossiping/22090_14.txt, time: 6.360000
/bbs/Gossiping/M.1496328591.A.0C7.html download to ptt/Gossiping/22090_15.txt, time: 5.160000
/bbs/Gossiping/M.1496328638.A.37A.html download to ptt/Gossiping/22090_16.txt, time: 3.890000
/bbs/Gossiping/M.1496328693.A.66D.html download to ptt/Gossiping/22090_17.txt, time: 4.820000
/bbs/Gossiping/M.1496328696.A.E16.html download to ptt/Gossiping/22090_18.txt, time: 3.620000
/bbs/Gossiping/M.1496328705.A.329.html download to ptt/Gossiping/22090_19.txt, time: 5.970000
page 22089
/bbs/Gossiping/M.1496327828.A.919.html download to ptt/Gossiping/22089_0.txt, time: 4.100000
/bbs/Gossiping/M.1496327838.A.D89.html download to ptt/Gossiping/22089_1.txt, time: 3.910000
/bbs/Gossiping/M.1496327880.A.B26.html download to ptt/Gossiping/22089_2.txt, time: 6.580000
/bbs/Gossiping/M.1496327906.A.E89.html download to ptt/Gossiping/22089_3.txt, time: 4.110000
/bbs/Gossiping/M.1496327912.A.820.html download to ptt/Gossiping/22089_4.txt, time: 6.840000
/bbs/Gossiping/M.1496327915.A.09D.html download to ptt/Gossiping/22089_5.txt, time: 5.430000
/bbs/Gossiping/M.1496327930.A.9B9.html download to ptt/Gossiping/22089_6.txt, time: 4.370000
/bbs/Gossiping/M.1496327952.A.ED7.html download to ptt/Gossiping/22089_7.txt, time: 6.770000
/bbs/Gossiping/M.1496327976.A.97A.html download to ptt/Gossiping/22089_8.txt, time: 6.430000
/bbs/Gossiping/M.1496328005.A.0D1.html download to ptt/Gossiping/22089_9.txt, time: 3.790000
/bbs/Gossiping/M.1496328015.A.C76.html download to ptt/Gossiping/22089_10.txt, time: 4.680000
/bbs/Gossiping/M.1496328017.A.7E7.html download to ptt/Gossiping/22089_11.txt, time: 4.400000
/bbs/Gossiping/M.1496328022.A.DE9.html download to ptt/Gossiping/22089_12.txt, time: 6.480000
/bbs/Gossiping/M.1496328101.A.2E2.html download to ptt/Gossiping/22089_13.txt, time: 6.130000
/bbs/Gossiping/M.1496328175.A.0BE.html download to ptt/Gossiping/22089_14.txt, time: 4.640000
/bbs/Gossiping/M.1496328187.A.657.html download to ptt/Gossiping/22089_15.txt, time: 5.690000
/bbs/Gossiping/M.1496328266.A.09C.html download to ptt/Gossiping/22089_16.txt, time: 4.470000
/bbs/Gossiping/M.1496328285.A.B41.html download to ptt/Gossiping/22089_17.txt, time: 6.690000
/bbs/Gossiping/M.1496328288.A.3C6.html download to ptt/Gossiping/22089_18.txt, time: 4.960000
/bbs/Gossiping/M.1496328318.A.8C2.html download to ptt/Gossiping/22089_19.txt, time: 4.010000
page 22088
/bbs/Gossiping/M.1496327455.A.70F.html download to ptt/Gossiping/22088_0.txt, time: 8.790000
/bbs/Gossiping/M.1496327471.A.230.html download to ptt/Gossiping/22088_1.txt, time: 6.020000
/bbs/Gossiping/M.1496327509.A.1FA.html download to ptt/Gossiping/22088_2.txt, time: 4.580000
/bbs/Gossiping/M.1496327514.A.00F.html download to ptt/Gossiping/22088_3.txt, time: 4.570000
/bbs/Gossiping/M.1496327516.A.D1D.html download to ptt/Gossiping/22088_4.txt, time: 5.640000
/bbs/Gossiping/M.1496327528.A.851.html download to ptt/Gossiping/22088_5.txt, time: 3.990000
/bbs/Gossiping/M.1496327551.A.13B.html download to ptt/Gossiping/22088_6.txt, time: 4.400000
/bbs/Gossiping/M.1496327587.A.B0C.html download to ptt/Gossiping/22088_7.txt, time: 6.830000
/bbs/Gossiping/M.1496327605.A.BDC.html download to ptt/Gossiping/22088_8.txt, time: 4.880000
/bbs/Gossiping/M.1496327623.A.09E.html download to ptt/Gossiping/22088_9.txt, time: 3.470000
/bbs/Gossiping/M.1496327661.A.107.html download to ptt/Gossiping/22088_10.txt, time: 6.610000
/bbs/Gossiping/M.1496327690.A.2A8.html download to ptt/Gossiping/22088_11.txt, time: 7.480000
/bbs/Gossiping/M.1496327695.A.22F.html download to ptt/Gossiping/22088_12.txt, time: 4.720000
/bbs/Gossiping/M.1496327706.A.BB1.html download to ptt/Gossiping/22088_13.txt, time: 5.540000
/bbs/Gossiping/M.1496327719.A.8C7.html download to ptt/Gossiping/22088_14.txt, time: 3.410000
/bbs/Gossiping/M.1496327748.A.59C.html download to ptt/Gossiping/22088_15.txt, time: 5.860000
/bbs/Gossiping/M.1496327797.A.194.html download to ptt/Gossiping/22088_16.txt, time: 5.360000
/bbs/Gossiping/M.1496327800.A.4DC.html download to ptt/Gossiping/22088_17.txt, time: 3.660000
/bbs/Gossiping/M.1496327814.A.725.html download to ptt/Gossiping/22088_18.txt, time: 4.020000
/bbs/Gossiping/M.1496327818.A.839.html download to ptt/Gossiping/22088_19.txt, time: 3.330000
page 22087
/bbs/Gossiping/M.1496327163.A.AF4.html download to ptt/Gossiping/22087_0.txt, time: 3.470000
/bbs/Gossiping/M.1496327165.A.DDC.html download to ptt/Gossiping/22087_1.txt, time: 4.720000
/bbs/Gossiping/M.1496327218.A.B0E.html download to ptt/Gossiping/22087_2.txt, time: 3.680000
/bbs/Gossiping/M.1496327222.A.A5A.html download to ptt/Gossiping/22087_3.txt, time: 3.880000
/bbs/Gossiping/M.1496327235.A.885.html download to ptt/Gossiping/22087_4.txt, time: 4.660000
/bbs/Gossiping/M.1496327236.A.BE9.html download to ptt/Gossiping/22087_5.txt, time: 4.760000
/bbs/Gossiping/M.1496327238.A.F4D.html download to ptt/Gossiping/22087_6.txt, time: 4.010000
/bbs/Gossiping/M.1496327246.A.905.html download to ptt/Gossiping/22087_7.txt, time: 3.120000
/bbs/Gossiping/M.1496327265.A.F49.html download to ptt/Gossiping/22087_8.txt, time: 2.500000
/bbs/Gossiping/M.1496327288.A.60C.html download to ptt/Gossiping/22087_9.txt, time: 3.500000
/bbs/Gossiping/M.1496327363.A.C6B.html download to ptt/Gossiping/22087_10.txt, time: 5.420000
/bbs/Gossiping/M.1496327370.A.F8F.html download to ptt/Gossiping/22087_11.txt, time: 4.830000
/bbs/Gossiping/M.1496327374.A.BA0.html download to ptt/Gossiping/22087_12.txt, time: 5.180000
/bbs/Gossiping/M.1496327380.A.100.html download to ptt/Gossiping/22087_13.txt, time: 3.280000
/bbs/Gossiping/M.1496327391.A.A13.html download to ptt/Gossiping/22087_14.txt, time: 4.200000
/bbs/Gossiping/M.1496327391.A.5CD.html download to ptt/Gossiping/22087_15.txt, time: 5.260000
/bbs/Gossiping/M.1496327407.A.4FF.html download to ptt/Gossiping/22087_16.txt, time: 5.100000
/bbs/Gossiping/M.1496327411.A.08B.html download to ptt/Gossiping/22087_17.txt, time: 2.520000
empty download to ptt/Gossiping/22087_18.txt, time: 0.000000
/bbs/Gossiping/M.1496327454.A.A0B.html download to ptt/Gossiping/22087_19.txt, time: 3.300000
page 22086
/bbs/Gossiping/M.1496326866.A.818.html download to ptt/Gossiping/22086_0.txt, time: 3.910000
/bbs/Gossiping/M.1496326906.A.BB0.html download to ptt/Gossiping/22086_1.txt, time: 6.660000
/bbs/Gossiping/M.1496326926.A.9A7.html download to ptt/Gossiping/22086_2.txt, time: 5.730000
/bbs/Gossiping/M.1496326955.A.8B7.html download to ptt/Gossiping/22086_3.txt, time: 2.950000
/bbs/Gossiping/M.1496326961.A.059.html download to ptt/Gossiping/22086_4.txt, time: 3.420000
/bbs/Gossiping/M.1496326980.A.E6E.html download to ptt/Gossiping/22086_5.txt, time: 3.770000
/bbs/Gossiping/M.1496326987.A.7BA.html download to ptt/Gossiping/22086_6.txt, time: 4.530000
/bbs/Gossiping/M.1496327012.A.1FD.html download to ptt/Gossiping/22086_7.txt, time: 5.530000
/bbs/Gossiping/M.1496327012.A.4E2.html download to ptt/Gossiping/22086_8.txt, time: 4.150000
/bbs/Gossiping/M.1496327021.A.F4D.html download to ptt/Gossiping/22086_9.txt, time: 2.730000
/bbs/Gossiping/M.1496327030.A.70A.html download to ptt/Gossiping/22086_10.txt, time: 4.890000
/bbs/Gossiping/M.1496327089.A.CC8.html download to ptt/Gossiping/22086_11.txt, time: 3.640000
/bbs/Gossiping/M.1496327097.A.420.html download to ptt/Gossiping/22086_12.txt, time: 5.160000
/bbs/Gossiping/M.1496327099.A.51F.html download to ptt/Gossiping/22086_13.txt, time: 4.470000
/bbs/Gossiping/M.1496327103.A.F71.html download to ptt/Gossiping/22086_14.txt, time: 4.040000
/bbs/Gossiping/M.1496327116.A.EA6.html download to ptt/Gossiping/22086_15.txt, time: 3.970000
/bbs/Gossiping/M.1496327130.A.A97.html download to ptt/Gossiping/22086_16.txt, time: 3.500000
/bbs/Gossiping/M.1496327132.A.0CB.html download to ptt/Gossiping/22086_17.txt, time: 4.330000
/bbs/Gossiping/M.1496327137.A.55A.html download to ptt/Gossiping/22086_18.txt, time: 3.540000
/bbs/Gossiping/M.1496327162.A.488.html download to ptt/Gossiping/22086_19.txt, time: 3.440000
time: 541.5843563079834 seconds
