page 22100
/bbs/Gossiping/M.1496332208.A.DF6.html download to ptt/Gossiping/22100_0.txt, time: 4.130000
/bbs/Gossiping/M.1496332211.A.534.html download to ptt/Gossiping/22100_1.txt, time: 5.050000
/bbs/Gossiping/M.1496332233.A.396.html download to ptt/Gossiping/22100_2.txt, time: 5.300000
/bbs/Gossiping/M.1496332233.A.B6F.html download to ptt/Gossiping/22100_3.txt, time: 4.860000
/bbs/Gossiping/M.1496332234.A.66D.html download to ptt/Gossiping/22100_4.txt, time: 5.200000
/bbs/Gossiping/M.1496332244.A.ACA.html download to ptt/Gossiping/22100_5.txt, time: 3.750000
/bbs/Gossiping/M.1496332267.A.6DF.html download to ptt/Gossiping/22100_6.txt, time: 4.480000
/bbs/Gossiping/M.1496332272.A.02C.html download to ptt/Gossiping/22100_7.txt, time: 6.440000
/bbs/Gossiping/M.1496332299.A.06B.html download to ptt/Gossiping/22100_8.txt, time: 4.490000
/bbs/Gossiping/M.1496332300.A.632.html download to ptt/Gossiping/22100_9.txt, time: 8.550000
/bbs/Gossiping/M.1496332312.A.DF0.html download to ptt/Gossiping/22100_10.txt, time: 5.920000
/bbs/Gossiping/M.1496332354.A.0DD.html download to ptt/Gossiping/22100_11.txt, time: 3.740000
/bbs/Gossiping/M.1496332363.A.704.html download to ptt/Gossiping/22100_12.txt, time: 3.720000
/bbs/Gossiping/M.1496332386.A.5C2.html download to ptt/Gossiping/22100_13.txt, time: 3.420000
/bbs/Gossiping/M.1496332389.A.2DD.html download to ptt/Gossiping/22100_14.txt, time: 3.980000
/bbs/Gossiping/M.1496332393.A.A95.html download to ptt/Gossiping/22100_15.txt, time: 3.430000
/bbs/Gossiping/M.1496332438.A.886.html download to ptt/Gossiping/22100_16.txt, time: 3.380000
/bbs/Gossiping/M.1496332466.A.1B3.html download to ptt/Gossiping/22100_17.txt, time: 7.770000
/bbs/Gossiping/M.1496332487.A.B1F.html download to ptt/Gossiping/22100_18.txt, time: 6.470000
/bbs/Gossiping/M.1496332497.A.3CF.html download to ptt/Gossiping/22100_19.txt, time: 3.000000
page 22099
/bbs/Gossiping/M.1496331829.A.D1A.html download to ptt/Gossiping/22099_0.txt, time: 4.340000
/bbs/Gossiping/M.1496331842.A.8BA.html download to ptt/Gossiping/22099_1.txt, time: 4.480000
/bbs/Gossiping/M.1496331847.A.7BB.html download to ptt/Gossiping/22099_2.txt, time: 4.820000
/bbs/Gossiping/M.1496331893.A.C22.html download to ptt/Gossiping/22099_3.txt, time: 5.760000
/bbs/Gossiping/M.1496331903.A.8BC.html download to ptt/Gossiping/22099_4.txt, time: 3.310000
/bbs/Gossiping/M.1496331933.A.AF0.html download to ptt/Gossiping/22099_5.txt, time: 3.550000
/bbs/Gossiping/M.1496331973.A.0DC.html download to ptt/Gossiping/22099_6.txt, time: 4.170000
/bbs/Gossiping/M.1496332006.A.A36.html download to ptt/Gossiping/22099_7.txt, time: 3.590000
/bbs/Gossiping/M.1496332048.A.6F5.html download to ptt/Gossiping/22099_8.txt, time: 4.280000
/bbs/Gossiping/M.1496332055.A.320.html download to ptt/Gossiping/22099_9.txt, time: 4.720000
/bbs/Gossiping/M.1496332068.A.6DB.html download to ptt/Gossiping/22099_10.txt, time: 3.560000
/bbs/Gossiping/M.1496332075.A.F5E.html download to ptt/Gossiping/22099_11.txt, time: 4.220000
/bbs/Gossiping/M.1496332079.A.E4D.html download to ptt/Gossiping/22099_12.txt, time: 3.800000
/bbs/Gossiping/M.1496332153.A.FF3.html download to ptt/Gossiping/22099_13.txt, time: 3.980000
/bbs/Gossiping/M.1496332154.A.63E.html download to ptt/Gossiping/22099_14.txt, time: 4.120000
/bbs/Gossiping/M.1496332174.A.742.html download to ptt/Gossiping/22099_15.txt, time: 5.900000
/bbs/Gossiping/M.1496332185.A.C53.html download to ptt/Gossiping/22099_16.txt, time: 5.250000
/bbs/Gossiping/M.1496332187.A.00A.html download to ptt/Gossiping/22099_17.txt, time: 3.600000
/bbs/Gossiping/M.1496332194.A.9E1.html download to ptt/Gossiping/22099_18.txt, time: 4.570000
/bbs/Gossiping/M.1496332207.A.8B8.html download to ptt/Gossiping/22099_19.txt, time: 3.740000
page 22098
/bbs/Gossiping/M.1496331537.A.CA2.html download to ptt/Gossiping/22098_0.txt, time: 5.850000
/bbs/Gossiping/M.1496331539.A.B51.html download to ptt/Gossiping/22098_1.txt, time: 5.450000
/bbs/Gossiping/M.1496331550.A.3EB.html download to ptt/Gossiping/22098_2.txt, time: 5.720000
/bbs/Gossiping/M.1496331553.A.B74.html download to ptt/Gossiping/22098_3.txt, time: 6.440000
/bbs/Gossiping/M.1496331569.A.4F0.html download to ptt/Gossiping/22098_4.txt, time: 4.390000
/bbs/Gossiping/M.1496331584.A.2CA.html download to ptt/Gossiping/22098_5.txt, time: 5.110000
/bbs/Gossiping/M.1496331589.A.E13.html download to ptt/Gossiping/22098_6.txt, time: 10.110000
/bbs/Gossiping/M.1496331623.A.B96.html download to ptt/Gossiping/22098_7.txt, time: 8.240000
/bbs/Gossiping/M.1496331637.A.D05.html download to ptt/Gossiping/22098_8.txt, time: 4.730000
/bbs/Gossiping/M.1496331673.A.460.html download to ptt/Gossiping/22098_9.txt, time: 15.370000
/bbs/Gossiping/M.1496331686.A.779.html download to ptt/Gossiping/22098_10.txt, time: 6.770000
/bbs/Gossiping/M.1496331692.A.D92.html download to ptt/Gossiping/22098_11.txt, time: 6.790000
/bbs/Gossiping/M.1496331705.A.16A.html download to ptt/Gossiping/22098_12.txt, time: 9.110000
/bbs/Gossiping/M.1496331724.A.973.html download to ptt/Gossiping/22098_13.txt, time: 6.960000
/bbs/Gossiping/M.1496331756.A.C23.htmlTraceback (most recent call last):
  File "/home/studentyl/anaconda3/lib/python3.6/site-packages/requests/packages/urllib3/connectionpool.py", line 600, in urlopen
    chunked=chunked)
  File "/home/studentyl/anaconda3/lib/python3.6/site-packages/requests/packages/urllib3/connectionpool.py", line 386, in _make_request
    six.raise_from(e, None)
  File "<string>", line 2, in raise_from
  File "/home/studentyl/anaconda3/lib/python3.6/site-packages/requests/packages/urllib3/connectionpool.py", line 382, in _make_request
    httplib_response = conn.getresponse()
  File "/home/studentyl/anaconda3/lib/python3.6/http/client.py", line 1331, in getresponse
    response.begin()
  File "/home/studentyl/anaconda3/lib/python3.6/http/client.py", line 297, in begin
    version, status, reason = self._read_status()
  File "/home/studentyl/anaconda3/lib/python3.6/http/client.py", line 266, in _read_status
    raise RemoteDisconnected("Remote end closed connection without"
http.client.RemoteDisconnected: Remote end closed connection without response

During handling of the above exception, another exception occurred:

Traceback (most recent call last):
  File "/home/studentyl/anaconda3/lib/python3.6/site-packages/requests/adapters.py", line 438, in send
    timeout=timeout
  File "/home/studentyl/anaconda3/lib/python3.6/site-packages/requests/packages/urllib3/connectionpool.py", line 649, in urlopen
    _stacktrace=sys.exc_info()[2])
  File "/home/studentyl/anaconda3/lib/python3.6/site-packages/requests/packages/urllib3/util/retry.py", line 357, in increment
    raise six.reraise(type(error), error, _stacktrace)
  File "/home/studentyl/anaconda3/lib/python3.6/site-packages/requests/packages/urllib3/packages/six.py", line 685, in reraise
    raise value.with_traceback(tb)
  File "/home/studentyl/anaconda3/lib/python3.6/site-packages/requests/packages/urllib3/connectionpool.py", line 600, in urlopen
    chunked=chunked)
  File "/home/studentyl/anaconda3/lib/python3.6/site-packages/requests/packages/urllib3/connectionpool.py", line 386, in _make_request
    six.raise_from(e, None)
  File "<string>", line 2, in raise_from
  File "/home/studentyl/anaconda3/lib/python3.6/site-packages/requests/packages/urllib3/connectionpool.py", line 382, in _make_request
    httplib_response = conn.getresponse()
  File "/home/studentyl/anaconda3/lib/python3.6/http/client.py", line 1331, in getresponse
    response.begin()
  File "/home/studentyl/anaconda3/lib/python3.6/http/client.py", line 297, in begin
    version, status, reason = self._read_status()
  File "/home/studentyl/anaconda3/lib/python3.6/http/client.py", line 266, in _read_status
    raise RemoteDisconnected("Remote end closed connection without"
requests.packages.urllib3.exceptions.ProtocolError: ('Connection aborted.', RemoteDisconnected('Remote end closed connection without response',))

During handling of the above exception, another exception occurred:

Traceback (most recent call last):
  File "./crawler.py", line 177, in <module>
    main(sys.argv[1:])
  File "./crawler.py", line 158, in main
    downloadForum(forumName, startPage, pages)
  File "./crawler.py", line 140, in downloadForum
    downloadPage(str(articleCount), forumName, pageNum, 'https://www.ptt.cc'+link)
  File "./crawler.py", line 82, in downloadPage
    pageText = getPageText(link)
  File "./crawler.py", line 13, in getPageText
    pageText=requests.get(link, cookies={'over18':'1'}).text
  File "/home/studentyl/anaconda3/lib/python3.6/site-packages/requests/api.py", line 72, in get
    return request('get', url, params=params, **kwargs)
  File "/home/studentyl/anaconda3/lib/python3.6/site-packages/requests/api.py", line 58, in request
    return session.request(method=method, url=url, **kwargs)
  File "/home/studentyl/anaconda3/lib/python3.6/site-packages/requests/sessions.py", line 518, in request
    resp = self.send(prep, **send_kwargs)
  File "/home/studentyl/anaconda3/lib/python3.6/site-packages/requests/sessions.py", line 639, in send
    r = adapter.send(request, **kwargs)
  File "/home/studentyl/anaconda3/lib/python3.6/site-packages/requests/adapters.py", line 488, in send
    raise ConnectionError(err, request=request)
requests.exceptions.ConnectionError: ('Connection aborted.', RemoteDisconnected('Remote end closed connection without response',))
