page 22110
/bbs/Gossiping/M.1496336874.A.2C6.html download to ptt/Gossiping/22110_0.txt, time: 5.550000
/bbs/Gossiping/M.1496336890.A.0FB.html download to ptt/Gossiping/22110_1.txt, time: 5.640000
/bbs/Gossiping/M.1496336919.A.52F.html download to ptt/Gossiping/22110_2.txt, time: 4.540000
/bbs/Gossiping/M.1496336954.A.B92.html download to ptt/Gossiping/22110_3.txt, time: 4.400000
/bbs/Gossiping/M.1496336988.A.F5D.html download to ptt/Gossiping/22110_4.txt, time: 4.910000
/bbs/Gossiping/M.1496336995.A.751.html download to ptt/Gossiping/22110_5.txt, time: 4.950000
/bbs/Gossiping/M.1496337012.A.91A.html download to ptt/Gossiping/22110_6.txt, time: 6.760000
/bbs/Gossiping/M.1496337254.A.733.html download to ptt/Gossiping/22110_7.txt, time: 4.260000
/bbs/Gossiping/M.1496337276.A.2E1.html download to ptt/Gossiping/22110_8.txt, time: 4.170000
/bbs/Gossiping/M.1496337295.A.AFA.html download to ptt/Gossiping/22110_9.txt, time: 7.380000
/bbs/Gossiping/M.1496337334.A.02E.html download to ptt/Gossiping/22110_10.txt, time: 9.580000
/bbs/Gossiping/M.1496337432.A.A81.html download to ptt/Gossiping/22110_11.txt, time: 5.330000
/bbs/Gossiping/M.1496337433.A.F7F.html download to ptt/Gossiping/22110_12.txt, time: 4.930000
/bbs/Gossiping/M.1496337506.A.70E.html download to ptt/Gossiping/22110_13.txt, time: 5.360000
empty download to ptt/Gossiping/22110_14.txt, time: 0.000000
/bbs/Gossiping/M.1496337512.A.774.html download to ptt/Gossiping/22110_15.txt, time: 5.420000
/bbs/Gossiping/M.1496337533.A.F47.html download to ptt/Gossiping/22110_16.txt, time: 3.440000
/bbs/Gossiping/M.1496337564.A.FD5.html download to ptt/Gossiping/22110_17.txt, time: 8.700000
/bbs/Gossiping/M.1496337608.A.9F4.html download to ptt/Gossiping/22110_18.txt, time: 6.310000
/bbs/Gossiping/M.1496337611.A.D0E.html download to ptt/Gossiping/22110_19.txt, time: 5.490000
page 22109
/bbs/Gossiping/M.1496336193.A.16B.html download to ptt/Gossiping/22109_0.txt, time: 6.700000
/bbs/Gossiping/M.1496336331.A.0D8.html download to ptt/Gossiping/22109_1.txt, time: 5.730000
/bbs/Gossiping/M.1496336346.A.687.html download to ptt/Gossiping/22109_2.txt, time: 4.130000
/bbs/Gossiping/M.1496336389.A.7ED.html download to ptt/Gossiping/22109_3.txt, time: 4.510000
/bbs/Gossiping/M.1496336443.A.F55.html download to ptt/Gossiping/22109_4.txt, time: 3.760000
/bbs/Gossiping/M.1496336484.A.A0A.html download to ptt/Gossiping/22109_5.txt, time: 4.530000
/bbs/Gossiping/M.1496336489.A.CFF.html download to ptt/Gossiping/22109_6.txt, time: 4.710000
/bbs/Gossiping/M.1496336515.A.A3C.html download to ptt/Gossiping/22109_7.txt, time: 5.950000
/bbs/Gossiping/M.1496336568.A.666.html download to ptt/Gossiping/22109_8.txt, time: 3.830000
/bbs/Gossiping/M.1496336583.A.D4A.html download to ptt/Gossiping/22109_9.txt, time: 4.550000
/bbs/Gossiping/M.1496336690.A.D44.html download to ptt/Gossiping/22109_10.txt, time: 6.000000
/bbs/Gossiping/M.1496336700.A.885.html download to ptt/Gossiping/22109_11.txt, time: 4.660000
/bbs/Gossiping/M.1496336738.A.97D.html download to ptt/Gossiping/22109_12.txt, time: 6.840000
/bbs/Gossiping/M.1496336747.A.71F.html download to ptt/Gossiping/22109_13.txt, time: 5.950000
/bbs/Gossiping/M.1496336793.A.7F6.html download to ptt/Gossiping/22109_14.txt, time: 5.240000
/bbs/Gossiping/M.1496336793.A.9E1.html download to ptt/Gossiping/22109_15.txt, time: 5.040000
/bbs/Gossiping/M.1496336828.A.B59.html download to ptt/Gossiping/22109_16.txt, time: 2.990000
/bbs/Gossiping/M.1496336850.A.F81.html download to ptt/Gossiping/22109_17.txt, time: 3.420000
/bbs/Gossiping/M.1496336858.A.8BF.html download to ptt/Gossiping/22109_18.txt, time: 5.080000
/bbs/Gossiping/M.1496336869.A.17A.html download to ptt/Gossiping/22109_19.txt, time: 4.940000
page 22108
/bbs/Gossiping/M.1496335604.A.ADC.html download to ptt/Gossiping/22108_0.txt, time: 5.400000
/bbs/Gossiping/M.1496335623.A.598.html download to ptt/Gossiping/22108_1.txt, time: 5.710000
/bbs/Gossiping/M.1496335661.A.0A1.html download to ptt/Gossiping/22108_2.txt, time: 5.330000
/bbs/Gossiping/M.1496335710.A.6B8.html download to ptt/Gossiping/22108_3.txt, time: 6.280000
/bbs/Gossiping/M.1496335740.A.B7C.html download to ptt/Gossiping/22108_4.txt, time: 8.400000
/bbs/Gossiping/M.1496335755.A.2CC.html download to ptt/Gossiping/22108_5.txt, time: 11.560000
/bbs/Gossiping/M.1496335765.A.B2A.html download to ptt/Gossiping/22108_6.txt, time: 4.480000
/bbs/Gossiping/M.1496335775.A.DB1.html download to ptt/Gossiping/22108_7.txt, time: 6.630000
/bbs/Gossiping/M.1496335797.A.2C6.html download to ptt/Gossiping/22108_8.txt, time: 13.320000
/bbs/Gossiping/M.1496335826.A.D55.html download to ptt/Gossiping/22108_9.txt, time: 4.840000
/bbs/Gossiping/M.1496335841.A.E70.html download to ptt/Gossiping/22108_10.txt, time: 5.000000
/bbs/Gossiping/M.1496335896.A.C6D.html download to ptt/Gossiping/22108_11.txt, time: 4.410000
/bbs/Gossiping/M.1496335912.A.589.html download to ptt/Gossiping/22108_12.txt, time: 7.680000
/bbs/Gossiping/M.1496335941.A.A2D.html download to ptt/Gossiping/22108_13.txt, time: 4.510000
/bbs/Gossiping/M.1496336010.A.A3C.html download to ptt/Gossiping/22108_14.txt, time: 4.000000
/bbs/Gossiping/M.1496336063.A.AD7.html download to ptt/Gossiping/22108_15.txt, time: 6.710000
/bbs/Gossiping/M.1496336106.A.FAD.html download to ptt/Gossiping/22108_16.txt, time: 12.970000
/bbs/Gossiping/M.1496336115.A.81F.html download to ptt/Gossiping/22108_17.txt, time: 3.830000
/bbs/Gossiping/M.1496336138.A.A81.html download to ptt/Gossiping/22108_18.txt, time: 4.490000
/bbs/Gossiping/M.1496336162.A.DB5.html download to ptt/Gossiping/22108_19.txt, time: 5.250000
page 22107
/bbs/Gossiping/M.1496335060.A.57B.html download to ptt/Gossiping/22107_0.txt, time: 3.850000
/bbs/Gossiping/M.1496335069.A.C0B.html download to ptt/Gossiping/22107_1.txt, time: 5.050000
/bbs/Gossiping/M.1496335091.A.1D7.html download to ptt/Gossiping/22107_2.txt, time: 4.120000
/bbs/Gossiping/M.1496335147.A.B15.html download to ptt/Gossiping/22107_3.txt, time: 4.380000
/bbs/Gossiping/M.1496335149.A.061.html download to ptt/Gossiping/22107_4.txt, time: 3.110000
/bbs/Gossiping/M.1496335175.A.A20.html download to ptt/Gossiping/22107_5.txt, time: 2.490000
/bbs/Gossiping/M.1496335185.A.844.html download to ptt/Gossiping/22107_6.txt, time: 3.010000
/bbs/Gossiping/M.1496335197.A.D1C.html download to ptt/Gossiping/22107_7.txt, time: 4.590000
/bbs/Gossiping/M.1496335235.A.713.html download to ptt/Gossiping/22107_8.txt, time: 5.020000
/bbs/Gossiping/M.1496335272.A.026.html download to ptt/Gossiping/22107_9.txt, time: 3.420000
/bbs/Gossiping/M.1496335293.A.684.html download to ptt/Gossiping/22107_10.txt, time: 4.600000
/bbs/Gossiping/M.1496335300.A.350.html download to ptt/Gossiping/22107_11.txt, time: 4.470000
/bbs/Gossiping/M.1496335308.A.826.html download to ptt/Gossiping/22107_12.txt, time: 4.790000
/bbs/Gossiping/M.1496335411.A.555.html download to ptt/Gossiping/22107_13.txt, time: 3.880000
/bbs/Gossiping/M.1496335416.A.76C.html download to ptt/Gossiping/22107_14.txt, time: 4.650000
/bbs/Gossiping/M.1496335473.A.037.html download to ptt/Gossiping/22107_15.txt, time: 3.690000
/bbs/Gossiping/M.1496335511.A.20A.html download to ptt/Gossiping/22107_16.txt, time: 3.800000
/bbs/Gossiping/M.1496335514.A.8D7.html download to ptt/Gossiping/22107_17.txt, time: 3.520000
/bbs/Gossiping/M.1496335519.A.30A.html download to ptt/Gossiping/22107_18.txt, time: 3.250000
/bbs/Gossiping/M.1496335576.A.E5F.html download to ptt/Gossiping/22107_19.txt, time: 4.260000
page 22106
/bbs/Gossiping/M.1496334250.A.57B.html download to ptt/Gossiping/22106_0.txt, time: 6.770000
/bbs/Gossiping/M.1496334276.A.9FD.html download to ptt/Gossiping/22106_1.txt, time: 5.420000
/bbs/Gossiping/M.1496334337.A.F0B.html download to ptt/Gossiping/22106_2.txt, time: 3.780000
/bbs/Gossiping/M.1496334411.A.85C.html download to ptt/Gossiping/22106_3.txt, time: 3.630000
/bbs/Gossiping/M.1496334456.A.CD7.html download to ptt/Gossiping/22106_4.txt, time: 3.990000
/bbs/Gossiping/M.1496334538.A.942.html download to ptt/Gossiping/22106_5.txt, time: 3.450000
/bbs/Gossiping/M.1496334572.A.97C.html download to ptt/Gossiping/22106_6.txt, time: 3.550000
/bbs/Gossiping/M.1496334606.A.EEF.html download to ptt/Gossiping/22106_7.txt, time: 4.540000
/bbs/Gossiping/M.1496334623.A.383.html download to ptt/Gossiping/22106_8.txt, time: 2.600000
/bbs/Gossiping/M.1496334665.A.7EB.html download to ptt/Gossiping/22106_9.txt, time: 4.310000
/bbs/Gossiping/M.1496334687.A.492.html download to ptt/Gossiping/22106_10.txt, time: 4.880000
/bbs/Gossiping/M.1496334726.A.43A.html download to ptt/Gossiping/22106_11.txt, time: 3.420000
/bbs/Gossiping/M.1496334808.A.D71.html download to ptt/Gossiping/22106_12.txt, time: 4.820000
/bbs/Gossiping/M.1496334826.A.238.html download to ptt/Gossiping/22106_13.txt, time: 4.570000
/bbs/Gossiping/M.1496334836.A.22B.html download to ptt/Gossiping/22106_14.txt, time: 4.600000
/bbs/Gossiping/M.1496334853.A.689.html download to ptt/Gossiping/22106_15.txt, time: 3.600000
/bbs/Gossiping/M.1496334858.A.D35.html download to ptt/Gossiping/22106_16.txt, time: 2.890000
/bbs/Gossiping/M.1496334859.A.FBB.html download to ptt/Gossiping/22106_17.txt, time: 3.090000
/bbs/Gossiping/M.1496335023.A.E7F.html download to ptt/Gossiping/22106_18.txt, time: 3.730000
/bbs/Gossiping/M.1496335032.A.228.html download to ptt/Gossiping/22106_19.txt, time: 3.810000
time: 563.8851413726807 seconds
