page 22120
/bbs/Gossiping/M.1496346385.A.EBA.html download to ptt/Gossiping/22120_0.txt, time: 4.440000
/bbs/Gossiping/M.1496346401.A.28D.html download to ptt/Gossiping/22120_1.txt, time: 4.790000
/bbs/Gossiping/M.1496346539.A.1B9.html download to ptt/Gossiping/22120_2.txt, time: 4.320000
/bbs/Gossiping/M.1496346712.A.39B.html download to ptt/Gossiping/22120_3.txt, time: 4.490000
/bbs/Gossiping/M.1496346790.A.919.html download to ptt/Gossiping/22120_4.txt, time: 3.770000
/bbs/Gossiping/M.1496346910.A.F31.html download to ptt/Gossiping/22120_5.txt, time: 4.570000
/bbs/Gossiping/M.1496347075.A.D82.html download to ptt/Gossiping/22120_6.txt, time: 4.580000
/bbs/Gossiping/M.1496347101.A.3A7.html download to ptt/Gossiping/22120_7.txt, time: 9.290000
/bbs/Gossiping/M.1496347130.A.68F.html download to ptt/Gossiping/22120_8.txt, time: 4.160000
/bbs/Gossiping/M.1496347188.A.5D0.html download to ptt/Gossiping/22120_9.txt, time: 3.600000
/bbs/Gossiping/M.1496347198.A.981.html download to ptt/Gossiping/22120_10.txt, time: 3.470000
/bbs/Gossiping/M.1496347207.A.105.html download to ptt/Gossiping/22120_11.txt, time: 4.400000
/bbs/Gossiping/M.1496347217.A.84C.html download to ptt/Gossiping/22120_12.txt, time: 3.480000
/bbs/Gossiping/M.1496347219.A.EB2.html download to ptt/Gossiping/22120_13.txt, time: 4.140000
/bbs/Gossiping/M.1496347229.A.8E6.html download to ptt/Gossiping/22120_14.txt, time: 8.540000
/bbs/Gossiping/M.1496347246.A.C02.html download to ptt/Gossiping/22120_15.txt, time: 4.850000
/bbs/Gossiping/M.1496347248.A.03B.html download to ptt/Gossiping/22120_16.txt, time: 4.820000
/bbs/Gossiping/M.1496347343.A.B3D.html download to ptt/Gossiping/22120_17.txt, time: 4.660000
/bbs/Gossiping/M.1496347421.A.D1C.html download to ptt/Gossiping/22120_18.txt, time: 4.000000
/bbs/Gossiping/M.1496347428.A.AA0.html download to ptt/Gossiping/22120_19.txt, time: 6.120000
page 22119
/bbs/Gossiping/M.1496344895.A.F6C.html download to ptt/Gossiping/22119_0.txt, time: 3.930000
/bbs/Gossiping/M.1496344994.A.ED5.html download to ptt/Gossiping/22119_1.txt, time: 6.130000
/bbs/Gossiping/M.1496345208.A.E82.html download to ptt/Gossiping/22119_2.txt, time: 4.560000
/bbs/Gossiping/M.1496345403.A.A1F.html download to ptt/Gossiping/22119_3.txt, time: 4.700000
/bbs/Gossiping/M.1496345488.A.892.html download to ptt/Gossiping/22119_4.txt, time: 3.540000
/bbs/Gossiping/M.1496345491.A.A74.html download to ptt/Gossiping/22119_5.txt, time: 5.270000
/bbs/Gossiping/M.1496345505.A.EF6.html download to ptt/Gossiping/22119_6.txt, time: 5.100000
/bbs/Gossiping/M.1496345522.A.FBB.html download to ptt/Gossiping/22119_7.txt, time: 3.700000
/bbs/Gossiping/M.1496345533.A.6C4.html download to ptt/Gossiping/22119_8.txt, time: 4.710000
/bbs/Gossiping/M.1496345578.A.5E3.html download to ptt/Gossiping/22119_9.txt, time: 7.290000
/bbs/Gossiping/M.1496345588.A.2F1.html download to ptt/Gossiping/22119_10.txt, time: 4.970000
/bbs/Gossiping/M.1496345589.A.729.html download to ptt/Gossiping/22119_11.txt, time: 5.560000
/bbs/Gossiping/M.1496345658.A.D6F.html download to ptt/Gossiping/22119_12.txt, time: 4.430000
/bbs/Gossiping/M.1496345709.A.736.html download to ptt/Gossiping/22119_13.txt, time: 6.940000
/bbs/Gossiping/M.1496345802.A.006.html download to ptt/Gossiping/22119_14.txt, time: 5.710000
/bbs/Gossiping/M.1496345832.A.E6E.html download to ptt/Gossiping/22119_15.txt, time: 5.440000
/bbs/Gossiping/M.1496346002.A.4DF.html download to ptt/Gossiping/22119_16.txt, time: 4.190000
/bbs/Gossiping/M.1496346069.A.49F.html download to ptt/Gossiping/22119_17.txt, time: 4.700000
/bbs/Gossiping/M.1496346252.A.931.html download to ptt/Gossiping/22119_18.txt, time: 4.480000
/bbs/Gossiping/M.1496346295.A.CF7.html download to ptt/Gossiping/22119_19.txt, time: 3.930000
page 22118
/bbs/Gossiping/M.1496343667.A.8E8.html download to ptt/Gossiping/22118_0.txt, time: 8.830000
/bbs/Gossiping/M.1496343719.A.AFB.html download to ptt/Gossiping/22118_1.txt, time: 9.610000
/bbs/Gossiping/M.1496343721.A.3DC.html download to ptt/Gossiping/22118_2.txt, time: 5.420000
/bbs/Gossiping/M.1496343778.A.74C.html download to ptt/Gossiping/22118_3.txt, time: 7.740000
/bbs/Gossiping/M.1496343801.A.6DD.html download to ptt/Gossiping/22118_4.txt, time: 12.040000
/bbs/Gossiping/M.1496343890.A.CFA.html download to ptt/Gossiping/22118_5.txt, time: 8.560000
/bbs/Gossiping/M.1496344083.A.B7B.html download to ptt/Gossiping/22118_6.txt, time: 15.000000
/bbs/Gossiping/M.1496344149.A.D6B.html download to ptt/Gossiping/22118_7.txt, time: 5.050000
/bbs/Gossiping/M.1496344162.A.059.html download to ptt/Gossiping/22118_8.txt, time: 6.270000
/bbs/Gossiping/M.1496344183.A.489.html download to ptt/Gossiping/22118_9.txt, time: 7.710000
/bbs/Gossiping/M.1496344280.A.F47.html download to ptt/Gossiping/22118_10.txt, time: 8.190000
/bbs/Gossiping/M.1496344299.A.4F3.html download to ptt/Gossiping/22118_11.txt, time: 6.100000
/bbs/Gossiping/M.1496344305.A.CAE.html download to ptt/Gossiping/22118_12.txt, time: 5.110000
/bbs/Gossiping/M.1496344339.A.9F4.html download to ptt/Gossiping/22118_13.txt, time: 16.140000
/bbs/Gossiping/M.1496344405.A.DD9.html download to ptt/Gossiping/22118_14.txt, time: 5.760000
/bbs/Gossiping/M.1496344524.A.48D.html download to ptt/Gossiping/22118_15.txt, time: 3.590000
/bbs/Gossiping/M.1496344539.A.488.html download to ptt/Gossiping/22118_16.txt, time: 4.760000
/bbs/Gossiping/M.1496344736.A.A59.html download to ptt/Gossiping/22118_17.txt, time: 4.470000
/bbs/Gossiping/M.1496344823.A.00A.html download to ptt/Gossiping/22118_18.txt, time: 4.240000
/bbs/Gossiping/M.1496344881.A.25C.html download to ptt/Gossiping/22118_19.txt, time: 4.080000
page 22117
/bbs/Gossiping/M.1496342683.A.8F1.html download to ptt/Gossiping/22117_0.txt, time: 4.630000
/bbs/Gossiping/M.1496342693.A.224.html download to ptt/Gossiping/22117_1.txt, time: 3.310000
/bbs/Gossiping/M.1496342794.A.7A3.html download to ptt/Gossiping/22117_2.txt, time: 4.120000
/bbs/Gossiping/M.1496342797.A.F83.html download to ptt/Gossiping/22117_3.txt, time: 4.700000
/bbs/Gossiping/M.1496342839.A.876.html download to ptt/Gossiping/22117_4.txt, time: 3.860000
/bbs/Gossiping/M.1496342989.A.D96.html download to ptt/Gossiping/22117_5.txt, time: 3.530000
/bbs/Gossiping/M.1496343036.A.4EA.html download to ptt/Gossiping/22117_6.txt, time: 3.020000
/bbs/Gossiping/M.1496343065.A.732.html download to ptt/Gossiping/22117_7.txt, time: 5.620000
/bbs/Gossiping/M.1496343077.A.241.html download to ptt/Gossiping/22117_8.txt, time: 4.850000
/bbs/Gossiping/M.1496343093.A.CE2.html download to ptt/Gossiping/22117_9.txt, time: 5.780000
/bbs/Gossiping/M.1496343142.A.EF1.html download to ptt/Gossiping/22117_10.txt, time: 4.060000
/bbs/Gossiping/M.1496343246.A.B19.html download to ptt/Gossiping/22117_11.txt, time: 4.280000
/bbs/Gossiping/M.1496343292.A.B1E.html download to ptt/Gossiping/22117_12.txt, time: 3.620000
/bbs/Gossiping/M.1496343372.A.3DB.html download to ptt/Gossiping/22117_13.txt, time: 3.690000
/bbs/Gossiping/M.1496343482.A.726.html download to ptt/Gossiping/22117_14.txt, time: 7.730000
/bbs/Gossiping/M.1496343588.A.BC2.html download to ptt/Gossiping/22117_15.txt, time: 4.840000
/bbs/Gossiping/M.1496343605.A.244.html download to ptt/Gossiping/22117_16.txt, time: 4.720000
/bbs/Gossiping/M.1496343615.A.57A.html download to ptt/Gossiping/22117_17.txt, time: 3.490000
/bbs/Gossiping/M.1496343639.A.580.html download to ptt/Gossiping/22117_18.txt, time: 6.550000
/bbs/Gossiping/M.1496343653.A.29C.html download to ptt/Gossiping/22117_19.txt, time: 4.140000
page 22116
/bbs/Gossiping/M.1496341768.A.D96.html download to ptt/Gossiping/22116_0.txt, time: 4.380000
/bbs/Gossiping/M.1496341787.A.EC1.html download to ptt/Gossiping/22116_1.txt, time: 4.500000
/bbs/Gossiping/M.1496341899.A.A72.html download to ptt/Gossiping/22116_2.txt, time: 4.210000
/bbs/Gossiping/M.1496341920.A.7D4.html download to ptt/Gossiping/22116_3.txt, time: 4.110000
/bbs/Gossiping/M.1496342045.A.203.html download to ptt/Gossiping/22116_4.txt, time: 3.540000
/bbs/Gossiping/M.1496342077.A.42B.html download to ptt/Gossiping/22116_5.txt, time: 4.360000
/bbs/Gossiping/M.1496342087.A.DB8.html download to ptt/Gossiping/22116_6.txt, time: 4.630000
/bbs/Gossiping/M.1496342151.A.9F0.html download to ptt/Gossiping/22116_7.txt, time: 3.100000
/bbs/Gossiping/M.1496342168.A.0D8.html download to ptt/Gossiping/22116_8.txt, time: 3.080000
/bbs/Gossiping/M.1496342178.A.1E7.html download to ptt/Gossiping/22116_9.txt, time: 3.570000
/bbs/Gossiping/M.1496342186.A.1EA.html download to ptt/Gossiping/22116_10.txt, time: 4.240000
/bbs/Gossiping/M.1496342217.A.0F9.html download to ptt/Gossiping/22116_11.txt, time: 2.970000
/bbs/Gossiping/M.1496342228.A.547.html download to ptt/Gossiping/22116_12.txt, time: 2.620000
/bbs/Gossiping/M.1496342238.A.620.html download to ptt/Gossiping/22116_13.txt, time: 3.240000
/bbs/Gossiping/M.1496342351.A.522.html download to ptt/Gossiping/22116_14.txt, time: 2.840000
/bbs/Gossiping/M.1496342458.A.28A.html download to ptt/Gossiping/22116_15.txt, time: 4.010000
/bbs/Gossiping/M.1496342522.A.786.html download to ptt/Gossiping/22116_16.txt, time: 7.100000
/bbs/Gossiping/M.1496342577.A.AB7.html download to ptt/Gossiping/22116_17.txt, time: 3.410000
/bbs/Gossiping/M.1496342609.A.E4B.html download to ptt/Gossiping/22116_18.txt, time: 1.900000
/bbs/Gossiping/M.1496342665.A.427.html download to ptt/Gossiping/22116_19.txt, time: 2.650000
time: 565.3415446281433 seconds
