page 22130
/bbs/Gossiping/M.1496363927.A.1C8.html download to ptt/Gossiping/22130_0.txt, time: 4.780000
/bbs/Gossiping/M.1496363958.A.E8A.html download to ptt/Gossiping/22130_1.txt, time: 5.410000
/bbs/Gossiping/M.1496363976.A.5A3.html download to ptt/Gossiping/22130_2.txt, time: 5.920000
/bbs/Gossiping/M.1496363983.A.C3A.html download to ptt/Gossiping/22130_3.txt, time: 3.920000
/bbs/Gossiping/M.1496364113.A.662.html download to ptt/Gossiping/22130_4.txt, time: 5.180000
/bbs/Gossiping/M.1496364121.A.C12.html download to ptt/Gossiping/22130_5.txt, time: 3.690000
/bbs/Gossiping/M.1496364286.A.CE6.html download to ptt/Gossiping/22130_6.txt, time: 7.340000
/bbs/Gossiping/M.1496364407.A.633.html download to ptt/Gossiping/22130_7.txt, time: 6.950000
/bbs/Gossiping/M.1496364457.A.032.html download to ptt/Gossiping/22130_8.txt, time: 3.710000
/bbs/Gossiping/M.1496364477.A.9D0.html download to ptt/Gossiping/22130_9.txt, time: 5.640000
/bbs/Gossiping/M.1496364506.A.E72.html download to ptt/Gossiping/22130_10.txt, time: 3.180000
/bbs/Gossiping/M.1496364526.A.059.html download to ptt/Gossiping/22130_11.txt, time: 6.140000
/bbs/Gossiping/M.1496364649.A.3A3.html download to ptt/Gossiping/22130_12.txt, time: 3.870000
/bbs/Gossiping/M.1496364670.A.170.html download to ptt/Gossiping/22130_13.txt, time: 7.830000
/bbs/Gossiping/M.1496364788.A.6E5.html download to ptt/Gossiping/22130_14.txt, time: 6.230000
/bbs/Gossiping/M.1496364811.A.FCB.html download to ptt/Gossiping/22130_15.txt, time: 5.290000
/bbs/Gossiping/M.1496364849.A.AC8.html download to ptt/Gossiping/22130_16.txt, time: 4.750000
/bbs/Gossiping/M.1496364895.A.CDF.html download to ptt/Gossiping/22130_17.txt, time: 5.070000
/bbs/Gossiping/M.1496364923.A.7B5.html download to ptt/Gossiping/22130_18.txt, time: 5.250000
/bbs/Gossiping/M.1496364963.A.F77.html download to ptt/Gossiping/22130_19.txt, time: 5.400000
page 22129
/bbs/Gossiping/M.1496363220.A.C78.html download to ptt/Gossiping/22129_0.txt, time: 3.710000
/bbs/Gossiping/M.1496363233.A.898.html download to ptt/Gossiping/22129_1.txt, time: 4.510000
/bbs/Gossiping/M.1496363314.A.F0E.html download to ptt/Gossiping/22129_2.txt, time: 4.710000
/bbs/Gossiping/M.1496363359.A.1E3.html download to ptt/Gossiping/22129_3.txt, time: 3.570000
/bbs/Gossiping/M.1496363376.A.79A.html download to ptt/Gossiping/22129_4.txt, time: 4.610000
/bbs/Gossiping/M.1496363393.A.AE0.html download to ptt/Gossiping/22129_5.txt, time: 6.770000
/bbs/Gossiping/M.1496363430.A.C65.html download to ptt/Gossiping/22129_6.txt, time: 6.730000
/bbs/Gossiping/M.1496363438.A.B13.html download to ptt/Gossiping/22129_7.txt, time: 4.710000
/bbs/Gossiping/M.1496363455.A.0A5.html download to ptt/Gossiping/22129_8.txt, time: 4.680000
/bbs/Gossiping/M.1496363529.A.A3C.html download to ptt/Gossiping/22129_9.txt, time: 5.890000
/bbs/Gossiping/M.1496363581.A.260.html download to ptt/Gossiping/22129_10.txt, time: 5.140000
/bbs/Gossiping/M.1496363589.A.6E4.html download to ptt/Gossiping/22129_11.txt, time: 6.000000
/bbs/Gossiping/M.1496363602.A.1DD.html download to ptt/Gossiping/22129_12.txt, time: 6.460000
/bbs/Gossiping/M.1496363633.A.83B.html download to ptt/Gossiping/22129_13.txt, time: 4.780000
/bbs/Gossiping/M.1496363635.A.E50.html download to ptt/Gossiping/22129_14.txt, time: 4.990000
/bbs/Gossiping/M.1496363695.A.E86.html download to ptt/Gossiping/22129_15.txt, time: 4.860000
/bbs/Gossiping/M.1496363713.A.76B.html download to ptt/Gossiping/22129_16.txt, time: 4.950000
/bbs/Gossiping/M.1496363797.A.7FC.html download to ptt/Gossiping/22129_17.txt, time: 5.400000
/bbs/Gossiping/M.1496363868.A.CFF.html download to ptt/Gossiping/22129_18.txt, time: 4.920000
/bbs/Gossiping/M.1496363910.A.C0E.html download to ptt/Gossiping/22129_19.txt, time: 8.780000
page 22128
/bbs/Gossiping/M.1496362272.A.A40.html download to ptt/Gossiping/22128_0.txt, time: 6.230000
/bbs/Gossiping/M.1496362297.A.64D.html download to ptt/Gossiping/22128_1.txt, time: 8.530000
/bbs/Gossiping/M.1496362339.A.8AC.html download to ptt/Gossiping/22128_2.txt, time: 4.000000
/bbs/Gossiping/M.1496362344.A.CA7.html download to ptt/Gossiping/22128_3.txt, time: 10.550000
/bbs/Gossiping/M.1496362393.A.3A8.html download to ptt/Gossiping/22128_4.txt, time: 10.020000
/bbs/Gossiping/M.1496362591.A.8F9.html download to ptt/Gossiping/22128_5.txt, time: 5.170000
/bbs/Gossiping/M.1496362671.A.4D1.html download to ptt/Gossiping/22128_6.txt, time: 6.200000
/bbs/Gossiping/M.1496362893.A.08B.html download to ptt/Gossiping/22128_7.txt, time: 10.200000
/bbs/Gossiping/M.1496362965.A.F60.html download to ptt/Gossiping/22128_8.txt, time: 4.010000
/bbs/Gossiping/M.1496362966.A.E73.html download to ptt/Gossiping/22128_9.txt, time: 4.490000
/bbs/Gossiping/M.1496362991.A.385.html download to ptt/Gossiping/22128_10.txt, time: 4.390000
/bbs/Gossiping/M.1496362995.A.676.html download to ptt/Gossiping/22128_11.txt, time: 3.290000
/bbs/Gossiping/M.1496363038.A.7B9.html download to ptt/Gossiping/22128_12.txt, time: 9.600000
/bbs/Gossiping/M.1496363041.A.757.html download to ptt/Gossiping/22128_13.txt, time: 7.610000
/bbs/Gossiping/M.1496363057.A.B76.html download to ptt/Gossiping/22128_14.txt, time: 11.310000
/bbs/Gossiping/M.1496363070.A.6D3.html download to ptt/Gossiping/22128_15.txt, time: 5.280000
/bbs/Gossiping/M.1496363080.A.35B.html download to ptt/Gossiping/22128_16.txt, time: 4.560000
/bbs/Gossiping/M.1496363148.A.03F.html download to ptt/Gossiping/22128_17.txt, time: 3.620000
/bbs/Gossiping/M.1496363175.A.E99.html download to ptt/Gossiping/22128_18.txt, time: 3.100000
/bbs/Gossiping/M.1496363189.A.730.html download to ptt/Gossiping/22128_19.txt, time: 3.450000
page 22127
/bbs/Gossiping/M.1496360959.A.952.html download to ptt/Gossiping/22127_0.txt, time: 3.370000
/bbs/Gossiping/M.1496361096.A.EE3.html download to ptt/Gossiping/22127_1.txt, time: 5.060000
/bbs/Gossiping/M.1496361260.A.F59.html download to ptt/Gossiping/22127_2.txt, time: 4.620000
/bbs/Gossiping/M.1496361338.A.E84.html download to ptt/Gossiping/22127_3.txt, time: 3.440000
/bbs/Gossiping/M.1496361374.A.412.html download to ptt/Gossiping/22127_4.txt, time: 3.820000
/bbs/Gossiping/M.1496361467.A.918.html download to ptt/Gossiping/22127_5.txt, time: 4.090000
/bbs/Gossiping/M.1496361520.A.44A.html download to ptt/Gossiping/22127_6.txt, time: 3.740000
/bbs/Gossiping/M.1496361578.A.C2F.html download to ptt/Gossiping/22127_7.txt, time: 3.370000
/bbs/Gossiping/M.1496361618.A.089.html download to ptt/Gossiping/22127_8.txt, time: 4.010000
/bbs/Gossiping/M.1496361646.A.86F.html download to ptt/Gossiping/22127_9.txt, time: 4.400000
/bbs/Gossiping/M.1496361692.A.8CD.html download to ptt/Gossiping/22127_10.txt, time: 3.630000
/bbs/Gossiping/M.1496361736.A.576.html download to ptt/Gossiping/22127_11.txt, time: 3.500000
/bbs/Gossiping/M.1496361907.A.4F1.html download to ptt/Gossiping/22127_12.txt, time: 2.940000
/bbs/Gossiping/M.1496361934.A.26C.html download to ptt/Gossiping/22127_13.txt, time: 2.400000
/bbs/Gossiping/M.1496362003.A.16C.html download to ptt/Gossiping/22127_14.txt, time: 3.240000
/bbs/Gossiping/M.1496362035.A.E1E.html download to ptt/Gossiping/22127_15.txt, time: 4.780000
/bbs/Gossiping/M.1496362090.A.A43.html download to ptt/Gossiping/22127_16.txt, time: 7.770000
/bbs/Gossiping/M.1496362129.A.618.html download to ptt/Gossiping/22127_17.txt, time: 6.750000
/bbs/Gossiping/M.1496362134.A.0E4.html download to ptt/Gossiping/22127_18.txt, time: 4.340000
/bbs/Gossiping/M.1496362213.A.469.html download to ptt/Gossiping/22127_19.txt, time: 3.200000
page 22126
/bbs/Gossiping/M.1496358563.A.6F0.html download to ptt/Gossiping/22126_0.txt, time: 3.780000
/bbs/Gossiping/M.1496358887.A.039.html download to ptt/Gossiping/22126_1.txt, time: 3.260000
/bbs/Gossiping/M.1496359301.A.006.html download to ptt/Gossiping/22126_2.txt, time: 3.360000
/bbs/Gossiping/M.1496359546.A.F66.html download to ptt/Gossiping/22126_3.txt, time: 3.490000
/bbs/Gossiping/M.1496359672.A.BEB.html download to ptt/Gossiping/22126_4.txt, time: 4.640000
/bbs/Gossiping/M.1496359708.A.913.html download to ptt/Gossiping/22126_5.txt, time: 4.020000
/bbs/Gossiping/M.1496359726.A.7D7.html download to ptt/Gossiping/22126_6.txt, time: 3.650000
/bbs/Gossiping/M.1496359950.A.A2D.html download to ptt/Gossiping/22126_7.txt, time: 3.040000
/bbs/Gossiping/M.1496360214.A.5D0.html download to ptt/Gossiping/22126_8.txt, time: 5.300000
/bbs/Gossiping/M.1496360243.A.884.html download to ptt/Gossiping/22126_9.txt, time: 3.740000
/bbs/Gossiping/M.1496360410.A.6CF.html download to ptt/Gossiping/22126_10.txt, time: 2.950000
/bbs/Gossiping/M.1496360435.A.3AF.html download to ptt/Gossiping/22126_11.txt, time: 2.560000
/bbs/Gossiping/M.1496360512.A.153.html download to ptt/Gossiping/22126_12.txt, time: 4.240000
/bbs/Gossiping/M.1496360546.A.BE2.html download to ptt/Gossiping/22126_13.txt, time: 3.530000
/bbs/Gossiping/M.1496360654.A.AA7.html download to ptt/Gossiping/22126_14.txt, time: 3.250000
/bbs/Gossiping/M.1496360681.A.F72.html download to ptt/Gossiping/22126_15.txt, time: 3.710000
/bbs/Gossiping/M.1496360696.A.EDC.html download to ptt/Gossiping/22126_16.txt, time: 3.220000
/bbs/Gossiping/M.1496360735.A.967.html download to ptt/Gossiping/22126_17.txt, time: 3.940000
/bbs/Gossiping/M.1496360788.A.F82.html download to ptt/Gossiping/22126_18.txt, time: 2.560000
/bbs/Gossiping/M.1496360837.A.A3A.html download to ptt/Gossiping/22126_19.txt, time: 5.530000
time: 552.9561395645142 seconds
