page 22140
/bbs/Gossiping/M.1496370988.A.471.html download to ptt/Gossiping/22140_0.txt, time: 5.310000
/bbs/Gossiping/M.1496371035.A.853.html download to ptt/Gossiping/22140_1.txt, time: 4.340000
/bbs/Gossiping/M.1496371037.A.A37.html download to ptt/Gossiping/22140_2.txt, time: 5.090000
/bbs/Gossiping/M.1496371046.A.871.html download to ptt/Gossiping/22140_3.txt, time: 4.850000
/bbs/Gossiping/M.1496371048.A.B89.html download to ptt/Gossiping/22140_4.txt, time: 5.890000
/bbs/Gossiping/M.1496371067.A.B0A.html download to ptt/Gossiping/22140_5.txt, time: 5.990000
/bbs/Gossiping/M.1496371102.A.BB8.html download to ptt/Gossiping/22140_6.txt, time: 2.850000
/bbs/Gossiping/M.1496371115.A.EAA.html download to ptt/Gossiping/22140_7.txt, time: 6.450000
/bbs/Gossiping/M.1496371138.A.DB0.html download to ptt/Gossiping/22140_8.txt, time: 3.610000
/bbs/Gossiping/M.1496371162.A.C93.html download to ptt/Gossiping/22140_9.txt, time: 6.860000
/bbs/Gossiping/M.1496371192.A.242.html download to ptt/Gossiping/22140_10.txt, time: 6.030000
/bbs/Gossiping/M.1496371208.A.2DC.html download to ptt/Gossiping/22140_11.txt, time: 4.390000
/bbs/Gossiping/M.1496371303.A.B45.html download to ptt/Gossiping/22140_12.txt, time: 6.170000
/bbs/Gossiping/M.1496371344.A.37B.html download to ptt/Gossiping/22140_13.txt, time: 3.270000
/bbs/Gossiping/M.1496371456.A.AC1.html download to ptt/Gossiping/22140_14.txt, time: 4.640000
/bbs/Gossiping/M.1496371472.A.502.html download to ptt/Gossiping/22140_15.txt, time: 4.850000
/bbs/Gossiping/M.1496371483.A.1D8.html download to ptt/Gossiping/22140_16.txt, time: 6.780000
/bbs/Gossiping/M.1496371491.A.A5A.html download to ptt/Gossiping/22140_17.txt, time: 7.050000
/bbs/Gossiping/M.1496371517.A.A04.html download to ptt/Gossiping/22140_18.txt, time: 4.100000
/bbs/Gossiping/M.1496371520.A.1A2.html download to ptt/Gossiping/22140_19.txt, time: 4.170000
page 22139
/bbs/Gossiping/M.1496370506.A.BF8.html download to ptt/Gossiping/22139_0.txt, time: 5.330000
/bbs/Gossiping/M.1496370516.A.29D.html download to ptt/Gossiping/22139_1.txt, time: 3.840000
/bbs/Gossiping/M.1496370523.A.D4B.html download to ptt/Gossiping/22139_2.txt, time: 3.980000
/bbs/Gossiping/M.1496370525.A.999.html download to ptt/Gossiping/22139_3.txt, time: 3.230000
/bbs/Gossiping/M.1496370574.A.8EA.html download to ptt/Gossiping/22139_4.txt, time: 4.820000
/bbs/Gossiping/M.1496370576.A.7E1.html download to ptt/Gossiping/22139_5.txt, time: 4.820000
/bbs/Gossiping/M.1496370596.A.206.html download to ptt/Gossiping/22139_6.txt, time: 4.930000
/bbs/Gossiping/M.1496370606.A.C0E.html download to ptt/Gossiping/22139_7.txt, time: 5.840000
/bbs/Gossiping/M.1496370657.A.E2E.html download to ptt/Gossiping/22139_8.txt, time: 6.190000
/bbs/Gossiping/M.1496370679.A.BF3.html download to ptt/Gossiping/22139_9.txt, time: 4.050000
/bbs/Gossiping/M.1496370773.A.B54.html download to ptt/Gossiping/22139_10.txt, time: 6.220000
/bbs/Gossiping/M.1496370817.A.4E3.html download to ptt/Gossiping/22139_11.txt, time: 6.940000
/bbs/Gossiping/M.1496370856.A.C65.html download to ptt/Gossiping/22139_12.txt, time: 3.790000
/bbs/Gossiping/M.1496370860.A.A1A.html download to ptt/Gossiping/22139_13.txt, time: 4.150000
/bbs/Gossiping/M.1496370866.A.35D.html download to ptt/Gossiping/22139_14.txt, time: 3.930000
/bbs/Gossiping/M.1496370933.A.F8A.html download to ptt/Gossiping/22139_15.txt, time: 5.180000
/bbs/Gossiping/M.1496370952.A.015.html download to ptt/Gossiping/22139_16.txt, time: 6.070000
/bbs/Gossiping/M.1496370964.A.BF5.html download to ptt/Gossiping/22139_17.txt, time: 4.450000
/bbs/Gossiping/M.1496370973.A.7F8.html download to ptt/Gossiping/22139_18.txt, time: 3.580000
/bbs/Gossiping/M.1496370976.A.83A.html download to ptt/Gossiping/22139_19.txt, time: 4.670000
page 22138
/bbs/Gossiping/M.1496370003.A.876.html download to ptt/Gossiping/22138_0.txt, time: 4.210000
/bbs/Gossiping/M.1496370027.A.92F.html download to ptt/Gossiping/22138_1.txt, time: 6.120000
/bbs/Gossiping/M.1496370039.A.6D2.html download to ptt/Gossiping/22138_2.txt, time: 6.700000
/bbs/Gossiping/M.1496370074.A.26F.htmlTraceback (most recent call last):
  File "/home/studentyl/anaconda3/lib/python3.6/site-packages/requests/packages/urllib3/connectionpool.py", line 600, in urlopen
    chunked=chunked)
  File "/home/studentyl/anaconda3/lib/python3.6/site-packages/requests/packages/urllib3/connectionpool.py", line 386, in _make_request
    six.raise_from(e, None)
  File "<string>", line 2, in raise_from
  File "/home/studentyl/anaconda3/lib/python3.6/site-packages/requests/packages/urllib3/connectionpool.py", line 382, in _make_request
    httplib_response = conn.getresponse()
  File "/home/studentyl/anaconda3/lib/python3.6/http/client.py", line 1331, in getresponse
    response.begin()
  File "/home/studentyl/anaconda3/lib/python3.6/http/client.py", line 297, in begin
    version, status, reason = self._read_status()
  File "/home/studentyl/anaconda3/lib/python3.6/http/client.py", line 266, in _read_status
    raise RemoteDisconnected("Remote end closed connection without"
http.client.RemoteDisconnected: Remote end closed connection without response

During handling of the above exception, another exception occurred:

Traceback (most recent call last):
  File "/home/studentyl/anaconda3/lib/python3.6/site-packages/requests/adapters.py", line 438, in send
    timeout=timeout
  File "/home/studentyl/anaconda3/lib/python3.6/site-packages/requests/packages/urllib3/connectionpool.py", line 649, in urlopen
    _stacktrace=sys.exc_info()[2])
  File "/home/studentyl/anaconda3/lib/python3.6/site-packages/requests/packages/urllib3/util/retry.py", line 357, in increment
    raise six.reraise(type(error), error, _stacktrace)
  File "/home/studentyl/anaconda3/lib/python3.6/site-packages/requests/packages/urllib3/packages/six.py", line 685, in reraise
    raise value.with_traceback(tb)
  File "/home/studentyl/anaconda3/lib/python3.6/site-packages/requests/packages/urllib3/connectionpool.py", line 600, in urlopen
    chunked=chunked)
  File "/home/studentyl/anaconda3/lib/python3.6/site-packages/requests/packages/urllib3/connectionpool.py", line 386, in _make_request
    six.raise_from(e, None)
  File "<string>", line 2, in raise_from
  File "/home/studentyl/anaconda3/lib/python3.6/site-packages/requests/packages/urllib3/connectionpool.py", line 382, in _make_request
    httplib_response = conn.getresponse()
  File "/home/studentyl/anaconda3/lib/python3.6/http/client.py", line 1331, in getresponse
    response.begin()
  File "/home/studentyl/anaconda3/lib/python3.6/http/client.py", line 297, in begin
    version, status, reason = self._read_status()
  File "/home/studentyl/anaconda3/lib/python3.6/http/client.py", line 266, in _read_status
    raise RemoteDisconnected("Remote end closed connection without"
requests.packages.urllib3.exceptions.ProtocolError: ('Connection aborted.', RemoteDisconnected('Remote end closed connection without response',))

During handling of the above exception, another exception occurred:

Traceback (most recent call last):
  File "./crawler.py", line 177, in <module>
    main(sys.argv[1:])
  File "./crawler.py", line 158, in main
    downloadForum(forumName, startPage, pages)
  File "./crawler.py", line 140, in downloadForum
    downloadPage(str(articleCount), forumName, pageNum, 'https://www.ptt.cc'+link)
  File "./crawler.py", line 82, in downloadPage
    pageText = getPageText(link)
  File "./crawler.py", line 13, in getPageText
    pageText=requests.get(link, cookies={'over18':'1'}).text
  File "/home/studentyl/anaconda3/lib/python3.6/site-packages/requests/api.py", line 72, in get
    return request('get', url, params=params, **kwargs)
  File "/home/studentyl/anaconda3/lib/python3.6/site-packages/requests/api.py", line 58, in request
    return session.request(method=method, url=url, **kwargs)
  File "/home/studentyl/anaconda3/lib/python3.6/site-packages/requests/sessions.py", line 518, in request
    resp = self.send(prep, **send_kwargs)
  File "/home/studentyl/anaconda3/lib/python3.6/site-packages/requests/sessions.py", line 639, in send
    r = adapter.send(request, **kwargs)
  File "/home/studentyl/anaconda3/lib/python3.6/site-packages/requests/adapters.py", line 488, in send
    raise ConnectionError(err, request=request)
requests.exceptions.ConnectionError: ('Connection aborted.', RemoteDisconnected('Remote end closed connection without response',))
