page 22150
/bbs/Gossiping/M.1496375243.A.BE2.html download to ptt/Gossiping/22150_0.txt, time: 3.800000
/bbs/Gossiping/M.1496375277.A.6D9.html download to ptt/Gossiping/22150_1.txt, time: 3.900000
/bbs/Gossiping/M.1496375295.A.B84.html download to ptt/Gossiping/22150_2.txt, time: 3.430000
/bbs/Gossiping/M.1496375301.A.8FA.html download to ptt/Gossiping/22150_3.txt, time: 4.530000
/bbs/Gossiping/M.1496375310.A.ABA.html download to ptt/Gossiping/22150_4.txt, time: 4.630000
/bbs/Gossiping/M.1496375320.A.978.html download to ptt/Gossiping/22150_5.txt, time: 4.410000
/bbs/Gossiping/M.1496375333.A.4D0.html download to ptt/Gossiping/22150_6.txt, time: 8.240000
/bbs/Gossiping/M.1496375343.A.0FC.html download to ptt/Gossiping/22150_7.txt, time: 4.860000
/bbs/Gossiping/M.1496375350.A.371.html download to ptt/Gossiping/22150_8.txt, time: 5.780000
/bbs/Gossiping/M.1496375359.A.6C8.html download to ptt/Gossiping/22150_9.txt, time: 3.470000
/bbs/Gossiping/M.1496375368.A.BFE.html download to ptt/Gossiping/22150_10.txt, time: 4.190000
/bbs/Gossiping/M.1496375408.A.755.html download to ptt/Gossiping/22150_11.txt, time: 5.480000
/bbs/Gossiping/M.1496375416.A.1BB.html download to ptt/Gossiping/22150_12.txt, time: 8.670000
/bbs/Gossiping/M.1496375424.A.FF6.html download to ptt/Gossiping/22150_13.txt, time: 4.350000
empty download to ptt/Gossiping/22150_14.txt, time: 0.000000
/bbs/Gossiping/M.1496375471.A.223.html download to ptt/Gossiping/22150_15.txt, time: 4.570000
/bbs/Gossiping/M.1496375503.A.6AE.html download to ptt/Gossiping/22150_16.txt, time: 4.150000
/bbs/Gossiping/M.1496375559.A.82C.html download to ptt/Gossiping/22150_17.txt, time: 5.460000
/bbs/Gossiping/M.1496375566.A.57C.html download to ptt/Gossiping/22150_18.txt, time: 7.200000
/bbs/Gossiping/M.1496375570.A.6F5.html download to ptt/Gossiping/22150_19.txt, time: 4.860000
page 22149
/bbs/Gossiping/M.1496374993.A.F38.html download to ptt/Gossiping/22149_0.txt, time: 4.960000
/bbs/Gossiping/M.1496375007.A.966.html download to ptt/Gossiping/22149_1.txt, time: 5.630000
/bbs/Gossiping/M.1496375008.A.B3B.html download to ptt/Gossiping/22149_2.txt, time: 4.780000
/bbs/Gossiping/M.1496375025.A.165.html download to ptt/Gossiping/22149_3.txt, time: 4.910000
/bbs/Gossiping/M.1496375046.A.785.html download to ptt/Gossiping/22149_4.txt, time: 3.950000
/bbs/Gossiping/M.1496375061.A.C41.html download to ptt/Gossiping/22149_5.txt, time: 4.870000
/bbs/Gossiping/M.1496375080.A.831.html download to ptt/Gossiping/22149_6.txt, time: 5.800000
/bbs/Gossiping/M.1496375084.A.3FE.html download to ptt/Gossiping/22149_7.txt, time: 3.920000
/bbs/Gossiping/M.1496375089.A.843.html download to ptt/Gossiping/22149_8.txt, time: 6.110000
/bbs/Gossiping/M.1496375097.A.CD1.html download to ptt/Gossiping/22149_9.txt, time: 7.070000
/bbs/Gossiping/M.1496375107.A.C48.html download to ptt/Gossiping/22149_10.txt, time: 6.260000
/bbs/Gossiping/M.1496375112.A.750.html download to ptt/Gossiping/22149_11.txt, time: 3.600000
/bbs/Gossiping/M.1496375161.A.4FB.html download to ptt/Gossiping/22149_12.txt, time: 3.840000
/bbs/Gossiping/M.1496375163.A.C76.html download to ptt/Gossiping/22149_13.txt, time: 3.510000
/bbs/Gossiping/M.1496375193.A.F35.html download to ptt/Gossiping/22149_14.txt, time: 6.670000
/bbs/Gossiping/M.1496375196.A.97D.html download to ptt/Gossiping/22149_15.txt, time: 4.620000
/bbs/Gossiping/M.1496375220.A.121.html download to ptt/Gossiping/22149_16.txt, time: 4.450000
/bbs/Gossiping/M.1496375223.A.409.html download to ptt/Gossiping/22149_17.txt, time: 4.110000
/bbs/Gossiping/M.1496375233.A.4FA.html download to ptt/Gossiping/22149_18.txt, time: 5.230000
/bbs/Gossiping/M.1496375240.A.12E.html download to ptt/Gossiping/22149_19.txt, time: 4.490000
page 22148
/bbs/Gossiping/M.1496374723.A.70D.html download to ptt/Gossiping/22148_0.txt, time: 9.290000
/bbs/Gossiping/M.1496374733.A.6FE.html download to ptt/Gossiping/22148_1.txt, time: 3.900000
/bbs/Gossiping/M.1496374747.A.7F0.html download to ptt/Gossiping/22148_2.txt, time: 15.560000
/bbs/Gossiping/M.1496374770.A.578.html download to ptt/Gossiping/22148_3.txt, time: 6.440000
/bbs/Gossiping/M.1496374788.A.8D5.html download to ptt/Gossiping/22148_4.txt, time: 5.340000
/bbs/Gossiping/M.1496374795.A.854.html download to ptt/Gossiping/22148_5.txt, time: 7.140000
/bbs/Gossiping/M.1496374798.A.20C.html download to ptt/Gossiping/22148_6.txt, time: 7.770000
/bbs/Gossiping/M.1496374822.A.A58.html download to ptt/Gossiping/22148_7.txt, time: 5.850000
/bbs/Gossiping/M.1496374828.A.8AF.html download to ptt/Gossiping/22148_8.txt, time: 5.990000
/bbs/Gossiping/M.1496374851.A.3D1.html download to ptt/Gossiping/22148_9.txt, time: 4.520000
/bbs/Gossiping/M.1496374872.A.F2A.html download to ptt/Gossiping/22148_10.txt, time: 6.070000
/bbs/Gossiping/M.1496374898.A.935.html download to ptt/Gossiping/22148_11.txt, time: 3.680000
/bbs/Gossiping/M.1496374913.A.828.html download to ptt/Gossiping/22148_12.txt, time: 4.580000
/bbs/Gossiping/M.1496374922.A.A5B.html download to ptt/Gossiping/22148_13.txt, time: 10.420000
/bbs/Gossiping/M.1496374931.A.244.html download to ptt/Gossiping/22148_14.txt, time: 6.200000
/bbs/Gossiping/M.1496374952.A.FD9.html download to ptt/Gossiping/22148_15.txt, time: 3.480000
/bbs/Gossiping/M.1496374968.A.91A.html download to ptt/Gossiping/22148_16.txt, time: 4.120000
/bbs/Gossiping/M.1496374974.A.A9E.html download to ptt/Gossiping/22148_17.txt, time: 5.410000
/bbs/Gossiping/M.1496374993.A.024.html download to ptt/Gossiping/22148_18.txt, time: 2.990000
/bbs/Gossiping/M.1496374993.A.103.html download to ptt/Gossiping/22148_19.txt, time: 3.990000
page 22147
/bbs/Gossiping/M.1496374350.A.E11.html download to ptt/Gossiping/22147_0.txt, time: 4.600000
/bbs/Gossiping/M.1496374379.A.053.html download to ptt/Gossiping/22147_1.txt, time: 3.850000
/bbs/Gossiping/M.1496374407.A.78D.html download to ptt/Gossiping/22147_2.txt, time: 4.910000
/bbs/Gossiping/M.1496374416.A.856.html download to ptt/Gossiping/22147_3.txt, time: 4.460000
/bbs/Gossiping/M.1496374419.A.892.html download to ptt/Gossiping/22147_4.txt, time: 3.970000
/bbs/Gossiping/M.1496374467.A.102.html download to ptt/Gossiping/22147_5.txt, time: 7.510000
/bbs/Gossiping/M.1496374474.A.A27.html download to ptt/Gossiping/22147_6.txt, time: 5.050000
/bbs/Gossiping/M.1496374489.A.A5B.html download to ptt/Gossiping/22147_7.txt, time: 4.960000
/bbs/Gossiping/M.1496374503.A.DE8.html download to ptt/Gossiping/22147_8.txt, time: 4.140000
/bbs/Gossiping/M.1496374570.A.7BC.html download to ptt/Gossiping/22147_9.txt, time: 3.830000
/bbs/Gossiping/M.1496374570.A.FFE.html download to ptt/Gossiping/22147_10.txt, time: 4.090000
/bbs/Gossiping/M.1496374578.A.F70.html download to ptt/Gossiping/22147_11.txt, time: 3.380000
/bbs/Gossiping/M.1496374594.A.6B3.html download to ptt/Gossiping/22147_12.txt, time: 3.990000
/bbs/Gossiping/M.1496374596.A.789.html download to ptt/Gossiping/22147_13.txt, time: 3.840000
/bbs/Gossiping/M.1496374605.A.9B3.html download to ptt/Gossiping/22147_14.txt, time: 3.450000
/bbs/Gossiping/M.1496374610.A.18C.html download to ptt/Gossiping/22147_15.txt, time: 5.130000
/bbs/Gossiping/M.1496374616.A.9CF.html download to ptt/Gossiping/22147_16.txt, time: 7.400000
/bbs/Gossiping/M.1496374645.A.6B2.html download to ptt/Gossiping/22147_17.txt, time: 5.020000
/bbs/Gossiping/M.1496374694.A.F31.html download to ptt/Gossiping/22147_18.txt, time: 4.380000
/bbs/Gossiping/M.1496374711.A.FEE.html download to ptt/Gossiping/22147_19.txt, time: 4.490000
page 22146
/bbs/Gossiping/M.1496373900.A.F10.html download to ptt/Gossiping/22146_0.txt, time: 4.040000
/bbs/Gossiping/M.1496373902.A.668.html download to ptt/Gossiping/22146_1.txt, time: 5.210000
/bbs/Gossiping/M.1496373940.A.0E9.html download to ptt/Gossiping/22146_2.txt, time: 2.780000
/bbs/Gossiping/M.1496373941.A.22C.html download to ptt/Gossiping/22146_3.txt, time: 4.240000
/bbs/Gossiping/M.1496373977.A.1F3.html download to ptt/Gossiping/22146_4.txt, time: 2.970000
/bbs/Gossiping/M.1496374012.A.75C.html download to ptt/Gossiping/22146_5.txt, time: 4.390000
/bbs/Gossiping/M.1496374015.A.28C.html download to ptt/Gossiping/22146_6.txt, time: 2.840000
/bbs/Gossiping/M.1496374023.A.487.html download to ptt/Gossiping/22146_7.txt, time: 3.960000
/bbs/Gossiping/M.1496374035.A.088.html download to ptt/Gossiping/22146_8.txt, time: 4.560000
/bbs/Gossiping/M.1496374046.A.2A5.html download to ptt/Gossiping/22146_9.txt, time: 2.660000
/bbs/Gossiping/M.1496374054.A.4F1.html download to ptt/Gossiping/22146_10.txt, time: 3.020000
/bbs/Gossiping/M.1496374087.A.2FA.html download to ptt/Gossiping/22146_11.txt, time: 2.930000
/bbs/Gossiping/M.1496374089.A.D46.html download to ptt/Gossiping/22146_12.txt, time: 2.800000
/bbs/Gossiping/M.1496374121.A.7F0.html download to ptt/Gossiping/22146_13.txt, time: 3.170000
/bbs/Gossiping/M.1496374122.A.B26.html download to ptt/Gossiping/22146_14.txt, time: 3.260000
/bbs/Gossiping/M.1496374138.A.ACF.html download to ptt/Gossiping/22146_15.txt, time: 3.570000
/bbs/Gossiping/M.1496374162.A.F55.html download to ptt/Gossiping/22146_16.txt, time: 3.270000
/bbs/Gossiping/M.1496374172.A.E4E.html download to ptt/Gossiping/22146_17.txt, time: 4.150000
empty download to ptt/Gossiping/22146_18.txt, time: 0.000000
/bbs/Gossiping/M.1496374317.A.F83.html download to ptt/Gossiping/22146_19.txt, time: 3.180000
time: 539.3939394950867 seconds
