page 22160
/bbs/Gossiping/M.1496378569.A.AB7.html download to ptt/Gossiping/22160_0.txt, time: 5.260000
/bbs/Gossiping/M.1496378571.A.3F4.html download to ptt/Gossiping/22160_1.txt, time: 5.160000
/bbs/Gossiping/M.1496378579.A.D7A.html download to ptt/Gossiping/22160_2.txt, time: 6.110000
/bbs/Gossiping/M.1496378580.A.B52.html download to ptt/Gossiping/22160_3.txt, time: 5.640000
/bbs/Gossiping/M.1496378585.A.CAA.html download to ptt/Gossiping/22160_4.txt, time: 3.310000
/bbs/Gossiping/M.1496378626.A.2AE.html download to ptt/Gossiping/22160_5.txt, time: 6.900000
/bbs/Gossiping/M.1496378650.A.991.html download to ptt/Gossiping/22160_6.txt, time: 3.570000
/bbs/Gossiping/M.1496378652.A.A90.html download to ptt/Gossiping/22160_7.txt, time: 4.760000
/bbs/Gossiping/M.1496378673.A.9DD.html download to ptt/Gossiping/22160_8.txt, time: 8.090000
/bbs/Gossiping/M.1496378698.A.55D.html download to ptt/Gossiping/22160_9.txt, time: 3.590000
/bbs/Gossiping/M.1496378702.A.C63.html download to ptt/Gossiping/22160_10.txt, time: 3.760000
/bbs/Gossiping/M.1496378792.A.AF0.html download to ptt/Gossiping/22160_11.txt, time: 4.370000
/bbs/Gossiping/M.1496378823.A.3C9.html download to ptt/Gossiping/22160_12.txt, time: 4.800000
/bbs/Gossiping/M.1496378832.A.B5D.html download to ptt/Gossiping/22160_13.txt, time: 4.390000
/bbs/Gossiping/M.1496378832.A.1C3.html download to ptt/Gossiping/22160_14.txt, time: 4.480000
/bbs/Gossiping/M.1496378842.A.6F0.html download to ptt/Gossiping/22160_15.txt, time: 6.270000
/bbs/Gossiping/M.1496378890.A.A2D.html download to ptt/Gossiping/22160_16.txt, time: 5.380000
/bbs/Gossiping/M.1496378896.A.232.html download to ptt/Gossiping/22160_17.txt, time: 5.260000
/bbs/Gossiping/M.1496378906.A.74F.html download to ptt/Gossiping/22160_18.txt, time: 3.700000
/bbs/Gossiping/M.1496378916.A.79C.html download to ptt/Gossiping/22160_19.txt, time: 3.350000
page 22159
/bbs/Gossiping/M.1496378286.A.EA7.html download to ptt/Gossiping/22159_0.txt, time: 4.820000
/bbs/Gossiping/M.1496378289.A.D21.html download to ptt/Gossiping/22159_1.txt, time: 6.030000
/bbs/Gossiping/M.1496378316.A.2A6.html download to ptt/Gossiping/22159_2.txt, time: 5.840000
/bbs/Gossiping/M.1496378323.A.89D.html download to ptt/Gossiping/22159_3.txt, time: 3.490000
/bbs/Gossiping/M.1496378383.A.EA1.html download to ptt/Gossiping/22159_4.txt, time: 5.250000
/bbs/Gossiping/M.1496378389.A.5CF.html download to ptt/Gossiping/22159_5.txt, time: 3.910000
/bbs/Gossiping/M.1496378395.A.AAF.html download to ptt/Gossiping/22159_6.txt, time: 5.780000
/bbs/Gossiping/M.1496378395.A.514.html download to ptt/Gossiping/22159_7.txt, time: 5.080000
/bbs/Gossiping/M.1496378415.A.22B.html download to ptt/Gossiping/22159_8.txt, time: 3.630000
/bbs/Gossiping/M.1496378420.A.3F0.html download to ptt/Gossiping/22159_9.txt, time: 5.120000
/bbs/Gossiping/M.1496378430.A.E6C.html download to ptt/Gossiping/22159_10.txt, time: 3.790000
/bbs/Gossiping/M.1496378444.A.004.html download to ptt/Gossiping/22159_11.txt, time: 5.630000
/bbs/Gossiping/M.1496378447.A.485.html download to ptt/Gossiping/22159_12.txt, time: 4.210000
/bbs/Gossiping/M.1496378461.A.F38.html download to ptt/Gossiping/22159_13.txt, time: 3.550000
/bbs/Gossiping/M.1496378480.A.5E1.html download to ptt/Gossiping/22159_14.txt, time: 4.870000
/bbs/Gossiping/M.1496378503.A.30D.html download to ptt/Gossiping/22159_15.txt, time: 4.540000
/bbs/Gossiping/M.1496378533.A.752.html download to ptt/Gossiping/22159_16.txt, time: 5.550000
/bbs/Gossiping/M.1496378534.A.E58.html download to ptt/Gossiping/22159_17.txt, time: 3.630000
/bbs/Gossiping/M.1496378557.A.F75.html download to ptt/Gossiping/22159_18.txt, time: 5.620000
/bbs/Gossiping/M.1496378562.A.2C3.html download to ptt/Gossiping/22159_19.txt, time: 7.290000
page 22158
/bbs/Gossiping/M.1496378006.A.A75.html download to ptt/Gossiping/22158_0.txt, time: 4.880000
/bbs/Gossiping/M.1496378013.A.C44.html download to ptt/Gossiping/22158_1.txt, time: 5.280000
/bbs/Gossiping/M.1496378016.A.055.html download to ptt/Gossiping/22158_2.txt, time: 4.500000
/bbs/Gossiping/M.1496378029.A.BE8.html download to ptt/Gossiping/22158_3.txt, time: 5.270000
/bbs/Gossiping/M.1496378051.A.18F.html download to ptt/Gossiping/22158_4.txt, time: 4.310000
/bbs/Gossiping/M.1496378065.A.4A2.html download to ptt/Gossiping/22158_5.txt, time: 4.850000
/bbs/Gossiping/M.1496378113.A.D36.html download to ptt/Gossiping/22158_6.txt, time: 4.520000
/bbs/Gossiping/M.1496378116.A.A45.html download to ptt/Gossiping/22158_7.txt, time: 10.310000
/bbs/Gossiping/M.1496378147.A.867.html download to ptt/Gossiping/22158_8.txt, time: 16.300000
/bbs/Gossiping/M.1496378154.A.A7C.html download to ptt/Gossiping/22158_9.txt, time: 8.930000
/bbs/Gossiping/M.1496378167.A.9B5.html download to ptt/Gossiping/22158_10.txt, time: 5.060000
/bbs/Gossiping/M.1496378196.A.76B.html download to ptt/Gossiping/22158_11.txt, time: 4.840000
/bbs/Gossiping/M.1496378204.A.980.html download to ptt/Gossiping/22158_12.txt, time: 8.780000
/bbs/Gossiping/M.1496378217.A.64C.html download to ptt/Gossiping/22158_13.txt, time: 9.580000
/bbs/Gossiping/M.1496378245.A.64E.html download to ptt/Gossiping/22158_14.txt, time: 5.620000
/bbs/Gossiping/M.1496378245.A.7E2.html download to ptt/Gossiping/22158_15.txt, time: 13.130000
/bbs/Gossiping/M.1496378250.A.EDD.html download to ptt/Gossiping/22158_16.txt, time: 4.700000
/bbs/Gossiping/M.1496378252.A.5AB.html download to ptt/Gossiping/22158_17.txt, time: 13.790000
/bbs/Gossiping/M.1496378261.A.80B.html download to ptt/Gossiping/22158_18.txt, time: 3.800000
/bbs/Gossiping/M.1496378271.A.EF1.html download to ptt/Gossiping/22158_19.txt, time: 3.310000
page 22157
/bbs/Gossiping/M.1496377585.A.775.html download to ptt/Gossiping/22157_0.txt, time: 3.590000
/bbs/Gossiping/M.1496377596.A.D40.html download to ptt/Gossiping/22157_1.txt, time: 3.980000
/bbs/Gossiping/M.1496377598.A.03D.html download to ptt/Gossiping/22157_2.txt, time: 3.880000
/bbs/Gossiping/M.1496377612.A.D91.html download to ptt/Gossiping/22157_3.txt, time: 3.540000
/bbs/Gossiping/M.1496377636.A.ECE.html download to ptt/Gossiping/22157_4.txt, time: 3.130000
/bbs/Gossiping/M.1496377668.A.3B1.html download to ptt/Gossiping/22157_5.txt, time: 4.420000
/bbs/Gossiping/M.1496377680.A.B66.html download to ptt/Gossiping/22157_6.txt, time: 3.860000
/bbs/Gossiping/M.1496377697.A.E00.html download to ptt/Gossiping/22157_7.txt, time: 3.050000
/bbs/Gossiping/M.1496377700.A.686.html download to ptt/Gossiping/22157_8.txt, time: 3.470000
/bbs/Gossiping/M.1496377730.A.2CA.html download to ptt/Gossiping/22157_9.txt, time: 4.060000
/bbs/Gossiping/M.1496377759.A.F58.html download to ptt/Gossiping/22157_10.txt, time: 4.240000
/bbs/Gossiping/M.1496377763.A.076.html download to ptt/Gossiping/22157_11.txt, time: 4.960000
/bbs/Gossiping/M.1496377776.A.F78.html download to ptt/Gossiping/22157_12.txt, time: 4.340000
/bbs/Gossiping/M.1496377800.A.EBF.html download to ptt/Gossiping/22157_13.txt, time: 3.610000
/bbs/Gossiping/M.1496377810.A.029.html download to ptt/Gossiping/22157_14.txt, time: 4.500000
/bbs/Gossiping/M.1496377816.A.364.html download to ptt/Gossiping/22157_15.txt, time: 5.670000
/bbs/Gossiping/M.1496377817.A.883.html download to ptt/Gossiping/22157_16.txt, time: 4.350000
/bbs/Gossiping/M.1496377903.A.69E.html download to ptt/Gossiping/22157_17.txt, time: 4.250000
/bbs/Gossiping/M.1496377971.A.458.html download to ptt/Gossiping/22157_18.txt, time: 4.220000
/bbs/Gossiping/M.1496377983.A.0BD.html download to ptt/Gossiping/22157_19.txt, time: 6.750000
page 22156
/bbs/Gossiping/M.1496377283.A.400.html download to ptt/Gossiping/22156_0.txt, time: 3.580000
/bbs/Gossiping/M.1496377297.A.08B.html download to ptt/Gossiping/22156_1.txt, time: 3.670000
/bbs/Gossiping/M.1496377322.A.575.html download to ptt/Gossiping/22156_2.txt, time: 4.290000
/bbs/Gossiping/M.1496377329.A.9CA.html download to ptt/Gossiping/22156_3.txt, time: 2.970000
/bbs/Gossiping/M.1496377336.A.BD7.html download to ptt/Gossiping/22156_4.txt, time: 5.000000
/bbs/Gossiping/M.1496377341.A.BF9.html download to ptt/Gossiping/22156_5.txt, time: 3.370000
/bbs/Gossiping/M.1496377383.A.489.html download to ptt/Gossiping/22156_6.txt, time: 3.980000
/bbs/Gossiping/M.1496377388.A.034.html download to ptt/Gossiping/22156_7.txt, time: 5.050000
/bbs/Gossiping/M.1496377394.A.D3A.html download to ptt/Gossiping/22156_8.txt, time: 4.070000
/bbs/Gossiping/M.1496377408.A.C21.html download to ptt/Gossiping/22156_9.txt, time: 3.230000
/bbs/Gossiping/M.1496377421.A.811.html download to ptt/Gossiping/22156_10.txt, time: 3.710000
/bbs/Gossiping/M.1496377489.A.7C2.html download to ptt/Gossiping/22156_11.txt, time: 3.780000
/bbs/Gossiping/M.1496377498.A.277.html download to ptt/Gossiping/22156_12.txt, time: 3.650000
/bbs/Gossiping/M.1496377501.A.289.html download to ptt/Gossiping/22156_13.txt, time: 3.410000
/bbs/Gossiping/M.1496377506.A.1DF.html download to ptt/Gossiping/22156_14.txt, time: 3.190000
/bbs/Gossiping/M.1496377508.A.82A.html download to ptt/Gossiping/22156_15.txt, time: 3.380000
/bbs/Gossiping/M.1496377511.A.A58.html download to ptt/Gossiping/22156_16.txt, time: 5.050000
/bbs/Gossiping/M.1496377514.A.04A.html download to ptt/Gossiping/22156_17.txt, time: 3.090000
/bbs/Gossiping/M.1496377524.A.8FF.html download to ptt/Gossiping/22156_18.txt, time: 2.840000
/bbs/Gossiping/M.1496377554.A.2D0.html download to ptt/Gossiping/22156_19.txt, time: 4.310000
time: 550.8095302581787 seconds
