page 22170
/bbs/Gossiping/M.1496381812.A.F04.html download to ptt/Gossiping/22170_0.txt, time: 6.330000
/bbs/Gossiping/M.1496381815.A.F7A.html download to ptt/Gossiping/22170_1.txt, time: 4.470000
/bbs/Gossiping/M.1496381840.A.493.html download to ptt/Gossiping/22170_2.txt, time: 4.990000
/bbs/Gossiping/M.1496381856.A.761.html download to ptt/Gossiping/22170_3.txt, time: 3.460000
/bbs/Gossiping/M.1496381941.A.2EA.html download to ptt/Gossiping/22170_4.txt, time: 4.540000
/bbs/Gossiping/M.1496381952.A.3B8.html download to ptt/Gossiping/22170_5.txt, time: 8.550000
/bbs/Gossiping/M.1496381956.A.694.html download to ptt/Gossiping/22170_6.txt, time: 4.650000
/bbs/Gossiping/M.1496381992.A.8DA.html download to ptt/Gossiping/22170_7.txt, time: 4.600000
/bbs/Gossiping/M.1496382068.A.556.html download to ptt/Gossiping/22170_8.txt, time: 4.540000
/bbs/Gossiping/M.1496382082.A.B31.html download to ptt/Gossiping/22170_9.txt, time: 5.770000
/bbs/Gossiping/M.1496382083.A.3DE.html download to ptt/Gossiping/22170_10.txt, time: 5.130000
/bbs/Gossiping/M.1496382143.A.348.html download to ptt/Gossiping/22170_11.txt, time: 8.340000
/bbs/Gossiping/M.1496382154.A.855.html download to ptt/Gossiping/22170_12.txt, time: 5.440000
/bbs/Gossiping/M.1496382192.A.885.html download to ptt/Gossiping/22170_13.txt, time: 4.180000
/bbs/Gossiping/M.1496382230.A.ECA.html download to ptt/Gossiping/22170_14.txt, time: 5.470000
/bbs/Gossiping/M.1496382231.A.C9B.html download to ptt/Gossiping/22170_15.txt, time: 6.120000
/bbs/Gossiping/M.1496382237.A.2AA.html download to ptt/Gossiping/22170_16.txt, time: 4.650000
/bbs/Gossiping/M.1496382252.A.E72.html download to ptt/Gossiping/22170_17.txt, time: 4.720000
/bbs/Gossiping/M.1496382256.A.E78.html download to ptt/Gossiping/22170_18.txt, time: 5.740000
/bbs/Gossiping/M.1496382267.A.2FF.html download to ptt/Gossiping/22170_19.txt, time: 4.540000
page 22169
/bbs/Gossiping/M.1496381472.A.7BF.html download to ptt/Gossiping/22169_0.txt, time: 4.520000
/bbs/Gossiping/M.1496381502.A.6C3.html download to ptt/Gossiping/22169_1.txt, time: 4.330000
/bbs/Gossiping/M.1496381533.A.878.html download to ptt/Gossiping/22169_2.txt, time: 5.760000
/bbs/Gossiping/M.1496381600.A.DD1.html download to ptt/Gossiping/22169_3.txt, time: 5.050000
/bbs/Gossiping/M.1496381619.A.1E9.html download to ptt/Gossiping/22169_4.txt, time: 4.190000
/bbs/Gossiping/M.1496381623.A.2ED.html download to ptt/Gossiping/22169_5.txt, time: 4.830000
/bbs/Gossiping/M.1496381644.A.EFE.html download to ptt/Gossiping/22169_6.txt, time: 6.950000
/bbs/Gossiping/M.1496381644.A.51C.html download to ptt/Gossiping/22169_7.txt, time: 5.930000
/bbs/Gossiping/M.1496381688.A.23A.html download to ptt/Gossiping/22169_8.txt, time: 5.250000
/bbs/Gossiping/M.1496381693.A.BEA.html download to ptt/Gossiping/22169_9.txt, time: 4.220000
/bbs/Gossiping/M.1496381696.A.230.html download to ptt/Gossiping/22169_10.txt, time: 4.010000
/bbs/Gossiping/M.1496381720.A.EF6.html download to ptt/Gossiping/22169_11.txt, time: 5.090000
/bbs/Gossiping/M.1496381726.A.451.html download to ptt/Gossiping/22169_12.txt, time: 6.030000
/bbs/Gossiping/M.1496381734.A.CE9.html download to ptt/Gossiping/22169_13.txt, time: 5.150000
/bbs/Gossiping/M.1496381750.A.070.html download to ptt/Gossiping/22169_14.txt, time: 5.590000
/bbs/Gossiping/M.1496381752.A.770.html download to ptt/Gossiping/22169_15.txt, time: 6.180000
/bbs/Gossiping/M.1496381757.A.1A5.html download to ptt/Gossiping/22169_16.txt, time: 7.260000
/bbs/Gossiping/M.1496381774.A.370.html download to ptt/Gossiping/22169_17.txt, time: 4.840000
/bbs/Gossiping/M.1496381792.A.F75.html download to ptt/Gossiping/22169_18.txt, time: 6.000000
/bbs/Gossiping/M.1496381803.A.F34.html download to ptt/Gossiping/22169_19.txt, time: 8.650000
page 22168
/bbs/Gossiping/M.1496381131.A.329.html download to ptt/Gossiping/22168_0.txt, time: 4.400000
/bbs/Gossiping/M.1496381144.A.B93.html download to ptt/Gossiping/22168_1.txt, time: 5.210000
/bbs/Gossiping/M.1496381165.A.558.html download to ptt/Gossiping/22168_2.txt, time: 3.630000
/bbs/Gossiping/M.1496381165.A.792.html download to ptt/Gossiping/22168_3.txt, time: 11.300000
/bbs/Gossiping/M.1496381190.A.F8E.html download to ptt/Gossiping/22168_4.txt, time: 11.210000
/bbs/Gossiping/M.1496381220.A.944.html download to ptt/Gossiping/22168_5.txt, time: 7.200000
empty download to ptt/Gossiping/22168_6.txt, time: 0.000000
/bbs/Gossiping/M.1496381236.A.B4C.html download to ptt/Gossiping/22168_7.txt, time: 6.200000
/bbs/Gossiping/M.1496381238.A.EBE.html download to ptt/Gossiping/22168_8.txt, time: 3.650000
/bbs/Gossiping/M.1496381244.A.4E2.html download to ptt/Gossiping/22168_9.txt, time: 8.240000
/bbs/Gossiping/M.1496381271.A.840.html download to ptt/Gossiping/22168_10.txt, time: 3.550000
/bbs/Gossiping/M.1496381284.A.EAC.html download to ptt/Gossiping/22168_11.txt, time: 10.710000
/bbs/Gossiping/M.1496381289.A.209.html download to ptt/Gossiping/22168_12.txt, time: 4.360000
/bbs/Gossiping/M.1496381329.A.F9D.html download to ptt/Gossiping/22168_13.txt, time: 3.550000
/bbs/Gossiping/M.1496381343.A.5B6.html download to ptt/Gossiping/22168_14.txt, time: 12.980000
/bbs/Gossiping/M.1496381360.A.53C.html download to ptt/Gossiping/22168_15.txt, time: 3.290000
/bbs/Gossiping/M.1496381404.A.1B4.html download to ptt/Gossiping/22168_16.txt, time: 3.730000
/bbs/Gossiping/M.1496381408.A.AF0.html download to ptt/Gossiping/22168_17.txt, time: 4.740000
/bbs/Gossiping/M.1496381420.A.B1C.html download to ptt/Gossiping/22168_18.txt, time: 4.770000
/bbs/Gossiping/M.1496381426.A.AF2.html download to ptt/Gossiping/22168_19.txt, time: 3.630000
page 22167
/bbs/Gossiping/M.1496380891.A.37E.html download to ptt/Gossiping/22167_0.txt, time: 3.100000
/bbs/Gossiping/M.1496380917.A.EA2.html download to ptt/Gossiping/22167_1.txt, time: 4.020000
/bbs/Gossiping/M.1496380937.A.39C.html download to ptt/Gossiping/22167_2.txt, time: 4.740000
/bbs/Gossiping/M.1496380955.A.B41.html download to ptt/Gossiping/22167_3.txt, time: 4.600000
/bbs/Gossiping/M.1496380986.A.18C.html download to ptt/Gossiping/22167_4.txt, time: 3.540000
/bbs/Gossiping/M.1496380987.A.26B.html download to ptt/Gossiping/22167_5.txt, time: 4.670000
/bbs/Gossiping/M.1496380992.A.C98.html download to ptt/Gossiping/22167_6.txt, time: 3.260000
/bbs/Gossiping/M.1496380993.A.FD6.html download to ptt/Gossiping/22167_7.txt, time: 4.870000
/bbs/Gossiping/M.1496381002.A.61C.html download to ptt/Gossiping/22167_8.txt, time: 4.510000
/bbs/Gossiping/M.1496381032.A.EE6.html download to ptt/Gossiping/22167_9.txt, time: 3.310000
/bbs/Gossiping/M.1496381041.A.D58.html download to ptt/Gossiping/22167_10.txt, time: 3.380000
/bbs/Gossiping/M.1496381049.A.0F6.html download to ptt/Gossiping/22167_11.txt, time: 3.350000
/bbs/Gossiping/M.1496381051.A.F69.html download to ptt/Gossiping/22167_12.txt, time: 3.180000
/bbs/Gossiping/M.1496381058.A.6FB.html download to ptt/Gossiping/22167_13.txt, time: 2.900000
/bbs/Gossiping/M.1496381078.A.9B1.html download to ptt/Gossiping/22167_14.txt, time: 3.890000
/bbs/Gossiping/M.1496381084.A.7F7.html download to ptt/Gossiping/22167_15.txt, time: 3.170000
/bbs/Gossiping/M.1496381087.A.6A7.html download to ptt/Gossiping/22167_16.txt, time: 6.450000
/bbs/Gossiping/M.1496381100.A.2BC.html download to ptt/Gossiping/22167_17.txt, time: 7.290000
/bbs/Gossiping/M.1496381105.A.BAF.html download to ptt/Gossiping/22167_18.txt, time: 3.130000
/bbs/Gossiping/M.1496381108.A.489.html download to ptt/Gossiping/22167_19.txt, time: 5.150000
page 22166
/bbs/Gossiping/M.1496380560.A.2B3.html download to ptt/Gossiping/22166_0.txt, time: 4.940000
/bbs/Gossiping/M.1496380616.A.68C.html download to ptt/Gossiping/22166_1.txt, time: 3.130000
/bbs/Gossiping/M.1496380627.A.CEC.html download to ptt/Gossiping/22166_2.txt, time: 3.540000
/bbs/Gossiping/M.1496380636.A.44B.html download to ptt/Gossiping/22166_3.txt, time: 3.110000
/bbs/Gossiping/M.1496380663.A.D1D.html download to ptt/Gossiping/22166_4.txt, time: 3.700000
/bbs/Gossiping/M.1496380684.A.77D.html download to ptt/Gossiping/22166_5.txt, time: 2.970000
/bbs/Gossiping/M.1496380686.A.AEE.html download to ptt/Gossiping/22166_6.txt, time: 3.580000
/bbs/Gossiping/M.1496380733.A.C52.html download to ptt/Gossiping/22166_7.txt, time: 3.760000
/bbs/Gossiping/M.1496380749.A.14C.html download to ptt/Gossiping/22166_8.txt, time: 4.140000
/bbs/Gossiping/M.1496380760.A.41A.html download to ptt/Gossiping/22166_9.txt, time: 4.530000
/bbs/Gossiping/M.1496380766.A.E76.html download to ptt/Gossiping/22166_10.txt, time: 4.390000
/bbs/Gossiping/M.1496380774.A.0A2.html download to ptt/Gossiping/22166_11.txt, time: 2.900000
/bbs/Gossiping/M.1496380789.A.B12.html download to ptt/Gossiping/22166_12.txt, time: 4.720000
/bbs/Gossiping/M.1496380800.A.F37.html download to ptt/Gossiping/22166_13.txt, time: 3.800000
/bbs/Gossiping/M.1496380820.A.D49.html download to ptt/Gossiping/22166_14.txt, time: 3.710000
/bbs/Gossiping/M.1496380852.A.76F.html download to ptt/Gossiping/22166_15.txt, time: 3.190000
/bbs/Gossiping/M.1496380860.A.3D5.html download to ptt/Gossiping/22166_16.txt, time: 3.470000
/bbs/Gossiping/M.1496380862.A.078.html download to ptt/Gossiping/22166_17.txt, time: 2.390000
/bbs/Gossiping/M.1496380864.A.8DD.html download to ptt/Gossiping/22166_18.txt, time: 5.750000
/bbs/Gossiping/M.1496380878.A.E79.html download to ptt/Gossiping/22166_19.txt, time: 5.570000
time: 547.7899444103241 seconds
