page 22180
/bbs/Gossiping/M.1496386422.A.BF4.html download to ptt/Gossiping/22180_0.txt, time: 5.450000
/bbs/Gossiping/M.1496386424.A.488.html download to ptt/Gossiping/22180_1.txt, time: 5.650000
/bbs/Gossiping/M.1496386429.A.B80.html download to ptt/Gossiping/22180_2.txt, time: 5.280000
/bbs/Gossiping/M.1496386469.A.3FF.html download to ptt/Gossiping/22180_3.txt, time: 5.310000
/bbs/Gossiping/M.1496386484.A.C98.html download to ptt/Gossiping/22180_4.txt, time: 5.130000
/bbs/Gossiping/M.1496386515.A.F68.html download to ptt/Gossiping/22180_5.txt, time: 4.440000
/bbs/Gossiping/M.1496386520.A.485.html download to ptt/Gossiping/22180_6.txt, time: 5.520000
/bbs/Gossiping/M.1496386603.A.F78.html download to ptt/Gossiping/22180_7.txt, time: 4.860000
/bbs/Gossiping/M.1496386704.A.C0E.html download to ptt/Gossiping/22180_8.txt, time: 4.700000
/bbs/Gossiping/M.1496386724.A.DFF.html download to ptt/Gossiping/22180_9.txt, time: 6.150000
/bbs/Gossiping/M.1496386734.A.69F.html download to ptt/Gossiping/22180_10.txt, time: 7.560000
/bbs/Gossiping/M.1496386796.A.C4F.html download to ptt/Gossiping/22180_11.txt, time: 4.690000
/bbs/Gossiping/M.1496386888.A.890.html download to ptt/Gossiping/22180_12.txt, time: 3.910000
/bbs/Gossiping/M.1496386917.A.610.html download to ptt/Gossiping/22180_13.txt, time: 4.260000
/bbs/Gossiping/M.1496386928.A.F90.html download to ptt/Gossiping/22180_14.txt, time: 4.750000
/bbs/Gossiping/M.1496386931.A.2C0.html download to ptt/Gossiping/22180_15.txt, time: 3.820000
/bbs/Gossiping/M.1496386976.A.7B8.html download to ptt/Gossiping/22180_16.txt, time: 4.090000
/bbs/Gossiping/M.1496386978.A.F99.html download to ptt/Gossiping/22180_17.txt, time: 6.790000
/bbs/Gossiping/M.1496387004.A.DB1.html download to ptt/Gossiping/22180_18.txt, time: 6.180000
/bbs/Gossiping/M.1496387016.A.46E.html download to ptt/Gossiping/22180_19.txt, time: 5.360000
page 22179
/bbs/Gossiping/M.1496386027.A.405.html download to ptt/Gossiping/22179_0.txt, time: 5.990000
/bbs/Gossiping/M.1496386052.A.008.html download to ptt/Gossiping/22179_1.txt, time: 4.960000
/bbs/Gossiping/M.1496386069.A.EEE.html download to ptt/Gossiping/22179_2.txt, time: 4.450000
/bbs/Gossiping/M.1496386076.A.C69.html download to ptt/Gossiping/22179_3.txt, time: 4.040000
/bbs/Gossiping/M.1496386098.A.829.html download to ptt/Gossiping/22179_4.txt, time: 3.290000
/bbs/Gossiping/M.1496386108.A.86D.html download to ptt/Gossiping/22179_5.txt, time: 4.300000
/bbs/Gossiping/M.1496386118.A.91B.html download to ptt/Gossiping/22179_6.txt, time: 3.970000
/bbs/Gossiping/M.1496386133.A.51B.html download to ptt/Gossiping/22179_7.txt, time: 3.320000
/bbs/Gossiping/M.1496386159.A.200.html download to ptt/Gossiping/22179_8.txt, time: 5.480000
/bbs/Gossiping/M.1496386246.A.B94.html download to ptt/Gossiping/22179_9.txt, time: 5.940000
/bbs/Gossiping/M.1496386249.A.403.html download to ptt/Gossiping/22179_10.txt, time: 3.980000
/bbs/Gossiping/M.1496386263.A.487.html download to ptt/Gossiping/22179_11.txt, time: 4.710000
empty download to ptt/Gossiping/22179_12.txt, time: 0.000000
/bbs/Gossiping/M.1496386325.A.A70.html download to ptt/Gossiping/22179_13.txt, time: 6.020000
/bbs/Gossiping/M.1496386340.A.44E.html download to ptt/Gossiping/22179_14.txt, time: 7.070000
/bbs/Gossiping/M.1496386363.A.0F0.html download to ptt/Gossiping/22179_15.txt, time: 6.230000
/bbs/Gossiping/M.1496386367.A.D5B.html download to ptt/Gossiping/22179_16.txt, time: 5.090000
/bbs/Gossiping/M.1496386373.A.DC9.html download to ptt/Gossiping/22179_17.txt, time: 5.050000
/bbs/Gossiping/M.1496386408.A.92E.html download to ptt/Gossiping/22179_18.txt, time: 5.020000
/bbs/Gossiping/M.1496386408.A.6D4.html download to ptt/Gossiping/22179_19.txt, time: 5.630000
page 22178
/bbs/Gossiping/M.1496385459.A.2A7.html download to ptt/Gossiping/22178_0.txt, time: 5.600000
/bbs/Gossiping/M.1496385472.A.305.html download to ptt/Gossiping/22178_1.txt, time: 5.710000
empty download to ptt/Gossiping/22178_2.txt, time: 0.000000
empty download to ptt/Gossiping/22178_3.txt, time: 0.000000
/bbs/Gossiping/M.1496385510.A.DDA.html download to ptt/Gossiping/22178_4.txt, time: 5.250000
/bbs/Gossiping/M.1496385519.A.163.html download to ptt/Gossiping/22178_5.txt, time: 5.480000
/bbs/Gossiping/M.1496385528.A.02D.html download to ptt/Gossiping/22178_6.txt, time: 5.690000
/bbs/Gossiping/M.1496385536.A.331.html download to ptt/Gossiping/22178_7.txt, time: 4.420000
/bbs/Gossiping/M.1496385540.A.35A.html download to ptt/Gossiping/22178_8.txt, time: 4.400000
/bbs/Gossiping/M.1496385668.A.2C3.html download to ptt/Gossiping/22178_9.txt, time: 4.770000
/bbs/Gossiping/M.1496385672.A.FEC.html download to ptt/Gossiping/22178_10.txt, time: 14.180000
/bbs/Gossiping/M.1496385715.A.41C.html download to ptt/Gossiping/22178_11.txt, time: 12.520000
/bbs/Gossiping/M.1496385717.A.45A.html download to ptt/Gossiping/22178_12.txt, time: 8.690000
/bbs/Gossiping/M.1496385757.A.507.html download to ptt/Gossiping/22178_13.txt, time: 9.980000
/bbs/Gossiping/M.1496385767.A.198.html download to ptt/Gossiping/22178_14.txt, time: 8.410000
/bbs/Gossiping/M.1496385841.A.686.html download to ptt/Gossiping/22178_15.txt, time: 7.940000
/bbs/Gossiping/M.1496385854.A.659.html download to ptt/Gossiping/22178_16.txt, time: 4.710000
/bbs/Gossiping/M.1496385855.A.831.html download to ptt/Gossiping/22178_17.txt, time: 12.170000
/bbs/Gossiping/M.1496385892.A.5A1.html download to ptt/Gossiping/22178_18.txt, time: 10.460000
/bbs/Gossiping/M.1496385899.A.9C8.html download to ptt/Gossiping/22178_19.txt, time: 13.790000
page 22177
/bbs/Gossiping/M.1496385072.A.1F8.html download to ptt/Gossiping/22177_0.txt, time: 4.920000
/bbs/Gossiping/M.1496385074.A.130.html download to ptt/Gossiping/22177_1.txt, time: 4.390000
/bbs/Gossiping/M.1496385076.A.CB2.html download to ptt/Gossiping/22177_2.txt, time: 4.110000
/bbs/Gossiping/M.1496385096.A.2E8.html download to ptt/Gossiping/22177_3.txt, time: 4.500000
/bbs/Gossiping/M.1496385145.A.32A.html download to ptt/Gossiping/22177_4.txt, time: 4.660000
/bbs/Gossiping/M.1496385161.A.512.html download to ptt/Gossiping/22177_5.txt, time: 6.240000
/bbs/Gossiping/M.1496385161.A.19C.html download to ptt/Gossiping/22177_6.txt, time: 4.300000
/bbs/Gossiping/M.1496385180.A.654.html download to ptt/Gossiping/22177_7.txt, time: 2.640000
/bbs/Gossiping/M.1496385190.A.060.html download to ptt/Gossiping/22177_8.txt, time: 2.890000
/bbs/Gossiping/M.1496385223.A.6DF.html download to ptt/Gossiping/22177_9.txt, time: 3.550000
/bbs/Gossiping/M.1496385225.A.024.html download to ptt/Gossiping/22177_10.txt, time: 3.370000
/bbs/Gossiping/M.1496385259.A.EDE.html download to ptt/Gossiping/22177_11.txt, time: 4.550000
/bbs/Gossiping/M.1496385319.A.F15.html download to ptt/Gossiping/22177_12.txt, time: 3.150000
/bbs/Gossiping/M.1496385322.A.1B1.html download to ptt/Gossiping/22177_13.txt, time: 5.280000
/bbs/Gossiping/M.1496385323.A.81D.html download to ptt/Gossiping/22177_14.txt, time: 4.030000
/bbs/Gossiping/M.1496385330.A.87E.html download to ptt/Gossiping/22177_15.txt, time: 5.160000
/bbs/Gossiping/M.1496385333.A.8D4.html download to ptt/Gossiping/22177_16.txt, time: 3.800000
/bbs/Gossiping/M.1496385405.A.182.html download to ptt/Gossiping/22177_17.txt, time: 4.970000
/bbs/Gossiping/M.1496385438.A.6DF.html download to ptt/Gossiping/22177_18.txt, time: 5.000000
/bbs/Gossiping/M.1496385450.A.225.html download to ptt/Gossiping/22177_19.txt, time: 8.250000
page 22176
/bbs/Gossiping/M.1496384565.A.A4E.html download to ptt/Gossiping/22176_0.txt, time: 4.160000
/bbs/Gossiping/M.1496384603.A.AEC.html download to ptt/Gossiping/22176_1.txt, time: 3.230000
/bbs/Gossiping/M.1496384605.A.3FD.html download to ptt/Gossiping/22176_2.txt, time: 2.710000
/bbs/Gossiping/M.1496384637.A.864.html download to ptt/Gossiping/22176_3.txt, time: 3.570000
/bbs/Gossiping/M.1496384639.A.F36.html download to ptt/Gossiping/22176_4.txt, time: 3.530000
/bbs/Gossiping/M.1496384650.A.73C.html download to ptt/Gossiping/22176_5.txt, time: 3.680000
/bbs/Gossiping/M.1496384696.A.01B.html download to ptt/Gossiping/22176_6.txt, time: 5.420000
/bbs/Gossiping/M.1496384733.A.4EB.html download to ptt/Gossiping/22176_7.txt, time: 5.160000
/bbs/Gossiping/M.1496384750.A.81B.html download to ptt/Gossiping/22176_8.txt, time: 3.460000
/bbs/Gossiping/M.1496384776.A.F25.html download to ptt/Gossiping/22176_9.txt, time: 4.020000
/bbs/Gossiping/M.1496384780.A.542.html download to ptt/Gossiping/22176_10.txt, time: 4.130000
/bbs/Gossiping/M.1496384791.A.759.html download to ptt/Gossiping/22176_11.txt, time: 4.070000
/bbs/Gossiping/M.1496384792.A.FD6.html download to ptt/Gossiping/22176_12.txt, time: 4.050000
/bbs/Gossiping/M.1496384867.A.8EF.html download to ptt/Gossiping/22176_13.txt, time: 3.370000
/bbs/Gossiping/M.1496384872.A.232.html download to ptt/Gossiping/22176_14.txt, time: 4.180000
/bbs/Gossiping/M.1496384875.A.BCE.html download to ptt/Gossiping/22176_15.txt, time: 4.090000
/bbs/Gossiping/M.1496384897.A.2FC.html download to ptt/Gossiping/22176_16.txt, time: 2.780000
/bbs/Gossiping/M.1496384955.A.A04.html download to ptt/Gossiping/22176_17.txt, time: 2.490000
/bbs/Gossiping/M.1496385041.A.108.html download to ptt/Gossiping/22176_18.txt, time: 5.060000
/bbs/Gossiping/M.1496385066.A.19E.html download to ptt/Gossiping/22176_19.txt, time: 2.970000
time: 567.3122763633728 seconds
