page 22190
/bbs/Gossiping/M.1496392542.A.FAA.html download to ptt/Gossiping/22190_0.txt, time: 4.480000
empty download to ptt/Gossiping/22190_1.txt, time: 0.000000
/bbs/Gossiping/M.1496392585.A.F89.html download to ptt/Gossiping/22190_2.txt, time: 4.820000
/bbs/Gossiping/M.1496392644.A.EDA.html download to ptt/Gossiping/22190_3.txt, time: 3.490000
/bbs/Gossiping/M.1496392688.A.ADD.html download to ptt/Gossiping/22190_4.txt, time: 5.480000
/bbs/Gossiping/M.1496392716.A.780.html download to ptt/Gossiping/22190_5.txt, time: 4.660000
/bbs/Gossiping/M.1496392723.A.0A1.html download to ptt/Gossiping/22190_6.txt, time: 4.690000
/bbs/Gossiping/M.1496392732.A.279.html download to ptt/Gossiping/22190_7.txt, time: 5.050000
/bbs/Gossiping/M.1496392736.A.D66.html download to ptt/Gossiping/22190_8.txt, time: 3.900000
/bbs/Gossiping/M.1496392783.A.4EC.html download to ptt/Gossiping/22190_9.txt, time: 5.390000
/bbs/Gossiping/M.1496392783.A.E95.html download to ptt/Gossiping/22190_10.txt, time: 3.900000
/bbs/Gossiping/M.1496392816.A.0CE.html download to ptt/Gossiping/22190_11.txt, time: 4.640000
/bbs/Gossiping/M.1496392845.A.4AF.html download to ptt/Gossiping/22190_12.txt, time: 6.640000
/bbs/Gossiping/M.1496392870.A.E80.html download to ptt/Gossiping/22190_13.txt, time: 6.210000
/bbs/Gossiping/M.1496392879.A.CB5.html download to ptt/Gossiping/22190_14.txt, time: 5.090000
/bbs/Gossiping/M.1496392880.A.545.html download to ptt/Gossiping/22190_15.txt, time: 3.000000
/bbs/Gossiping/M.1496392890.A.FD1.html download to ptt/Gossiping/22190_16.txt, time: 3.670000
/bbs/Gossiping/M.1496392903.A.3B1.html download to ptt/Gossiping/22190_17.txt, time: 4.330000
/bbs/Gossiping/M.1496392914.A.1FF.html download to ptt/Gossiping/22190_18.txt, time: 4.510000
empty download to ptt/Gossiping/22190_19.txt, time: 0.000000
page 22189
/bbs/Gossiping/M.1496392005.A.57C.html download to ptt/Gossiping/22189_0.txt, time: 5.920000
/bbs/Gossiping/M.1496392050.A.759.html download to ptt/Gossiping/22189_1.txt, time: 4.400000
/bbs/Gossiping/M.1496392095.A.5C9.html download to ptt/Gossiping/22189_2.txt, time: 4.680000
/bbs/Gossiping/M.1496392102.A.69A.html download to ptt/Gossiping/22189_3.txt, time: 3.600000
/bbs/Gossiping/M.1496392119.A.120.html download to ptt/Gossiping/22189_4.txt, time: 6.080000
/bbs/Gossiping/M.1496392127.A.1BC.html download to ptt/Gossiping/22189_5.txt, time: 4.150000
/bbs/Gossiping/M.1496392128.A.D2A.html download to ptt/Gossiping/22189_6.txt, time: 6.130000
/bbs/Gossiping/M.1496392139.A.35F.html download to ptt/Gossiping/22189_7.txt, time: 5.050000
/bbs/Gossiping/M.1496392165.A.7AE.html download to ptt/Gossiping/22189_8.txt, time: 4.480000
/bbs/Gossiping/M.1496392222.A.A87.html download to ptt/Gossiping/22189_9.txt, time: 4.360000
/bbs/Gossiping/M.1496392235.A.DB8.html download to ptt/Gossiping/22189_10.txt, time: 3.590000
/bbs/Gossiping/M.1496392335.A.56F.html download to ptt/Gossiping/22189_11.txt, time: 5.860000
/bbs/Gossiping/M.1496392337.A.B2D.html download to ptt/Gossiping/22189_12.txt, time: 4.310000
/bbs/Gossiping/M.1496392379.A.A84.html download to ptt/Gossiping/22189_13.txt, time: 5.150000
/bbs/Gossiping/M.1496392398.A.8FC.html download to ptt/Gossiping/22189_14.txt, time: 3.790000
/bbs/Gossiping/M.1496392423.A.F25.html download to ptt/Gossiping/22189_15.txt, time: 4.350000
/bbs/Gossiping/M.1496392430.A.B64.html download to ptt/Gossiping/22189_16.txt, time: 3.810000
/bbs/Gossiping/M.1496392434.A.E11.html download to ptt/Gossiping/22189_17.txt, time: 4.060000
/bbs/Gossiping/M.1496392444.A.21D.html download to ptt/Gossiping/22189_18.txt, time: 4.450000
/bbs/Gossiping/M.1496392447.A.D82.html download to ptt/Gossiping/22189_19.txt, time: 4.200000
page 22188
/bbs/Gossiping/M.1496391542.A.926.html download to ptt/Gossiping/22188_0.txt, time: 5.070000
/bbs/Gossiping/M.1496391550.A.963.html download to ptt/Gossiping/22188_1.txt, time: 4.850000
/bbs/Gossiping/M.1496391589.A.FF3.html download to ptt/Gossiping/22188_2.txt, time: 4.660000
/bbs/Gossiping/M.1496391643.A.F53.html download to ptt/Gossiping/22188_3.txt, time: 3.880000
/bbs/Gossiping/M.1496391654.A.540.html download to ptt/Gossiping/22188_4.txt, time: 4.430000
/bbs/Gossiping/M.1496391683.A.311.html download to ptt/Gossiping/22188_5.txt, time: 4.550000
/bbs/Gossiping/M.1496391692.A.DA8.html download to ptt/Gossiping/22188_6.txt, time: 4.860000
/bbs/Gossiping/M.1496391714.A.1BF.html download to ptt/Gossiping/22188_7.txt, time: 18.300000
/bbs/Gossiping/M.1496391721.A.4FA.html download to ptt/Gossiping/22188_8.txt, time: 6.130000
/bbs/Gossiping/M.1496391784.A.D05.html download to ptt/Gossiping/22188_9.txt, time: 6.190000
/bbs/Gossiping/M.1496391797.A.118.html download to ptt/Gossiping/22188_10.txt, time: 4.770000
/bbs/Gossiping/M.1496391845.A.099.html download to ptt/Gossiping/22188_11.txt, time: 3.950000
/bbs/Gossiping/M.1496391849.A.F7E.html download to ptt/Gossiping/22188_12.txt, time: 14.800000
/bbs/Gossiping/M.1496391872.A.35A.html download to ptt/Gossiping/22188_13.txt, time: 4.420000
/bbs/Gossiping/M.1496391876.A.619.html download to ptt/Gossiping/22188_14.txt, time: 5.080000
/bbs/Gossiping/M.1496391895.A.A5C.html download to ptt/Gossiping/22188_15.txt, time: 4.920000
/bbs/Gossiping/M.1496391929.A.D7D.html download to ptt/Gossiping/22188_16.txt, time: 10.370000
/bbs/Gossiping/M.1496391962.A.FF6.html download to ptt/Gossiping/22188_17.txt, time: 7.370000
/bbs/Gossiping/M.1496391974.A.695.html download to ptt/Gossiping/22188_18.txt, time: 8.040000
/bbs/Gossiping/M.1496391986.A.BC4.html download to ptt/Gossiping/22188_19.txt, time: 5.820000
page 22187
/bbs/Gossiping/M.1496390933.A.25A.html download to ptt/Gossiping/22187_0.txt, time: 5.350000
/bbs/Gossiping/M.1496390945.A.4F0.html download to ptt/Gossiping/22187_1.txt, time: 4.820000
/bbs/Gossiping/M.1496390964.A.A3E.html download to ptt/Gossiping/22187_2.txt, time: 4.070000
/bbs/Gossiping/M.1496391107.A.6B0.html download to ptt/Gossiping/22187_3.txt, time: 8.550000
/bbs/Gossiping/M.1496391165.A.F16.html download to ptt/Gossiping/22187_4.txt, time: 3.320000
/bbs/Gossiping/M.1496391165.A.F84.html download to ptt/Gossiping/22187_5.txt, time: 3.360000
/bbs/Gossiping/M.1496391222.A.3C0.html download to ptt/Gossiping/22187_6.txt, time: 3.790000
/bbs/Gossiping/M.1496391269.A.032.html download to ptt/Gossiping/22187_7.txt, time: 3.130000
/bbs/Gossiping/M.1496391336.A.02A.html download to ptt/Gossiping/22187_8.txt, time: 4.800000
/bbs/Gossiping/M.1496391337.A.00E.html download to ptt/Gossiping/22187_9.txt, time: 3.790000
/bbs/Gossiping/M.1496391345.A.CA8.html download to ptt/Gossiping/22187_10.txt, time: 4.130000
/bbs/Gossiping/M.1496391369.A.F3F.html download to ptt/Gossiping/22187_11.txt, time: 2.570000
/bbs/Gossiping/M.1496391398.A.3AE.html download to ptt/Gossiping/22187_12.txt, time: 4.480000
/bbs/Gossiping/M.1496391412.A.E8A.html download to ptt/Gossiping/22187_13.txt, time: 4.140000
/bbs/Gossiping/M.1496391418.A.801.html download to ptt/Gossiping/22187_14.txt, time: 4.360000
/bbs/Gossiping/M.1496391443.A.B63.html download to ptt/Gossiping/22187_15.txt, time: 3.390000
/bbs/Gossiping/M.1496391464.A.2C5.html download to ptt/Gossiping/22187_16.txt, time: 3.070000
/bbs/Gossiping/M.1496391473.A.472.html download to ptt/Gossiping/22187_17.txt, time: 4.350000
/bbs/Gossiping/M.1496391492.A.72E.html download to ptt/Gossiping/22187_18.txt, time: 4.840000
/bbs/Gossiping/M.1496391523.A.39A.html download to ptt/Gossiping/22187_19.txt, time: 4.550000
page 22186
/bbs/Gossiping/M.1496390257.A.BBE.html download to ptt/Gossiping/22186_0.txt, time: 3.630000
/bbs/Gossiping/M.1496390270.A.780.html download to ptt/Gossiping/22186_1.txt, time: 3.410000
/bbs/Gossiping/M.1496390289.A.E20.html download to ptt/Gossiping/22186_2.txt, time: 4.690000
/bbs/Gossiping/M.1496390292.A.BD3.html download to ptt/Gossiping/22186_3.txt, time: 3.800000
/bbs/Gossiping/M.1496390306.A.A1B.html download to ptt/Gossiping/22186_4.txt, time: 8.130000
/bbs/Gossiping/M.1496390322.A.3B7.html download to ptt/Gossiping/22186_5.txt, time: 4.410000
/bbs/Gossiping/M.1496390327.A.54A.html download to ptt/Gossiping/22186_6.txt, time: 3.610000
/bbs/Gossiping/M.1496390367.A.7DE.html download to ptt/Gossiping/22186_7.txt, time: 5.520000
/bbs/Gossiping/M.1496390399.A.BF5.html download to ptt/Gossiping/22186_8.txt, time: 2.820000
/bbs/Gossiping/M.1496390409.A.E7D.html download to ptt/Gossiping/22186_9.txt, time: 3.940000
/bbs/Gossiping/M.1496390459.A.67D.html download to ptt/Gossiping/22186_10.txt, time: 4.780000
/bbs/Gossiping/M.1496390543.A.013.html download to ptt/Gossiping/22186_11.txt, time: 5.340000
/bbs/Gossiping/M.1496390558.A.AA0.html download to ptt/Gossiping/22186_12.txt, time: 4.160000
/bbs/Gossiping/M.1496390597.A.2BF.html download to ptt/Gossiping/22186_13.txt, time: 3.560000
/bbs/Gossiping/M.1496390706.A.4F7.html download to ptt/Gossiping/22186_14.txt, time: 4.180000
/bbs/Gossiping/M.1496390714.A.DC2.html download to ptt/Gossiping/22186_15.txt, time: 3.930000
/bbs/Gossiping/M.1496390726.A.3ED.html download to ptt/Gossiping/22186_16.txt, time: 4.230000
/bbs/Gossiping/M.1496390831.A.F2E.html download to ptt/Gossiping/22186_17.txt, time: 4.670000
/bbs/Gossiping/M.1496390850.A.91A.html download to ptt/Gossiping/22186_18.txt, time: 2.240000
/bbs/Gossiping/M.1496390863.A.880.html download to ptt/Gossiping/22186_19.txt, time: 3.880000
time: 546.36634349823 seconds
