page 22200
/bbs/Gossiping/M.1496399116.A.6BF.html download to ptt/Gossiping/22200_0.txt, time: 4.750000
/bbs/Gossiping/M.1496399116.A.026.html download to ptt/Gossiping/22200_1.txt, time: 4.370000
/bbs/Gossiping/M.1496399136.A.94B.html download to ptt/Gossiping/22200_2.txt, time: 5.050000
/bbs/Gossiping/M.1496399173.A.559.html download to ptt/Gossiping/22200_3.txt, time: 6.190000
/bbs/Gossiping/M.1496399176.A.540.html download to ptt/Gossiping/22200_4.txt, time: 4.070000
/bbs/Gossiping/M.1496399214.A.B2D.html download to ptt/Gossiping/22200_5.txt, time: 3.510000
/bbs/Gossiping/M.1496399225.A.E35.html download to ptt/Gossiping/22200_6.txt, time: 9.320000
/bbs/Gossiping/M.1496399232.A.A44.html download to ptt/Gossiping/22200_7.txt, time: 4.150000
/bbs/Gossiping/M.1496399255.A.B00.html download to ptt/Gossiping/22200_8.txt, time: 5.270000
/bbs/Gossiping/M.1496399275.A.FA7.html download to ptt/Gossiping/22200_9.txt, time: 5.220000
/bbs/Gossiping/M.1496399328.A.2BC.html download to ptt/Gossiping/22200_10.txt, time: 4.370000
/bbs/Gossiping/M.1496399331.A.FA0.html download to ptt/Gossiping/22200_11.txt, time: 5.120000
/bbs/Gossiping/M.1496399337.A.7C9.html download to ptt/Gossiping/22200_12.txt, time: 7.980000
/bbs/Gossiping/M.1496399337.A.C73.html download to ptt/Gossiping/22200_13.txt, time: 4.970000
/bbs/Gossiping/M.1496399343.A.40F.html download to ptt/Gossiping/22200_14.txt, time: 5.180000
/bbs/Gossiping/M.1496399401.A.7E0.html download to ptt/Gossiping/22200_15.txt, time: 3.530000
/bbs/Gossiping/M.1496399461.A.3B9.html download to ptt/Gossiping/22200_16.txt, time: 4.130000
/bbs/Gossiping/M.1496399498.A.171.html download to ptt/Gossiping/22200_17.txt, time: 4.520000
/bbs/Gossiping/M.1496399511.A.5C8.html download to ptt/Gossiping/22200_18.txt, time: 7.060000
/bbs/Gossiping/M.1496399526.A.2C6.html download to ptt/Gossiping/22200_19.txt, time: 6.240000
page 22199
/bbs/Gossiping/M.1496398406.A.D53.html download to ptt/Gossiping/22199_0.txt, time: 3.630000
/bbs/Gossiping/M.1496398438.A.54D.html download to ptt/Gossiping/22199_1.txt, time: 5.740000
/bbs/Gossiping/M.1496398466.A.430.html download to ptt/Gossiping/22199_2.txt, time: 4.900000
empty download to ptt/Gossiping/22199_3.txt, time: 0.000000
/bbs/Gossiping/M.1496398595.A.0E9.html download to ptt/Gossiping/22199_4.txt, time: 4.350000
/bbs/Gossiping/M.1496398646.A.9A8.html download to ptt/Gossiping/22199_5.txt, time: 3.520000
/bbs/Gossiping/M.1496398669.A.B5A.html download to ptt/Gossiping/22199_6.txt, time: 4.450000
/bbs/Gossiping/M.1496398730.A.742.html download to ptt/Gossiping/22199_7.txt, time: 6.190000
/bbs/Gossiping/M.1496398736.A.D9F.html download to ptt/Gossiping/22199_8.txt, time: 3.060000
/bbs/Gossiping/M.1496398748.A.9A9.html download to ptt/Gossiping/22199_9.txt, time: 3.360000
/bbs/Gossiping/M.1496398776.A.EF8.html download to ptt/Gossiping/22199_10.txt, time: 4.620000
/bbs/Gossiping/M.1496398812.A.ACD.html download to ptt/Gossiping/22199_11.txt, time: 6.580000
/bbs/Gossiping/M.1496398820.A.544.html download to ptt/Gossiping/22199_12.txt, time: 4.610000
/bbs/Gossiping/M.1496398843.A.4FE.html download to ptt/Gossiping/22199_13.txt, time: 5.400000
/bbs/Gossiping/M.1496398889.A.858.html download to ptt/Gossiping/22199_14.txt, time: 3.960000
/bbs/Gossiping/M.1496398935.A.9EC.html download to ptt/Gossiping/22199_15.txt, time: 4.220000
/bbs/Gossiping/M.1496399019.A.799.html download to ptt/Gossiping/22199_16.txt, time: 4.960000
/bbs/Gossiping/M.1496399056.A.86C.html download to ptt/Gossiping/22199_17.txt, time: 6.490000
/bbs/Gossiping/M.1496399070.A.0E6.html download to ptt/Gossiping/22199_18.txt, time: 5.810000
/bbs/Gossiping/M.1496399102.A.000.html download to ptt/Gossiping/22199_19.txt, time: 5.340000
page 22198
/bbs/Gossiping/M.1496397805.A.F55.html download to ptt/Gossiping/22198_0.txt, time: 8.300000
/bbs/Gossiping/M.1496397806.A.18E.html download to ptt/Gossiping/22198_1.txt, time: 8.720000
/bbs/Gossiping/M.1496397835.A.BA6.html download to ptt/Gossiping/22198_2.txt, time: 5.130000
/bbs/Gossiping/M.1496397900.A.2DD.html download to ptt/Gossiping/22198_3.txt, time: 4.450000
/bbs/Gossiping/M.1496397900.A.8F4.html download to ptt/Gossiping/22198_4.txt, time: 4.890000
/bbs/Gossiping/M.1496397902.A.231.html download to ptt/Gossiping/22198_5.txt, time: 5.450000
/bbs/Gossiping/M.1496397913.A.BF0.html download to ptt/Gossiping/22198_6.txt, time: 3.670000
/bbs/Gossiping/M.1496397935.A.877.html download to ptt/Gossiping/22198_7.txt, time: 4.940000
/bbs/Gossiping/M.1496397937.A.713.html download to ptt/Gossiping/22198_8.txt, time: 8.030000
/bbs/Gossiping/M.1496397955.A.544.html download to ptt/Gossiping/22198_9.txt, time: 4.410000
/bbs/Gossiping/M.1496398007.A.F23.html download to ptt/Gossiping/22198_10.txt, time: 13.970000
/bbs/Gossiping/M.1496398059.A.F11.html download to ptt/Gossiping/22198_11.txt, time: 7.150000
/bbs/Gossiping/M.1496398068.A.7D9.html download to ptt/Gossiping/22198_12.txt, time: 3.680000
/bbs/Gossiping/M.1496398073.A.292.html download to ptt/Gossiping/22198_13.txt, time: 4.420000
/bbs/Gossiping/M.1496398085.A.292.html download to ptt/Gossiping/22198_14.txt, time: 3.930000
/bbs/Gossiping/M.1496398113.A.72F.html download to ptt/Gossiping/22198_15.txt, time: 5.540000
/bbs/Gossiping/M.1496398155.A.9CA.html download to ptt/Gossiping/22198_16.txt, time: 4.830000
/bbs/Gossiping/M.1496398172.A.00F.html download to ptt/Gossiping/22198_17.txt, time: 3.180000
/bbs/Gossiping/M.1496398261.A.D43.html download to ptt/Gossiping/22198_18.txt, time: 6.760000
/bbs/Gossiping/M.1496398396.A.B90.html download to ptt/Gossiping/22198_19.txt, time: 4.610000
page 22197
/bbs/Gossiping/M.1496397079.A.0C0.html download to ptt/Gossiping/22197_0.txt, time: 3.800000
/bbs/Gossiping/M.1496397104.A.622.html download to ptt/Gossiping/22197_1.txt, time: 4.040000
/bbs/Gossiping/M.1496397243.A.35B.html download to ptt/Gossiping/22197_2.txt, time: 3.430000
/bbs/Gossiping/M.1496397265.A.7EE.html download to ptt/Gossiping/22197_3.txt, time: 4.440000
/bbs/Gossiping/M.1496397270.A.AC7.html download to ptt/Gossiping/22197_4.txt, time: 4.050000
/bbs/Gossiping/M.1496397298.A.EAD.html download to ptt/Gossiping/22197_5.txt, time: 5.340000
empty download to ptt/Gossiping/22197_6.txt, time: 0.000000
/bbs/Gossiping/M.1496397365.A.9BD.html download to ptt/Gossiping/22197_7.txt, time: 5.360000
/bbs/Gossiping/M.1496397418.A.2E8.html download to ptt/Gossiping/22197_8.txt, time: 3.020000
/bbs/Gossiping/M.1496397443.A.37F.html download to ptt/Gossiping/22197_9.txt, time: 5.050000
/bbs/Gossiping/M.1496397498.A.DF9.html download to ptt/Gossiping/22197_10.txt, time: 4.340000
/bbs/Gossiping/M.1496397516.A.9E4.html download to ptt/Gossiping/22197_11.txt, time: 3.650000
/bbs/Gossiping/M.1496397616.A.7D6.html download to ptt/Gossiping/22197_12.txt, time: 3.580000
/bbs/Gossiping/M.1496397639.A.F0E.html download to ptt/Gossiping/22197_13.txt, time: 5.220000
/bbs/Gossiping/M.1496397645.A.971.html download to ptt/Gossiping/22197_14.txt, time: 4.910000
/bbs/Gossiping/M.1496397655.A.D2B.html download to ptt/Gossiping/22197_15.txt, time: 3.490000
/bbs/Gossiping/M.1496397675.A.ACF.html download to ptt/Gossiping/22197_16.txt, time: 5.040000
/bbs/Gossiping/M.1496397686.A.827.html download to ptt/Gossiping/22197_17.txt, time: 3.120000
/bbs/Gossiping/M.1496397688.A.3F3.html download to ptt/Gossiping/22197_18.txt, time: 4.300000
/bbs/Gossiping/M.1496397801.A.E99.html download to ptt/Gossiping/22197_19.txt, time: 5.140000
page 22196
/bbs/Gossiping/M.1496396437.A.C8F.html download to ptt/Gossiping/22196_0.txt, time: 4.220000
/bbs/Gossiping/M.1496396493.A.DD8.html download to ptt/Gossiping/22196_1.txt, time: 4.100000
/bbs/Gossiping/M.1496396551.A.0D2.html download to ptt/Gossiping/22196_2.txt, time: 4.430000
/bbs/Gossiping/M.1496396556.A.8E1.html download to ptt/Gossiping/22196_3.txt, time: 3.970000
/bbs/Gossiping/M.1496396556.A.71B.html download to ptt/Gossiping/22196_4.txt, time: 4.560000
/bbs/Gossiping/M.1496396558.A.24F.html download to ptt/Gossiping/22196_5.txt, time: 3.480000
/bbs/Gossiping/M.1496396583.A.039.html download to ptt/Gossiping/22196_6.txt, time: 4.740000
/bbs/Gossiping/M.1496396606.A.E95.html download to ptt/Gossiping/22196_7.txt, time: 4.380000
/bbs/Gossiping/M.1496396711.A.B14.html download to ptt/Gossiping/22196_8.txt, time: 4.580000
/bbs/Gossiping/M.1496396730.A.9ED.html download to ptt/Gossiping/22196_9.txt, time: 3.230000
/bbs/Gossiping/M.1496396740.A.5A4.html download to ptt/Gossiping/22196_10.txt, time: 5.200000
/bbs/Gossiping/M.1496396794.A.1CA.html download to ptt/Gossiping/22196_11.txt, time: 3.920000
/bbs/Gossiping/M.1496396803.A.3CB.html download to ptt/Gossiping/22196_12.txt, time: 3.700000
/bbs/Gossiping/M.1496396888.A.E43.html download to ptt/Gossiping/22196_13.txt, time: 3.680000
/bbs/Gossiping/M.1496396892.A.FF4.html download to ptt/Gossiping/22196_14.txt, time: 2.550000
/bbs/Gossiping/M.1496396983.A.859.html download to ptt/Gossiping/22196_15.txt, time: 2.410000
/bbs/Gossiping/M.1496397017.A.500.html download to ptt/Gossiping/22196_16.txt, time: 2.840000
/bbs/Gossiping/M.1496397017.A.BCE.html download to ptt/Gossiping/22196_17.txt, time: 3.350000
/bbs/Gossiping/M.1496397026.A.90A.html download to ptt/Gossiping/22196_18.txt, time: 3.770000
/bbs/Gossiping/M.1496397076.A.04E.html download to ptt/Gossiping/22196_19.txt, time: 3.510000
time: 532.7604246139526 seconds
