page 22210
/bbs/Gossiping/M.1496403939.A.E2A.html download to ptt/Gossiping/22210_0.txt, time: 4.250000
/bbs/Gossiping/M.1496403949.A.76A.html download to ptt/Gossiping/22210_1.txt, time: 5.500000
/bbs/Gossiping/M.1496404044.A.65C.html download to ptt/Gossiping/22210_2.txt, time: 5.860000
/bbs/Gossiping/M.1496404044.A.DD8.html download to ptt/Gossiping/22210_3.txt, time: 5.280000
/bbs/Gossiping/M.1496404052.A.EF0.html download to ptt/Gossiping/22210_4.txt, time: 5.620000
/bbs/Gossiping/M.1496404121.A.6ED.html download to ptt/Gossiping/22210_5.txt, time: 4.010000
/bbs/Gossiping/M.1496404128.A.8D8.html download to ptt/Gossiping/22210_6.txt, time: 7.050000
/bbs/Gossiping/M.1496404131.A.517.html download to ptt/Gossiping/22210_7.txt, time: 6.260000
/bbs/Gossiping/M.1496404145.A.6B1.html download to ptt/Gossiping/22210_8.txt, time: 5.110000
/bbs/Gossiping/M.1496404146.A.B6E.html download to ptt/Gossiping/22210_9.txt, time: 5.520000
/bbs/Gossiping/M.1496404184.A.217.html download to ptt/Gossiping/22210_10.txt, time: 3.660000
/bbs/Gossiping/M.1496404227.A.949.html download to ptt/Gossiping/22210_11.txt, time: 3.290000
/bbs/Gossiping/M.1496404230.A.5DD.html download to ptt/Gossiping/22210_12.txt, time: 3.150000
/bbs/Gossiping/M.1496404241.A.DF6.html download to ptt/Gossiping/22210_13.txt, time: 8.050000
/bbs/Gossiping/M.1496404283.A.E1C.html download to ptt/Gossiping/22210_14.txt, time: 4.410000
/bbs/Gossiping/M.1496404305.A.6D8.html download to ptt/Gossiping/22210_15.txt, time: 5.290000
/bbs/Gossiping/M.1496404310.A.127.html download to ptt/Gossiping/22210_16.txt, time: 5.300000
/bbs/Gossiping/M.1496404318.A.60C.html download to ptt/Gossiping/22210_17.txt, time: 7.220000
/bbs/Gossiping/M.1496404326.A.577.html download to ptt/Gossiping/22210_18.txt, time: 3.580000
/bbs/Gossiping/M.1496404372.A.3A5.html download to ptt/Gossiping/22210_19.txt, time: 4.420000
page 22209
/bbs/Gossiping/M.1496403623.A.01F.html download to ptt/Gossiping/22209_0.txt, time: 3.220000
/bbs/Gossiping/M.1496403636.A.7D6.html download to ptt/Gossiping/22209_1.txt, time: 4.000000
/bbs/Gossiping/M.1496403647.A.EE9.html download to ptt/Gossiping/22209_2.txt, time: 5.240000
/bbs/Gossiping/M.1496403657.A.101.html download to ptt/Gossiping/22209_3.txt, time: 6.910000
/bbs/Gossiping/M.1496403665.A.EDB.html download to ptt/Gossiping/22209_4.txt, time: 4.480000
/bbs/Gossiping/M.1496403686.A.82D.html download to ptt/Gossiping/22209_5.txt, time: 5.660000
/bbs/Gossiping/M.1496403721.A.914.html download to ptt/Gossiping/22209_6.txt, time: 5.190000
/bbs/Gossiping/M.1496403725.A.485.html download to ptt/Gossiping/22209_7.txt, time: 5.260000
/bbs/Gossiping/M.1496403762.A.304.html download to ptt/Gossiping/22209_8.txt, time: 4.740000
/bbs/Gossiping/M.1496403805.A.20C.html download to ptt/Gossiping/22209_9.txt, time: 5.280000
/bbs/Gossiping/M.1496403820.A.EDF.html download to ptt/Gossiping/22209_10.txt, time: 4.590000
/bbs/Gossiping/M.1496403844.A.99E.html download to ptt/Gossiping/22209_11.txt, time: 3.520000
/bbs/Gossiping/M.1496403861.A.387.html download to ptt/Gossiping/22209_12.txt, time: 4.510000
/bbs/Gossiping/M.1496403881.A.609.html download to ptt/Gossiping/22209_13.txt, time: 3.920000
/bbs/Gossiping/M.1496403883.A.1D7.html download to ptt/Gossiping/22209_14.txt, time: 2.270000
empty download to ptt/Gossiping/22209_15.txt, time: 0.000000
/bbs/Gossiping/M.1496403920.A.AF5.html download to ptt/Gossiping/22209_16.txt, time: 4.770000
/bbs/Gossiping/M.1496403929.A.F61.html download to ptt/Gossiping/22209_17.txt, time: 5.630000
/bbs/Gossiping/M.1496403934.A.C20.html download to ptt/Gossiping/22209_18.txt, time: 6.320000
/bbs/Gossiping/M.1496403935.A.789.html download to ptt/Gossiping/22209_19.txt, time: 4.380000
page 22208
/bbs/Gossiping/M.1496403029.A.2DE.html download to ptt/Gossiping/22208_0.txt, time: 4.600000
/bbs/Gossiping/M.1496403055.A.C00.html download to ptt/Gossiping/22208_1.txt, time: 6.040000
/bbs/Gossiping/M.1496403068.A.719.html download to ptt/Gossiping/22208_2.txt, time: 4.620000
/bbs/Gossiping/M.1496403083.A.A78.html download to ptt/Gossiping/22208_3.txt, time: 15.920000
/bbs/Gossiping/M.1496403086.A.C5A.html download to ptt/Gossiping/22208_4.txt, time: 6.180000
/bbs/Gossiping/M.1496403117.A.402.html download to ptt/Gossiping/22208_5.txt, time: 10.630000
/bbs/Gossiping/M.1496403132.A.E5F.html download to ptt/Gossiping/22208_6.txt, time: 6.470000
/bbs/Gossiping/M.1496403141.A.104.html download to ptt/Gossiping/22208_7.txt, time: 8.150000
/bbs/Gossiping/M.1496403170.A.861.html download to ptt/Gossiping/22208_8.txt, time: 6.230000
/bbs/Gossiping/M.1496403213.A.14F.html download to ptt/Gossiping/22208_9.txt, time: 6.960000
/bbs/Gossiping/M.1496403284.A.D7F.html download to ptt/Gossiping/22208_10.txt, time: 5.250000
/bbs/Gossiping/M.1496403290.A.760.html download to ptt/Gossiping/22208_11.txt, time: 3.410000
/bbs/Gossiping/M.1496403293.A.747.html download to ptt/Gossiping/22208_12.txt, time: 3.990000
/bbs/Gossiping/M.1496403337.A.672.html download to ptt/Gossiping/22208_13.txt, time: 4.250000
/bbs/Gossiping/M.1496403375.A.EFF.html download to ptt/Gossiping/22208_14.txt, time: 8.920000
/bbs/Gossiping/M.1496403416.A.AC2.html download to ptt/Gossiping/22208_15.txt, time: 6.100000
/bbs/Gossiping/M.1496403479.A.706.html download to ptt/Gossiping/22208_16.txt, time: 4.580000
/bbs/Gossiping/M.1496403517.A.BBB.html download to ptt/Gossiping/22208_17.txt, time: 6.470000
/bbs/Gossiping/M.1496403545.A.A37.html download to ptt/Gossiping/22208_18.txt, time: 5.460000
/bbs/Gossiping/M.1496403567.A.0A3.html download to ptt/Gossiping/22208_19.txt, time: 6.580000
page 22207
/bbs/Gossiping/M.1496402531.A.2CF.html download to ptt/Gossiping/22207_0.txt, time: 3.630000
/bbs/Gossiping/M.1496402534.A.415.html download to ptt/Gossiping/22207_1.txt, time: 4.590000
/bbs/Gossiping/M.1496402569.A.ACF.html download to ptt/Gossiping/22207_2.txt, time: 4.480000
/bbs/Gossiping/M.1496402591.A.513.html download to ptt/Gossiping/22207_3.txt, time: 4.010000
/bbs/Gossiping/M.1496402621.A.BF2.html download to ptt/Gossiping/22207_4.txt, time: 4.590000
/bbs/Gossiping/M.1496402633.A.21E.html download to ptt/Gossiping/22207_5.txt, time: 4.990000
/bbs/Gossiping/M.1496402652.A.E66.html download to ptt/Gossiping/22207_6.txt, time: 3.600000
/bbs/Gossiping/M.1496402670.A.238.html download to ptt/Gossiping/22207_7.txt, time: 6.530000
/bbs/Gossiping/M.1496402676.A.37E.html download to ptt/Gossiping/22207_8.txt, time: 4.430000
/bbs/Gossiping/M.1496402681.A.C37.html download to ptt/Gossiping/22207_9.txt, time: 3.970000
/bbs/Gossiping/M.1496402812.A.91E.html download to ptt/Gossiping/22207_10.txt, time: 4.640000
/bbs/Gossiping/M.1496402825.A.00C.html download to ptt/Gossiping/22207_11.txt, time: 3.670000
/bbs/Gossiping/M.1496402849.A.D6B.html download to ptt/Gossiping/22207_12.txt, time: 4.250000
/bbs/Gossiping/M.1496402866.A.34E.html download to ptt/Gossiping/22207_13.txt, time: 4.730000
/bbs/Gossiping/M.1496402902.A.A48.html download to ptt/Gossiping/22207_14.txt, time: 3.970000
/bbs/Gossiping/M.1496402907.A.B3A.html download to ptt/Gossiping/22207_15.txt, time: 4.010000
/bbs/Gossiping/M.1496402915.A.C33.html download to ptt/Gossiping/22207_16.txt, time: 3.890000
/bbs/Gossiping/M.1496402955.A.BA7.html download to ptt/Gossiping/22207_17.txt, time: 3.720000
/bbs/Gossiping/M.1496402969.A.D99.html download to ptt/Gossiping/22207_18.txt, time: 6.180000
/bbs/Gossiping/M.1496403003.A.4DB.html download to ptt/Gossiping/22207_19.txt, time: 6.000000
page 22206
/bbs/Gossiping/M.1496402090.A.5BB.html download to ptt/Gossiping/22206_0.txt, time: 3.390000
/bbs/Gossiping/M.1496402205.A.438.html download to ptt/Gossiping/22206_1.txt, time: 3.270000
/bbs/Gossiping/M.1496402224.A.3A1.html download to ptt/Gossiping/22206_2.txt, time: 2.990000
/bbs/Gossiping/M.1496402230.A.C1B.html download to ptt/Gossiping/22206_3.txt, time: 5.240000
/bbs/Gossiping/M.1496402261.A.1B8.html download to ptt/Gossiping/22206_4.txt, time: 4.590000
/bbs/Gossiping/M.1496402261.A.506.html download to ptt/Gossiping/22206_5.txt, time: 4.420000
/bbs/Gossiping/M.1496402269.A.A23.html download to ptt/Gossiping/22206_6.txt, time: 5.440000
/bbs/Gossiping/M.1496402289.A.BCF.html download to ptt/Gossiping/22206_7.txt, time: 3.390000
/bbs/Gossiping/M.1496402314.A.5B7.html download to ptt/Gossiping/22206_8.txt, time: 4.410000
/bbs/Gossiping/M.1496402328.A.723.html download to ptt/Gossiping/22206_9.txt, time: 3.260000
/bbs/Gossiping/M.1496402362.A.D61.html download to ptt/Gossiping/22206_10.txt, time: 5.350000
/bbs/Gossiping/M.1496402394.A.998.html download to ptt/Gossiping/22206_11.txt, time: 5.410000
/bbs/Gossiping/M.1496402408.A.CFD.html download to ptt/Gossiping/22206_12.txt, time: 3.380000
/bbs/Gossiping/M.1496402428.A.49F.html download to ptt/Gossiping/22206_13.txt, time: 4.060000
/bbs/Gossiping/M.1496402446.A.8ED.html download to ptt/Gossiping/22206_14.txt, time: 3.410000
/bbs/Gossiping/M.1496402446.A.A1C.html download to ptt/Gossiping/22206_15.txt, time: 3.430000
/bbs/Gossiping/M.1496402462.A.B86.html download to ptt/Gossiping/22206_16.txt, time: 2.750000
/bbs/Gossiping/M.1496402469.A.AC7.html download to ptt/Gossiping/22206_17.txt, time: 2.490000
/bbs/Gossiping/M.1496402485.A.83F.html download to ptt/Gossiping/22206_18.txt, time: 2.730000
/bbs/Gossiping/M.1496402514.A.6B6.html download to ptt/Gossiping/22206_19.txt, time: 2.760000
time: 547.0656359195709 seconds
