page 22220
/bbs/Gossiping/M.1496408919.A.5AB.html download to ptt/Gossiping/22220_0.txt, time: 4.770000
/bbs/Gossiping/M.1496408940.A.DF4.html download to ptt/Gossiping/22220_1.txt, time: 4.360000
/bbs/Gossiping/M.1496408983.A.5A8.html download to ptt/Gossiping/22220_2.txt, time: 5.010000
/bbs/Gossiping/M.1496408989.A.CD1.html download to ptt/Gossiping/22220_3.txt, time: 5.540000
/bbs/Gossiping/M.1496409015.A.298.html download to ptt/Gossiping/22220_4.txt, time: 4.310000
/bbs/Gossiping/M.1496409023.A.4AA.html download to ptt/Gossiping/22220_5.txt, time: 6.060000
/bbs/Gossiping/M.1496409037.A.AA5.html download to ptt/Gossiping/22220_6.txt, time: 2.660000
/bbs/Gossiping/M.1496409037.A.71C.html download to ptt/Gossiping/22220_7.txt, time: 4.080000
/bbs/Gossiping/M.1496409062.A.C67.html download to ptt/Gossiping/22220_8.txt, time: 10.120000
/bbs/Gossiping/M.1496409068.A.0A8.html download to ptt/Gossiping/22220_9.txt, time: 4.550000
/bbs/Gossiping/M.1496409089.A.C12.html download to ptt/Gossiping/22220_10.txt, time: 4.610000
/bbs/Gossiping/M.1496409125.A.8B4.html download to ptt/Gossiping/22220_11.txt, time: 3.470000
/bbs/Gossiping/M.1496409152.A.16C.html download to ptt/Gossiping/22220_12.txt, time: 4.300000
/bbs/Gossiping/M.1496409183.A.EDF.html download to ptt/Gossiping/22220_13.txt, time: 5.840000
/bbs/Gossiping/M.1496409243.A.C90.html download to ptt/Gossiping/22220_14.txt, time: 5.500000
/bbs/Gossiping/M.1496409249.A.EA6.html download to ptt/Gossiping/22220_15.txt, time: 5.660000
/bbs/Gossiping/M.1496409276.A.972.html download to ptt/Gossiping/22220_16.txt, time: 4.480000
/bbs/Gossiping/M.1496409278.A.FA4.html download to ptt/Gossiping/22220_17.txt, time: 4.530000
/bbs/Gossiping/M.1496409285.A.208.html download to ptt/Gossiping/22220_18.txt, time: 3.410000
/bbs/Gossiping/M.1496409297.A.E6B.html download to ptt/Gossiping/22220_19.txt, time: 5.340000
page 22219
/bbs/Gossiping/M.1496408046.A.F33.html download to ptt/Gossiping/22219_0.txt, time: 6.080000
/bbs/Gossiping/M.1496408084.A.71A.html download to ptt/Gossiping/22219_1.txt, time: 4.420000
/bbs/Gossiping/M.1496408135.A.F99.html download to ptt/Gossiping/22219_2.txt, time: 3.780000
/bbs/Gossiping/M.1496408287.A.E22.html download to ptt/Gossiping/22219_3.txt, time: 3.130000
/bbs/Gossiping/M.1496408314.A.EF9.html download to ptt/Gossiping/22219_4.txt, time: 4.390000
/bbs/Gossiping/M.1496408324.A.BD4.html download to ptt/Gossiping/22219_5.txt, time: 6.130000
/bbs/Gossiping/M.1496408371.A.E30.html download to ptt/Gossiping/22219_6.txt, time: 5.920000
/bbs/Gossiping/M.1496408378.A.694.html download to ptt/Gossiping/22219_7.txt, time: 3.790000
/bbs/Gossiping/M.1496408403.A.0C2.html download to ptt/Gossiping/22219_8.txt, time: 4.460000
/bbs/Gossiping/M.1496408420.A.347.html download to ptt/Gossiping/22219_9.txt, time: 5.700000
/bbs/Gossiping/M.1496408472.A.802.html download to ptt/Gossiping/22219_10.txt, time: 5.400000
/bbs/Gossiping/M.1496408525.A.B67.html download to ptt/Gossiping/22219_11.txt, time: 5.020000
/bbs/Gossiping/M.1496408606.A.121.html download to ptt/Gossiping/22219_12.txt, time: 4.250000
/bbs/Gossiping/M.1496408611.A.BDF.html download to ptt/Gossiping/22219_13.txt, time: 5.160000
/bbs/Gossiping/M.1496408675.A.978.html download to ptt/Gossiping/22219_14.txt, time: 5.040000
/bbs/Gossiping/M.1496408682.A.85A.html download to ptt/Gossiping/22219_15.txt, time: 5.460000
/bbs/Gossiping/M.1496408707.A.6E8.html download to ptt/Gossiping/22219_16.txt, time: 4.660000
/bbs/Gossiping/M.1496408751.A.416.html download to ptt/Gossiping/22219_17.txt, time: 5.460000
/bbs/Gossiping/M.1496408906.A.05F.html download to ptt/Gossiping/22219_18.txt, time: 4.240000
/bbs/Gossiping/M.1496408910.A.88F.html download to ptt/Gossiping/22219_19.txt, time: 5.920000
page 22218
/bbs/Gossiping/M.1496407606.A.154.html download to ptt/Gossiping/22218_0.txt, time: 4.950000
/bbs/Gossiping/M.1496407621.A.EBC.html download to ptt/Gossiping/22218_1.txt, time: 11.310000
/bbs/Gossiping/M.1496407631.A.028.html download to ptt/Gossiping/22218_2.txt, time: 5.260000
/bbs/Gossiping/M.1496407638.A.D1F.html download to ptt/Gossiping/22218_3.txt, time: 7.670000
/bbs/Gossiping/M.1496407645.A.F96.html download to ptt/Gossiping/22218_4.txt, time: 10.380000
/bbs/Gossiping/M.1496407660.A.DF7.html download to ptt/Gossiping/22218_5.txt, time: 15.550000
/bbs/Gossiping/M.1496407666.A.BE4.html download to ptt/Gossiping/22218_6.txt, time: 4.280000
/bbs/Gossiping/M.1496407680.A.0A4.html download to ptt/Gossiping/22218_7.txt, time: 4.570000
/bbs/Gossiping/M.1496407682.A.89E.html download to ptt/Gossiping/22218_8.txt, time: 8.860000
/bbs/Gossiping/M.1496407706.A.441.html download to ptt/Gossiping/22218_9.txt, time: 7.150000
/bbs/Gossiping/M.1496407714.A.6ED.html download to ptt/Gossiping/22218_10.txt, time: 10.220000
/bbs/Gossiping/M.1496407762.A.3FA.html download to ptt/Gossiping/22218_11.txt, time: 6.370000
empty download to ptt/Gossiping/22218_12.txt, time: 0.000000
/bbs/Gossiping/M.1496407881.A.E33.html download to ptt/Gossiping/22218_13.txt, time: 9.390000
/bbs/Gossiping/M.1496407890.A.1B9.html download to ptt/Gossiping/22218_14.txt, time: 4.350000
/bbs/Gossiping/M.1496407956.A.178.html download to ptt/Gossiping/22218_15.txt, time: 3.880000
/bbs/Gossiping/M.1496407961.A.8FF.html download to ptt/Gossiping/22218_16.txt, time: 5.040000
/bbs/Gossiping/M.1496407980.A.F52.html download to ptt/Gossiping/22218_17.txt, time: 2.760000
/bbs/Gossiping/M.1496407985.A.C1F.html download to ptt/Gossiping/22218_18.txt, time: 7.160000
/bbs/Gossiping/M.1496408018.A.221.html download to ptt/Gossiping/22218_19.txt, time: 3.790000
page 22217
/bbs/Gossiping/M.1496407051.A.8C6.html download to ptt/Gossiping/22217_0.txt, time: 4.830000
/bbs/Gossiping/M.1496407058.A.C8C.html download to ptt/Gossiping/22217_1.txt, time: 4.790000
/bbs/Gossiping/M.1496407085.A.27F.html download to ptt/Gossiping/22217_2.txt, time: 3.290000
/bbs/Gossiping/M.1496407086.A.8A7.html download to ptt/Gossiping/22217_3.txt, time: 3.850000
/bbs/Gossiping/M.1496407209.A.CEE.html download to ptt/Gossiping/22217_4.txt, time: 2.860000
/bbs/Gossiping/M.1496407230.A.31D.html download to ptt/Gossiping/22217_5.txt, time: 4.360000
/bbs/Gossiping/M.1496407290.A.8C8.html download to ptt/Gossiping/22217_6.txt, time: 5.050000
/bbs/Gossiping/M.1496407300.A.B41.html download to ptt/Gossiping/22217_7.txt, time: 4.350000
/bbs/Gossiping/M.1496407336.A.AFC.html download to ptt/Gossiping/22217_8.txt, time: 4.220000
/bbs/Gossiping/M.1496407362.A.EC3.html download to ptt/Gossiping/22217_9.txt, time: 4.290000
/bbs/Gossiping/M.1496407368.A.D24.html download to ptt/Gossiping/22217_10.txt, time: 5.430000
/bbs/Gossiping/M.1496407418.A.301.html download to ptt/Gossiping/22217_11.txt, time: 4.410000
/bbs/Gossiping/M.1496407446.A.CFB.html download to ptt/Gossiping/22217_12.txt, time: 4.070000
/bbs/Gossiping/M.1496407462.A.00F.html download to ptt/Gossiping/22217_13.txt, time: 4.650000
/bbs/Gossiping/M.1496407484.A.AC6.html download to ptt/Gossiping/22217_14.txt, time: 4.510000
/bbs/Gossiping/M.1496407530.A.EDA.html download to ptt/Gossiping/22217_15.txt, time: 4.720000
/bbs/Gossiping/M.1496407533.A.784.html download to ptt/Gossiping/22217_16.txt, time: 3.680000
/bbs/Gossiping/M.1496407554.A.175.html download to ptt/Gossiping/22217_17.txt, time: 4.280000
/bbs/Gossiping/M.1496407558.A.56A.html download to ptt/Gossiping/22217_18.txt, time: 6.210000
/bbs/Gossiping/M.1496407599.A.5B1.html download to ptt/Gossiping/22217_19.txt, time: 6.530000
page 22216
/bbs/Gossiping/M.1496406569.A.8A2.html download to ptt/Gossiping/22216_0.txt, time: 3.420000
/bbs/Gossiping/M.1496406594.A.BCE.html download to ptt/Gossiping/22216_1.txt, time: 2.560000
/bbs/Gossiping/M.1496406596.A.B53.html download to ptt/Gossiping/22216_2.txt, time: 5.780000
/bbs/Gossiping/M.1496406600.A.80C.html download to ptt/Gossiping/22216_3.txt, time: 5.010000
/bbs/Gossiping/M.1496406645.A.B61.html download to ptt/Gossiping/22216_4.txt, time: 2.800000
/bbs/Gossiping/M.1496406651.A.5D9.html download to ptt/Gossiping/22216_5.txt, time: 3.140000
/bbs/Gossiping/M.1496406674.A.F78.html download to ptt/Gossiping/22216_6.txt, time: 2.620000
/bbs/Gossiping/M.1496406687.A.81C.html download to ptt/Gossiping/22216_7.txt, time: 2.830000
/bbs/Gossiping/M.1496406732.A.A53.html download to ptt/Gossiping/22216_8.txt, time: 4.000000
/bbs/Gossiping/M.1496406737.A.FCA.html download to ptt/Gossiping/22216_9.txt, time: 3.680000
/bbs/Gossiping/M.1496406751.A.8DB.html download to ptt/Gossiping/22216_10.txt, time: 2.900000
/bbs/Gossiping/M.1496406765.A.73C.html download to ptt/Gossiping/22216_11.txt, time: 3.670000
/bbs/Gossiping/M.1496406797.A.DE3.html download to ptt/Gossiping/22216_12.txt, time: 4.380000
/bbs/Gossiping/M.1496406813.A.1F3.html download to ptt/Gossiping/22216_13.txt, time: 3.500000
/bbs/Gossiping/M.1496406842.A.97B.html download to ptt/Gossiping/22216_14.txt, time: 4.780000
/bbs/Gossiping/M.1496406965.A.B88.html download to ptt/Gossiping/22216_15.txt, time: 2.340000
/bbs/Gossiping/M.1496406977.A.261.html download to ptt/Gossiping/22216_16.txt, time: 3.870000
/bbs/Gossiping/M.1496406982.A.B0E.html download to ptt/Gossiping/22216_17.txt, time: 3.120000
/bbs/Gossiping/M.1496406995.A.99C.html download to ptt/Gossiping/22216_18.txt, time: 3.080000
/bbs/Gossiping/M.1496407013.A.4D2.html download to ptt/Gossiping/22216_19.txt, time: 3.090000
time: 549.6919581890106 seconds
