page 22230
/bbs/Gossiping/M.1496412939.A.859.html download to ptt/Gossiping/22230_0.txt, time: 5.380000
/bbs/Gossiping/M.1496412945.A.75F.html download to ptt/Gossiping/22230_1.txt, time: 6.590000
/bbs/Gossiping/M.1496413009.A.639.html download to ptt/Gossiping/22230_2.txt, time: 3.040000
/bbs/Gossiping/M.1496413017.A.225.html download to ptt/Gossiping/22230_3.txt, time: 3.520000
/bbs/Gossiping/M.1496413040.A.A4E.html download to ptt/Gossiping/22230_4.txt, time: 5.850000
/bbs/Gossiping/M.1496413042.A.B5C.html download to ptt/Gossiping/22230_5.txt, time: 3.540000
/bbs/Gossiping/M.1496413043.A.76D.html download to ptt/Gossiping/22230_6.txt, time: 7.790000
/bbs/Gossiping/M.1496413066.A.13B.html download to ptt/Gossiping/22230_7.txt, time: 6.560000
/bbs/Gossiping/M.1496413080.A.31A.html download to ptt/Gossiping/22230_8.txt, time: 3.310000
/bbs/Gossiping/M.1496413082.A.938.html download to ptt/Gossiping/22230_9.txt, time: 6.010000
/bbs/Gossiping/M.1496413121.A.725.html download to ptt/Gossiping/22230_10.txt, time: 3.870000
/bbs/Gossiping/M.1496413125.A.F9B.html download to ptt/Gossiping/22230_11.txt, time: 4.860000
/bbs/Gossiping/M.1496413147.A.04E.html download to ptt/Gossiping/22230_12.txt, time: 5.040000
/bbs/Gossiping/M.1496413166.A.3B2.html download to ptt/Gossiping/22230_13.txt, time: 8.570000
/bbs/Gossiping/M.1496413231.A.5E2.html download to ptt/Gossiping/22230_14.txt, time: 4.120000
/bbs/Gossiping/M.1496413248.A.096.html download to ptt/Gossiping/22230_15.txt, time: 6.440000
/bbs/Gossiping/M.1496413256.A.173.html download to ptt/Gossiping/22230_16.txt, time: 2.950000
/bbs/Gossiping/M.1496413315.A.D22.html download to ptt/Gossiping/22230_17.txt, time: 4.950000
/bbs/Gossiping/M.1496413366.A.4BF.html download to ptt/Gossiping/22230_18.txt, time: 3.660000
/bbs/Gossiping/M.1496413379.A.2E7.html download to ptt/Gossiping/22230_19.txt, time: 3.860000
page 22229
/bbs/Gossiping/M.1496412651.A.298.html download to ptt/Gossiping/22229_0.txt, time: 3.700000
/bbs/Gossiping/M.1496412658.A.03B.html download to ptt/Gossiping/22229_1.txt, time: 4.380000
/bbs/Gossiping/M.1496412670.A.3C8.html download to ptt/Gossiping/22229_2.txt, time: 4.920000
/bbs/Gossiping/M.1496412733.A.6A8.html download to ptt/Gossiping/22229_3.txt, time: 4.680000
/bbs/Gossiping/M.1496412735.A.91A.html download to ptt/Gossiping/22229_4.txt, time: 5.020000
/bbs/Gossiping/M.1496412749.A.593.html download to ptt/Gossiping/22229_5.txt, time: 3.620000
/bbs/Gossiping/M.1496412749.A.A6E.html download to ptt/Gossiping/22229_6.txt, time: 4.650000
/bbs/Gossiping/M.1496412754.A.8D3.html download to ptt/Gossiping/22229_7.txt, time: 5.250000
/bbs/Gossiping/M.1496412767.A.A5E.html download to ptt/Gossiping/22229_8.txt, time: 5.910000
/bbs/Gossiping/M.1496412788.A.E9F.html download to ptt/Gossiping/22229_9.txt, time: 5.020000
/bbs/Gossiping/M.1496412814.A.1BE.html download to ptt/Gossiping/22229_10.txt, time: 3.820000
/bbs/Gossiping/M.1496412847.A.2BD.html download to ptt/Gossiping/22229_11.txt, time: 3.890000
/bbs/Gossiping/M.1496412867.A.A0E.html download to ptt/Gossiping/22229_12.txt, time: 5.630000
/bbs/Gossiping/M.1496412878.A.AB4.html download to ptt/Gossiping/22229_13.txt, time: 4.720000
/bbs/Gossiping/M.1496412881.A.AA0.html download to ptt/Gossiping/22229_14.txt, time: 5.170000
/bbs/Gossiping/M.1496412881.A.8CD.html download to ptt/Gossiping/22229_15.txt, time: 6.450000
/bbs/Gossiping/M.1496412883.A.620.html download to ptt/Gossiping/22229_16.txt, time: 6.160000
/bbs/Gossiping/M.1496412906.A.4DA.html download to ptt/Gossiping/22229_17.txt, time: 5.100000
/bbs/Gossiping/M.1496412906.A.107.html download to ptt/Gossiping/22229_18.txt, time: 5.020000
/bbs/Gossiping/M.1496412932.A.888.html download to ptt/Gossiping/22229_19.txt, time: 4.190000
page 22228
/bbs/Gossiping/M.1496412280.A.D4C.html download to ptt/Gossiping/22228_0.txt, time: 5.830000
/bbs/Gossiping/M.1496412301.A.A85.html download to ptt/Gossiping/22228_1.txt, time: 6.420000
/bbs/Gossiping/M.1496412336.A.B40.html download to ptt/Gossiping/22228_2.txt, time: 5.110000
/bbs/Gossiping/M.1496412338.A.AD8.html download to ptt/Gossiping/22228_3.txt, time: 4.690000
/bbs/Gossiping/M.1496412346.A.64D.html download to ptt/Gossiping/22228_4.txt, time: 15.470000
/bbs/Gossiping/M.1496412347.A.247.html download to ptt/Gossiping/22228_5.txt, time: 5.010000
/bbs/Gossiping/M.1496412368.A.FFC.html download to ptt/Gossiping/22228_6.txt, time: 5.020000
/bbs/Gossiping/M.1496412382.A.805.html download to ptt/Gossiping/22228_7.txt, time: 4.990000
/bbs/Gossiping/M.1496412384.A.093.html download to ptt/Gossiping/22228_8.txt, time: 9.370000
/bbs/Gossiping/M.1496412437.A.7A2.html download to ptt/Gossiping/22228_9.txt, time: 5.300000
/bbs/Gossiping/M.1496412465.A.2EF.html download to ptt/Gossiping/22228_10.txt, time: 10.230000
/bbs/Gossiping/M.1496412474.A.112.html download to ptt/Gossiping/22228_11.txt, time: 4.010000
/bbs/Gossiping/M.1496412478.A.8FF.html download to ptt/Gossiping/22228_12.txt, time: 4.190000
/bbs/Gossiping/M.1496412480.A.20C.html download to ptt/Gossiping/22228_13.txt, time: 5.140000
/bbs/Gossiping/M.1496412489.A.6E7.htmlTraceback (most recent call last):
  File "/home/studentyl/anaconda3/lib/python3.6/site-packages/requests/packages/urllib3/connectionpool.py", line 600, in urlopen
    chunked=chunked)
  File "/home/studentyl/anaconda3/lib/python3.6/site-packages/requests/packages/urllib3/connectionpool.py", line 386, in _make_request
    six.raise_from(e, None)
  File "<string>", line 2, in raise_from
  File "/home/studentyl/anaconda3/lib/python3.6/site-packages/requests/packages/urllib3/connectionpool.py", line 382, in _make_request
    httplib_response = conn.getresponse()
  File "/home/studentyl/anaconda3/lib/python3.6/http/client.py", line 1331, in getresponse
    response.begin()
  File "/home/studentyl/anaconda3/lib/python3.6/http/client.py", line 297, in begin
    version, status, reason = self._read_status()
  File "/home/studentyl/anaconda3/lib/python3.6/http/client.py", line 266, in _read_status
    raise RemoteDisconnected("Remote end closed connection without"
http.client.RemoteDisconnected: Remote end closed connection without response

During handling of the above exception, another exception occurred:

Traceback (most recent call last):
  File "/home/studentyl/anaconda3/lib/python3.6/site-packages/requests/adapters.py", line 438, in send
    timeout=timeout
  File "/home/studentyl/anaconda3/lib/python3.6/site-packages/requests/packages/urllib3/connectionpool.py", line 649, in urlopen
    _stacktrace=sys.exc_info()[2])
  File "/home/studentyl/anaconda3/lib/python3.6/site-packages/requests/packages/urllib3/util/retry.py", line 357, in increment
    raise six.reraise(type(error), error, _stacktrace)
  File "/home/studentyl/anaconda3/lib/python3.6/site-packages/requests/packages/urllib3/packages/six.py", line 685, in reraise
    raise value.with_traceback(tb)
  File "/home/studentyl/anaconda3/lib/python3.6/site-packages/requests/packages/urllib3/connectionpool.py", line 600, in urlopen
    chunked=chunked)
  File "/home/studentyl/anaconda3/lib/python3.6/site-packages/requests/packages/urllib3/connectionpool.py", line 386, in _make_request
    six.raise_from(e, None)
  File "<string>", line 2, in raise_from
  File "/home/studentyl/anaconda3/lib/python3.6/site-packages/requests/packages/urllib3/connectionpool.py", line 382, in _make_request
    httplib_response = conn.getresponse()
  File "/home/studentyl/anaconda3/lib/python3.6/http/client.py", line 1331, in getresponse
    response.begin()
  File "/home/studentyl/anaconda3/lib/python3.6/http/client.py", line 297, in begin
    version, status, reason = self._read_status()
  File "/home/studentyl/anaconda3/lib/python3.6/http/client.py", line 266, in _read_status
    raise RemoteDisconnected("Remote end closed connection without"
requests.packages.urllib3.exceptions.ProtocolError: ('Connection aborted.', RemoteDisconnected('Remote end closed connection without response',))

During handling of the above exception, another exception occurred:

Traceback (most recent call last):
  File "./crawler.py", line 177, in <module>
    main(sys.argv[1:])
  File "./crawler.py", line 158, in main
    downloadForum(forumName, startPage, pages)
  File "./crawler.py", line 140, in downloadForum
    downloadPage(str(articleCount), forumName, pageNum, 'https://www.ptt.cc'+link)
  File "./crawler.py", line 82, in downloadPage
    pageText = getPageText(link)
  File "./crawler.py", line 13, in getPageText
    pageText=requests.get(link, cookies={'over18':'1'}).text
  File "/home/studentyl/anaconda3/lib/python3.6/site-packages/requests/api.py", line 72, in get
    return request('get', url, params=params, **kwargs)
  File "/home/studentyl/anaconda3/lib/python3.6/site-packages/requests/api.py", line 58, in request
    return session.request(method=method, url=url, **kwargs)
  File "/home/studentyl/anaconda3/lib/python3.6/site-packages/requests/sessions.py", line 518, in request
    resp = self.send(prep, **send_kwargs)
  File "/home/studentyl/anaconda3/lib/python3.6/site-packages/requests/sessions.py", line 639, in send
    r = adapter.send(request, **kwargs)
  File "/home/studentyl/anaconda3/lib/python3.6/site-packages/requests/adapters.py", line 488, in send
    raise ConnectionError(err, request=request)
requests.exceptions.ConnectionError: ('Connection aborted.', RemoteDisconnected('Remote end closed connection without response',))
