page 22240
/bbs/Gossiping/M.1496418189.A.25B.html download to ptt/Gossiping/22240_0.txt, time: 9.290000
/bbs/Gossiping/M.1496418206.A.290.html download to ptt/Gossiping/22240_1.txt, time: 5.530000
/bbs/Gossiping/M.1496418210.A.589.html download to ptt/Gossiping/22240_2.txt, time: 4.760000
/bbs/Gossiping/M.1496418233.A.A21.html download to ptt/Gossiping/22240_3.txt, time: 6.490000
/bbs/Gossiping/M.1496418247.A.73B.html download to ptt/Gossiping/22240_4.txt, time: 4.440000
/bbs/Gossiping/M.1496418268.A.25F.html download to ptt/Gossiping/22240_5.txt, time: 5.340000
/bbs/Gossiping/M.1496418278.A.7F3.html download to ptt/Gossiping/22240_6.txt, time: 7.760000
/bbs/Gossiping/M.1496418411.A.BE5.html download to ptt/Gossiping/22240_7.txt, time: 6.130000
/bbs/Gossiping/M.1496418413.A.060.html download to ptt/Gossiping/22240_8.txt, time: 4.380000
/bbs/Gossiping/M.1496418422.A.E03.html download to ptt/Gossiping/22240_9.txt, time: 4.510000
/bbs/Gossiping/M.1496418445.A.659.html download to ptt/Gossiping/22240_10.txt, time: 5.470000
/bbs/Gossiping/M.1496418527.A.784.html download to ptt/Gossiping/22240_11.txt, time: 4.910000
/bbs/Gossiping/M.1496418540.A.9CC.html download to ptt/Gossiping/22240_12.txt, time: 5.600000
/bbs/Gossiping/M.1496418542.A.8DD.html download to ptt/Gossiping/22240_13.txt, time: 5.670000
/bbs/Gossiping/M.1496418550.A.B26.html download to ptt/Gossiping/22240_14.txt, time: 3.420000
/bbs/Gossiping/M.1496418569.A.E80.html download to ptt/Gossiping/22240_15.txt, time: 3.920000
/bbs/Gossiping/M.1496418584.A.D75.html download to ptt/Gossiping/22240_16.txt, time: 3.470000
/bbs/Gossiping/M.1496418585.A.1A9.html download to ptt/Gossiping/22240_17.txt, time: 4.990000
/bbs/Gossiping/M.1496418617.A.AAC.html download to ptt/Gossiping/22240_18.txt, time: 5.940000
/bbs/Gossiping/M.1496418620.A.CAD.html download to ptt/Gossiping/22240_19.txt, time: 4.450000
page 22239
/bbs/Gossiping/M.1496417826.A.167.html download to ptt/Gossiping/22239_0.txt, time: 5.420000
/bbs/Gossiping/M.1496417832.A.A4B.html download to ptt/Gossiping/22239_1.txt, time: 5.560000
/bbs/Gossiping/M.1496417864.A.A8D.html download to ptt/Gossiping/22239_2.txt, time: 3.340000
/bbs/Gossiping/M.1496417874.A.E35.html download to ptt/Gossiping/22239_3.txt, time: 4.220000
empty download to ptt/Gossiping/22239_4.txt, time: 0.000000
/bbs/Gossiping/M.1496417894.A.7BB.html download to ptt/Gossiping/22239_5.txt, time: 5.670000
/bbs/Gossiping/M.1496417925.A.D47.html download to ptt/Gossiping/22239_6.txt, time: 4.920000
/bbs/Gossiping/M.1496417928.A.CBF.html download to ptt/Gossiping/22239_7.txt, time: 6.030000
empty download to ptt/Gossiping/22239_8.txt, time: 0.000000
/bbs/Gossiping/M.1496417977.A.8A2.html download to ptt/Gossiping/22239_9.txt, time: 5.830000
/bbs/Gossiping/M.1496418024.A.A72.html download to ptt/Gossiping/22239_10.txt, time: 5.280000
/bbs/Gossiping/M.1496418063.A.7E8.html download to ptt/Gossiping/22239_11.txt, time: 5.950000
/bbs/Gossiping/M.1496418063.A.A77.html download to ptt/Gossiping/22239_12.txt, time: 5.600000
/bbs/Gossiping/M.1496418070.A.7F1.html download to ptt/Gossiping/22239_13.txt, time: 6.470000
/bbs/Gossiping/M.1496418095.A.FD0.html download to ptt/Gossiping/22239_14.txt, time: 5.700000
/bbs/Gossiping/M.1496418102.A.852.html download to ptt/Gossiping/22239_15.txt, time: 7.680000
/bbs/Gossiping/M.1496418122.A.D22.html download to ptt/Gossiping/22239_16.txt, time: 6.470000
/bbs/Gossiping/M.1496418141.A.853.html download to ptt/Gossiping/22239_17.txt, time: 12.130000
/bbs/Gossiping/M.1496418164.A.FA4.html download to ptt/Gossiping/22239_18.txt, time: 16.920000
/bbs/Gossiping/M.1496418183.A.685.html download to ptt/Gossiping/22239_19.txt, time: 5.500000
page 22238
/bbs/Gossiping/M.1496417196.A.61F.html download to ptt/Gossiping/22238_0.txt, time: 5.030000
/bbs/Gossiping/M.1496417257.A.F77.html download to ptt/Gossiping/22238_1.txt, time: 16.860000
/bbs/Gossiping/M.1496417272.A.52C.html download to ptt/Gossiping/22238_2.txt, time: 6.690000
/bbs/Gossiping/M.1496417355.A.9A5.html download to ptt/Gossiping/22238_3.txt, time: 4.830000
/bbs/Gossiping/M.1496417408.A.0C7.html download to ptt/Gossiping/22238_4.txt, time: 4.910000
/bbs/Gossiping/M.1496417411.A.335.html download to ptt/Gossiping/22238_5.txt, time: 6.880000
/bbs/Gossiping/M.1496417420.A.50C.html download to ptt/Gossiping/22238_6.txt, time: 6.020000
/bbs/Gossiping/M.1496417432.A.2CD.html download to ptt/Gossiping/22238_7.txt, time: 4.210000
/bbs/Gossiping/M.1496417437.A.252.html download to ptt/Gossiping/22238_8.txt, time: 11.110000
/bbs/Gossiping/M.1496417439.A.988.html download to ptt/Gossiping/22238_9.txt, time: 4.700000
/bbs/Gossiping/M.1496417535.A.2FE.html download to ptt/Gossiping/22238_10.txt, time: 3.580000
/bbs/Gossiping/M.1496417619.A.2D1.html download to ptt/Gossiping/22238_11.txt, time: 3.100000
/bbs/Gossiping/M.1496417636.A.E8D.html download to ptt/Gossiping/22238_12.txt, time: 4.980000
/bbs/Gossiping/M.1496417664.A.7EE.html download to ptt/Gossiping/22238_13.txt, time: 5.170000
/bbs/Gossiping/M.1496417704.A.9A8.html download to ptt/Gossiping/22238_14.txt, time: 4.660000
/bbs/Gossiping/M.1496417714.A.F38.html download to ptt/Gossiping/22238_15.txt, time: 3.220000
/bbs/Gossiping/M.1496417742.A.ACC.html download to ptt/Gossiping/22238_16.txt, time: 2.790000
/bbs/Gossiping/M.1496417751.A.ACB.html download to ptt/Gossiping/22238_17.txt, time: 3.890000
/bbs/Gossiping/M.1496417788.A.316.html download to ptt/Gossiping/22238_18.txt, time: 2.960000
/bbs/Gossiping/M.1496417797.A.1F6.html download to ptt/Gossiping/22238_19.txt, time: 5.410000
page 22237
/bbs/Gossiping/M.1496416628.A.00F.html download to ptt/Gossiping/22237_0.txt, time: 3.700000
/bbs/Gossiping/M.1496416701.A.D9C.html download to ptt/Gossiping/22237_1.txt, time: 4.460000
/bbs/Gossiping/M.1496416731.A.E16.html download to ptt/Gossiping/22237_2.txt, time: 4.330000
/bbs/Gossiping/M.1496416762.A.1FB.html download to ptt/Gossiping/22237_3.txt, time: 4.120000
/bbs/Gossiping/M.1496416774.A.3E5.html download to ptt/Gossiping/22237_4.txt, time: 3.080000
/bbs/Gossiping/M.1496416801.A.3A1.html download to ptt/Gossiping/22237_5.txt, time: 3.960000
/bbs/Gossiping/M.1496416847.A.C63.html download to ptt/Gossiping/22237_6.txt, time: 2.640000
/bbs/Gossiping/M.1496416855.A.196.html download to ptt/Gossiping/22237_7.txt, time: 2.790000
/bbs/Gossiping/M.1496416871.A.506.html download to ptt/Gossiping/22237_8.txt, time: 3.580000
/bbs/Gossiping/M.1496416917.A.C80.html download to ptt/Gossiping/22237_9.txt, time: 5.820000
/bbs/Gossiping/M.1496416958.A.B4D.html download to ptt/Gossiping/22237_10.txt, time: 7.090000
/bbs/Gossiping/M.1496416992.A.625.html download to ptt/Gossiping/22237_11.txt, time: 5.800000
/bbs/Gossiping/M.1496417012.A.DCA.html download to ptt/Gossiping/22237_12.txt, time: 3.970000
/bbs/Gossiping/M.1496417027.A.2FA.html download to ptt/Gossiping/22237_13.txt, time: 3.800000
/bbs/Gossiping/M.1496417051.A.818.html download to ptt/Gossiping/22237_14.txt, time: 4.480000
/bbs/Gossiping/M.1496417091.A.2E9.html download to ptt/Gossiping/22237_15.txt, time: 3.300000
/bbs/Gossiping/M.1496417100.A.2D1.html download to ptt/Gossiping/22237_16.txt, time: 4.090000
/bbs/Gossiping/M.1496417108.A.CE4.html download to ptt/Gossiping/22237_17.txt, time: 3.130000
/bbs/Gossiping/M.1496417130.A.9E5.html download to ptt/Gossiping/22237_18.txt, time: 4.050000
/bbs/Gossiping/M.1496417136.A.25A.html download to ptt/Gossiping/22237_19.txt, time: 3.730000
page 22236
/bbs/Gossiping/M.1496416219.A.B19.html download to ptt/Gossiping/22236_0.txt, time: 3.290000
/bbs/Gossiping/M.1496416222.A.DBB.html download to ptt/Gossiping/22236_1.txt, time: 3.280000
/bbs/Gossiping/M.1496416259.A.C52.html download to ptt/Gossiping/22236_2.txt, time: 4.630000
/bbs/Gossiping/M.1496416264.A.BA3.html download to ptt/Gossiping/22236_3.txt, time: 4.900000
/bbs/Gossiping/M.1496416294.A.140.html download to ptt/Gossiping/22236_4.txt, time: 4.600000
/bbs/Gossiping/M.1496416313.A.C88.html download to ptt/Gossiping/22236_5.txt, time: 4.210000
/bbs/Gossiping/M.1496416317.A.5F3.html download to ptt/Gossiping/22236_6.txt, time: 4.340000
/bbs/Gossiping/M.1496416368.A.79F.html download to ptt/Gossiping/22236_7.txt, time: 2.810000
/bbs/Gossiping/M.1496416371.A.362.html download to ptt/Gossiping/22236_8.txt, time: 2.240000
/bbs/Gossiping/M.1496416399.A.85D.html download to ptt/Gossiping/22236_9.txt, time: 4.250000
/bbs/Gossiping/M.1496416411.A.A39.html download to ptt/Gossiping/22236_10.txt, time: 4.180000
/bbs/Gossiping/M.1496416462.A.D4C.html download to ptt/Gossiping/22236_11.txt, time: 5.020000
/bbs/Gossiping/M.1496416475.A.EDB.html download to ptt/Gossiping/22236_12.txt, time: 11.570000
/bbs/Gossiping/M.1496416488.A.802.html download to ptt/Gossiping/22236_13.txt, time: 3.310000
/bbs/Gossiping/M.1496416531.A.207.html download to ptt/Gossiping/22236_14.txt, time: 1.610000
/bbs/Gossiping/M.1496416570.A.5CA.html download to ptt/Gossiping/22236_15.txt, time: 1.400000
/bbs/Gossiping/M.1496416587.A.C42.html download to ptt/Gossiping/22236_16.txt, time: 0.900000
/bbs/Gossiping/M.1496416596.A.3E5.html download to ptt/Gossiping/22236_17.txt, time: 0.780000
/bbs/Gossiping/M.1496416615.A.153.html download to ptt/Gossiping/22236_18.txt, time: 0.810000
/bbs/Gossiping/M.1496416617.A.822.html download to ptt/Gossiping/22236_19.txt, time: 0.800000
time: 543.8630731105804 seconds
