page 22250
/bbs/Gossiping/M.1496422114.A.96A.html download to ptt/Gossiping/22250_0.txt, time: 4.280000
/bbs/Gossiping/M.1496422124.A.71C.html download to ptt/Gossiping/22250_1.txt, time: 5.110000
/bbs/Gossiping/M.1496422147.A.987.html download to ptt/Gossiping/22250_2.txt, time: 4.240000
/bbs/Gossiping/M.1496422164.A.8D9.html download to ptt/Gossiping/22250_3.txt, time: 4.550000
/bbs/Gossiping/M.1496422216.A.BDE.html download to ptt/Gossiping/22250_4.txt, time: 4.380000
/bbs/Gossiping/M.1496422236.A.69F.html download to ptt/Gossiping/22250_5.txt, time: 7.540000
/bbs/Gossiping/M.1496422252.A.8CA.html download to ptt/Gossiping/22250_6.txt, time: 5.660000
/bbs/Gossiping/M.1496422264.A.6B8.html download to ptt/Gossiping/22250_7.txt, time: 5.460000
/bbs/Gossiping/M.1496422278.A.365.html download to ptt/Gossiping/22250_8.txt, time: 6.750000
/bbs/Gossiping/M.1496422328.A.5AE.html download to ptt/Gossiping/22250_9.txt, time: 4.710000
/bbs/Gossiping/M.1496422351.A.650.html download to ptt/Gossiping/22250_10.txt, time: 5.040000
/bbs/Gossiping/M.1496422353.A.BC1.html download to ptt/Gossiping/22250_11.txt, time: 6.130000
/bbs/Gossiping/M.1496422378.A.06B.html download to ptt/Gossiping/22250_12.txt, time: 6.010000
/bbs/Gossiping/M.1496422394.A.B1D.html download to ptt/Gossiping/22250_13.txt, time: 4.830000
/bbs/Gossiping/M.1496422399.A.30E.html download to ptt/Gossiping/22250_14.txt, time: 5.450000
/bbs/Gossiping/M.1496422430.A.CC5.html download to ptt/Gossiping/22250_15.txt, time: 4.540000
/bbs/Gossiping/M.1496422431.A.304.html download to ptt/Gossiping/22250_16.txt, time: 4.410000
/bbs/Gossiping/M.1496422443.A.073.html download to ptt/Gossiping/22250_17.txt, time: 5.470000
/bbs/Gossiping/M.1496422444.A.775.html download to ptt/Gossiping/22250_18.txt, time: 5.780000
/bbs/Gossiping/M.1496422456.A.E3C.html download to ptt/Gossiping/22250_19.txt, time: 6.810000
page 22249
/bbs/Gossiping/M.1496421524.A.6A7.html download to ptt/Gossiping/22249_0.txt, time: 3.860000
/bbs/Gossiping/M.1496421546.A.765.html download to ptt/Gossiping/22249_1.txt, time: 4.440000
/bbs/Gossiping/M.1496421586.A.030.html download to ptt/Gossiping/22249_2.txt, time: 4.830000
/bbs/Gossiping/M.1496421586.A.32B.html download to ptt/Gossiping/22249_3.txt, time: 5.340000
/bbs/Gossiping/M.1496421588.A.584.html download to ptt/Gossiping/22249_4.txt, time: 5.190000
/bbs/Gossiping/M.1496421616.A.6A9.html download to ptt/Gossiping/22249_5.txt, time: 4.780000
/bbs/Gossiping/M.1496421624.A.8DB.html download to ptt/Gossiping/22249_6.txt, time: 7.150000
/bbs/Gossiping/M.1496421632.A.CA9.html download to ptt/Gossiping/22249_7.txt, time: 4.000000
/bbs/Gossiping/M.1496421702.A.2FB.html download to ptt/Gossiping/22249_8.txt, time: 4.890000
/bbs/Gossiping/M.1496421776.A.97F.html download to ptt/Gossiping/22249_9.txt, time: 5.700000
/bbs/Gossiping/M.1496421856.A.886.html download to ptt/Gossiping/22249_10.txt, time: 4.760000
/bbs/Gossiping/M.1496421922.A.7B6.html download to ptt/Gossiping/22249_11.txt, time: 4.680000
/bbs/Gossiping/M.1496421930.A.5DE.html download to ptt/Gossiping/22249_12.txt, time: 3.710000
/bbs/Gossiping/M.1496421941.A.C4B.html download to ptt/Gossiping/22249_13.txt, time: 5.220000
/bbs/Gossiping/M.1496421977.A.09A.html download to ptt/Gossiping/22249_14.txt, time: 5.900000
/bbs/Gossiping/M.1496422002.A.F17.html download to ptt/Gossiping/22249_15.txt, time: 4.680000
/bbs/Gossiping/M.1496422044.A.56C.html download to ptt/Gossiping/22249_16.txt, time: 4.360000
/bbs/Gossiping/M.1496422074.A.D97.html download to ptt/Gossiping/22249_17.txt, time: 4.990000
/bbs/Gossiping/M.1496422106.A.B78.html download to ptt/Gossiping/22249_18.txt, time: 4.240000
/bbs/Gossiping/M.1496422109.A.3AD.html download to ptt/Gossiping/22249_19.txt, time: 8.310000
page 22248
/bbs/Gossiping/M.1496421130.A.048.html download to ptt/Gossiping/22248_0.txt, time: 7.800000
/bbs/Gossiping/M.1496421136.A.4B2.html download to ptt/Gossiping/22248_1.txt, time: 6.730000
/bbs/Gossiping/M.1496421150.A.860.html download to ptt/Gossiping/22248_2.txt, time: 8.420000
/bbs/Gossiping/M.1496421171.A.700.html download to ptt/Gossiping/22248_3.txt, time: 6.170000
/bbs/Gossiping/M.1496421202.A.81F.html download to ptt/Gossiping/22248_4.txt, time: 4.560000
/bbs/Gossiping/M.1496421229.A.4D1.html download to ptt/Gossiping/22248_5.txt, time: 5.180000
/bbs/Gossiping/M.1496421238.A.38E.html download to ptt/Gossiping/22248_6.txt, time: 6.570000
/bbs/Gossiping/M.1496421250.A.ECB.html download to ptt/Gossiping/22248_7.txt, time: 15.660000
/bbs/Gossiping/M.1496421293.A.C47.html download to ptt/Gossiping/22248_8.txt, time: 9.050000
/bbs/Gossiping/M.1496421324.A.5D3.html download to ptt/Gossiping/22248_9.txt, time: 4.950000
/bbs/Gossiping/M.1496421327.A.A43.html download to ptt/Gossiping/22248_10.txt, time: 9.470000
/bbs/Gossiping/M.1496421342.A.716.html download to ptt/Gossiping/22248_11.txt, time: 10.410000
/bbs/Gossiping/M.1496421344.A.4F1.html download to ptt/Gossiping/22248_12.txt, time: 5.770000
/bbs/Gossiping/M.1496421398.A.A92.html download to ptt/Gossiping/22248_13.txt, time: 3.980000
/bbs/Gossiping/M.1496421404.A.E9D.html download to ptt/Gossiping/22248_14.txt, time: 4.760000
/bbs/Gossiping/M.1496421413.A.103.html download to ptt/Gossiping/22248_15.txt, time: 3.900000
/bbs/Gossiping/M.1496421471.A.994.html download to ptt/Gossiping/22248_16.txt, time: 4.870000
/bbs/Gossiping/M.1496421479.A.ECA.html download to ptt/Gossiping/22248_17.txt, time: 5.380000
/bbs/Gossiping/M.1496421492.A.F56.html download to ptt/Gossiping/22248_18.txt, time: 4.420000
/bbs/Gossiping/M.1496421511.A.121.html download to ptt/Gossiping/22248_19.txt, time: 3.460000
page 22247
/bbs/Gossiping/M.1496420681.A.6A6.html download to ptt/Gossiping/22247_0.txt, time: 4.150000
/bbs/Gossiping/M.1496420706.A.F02.html download to ptt/Gossiping/22247_1.txt, time: 4.390000
/bbs/Gossiping/M.1496420770.A.731.html download to ptt/Gossiping/22247_2.txt, time: 4.550000
/bbs/Gossiping/M.1496420816.A.5A3.html download to ptt/Gossiping/22247_3.txt, time: 3.950000
/bbs/Gossiping/M.1496420819.A.6F0.html download to ptt/Gossiping/22247_4.txt, time: 5.100000
/bbs/Gossiping/M.1496420839.A.35A.html download to ptt/Gossiping/22247_5.txt, time: 3.670000
/bbs/Gossiping/M.1496420844.A.505.html download to ptt/Gossiping/22247_6.txt, time: 4.020000
/bbs/Gossiping/M.1496420845.A.829.html download to ptt/Gossiping/22247_7.txt, time: 3.690000
/bbs/Gossiping/M.1496420871.A.DD9.html download to ptt/Gossiping/22247_8.txt, time: 3.570000
/bbs/Gossiping/M.1496420888.A.0F2.html download to ptt/Gossiping/22247_9.txt, time: 6.220000
/bbs/Gossiping/M.1496420900.A.9FD.html download to ptt/Gossiping/22247_10.txt, time: 3.250000
/bbs/Gossiping/M.1496420905.A.9E4.html download to ptt/Gossiping/22247_11.txt, time: 4.350000
/bbs/Gossiping/M.1496420928.A.78B.html download to ptt/Gossiping/22247_12.txt, time: 4.700000
/bbs/Gossiping/M.1496420969.A.BE2.html download to ptt/Gossiping/22247_13.txt, time: 6.800000
/bbs/Gossiping/M.1496420980.A.91E.html download to ptt/Gossiping/22247_14.txt, time: 5.460000
/bbs/Gossiping/M.1496420984.A.6B2.html download to ptt/Gossiping/22247_15.txt, time: 5.810000
/bbs/Gossiping/M.1496421079.A.B3F.html download to ptt/Gossiping/22247_16.txt, time: 5.130000
/bbs/Gossiping/M.1496421104.A.E14.html download to ptt/Gossiping/22247_17.txt, time: 3.880000
/bbs/Gossiping/M.1496421121.A.AC6.html download to ptt/Gossiping/22247_18.txt, time: 5.020000
/bbs/Gossiping/M.1496421126.A.7C9.html download to ptt/Gossiping/22247_19.txt, time: 5.490000
page 22246
/bbs/Gossiping/M.1496420171.A.EF0.html download to ptt/Gossiping/22246_0.txt, time: 3.230000
/bbs/Gossiping/M.1496420261.A.8DC.html download to ptt/Gossiping/22246_1.txt, time: 3.760000
/bbs/Gossiping/M.1496420273.A.BBF.html download to ptt/Gossiping/22246_2.txt, time: 3.910000
/bbs/Gossiping/M.1496420324.A.7F1.html download to ptt/Gossiping/22246_3.txt, time: 4.140000
/bbs/Gossiping/M.1496420329.A.935.html download to ptt/Gossiping/22246_4.txt, time: 3.500000
/bbs/Gossiping/M.1496420364.A.D0F.html download to ptt/Gossiping/22246_5.txt, time: 3.420000
/bbs/Gossiping/M.1496420370.A.E0D.html download to ptt/Gossiping/22246_6.txt, time: 4.900000
/bbs/Gossiping/M.1496420377.A.FDC.html download to ptt/Gossiping/22246_7.txt, time: 2.890000
/bbs/Gossiping/M.1496420398.A.999.html download to ptt/Gossiping/22246_8.txt, time: 2.460000
/bbs/Gossiping/M.1496420414.A.4CF.html download to ptt/Gossiping/22246_9.txt, time: 3.150000
/bbs/Gossiping/M.1496420436.A.D21.html download to ptt/Gossiping/22246_10.txt, time: 4.510000
/bbs/Gossiping/M.1496420448.A.834.html download to ptt/Gossiping/22246_11.txt, time: 2.420000
/bbs/Gossiping/M.1496420527.A.201.html download to ptt/Gossiping/22246_12.txt, time: 4.130000
/bbs/Gossiping/M.1496420533.A.B5F.html download to ptt/Gossiping/22246_13.txt, time: 2.490000
/bbs/Gossiping/M.1496420533.A.6F5.html download to ptt/Gossiping/22246_14.txt, time: 5.990000
/bbs/Gossiping/M.1496420545.A.CC0.html download to ptt/Gossiping/22246_15.txt, time: 3.050000
/bbs/Gossiping/M.1496420574.A.0B7.html download to ptt/Gossiping/22246_16.txt, time: 2.600000
/bbs/Gossiping/M.1496420589.A.EC5.html download to ptt/Gossiping/22246_17.txt, time: 2.140000
/bbs/Gossiping/M.1496420620.A.1D0.html download to ptt/Gossiping/22246_18.txt, time: 2.040000
/bbs/Gossiping/M.1496420629.A.5E0.html download to ptt/Gossiping/22246_19.txt, time: 1.720000
time: 556.4326345920563 seconds
