page 22260
/bbs/Gossiping/M.1496428191.A.B68.html download to ptt/Gossiping/22260_0.txt, time: 4.920000
/bbs/Gossiping/M.1496428196.A.EA1.html download to ptt/Gossiping/22260_1.txt, time: 8.140000
/bbs/Gossiping/M.1496428471.A.DA6.html download to ptt/Gossiping/22260_2.txt, time: 5.880000
/bbs/Gossiping/M.1496428475.A.C51.html download to ptt/Gossiping/22260_3.txt, time: 3.280000
/bbs/Gossiping/M.1496428488.A.DBE.html download to ptt/Gossiping/22260_4.txt, time: 3.940000
/bbs/Gossiping/M.1496428581.A.475.html download to ptt/Gossiping/22260_5.txt, time: 3.720000
/bbs/Gossiping/M.1496428609.A.C4B.html download to ptt/Gossiping/22260_6.txt, time: 5.720000
/bbs/Gossiping/M.1496428652.A.7F9.html download to ptt/Gossiping/22260_7.txt, time: 4.420000
/bbs/Gossiping/M.1496428682.A.069.html download to ptt/Gossiping/22260_8.txt, time: 8.770000
/bbs/Gossiping/M.1496428944.A.F92.html download to ptt/Gossiping/22260_9.txt, time: 5.510000
/bbs/Gossiping/M.1496429066.A.DFE.html download to ptt/Gossiping/22260_10.txt, time: 4.750000
/bbs/Gossiping/M.1496429082.A.AA0.html download to ptt/Gossiping/22260_11.txt, time: 4.060000
/bbs/Gossiping/M.1496429167.A.AF2.html download to ptt/Gossiping/22260_12.txt, time: 3.370000
/bbs/Gossiping/M.1496429167.A.6AE.html download to ptt/Gossiping/22260_13.txt, time: 3.850000
/bbs/Gossiping/M.1496429229.A.DF7.html download to ptt/Gossiping/22260_14.txt, time: 4.100000
/bbs/Gossiping/M.1496429293.A.C18.html download to ptt/Gossiping/22260_15.txt, time: 4.040000
/bbs/Gossiping/M.1496429293.A.8AC.html download to ptt/Gossiping/22260_16.txt, time: 3.750000
/bbs/Gossiping/M.1496429350.A.1CE.html download to ptt/Gossiping/22260_17.txt, time: 4.500000
/bbs/Gossiping/M.1496429379.A.631.html download to ptt/Gossiping/22260_18.txt, time: 5.470000
/bbs/Gossiping/M.1496429441.A.805.html download to ptt/Gossiping/22260_19.txt, time: 6.040000
page 22259
/bbs/Gossiping/M.1496427083.A.13B.html download to ptt/Gossiping/22259_0.txt, time: 6.840000
/bbs/Gossiping/M.1496427106.A.6DC.html download to ptt/Gossiping/22259_1.txt, time: 4.850000
/bbs/Gossiping/M.1496427139.A.43F.html download to ptt/Gossiping/22259_2.txt, time: 6.490000
/bbs/Gossiping/M.1496427198.A.610.html download to ptt/Gossiping/22259_3.txt, time: 5.690000
/bbs/Gossiping/M.1496427202.A.903.html download to ptt/Gossiping/22259_4.txt, time: 4.870000
/bbs/Gossiping/M.1496427272.A.0DB.html download to ptt/Gossiping/22259_5.txt, time: 4.170000
/bbs/Gossiping/M.1496427279.A.94E.html download to ptt/Gossiping/22259_6.txt, time: 5.850000
/bbs/Gossiping/M.1496427356.A.C84.html download to ptt/Gossiping/22259_7.txt, time: 3.870000
/bbs/Gossiping/M.1496427378.A.7BA.html download to ptt/Gossiping/22259_8.txt, time: 5.520000
/bbs/Gossiping/M.1496427388.A.7A3.html download to ptt/Gossiping/22259_9.txt, time: 5.620000
/bbs/Gossiping/M.1496427445.A.6D1.html download to ptt/Gossiping/22259_10.txt, time: 5.570000
/bbs/Gossiping/M.1496427483.A.3F6.html download to ptt/Gossiping/22259_11.txt, time: 4.140000
/bbs/Gossiping/M.1496427490.A.AD4.html download to ptt/Gossiping/22259_12.txt, time: 3.060000
/bbs/Gossiping/M.1496427671.A.F76.html download to ptt/Gossiping/22259_13.txt, time: 4.370000
/bbs/Gossiping/M.1496427688.A.D84.html download to ptt/Gossiping/22259_14.txt, time: 5.520000
/bbs/Gossiping/M.1496427731.A.E56.html download to ptt/Gossiping/22259_15.txt, time: 4.650000
/bbs/Gossiping/M.1496427748.A.855.html download to ptt/Gossiping/22259_16.txt, time: 4.510000
/bbs/Gossiping/M.1496427758.A.5A9.html download to ptt/Gossiping/22259_17.txt, time: 4.450000
/bbs/Gossiping/M.1496427893.A.C6F.html download to ptt/Gossiping/22259_18.txt, time: 10.450000
/bbs/Gossiping/M.1496428047.A.3A5.html download to ptt/Gossiping/22259_19.txt, time: 10.870000
page 22258
/bbs/Gossiping/M.1496426474.A.63E.html download to ptt/Gossiping/22258_0.txt, time: 6.680000
/bbs/Gossiping/M.1496426499.A.8BC.html download to ptt/Gossiping/22258_1.txt, time: 7.280000
/bbs/Gossiping/M.1496426502.A.39B.html download to ptt/Gossiping/22258_2.txt, time: 6.110000
/bbs/Gossiping/M.1496426541.A.A33.html download to ptt/Gossiping/22258_3.txt, time: 4.110000
/bbs/Gossiping/M.1496426552.A.D9E.html download to ptt/Gossiping/22258_4.txt, time: 7.500000
/bbs/Gossiping/M.1496426558.A.45F.html download to ptt/Gossiping/22258_5.txt, time: 5.570000
/bbs/Gossiping/M.1496426570.A.68B.html download to ptt/Gossiping/22258_6.txt, time: 4.080000
/bbs/Gossiping/M.1496426577.A.80E.html download to ptt/Gossiping/22258_7.txt, time: 4.340000
/bbs/Gossiping/M.1496426616.A.C1E.html download to ptt/Gossiping/22258_8.txt, time: 3.980000
/bbs/Gossiping/M.1496426690.A.42C.html download to ptt/Gossiping/22258_9.txt, time: 5.190000
/bbs/Gossiping/M.1496426734.A.1B7.html download to ptt/Gossiping/22258_10.txt, time: 4.280000
/bbs/Gossiping/M.1496426740.A.A9E.html download to ptt/Gossiping/22258_11.txt, time: 7.460000
/bbs/Gossiping/M.1496426754.A.111.html download to ptt/Gossiping/22258_12.txt, time: 3.980000
/bbs/Gossiping/M.1496426782.A.5B5.html download to ptt/Gossiping/22258_13.txt, time: 3.490000
/bbs/Gossiping/M.1496426807.A.0B3.html download to ptt/Gossiping/22258_14.txt, time: 6.580000
/bbs/Gossiping/M.1496426844.A.569.html download to ptt/Gossiping/22258_15.txt, time: 3.270000
/bbs/Gossiping/M.1496426903.A.D9C.html download to ptt/Gossiping/22258_16.txt, time: 3.650000
/bbs/Gossiping/M.1496426948.A.6F7.html download to ptt/Gossiping/22258_17.txt, time: 4.290000
/bbs/Gossiping/M.1496426998.A.68C.html download to ptt/Gossiping/22258_18.txt, time: 4.150000
/bbs/Gossiping/M.1496427012.A.46F.html download to ptt/Gossiping/22258_19.txt, time: 3.410000
page 22257
/bbs/Gossiping/M.1496425746.A.5A1.html download to ptt/Gossiping/22257_0.txt, time: 4.910000
empty download to ptt/Gossiping/22257_1.txt, time: 0.000000
/bbs/Gossiping/M.1496425757.A.970.html download to ptt/Gossiping/22257_2.txt, time: 3.140000
/bbs/Gossiping/M.1496425773.A.E2C.html download to ptt/Gossiping/22257_3.txt, time: 4.730000
/bbs/Gossiping/M.1496425773.A.385.html download to ptt/Gossiping/22257_4.txt, time: 2.880000
/bbs/Gossiping/M.1496425813.A.7E1.html download to ptt/Gossiping/22257_5.txt, time: 3.310000
/bbs/Gossiping/M.1496425923.A.ABA.html download to ptt/Gossiping/22257_6.txt, time: 4.090000
/bbs/Gossiping/M.1496425923.A.AC2.html download to ptt/Gossiping/22257_7.txt, time: 4.450000
/bbs/Gossiping/M.1496426087.A.C8F.html download to ptt/Gossiping/22257_8.txt, time: 3.570000
/bbs/Gossiping/M.1496426136.A.B59.html download to ptt/Gossiping/22257_9.txt, time: 3.080000
/bbs/Gossiping/M.1496426180.A.D97.html download to ptt/Gossiping/22257_10.txt, time: 3.400000
/bbs/Gossiping/M.1496426197.A.437.html download to ptt/Gossiping/22257_11.txt, time: 3.060000
/bbs/Gossiping/M.1496426238.A.6F5.html download to ptt/Gossiping/22257_12.txt, time: 3.790000
/bbs/Gossiping/M.1496426277.A.D8B.html download to ptt/Gossiping/22257_13.txt, time: 2.850000
/bbs/Gossiping/M.1496426293.A.99D.html download to ptt/Gossiping/22257_14.txt, time: 3.780000
/bbs/Gossiping/M.1496426294.A.801.html download to ptt/Gossiping/22257_15.txt, time: 3.760000
/bbs/Gossiping/M.1496426299.A.3A3.html download to ptt/Gossiping/22257_16.txt, time: 4.730000
/bbs/Gossiping/M.1496426400.A.840.html download to ptt/Gossiping/22257_17.txt, time: 7.830000
/bbs/Gossiping/M.1496426428.A.86F.html download to ptt/Gossiping/22257_18.txt, time: 6.170000
/bbs/Gossiping/M.1496426468.A.2B8.html download to ptt/Gossiping/22257_19.txt, time: 2.730000
page 22256
/bbs/Gossiping/M.1496425132.A.3C5.html download to ptt/Gossiping/22256_0.txt, time: 3.870000
/bbs/Gossiping/M.1496425144.A.771.html download to ptt/Gossiping/22256_1.txt, time: 3.300000
/bbs/Gossiping/M.1496425184.A.68A.html download to ptt/Gossiping/22256_2.txt, time: 2.970000
/bbs/Gossiping/M.1496425195.A.1A9.html download to ptt/Gossiping/22256_3.txt, time: 4.440000
/bbs/Gossiping/M.1496425312.A.CD2.html download to ptt/Gossiping/22256_4.txt, time: 3.330000
/bbs/Gossiping/M.1496425357.A.A61.html download to ptt/Gossiping/22256_5.txt, time: 4.850000
/bbs/Gossiping/M.1496425469.A.06C.html download to ptt/Gossiping/22256_6.txt, time: 3.030000
/bbs/Gossiping/M.1496425490.A.26D.html download to ptt/Gossiping/22256_7.txt, time: 4.120000
/bbs/Gossiping/M.1496425494.A.2D4.html download to ptt/Gossiping/22256_8.txt, time: 6.240000
/bbs/Gossiping/M.1496425522.A.6DF.html download to ptt/Gossiping/22256_9.txt, time: 4.010000
/bbs/Gossiping/M.1496425523.A.F0B.html download to ptt/Gossiping/22256_10.txt, time: 4.160000
/bbs/Gossiping/M.1496425533.A.7A2.html download to ptt/Gossiping/22256_11.txt, time: 3.150000
/bbs/Gossiping/M.1496425586.A.E10.html download to ptt/Gossiping/22256_12.txt, time: 3.250000
/bbs/Gossiping/M.1496425649.A.9BA.html download to ptt/Gossiping/22256_13.txt, time: 3.010000
/bbs/Gossiping/M.1496425660.A.75E.html download to ptt/Gossiping/22256_14.txt, time: 2.950000
/bbs/Gossiping/M.1496425693.A.C45.html download to ptt/Gossiping/22256_15.txt, time: 3.530000
/bbs/Gossiping/M.1496425699.A.05F.html download to ptt/Gossiping/22256_16.txt, time: 4.310000
/bbs/Gossiping/M.1496425700.A.A3B.html download to ptt/Gossiping/22256_17.txt, time: 4.610000
/bbs/Gossiping/M.1496425706.A.1FB.html download to ptt/Gossiping/22256_18.txt, time: 3.670000
/bbs/Gossiping/M.1496425714.A.BCC.html download to ptt/Gossiping/22256_19.txt, time: 4.620000
time: 524.5774607658386 seconds
