page 22270
/bbs/Gossiping/M.1496449587.A.5C4.html download to ptt/Gossiping/22270_0.txt, time: 4.070000
/bbs/Gossiping/M.1496449604.A.B3D.html download to ptt/Gossiping/22270_1.txt, time: 5.680000
/bbs/Gossiping/M.1496449800.A.175.html download to ptt/Gossiping/22270_2.txt, time: 5.090000
/bbs/Gossiping/M.1496449831.A.CA4.html download to ptt/Gossiping/22270_3.txt, time: 4.830000
/bbs/Gossiping/M.1496449891.A.AF4.html download to ptt/Gossiping/22270_4.txt, time: 4.680000
/bbs/Gossiping/M.1496449948.A.505.html download to ptt/Gossiping/22270_5.txt, time: 5.740000
/bbs/Gossiping/M.1496450069.A.652.html download to ptt/Gossiping/22270_6.txt, time: 4.080000
/bbs/Gossiping/M.1496450077.A.927.html download to ptt/Gossiping/22270_7.txt, time: 4.960000
/bbs/Gossiping/M.1496450078.A.5E1.html download to ptt/Gossiping/22270_8.txt, time: 4.270000
/bbs/Gossiping/M.1496450157.A.A4A.html download to ptt/Gossiping/22270_9.txt, time: 4.410000
/bbs/Gossiping/M.1496450232.A.905.html download to ptt/Gossiping/22270_10.txt, time: 7.800000
/bbs/Gossiping/M.1496450317.A.25D.html download to ptt/Gossiping/22270_11.txt, time: 4.220000
/bbs/Gossiping/M.1496450351.A.19B.html download to ptt/Gossiping/22270_12.txt, time: 5.610000
/bbs/Gossiping/M.1496450366.A.C81.html download to ptt/Gossiping/22270_13.txt, time: 5.360000
/bbs/Gossiping/M.1496450385.A.881.html download to ptt/Gossiping/22270_14.txt, time: 5.970000
/bbs/Gossiping/M.1496450499.A.EA4.html download to ptt/Gossiping/22270_15.txt, time: 5.070000
/bbs/Gossiping/M.1496450539.A.4AB.html download to ptt/Gossiping/22270_16.txt, time: 8.140000
/bbs/Gossiping/M.1496450552.A.4A4.html download to ptt/Gossiping/22270_17.txt, time: 4.560000
/bbs/Gossiping/M.1496450581.A.EDE.html download to ptt/Gossiping/22270_18.txt, time: 4.020000
/bbs/Gossiping/M.1496450585.A.8EB.html download to ptt/Gossiping/22270_19.txt, time: 4.710000
page 22269
/bbs/Gossiping/M.1496448245.A.0E3.html download to ptt/Gossiping/22269_0.txt, time: 5.890000
/bbs/Gossiping/M.1496448270.A.FC4.html download to ptt/Gossiping/22269_1.txt, time: 3.950000
/bbs/Gossiping/M.1496448309.A.012.html download to ptt/Gossiping/22269_2.txt, time: 4.600000
/bbs/Gossiping/M.1496448415.A.CE4.html download to ptt/Gossiping/22269_3.txt, time: 3.640000
/bbs/Gossiping/M.1496448482.A.763.html download to ptt/Gossiping/22269_4.txt, time: 3.890000
/bbs/Gossiping/M.1496448482.A.837.html download to ptt/Gossiping/22269_5.txt, time: 4.650000
/bbs/Gossiping/M.1496448492.A.2BC.html download to ptt/Gossiping/22269_6.txt, time: 5.120000
/bbs/Gossiping/M.1496448514.A.4C8.html download to ptt/Gossiping/22269_7.txt, time: 5.040000
empty download to ptt/Gossiping/22269_8.txt, time: 0.000000
/bbs/Gossiping/M.1496448675.A.410.html download to ptt/Gossiping/22269_9.txt, time: 5.180000
/bbs/Gossiping/M.1496448733.A.9D8.html download to ptt/Gossiping/22269_10.txt, time: 4.400000
/bbs/Gossiping/M.1496448752.A.86D.html download to ptt/Gossiping/22269_11.txt, time: 6.280000
/bbs/Gossiping/M.1496448797.A.CDC.html download to ptt/Gossiping/22269_12.txt, time: 6.540000
/bbs/Gossiping/M.1496448821.A.A69.html download to ptt/Gossiping/22269_13.txt, time: 3.160000
/bbs/Gossiping/M.1496448830.A.60B.html download to ptt/Gossiping/22269_14.txt, time: 4.940000
empty download to ptt/Gossiping/22269_15.txt, time: 0.000000
/bbs/Gossiping/M.1496449004.A.E3B.html download to ptt/Gossiping/22269_16.txt, time: 4.000000
/bbs/Gossiping/M.1496449108.A.A1D.html download to ptt/Gossiping/22269_17.txt, time: 4.710000
/bbs/Gossiping/M.1496449250.A.986.html download to ptt/Gossiping/22269_18.txt, time: 5.560000
/bbs/Gossiping/M.1496449381.A.380.html download to ptt/Gossiping/22269_19.txt, time: 4.450000
page 22268
/bbs/Gossiping/M.1496446284.A.778.html download to ptt/Gossiping/22268_0.txt, time: 4.020000
/bbs/Gossiping/M.1496446528.A.CDF.html download to ptt/Gossiping/22268_1.txt, time: 4.680000
/bbs/Gossiping/M.1496446772.A.3A7.html download to ptt/Gossiping/22268_2.txt, time: 6.980000
/bbs/Gossiping/M.1496446836.A.A6A.html download to ptt/Gossiping/22268_3.txt, time: 5.210000
/bbs/Gossiping/M.1496446898.A.16E.html download to ptt/Gossiping/22268_4.txt, time: 4.020000
/bbs/Gossiping/M.1496447256.A.778.html download to ptt/Gossiping/22268_5.txt, time: 4.740000
/bbs/Gossiping/M.1496447364.A.619.html download to ptt/Gossiping/22268_6.txt, time: 8.610000
/bbs/Gossiping/M.1496447387.A.665.html download to ptt/Gossiping/22268_7.txt, time: 8.680000
/bbs/Gossiping/M.1496447551.A.E1A.html download to ptt/Gossiping/22268_8.txt, time: 7.690000
/bbs/Gossiping/M.1496447555.A.7F1.html download to ptt/Gossiping/22268_9.txt, time: 4.900000
/bbs/Gossiping/M.1496447659.A.9CE.html download to ptt/Gossiping/22268_10.txt, time: 9.090000
/bbs/Gossiping/M.1496447684.A.4AE.html download to ptt/Gossiping/22268_11.txt, time: 5.590000
/bbs/Gossiping/M.1496447755.A.A56.html download to ptt/Gossiping/22268_12.txt, time: 5.800000
/bbs/Gossiping/M.1496447818.A.AF2.html download to ptt/Gossiping/22268_13.txt, time: 8.310000
/bbs/Gossiping/M.1496447891.A.313.html download to ptt/Gossiping/22268_14.txt, time: 5.150000
/bbs/Gossiping/M.1496447952.A.54F.html download to ptt/Gossiping/22268_15.txt, time: 6.250000
/bbs/Gossiping/M.1496447992.A.3F1.html download to ptt/Gossiping/22268_16.txt, time: 4.980000
/bbs/Gossiping/M.1496448078.A.D06.html download to ptt/Gossiping/22268_17.txt, time: 4.590000
/bbs/Gossiping/M.1496448158.A.FA1.html download to ptt/Gossiping/22268_18.txt, time: 5.730000
/bbs/Gossiping/M.1496448234.A.846.html download to ptt/Gossiping/22268_19.txt, time: 3.310000
page 22267
/bbs/Gossiping/M.1496444592.A.403.html download to ptt/Gossiping/22267_0.txt, time: 3.200000
/bbs/Gossiping/M.1496444743.A.80C.html download to ptt/Gossiping/22267_1.txt, time: 3.460000
/bbs/Gossiping/M.1496444762.A.4EE.html download to ptt/Gossiping/22267_2.txt, time: 10.840000
empty download to ptt/Gossiping/22267_3.txt, time: 0.000000
/bbs/Gossiping/M.1496444932.A.6B5.html download to ptt/Gossiping/22267_4.txt, time: 4.970000
/bbs/Gossiping/M.1496445085.A.264.html download to ptt/Gossiping/22267_5.txt, time: 3.580000
/bbs/Gossiping/M.1496445171.A.75A.html download to ptt/Gossiping/22267_6.txt, time: 2.690000
/bbs/Gossiping/M.1496445198.A.D1A.html download to ptt/Gossiping/22267_7.txt, time: 4.950000
/bbs/Gossiping/M.1496445201.A.45D.html download to ptt/Gossiping/22267_8.txt, time: 4.480000
/bbs/Gossiping/M.1496445213.A.5F8.html download to ptt/Gossiping/22267_9.txt, time: 4.570000
/bbs/Gossiping/M.1496445314.A.8EF.html download to ptt/Gossiping/22267_10.txt, time: 4.210000
/bbs/Gossiping/M.1496445400.A.DAE.html download to ptt/Gossiping/22267_11.txt, time: 4.150000
/bbs/Gossiping/M.1496445911.A.9DA.html download to ptt/Gossiping/22267_12.txt, time: 4.470000
/bbs/Gossiping/M.1496445931.A.390.html download to ptt/Gossiping/22267_13.txt, time: 4.490000
/bbs/Gossiping/M.1496445953.A.4F6.html download to ptt/Gossiping/22267_14.txt, time: 3.620000
/bbs/Gossiping/M.1496445989.A.F81.html download to ptt/Gossiping/22267_15.txt, time: 3.230000
/bbs/Gossiping/M.1496446030.A.133.html download to ptt/Gossiping/22267_16.txt, time: 4.040000
/bbs/Gossiping/M.1496446144.A.882.html download to ptt/Gossiping/22267_17.txt, time: 4.580000
/bbs/Gossiping/M.1496446171.A.D4A.html download to ptt/Gossiping/22267_18.txt, time: 5.360000
/bbs/Gossiping/M.1496446180.A.739.html download to ptt/Gossiping/22267_19.txt, time: 4.030000
page 22266
/bbs/Gossiping/M.1496442146.A.491.html download to ptt/Gossiping/22266_0.txt, time: 4.130000
/bbs/Gossiping/M.1496442299.A.BC6.html download to ptt/Gossiping/22266_1.txt, time: 4.370000
/bbs/Gossiping/M.1496442306.A.927.html download to ptt/Gossiping/22266_2.txt, time: 3.730000
/bbs/Gossiping/M.1496442595.A.2BD.html download to ptt/Gossiping/22266_3.txt, time: 4.890000
/bbs/Gossiping/M.1496442810.A.234.html download to ptt/Gossiping/22266_4.txt, time: 7.570000
/bbs/Gossiping/M.1496443040.A.A19.html download to ptt/Gossiping/22266_5.txt, time: 4.790000
/bbs/Gossiping/M.1496443071.A.796.html download to ptt/Gossiping/22266_6.txt, time: 3.300000
/bbs/Gossiping/M.1496443145.A.2BF.html download to ptt/Gossiping/22266_7.txt, time: 4.960000
/bbs/Gossiping/M.1496443482.A.89C.html download to ptt/Gossiping/22266_8.txt, time: 2.990000
/bbs/Gossiping/M.1496443663.A.8F7.html download to ptt/Gossiping/22266_9.txt, time: 3.810000
/bbs/Gossiping/M.1496443743.A.412.html download to ptt/Gossiping/22266_10.txt, time: 3.110000
/bbs/Gossiping/M.1496444012.A.F1B.html download to ptt/Gossiping/22266_11.txt, time: 3.280000
/bbs/Gossiping/M.1496444025.A.CC7.html download to ptt/Gossiping/22266_12.txt, time: 3.020000
/bbs/Gossiping/M.1496444049.A.B4A.html download to ptt/Gossiping/22266_13.txt, time: 3.370000
/bbs/Gossiping/M.1496444158.A.9C3.html download to ptt/Gossiping/22266_14.txt, time: 4.940000
/bbs/Gossiping/M.1496444254.A.189.html download to ptt/Gossiping/22266_15.txt, time: 4.880000
/bbs/Gossiping/M.1496444439.A.E3E.html download to ptt/Gossiping/22266_16.txt, time: 3.660000
/bbs/Gossiping/M.1496444491.A.AE6.html download to ptt/Gossiping/22266_17.txt, time: 5.790000
/bbs/Gossiping/M.1496444531.A.05D.html download to ptt/Gossiping/22266_18.txt, time: 4.010000
/bbs/Gossiping/M.1496444576.A.8DC.html download to ptt/Gossiping/22266_19.txt, time: 4.900000
time: 538.4478924274445 seconds
