page 22280
/bbs/Gossiping/M.1496457431.A.D2A.html download to ptt/Gossiping/22280_0.txt, time: 5.720000
/bbs/Gossiping/M.1496457487.A.599.html download to ptt/Gossiping/22280_1.txt, time: 5.380000
/bbs/Gossiping/M.1496457534.A.EBD.html download to ptt/Gossiping/22280_2.txt, time: 4.190000
/bbs/Gossiping/M.1496457540.A.8DD.html download to ptt/Gossiping/22280_3.txt, time: 5.550000
/bbs/Gossiping/M.1496457582.A.C83.html download to ptt/Gossiping/22280_4.txt, time: 5.060000
/bbs/Gossiping/M.1496457597.A.89D.html download to ptt/Gossiping/22280_5.txt, time: 4.560000
/bbs/Gossiping/M.1496457617.A.447.html download to ptt/Gossiping/22280_6.txt, time: 5.010000
/bbs/Gossiping/M.1496457680.A.135.html download to ptt/Gossiping/22280_7.txt, time: 4.800000
/bbs/Gossiping/M.1496457703.A.A11.html download to ptt/Gossiping/22280_8.txt, time: 2.760000
/bbs/Gossiping/M.1496457713.A.929.html download to ptt/Gossiping/22280_9.txt, time: 6.270000
/bbs/Gossiping/M.1496457753.A.500.html download to ptt/Gossiping/22280_10.txt, time: 5.520000
/bbs/Gossiping/M.1496457756.A.78B.html download to ptt/Gossiping/22280_11.txt, time: 7.330000
/bbs/Gossiping/M.1496457761.A.831.html download to ptt/Gossiping/22280_12.txt, time: 5.770000
/bbs/Gossiping/M.1496457764.A.58D.html download to ptt/Gossiping/22280_13.txt, time: 3.690000
/bbs/Gossiping/M.1496457788.A.EE6.html download to ptt/Gossiping/22280_14.txt, time: 4.610000
/bbs/Gossiping/M.1496457922.A.984.html download to ptt/Gossiping/22280_15.txt, time: 6.910000
/bbs/Gossiping/M.1496457937.A.9CC.html download to ptt/Gossiping/22280_16.txt, time: 4.580000
/bbs/Gossiping/M.1496457945.A.C2A.html download to ptt/Gossiping/22280_17.txt, time: 7.380000
/bbs/Gossiping/M.1496457958.A.F79.html download to ptt/Gossiping/22280_18.txt, time: 6.180000
/bbs/Gossiping/M.1496457985.A.162.html download to ptt/Gossiping/22280_19.txt, time: 5.950000
page 22279
/bbs/Gossiping/M.1496456934.A.B66.html download to ptt/Gossiping/22279_0.txt, time: 5.160000
/bbs/Gossiping/M.1496456945.A.E82.html download to ptt/Gossiping/22279_1.txt, time: 5.110000
/bbs/Gossiping/M.1496456988.A.E5C.html download to ptt/Gossiping/22279_2.txt, time: 6.410000
/bbs/Gossiping/M.1496456992.A.A5E.html download to ptt/Gossiping/22279_3.txt, time: 5.430000
/bbs/Gossiping/M.1496457017.A.642.html download to ptt/Gossiping/22279_4.txt, time: 4.750000
/bbs/Gossiping/M.1496457049.A.1C3.html download to ptt/Gossiping/22279_5.txt, time: 3.140000
/bbs/Gossiping/M.1496457056.A.04F.html download to ptt/Gossiping/22279_6.txt, time: 4.500000
/bbs/Gossiping/M.1496457057.A.BE6.html download to ptt/Gossiping/22279_7.txt, time: 4.250000
/bbs/Gossiping/M.1496457072.A.8F4.html download to ptt/Gossiping/22279_8.txt, time: 5.330000
/bbs/Gossiping/M.1496457086.A.395.html download to ptt/Gossiping/22279_9.txt, time: 6.490000
/bbs/Gossiping/M.1496457093.A.DD6.html download to ptt/Gossiping/22279_10.txt, time: 4.700000
/bbs/Gossiping/M.1496457097.A.EFA.html download to ptt/Gossiping/22279_11.txt, time: 6.420000
/bbs/Gossiping/M.1496457106.A.351.html download to ptt/Gossiping/22279_12.txt, time: 4.810000
/bbs/Gossiping/M.1496457118.A.8FD.html download to ptt/Gossiping/22279_13.txt, time: 6.660000
/bbs/Gossiping/M.1496457187.A.7E8.html download to ptt/Gossiping/22279_14.txt, time: 5.780000
/bbs/Gossiping/M.1496457260.A.A36.html download to ptt/Gossiping/22279_15.txt, time: 5.470000
/bbs/Gossiping/M.1496457280.A.5C5.html download to ptt/Gossiping/22279_16.txt, time: 6.430000
/bbs/Gossiping/M.1496457337.A.EA8.html download to ptt/Gossiping/22279_17.txt, time: 4.790000
/bbs/Gossiping/M.1496457340.A.177.html download to ptt/Gossiping/22279_18.txt, time: 6.270000
/bbs/Gossiping/M.1496457354.A.CD1.html download to ptt/Gossiping/22279_19.txt, time: 3.760000
page 22278
/bbs/Gossiping/M.1496456279.A.EB8.html download to ptt/Gossiping/22278_0.txt, time: 5.180000
/bbs/Gossiping/M.1496456280.A.CFB.html download to ptt/Gossiping/22278_1.txt, time: 3.630000
/bbs/Gossiping/M.1496456294.A.A0D.html download to ptt/Gossiping/22278_2.txt, time: 4.750000
/bbs/Gossiping/M.1496456316.A.13F.html download to ptt/Gossiping/22278_3.txt, time: 5.450000
/bbs/Gossiping/M.1496456356.A.46B.html download to ptt/Gossiping/22278_4.txt, time: 5.030000
/bbs/Gossiping/M.1496456376.A.71E.html download to ptt/Gossiping/22278_5.txt, time: 4.600000
/bbs/Gossiping/M.1496456485.A.8B1.html download to ptt/Gossiping/22278_6.txt, time: 5.690000
/bbs/Gossiping/M.1496456494.A.45B.html download to ptt/Gossiping/22278_7.txt, time: 4.060000
/bbs/Gossiping/M.1496456507.A.5DD.html download to ptt/Gossiping/22278_8.txt, time: 4.020000
/bbs/Gossiping/M.1496456507.A.C02.html download to ptt/Gossiping/22278_9.txt, time: 8.840000
/bbs/Gossiping/M.1496456516.A.16D.html download to ptt/Gossiping/22278_10.txt, time: 8.390000
/bbs/Gossiping/M.1496456543.A.0AB.htmlTraceback (most recent call last):
  File "/home/studentyl/anaconda3/lib/python3.6/site-packages/requests/packages/urllib3/connectionpool.py", line 600, in urlopen
    chunked=chunked)
  File "/home/studentyl/anaconda3/lib/python3.6/site-packages/requests/packages/urllib3/connectionpool.py", line 386, in _make_request
    six.raise_from(e, None)
  File "<string>", line 2, in raise_from
  File "/home/studentyl/anaconda3/lib/python3.6/site-packages/requests/packages/urllib3/connectionpool.py", line 382, in _make_request
    httplib_response = conn.getresponse()
  File "/home/studentyl/anaconda3/lib/python3.6/http/client.py", line 1331, in getresponse
    response.begin()
  File "/home/studentyl/anaconda3/lib/python3.6/http/client.py", line 297, in begin
    version, status, reason = self._read_status()
  File "/home/studentyl/anaconda3/lib/python3.6/http/client.py", line 266, in _read_status
    raise RemoteDisconnected("Remote end closed connection without"
http.client.RemoteDisconnected: Remote end closed connection without response

During handling of the above exception, another exception occurred:

Traceback (most recent call last):
  File "/home/studentyl/anaconda3/lib/python3.6/site-packages/requests/adapters.py", line 438, in send
    timeout=timeout
  File "/home/studentyl/anaconda3/lib/python3.6/site-packages/requests/packages/urllib3/connectionpool.py", line 649, in urlopen
    _stacktrace=sys.exc_info()[2])
  File "/home/studentyl/anaconda3/lib/python3.6/site-packages/requests/packages/urllib3/util/retry.py", line 357, in increment
    raise six.reraise(type(error), error, _stacktrace)
  File "/home/studentyl/anaconda3/lib/python3.6/site-packages/requests/packages/urllib3/packages/six.py", line 685, in reraise
    raise value.with_traceback(tb)
  File "/home/studentyl/anaconda3/lib/python3.6/site-packages/requests/packages/urllib3/connectionpool.py", line 600, in urlopen
    chunked=chunked)
  File "/home/studentyl/anaconda3/lib/python3.6/site-packages/requests/packages/urllib3/connectionpool.py", line 386, in _make_request
    six.raise_from(e, None)
  File "<string>", line 2, in raise_from
  File "/home/studentyl/anaconda3/lib/python3.6/site-packages/requests/packages/urllib3/connectionpool.py", line 382, in _make_request
    httplib_response = conn.getresponse()
  File "/home/studentyl/anaconda3/lib/python3.6/http/client.py", line 1331, in getresponse
    response.begin()
  File "/home/studentyl/anaconda3/lib/python3.6/http/client.py", line 297, in begin
    version, status, reason = self._read_status()
  File "/home/studentyl/anaconda3/lib/python3.6/http/client.py", line 266, in _read_status
    raise RemoteDisconnected("Remote end closed connection without"
requests.packages.urllib3.exceptions.ProtocolError: ('Connection aborted.', RemoteDisconnected('Remote end closed connection without response',))

During handling of the above exception, another exception occurred:

Traceback (most recent call last):
  File "./crawler.py", line 177, in <module>
    main(sys.argv[1:])
  File "./crawler.py", line 158, in main
    downloadForum(forumName, startPage, pages)
  File "./crawler.py", line 140, in downloadForum
    downloadPage(str(articleCount), forumName, pageNum, 'https://www.ptt.cc'+link)
  File "./crawler.py", line 82, in downloadPage
    pageText = getPageText(link)
  File "./crawler.py", line 13, in getPageText
    pageText=requests.get(link, cookies={'over18':'1'}).text
  File "/home/studentyl/anaconda3/lib/python3.6/site-packages/requests/api.py", line 72, in get
    return request('get', url, params=params, **kwargs)
  File "/home/studentyl/anaconda3/lib/python3.6/site-packages/requests/api.py", line 58, in request
    return session.request(method=method, url=url, **kwargs)
  File "/home/studentyl/anaconda3/lib/python3.6/site-packages/requests/sessions.py", line 518, in request
    resp = self.send(prep, **send_kwargs)
  File "/home/studentyl/anaconda3/lib/python3.6/site-packages/requests/sessions.py", line 639, in send
    r = adapter.send(request, **kwargs)
  File "/home/studentyl/anaconda3/lib/python3.6/site-packages/requests/adapters.py", line 488, in send
    raise ConnectionError(err, request=request)
requests.exceptions.ConnectionError: ('Connection aborted.', RemoteDisconnected('Remote end closed connection without response',))
