page 22290
/bbs/Gossiping/M.1496462517.A.1BD.html download to ptt/Gossiping/22290_0.txt, time: 5.670000
/bbs/Gossiping/M.1496462536.A.C68.html download to ptt/Gossiping/22290_1.txt, time: 5.040000
/bbs/Gossiping/M.1496462558.A.E69.html download to ptt/Gossiping/22290_2.txt, time: 5.880000
/bbs/Gossiping/M.1496462559.A.5C0.html download to ptt/Gossiping/22290_3.txt, time: 4.750000
/bbs/Gossiping/M.1496462571.A.35A.html download to ptt/Gossiping/22290_4.txt, time: 5.150000
/bbs/Gossiping/M.1496462605.A.42F.html download to ptt/Gossiping/22290_5.txt, time: 6.200000
/bbs/Gossiping/M.1496462649.A.432.html download to ptt/Gossiping/22290_6.txt, time: 5.050000
/bbs/Gossiping/M.1496462746.A.92E.html download to ptt/Gossiping/22290_7.txt, time: 3.430000
/bbs/Gossiping/M.1496462747.A.C33.html download to ptt/Gossiping/22290_8.txt, time: 4.660000
/bbs/Gossiping/M.1496462784.A.BB6.html download to ptt/Gossiping/22290_9.txt, time: 2.810000
/bbs/Gossiping/M.1496462801.A.E48.html download to ptt/Gossiping/22290_10.txt, time: 8.050000
/bbs/Gossiping/M.1496462884.A.A44.html download to ptt/Gossiping/22290_11.txt, time: 7.090000
/bbs/Gossiping/M.1496462884.A.584.html download to ptt/Gossiping/22290_12.txt, time: 4.750000
empty download to ptt/Gossiping/22290_13.txt, time: 0.000000
/bbs/Gossiping/M.1496462907.A.AE0.html download to ptt/Gossiping/22290_14.txt, time: 6.360000
/bbs/Gossiping/M.1496462950.A.95D.html download to ptt/Gossiping/22290_15.txt, time: 5.870000
/bbs/Gossiping/M.1496462962.A.E5F.html download to ptt/Gossiping/22290_16.txt, time: 4.120000
/bbs/Gossiping/M.1496462993.A.EAE.html download to ptt/Gossiping/22290_17.txt, time: 6.800000
/bbs/Gossiping/M.1496463001.A.B1B.html download to ptt/Gossiping/22290_18.txt, time: 6.150000
/bbs/Gossiping/M.1496463002.A.A98.html download to ptt/Gossiping/22290_19.txt, time: 4.270000
page 22289
/bbs/Gossiping/M.1496461914.A.0C1.html download to ptt/Gossiping/22289_0.txt, time: 5.930000
/bbs/Gossiping/M.1496461943.A.C2D.html download to ptt/Gossiping/22289_1.txt, time: 3.530000
/bbs/Gossiping/M.1496461990.A.722.html download to ptt/Gossiping/22289_2.txt, time: 3.820000
/bbs/Gossiping/M.1496462081.A.C11.html download to ptt/Gossiping/22289_3.txt, time: 3.970000
/bbs/Gossiping/M.1496462091.A.578.html download to ptt/Gossiping/22289_4.txt, time: 3.920000
/bbs/Gossiping/M.1496462103.A.0E0.html download to ptt/Gossiping/22289_5.txt, time: 3.330000
/bbs/Gossiping/M.1496462122.A.F20.html download to ptt/Gossiping/22289_6.txt, time: 4.460000
/bbs/Gossiping/M.1496462140.A.3A8.html download to ptt/Gossiping/22289_7.txt, time: 3.610000
/bbs/Gossiping/M.1496462197.A.1C9.html download to ptt/Gossiping/22289_8.txt, time: 4.370000
/bbs/Gossiping/M.1496462251.A.BBB.html download to ptt/Gossiping/22289_9.txt, time: 5.910000
/bbs/Gossiping/M.1496462262.A.627.html download to ptt/Gossiping/22289_10.txt, time: 3.860000
/bbs/Gossiping/M.1496462279.A.BF2.html download to ptt/Gossiping/22289_11.txt, time: 4.510000
/bbs/Gossiping/M.1496462305.A.3E7.html download to ptt/Gossiping/22289_12.txt, time: 6.420000
/bbs/Gossiping/M.1496462308.A.52F.html download to ptt/Gossiping/22289_13.txt, time: 6.300000
/bbs/Gossiping/M.1496462338.A.B2E.html download to ptt/Gossiping/22289_14.txt, time: 6.160000
/bbs/Gossiping/M.1496462352.A.2BE.html download to ptt/Gossiping/22289_15.txt, time: 5.120000
/bbs/Gossiping/M.1496462435.A.537.html download to ptt/Gossiping/22289_16.txt, time: 4.450000
/bbs/Gossiping/M.1496462443.A.1AA.html download to ptt/Gossiping/22289_17.txt, time: 4.600000
/bbs/Gossiping/M.1496462461.A.E2F.html download to ptt/Gossiping/22289_18.txt, time: 6.910000
/bbs/Gossiping/M.1496462512.A.C4E.html download to ptt/Gossiping/22289_19.txt, time: 5.320000
page 22288
/bbs/Gossiping/M.1496461557.A.5C0.html download to ptt/Gossiping/22288_0.txt, time: 5.960000
/bbs/Gossiping/M.1496461578.A.8E8.html download to ptt/Gossiping/22288_1.txt, time: 6.410000
/bbs/Gossiping/M.1496461586.A.656.html download to ptt/Gossiping/22288_2.txt, time: 5.030000
/bbs/Gossiping/M.1496461594.A.E68.html download to ptt/Gossiping/22288_3.txt, time: 7.620000
/bbs/Gossiping/M.1496461601.A.EB6.html download to ptt/Gossiping/22288_4.txt, time: 4.580000
/bbs/Gossiping/M.1496461610.A.CA8.html download to ptt/Gossiping/22288_5.txt, time: 10.070000
/bbs/Gossiping/M.1496461621.A.161.html download to ptt/Gossiping/22288_6.txt, time: 4.680000
/bbs/Gossiping/M.1496461622.A.61B.html download to ptt/Gossiping/22288_7.txt, time: 13.950000
/bbs/Gossiping/M.1496461627.A.2FA.html download to ptt/Gossiping/22288_8.txt, time: 6.260000
/bbs/Gossiping/M.1496461631.A.875.html download to ptt/Gossiping/22288_9.txt, time: 5.850000
/bbs/Gossiping/M.1496461684.A.05D.html download to ptt/Gossiping/22288_10.txt, time: 4.900000
/bbs/Gossiping/M.1496461710.A.A52.html download to ptt/Gossiping/22288_11.txt, time: 6.370000
/bbs/Gossiping/M.1496461732.A.C8A.htmlTraceback (most recent call last):
  File "/home/studentyl/anaconda3/lib/python3.6/site-packages/requests/packages/urllib3/connectionpool.py", line 600, in urlopen
    chunked=chunked)
  File "/home/studentyl/anaconda3/lib/python3.6/site-packages/requests/packages/urllib3/connectionpool.py", line 386, in _make_request
    six.raise_from(e, None)
  File "<string>", line 2, in raise_from
  File "/home/studentyl/anaconda3/lib/python3.6/site-packages/requests/packages/urllib3/connectionpool.py", line 382, in _make_request
    httplib_response = conn.getresponse()
  File "/home/studentyl/anaconda3/lib/python3.6/http/client.py", line 1331, in getresponse
    response.begin()
  File "/home/studentyl/anaconda3/lib/python3.6/http/client.py", line 297, in begin
    version, status, reason = self._read_status()
  File "/home/studentyl/anaconda3/lib/python3.6/http/client.py", line 266, in _read_status
    raise RemoteDisconnected("Remote end closed connection without"
http.client.RemoteDisconnected: Remote end closed connection without response

During handling of the above exception, another exception occurred:

Traceback (most recent call last):
  File "/home/studentyl/anaconda3/lib/python3.6/site-packages/requests/adapters.py", line 438, in send
    timeout=timeout
  File "/home/studentyl/anaconda3/lib/python3.6/site-packages/requests/packages/urllib3/connectionpool.py", line 649, in urlopen
    _stacktrace=sys.exc_info()[2])
  File "/home/studentyl/anaconda3/lib/python3.6/site-packages/requests/packages/urllib3/util/retry.py", line 357, in increment
    raise six.reraise(type(error), error, _stacktrace)
  File "/home/studentyl/anaconda3/lib/python3.6/site-packages/requests/packages/urllib3/packages/six.py", line 685, in reraise
    raise value.with_traceback(tb)
  File "/home/studentyl/anaconda3/lib/python3.6/site-packages/requests/packages/urllib3/connectionpool.py", line 600, in urlopen
    chunked=chunked)
  File "/home/studentyl/anaconda3/lib/python3.6/site-packages/requests/packages/urllib3/connectionpool.py", line 386, in _make_request
    six.raise_from(e, None)
  File "<string>", line 2, in raise_from
  File "/home/studentyl/anaconda3/lib/python3.6/site-packages/requests/packages/urllib3/connectionpool.py", line 382, in _make_request
    httplib_response = conn.getresponse()
  File "/home/studentyl/anaconda3/lib/python3.6/http/client.py", line 1331, in getresponse
    response.begin()
  File "/home/studentyl/anaconda3/lib/python3.6/http/client.py", line 297, in begin
    version, status, reason = self._read_status()
  File "/home/studentyl/anaconda3/lib/python3.6/http/client.py", line 266, in _read_status
    raise RemoteDisconnected("Remote end closed connection without"
requests.packages.urllib3.exceptions.ProtocolError: ('Connection aborted.', RemoteDisconnected('Remote end closed connection without response',))

During handling of the above exception, another exception occurred:

Traceback (most recent call last):
  File "./crawler.py", line 177, in <module>
    main(sys.argv[1:])
  File "./crawler.py", line 158, in main
    downloadForum(forumName, startPage, pages)
  File "./crawler.py", line 140, in downloadForum
    downloadPage(str(articleCount), forumName, pageNum, 'https://www.ptt.cc'+link)
  File "./crawler.py", line 82, in downloadPage
    pageText = getPageText(link)
  File "./crawler.py", line 13, in getPageText
    pageText=requests.get(link, cookies={'over18':'1'}).text
  File "/home/studentyl/anaconda3/lib/python3.6/site-packages/requests/api.py", line 72, in get
    return request('get', url, params=params, **kwargs)
  File "/home/studentyl/anaconda3/lib/python3.6/site-packages/requests/api.py", line 58, in request
    return session.request(method=method, url=url, **kwargs)
  File "/home/studentyl/anaconda3/lib/python3.6/site-packages/requests/sessions.py", line 518, in request
    resp = self.send(prep, **send_kwargs)
  File "/home/studentyl/anaconda3/lib/python3.6/site-packages/requests/sessions.py", line 639, in send
    r = adapter.send(request, **kwargs)
  File "/home/studentyl/anaconda3/lib/python3.6/site-packages/requests/adapters.py", line 488, in send
    raise ConnectionError(err, request=request)
requests.exceptions.ConnectionError: ('Connection aborted.', RemoteDisconnected('Remote end closed connection without response',))
