page 22300
/bbs/Gossiping/M.1496467054.A.024.html download to ptt/Gossiping/22300_0.txt, time: 5.590000
/bbs/Gossiping/M.1496467117.A.C78.html download to ptt/Gossiping/22300_1.txt, time: 5.080000
/bbs/Gossiping/M.1496467170.A.897.html download to ptt/Gossiping/22300_2.txt, time: 4.520000
/bbs/Gossiping/M.1496467192.A.DB4.html download to ptt/Gossiping/22300_3.txt, time: 5.070000
/bbs/Gossiping/M.1496467199.A.AF5.html download to ptt/Gossiping/22300_4.txt, time: 5.570000
/bbs/Gossiping/M.1496467231.A.A15.html download to ptt/Gossiping/22300_5.txt, time: 5.460000
/bbs/Gossiping/M.1496467236.A.ABF.html download to ptt/Gossiping/22300_6.txt, time: 6.380000
/bbs/Gossiping/M.1496467244.A.F8E.html download to ptt/Gossiping/22300_7.txt, time: 5.980000
/bbs/Gossiping/M.1496467310.A.66F.html download to ptt/Gossiping/22300_8.txt, time: 2.920000
/bbs/Gossiping/M.1496467389.A.4E0.html download to ptt/Gossiping/22300_9.txt, time: 4.900000
/bbs/Gossiping/M.1496467417.A.1A3.html download to ptt/Gossiping/22300_10.txt, time: 7.650000
/bbs/Gossiping/M.1496467421.A.759.html download to ptt/Gossiping/22300_11.txt, time: 3.920000
/bbs/Gossiping/M.1496467423.A.89D.html download to ptt/Gossiping/22300_12.txt, time: 3.350000
/bbs/Gossiping/M.1496467468.A.89E.html download to ptt/Gossiping/22300_13.txt, time: 4.080000
/bbs/Gossiping/M.1496467482.A.675.html download to ptt/Gossiping/22300_14.txt, time: 4.090000
/bbs/Gossiping/M.1496467493.A.63F.html download to ptt/Gossiping/22300_15.txt, time: 4.510000
/bbs/Gossiping/M.1496467517.A.ACF.html download to ptt/Gossiping/22300_16.txt, time: 3.990000
/bbs/Gossiping/M.1496467541.A.E11.html download to ptt/Gossiping/22300_17.txt, time: 8.230000
/bbs/Gossiping/M.1496467546.A.DBC.html download to ptt/Gossiping/22300_18.txt, time: 5.770000
/bbs/Gossiping/M.1496467549.A.5ED.html download to ptt/Gossiping/22300_19.txt, time: 5.280000
page 22299
/bbs/Gossiping/M.1496466715.A.FA9.html download to ptt/Gossiping/22299_0.txt, time: 5.580000
/bbs/Gossiping/M.1496466731.A.DB2.html download to ptt/Gossiping/22299_1.txt, time: 3.690000
/bbs/Gossiping/M.1496466734.A.1A7.html download to ptt/Gossiping/22299_2.txt, time: 5.960000
/bbs/Gossiping/M.1496466735.A.5B3.html download to ptt/Gossiping/22299_3.txt, time: 5.360000
/bbs/Gossiping/M.1496466795.A.F6E.html download to ptt/Gossiping/22299_4.txt, time: 4.540000
/bbs/Gossiping/M.1496466855.A.62F.html download to ptt/Gossiping/22299_5.txt, time: 4.060000
/bbs/Gossiping/M.1496466858.A.043.html download to ptt/Gossiping/22299_6.txt, time: 4.910000
/bbs/Gossiping/M.1496466865.A.B59.html download to ptt/Gossiping/22299_7.txt, time: 6.850000
/bbs/Gossiping/M.1496466888.A.FF9.html download to ptt/Gossiping/22299_8.txt, time: 3.580000
/bbs/Gossiping/M.1496466895.A.907.html download to ptt/Gossiping/22299_9.txt, time: 4.390000
/bbs/Gossiping/M.1496466898.A.3D8.html download to ptt/Gossiping/22299_10.txt, time: 3.540000
/bbs/Gossiping/M.1496466959.A.BD6.html download to ptt/Gossiping/22299_11.txt, time: 4.540000
/bbs/Gossiping/M.1496466979.A.4D4.html download to ptt/Gossiping/22299_12.txt, time: 3.270000
/bbs/Gossiping/M.1496466982.A.8E1.html download to ptt/Gossiping/22299_13.txt, time: 4.790000
/bbs/Gossiping/M.1496466983.A.BF7.html download to ptt/Gossiping/22299_14.txt, time: 5.450000
/bbs/Gossiping/M.1496466997.A.0AC.html download to ptt/Gossiping/22299_15.txt, time: 5.700000
/bbs/Gossiping/M.1496467009.A.A0C.html download to ptt/Gossiping/22299_16.txt, time: 6.270000
/bbs/Gossiping/M.1496467016.A.CA2.html download to ptt/Gossiping/22299_17.txt, time: 6.640000
/bbs/Gossiping/M.1496467034.A.B56.html download to ptt/Gossiping/22299_18.txt, time: 4.600000
empty download to ptt/Gossiping/22299_19.txt, time: 0.000000
page 22298
/bbs/Gossiping/M.1496466280.A.193.html download to ptt/Gossiping/22298_0.txt, time: 5.140000
/bbs/Gossiping/M.1496466282.A.FE3.html download to ptt/Gossiping/22298_1.txt, time: 4.210000
/bbs/Gossiping/M.1496466297.A.E4C.html download to ptt/Gossiping/22298_2.txt, time: 3.690000
/bbs/Gossiping/M.1496466299.A.232.html download to ptt/Gossiping/22298_3.txt, time: 4.730000
/bbs/Gossiping/M.1496466307.A.884.html download to ptt/Gossiping/22298_4.txt, time: 4.680000
/bbs/Gossiping/M.1496466347.A.20E.html download to ptt/Gossiping/22298_5.txt, time: 5.200000
/bbs/Gossiping/M.1496466366.A.D4F.html download to ptt/Gossiping/22298_6.txt, time: 5.740000
/bbs/Gossiping/M.1496466393.A.576.html download to ptt/Gossiping/22298_7.txt, time: 10.800000
/bbs/Gossiping/M.1496466437.A.B69.html download to ptt/Gossiping/22298_8.txt, time: 11.020000
/bbs/Gossiping/M.1496466471.A.5A6.html download to ptt/Gossiping/22298_9.txt, time: 6.490000
/bbs/Gossiping/M.1496466508.A.F66.html download to ptt/Gossiping/22298_10.txt, time: 13.550000
/bbs/Gossiping/M.1496466538.A.6C3.html download to ptt/Gossiping/22298_11.txt, time: 4.650000
/bbs/Gossiping/M.1496466565.A.86D.html download to ptt/Gossiping/22298_12.txt, time: 4.160000
/bbs/Gossiping/M.1496466619.A.4E2.html download to ptt/Gossiping/22298_13.txt, time: 4.570000
/bbs/Gossiping/M.1496466623.A.EF9.html download to ptt/Gossiping/22298_14.txt, time: 6.540000
/bbs/Gossiping/M.1496466632.A.A14.html download to ptt/Gossiping/22298_15.txt, time: 4.950000
/bbs/Gossiping/M.1496466642.A.D66.html download to ptt/Gossiping/22298_16.txt, time: 4.190000
/bbs/Gossiping/M.1496466647.A.C5B.html download to ptt/Gossiping/22298_17.txt, time: 7.600000
/bbs/Gossiping/M.1496466674.A.26D.htmlTraceback (most recent call last):
  File "/home/studentyl/anaconda3/lib/python3.6/site-packages/requests/packages/urllib3/connectionpool.py", line 600, in urlopen
    chunked=chunked)
  File "/home/studentyl/anaconda3/lib/python3.6/site-packages/requests/packages/urllib3/connectionpool.py", line 386, in _make_request
    six.raise_from(e, None)
  File "<string>", line 2, in raise_from
  File "/home/studentyl/anaconda3/lib/python3.6/site-packages/requests/packages/urllib3/connectionpool.py", line 382, in _make_request
    httplib_response = conn.getresponse()
  File "/home/studentyl/anaconda3/lib/python3.6/http/client.py", line 1331, in getresponse
    response.begin()
  File "/home/studentyl/anaconda3/lib/python3.6/http/client.py", line 297, in begin
    version, status, reason = self._read_status()
  File "/home/studentyl/anaconda3/lib/python3.6/http/client.py", line 266, in _read_status
    raise RemoteDisconnected("Remote end closed connection without"
http.client.RemoteDisconnected: Remote end closed connection without response

During handling of the above exception, another exception occurred:

Traceback (most recent call last):
  File "/home/studentyl/anaconda3/lib/python3.6/site-packages/requests/adapters.py", line 438, in send
    timeout=timeout
  File "/home/studentyl/anaconda3/lib/python3.6/site-packages/requests/packages/urllib3/connectionpool.py", line 649, in urlopen
    _stacktrace=sys.exc_info()[2])
  File "/home/studentyl/anaconda3/lib/python3.6/site-packages/requests/packages/urllib3/util/retry.py", line 357, in increment
    raise six.reraise(type(error), error, _stacktrace)
  File "/home/studentyl/anaconda3/lib/python3.6/site-packages/requests/packages/urllib3/packages/six.py", line 685, in reraise
    raise value.with_traceback(tb)
  File "/home/studentyl/anaconda3/lib/python3.6/site-packages/requests/packages/urllib3/connectionpool.py", line 600, in urlopen
    chunked=chunked)
  File "/home/studentyl/anaconda3/lib/python3.6/site-packages/requests/packages/urllib3/connectionpool.py", line 386, in _make_request
    six.raise_from(e, None)
  File "<string>", line 2, in raise_from
  File "/home/studentyl/anaconda3/lib/python3.6/site-packages/requests/packages/urllib3/connectionpool.py", line 382, in _make_request
    httplib_response = conn.getresponse()
  File "/home/studentyl/anaconda3/lib/python3.6/http/client.py", line 1331, in getresponse
    response.begin()
  File "/home/studentyl/anaconda3/lib/python3.6/http/client.py", line 297, in begin
    version, status, reason = self._read_status()
  File "/home/studentyl/anaconda3/lib/python3.6/http/client.py", line 266, in _read_status
    raise RemoteDisconnected("Remote end closed connection without"
requests.packages.urllib3.exceptions.ProtocolError: ('Connection aborted.', RemoteDisconnected('Remote end closed connection without response',))

During handling of the above exception, another exception occurred:

Traceback (most recent call last):
  File "./crawler.py", line 177, in <module>
    main(sys.argv[1:])
  File "./crawler.py", line 158, in main
    downloadForum(forumName, startPage, pages)
  File "./crawler.py", line 140, in downloadForum
    downloadPage(str(articleCount), forumName, pageNum, 'https://www.ptt.cc'+link)
  File "./crawler.py", line 82, in downloadPage
    pageText = getPageText(link)
  File "./crawler.py", line 13, in getPageText
    pageText=requests.get(link, cookies={'over18':'1'}).text
  File "/home/studentyl/anaconda3/lib/python3.6/site-packages/requests/api.py", line 72, in get
    return request('get', url, params=params, **kwargs)
  File "/home/studentyl/anaconda3/lib/python3.6/site-packages/requests/api.py", line 58, in request
    return session.request(method=method, url=url, **kwargs)
  File "/home/studentyl/anaconda3/lib/python3.6/site-packages/requests/sessions.py", line 518, in request
    resp = self.send(prep, **send_kwargs)
  File "/home/studentyl/anaconda3/lib/python3.6/site-packages/requests/sessions.py", line 639, in send
    r = adapter.send(request, **kwargs)
  File "/home/studentyl/anaconda3/lib/python3.6/site-packages/requests/adapters.py", line 488, in send
    raise ConnectionError(err, request=request)
requests.exceptions.ConnectionError: ('Connection aborted.', RemoteDisconnected('Remote end closed connection without response',))
