page 22310
/bbs/Gossiping/M.1496472978.A.7C4.html download to ptt/Gossiping/22310_0.txt, time: 4.760000
/bbs/Gossiping/M.1496472989.A.36D.html download to ptt/Gossiping/22310_1.txt, time: 5.030000
/bbs/Gossiping/M.1496472996.A.91D.html download to ptt/Gossiping/22310_2.txt, time: 4.900000
/bbs/Gossiping/M.1496473021.A.336.html download to ptt/Gossiping/22310_3.txt, time: 5.020000
empty download to ptt/Gossiping/22310_4.txt, time: 0.000000
/bbs/Gossiping/M.1496473121.A.946.html download to ptt/Gossiping/22310_5.txt, time: 4.940000
/bbs/Gossiping/M.1496473141.A.F5C.html download to ptt/Gossiping/22310_6.txt, time: 4.950000
/bbs/Gossiping/M.1496473146.A.FFA.html download to ptt/Gossiping/22310_7.txt, time: 4.670000
/bbs/Gossiping/M.1496473148.A.2B4.html download to ptt/Gossiping/22310_8.txt, time: 7.160000
/bbs/Gossiping/M.1496473183.A.81F.html download to ptt/Gossiping/22310_9.txt, time: 4.450000
/bbs/Gossiping/M.1496473195.A.1EA.html download to ptt/Gossiping/22310_10.txt, time: 8.160000
/bbs/Gossiping/M.1496473204.A.478.html download to ptt/Gossiping/22310_11.txt, time: 6.820000
/bbs/Gossiping/M.1496473294.A.0F3.html download to ptt/Gossiping/22310_12.txt, time: 5.190000
/bbs/Gossiping/M.1496473295.A.F33.html download to ptt/Gossiping/22310_13.txt, time: 5.470000
/bbs/Gossiping/M.1496473346.A.E3E.html download to ptt/Gossiping/22310_14.txt, time: 4.020000
/bbs/Gossiping/M.1496473378.A.029.html download to ptt/Gossiping/22310_15.txt, time: 4.530000
/bbs/Gossiping/M.1496473394.A.8DC.html download to ptt/Gossiping/22310_16.txt, time: 4.930000
/bbs/Gossiping/M.1496473416.A.583.html download to ptt/Gossiping/22310_17.txt, time: 9.270000
/bbs/Gossiping/M.1496473525.A.D2A.html download to ptt/Gossiping/22310_18.txt, time: 4.030000
/bbs/Gossiping/M.1496473540.A.EB1.html download to ptt/Gossiping/22310_19.txt, time: 4.250000
page 22309
/bbs/Gossiping/M.1496472418.A.5F9.html download to ptt/Gossiping/22309_0.txt, time: 6.360000
/bbs/Gossiping/M.1496472420.A.A46.html download to ptt/Gossiping/22309_1.txt, time: 5.520000
/bbs/Gossiping/M.1496472442.A.399.html download to ptt/Gossiping/22309_2.txt, time: 6.370000
/bbs/Gossiping/M.1496472498.A.F1E.html download to ptt/Gossiping/22309_3.txt, time: 3.630000
empty download to ptt/Gossiping/22309_4.txt, time: 0.000000
/bbs/Gossiping/M.1496472540.A.15B.html download to ptt/Gossiping/22309_5.txt, time: 3.860000
/bbs/Gossiping/M.1496472554.A.C6F.html download to ptt/Gossiping/22309_6.txt, time: 3.410000
/bbs/Gossiping/M.1496472658.A.82D.html download to ptt/Gossiping/22309_7.txt, time: 6.530000
/bbs/Gossiping/M.1496472665.A.CA9.html download to ptt/Gossiping/22309_8.txt, time: 4.130000
/bbs/Gossiping/M.1496472714.A.760.html download to ptt/Gossiping/22309_9.txt, time: 3.760000
/bbs/Gossiping/M.1496472737.A.F5E.html download to ptt/Gossiping/22309_10.txt, time: 4.230000
/bbs/Gossiping/M.1496472785.A.A9E.html download to ptt/Gossiping/22309_11.txt, time: 3.440000
/bbs/Gossiping/M.1496472828.A.979.html download to ptt/Gossiping/22309_12.txt, time: 4.750000
/bbs/Gossiping/M.1496472838.A.65B.html download to ptt/Gossiping/22309_13.txt, time: 3.370000
/bbs/Gossiping/M.1496472848.A.BBE.html download to ptt/Gossiping/22309_14.txt, time: 6.310000
/bbs/Gossiping/M.1496472848.A.1E5.html download to ptt/Gossiping/22309_15.txt, time: 5.400000
/bbs/Gossiping/M.1496472881.A.D0D.html download to ptt/Gossiping/22309_16.txt, time: 3.950000
/bbs/Gossiping/M.1496472891.A.08D.html download to ptt/Gossiping/22309_17.txt, time: 7.410000
/bbs/Gossiping/M.1496472903.A.51D.html download to ptt/Gossiping/22309_18.txt, time: 5.120000
empty download to ptt/Gossiping/22309_19.txt, time: 0.000000
page 22308
/bbs/Gossiping/M.1496471756.A.B91.html download to ptt/Gossiping/22308_0.txt, time: 6.580000
/bbs/Gossiping/M.1496471779.A.370.html download to ptt/Gossiping/22308_1.txt, time: 3.540000
/bbs/Gossiping/M.1496471797.A.168.html download to ptt/Gossiping/22308_2.txt, time: 5.720000
/bbs/Gossiping/M.1496471819.A.7FA.html download to ptt/Gossiping/22308_3.txt, time: 4.110000
/bbs/Gossiping/M.1496471841.A.F85.html download to ptt/Gossiping/22308_4.txt, time: 4.690000
/bbs/Gossiping/M.1496471852.A.0A8.html download to ptt/Gossiping/22308_5.txt, time: 9.760000
/bbs/Gossiping/M.1496471950.A.9BE.html download to ptt/Gossiping/22308_6.txt, time: 21.460000
/bbs/Gossiping/M.1496472022.A.EA4.html download to ptt/Gossiping/22308_7.txt, time: 4.520000
/bbs/Gossiping/M.1496472028.A.03F.html download to ptt/Gossiping/22308_8.txt, time: 4.500000
empty download to ptt/Gossiping/22308_9.txt, time: 0.000000
/bbs/Gossiping/M.1496472038.A.1D9.html download to ptt/Gossiping/22308_10.txt, time: 12.560000
/bbs/Gossiping/M.1496472069.A.D13.html download to ptt/Gossiping/22308_11.txt, time: 5.720000
/bbs/Gossiping/M.1496472176.A.D3B.html download to ptt/Gossiping/22308_12.txt, time: 6.670000
/bbs/Gossiping/M.1496472209.A.5D1.html download to ptt/Gossiping/22308_13.txt, time: 5.310000
/bbs/Gossiping/M.1496472217.A.F8E.html download to ptt/Gossiping/22308_14.txt, time: 8.460000
/bbs/Gossiping/M.1496472220.A.B27.html download to ptt/Gossiping/22308_15.txt, time: 10.920000
/bbs/Gossiping/M.1496472257.A.3A5.html download to ptt/Gossiping/22308_16.txt, time: 4.820000
/bbs/Gossiping/M.1496472271.A.87D.html download to ptt/Gossiping/22308_17.txt, time: 3.940000
/bbs/Gossiping/M.1496472285.A.B4D.html download to ptt/Gossiping/22308_18.txt, time: 5.520000
/bbs/Gossiping/M.1496472289.A.1AC.html download to ptt/Gossiping/22308_19.txt, time: 7.000000
page 22307
/bbs/Gossiping/M.1496471009.A.44C.html download to ptt/Gossiping/22307_0.txt, time: 3.500000
/bbs/Gossiping/M.1496471015.A.BFF.html download to ptt/Gossiping/22307_1.txt, time: 5.400000
/bbs/Gossiping/M.1496471049.A.98A.html download to ptt/Gossiping/22307_2.txt, time: 3.610000
/bbs/Gossiping/M.1496471115.A.4E6.html download to ptt/Gossiping/22307_3.txt, time: 3.600000
/bbs/Gossiping/M.1496471282.A.719.html download to ptt/Gossiping/22307_4.txt, time: 3.640000
/bbs/Gossiping/M.1496471292.A.F10.html download to ptt/Gossiping/22307_5.txt, time: 3.760000
/bbs/Gossiping/M.1496471294.A.394.html download to ptt/Gossiping/22307_6.txt, time: 3.640000
/bbs/Gossiping/M.1496471391.A.836.html download to ptt/Gossiping/22307_7.txt, time: 3.500000
/bbs/Gossiping/M.1496471403.A.708.html download to ptt/Gossiping/22307_8.txt, time: 4.260000
/bbs/Gossiping/M.1496471432.A.6B8.html download to ptt/Gossiping/22307_9.txt, time: 3.790000
/bbs/Gossiping/M.1496471480.A.3CF.html download to ptt/Gossiping/22307_10.txt, time: 5.260000
/bbs/Gossiping/M.1496471484.A.E75.html download to ptt/Gossiping/22307_11.txt, time: 3.990000
/bbs/Gossiping/M.1496471487.A.F74.html download to ptt/Gossiping/22307_12.txt, time: 4.550000
/bbs/Gossiping/M.1496471513.A.B82.html download to ptt/Gossiping/22307_13.txt, time: 2.860000
/bbs/Gossiping/M.1496471540.A.3E6.html download to ptt/Gossiping/22307_14.txt, time: 3.000000
/bbs/Gossiping/M.1496471543.A.019.html download to ptt/Gossiping/22307_15.txt, time: 3.100000
/bbs/Gossiping/M.1496471604.A.8ED.html download to ptt/Gossiping/22307_16.txt, time: 2.870000
/bbs/Gossiping/M.1496471686.A.CC9.html download to ptt/Gossiping/22307_17.txt, time: 3.720000
/bbs/Gossiping/M.1496471716.A.E7E.html download to ptt/Gossiping/22307_18.txt, time: 4.140000
/bbs/Gossiping/M.1496471754.A.B5A.html download to ptt/Gossiping/22307_19.txt, time: 4.230000
page 22306
/bbs/Gossiping/M.1496470411.A.6F7.html download to ptt/Gossiping/22306_0.txt, time: 4.120000
/bbs/Gossiping/M.1496470441.A.615.html download to ptt/Gossiping/22306_1.txt, time: 4.580000
/bbs/Gossiping/M.1496470486.A.4BC.html download to ptt/Gossiping/22306_2.txt, time: 3.420000
/bbs/Gossiping/M.1496470491.A.0CE.html download to ptt/Gossiping/22306_3.txt, time: 6.080000
/bbs/Gossiping/M.1496470567.A.4DA.html download to ptt/Gossiping/22306_4.txt, time: 7.150000
/bbs/Gossiping/M.1496470598.A.6D1.html download to ptt/Gossiping/22306_5.txt, time: 4.600000
/bbs/Gossiping/M.1496470614.A.B3F.html download to ptt/Gossiping/22306_6.txt, time: 4.210000
/bbs/Gossiping/M.1496470623.A.70E.html download to ptt/Gossiping/22306_7.txt, time: 3.300000
/bbs/Gossiping/M.1496470628.A.0B2.html download to ptt/Gossiping/22306_8.txt, time: 3.300000
/bbs/Gossiping/M.1496470647.A.493.html download to ptt/Gossiping/22306_9.txt, time: 5.480000
/bbs/Gossiping/M.1496470653.A.509.html download to ptt/Gossiping/22306_10.txt, time: 4.700000
/bbs/Gossiping/M.1496470759.A.3EE.html download to ptt/Gossiping/22306_11.txt, time: 3.610000
/bbs/Gossiping/M.1496470773.A.749.html download to ptt/Gossiping/22306_12.txt, time: 5.430000
/bbs/Gossiping/M.1496470781.A.BBA.html download to ptt/Gossiping/22306_13.txt, time: 4.240000
/bbs/Gossiping/M.1496470789.A.459.html download to ptt/Gossiping/22306_14.txt, time: 3.960000
/bbs/Gossiping/M.1496470823.A.CCA.html download to ptt/Gossiping/22306_15.txt, time: 3.400000
/bbs/Gossiping/M.1496470844.A.5A4.html download to ptt/Gossiping/22306_16.txt, time: 3.340000
/bbs/Gossiping/M.1496470890.A.73B.html download to ptt/Gossiping/22306_17.txt, time: 4.010000
/bbs/Gossiping/M.1496470902.A.D0F.html download to ptt/Gossiping/22306_18.txt, time: 3.520000
/bbs/Gossiping/M.1496470910.A.DC8.html download to ptt/Gossiping/22306_19.txt, time: 2.630000
time: 541.8304917812347 seconds
