page 22320
/bbs/Gossiping/M.1496479552.A.09C.html download to ptt/Gossiping/22320_0.txt, time: 5.370000
/bbs/Gossiping/M.1496479558.A.BCE.html download to ptt/Gossiping/22320_1.txt, time: 4.810000
/bbs/Gossiping/M.1496479592.A.F5F.html download to ptt/Gossiping/22320_2.txt, time: 5.180000
/bbs/Gossiping/M.1496479630.A.991.html download to ptt/Gossiping/22320_3.txt, time: 4.200000
/bbs/Gossiping/M.1496479656.A.343.html download to ptt/Gossiping/22320_4.txt, time: 4.610000
/bbs/Gossiping/M.1496479668.A.EF0.html download to ptt/Gossiping/22320_5.txt, time: 3.490000
/bbs/Gossiping/M.1496479678.A.1B9.html download to ptt/Gossiping/22320_6.txt, time: 5.550000
/bbs/Gossiping/M.1496479751.A.FCF.html download to ptt/Gossiping/22320_7.txt, time: 6.430000
/bbs/Gossiping/M.1496479768.A.A0D.html download to ptt/Gossiping/22320_8.txt, time: 3.480000
/bbs/Gossiping/M.1496479829.A.DE0.html download to ptt/Gossiping/22320_9.txt, time: 3.460000
/bbs/Gossiping/M.1496479869.A.F69.html download to ptt/Gossiping/22320_10.txt, time: 5.640000
/bbs/Gossiping/M.1496479915.A.06D.html download to ptt/Gossiping/22320_11.txt, time: 4.120000
/bbs/Gossiping/M.1496479927.A.69F.html download to ptt/Gossiping/22320_12.txt, time: 9.260000
/bbs/Gossiping/M.1496479942.A.A1E.html download to ptt/Gossiping/22320_13.txt, time: 4.350000
/bbs/Gossiping/M.1496480020.A.B38.html download to ptt/Gossiping/22320_14.txt, time: 3.560000
/bbs/Gossiping/M.1496480048.A.3E4.html download to ptt/Gossiping/22320_15.txt, time: 3.910000
/bbs/Gossiping/M.1496480076.A.F70.html download to ptt/Gossiping/22320_16.txt, time: 3.600000
/bbs/Gossiping/M.1496480081.A.64A.html download to ptt/Gossiping/22320_17.txt, time: 4.040000
/bbs/Gossiping/M.1496480096.A.0B7.html download to ptt/Gossiping/22320_18.txt, time: 4.230000
/bbs/Gossiping/M.1496480099.A.98A.html download to ptt/Gossiping/22320_19.txt, time: 6.790000
page 22319
/bbs/Gossiping/M.1496479014.A.CC5.html download to ptt/Gossiping/22319_0.txt, time: 5.750000
/bbs/Gossiping/M.1496479055.A.E86.html download to ptt/Gossiping/22319_1.txt, time: 7.550000
/bbs/Gossiping/M.1496479108.A.201.html download to ptt/Gossiping/22319_2.txt, time: 5.200000
/bbs/Gossiping/M.1496479109.A.363.html download to ptt/Gossiping/22319_3.txt, time: 5.450000
/bbs/Gossiping/M.1496479113.A.BCE.html download to ptt/Gossiping/22319_4.txt, time: 5.160000
/bbs/Gossiping/M.1496479120.A.CCF.html download to ptt/Gossiping/22319_5.txt, time: 3.710000
/bbs/Gossiping/M.1496479132.A.5D0.html download to ptt/Gossiping/22319_6.txt, time: 3.730000
/bbs/Gossiping/M.1496479190.A.A48.html download to ptt/Gossiping/22319_7.txt, time: 4.540000
/bbs/Gossiping/M.1496479195.A.06C.html download to ptt/Gossiping/22319_8.txt, time: 3.950000
/bbs/Gossiping/M.1496479207.A.06F.html download to ptt/Gossiping/22319_9.txt, time: 6.150000
/bbs/Gossiping/M.1496479284.A.359.html download to ptt/Gossiping/22319_10.txt, time: 3.400000
/bbs/Gossiping/M.1496479301.A.FDD.html download to ptt/Gossiping/22319_11.txt, time: 4.520000
/bbs/Gossiping/M.1496479332.A.662.html download to ptt/Gossiping/22319_12.txt, time: 6.200000
/bbs/Gossiping/M.1496479341.A.90B.html download to ptt/Gossiping/22319_13.txt, time: 5.350000
/bbs/Gossiping/M.1496479393.A.03D.html download to ptt/Gossiping/22319_14.txt, time: 4.000000
/bbs/Gossiping/M.1496479414.A.870.html download to ptt/Gossiping/22319_15.txt, time: 5.500000
/bbs/Gossiping/M.1496479461.A.4D5.html download to ptt/Gossiping/22319_16.txt, time: 3.970000
/bbs/Gossiping/M.1496479470.A.3FE.html download to ptt/Gossiping/22319_17.txt, time: 5.340000
/bbs/Gossiping/M.1496479511.A.F9B.html download to ptt/Gossiping/22319_18.txt, time: 5.950000
/bbs/Gossiping/M.1496479517.A.931.html download to ptt/Gossiping/22319_19.txt, time: 3.730000
page 22318
/bbs/Gossiping/M.1496478515.A.BCD.html download to ptt/Gossiping/22318_0.txt, time: 5.140000
/bbs/Gossiping/M.1496478557.A.112.html download to ptt/Gossiping/22318_1.txt, time: 6.580000
/bbs/Gossiping/M.1496478587.A.430.html download to ptt/Gossiping/22318_2.txt, time: 6.000000
/bbs/Gossiping/M.1496478598.A.C4B.html download to ptt/Gossiping/22318_3.txt, time: 5.830000
/bbs/Gossiping/M.1496478600.A.243.html download to ptt/Gossiping/22318_4.txt, time: 4.440000
/bbs/Gossiping/M.1496478601.A.F72.html download to ptt/Gossiping/22318_5.txt, time: 5.730000
/bbs/Gossiping/M.1496478607.A.EF7.html download to ptt/Gossiping/22318_6.txt, time: 5.140000
/bbs/Gossiping/M.1496478631.A.B17.html download to ptt/Gossiping/22318_7.txt, time: 14.310000
/bbs/Gossiping/M.1496478656.A.A8D.html download to ptt/Gossiping/22318_8.txt, time: 4.970000
/bbs/Gossiping/M.1496478665.A.B72.html download to ptt/Gossiping/22318_9.txt, time: 4.240000
/bbs/Gossiping/M.1496478694.A.47B.html download to ptt/Gossiping/22318_10.txt, time: 10.750000
/bbs/Gossiping/M.1496478701.A.170.html download to ptt/Gossiping/22318_11.txt, time: 6.300000
/bbs/Gossiping/M.1496478860.A.C4A.html download to ptt/Gossiping/22318_12.txt, time: 6.720000
/bbs/Gossiping/M.1496478883.A.001.html download to ptt/Gossiping/22318_13.txt, time: 3.360000
/bbs/Gossiping/M.1496478897.A.6E9.html download to ptt/Gossiping/22318_14.txt, time: 6.270000
/bbs/Gossiping/M.1496478917.A.C3D.html download to ptt/Gossiping/22318_15.txt, time: 4.810000
/bbs/Gossiping/M.1496478922.A.76E.html download to ptt/Gossiping/22318_16.txt, time: 6.920000
/bbs/Gossiping/M.1496478953.A.BCE.html download to ptt/Gossiping/22318_17.txt, time: 4.700000
/bbs/Gossiping/M.1496478997.A.ED6.html download to ptt/Gossiping/22318_18.txt, time: 5.900000
/bbs/Gossiping/M.1496479009.A.FB9.html download to ptt/Gossiping/22318_19.txt, time: 5.170000
page 22317
/bbs/Gossiping/M.1496477630.A.D24.html download to ptt/Gossiping/22317_0.txt, time: 4.770000
/bbs/Gossiping/M.1496477663.A.99A.html download to ptt/Gossiping/22317_1.txt, time: 4.360000
/bbs/Gossiping/M.1496477672.A.12C.html download to ptt/Gossiping/22317_2.txt, time: 4.670000
/bbs/Gossiping/M.1496477702.A.6AB.html download to ptt/Gossiping/22317_3.txt, time: 8.900000
/bbs/Gossiping/M.1496477899.A.502.html download to ptt/Gossiping/22317_4.txt, time: 3.410000
/bbs/Gossiping/M.1496477933.A.486.html download to ptt/Gossiping/22317_5.txt, time: 3.230000
/bbs/Gossiping/M.1496477939.A.7A8.html download to ptt/Gossiping/22317_6.txt, time: 4.320000
/bbs/Gossiping/M.1496477944.A.103.html download to ptt/Gossiping/22317_7.txt, time: 4.510000
/bbs/Gossiping/M.1496477965.A.E60.html download to ptt/Gossiping/22317_8.txt, time: 5.280000
/bbs/Gossiping/M.1496478026.A.0BD.html download to ptt/Gossiping/22317_9.txt, time: 6.050000
/bbs/Gossiping/M.1496478088.A.013.html download to ptt/Gossiping/22317_10.txt, time: 3.040000
/bbs/Gossiping/M.1496478089.A.CF2.html download to ptt/Gossiping/22317_11.txt, time: 5.300000
/bbs/Gossiping/M.1496478165.A.254.html download to ptt/Gossiping/22317_12.txt, time: 4.510000
/bbs/Gossiping/M.1496478183.A.8E0.html download to ptt/Gossiping/22317_13.txt, time: 3.540000
/bbs/Gossiping/M.1496478186.A.577.html download to ptt/Gossiping/22317_14.txt, time: 5.410000
/bbs/Gossiping/M.1496478226.A.D47.html download to ptt/Gossiping/22317_15.txt, time: 3.840000
/bbs/Gossiping/M.1496478231.A.BF5.html download to ptt/Gossiping/22317_16.txt, time: 4.050000
/bbs/Gossiping/M.1496478349.A.7D1.html download to ptt/Gossiping/22317_17.txt, time: 3.360000
/bbs/Gossiping/M.1496478412.A.4D0.html download to ptt/Gossiping/22317_18.txt, time: 4.220000
/bbs/Gossiping/M.1496478463.A.D80.html download to ptt/Gossiping/22317_19.txt, time: 3.780000
page 22316
/bbs/Gossiping/M.1496477074.A.0F9.html download to ptt/Gossiping/22316_0.txt, time: 3.850000
/bbs/Gossiping/M.1496477097.A.E7B.html download to ptt/Gossiping/22316_1.txt, time: 3.120000
/bbs/Gossiping/M.1496477103.A.6F6.html download to ptt/Gossiping/22316_2.txt, time: 3.340000
/bbs/Gossiping/M.1496477130.A.6DB.html download to ptt/Gossiping/22316_3.txt, time: 7.090000
/bbs/Gossiping/M.1496477184.A.9F4.html download to ptt/Gossiping/22316_4.txt, time: 5.180000
/bbs/Gossiping/M.1496477185.A.701.html download to ptt/Gossiping/22316_5.txt, time: 3.470000
/bbs/Gossiping/M.1496477280.A.3F1.html download to ptt/Gossiping/22316_6.txt, time: 3.180000
/bbs/Gossiping/M.1496477329.A.D20.html download to ptt/Gossiping/22316_7.txt, time: 3.740000
/bbs/Gossiping/M.1496477402.A.A72.html download to ptt/Gossiping/22316_8.txt, time: 3.830000
/bbs/Gossiping/M.1496477409.A.1C4.html download to ptt/Gossiping/22316_9.txt, time: 5.040000
/bbs/Gossiping/M.1496477447.A.78E.html download to ptt/Gossiping/22316_10.txt, time: 4.110000
/bbs/Gossiping/M.1496477482.A.DDB.html download to ptt/Gossiping/22316_11.txt, time: 3.400000
/bbs/Gossiping/M.1496477500.A.323.html download to ptt/Gossiping/22316_12.txt, time: 4.810000
/bbs/Gossiping/M.1496477513.A.055.html download to ptt/Gossiping/22316_13.txt, time: 5.420000
/bbs/Gossiping/M.1496477530.A.EB4.html download to ptt/Gossiping/22316_14.txt, time: 3.430000
/bbs/Gossiping/M.1496477531.A.F46.html download to ptt/Gossiping/22316_15.txt, time: 3.460000
/bbs/Gossiping/M.1496477536.A.7B3.html download to ptt/Gossiping/22316_16.txt, time: 2.710000
/bbs/Gossiping/M.1496477561.A.0DA.html download to ptt/Gossiping/22316_17.txt, time: 4.430000
/bbs/Gossiping/M.1496477575.A.20E.html download to ptt/Gossiping/22316_18.txt, time: 5.280000
/bbs/Gossiping/M.1496477621.A.BCD.html download to ptt/Gossiping/22316_19.txt, time: 2.580000
time: 548.2364871501923 seconds
