page 22330
/bbs/Gossiping/M.1496484475.A.250.html download to ptt/Gossiping/22330_0.txt, time: 4.880000
/bbs/Gossiping/M.1496484479.A.174.html download to ptt/Gossiping/22330_1.txt, time: 5.270000
/bbs/Gossiping/M.1496484485.A.729.html download to ptt/Gossiping/22330_2.txt, time: 5.060000
/bbs/Gossiping/M.1496484514.A.C00.html download to ptt/Gossiping/22330_3.txt, time: 4.470000
/bbs/Gossiping/M.1496484515.A.8B6.html download to ptt/Gossiping/22330_4.txt, time: 5.490000
/bbs/Gossiping/M.1496484534.A.B5A.html download to ptt/Gossiping/22330_5.txt, time: 4.590000
/bbs/Gossiping/M.1496484543.A.033.html download to ptt/Gossiping/22330_6.txt, time: 2.830000
/bbs/Gossiping/M.1496484549.A.B27.html download to ptt/Gossiping/22330_7.txt, time: 4.290000
/bbs/Gossiping/M.1496484558.A.2F9.html download to ptt/Gossiping/22330_8.txt, time: 5.720000
/bbs/Gossiping/M.1496484578.A.E8F.html download to ptt/Gossiping/22330_9.txt, time: 7.790000
/bbs/Gossiping/M.1496484621.A.6DC.html download to ptt/Gossiping/22330_10.txt, time: 5.940000
/bbs/Gossiping/M.1496484640.A.0C1.html download to ptt/Gossiping/22330_11.txt, time: 4.580000
/bbs/Gossiping/M.1496484653.A.DC8.html download to ptt/Gossiping/22330_12.txt, time: 4.480000
/bbs/Gossiping/M.1496484655.A.48C.html download to ptt/Gossiping/22330_13.txt, time: 3.450000
/bbs/Gossiping/M.1496484681.A.5A2.html download to ptt/Gossiping/22330_14.txt, time: 5.360000
/bbs/Gossiping/M.1496484693.A.A94.html download to ptt/Gossiping/22330_15.txt, time: 5.330000
/bbs/Gossiping/M.1496484720.A.830.html download to ptt/Gossiping/22330_16.txt, time: 6.900000
/bbs/Gossiping/M.1496484720.A.EBD.html download to ptt/Gossiping/22330_17.txt, time: 4.850000
/bbs/Gossiping/M.1496484732.A.1C9.html download to ptt/Gossiping/22330_18.txt, time: 5.440000
/bbs/Gossiping/M.1496484735.A.011.html download to ptt/Gossiping/22330_19.txt, time: 5.610000
page 22329
/bbs/Gossiping/M.1496483909.A.C3D.html download to ptt/Gossiping/22329_0.txt, time: 5.320000
/bbs/Gossiping/M.1496483937.A.AB7.html download to ptt/Gossiping/22329_1.txt, time: 5.320000
/bbs/Gossiping/M.1496483941.A.282.html download to ptt/Gossiping/22329_2.txt, time: 5.730000
/bbs/Gossiping/M.1496483982.A.2DC.html download to ptt/Gossiping/22329_3.txt, time: 5.810000
/bbs/Gossiping/M.1496484040.A.918.html download to ptt/Gossiping/22329_4.txt, time: 3.700000
/bbs/Gossiping/M.1496484057.A.AF3.html download to ptt/Gossiping/22329_5.txt, time: 3.310000
/bbs/Gossiping/M.1496484067.A.899.html download to ptt/Gossiping/22329_6.txt, time: 5.560000
/bbs/Gossiping/M.1496484077.A.918.html download to ptt/Gossiping/22329_7.txt, time: 3.730000
/bbs/Gossiping/M.1496484087.A.8D3.html download to ptt/Gossiping/22329_8.txt, time: 4.120000
/bbs/Gossiping/M.1496484108.A.CC6.html download to ptt/Gossiping/22329_9.txt, time: 4.120000
/bbs/Gossiping/M.1496484151.A.6F0.html download to ptt/Gossiping/22329_10.txt, time: 5.750000
/bbs/Gossiping/M.1496484266.A.815.html download to ptt/Gossiping/22329_11.txt, time: 5.140000
/bbs/Gossiping/M.1496484300.A.BF1.html download to ptt/Gossiping/22329_12.txt, time: 3.840000
/bbs/Gossiping/M.1496484311.A.642.html download to ptt/Gossiping/22329_13.txt, time: 5.150000
/bbs/Gossiping/M.1496484340.A.7A2.html download to ptt/Gossiping/22329_14.txt, time: 4.000000
/bbs/Gossiping/M.1496484348.A.408.html download to ptt/Gossiping/22329_15.txt, time: 5.970000
/bbs/Gossiping/M.1496484386.A.BF0.html download to ptt/Gossiping/22329_16.txt, time: 6.070000
/bbs/Gossiping/M.1496484397.A.F6B.html download to ptt/Gossiping/22329_17.txt, time: 5.990000
/bbs/Gossiping/M.1496484418.A.EE2.html download to ptt/Gossiping/22329_18.txt, time: 6.310000
/bbs/Gossiping/M.1496484467.A.647.html download to ptt/Gossiping/22329_19.txt, time: 5.130000
page 22328
/bbs/Gossiping/M.1496483500.A.860.html download to ptt/Gossiping/22328_0.txt, time: 5.490000
/bbs/Gossiping/M.1496483522.A.395.html download to ptt/Gossiping/22328_1.txt, time: 8.850000
/bbs/Gossiping/M.1496483539.A.1C4.html download to ptt/Gossiping/22328_2.txt, time: 6.870000
/bbs/Gossiping/M.1496483550.A.74C.html download to ptt/Gossiping/22328_3.txt, time: 7.370000
/bbs/Gossiping/M.1496483553.A.516.html download to ptt/Gossiping/22328_4.txt, time: 7.020000
/bbs/Gossiping/M.1496483576.A.68E.html download to ptt/Gossiping/22328_5.txt, time: 11.850000
/bbs/Gossiping/M.1496483621.A.32F.html download to ptt/Gossiping/22328_6.txt, time: 4.330000
/bbs/Gossiping/M.1496483623.A.8F4.html download to ptt/Gossiping/22328_7.txt, time: 4.790000
/bbs/Gossiping/M.1496483624.A.CD0.htmlTraceback (most recent call last):
  File "/home/studentyl/anaconda3/lib/python3.6/site-packages/requests/packages/urllib3/connectionpool.py", line 600, in urlopen
    chunked=chunked)
  File "/home/studentyl/anaconda3/lib/python3.6/site-packages/requests/packages/urllib3/connectionpool.py", line 386, in _make_request
    six.raise_from(e, None)
  File "<string>", line 2, in raise_from
  File "/home/studentyl/anaconda3/lib/python3.6/site-packages/requests/packages/urllib3/connectionpool.py", line 382, in _make_request
    httplib_response = conn.getresponse()
  File "/home/studentyl/anaconda3/lib/python3.6/http/client.py", line 1331, in getresponse
    response.begin()
  File "/home/studentyl/anaconda3/lib/python3.6/http/client.py", line 297, in begin
    version, status, reason = self._read_status()
  File "/home/studentyl/anaconda3/lib/python3.6/http/client.py", line 266, in _read_status
    raise RemoteDisconnected("Remote end closed connection without"
http.client.RemoteDisconnected: Remote end closed connection without response

During handling of the above exception, another exception occurred:

Traceback (most recent call last):
  File "/home/studentyl/anaconda3/lib/python3.6/site-packages/requests/adapters.py", line 438, in send
    timeout=timeout
  File "/home/studentyl/anaconda3/lib/python3.6/site-packages/requests/packages/urllib3/connectionpool.py", line 649, in urlopen
    _stacktrace=sys.exc_info()[2])
  File "/home/studentyl/anaconda3/lib/python3.6/site-packages/requests/packages/urllib3/util/retry.py", line 357, in increment
    raise six.reraise(type(error), error, _stacktrace)
  File "/home/studentyl/anaconda3/lib/python3.6/site-packages/requests/packages/urllib3/packages/six.py", line 685, in reraise
    raise value.with_traceback(tb)
  File "/home/studentyl/anaconda3/lib/python3.6/site-packages/requests/packages/urllib3/connectionpool.py", line 600, in urlopen
    chunked=chunked)
  File "/home/studentyl/anaconda3/lib/python3.6/site-packages/requests/packages/urllib3/connectionpool.py", line 386, in _make_request
    six.raise_from(e, None)
  File "<string>", line 2, in raise_from
  File "/home/studentyl/anaconda3/lib/python3.6/site-packages/requests/packages/urllib3/connectionpool.py", line 382, in _make_request
    httplib_response = conn.getresponse()
  File "/home/studentyl/anaconda3/lib/python3.6/http/client.py", line 1331, in getresponse
    response.begin()
  File "/home/studentyl/anaconda3/lib/python3.6/http/client.py", line 297, in begin
    version, status, reason = self._read_status()
  File "/home/studentyl/anaconda3/lib/python3.6/http/client.py", line 266, in _read_status
    raise RemoteDisconnected("Remote end closed connection without"
requests.packages.urllib3.exceptions.ProtocolError: ('Connection aborted.', RemoteDisconnected('Remote end closed connection without response',))

During handling of the above exception, another exception occurred:

Traceback (most recent call last):
  File "./crawler.py", line 177, in <module>
    main(sys.argv[1:])
  File "./crawler.py", line 158, in main
    downloadForum(forumName, startPage, pages)
  File "./crawler.py", line 140, in downloadForum
    downloadPage(str(articleCount), forumName, pageNum, 'https://www.ptt.cc'+link)
  File "./crawler.py", line 82, in downloadPage
    pageText = getPageText(link)
  File "./crawler.py", line 13, in getPageText
    pageText=requests.get(link, cookies={'over18':'1'}).text
  File "/home/studentyl/anaconda3/lib/python3.6/site-packages/requests/api.py", line 72, in get
    return request('get', url, params=params, **kwargs)
  File "/home/studentyl/anaconda3/lib/python3.6/site-packages/requests/api.py", line 58, in request
    return session.request(method=method, url=url, **kwargs)
  File "/home/studentyl/anaconda3/lib/python3.6/site-packages/requests/sessions.py", line 518, in request
    resp = self.send(prep, **send_kwargs)
  File "/home/studentyl/anaconda3/lib/python3.6/site-packages/requests/sessions.py", line 639, in send
    r = adapter.send(request, **kwargs)
  File "/home/studentyl/anaconda3/lib/python3.6/site-packages/requests/adapters.py", line 488, in send
    raise ConnectionError(err, request=request)
requests.exceptions.ConnectionError: ('Connection aborted.', RemoteDisconnected('Remote end closed connection without response',))
