page 22340
/bbs/Gossiping/M.1496489038.A.949.html download to ptt/Gossiping/22340_0.txt, time: 3.290000
/bbs/Gossiping/M.1496489109.A.733.html download to ptt/Gossiping/22340_1.txt, time: 5.560000
/bbs/Gossiping/M.1496489117.A.1B7.html download to ptt/Gossiping/22340_2.txt, time: 4.690000
/bbs/Gossiping/M.1496489123.A.45D.html download to ptt/Gossiping/22340_3.txt, time: 4.440000
/bbs/Gossiping/M.1496489147.A.6CE.html download to ptt/Gossiping/22340_4.txt, time: 5.790000
/bbs/Gossiping/M.1496489156.A.55E.html download to ptt/Gossiping/22340_5.txt, time: 6.050000
/bbs/Gossiping/M.1496489195.A.9D7.html download to ptt/Gossiping/22340_6.txt, time: 4.530000
/bbs/Gossiping/M.1496489229.A.675.html download to ptt/Gossiping/22340_7.txt, time: 4.040000
/bbs/Gossiping/M.1496489232.A.2B0.html download to ptt/Gossiping/22340_8.txt, time: 4.810000
/bbs/Gossiping/M.1496489250.A.F61.html download to ptt/Gossiping/22340_9.txt, time: 9.660000
/bbs/Gossiping/M.1496489287.A.958.html download to ptt/Gossiping/22340_10.txt, time: 6.260000
/bbs/Gossiping/M.1496489291.A.91C.html download to ptt/Gossiping/22340_11.txt, time: 4.660000
/bbs/Gossiping/M.1496489299.A.24B.html download to ptt/Gossiping/22340_12.txt, time: 4.760000
/bbs/Gossiping/M.1496489347.A.A1F.html download to ptt/Gossiping/22340_13.txt, time: 5.890000
/bbs/Gossiping/M.1496489384.A.22F.html download to ptt/Gossiping/22340_14.txt, time: 4.640000
/bbs/Gossiping/M.1496489435.A.5CA.html download to ptt/Gossiping/22340_15.txt, time: 5.600000
/bbs/Gossiping/M.1496489437.A.076.html download to ptt/Gossiping/22340_16.txt, time: 5.320000
/bbs/Gossiping/M.1496489455.A.746.html download to ptt/Gossiping/22340_17.txt, time: 4.480000
/bbs/Gossiping/M.1496489458.A.CA7.html download to ptt/Gossiping/22340_18.txt, time: 4.830000
/bbs/Gossiping/M.1496489491.A.671.html download to ptt/Gossiping/22340_19.txt, time: 4.590000
page 22339
/bbs/Gossiping/M.1496488602.A.ABC.html download to ptt/Gossiping/22339_0.txt, time: 4.480000
/bbs/Gossiping/M.1496488622.A.9C2.html download to ptt/Gossiping/22339_1.txt, time: 3.580000
/bbs/Gossiping/M.1496488648.A.597.html download to ptt/Gossiping/22339_2.txt, time: 4.090000
/bbs/Gossiping/M.1496488660.A.13C.html download to ptt/Gossiping/22339_3.txt, time: 3.800000
/bbs/Gossiping/M.1496488667.A.88E.html download to ptt/Gossiping/22339_4.txt, time: 4.360000
/bbs/Gossiping/M.1496488745.A.AB7.html download to ptt/Gossiping/22339_5.txt, time: 3.360000
/bbs/Gossiping/M.1496488759.A.E76.html download to ptt/Gossiping/22339_6.txt, time: 5.210000
/bbs/Gossiping/M.1496488782.A.85C.html download to ptt/Gossiping/22339_7.txt, time: 2.740000
/bbs/Gossiping/M.1496488820.A.B5A.html download to ptt/Gossiping/22339_8.txt, time: 4.710000
/bbs/Gossiping/M.1496488871.A.351.html download to ptt/Gossiping/22339_9.txt, time: 5.200000
/bbs/Gossiping/M.1496488889.A.A3F.html download to ptt/Gossiping/22339_10.txt, time: 5.220000
/bbs/Gossiping/M.1496488889.A.D6A.html download to ptt/Gossiping/22339_11.txt, time: 5.250000
/bbs/Gossiping/M.1496488897.A.258.html download to ptt/Gossiping/22339_12.txt, time: 4.390000
/bbs/Gossiping/M.1496488903.A.867.html download to ptt/Gossiping/22339_13.txt, time: 5.680000
/bbs/Gossiping/M.1496488935.A.B82.html download to ptt/Gossiping/22339_14.txt, time: 6.500000
/bbs/Gossiping/M.1496488974.A.091.html download to ptt/Gossiping/22339_15.txt, time: 4.140000
/bbs/Gossiping/M.1496488989.A.31B.html download to ptt/Gossiping/22339_16.txt, time: 4.600000
/bbs/Gossiping/M.1496488991.A.2D3.html download to ptt/Gossiping/22339_17.txt, time: 3.970000
/bbs/Gossiping/M.1496489004.A.647.html download to ptt/Gossiping/22339_18.txt, time: 4.280000
/bbs/Gossiping/M.1496489022.A.CE3.html download to ptt/Gossiping/22339_19.txt, time: 6.370000
page 22338
/bbs/Gossiping/M.1496488117.A.97C.html download to ptt/Gossiping/22338_0.txt, time: 4.290000
/bbs/Gossiping/M.1496488118.A.EB9.html download to ptt/Gossiping/22338_1.txt, time: 5.890000
/bbs/Gossiping/M.1496488139.A.867.html download to ptt/Gossiping/22338_2.txt, time: 4.660000
/bbs/Gossiping/M.1496488165.A.DA4.html download to ptt/Gossiping/22338_3.txt, time: 5.180000
/bbs/Gossiping/M.1496488183.A.427.html download to ptt/Gossiping/22338_4.txt, time: 7.450000
empty download to ptt/Gossiping/22338_5.txt, time: 0.000000
/bbs/Gossiping/M.1496488200.A.DD6.html download to ptt/Gossiping/22338_6.txt, time: 9.320000
/bbs/Gossiping/M.1496488239.A.4A9.html download to ptt/Gossiping/22338_7.txt, time: 9.320000
/bbs/Gossiping/M.1496488260.A.334.html download to ptt/Gossiping/22338_8.txt, time: 6.080000
/bbs/Gossiping/M.1496488299.A.525.html download to ptt/Gossiping/22338_9.txt, time: 4.310000
/bbs/Gossiping/M.1496488324.A.515.html download to ptt/Gossiping/22338_10.txt, time: 7.420000
/bbs/Gossiping/M.1496488351.A.521.html download to ptt/Gossiping/22338_11.txt, time: 6.700000
/bbs/Gossiping/M.1496488368.A.5E1.html download to ptt/Gossiping/22338_12.txt, time: 4.280000
/bbs/Gossiping/M.1496488373.A.459.html download to ptt/Gossiping/22338_13.txt, time: 4.200000
/bbs/Gossiping/M.1496488424.A.72F.html download to ptt/Gossiping/22338_14.txt, time: 4.310000
/bbs/Gossiping/M.1496488449.A.911.html download to ptt/Gossiping/22338_15.txt, time: 6.250000
/bbs/Gossiping/M.1496488486.A.B88.html download to ptt/Gossiping/22338_16.txt, time: 4.860000
/bbs/Gossiping/M.1496488511.A.E04.html download to ptt/Gossiping/22338_17.txt, time: 5.240000
/bbs/Gossiping/M.1496488516.A.7E3.html download to ptt/Gossiping/22338_18.txt, time: 9.610000
/bbs/Gossiping/M.1496488601.A.0B6.html download to ptt/Gossiping/22338_19.txt, time: 6.500000
page 22337
/bbs/Gossiping/M.1496487648.A.A94.html download to ptt/Gossiping/22337_0.txt, time: 4.230000
/bbs/Gossiping/M.1496487689.A.5F2.html download to ptt/Gossiping/22337_1.txt, time: 6.310000
/bbs/Gossiping/M.1496487706.A.061.html download to ptt/Gossiping/22337_2.txt, time: 3.260000
/bbs/Gossiping/M.1496487715.A.7A8.html download to ptt/Gossiping/22337_3.txt, time: 3.580000
/bbs/Gossiping/M.1496487719.A.CB2.html download to ptt/Gossiping/22337_4.txt, time: 3.660000
/bbs/Gossiping/M.1496487723.A.05E.html download to ptt/Gossiping/22337_5.txt, time: 3.200000
/bbs/Gossiping/M.1496487798.A.93F.html download to ptt/Gossiping/22337_6.txt, time: 5.560000
/bbs/Gossiping/M.1496487809.A.7AC.html download to ptt/Gossiping/22337_7.txt, time: 3.440000
/bbs/Gossiping/M.1496487828.A.BC1.html download to ptt/Gossiping/22337_8.txt, time: 4.510000
/bbs/Gossiping/M.1496487856.A.EB8.html download to ptt/Gossiping/22337_9.txt, time: 4.500000
/bbs/Gossiping/M.1496487882.A.7AA.html download to ptt/Gossiping/22337_10.txt, time: 4.560000
/bbs/Gossiping/M.1496487886.A.D02.html download to ptt/Gossiping/22337_11.txt, time: 4.550000
/bbs/Gossiping/M.1496487901.A.D78.html download to ptt/Gossiping/22337_12.txt, time: 4.210000
/bbs/Gossiping/M.1496487906.A.CC1.html download to ptt/Gossiping/22337_13.txt, time: 4.390000
/bbs/Gossiping/M.1496487931.A.8D0.html download to ptt/Gossiping/22337_14.txt, time: 5.030000
/bbs/Gossiping/M.1496487935.A.FDD.html download to ptt/Gossiping/22337_15.txt, time: 4.170000
/bbs/Gossiping/M.1496487953.A.7B8.html download to ptt/Gossiping/22337_16.txt, time: 5.070000
/bbs/Gossiping/M.1496488043.A.A6E.html download to ptt/Gossiping/22337_17.txt, time: 3.420000
/bbs/Gossiping/M.1496488067.A.FF3.html download to ptt/Gossiping/22337_18.txt, time: 3.080000
/bbs/Gossiping/M.1496488093.A.ACA.html download to ptt/Gossiping/22337_19.txt, time: 4.020000
page 22336
/bbs/Gossiping/M.1496487210.A.D71.html download to ptt/Gossiping/22336_0.txt, time: 4.320000
/bbs/Gossiping/M.1496487212.A.E32.html download to ptt/Gossiping/22336_1.txt, time: 4.110000
/bbs/Gossiping/M.1496487217.A.67E.html download to ptt/Gossiping/22336_2.txt, time: 7.020000
/bbs/Gossiping/M.1496487235.A.0D6.html download to ptt/Gossiping/22336_3.txt, time: 4.750000
/bbs/Gossiping/M.1496487243.A.6BA.html download to ptt/Gossiping/22336_4.txt, time: 4.410000
/bbs/Gossiping/M.1496487245.A.3E4.html download to ptt/Gossiping/22336_5.txt, time: 4.820000
/bbs/Gossiping/M.1496487253.A.3EB.html download to ptt/Gossiping/22336_6.txt, time: 5.790000
/bbs/Gossiping/M.1496487284.A.834.html download to ptt/Gossiping/22336_7.txt, time: 3.470000
/bbs/Gossiping/M.1496487321.A.EB3.html download to ptt/Gossiping/22336_8.txt, time: 4.300000
/bbs/Gossiping/M.1496487349.A.E13.html download to ptt/Gossiping/22336_9.txt, time: 3.810000
/bbs/Gossiping/M.1496487383.A.481.html download to ptt/Gossiping/22336_10.txt, time: 4.470000
/bbs/Gossiping/M.1496487386.A.584.html download to ptt/Gossiping/22336_11.txt, time: 4.040000
/bbs/Gossiping/M.1496487415.A.5FE.html download to ptt/Gossiping/22336_12.txt, time: 4.130000
/bbs/Gossiping/M.1496487451.A.619.html download to ptt/Gossiping/22336_13.txt, time: 5.260000
/bbs/Gossiping/M.1496487482.A.126.html download to ptt/Gossiping/22336_14.txt, time: 3.810000
/bbs/Gossiping/M.1496487503.A.0D9.html download to ptt/Gossiping/22336_15.txt, time: 3.410000
/bbs/Gossiping/M.1496487536.A.E74.html download to ptt/Gossiping/22336_16.txt, time: 3.080000
/bbs/Gossiping/M.1496487553.A.CEE.html download to ptt/Gossiping/22336_17.txt, time: 3.160000
/bbs/Gossiping/M.1496487577.A.CB8.html download to ptt/Gossiping/22336_18.txt, time: 3.480000
/bbs/Gossiping/M.1496487620.A.1FA.html download to ptt/Gossiping/22336_19.txt, time: 2.670000
time: 546.961413860321 seconds
