page 22350
/bbs/Gossiping/M.1496493973.A.F62.html download to ptt/Gossiping/22350_0.txt, time: 5.240000
/bbs/Gossiping/M.1496493980.A.1C1.html download to ptt/Gossiping/22350_1.txt, time: 4.770000
/bbs/Gossiping/M.1496494008.A.007.html download to ptt/Gossiping/22350_2.txt, time: 4.610000
/bbs/Gossiping/M.1496494066.A.F93.html download to ptt/Gossiping/22350_3.txt, time: 4.600000
/bbs/Gossiping/M.1496494070.A.7AC.html download to ptt/Gossiping/22350_4.txt, time: 5.300000
/bbs/Gossiping/M.1496494095.A.CC8.html download to ptt/Gossiping/22350_5.txt, time: 5.960000
/bbs/Gossiping/M.1496494114.A.99A.html download to ptt/Gossiping/22350_6.txt, time: 2.980000
/bbs/Gossiping/M.1496494123.A.981.html download to ptt/Gossiping/22350_7.txt, time: 4.520000
/bbs/Gossiping/M.1496494129.A.716.html download to ptt/Gossiping/22350_8.txt, time: 5.700000
/bbs/Gossiping/M.1496494150.A.534.html download to ptt/Gossiping/22350_9.txt, time: 9.340000
/bbs/Gossiping/M.1496494201.A.CBF.html download to ptt/Gossiping/22350_10.txt, time: 5.570000
/bbs/Gossiping/M.1496494202.A.CF7.html download to ptt/Gossiping/22350_11.txt, time: 3.660000
/bbs/Gossiping/M.1496494230.A.856.html download to ptt/Gossiping/22350_12.txt, time: 4.250000
/bbs/Gossiping/M.1496494242.A.98C.html download to ptt/Gossiping/22350_13.txt, time: 3.750000
/bbs/Gossiping/M.1496494268.A.A78.html download to ptt/Gossiping/22350_14.txt, time: 5.360000
/bbs/Gossiping/M.1496494286.A.187.html download to ptt/Gossiping/22350_15.txt, time: 7.440000
/bbs/Gossiping/M.1496494325.A.F84.html download to ptt/Gossiping/22350_16.txt, time: 6.650000
/bbs/Gossiping/M.1496494380.A.A86.html download to ptt/Gossiping/22350_17.txt, time: 4.490000
/bbs/Gossiping/M.1496494395.A.F07.html download to ptt/Gossiping/22350_18.txt, time: 5.120000
/bbs/Gossiping/M.1496494484.A.0BD.html download to ptt/Gossiping/22350_19.txt, time: 3.160000
page 22349
/bbs/Gossiping/M.1496493240.A.548.html download to ptt/Gossiping/22349_0.txt, time: 4.450000
/bbs/Gossiping/M.1496493264.A.13C.html download to ptt/Gossiping/22349_1.txt, time: 4.120000
/bbs/Gossiping/M.1496493265.A.318.html download to ptt/Gossiping/22349_2.txt, time: 4.060000
/bbs/Gossiping/M.1496493279.A.3FB.html download to ptt/Gossiping/22349_3.txt, time: 4.000000
/bbs/Gossiping/M.1496493348.A.246.html download to ptt/Gossiping/22349_4.txt, time: 3.430000
/bbs/Gossiping/M.1496493398.A.00F.html download to ptt/Gossiping/22349_5.txt, time: 5.390000
/bbs/Gossiping/M.1496493442.A.778.html download to ptt/Gossiping/22349_6.txt, time: 4.770000
/bbs/Gossiping/M.1496493448.A.E57.html download to ptt/Gossiping/22349_7.txt, time: 4.290000
/bbs/Gossiping/M.1496493486.A.808.html download to ptt/Gossiping/22349_8.txt, time: 4.240000
/bbs/Gossiping/M.1496493502.A.827.html download to ptt/Gossiping/22349_9.txt, time: 5.640000
/bbs/Gossiping/M.1496493507.A.602.html download to ptt/Gossiping/22349_10.txt, time: 4.880000
/bbs/Gossiping/M.1496493570.A.D4F.html download to ptt/Gossiping/22349_11.txt, time: 4.090000
/bbs/Gossiping/M.1496493592.A.799.html download to ptt/Gossiping/22349_12.txt, time: 4.990000
/bbs/Gossiping/M.1496493601.A.5B7.html download to ptt/Gossiping/22349_13.txt, time: 4.220000
/bbs/Gossiping/M.1496493655.A.F3A.html download to ptt/Gossiping/22349_14.txt, time: 5.090000
/bbs/Gossiping/M.1496493729.A.E5C.html download to ptt/Gossiping/22349_15.txt, time: 5.670000
/bbs/Gossiping/M.1496493817.A.16A.html download to ptt/Gossiping/22349_16.txt, time: 6.090000
/bbs/Gossiping/M.1496493837.A.42D.html download to ptt/Gossiping/22349_17.txt, time: 5.620000
/bbs/Gossiping/M.1496493837.A.291.html download to ptt/Gossiping/22349_18.txt, time: 4.950000
/bbs/Gossiping/M.1496493861.A.A4E.html download to ptt/Gossiping/22349_19.txt, time: 5.150000
page 22348
/bbs/Gossiping/M.1496492816.A.B26.html download to ptt/Gossiping/22348_0.txt, time: 4.870000
/bbs/Gossiping/M.1496492843.A.1EA.html download to ptt/Gossiping/22348_1.txt, time: 4.140000
/bbs/Gossiping/M.1496492856.A.D53.html download to ptt/Gossiping/22348_2.txt, time: 5.800000
/bbs/Gossiping/M.1496492861.A.FA4.html download to ptt/Gossiping/22348_3.txt, time: 10.130000
/bbs/Gossiping/M.1496492873.A.571.html download to ptt/Gossiping/22348_4.txt, time: 4.740000
/bbs/Gossiping/M.1496492891.A.1AD.html download to ptt/Gossiping/22348_5.txt, time: 5.310000
/bbs/Gossiping/M.1496492915.A.C0C.html download to ptt/Gossiping/22348_6.txt, time: 5.890000
/bbs/Gossiping/M.1496492942.A.6D3.html download to ptt/Gossiping/22348_7.txt, time: 4.190000
/bbs/Gossiping/M.1496492957.A.351.html download to ptt/Gossiping/22348_8.txt, time: 5.090000
/bbs/Gossiping/M.1496493037.A.AB5.html download to ptt/Gossiping/22348_9.txt, time: 6.590000
/bbs/Gossiping/M.1496493038.A.384.html download to ptt/Gossiping/22348_10.txt, time: 8.210000
/bbs/Gossiping/M.1496493064.A.428.html download to ptt/Gossiping/22348_11.txt, time: 11.920000
/bbs/Gossiping/M.1496493064.A.350.html download to ptt/Gossiping/22348_12.txt, time: 4.930000
/bbs/Gossiping/M.1496493074.A.870.html download to ptt/Gossiping/22348_13.txt, time: 5.860000
/bbs/Gossiping/M.1496493084.A.E5E.html download to ptt/Gossiping/22348_14.txt, time: 6.030000
empty download to ptt/Gossiping/22348_15.txt, time: 0.000000
/bbs/Gossiping/M.1496493156.A.456.html download to ptt/Gossiping/22348_16.txt, time: 5.340000
/bbs/Gossiping/M.1496493181.A.7EB.html download to ptt/Gossiping/22348_17.txt, time: 15.590000
/bbs/Gossiping/M.1496493217.A.B93.html download to ptt/Gossiping/22348_18.txt, time: 5.500000
/bbs/Gossiping/M.1496493223.A.578.html download to ptt/Gossiping/22348_19.txt, time: 3.590000
page 22347
/bbs/Gossiping/M.1496492418.A.C19.html download to ptt/Gossiping/22347_0.txt, time: 4.460000
/bbs/Gossiping/M.1496492425.A.796.html download to ptt/Gossiping/22347_1.txt, time: 3.210000
/bbs/Gossiping/M.1496492428.A.4F0.html download to ptt/Gossiping/22347_2.txt, time: 3.580000
/bbs/Gossiping/M.1496492448.A.676.html download to ptt/Gossiping/22347_3.txt, time: 3.080000
/bbs/Gossiping/M.1496492479.A.11B.html download to ptt/Gossiping/22347_4.txt, time: 4.360000
/bbs/Gossiping/M.1496492526.A.D43.html download to ptt/Gossiping/22347_5.txt, time: 4.950000
/bbs/Gossiping/M.1496492530.A.8D2.html download to ptt/Gossiping/22347_6.txt, time: 4.880000
/bbs/Gossiping/M.1496492549.A.733.html download to ptt/Gossiping/22347_7.txt, time: 2.890000
/bbs/Gossiping/M.1496492561.A.A0A.html download to ptt/Gossiping/22347_8.txt, time: 2.950000
/bbs/Gossiping/M.1496492571.A.B99.html download to ptt/Gossiping/22347_9.txt, time: 4.700000
/bbs/Gossiping/M.1496492578.A.C09.html download to ptt/Gossiping/22347_10.txt, time: 7.220000
/bbs/Gossiping/M.1496492597.A.364.html download to ptt/Gossiping/22347_11.txt, time: 5.180000
/bbs/Gossiping/M.1496492603.A.19C.html download to ptt/Gossiping/22347_12.txt, time: 3.360000
/bbs/Gossiping/M.1496492616.A.099.html download to ptt/Gossiping/22347_13.txt, time: 3.360000
/bbs/Gossiping/M.1496492667.A.ED8.html download to ptt/Gossiping/22347_14.txt, time: 5.100000
/bbs/Gossiping/M.1496492727.A.D1C.html download to ptt/Gossiping/22347_15.txt, time: 3.780000
/bbs/Gossiping/M.1496492747.A.5F9.html download to ptt/Gossiping/22347_16.txt, time: 4.720000
/bbs/Gossiping/M.1496492761.A.43E.html download to ptt/Gossiping/22347_17.txt, time: 4.040000
/bbs/Gossiping/M.1496492772.A.852.html download to ptt/Gossiping/22347_18.txt, time: 3.350000
/bbs/Gossiping/M.1496492814.A.55E.html download to ptt/Gossiping/22347_19.txt, time: 5.440000
page 22346
/bbs/Gossiping/M.1496492038.A.04B.html download to ptt/Gossiping/22346_0.txt, time: 5.550000
/bbs/Gossiping/M.1496492052.A.392.html download to ptt/Gossiping/22346_1.txt, time: 4.440000
/bbs/Gossiping/M.1496492067.A.FE2.html download to ptt/Gossiping/22346_2.txt, time: 3.740000
/bbs/Gossiping/M.1496492068.A.4EB.html download to ptt/Gossiping/22346_3.txt, time: 3.670000
/bbs/Gossiping/M.1496492091.A.3A0.html download to ptt/Gossiping/22346_4.txt, time: 3.130000
/bbs/Gossiping/M.1496492092.A.2C7.html download to ptt/Gossiping/22346_5.txt, time: 4.320000
/bbs/Gossiping/M.1496492105.A.F89.html download to ptt/Gossiping/22346_6.txt, time: 3.510000
/bbs/Gossiping/M.1496492117.A.8CB.html download to ptt/Gossiping/22346_7.txt, time: 5.420000
/bbs/Gossiping/M.1496492135.A.704.html download to ptt/Gossiping/22346_8.txt, time: 3.150000
/bbs/Gossiping/M.1496492148.A.720.html download to ptt/Gossiping/22346_9.txt, time: 5.750000
/bbs/Gossiping/M.1496492159.A.1D1.html download to ptt/Gossiping/22346_10.txt, time: 3.460000
/bbs/Gossiping/M.1496492215.A.DC6.html download to ptt/Gossiping/22346_11.txt, time: 5.330000
/bbs/Gossiping/M.1496492235.A.9DF.html download to ptt/Gossiping/22346_12.txt, time: 3.180000
/bbs/Gossiping/M.1496492258.A.980.html download to ptt/Gossiping/22346_13.txt, time: 3.520000
/bbs/Gossiping/M.1496492265.A.467.html download to ptt/Gossiping/22346_14.txt, time: 3.180000
/bbs/Gossiping/M.1496492277.A.0D0.html download to ptt/Gossiping/22346_15.txt, time: 4.860000
/bbs/Gossiping/M.1496492325.A.A6F.html download to ptt/Gossiping/22346_16.txt, time: 4.980000
/bbs/Gossiping/M.1496492334.A.2B1.html download to ptt/Gossiping/22346_17.txt, time: 3.730000
/bbs/Gossiping/M.1496492352.A.DDA.html download to ptt/Gossiping/22346_18.txt, time: 4.280000
/bbs/Gossiping/M.1496492363.A.6C6.html download to ptt/Gossiping/22346_19.txt, time: 3.230000
time: 552.1020610332489 seconds
