page 22360
/bbs/Gossiping/M.1496499025.A.818.html download to ptt/Gossiping/22360_0.txt, time: 4.650000
/bbs/Gossiping/M.1496499034.A.6E4.html download to ptt/Gossiping/22360_1.txt, time: 5.790000
/bbs/Gossiping/M.1496499037.A.09B.html download to ptt/Gossiping/22360_2.txt, time: 5.150000
/bbs/Gossiping/M.1496499053.A.171.html download to ptt/Gossiping/22360_3.txt, time: 4.970000
/bbs/Gossiping/M.1496499110.A.71C.html download to ptt/Gossiping/22360_4.txt, time: 5.110000
/bbs/Gossiping/M.1496499126.A.C12.html download to ptt/Gossiping/22360_5.txt, time: 4.890000
/bbs/Gossiping/M.1496499145.A.25F.html download to ptt/Gossiping/22360_6.txt, time: 4.390000
/bbs/Gossiping/M.1496499148.A.4E7.html download to ptt/Gossiping/22360_7.txt, time: 5.620000
/bbs/Gossiping/M.1496499158.A.739.html download to ptt/Gossiping/22360_8.txt, time: 5.750000
/bbs/Gossiping/M.1496499160.A.746.html download to ptt/Gossiping/22360_9.txt, time: 2.950000
/bbs/Gossiping/M.1496499163.A.52F.html download to ptt/Gossiping/22360_10.txt, time: 6.930000
/bbs/Gossiping/M.1496499167.A.AD0.html download to ptt/Gossiping/22360_11.txt, time: 3.560000
/bbs/Gossiping/M.1496499240.A.B5D.html download to ptt/Gossiping/22360_12.txt, time: 6.630000
/bbs/Gossiping/M.1496499241.A.D7C.html download to ptt/Gossiping/22360_13.txt, time: 7.400000
/bbs/Gossiping/M.1496499249.A.979.html download to ptt/Gossiping/22360_14.txt, time: 4.460000
/bbs/Gossiping/M.1496499271.A.97B.html download to ptt/Gossiping/22360_15.txt, time: 5.380000
/bbs/Gossiping/M.1496499275.A.244.html download to ptt/Gossiping/22360_16.txt, time: 4.710000
/bbs/Gossiping/M.1496499296.A.4E0.html download to ptt/Gossiping/22360_17.txt, time: 4.110000
/bbs/Gossiping/M.1496499313.A.64D.html download to ptt/Gossiping/22360_18.txt, time: 5.670000
/bbs/Gossiping/M.1496499328.A.C19.html download to ptt/Gossiping/22360_19.txt, time: 9.170000
page 22359
/bbs/Gossiping/M.1496498598.A.6F5.html download to ptt/Gossiping/22359_0.txt, time: 4.270000
/bbs/Gossiping/M.1496498624.A.65B.html download to ptt/Gossiping/22359_1.txt, time: 3.100000
/bbs/Gossiping/M.1496498667.A.406.html download to ptt/Gossiping/22359_2.txt, time: 4.650000
/bbs/Gossiping/M.1496498668.A.FBD.html download to ptt/Gossiping/22359_3.txt, time: 3.260000
/bbs/Gossiping/M.1496498671.A.514.html download to ptt/Gossiping/22359_4.txt, time: 3.900000
/bbs/Gossiping/M.1496498672.A.E71.html download to ptt/Gossiping/22359_5.txt, time: 2.770000
/bbs/Gossiping/M.1496498674.A.09A.html download to ptt/Gossiping/22359_6.txt, time: 3.910000
/bbs/Gossiping/M.1496498708.A.1C1.html download to ptt/Gossiping/22359_7.txt, time: 4.340000
/bbs/Gossiping/M.1496498717.A.A3C.html download to ptt/Gossiping/22359_8.txt, time: 4.840000
/bbs/Gossiping/M.1496498723.A.708.html download to ptt/Gossiping/22359_9.txt, time: 4.330000
empty download to ptt/Gossiping/22359_10.txt, time: 0.000000
/bbs/Gossiping/M.1496498775.A.110.html download to ptt/Gossiping/22359_11.txt, time: 5.970000
empty download to ptt/Gossiping/22359_12.txt, time: 0.000000
/bbs/Gossiping/M.1496498793.A.D88.html download to ptt/Gossiping/22359_13.txt, time: 5.520000
/bbs/Gossiping/M.1496498825.A.840.html download to ptt/Gossiping/22359_14.txt, time: 4.820000
/bbs/Gossiping/M.1496498863.A.37C.html download to ptt/Gossiping/22359_15.txt, time: 3.480000
/bbs/Gossiping/M.1496498919.A.B6A.html download to ptt/Gossiping/22359_16.txt, time: 4.270000
/bbs/Gossiping/M.1496498922.A.F23.html download to ptt/Gossiping/22359_17.txt, time: 3.780000
/bbs/Gossiping/M.1496498948.A.64E.html download to ptt/Gossiping/22359_18.txt, time: 3.370000
/bbs/Gossiping/M.1496498956.A.433.html download to ptt/Gossiping/22359_19.txt, time: 3.840000
page 22358
/bbs/Gossiping/M.1496498126.A.B9C.html download to ptt/Gossiping/22358_0.txt, time: 5.220000
/bbs/Gossiping/M.1496498138.A.C6B.html download to ptt/Gossiping/22358_1.txt, time: 5.040000
/bbs/Gossiping/M.1496498148.A.055.html download to ptt/Gossiping/22358_2.txt, time: 3.180000
/bbs/Gossiping/M.1496498149.A.72C.html download to ptt/Gossiping/22358_3.txt, time: 4.700000
/bbs/Gossiping/M.1496498150.A.C68.html download to ptt/Gossiping/22358_4.txt, time: 4.000000
/bbs/Gossiping/M.1496498174.A.6FB.html download to ptt/Gossiping/22358_5.txt, time: 4.280000
/bbs/Gossiping/M.1496498229.A.991.html download to ptt/Gossiping/22358_6.txt, time: 5.620000
/bbs/Gossiping/M.1496498252.A.108.html download to ptt/Gossiping/22358_7.txt, time: 5.420000
/bbs/Gossiping/M.1496498255.A.0B5.html download to ptt/Gossiping/22358_8.txt, time: 4.700000
/bbs/Gossiping/M.1496498328.A.3AB.html download to ptt/Gossiping/22358_9.txt, time: 4.430000
/bbs/Gossiping/M.1496498349.A.55F.htmlTraceback (most recent call last):
  File "/home/studentyl/anaconda3/lib/python3.6/site-packages/requests/packages/urllib3/connectionpool.py", line 600, in urlopen
    chunked=chunked)
  File "/home/studentyl/anaconda3/lib/python3.6/site-packages/requests/packages/urllib3/connectionpool.py", line 386, in _make_request
    six.raise_from(e, None)
  File "<string>", line 2, in raise_from
  File "/home/studentyl/anaconda3/lib/python3.6/site-packages/requests/packages/urllib3/connectionpool.py", line 382, in _make_request
    httplib_response = conn.getresponse()
  File "/home/studentyl/anaconda3/lib/python3.6/http/client.py", line 1331, in getresponse
    response.begin()
  File "/home/studentyl/anaconda3/lib/python3.6/http/client.py", line 297, in begin
    version, status, reason = self._read_status()
  File "/home/studentyl/anaconda3/lib/python3.6/http/client.py", line 266, in _read_status
    raise RemoteDisconnected("Remote end closed connection without"
http.client.RemoteDisconnected: Remote end closed connection without response

During handling of the above exception, another exception occurred:

Traceback (most recent call last):
  File "/home/studentyl/anaconda3/lib/python3.6/site-packages/requests/adapters.py", line 438, in send
    timeout=timeout
  File "/home/studentyl/anaconda3/lib/python3.6/site-packages/requests/packages/urllib3/connectionpool.py", line 649, in urlopen
    _stacktrace=sys.exc_info()[2])
  File "/home/studentyl/anaconda3/lib/python3.6/site-packages/requests/packages/urllib3/util/retry.py", line 357, in increment
    raise six.reraise(type(error), error, _stacktrace)
  File "/home/studentyl/anaconda3/lib/python3.6/site-packages/requests/packages/urllib3/packages/six.py", line 685, in reraise
    raise value.with_traceback(tb)
  File "/home/studentyl/anaconda3/lib/python3.6/site-packages/requests/packages/urllib3/connectionpool.py", line 600, in urlopen
    chunked=chunked)
  File "/home/studentyl/anaconda3/lib/python3.6/site-packages/requests/packages/urllib3/connectionpool.py", line 386, in _make_request
    six.raise_from(e, None)
  File "<string>", line 2, in raise_from
  File "/home/studentyl/anaconda3/lib/python3.6/site-packages/requests/packages/urllib3/connectionpool.py", line 382, in _make_request
    httplib_response = conn.getresponse()
  File "/home/studentyl/anaconda3/lib/python3.6/http/client.py", line 1331, in getresponse
    response.begin()
  File "/home/studentyl/anaconda3/lib/python3.6/http/client.py", line 297, in begin
    version, status, reason = self._read_status()
  File "/home/studentyl/anaconda3/lib/python3.6/http/client.py", line 266, in _read_status
    raise RemoteDisconnected("Remote end closed connection without"
requests.packages.urllib3.exceptions.ProtocolError: ('Connection aborted.', RemoteDisconnected('Remote end closed connection without response',))

During handling of the above exception, another exception occurred:

Traceback (most recent call last):
  File "./crawler.py", line 177, in <module>
    main(sys.argv[1:])
  File "./crawler.py", line 158, in main
    downloadForum(forumName, startPage, pages)
  File "./crawler.py", line 140, in downloadForum
    downloadPage(str(articleCount), forumName, pageNum, 'https://www.ptt.cc'+link)
  File "./crawler.py", line 82, in downloadPage
    pageText = getPageText(link)
  File "./crawler.py", line 13, in getPageText
    pageText=requests.get(link, cookies={'over18':'1'}).text
  File "/home/studentyl/anaconda3/lib/python3.6/site-packages/requests/api.py", line 72, in get
    return request('get', url, params=params, **kwargs)
  File "/home/studentyl/anaconda3/lib/python3.6/site-packages/requests/api.py", line 58, in request
    return session.request(method=method, url=url, **kwargs)
  File "/home/studentyl/anaconda3/lib/python3.6/site-packages/requests/sessions.py", line 518, in request
    resp = self.send(prep, **send_kwargs)
  File "/home/studentyl/anaconda3/lib/python3.6/site-packages/requests/sessions.py", line 639, in send
    r = adapter.send(request, **kwargs)
  File "/home/studentyl/anaconda3/lib/python3.6/site-packages/requests/adapters.py", line 488, in send
    raise ConnectionError(err, request=request)
requests.exceptions.ConnectionError: ('Connection aborted.', RemoteDisconnected('Remote end closed connection without response',))
