page 22380
/bbs/Gossiping/M.1496506965.A.A8B.html download to ptt/Gossiping/22380_0.txt, time: 5.900000
empty download to ptt/Gossiping/22380_1.txt, time: 0.000000
/bbs/Gossiping/M.1496507000.A.869.html download to ptt/Gossiping/22380_2.txt, time: 5.000000
/bbs/Gossiping/M.1496507003.A.E87.html download to ptt/Gossiping/22380_3.txt, time: 4.910000
/bbs/Gossiping/M.1496507004.A.7C0.html download to ptt/Gossiping/22380_4.txt, time: 4.640000
/bbs/Gossiping/M.1496507055.A.0A9.html download to ptt/Gossiping/22380_5.txt, time: 5.330000
/bbs/Gossiping/M.1496507055.A.21A.html download to ptt/Gossiping/22380_6.txt, time: 5.310000
/bbs/Gossiping/M.1496507084.A.192.html download to ptt/Gossiping/22380_7.txt, time: 4.970000
/bbs/Gossiping/M.1496507109.A.524.html download to ptt/Gossiping/22380_8.txt, time: 6.510000
/bbs/Gossiping/M.1496507131.A.9A4.html download to ptt/Gossiping/22380_9.txt, time: 3.920000
/bbs/Gossiping/M.1496507135.A.166.html download to ptt/Gossiping/22380_10.txt, time: 2.910000
/bbs/Gossiping/M.1496507160.A.031.html download to ptt/Gossiping/22380_11.txt, time: 4.290000
/bbs/Gossiping/M.1496507169.A.210.html download to ptt/Gossiping/22380_12.txt, time: 5.110000
/bbs/Gossiping/M.1496507172.A.99C.html download to ptt/Gossiping/22380_13.txt, time: 4.270000
/bbs/Gossiping/M.1496507179.A.37E.html download to ptt/Gossiping/22380_14.txt, time: 9.510000
/bbs/Gossiping/M.1496507192.A.9AD.html download to ptt/Gossiping/22380_15.txt, time: 4.810000
/bbs/Gossiping/M.1496507218.A.0F3.html download to ptt/Gossiping/22380_16.txt, time: 4.770000
/bbs/Gossiping/M.1496507226.A.B73.html download to ptt/Gossiping/22380_17.txt, time: 4.240000
/bbs/Gossiping/M.1496507252.A.A97.html download to ptt/Gossiping/22380_18.txt, time: 4.160000
/bbs/Gossiping/M.1496507265.A.A7D.html download to ptt/Gossiping/22380_19.txt, time: 5.060000
page 22379
/bbs/Gossiping/M.1496506625.A.BBD.html download to ptt/Gossiping/22379_0.txt, time: 4.670000
/bbs/Gossiping/M.1496506637.A.D78.html download to ptt/Gossiping/22379_1.txt, time: 5.510000
/bbs/Gossiping/M.1496506648.A.6C6.html download to ptt/Gossiping/22379_2.txt, time: 3.600000
/bbs/Gossiping/M.1496506655.A.F23.html download to ptt/Gossiping/22379_3.txt, time: 5.270000
/bbs/Gossiping/M.1496506657.A.F1D.html download to ptt/Gossiping/22379_4.txt, time: 5.740000
/bbs/Gossiping/M.1496506680.A.028.html download to ptt/Gossiping/22379_5.txt, time: 5.600000
empty download to ptt/Gossiping/22379_6.txt, time: 0.000000
/bbs/Gossiping/M.1496506732.A.CE1.html download to ptt/Gossiping/22379_7.txt, time: 5.810000
/bbs/Gossiping/M.1496506742.A.AB9.html download to ptt/Gossiping/22379_8.txt, time: 3.730000
/bbs/Gossiping/M.1496506782.A.EDD.html download to ptt/Gossiping/22379_9.txt, time: 4.560000
/bbs/Gossiping/M.1496506787.A.78B.html download to ptt/Gossiping/22379_10.txt, time: 5.650000
/bbs/Gossiping/M.1496506791.A.287.html download to ptt/Gossiping/22379_11.txt, time: 6.870000
/bbs/Gossiping/M.1496506822.A.893.html download to ptt/Gossiping/22379_12.txt, time: 6.670000
/bbs/Gossiping/M.1496506834.A.3FA.html download to ptt/Gossiping/22379_13.txt, time: 5.320000
/bbs/Gossiping/M.1496506861.A.A90.html download to ptt/Gossiping/22379_14.txt, time: 5.880000
/bbs/Gossiping/M.1496506870.A.0AD.html download to ptt/Gossiping/22379_15.txt, time: 6.800000
/bbs/Gossiping/M.1496506873.A.041.html download to ptt/Gossiping/22379_16.txt, time: 5.340000
/bbs/Gossiping/M.1496506885.A.9CF.html download to ptt/Gossiping/22379_17.txt, time: 3.340000
/bbs/Gossiping/M.1496506889.A.A60.html download to ptt/Gossiping/22379_18.txt, time: 4.600000
/bbs/Gossiping/M.1496506925.A.2B3.html download to ptt/Gossiping/22379_19.txt, time: 4.130000
page 22378
/bbs/Gossiping/M.1496506292.A.F47.html download to ptt/Gossiping/22378_0.txt, time: 5.580000
/bbs/Gossiping/M.1496506295.A.6E0.html download to ptt/Gossiping/22378_1.txt, time: 5.080000
/bbs/Gossiping/M.1496506300.A.32D.html download to ptt/Gossiping/22378_2.txt, time: 3.640000
/bbs/Gossiping/M.1496506307.A.6A9.html download to ptt/Gossiping/22378_3.txt, time: 5.110000
/bbs/Gossiping/M.1496506308.A.DDE.html download to ptt/Gossiping/22378_4.txt, time: 4.610000
/bbs/Gossiping/M.1496506320.A.507.html download to ptt/Gossiping/22378_5.txt, time: 4.470000
/bbs/Gossiping/M.1496506345.A.2F9.html download to ptt/Gossiping/22378_6.txt, time: 6.710000
/bbs/Gossiping/M.1496506362.A.7D1.html download to ptt/Gossiping/22378_7.txt, time: 11.690000
/bbs/Gossiping/M.1496506470.A.F68.html download to ptt/Gossiping/22378_8.txt, time: 6.550000
/bbs/Gossiping/M.1496506476.A.10B.html download to ptt/Gossiping/22378_9.txt, time: 6.620000
/bbs/Gossiping/M.1496506493.A.7A7.html download to ptt/Gossiping/22378_10.txt, time: 8.360000
/bbs/Gossiping/M.1496506494.A.F9B.html download to ptt/Gossiping/22378_11.txt, time: 11.380000
/bbs/Gossiping/M.1496506499.A.C91.html download to ptt/Gossiping/22378_12.txt, time: 4.890000
/bbs/Gossiping/M.1496506505.A.7AF.html download to ptt/Gossiping/22378_13.txt, time: 5.510000
/bbs/Gossiping/M.1496506515.A.2CA.html download to ptt/Gossiping/22378_14.txt, time: 5.270000
/bbs/Gossiping/M.1496506529.A.89F.html download to ptt/Gossiping/22378_15.txt, time: 10.150000
/bbs/Gossiping/M.1496506543.A.0BD.html download to ptt/Gossiping/22378_16.txt, time: 4.420000
/bbs/Gossiping/M.1496506546.A.CF0.html download to ptt/Gossiping/22378_17.txt, time: 4.440000
/bbs/Gossiping/M.1496506558.A.648.html download to ptt/Gossiping/22378_18.txt, time: 6.520000
/bbs/Gossiping/M.1496506609.A.F27.html download to ptt/Gossiping/22378_19.txt, time: 4.530000
page 22377
/bbs/Gossiping/M.1496506041.A.3D5.html download to ptt/Gossiping/22377_0.txt, time: 8.210000
/bbs/Gossiping/M.1496506060.A.A10.html download to ptt/Gossiping/22377_1.txt, time: 6.480000
/bbs/Gossiping/M.1496506079.A.94C.html download to ptt/Gossiping/22377_2.txt, time: 6.490000
/bbs/Gossiping/M.1496506080.A.C0A.html download to ptt/Gossiping/22377_3.txt, time: 3.440000
/bbs/Gossiping/M.1496506085.A.0E2.html download to ptt/Gossiping/22377_4.txt, time: 3.610000
/bbs/Gossiping/M.1496506086.A.4E0.html download to ptt/Gossiping/22377_5.txt, time: 4.380000
/bbs/Gossiping/M.1496506112.A.3EA.html download to ptt/Gossiping/22377_6.txt, time: 5.690000
/bbs/Gossiping/M.1496506113.A.D61.html download to ptt/Gossiping/22377_7.txt, time: 3.330000
/bbs/Gossiping/M.1496506120.A.421.html download to ptt/Gossiping/22377_8.txt, time: 3.230000
/bbs/Gossiping/M.1496506124.A.7DF.html download to ptt/Gossiping/22377_9.txt, time: 2.740000
/bbs/Gossiping/M.1496506138.A.A26.html download to ptt/Gossiping/22377_10.txt, time: 5.290000
/bbs/Gossiping/M.1496506167.A.64C.html download to ptt/Gossiping/22377_11.txt, time: 4.490000
/bbs/Gossiping/M.1496506176.A.2BE.html download to ptt/Gossiping/22377_12.txt, time: 4.730000
/bbs/Gossiping/M.1496506179.A.D10.html download to ptt/Gossiping/22377_13.txt, time: 6.530000
/bbs/Gossiping/M.1496506205.A.268.html download to ptt/Gossiping/22377_14.txt, time: 3.790000
/bbs/Gossiping/M.1496506233.A.19D.html download to ptt/Gossiping/22377_15.txt, time: 5.140000
/bbs/Gossiping/M.1496506235.A.24E.html download to ptt/Gossiping/22377_16.txt, time: 3.110000
/bbs/Gossiping/M.1496506267.A.67E.html download to ptt/Gossiping/22377_17.txt, time: 3.600000
/bbs/Gossiping/M.1496506274.A.4C0.html download to ptt/Gossiping/22377_18.txt, time: 3.760000
/bbs/Gossiping/M.1496506290.A.72F.html download to ptt/Gossiping/22377_19.txt, time: 5.570000
page 22376
/bbs/Gossiping/M.1496505777.A.2B8.html download to ptt/Gossiping/22376_0.txt, time: 4.920000
/bbs/Gossiping/M.1496505798.A.6CE.html download to ptt/Gossiping/22376_1.txt, time: 7.680000
/bbs/Gossiping/M.1496505811.A.6A4.html download to ptt/Gossiping/22376_2.txt, time: 7.210000
/bbs/Gossiping/M.1496505830.A.4A8.html download to ptt/Gossiping/22376_3.txt, time: 4.070000
/bbs/Gossiping/M.1496505831.A.E39.html download to ptt/Gossiping/22376_4.txt, time: 4.560000
/bbs/Gossiping/M.1496505839.A.7BB.html download to ptt/Gossiping/22376_5.txt, time: 4.830000
/bbs/Gossiping/M.1496505840.A.926.html download to ptt/Gossiping/22376_6.txt, time: 3.680000
/bbs/Gossiping/M.1496505890.A.B11.html download to ptt/Gossiping/22376_7.txt, time: 4.240000
/bbs/Gossiping/M.1496505894.A.A4E.html download to ptt/Gossiping/22376_8.txt, time: 3.950000
/bbs/Gossiping/M.1496505913.A.563.html download to ptt/Gossiping/22376_9.txt, time: 3.950000
/bbs/Gossiping/M.1496505917.A.3DE.html download to ptt/Gossiping/22376_10.txt, time: 5.030000
/bbs/Gossiping/M.1496505953.A.AE1.html download to ptt/Gossiping/22376_11.txt, time: 3.930000
/bbs/Gossiping/M.1496505957.A.D4B.html download to ptt/Gossiping/22376_12.txt, time: 4.390000
/bbs/Gossiping/M.1496505975.A.08B.html download to ptt/Gossiping/22376_13.txt, time: 4.450000
/bbs/Gossiping/M.1496505980.A.294.html download to ptt/Gossiping/22376_14.txt, time: 4.430000
/bbs/Gossiping/M.1496505984.A.113.html download to ptt/Gossiping/22376_15.txt, time: 4.110000
/bbs/Gossiping/M.1496505984.A.B64.html download to ptt/Gossiping/22376_16.txt, time: 3.240000
/bbs/Gossiping/M.1496506007.A.CBD.html download to ptt/Gossiping/22376_17.txt, time: 2.990000
/bbs/Gossiping/M.1496506009.A.406.html download to ptt/Gossiping/22376_18.txt, time: 2.320000
/bbs/Gossiping/M.1496506020.A.526.html download to ptt/Gossiping/22376_19.txt, time: 2.770000
time: 564.4083564281464 seconds
