page 22390
/bbs/Gossiping/M.1496510771.A.8D9.html download to ptt/Gossiping/22390_0.txt, time: 6.250000
/bbs/Gossiping/M.1496510798.A.3E0.html download to ptt/Gossiping/22390_1.txt, time: 4.570000
/bbs/Gossiping/M.1496510805.A.7C5.html download to ptt/Gossiping/22390_2.txt, time: 5.480000
/bbs/Gossiping/M.1496510930.A.168.html download to ptt/Gossiping/22390_3.txt, time: 5.390000
/bbs/Gossiping/M.1496510941.A.F5B.html download to ptt/Gossiping/22390_4.txt, time: 4.630000
/bbs/Gossiping/M.1496510953.A.3FF.html download to ptt/Gossiping/22390_5.txt, time: 4.880000
/bbs/Gossiping/M.1496510969.A.51E.html download to ptt/Gossiping/22390_6.txt, time: 5.770000
/bbs/Gossiping/M.1496511010.A.45A.html download to ptt/Gossiping/22390_7.txt, time: 5.790000
/bbs/Gossiping/M.1496511014.A.F43.html download to ptt/Gossiping/22390_8.txt, time: 5.130000
/bbs/Gossiping/M.1496511021.A.553.html download to ptt/Gossiping/22390_9.txt, time: 4.880000
/bbs/Gossiping/M.1496511042.A.301.html download to ptt/Gossiping/22390_10.txt, time: 4.770000
empty download to ptt/Gossiping/22390_11.txt, time: 0.000000
/bbs/Gossiping/M.1496511056.A.45C.html download to ptt/Gossiping/22390_12.txt, time: 9.400000
/bbs/Gossiping/M.1496511089.A.B6D.html download to ptt/Gossiping/22390_13.txt, time: 6.200000
/bbs/Gossiping/M.1496511095.A.802.html download to ptt/Gossiping/22390_14.txt, time: 4.970000
/bbs/Gossiping/M.1496511108.A.210.html download to ptt/Gossiping/22390_15.txt, time: 6.330000
/bbs/Gossiping/M.1496511122.A.91B.html download to ptt/Gossiping/22390_16.txt, time: 4.870000
/bbs/Gossiping/M.1496511143.A.666.html download to ptt/Gossiping/22390_17.txt, time: 5.930000
/bbs/Gossiping/M.1496511154.A.07C.html download to ptt/Gossiping/22390_18.txt, time: 8.080000
/bbs/Gossiping/M.1496511157.A.A25.html download to ptt/Gossiping/22390_19.txt, time: 4.430000
page 22389
/bbs/Gossiping/M.1496510397.A.79D.html download to ptt/Gossiping/22389_0.txt, time: 3.830000
/bbs/Gossiping/M.1496510401.A.0DC.html download to ptt/Gossiping/22389_1.txt, time: 3.520000
/bbs/Gossiping/M.1496510408.A.1D5.html download to ptt/Gossiping/22389_2.txt, time: 4.490000
/bbs/Gossiping/M.1496510468.A.F06.html download to ptt/Gossiping/22389_3.txt, time: 4.870000
/bbs/Gossiping/M.1496510483.A.4DD.html download to ptt/Gossiping/22389_4.txt, time: 5.950000
/bbs/Gossiping/M.1496510510.A.D6B.html download to ptt/Gossiping/22389_5.txt, time: 5.500000
/bbs/Gossiping/M.1496510514.A.C66.html download to ptt/Gossiping/22389_6.txt, time: 4.080000
/bbs/Gossiping/M.1496510542.A.FEC.html download to ptt/Gossiping/22389_7.txt, time: 2.670000
/bbs/Gossiping/M.1496510554.A.44B.html download to ptt/Gossiping/22389_8.txt, time: 5.840000
/bbs/Gossiping/M.1496510557.A.CD8.html download to ptt/Gossiping/22389_9.txt, time: 6.340000
/bbs/Gossiping/M.1496510558.A.855.html download to ptt/Gossiping/22389_10.txt, time: 3.960000
/bbs/Gossiping/M.1496510566.A.212.html download to ptt/Gossiping/22389_11.txt, time: 3.780000
/bbs/Gossiping/M.1496510591.A.67D.html download to ptt/Gossiping/22389_12.txt, time: 3.460000
/bbs/Gossiping/M.1496510614.A.B34.html download to ptt/Gossiping/22389_13.txt, time: 4.910000
empty download to ptt/Gossiping/22389_14.txt, time: 0.000000
/bbs/Gossiping/M.1496510629.A.FF5.html download to ptt/Gossiping/22389_15.txt, time: 5.600000
/bbs/Gossiping/M.1496510653.A.E9F.html download to ptt/Gossiping/22389_16.txt, time: 4.660000
/bbs/Gossiping/M.1496510655.A.354.html download to ptt/Gossiping/22389_17.txt, time: 4.570000
/bbs/Gossiping/M.1496510675.A.6C2.html download to ptt/Gossiping/22389_18.txt, time: 4.030000
/bbs/Gossiping/M.1496510766.A.91E.html download to ptt/Gossiping/22389_19.txt, time: 3.940000
page 22388
/bbs/Gossiping/M.1496510096.A.4E6.html download to ptt/Gossiping/22388_0.txt, time: 4.400000
/bbs/Gossiping/M.1496510101.A.D40.html download to ptt/Gossiping/22388_1.txt, time: 4.330000
/bbs/Gossiping/M.1496510108.A.287.html download to ptt/Gossiping/22388_2.txt, time: 4.890000
/bbs/Gossiping/M.1496510110.A.BB5.html download to ptt/Gossiping/22388_3.txt, time: 4.270000
/bbs/Gossiping/M.1496510122.A.9B9.html download to ptt/Gossiping/22388_4.txt, time: 3.660000
/bbs/Gossiping/M.1496510140.A.70F.html download to ptt/Gossiping/22388_5.txt, time: 4.200000
/bbs/Gossiping/M.1496510155.A.494.html download to ptt/Gossiping/22388_6.txt, time: 4.940000
/bbs/Gossiping/M.1496510184.A.936.html download to ptt/Gossiping/22388_7.txt, time: 3.790000
/bbs/Gossiping/M.1496510202.A.CE3.html download to ptt/Gossiping/22388_8.txt, time: 4.430000
empty download to ptt/Gossiping/22388_9.txt, time: 0.000000
/bbs/Gossiping/M.1496510215.A.7D7.html download to ptt/Gossiping/22388_10.txt, time: 7.180000
/bbs/Gossiping/M.1496510249.A.31F.html download to ptt/Gossiping/22388_11.txt, time: 8.860000
/bbs/Gossiping/M.1496510265.A.988.html download to ptt/Gossiping/22388_12.txt, time: 8.090000
/bbs/Gossiping/M.1496510283.A.88F.html download to ptt/Gossiping/22388_13.txt, time: 7.060000
/bbs/Gossiping/M.1496510319.A.77C.html download to ptt/Gossiping/22388_14.txt, time: 14.890000
/bbs/Gossiping/M.1496510356.A.A0B.html download to ptt/Gossiping/22388_15.txt, time: 9.910000
/bbs/Gossiping/M.1496510362.A.901.html download to ptt/Gossiping/22388_16.txt, time: 4.090000
/bbs/Gossiping/M.1496510373.A.CC6.html download to ptt/Gossiping/22388_17.txt, time: 8.180000
/bbs/Gossiping/M.1496510378.A.2C4.html download to ptt/Gossiping/22388_18.txt, time: 14.520000
/bbs/Gossiping/M.1496510382.A.26D.html download to ptt/Gossiping/22388_19.txt, time: 5.470000
page 22387
/bbs/Gossiping/M.1496509742.A.35A.html download to ptt/Gossiping/22387_0.txt, time: 13.670000
/bbs/Gossiping/M.1496509780.A.671.html download to ptt/Gossiping/22387_1.txt, time: 3.550000
/bbs/Gossiping/M.1496509784.A.151.html download to ptt/Gossiping/22387_2.txt, time: 3.150000
/bbs/Gossiping/M.1496509803.A.B02.html download to ptt/Gossiping/22387_3.txt, time: 5.470000
/bbs/Gossiping/M.1496509811.A.CDD.html download to ptt/Gossiping/22387_4.txt, time: 3.520000
/bbs/Gossiping/M.1496509862.A.9FC.html download to ptt/Gossiping/22387_5.txt, time: 4.170000
/bbs/Gossiping/M.1496509864.A.FB8.html download to ptt/Gossiping/22387_6.txt, time: 3.820000
/bbs/Gossiping/M.1496509891.A.947.html download to ptt/Gossiping/22387_7.txt, time: 3.690000
/bbs/Gossiping/M.1496509894.A.881.html download to ptt/Gossiping/22387_8.txt, time: 3.650000
/bbs/Gossiping/M.1496509910.A.D38.html download to ptt/Gossiping/22387_9.txt, time: 4.420000
/bbs/Gossiping/M.1496509923.A.439.html download to ptt/Gossiping/22387_10.txt, time: 3.930000
/bbs/Gossiping/M.1496509923.A.831.html download to ptt/Gossiping/22387_11.txt, time: 2.560000
/bbs/Gossiping/M.1496509930.A.952.html download to ptt/Gossiping/22387_12.txt, time: 3.790000
/bbs/Gossiping/M.1496509933.A.BE5.html download to ptt/Gossiping/22387_13.txt, time: 5.130000
/bbs/Gossiping/M.1496509938.A.684.html download to ptt/Gossiping/22387_14.txt, time: 4.680000
/bbs/Gossiping/M.1496509950.A.3A8.html download to ptt/Gossiping/22387_15.txt, time: 3.640000
/bbs/Gossiping/M.1496509970.A.016.html download to ptt/Gossiping/22387_16.txt, time: 3.040000
/bbs/Gossiping/M.1496509975.A.D5E.html download to ptt/Gossiping/22387_17.txt, time: 4.600000
/bbs/Gossiping/M.1496509999.A.10B.html download to ptt/Gossiping/22387_18.txt, time: 4.240000
/bbs/Gossiping/M.1496510000.A.F8C.html download to ptt/Gossiping/22387_19.txt, time: 3.730000
page 22386
/bbs/Gossiping/M.1496509355.A.4DE.html download to ptt/Gossiping/22386_0.txt, time: 4.660000
/bbs/Gossiping/M.1496509376.A.519.html download to ptt/Gossiping/22386_1.txt, time: 3.090000
/bbs/Gossiping/M.1496509381.A.275.html download to ptt/Gossiping/22386_2.txt, time: 4.280000
/bbs/Gossiping/M.1496509392.A.DE0.html download to ptt/Gossiping/22386_3.txt, time: 2.980000
/bbs/Gossiping/M.1496509411.A.104.html download to ptt/Gossiping/22386_4.txt, time: 3.860000
/bbs/Gossiping/M.1496509425.A.F03.html download to ptt/Gossiping/22386_5.txt, time: 8.330000
/bbs/Gossiping/M.1496509448.A.BA8.html download to ptt/Gossiping/22386_6.txt, time: 3.500000
/bbs/Gossiping/M.1496509463.A.BBC.html download to ptt/Gossiping/22386_7.txt, time: 4.020000
/bbs/Gossiping/M.1496509473.A.42C.html download to ptt/Gossiping/22386_8.txt, time: 3.420000
/bbs/Gossiping/M.1496509474.A.2BA.html download to ptt/Gossiping/22386_9.txt, time: 4.250000
/bbs/Gossiping/M.1496509497.A.AD9.html download to ptt/Gossiping/22386_10.txt, time: 4.200000
/bbs/Gossiping/M.1496509505.A.BB1.html download to ptt/Gossiping/22386_11.txt, time: 2.400000
/bbs/Gossiping/M.1496509508.A.FAE.html download to ptt/Gossiping/22386_12.txt, time: 2.890000
/bbs/Gossiping/M.1496509543.A.80C.html download to ptt/Gossiping/22386_13.txt, time: 3.080000
/bbs/Gossiping/M.1496509544.A.2B5.html download to ptt/Gossiping/22386_14.txt, time: 4.550000
/bbs/Gossiping/M.1496509579.A.667.html download to ptt/Gossiping/22386_15.txt, time: 3.920000
/bbs/Gossiping/M.1496509620.A.D10.html download to ptt/Gossiping/22386_16.txt, time: 3.630000
/bbs/Gossiping/M.1496509697.A.8B0.html download to ptt/Gossiping/22386_17.txt, time: 5.300000
/bbs/Gossiping/M.1496509721.A.8A8.html download to ptt/Gossiping/22386_18.txt, time: 3.870000
/bbs/Gossiping/M.1496509729.A.B54.html download to ptt/Gossiping/22386_19.txt, time: 3.910000
time: 546.5972490310669 seconds
