page 22400
/bbs/Gossiping/M.1496521825.A.341.html download to ptt/Gossiping/22400_0.txt, time: 4.790000
/bbs/Gossiping/M.1496521849.A.7DE.html download to ptt/Gossiping/22400_1.txt, time: 5.330000
/bbs/Gossiping/M.1496521861.A.613.html download to ptt/Gossiping/22400_2.txt, time: 5.160000
/bbs/Gossiping/M.1496521953.A.930.html download to ptt/Gossiping/22400_3.txt, time: 4.080000
/bbs/Gossiping/M.1496521983.A.2F2.html download to ptt/Gossiping/22400_4.txt, time: 5.950000
/bbs/Gossiping/M.1496521999.A.3EE.html download to ptt/Gossiping/22400_5.txt, time: 3.800000
/bbs/Gossiping/M.1496522144.A.25C.html download to ptt/Gossiping/22400_6.txt, time: 4.260000
/bbs/Gossiping/M.1496522167.A.FEB.html download to ptt/Gossiping/22400_7.txt, time: 7.310000
/bbs/Gossiping/M.1496522259.A.EA4.html download to ptt/Gossiping/22400_8.txt, time: 5.090000
/bbs/Gossiping/M.1496522347.A.FEC.html download to ptt/Gossiping/22400_9.txt, time: 7.010000
/bbs/Gossiping/M.1496522421.A.C64.html download to ptt/Gossiping/22400_10.txt, time: 6.410000
/bbs/Gossiping/M.1496522438.A.BFA.html download to ptt/Gossiping/22400_11.txt, time: 5.980000
/bbs/Gossiping/M.1496522444.A.E51.html download to ptt/Gossiping/22400_12.txt, time: 5.690000
/bbs/Gossiping/M.1496522497.A.E2F.html download to ptt/Gossiping/22400_13.txt, time: 5.270000
/bbs/Gossiping/M.1496522622.A.F64.html download to ptt/Gossiping/22400_14.txt, time: 4.900000
empty download to ptt/Gossiping/22400_15.txt, time: 0.000000
/bbs/Gossiping/M.1496522847.A.8FE.html download to ptt/Gossiping/22400_16.txt, time: 6.480000
/bbs/Gossiping/M.1496522964.A.019.html download to ptt/Gossiping/22400_17.txt, time: 5.930000
/bbs/Gossiping/M.1496523071.A.807.html download to ptt/Gossiping/22400_18.txt, time: 3.930000
/bbs/Gossiping/M.1496523250.A.4F6.html download to ptt/Gossiping/22400_19.txt, time: 4.370000
page 22399
/bbs/Gossiping/M.1496519805.A.429.html download to ptt/Gossiping/22399_0.txt, time: 5.260000
/bbs/Gossiping/M.1496519831.A.0F7.html download to ptt/Gossiping/22399_1.txt, time: 3.620000
/bbs/Gossiping/M.1496519880.A.E02.html download to ptt/Gossiping/22399_2.txt, time: 5.660000
/bbs/Gossiping/M.1496520033.A.9C8.html download to ptt/Gossiping/22399_3.txt, time: 5.620000
/bbs/Gossiping/M.1496520052.A.407.html download to ptt/Gossiping/22399_4.txt, time: 4.700000
/bbs/Gossiping/M.1496520191.A.3D3.html download to ptt/Gossiping/22399_5.txt, time: 5.060000
/bbs/Gossiping/M.1496520291.A.708.html download to ptt/Gossiping/22399_6.txt, time: 4.750000
/bbs/Gossiping/M.1496520371.A.D83.html download to ptt/Gossiping/22399_7.txt, time: 6.200000
/bbs/Gossiping/M.1496520435.A.1FE.html download to ptt/Gossiping/22399_8.txt, time: 5.610000
/bbs/Gossiping/M.1496520495.A.0AC.html download to ptt/Gossiping/22399_9.txt, time: 6.220000
/bbs/Gossiping/M.1496520544.A.E6A.html download to ptt/Gossiping/22399_10.txt, time: 4.580000
/bbs/Gossiping/M.1496520636.A.D89.html download to ptt/Gossiping/22399_11.txt, time: 8.250000
/bbs/Gossiping/M.1496520746.A.B4D.html download to ptt/Gossiping/22399_12.txt, time: 5.880000
/bbs/Gossiping/M.1496520982.A.F0C.html download to ptt/Gossiping/22399_13.txt, time: 3.870000
/bbs/Gossiping/M.1496521248.A.350.html download to ptt/Gossiping/22399_14.txt, time: 5.240000
/bbs/Gossiping/M.1496521278.A.72D.html download to ptt/Gossiping/22399_15.txt, time: 4.380000
/bbs/Gossiping/M.1496521359.A.F32.html download to ptt/Gossiping/22399_16.txt, time: 5.500000
empty download to ptt/Gossiping/22399_17.txt, time: 0.000000
/bbs/Gossiping/M.1496521465.A.7E1.html download to ptt/Gossiping/22399_18.txt, time: 4.530000
/bbs/Gossiping/M.1496521788.A.4CE.html download to ptt/Gossiping/22399_19.txt, time: 4.110000
page 22398
/bbs/Gossiping/M.1496518015.A.ED7.html download to ptt/Gossiping/22398_0.txt, time: 6.430000
/bbs/Gossiping/M.1496518034.A.322.html download to ptt/Gossiping/22398_1.txt, time: 4.940000
/bbs/Gossiping/M.1496518087.A.B52.html download to ptt/Gossiping/22398_2.txt, time: 8.830000
/bbs/Gossiping/M.1496518220.A.FFB.html download to ptt/Gossiping/22398_3.txt, time: 13.700000
/bbs/Gossiping/M.1496518241.A.4F2.html download to ptt/Gossiping/22398_4.txt, time: 4.540000
/bbs/Gossiping/M.1496518272.A.67F.html download to ptt/Gossiping/22398_5.txt, time: 8.020000
/bbs/Gossiping/M.1496518309.A.017.html download to ptt/Gossiping/22398_6.txt, time: 4.360000
/bbs/Gossiping/M.1496518401.A.239.html download to ptt/Gossiping/22398_7.txt, time: 5.850000
/bbs/Gossiping/M.1496518479.A.280.html download to ptt/Gossiping/22398_8.txt, time: 11.040000
/bbs/Gossiping/M.1496518766.A.4C9.html download to ptt/Gossiping/22398_9.txt, time: 6.970000
/bbs/Gossiping/M.1496518991.A.2E2.html download to ptt/Gossiping/22398_10.txt, time: 4.460000
/bbs/Gossiping/M.1496519132.A.5F5.html download to ptt/Gossiping/22398_11.txt, time: 4.360000
/bbs/Gossiping/M.1496519305.A.541.html download to ptt/Gossiping/22398_12.txt, time: 8.820000
/bbs/Gossiping/M.1496519344.A.227.html download to ptt/Gossiping/22398_13.txt, time: 3.630000
empty download to ptt/Gossiping/22398_14.txt, time: 0.000000
/bbs/Gossiping/M.1496519384.A.DF7.html download to ptt/Gossiping/22398_15.txt, time: 3.480000
/bbs/Gossiping/M.1496519493.A.A51.html download to ptt/Gossiping/22398_16.txt, time: 5.700000
/bbs/Gossiping/M.1496519588.A.858.html download to ptt/Gossiping/22398_17.txt, time: 3.590000
/bbs/Gossiping/M.1496519750.A.078.html download to ptt/Gossiping/22398_18.txt, time: 8.540000
/bbs/Gossiping/M.1496519778.A.BF1.html download to ptt/Gossiping/22398_19.txt, time: 5.560000
page 22397
/bbs/Gossiping/M.1496516893.A.0D4.html download to ptt/Gossiping/22397_0.txt, time: 5.280000
/bbs/Gossiping/M.1496516921.A.A70.html download to ptt/Gossiping/22397_1.txt, time: 5.560000
/bbs/Gossiping/M.1496516985.A.085.html download to ptt/Gossiping/22397_2.txt, time: 3.880000
/bbs/Gossiping/M.1496517182.A.C5C.html download to ptt/Gossiping/22397_3.txt, time: 3.380000
/bbs/Gossiping/M.1496517249.A.3BC.html download to ptt/Gossiping/22397_4.txt, time: 4.040000
/bbs/Gossiping/M.1496517300.A.514.html download to ptt/Gossiping/22397_5.txt, time: 4.830000
/bbs/Gossiping/M.1496517327.A.BC7.html download to ptt/Gossiping/22397_6.txt, time: 4.870000
/bbs/Gossiping/M.1496517332.A.16B.html download to ptt/Gossiping/22397_7.txt, time: 4.930000
/bbs/Gossiping/M.1496517415.A.744.html download to ptt/Gossiping/22397_8.txt, time: 2.680000
/bbs/Gossiping/M.1496517446.A.419.html download to ptt/Gossiping/22397_9.txt, time: 4.360000
/bbs/Gossiping/M.1496517550.A.494.html download to ptt/Gossiping/22397_10.txt, time: 5.100000
/bbs/Gossiping/M.1496517576.A.28E.html download to ptt/Gossiping/22397_11.txt, time: 5.600000
/bbs/Gossiping/M.1496517591.A.158.html download to ptt/Gossiping/22397_12.txt, time: 4.500000
/bbs/Gossiping/M.1496517595.A.A93.html download to ptt/Gossiping/22397_13.txt, time: 4.140000
empty download to ptt/Gossiping/22397_14.txt, time: 0.000000
/bbs/Gossiping/M.1496517686.A.7C4.html download to ptt/Gossiping/22397_15.txt, time: 5.060000
/bbs/Gossiping/M.1496517784.A.896.html download to ptt/Gossiping/22397_16.txt, time: 5.910000
/bbs/Gossiping/M.1496517936.A.7C3.html download to ptt/Gossiping/22397_17.txt, time: 4.770000
/bbs/Gossiping/M.1496517967.A.BB0.html download to ptt/Gossiping/22397_18.txt, time: 5.240000
/bbs/Gossiping/M.1496517997.A.5CC.html download to ptt/Gossiping/22397_19.txt, time: 3.610000
page 22396
/bbs/Gossiping/M.1496515537.A.1A7.html download to ptt/Gossiping/22396_0.txt, time: 5.330000
/bbs/Gossiping/M.1496515542.A.2A2.html download to ptt/Gossiping/22396_1.txt, time: 7.760000
/bbs/Gossiping/M.1496515637.A.A43.html download to ptt/Gossiping/22396_2.txt, time: 4.020000
/bbs/Gossiping/M.1496515692.A.175.html download to ptt/Gossiping/22396_3.txt, time: 3.580000
/bbs/Gossiping/M.1496515724.A.793.html download to ptt/Gossiping/22396_4.txt, time: 5.510000
/bbs/Gossiping/M.1496515772.A.B7F.html download to ptt/Gossiping/22396_5.txt, time: 3.160000
/bbs/Gossiping/M.1496515781.A.B35.html download to ptt/Gossiping/22396_6.txt, time: 4.340000
/bbs/Gossiping/M.1496515846.A.3B5.html download to ptt/Gossiping/22396_7.txt, time: 2.900000
/bbs/Gossiping/M.1496516063.A.70C.html download to ptt/Gossiping/22396_8.txt, time: 4.280000
/bbs/Gossiping/M.1496516202.A.26C.html download to ptt/Gossiping/22396_9.txt, time: 2.430000
/bbs/Gossiping/M.1496516205.A.961.html download to ptt/Gossiping/22396_10.txt, time: 4.840000
/bbs/Gossiping/M.1496516248.A.527.html download to ptt/Gossiping/22396_11.txt, time: 3.480000
/bbs/Gossiping/M.1496516264.A.C0C.html download to ptt/Gossiping/22396_12.txt, time: 4.020000
/bbs/Gossiping/M.1496516292.A.7C5.html download to ptt/Gossiping/22396_13.txt, time: 4.080000
/bbs/Gossiping/M.1496516307.A.362.html download to ptt/Gossiping/22396_14.txt, time: 4.830000
/bbs/Gossiping/M.1496516337.A.281.html download to ptt/Gossiping/22396_15.txt, time: 3.380000
/bbs/Gossiping/M.1496516467.A.22D.html download to ptt/Gossiping/22396_16.txt, time: 4.530000
/bbs/Gossiping/M.1496516562.A.96E.html download to ptt/Gossiping/22396_17.txt, time: 3.890000
/bbs/Gossiping/M.1496516639.A.716.html download to ptt/Gossiping/22396_18.txt, time: 3.090000
/bbs/Gossiping/M.1496516827.A.0F2.html download to ptt/Gossiping/22396_19.txt, time: 2.960000
time: 549.3925881385803 seconds
