page 22410
/bbs/Gossiping/M.1496539322.A.299.html download to ptt/Gossiping/22410_0.txt, time: 5.460000
empty download to ptt/Gossiping/22410_1.txt, time: 0.000000
/bbs/Gossiping/M.1496539357.A.C19.html download to ptt/Gossiping/22410_2.txt, time: 5.520000
/bbs/Gossiping/M.1496539368.A.1E1.html download to ptt/Gossiping/22410_3.txt, time: 8.300000
/bbs/Gossiping/M.1496539387.A.61A.html download to ptt/Gossiping/22410_4.txt, time: 5.980000
/bbs/Gossiping/M.1496539402.A.60E.html download to ptt/Gossiping/22410_5.txt, time: 9.710000
/bbs/Gossiping/M.1496539420.A.9B5.html download to ptt/Gossiping/22410_6.txt, time: 4.560000
/bbs/Gossiping/M.1496539443.A.21C.html download to ptt/Gossiping/22410_7.txt, time: 5.280000
/bbs/Gossiping/M.1496539446.A.FB9.html download to ptt/Gossiping/22410_8.txt, time: 6.340000
/bbs/Gossiping/M.1496539535.A.447.html download to ptt/Gossiping/22410_9.txt, time: 4.790000
/bbs/Gossiping/M.1496539543.A.7EF.html download to ptt/Gossiping/22410_10.txt, time: 4.920000
/bbs/Gossiping/M.1496539544.A.A7E.html download to ptt/Gossiping/22410_11.txt, time: 6.270000
/bbs/Gossiping/M.1496539646.A.9E3.html download to ptt/Gossiping/22410_12.txt, time: 5.390000
/bbs/Gossiping/M.1496539682.A.5CC.html download to ptt/Gossiping/22410_13.txt, time: 4.130000
/bbs/Gossiping/M.1496539729.A.D81.html download to ptt/Gossiping/22410_14.txt, time: 6.810000
/bbs/Gossiping/M.1496539734.A.302.html download to ptt/Gossiping/22410_15.txt, time: 5.510000
/bbs/Gossiping/M.1496539805.A.D48.html download to ptt/Gossiping/22410_16.txt, time: 6.160000
/bbs/Gossiping/M.1496539816.A.D81.html download to ptt/Gossiping/22410_17.txt, time: 6.800000
/bbs/Gossiping/M.1496539879.A.6EA.html download to ptt/Gossiping/22410_18.txt, time: 5.400000
/bbs/Gossiping/M.1496539920.A.325.html download to ptt/Gossiping/22410_19.txt, time: 3.070000
page 22409
/bbs/Gossiping/M.1496538347.A.157.html download to ptt/Gossiping/22409_0.txt, time: 5.690000
/bbs/Gossiping/M.1496538379.A.B2D.html download to ptt/Gossiping/22409_1.txt, time: 6.450000
/bbs/Gossiping/M.1496538442.A.542.html download to ptt/Gossiping/22409_2.txt, time: 4.350000
/bbs/Gossiping/M.1496538445.A.7BF.html download to ptt/Gossiping/22409_3.txt, time: 4.530000
/bbs/Gossiping/M.1496538468.A.2A6.html download to ptt/Gossiping/22409_4.txt, time: 3.480000
/bbs/Gossiping/M.1496538484.A.DFD.html download to ptt/Gossiping/22409_5.txt, time: 4.860000
/bbs/Gossiping/M.1496538620.A.FFE.html download to ptt/Gossiping/22409_6.txt, time: 6.680000
/bbs/Gossiping/M.1496538632.A.147.html download to ptt/Gossiping/22409_7.txt, time: 4.030000
/bbs/Gossiping/M.1496538637.A.64D.html download to ptt/Gossiping/22409_8.txt, time: 3.890000
/bbs/Gossiping/M.1496538643.A.22A.html download to ptt/Gossiping/22409_9.txt, time: 4.750000
/bbs/Gossiping/M.1496538721.A.B7F.html download to ptt/Gossiping/22409_10.txt, time: 4.540000
/bbs/Gossiping/M.1496538893.A.68F.html download to ptt/Gossiping/22409_11.txt, time: 5.260000
/bbs/Gossiping/M.1496538904.A.C8B.html download to ptt/Gossiping/22409_12.txt, time: 6.330000
/bbs/Gossiping/M.1496538941.A.E6D.html download to ptt/Gossiping/22409_13.txt, time: 5.910000
/bbs/Gossiping/M.1496538968.A.AB5.html download to ptt/Gossiping/22409_14.txt, time: 3.590000
/bbs/Gossiping/M.1496538980.A.2B1.html download to ptt/Gossiping/22409_15.txt, time: 4.880000
empty download to ptt/Gossiping/22409_16.txt, time: 0.000000
/bbs/Gossiping/M.1496539175.A.8EA.html download to ptt/Gossiping/22409_17.txt, time: 4.630000
/bbs/Gossiping/M.1496539193.A.F8F.html download to ptt/Gossiping/22409_18.txt, time: 5.120000
/bbs/Gossiping/M.1496539269.A.401.html download to ptt/Gossiping/22409_19.txt, time: 4.600000
page 22408
/bbs/Gossiping/M.1496537158.A.F6B.html download to ptt/Gossiping/22408_0.txt, time: 6.240000
/bbs/Gossiping/M.1496537226.A.022.html download to ptt/Gossiping/22408_1.txt, time: 7.180000
/bbs/Gossiping/M.1496537233.A.581.html download to ptt/Gossiping/22408_2.txt, time: 4.990000
/bbs/Gossiping/M.1496537334.A.778.html download to ptt/Gossiping/22408_3.txt, time: 6.680000
/bbs/Gossiping/M.1496537423.A.CA8.html download to ptt/Gossiping/22408_4.txt, time: 15.540000
/bbs/Gossiping/M.1496537473.A.653.html download to ptt/Gossiping/22408_5.txt, time: 4.530000
/bbs/Gossiping/M.1496537613.A.777.html download to ptt/Gossiping/22408_6.txt, time: 11.860000
/bbs/Gossiping/M.1496537639.A.088.html download to ptt/Gossiping/22408_7.txt, time: 10.290000
/bbs/Gossiping/M.1496537788.A.1C5.html download to ptt/Gossiping/22408_8.txt, time: 5.300000
/bbs/Gossiping/M.1496537795.A.C68.html download to ptt/Gossiping/22408_9.txt, time: 4.990000
/bbs/Gossiping/M.1496537837.A.467.html download to ptt/Gossiping/22408_10.txt, time: 5.730000
/bbs/Gossiping/M.1496537909.A.712.html download to ptt/Gossiping/22408_11.txt, time: 4.100000
/bbs/Gossiping/M.1496537995.A.20E.html download to ptt/Gossiping/22408_12.txt, time: 7.380000
/bbs/Gossiping/M.1496538173.A.CA5.html download to ptt/Gossiping/22408_13.txt, time: 3.960000
empty download to ptt/Gossiping/22408_14.txt, time: 0.000000
/bbs/Gossiping/M.1496538287.A.B48.html download to ptt/Gossiping/22408_15.txt, time: 4.440000
/bbs/Gossiping/M.1496538294.A.CEC.html download to ptt/Gossiping/22408_16.txt, time: 13.740000
/bbs/Gossiping/M.1496538297.A.4A3.html download to ptt/Gossiping/22408_17.txt, time: 5.240000
/bbs/Gossiping/M.1496538308.A.7CF.html download to ptt/Gossiping/22408_18.txt, time: 3.490000
empty download to ptt/Gossiping/22408_19.txt, time: 0.000000
page 22407
/bbs/Gossiping/M.1496536472.A.8C8.html download to ptt/Gossiping/22407_0.txt, time: 3.590000
/bbs/Gossiping/M.1496536482.A.90C.html download to ptt/Gossiping/22407_1.txt, time: 3.440000
/bbs/Gossiping/M.1496536529.A.324.html download to ptt/Gossiping/22407_2.txt, time: 2.820000
/bbs/Gossiping/M.1496536529.A.50E.html download to ptt/Gossiping/22407_3.txt, time: 3.500000
/bbs/Gossiping/M.1496536623.A.A94.html download to ptt/Gossiping/22407_4.txt, time: 3.580000
/bbs/Gossiping/M.1496536657.A.233.html download to ptt/Gossiping/22407_5.txt, time: 3.830000
/bbs/Gossiping/M.1496536776.A.CBC.html download to ptt/Gossiping/22407_6.txt, time: 4.240000
/bbs/Gossiping/M.1496536839.A.D12.html download to ptt/Gossiping/22407_7.txt, time: 4.550000
/bbs/Gossiping/M.1496536889.A.3E1.html download to ptt/Gossiping/22407_8.txt, time: 5.460000
/bbs/Gossiping/M.1496536941.A.A29.html download to ptt/Gossiping/22407_9.txt, time: 4.220000
/bbs/Gossiping/M.1496536966.A.3AA.html download to ptt/Gossiping/22407_10.txt, time: 5.870000
/bbs/Gossiping/M.1496536973.A.45E.html download to ptt/Gossiping/22407_11.txt, time: 5.130000
/bbs/Gossiping/M.1496536989.A.21F.html download to ptt/Gossiping/22407_12.txt, time: 4.870000
/bbs/Gossiping/M.1496537001.A.EED.html download to ptt/Gossiping/22407_13.txt, time: 5.420000
/bbs/Gossiping/M.1496537090.A.9A1.html download to ptt/Gossiping/22407_14.txt, time: 3.090000
/bbs/Gossiping/M.1496537117.A.05F.html download to ptt/Gossiping/22407_15.txt, time: 5.410000
/bbs/Gossiping/M.1496537128.A.7F7.html download to ptt/Gossiping/22407_16.txt, time: 5.410000
/bbs/Gossiping/M.1496537138.A.CD1.html download to ptt/Gossiping/22407_17.txt, time: 7.470000
/bbs/Gossiping/M.1496537149.A.2F2.html download to ptt/Gossiping/22407_18.txt, time: 5.380000
/bbs/Gossiping/M.1496537154.A.B78.html download to ptt/Gossiping/22407_19.txt, time: 3.280000
page 22406
empty download to ptt/Gossiping/22406_0.txt, time: 0.000000
/bbs/Gossiping/M.1496535326.A.A4C.html download to ptt/Gossiping/22406_1.txt, time: 3.810000
/bbs/Gossiping/M.1496535337.A.AC6.html download to ptt/Gossiping/22406_2.txt, time: 2.950000
/bbs/Gossiping/M.1496535337.A.824.html download to ptt/Gossiping/22406_3.txt, time: 4.900000
/bbs/Gossiping/M.1496535352.A.763.html download to ptt/Gossiping/22406_4.txt, time: 4.110000
/bbs/Gossiping/M.1496535363.A.AB1.html download to ptt/Gossiping/22406_5.txt, time: 4.850000
/bbs/Gossiping/M.1496535511.A.301.html download to ptt/Gossiping/22406_6.txt, time: 3.060000
/bbs/Gossiping/M.1496535598.A.4C2.html download to ptt/Gossiping/22406_7.txt, time: 4.840000
/bbs/Gossiping/M.1496535609.A.6F9.html download to ptt/Gossiping/22406_8.txt, time: 5.810000
/bbs/Gossiping/M.1496535610.A.718.html download to ptt/Gossiping/22406_9.txt, time: 3.100000
/bbs/Gossiping/M.1496535719.A.70B.html download to ptt/Gossiping/22406_10.txt, time: 4.100000
/bbs/Gossiping/M.1496535738.A.737.html download to ptt/Gossiping/22406_11.txt, time: 4.470000
/bbs/Gossiping/M.1496535778.A.DA6.html download to ptt/Gossiping/22406_12.txt, time: 3.000000
/bbs/Gossiping/M.1496535800.A.9CA.html download to ptt/Gossiping/22406_13.txt, time: 3.630000
/bbs/Gossiping/M.1496535805.A.7BA.html download to ptt/Gossiping/22406_14.txt, time: 3.570000
/bbs/Gossiping/M.1496535922.A.79D.html download to ptt/Gossiping/22406_15.txt, time: 3.470000
empty download to ptt/Gossiping/22406_16.txt, time: 0.000000
empty download to ptt/Gossiping/22406_17.txt, time: 0.000000
/bbs/Gossiping/M.1496536161.A.A8D.html download to ptt/Gossiping/22406_18.txt, time: 2.670000
/bbs/Gossiping/M.1496536323.A.8D1.html download to ptt/Gossiping/22406_19.txt, time: 3.570000
time: 536.1999497413635 seconds
