page 22420
/bbs/Gossiping/M.1496545615.A.00F.html download to ptt/Gossiping/22420_0.txt, time: 5.270000
/bbs/Gossiping/M.1496545629.A.42A.html download to ptt/Gossiping/22420_1.txt, time: 5.420000
/bbs/Gossiping/M.1496545641.A.1D1.html download to ptt/Gossiping/22420_2.txt, time: 5.600000
empty download to ptt/Gossiping/22420_3.txt, time: 0.000000
/bbs/Gossiping/M.1496545686.A.DAC.html download to ptt/Gossiping/22420_4.txt, time: 3.820000
/bbs/Gossiping/M.1496545710.A.33F.html download to ptt/Gossiping/22420_5.txt, time: 4.140000
/bbs/Gossiping/M.1496545735.A.E09.html download to ptt/Gossiping/22420_6.txt, time: 3.570000
/bbs/Gossiping/M.1496545763.A.CD8.html download to ptt/Gossiping/22420_7.txt, time: 5.020000
/bbs/Gossiping/M.1496545766.A.41A.html download to ptt/Gossiping/22420_8.txt, time: 7.440000
/bbs/Gossiping/M.1496545832.A.388.html download to ptt/Gossiping/22420_9.txt, time: 4.140000
/bbs/Gossiping/M.1496545834.A.1A0.html download to ptt/Gossiping/22420_10.txt, time: 4.480000
/bbs/Gossiping/M.1496545843.A.73F.html download to ptt/Gossiping/22420_11.txt, time: 3.330000
/bbs/Gossiping/M.1496545898.A.DAF.html download to ptt/Gossiping/22420_12.txt, time: 5.550000
/bbs/Gossiping/M.1496545899.A.487.html download to ptt/Gossiping/22420_13.txt, time: 5.910000
/bbs/Gossiping/M.1496545902.A.6F6.html download to ptt/Gossiping/22420_14.txt, time: 8.170000
/bbs/Gossiping/M.1496545922.A.D88.html download to ptt/Gossiping/22420_15.txt, time: 4.120000
empty download to ptt/Gossiping/22420_16.txt, time: 0.000000
/bbs/Gossiping/M.1496545970.A.6B4.html download to ptt/Gossiping/22420_17.txt, time: 4.520000
/bbs/Gossiping/M.1496545999.A.A0D.html download to ptt/Gossiping/22420_18.txt, time: 3.980000
/bbs/Gossiping/M.1496546015.A.8FD.html download to ptt/Gossiping/22420_19.txt, time: 2.590000
page 22419
/bbs/Gossiping/M.1496545016.A.8D3.html download to ptt/Gossiping/22419_0.txt, time: 5.220000
/bbs/Gossiping/M.1496545039.A.F8D.html download to ptt/Gossiping/22419_1.txt, time: 3.630000
/bbs/Gossiping/M.1496545068.A.A6E.html download to ptt/Gossiping/22419_2.txt, time: 5.410000
/bbs/Gossiping/M.1496545184.A.049.html download to ptt/Gossiping/22419_3.txt, time: 4.730000
/bbs/Gossiping/M.1496545252.A.B9E.html download to ptt/Gossiping/22419_4.txt, time: 3.150000
/bbs/Gossiping/M.1496545262.A.39D.html download to ptt/Gossiping/22419_5.txt, time: 4.620000
/bbs/Gossiping/M.1496545263.A.589.html download to ptt/Gossiping/22419_6.txt, time: 4.680000
/bbs/Gossiping/M.1496545294.A.932.html download to ptt/Gossiping/22419_7.txt, time: 5.870000
/bbs/Gossiping/M.1496545385.A.C39.html download to ptt/Gossiping/22419_8.txt, time: 6.370000
/bbs/Gossiping/M.1496545475.A.D22.html download to ptt/Gossiping/22419_9.txt, time: 6.820000
/bbs/Gossiping/M.1496545487.A.8DF.html download to ptt/Gossiping/22419_10.txt, time: 5.000000
empty download to ptt/Gossiping/22419_11.txt, time: 0.000000
/bbs/Gossiping/M.1496545532.A.AF7.html download to ptt/Gossiping/22419_12.txt, time: 5.730000
/bbs/Gossiping/M.1496545540.A.898.html download to ptt/Gossiping/22419_13.txt, time: 5.270000
/bbs/Gossiping/M.1496545553.A.457.html download to ptt/Gossiping/22419_14.txt, time: 3.910000
/bbs/Gossiping/M.1496545558.A.1EE.html download to ptt/Gossiping/22419_15.txt, time: 3.970000
/bbs/Gossiping/M.1496545560.A.2BD.html download to ptt/Gossiping/22419_16.txt, time: 4.300000
/bbs/Gossiping/M.1496545566.A.B08.html download to ptt/Gossiping/22419_17.txt, time: 4.270000
/bbs/Gossiping/M.1496545582.A.AE7.html download to ptt/Gossiping/22419_18.txt, time: 7.100000
/bbs/Gossiping/M.1496545584.A.DB3.html download to ptt/Gossiping/22419_19.txt, time: 6.650000
page 22418
/bbs/Gossiping/M.1496544480.A.327.html download to ptt/Gossiping/22418_0.txt, time: 4.470000
/bbs/Gossiping/M.1496544521.A.0D7.html download to ptt/Gossiping/22418_1.txt, time: 5.590000
/bbs/Gossiping/M.1496544526.A.A0B.html download to ptt/Gossiping/22418_2.txt, time: 15.780000
/bbs/Gossiping/M.1496544545.A.358.html download to ptt/Gossiping/22418_3.txt, time: 7.420000
/bbs/Gossiping/M.1496544546.A.D13.html download to ptt/Gossiping/22418_4.txt, time: 5.570000
/bbs/Gossiping/M.1496544574.A.210.html download to ptt/Gossiping/22418_5.txt, time: 16.100000
/bbs/Gossiping/M.1496544579.A.551.html download to ptt/Gossiping/22418_6.txt, time: 8.060000
/bbs/Gossiping/M.1496544589.A.706.htmlTraceback (most recent call last):
  File "/home/studentyl/anaconda3/lib/python3.6/site-packages/requests/packages/urllib3/connectionpool.py", line 600, in urlopen
    chunked=chunked)
  File "/home/studentyl/anaconda3/lib/python3.6/site-packages/requests/packages/urllib3/connectionpool.py", line 386, in _make_request
    six.raise_from(e, None)
  File "<string>", line 2, in raise_from
  File "/home/studentyl/anaconda3/lib/python3.6/site-packages/requests/packages/urllib3/connectionpool.py", line 382, in _make_request
    httplib_response = conn.getresponse()
  File "/home/studentyl/anaconda3/lib/python3.6/http/client.py", line 1331, in getresponse
    response.begin()
  File "/home/studentyl/anaconda3/lib/python3.6/http/client.py", line 297, in begin
    version, status, reason = self._read_status()
  File "/home/studentyl/anaconda3/lib/python3.6/http/client.py", line 266, in _read_status
    raise RemoteDisconnected("Remote end closed connection without"
http.client.RemoteDisconnected: Remote end closed connection without response

During handling of the above exception, another exception occurred:

Traceback (most recent call last):
  File "/home/studentyl/anaconda3/lib/python3.6/site-packages/requests/adapters.py", line 438, in send
    timeout=timeout
  File "/home/studentyl/anaconda3/lib/python3.6/site-packages/requests/packages/urllib3/connectionpool.py", line 649, in urlopen
    _stacktrace=sys.exc_info()[2])
  File "/home/studentyl/anaconda3/lib/python3.6/site-packages/requests/packages/urllib3/util/retry.py", line 357, in increment
    raise six.reraise(type(error), error, _stacktrace)
  File "/home/studentyl/anaconda3/lib/python3.6/site-packages/requests/packages/urllib3/packages/six.py", line 685, in reraise
    raise value.with_traceback(tb)
  File "/home/studentyl/anaconda3/lib/python3.6/site-packages/requests/packages/urllib3/connectionpool.py", line 600, in urlopen
    chunked=chunked)
  File "/home/studentyl/anaconda3/lib/python3.6/site-packages/requests/packages/urllib3/connectionpool.py", line 386, in _make_request
    six.raise_from(e, None)
  File "<string>", line 2, in raise_from
  File "/home/studentyl/anaconda3/lib/python3.6/site-packages/requests/packages/urllib3/connectionpool.py", line 382, in _make_request
    httplib_response = conn.getresponse()
  File "/home/studentyl/anaconda3/lib/python3.6/http/client.py", line 1331, in getresponse
    response.begin()
  File "/home/studentyl/anaconda3/lib/python3.6/http/client.py", line 297, in begin
    version, status, reason = self._read_status()
  File "/home/studentyl/anaconda3/lib/python3.6/http/client.py", line 266, in _read_status
    raise RemoteDisconnected("Remote end closed connection without"
requests.packages.urllib3.exceptions.ProtocolError: ('Connection aborted.', RemoteDisconnected('Remote end closed connection without response',))

During handling of the above exception, another exception occurred:

Traceback (most recent call last):
  File "./crawler.py", line 177, in <module>
    main(sys.argv[1:])
  File "./crawler.py", line 158, in main
    downloadForum(forumName, startPage, pages)
  File "./crawler.py", line 140, in downloadForum
    downloadPage(str(articleCount), forumName, pageNum, 'https://www.ptt.cc'+link)
  File "./crawler.py", line 82, in downloadPage
    pageText = getPageText(link)
  File "./crawler.py", line 13, in getPageText
    pageText=requests.get(link, cookies={'over18':'1'}).text
  File "/home/studentyl/anaconda3/lib/python3.6/site-packages/requests/api.py", line 72, in get
    return request('get', url, params=params, **kwargs)
  File "/home/studentyl/anaconda3/lib/python3.6/site-packages/requests/api.py", line 58, in request
    return session.request(method=method, url=url, **kwargs)
  File "/home/studentyl/anaconda3/lib/python3.6/site-packages/requests/sessions.py", line 518, in request
    resp = self.send(prep, **send_kwargs)
  File "/home/studentyl/anaconda3/lib/python3.6/site-packages/requests/sessions.py", line 639, in send
    r = adapter.send(request, **kwargs)
  File "/home/studentyl/anaconda3/lib/python3.6/site-packages/requests/adapters.py", line 488, in send
    raise ConnectionError(err, request=request)
requests.exceptions.ConnectionError: ('Connection aborted.', RemoteDisconnected('Remote end closed connection without response',))
