page 22430
/bbs/Gossiping/M.1496550439.A.D84.html download to ptt/Gossiping/22430_0.txt, time: 6.710000
/bbs/Gossiping/M.1496550457.A.7FB.html download to ptt/Gossiping/22430_1.txt, time: 7.450000
/bbs/Gossiping/M.1496550481.A.7A7.html download to ptt/Gossiping/22430_2.txt, time: 7.830000
/bbs/Gossiping/M.1496550512.A.BB5.html download to ptt/Gossiping/22430_3.txt, time: 4.360000
/bbs/Gossiping/M.1496550548.A.8D7.html download to ptt/Gossiping/22430_4.txt, time: 6.050000
/bbs/Gossiping/M.1496550570.A.3E5.html download to ptt/Gossiping/22430_5.txt, time: 3.930000
/bbs/Gossiping/M.1496550625.A.3D5.html download to ptt/Gossiping/22430_6.txt, time: 4.780000
/bbs/Gossiping/M.1496550630.A.8B9.html download to ptt/Gossiping/22430_7.txt, time: 4.460000
/bbs/Gossiping/M.1496550668.A.073.html download to ptt/Gossiping/22430_8.txt, time: 7.800000
/bbs/Gossiping/M.1496550707.A.F96.html download to ptt/Gossiping/22430_9.txt, time: 4.670000
/bbs/Gossiping/M.1496550732.A.1F3.html download to ptt/Gossiping/22430_10.txt, time: 5.700000
/bbs/Gossiping/M.1496550760.A.6C9.html download to ptt/Gossiping/22430_11.txt, time: 4.980000
/bbs/Gossiping/M.1496550769.A.934.html download to ptt/Gossiping/22430_12.txt, time: 5.330000
/bbs/Gossiping/M.1496550769.A.CFF.html download to ptt/Gossiping/22430_13.txt, time: 6.730000
/bbs/Gossiping/M.1496550798.A.29A.html download to ptt/Gossiping/22430_14.txt, time: 4.300000
/bbs/Gossiping/M.1496550867.A.FB2.html download to ptt/Gossiping/22430_15.txt, time: 4.980000
/bbs/Gossiping/M.1496550876.A.AD7.html download to ptt/Gossiping/22430_16.txt, time: 4.950000
/bbs/Gossiping/M.1496550886.A.8A0.html download to ptt/Gossiping/22430_17.txt, time: 4.560000
/bbs/Gossiping/M.1496550888.A.324.html download to ptt/Gossiping/22430_18.txt, time: 3.770000
/bbs/Gossiping/M.1496550902.A.6C5.html download to ptt/Gossiping/22430_19.txt, time: 4.100000
page 22429
/bbs/Gossiping/M.1496550034.A.536.html download to ptt/Gossiping/22429_0.txt, time: 4.400000
/bbs/Gossiping/M.1496550090.A.196.html download to ptt/Gossiping/22429_1.txt, time: 5.760000
/bbs/Gossiping/M.1496550109.A.206.html download to ptt/Gossiping/22429_2.txt, time: 6.600000
empty download to ptt/Gossiping/22429_3.txt, time: 0.000000
/bbs/Gossiping/M.1496550183.A.9AD.html download to ptt/Gossiping/22429_4.txt, time: 3.330000
/bbs/Gossiping/M.1496550184.A.403.html download to ptt/Gossiping/22429_5.txt, time: 5.140000
/bbs/Gossiping/M.1496550192.A.956.html download to ptt/Gossiping/22429_6.txt, time: 4.270000
/bbs/Gossiping/M.1496550197.A.9C5.html download to ptt/Gossiping/22429_7.txt, time: 4.900000
/bbs/Gossiping/M.1496550198.A.F9F.html download to ptt/Gossiping/22429_8.txt, time: 4.210000
empty download to ptt/Gossiping/22429_9.txt, time: 0.000000
/bbs/Gossiping/M.1496550255.A.180.html download to ptt/Gossiping/22429_10.txt, time: 5.360000
/bbs/Gossiping/M.1496550302.A.54E.html download to ptt/Gossiping/22429_11.txt, time: 5.230000
/bbs/Gossiping/M.1496550303.A.91F.html download to ptt/Gossiping/22429_12.txt, time: 5.370000
empty download to ptt/Gossiping/22429_13.txt, time: 0.000000
/bbs/Gossiping/M.1496550315.A.D34.html download to ptt/Gossiping/22429_14.txt, time: 5.190000
/bbs/Gossiping/M.1496550322.A.32E.html download to ptt/Gossiping/22429_15.txt, time: 5.340000
/bbs/Gossiping/M.1496550328.A.6C4.html download to ptt/Gossiping/22429_16.txt, time: 6.700000
/bbs/Gossiping/M.1496550330.A.7D3.html download to ptt/Gossiping/22429_17.txt, time: 3.640000
/bbs/Gossiping/M.1496550340.A.129.html download to ptt/Gossiping/22429_18.txt, time: 15.450000
/bbs/Gossiping/M.1496550421.A.F57.html download to ptt/Gossiping/22429_19.txt, time: 7.450000
page 22428
/bbs/Gossiping/M.1496549697.A.E44.html download to ptt/Gossiping/22428_0.txt, time: 12.780000
/bbs/Gossiping/M.1496549698.A.BB6.html download to ptt/Gossiping/22428_1.txt, time: 4.590000
/bbs/Gossiping/M.1496549699.A.45F.html download to ptt/Gossiping/22428_2.txt, time: 9.570000
/bbs/Gossiping/M.1496549699.A.00D.html download to ptt/Gossiping/22428_3.txt, time: 6.010000
/bbs/Gossiping/M.1496549708.A.9F4.html download to ptt/Gossiping/22428_4.txt, time: 6.900000
/bbs/Gossiping/M.1496549745.A.A0F.html download to ptt/Gossiping/22428_5.txt, time: 5.220000
/bbs/Gossiping/M.1496549746.A.D1D.html download to ptt/Gossiping/22428_6.txt, time: 6.890000
/bbs/Gossiping/M.1496549803.A.ED4.html download to ptt/Gossiping/22428_7.txt, time: 5.990000
/bbs/Gossiping/M.1496549807.A.125.html download to ptt/Gossiping/22428_8.txt, time: 4.490000
/bbs/Gossiping/M.1496549824.A.53E.html download to ptt/Gossiping/22428_9.txt, time: 13.190000
/bbs/Gossiping/M.1496549827.A.C2D.html download to ptt/Gossiping/22428_10.txt, time: 4.200000
/bbs/Gossiping/M.1496549847.A.193.html download to ptt/Gossiping/22428_11.txt, time: 5.440000
/bbs/Gossiping/M.1496549850.A.1BB.html download to ptt/Gossiping/22428_12.txt, time: 5.490000
/bbs/Gossiping/M.1496549877.A.3AA.html download to ptt/Gossiping/22428_13.txt, time: 3.610000
/bbs/Gossiping/M.1496549880.A.1E5.html download to ptt/Gossiping/22428_14.txt, time: 3.000000
/bbs/Gossiping/M.1496549926.A.F9C.html download to ptt/Gossiping/22428_15.txt, time: 3.970000
/bbs/Gossiping/M.1496549936.A.582.html download to ptt/Gossiping/22428_16.txt, time: 5.290000
/bbs/Gossiping/M.1496549946.A.867.html download to ptt/Gossiping/22428_17.txt, time: 5.960000
/bbs/Gossiping/M.1496549947.A.735.html download to ptt/Gossiping/22428_18.txt, time: 4.000000
/bbs/Gossiping/M.1496549958.A.15E.html download to ptt/Gossiping/22428_19.txt, time: 5.700000
page 22427
/bbs/Gossiping/M.1496549207.A.D65.html download to ptt/Gossiping/22427_0.txt, time: 5.710000
/bbs/Gossiping/M.1496549212.A.7DF.html download to ptt/Gossiping/22427_1.txt, time: 4.500000
/bbs/Gossiping/M.1496549223.A.D7F.html download to ptt/Gossiping/22427_2.txt, time: 4.260000
/bbs/Gossiping/M.1496549284.A.C4A.html download to ptt/Gossiping/22427_3.txt, time: 3.160000
/bbs/Gossiping/M.1496549284.A.30C.html download to ptt/Gossiping/22427_4.txt, time: 4.430000
/bbs/Gossiping/M.1496549330.A.15E.html download to ptt/Gossiping/22427_5.txt, time: 4.040000
/bbs/Gossiping/M.1496549418.A.E7D.html download to ptt/Gossiping/22427_6.txt, time: 3.510000
/bbs/Gossiping/M.1496549421.A.0CD.html download to ptt/Gossiping/22427_7.txt, time: 4.320000
/bbs/Gossiping/M.1496549432.A.89D.html download to ptt/Gossiping/22427_8.txt, time: 3.070000
empty download to ptt/Gossiping/22427_9.txt, time: 0.000000
/bbs/Gossiping/M.1496549496.A.555.html download to ptt/Gossiping/22427_10.txt, time: 3.860000
/bbs/Gossiping/M.1496549499.A.3D3.html download to ptt/Gossiping/22427_11.txt, time: 3.480000
/bbs/Gossiping/M.1496549554.A.7B8.html download to ptt/Gossiping/22427_12.txt, time: 5.720000
/bbs/Gossiping/M.1496549559.A.72E.html download to ptt/Gossiping/22427_13.txt, time: 8.850000
/bbs/Gossiping/M.1496549576.A.35C.html download to ptt/Gossiping/22427_14.txt, time: 4.320000
/bbs/Gossiping/M.1496549591.A.3A7.html download to ptt/Gossiping/22427_15.txt, time: 4.470000
/bbs/Gossiping/M.1496549592.A.4A0.html download to ptt/Gossiping/22427_16.txt, time: 3.850000
/bbs/Gossiping/M.1496549645.A.431.html download to ptt/Gossiping/22427_17.txt, time: 3.500000
empty download to ptt/Gossiping/22427_18.txt, time: 0.000000
/bbs/Gossiping/M.1496549670.A.173.html download to ptt/Gossiping/22427_19.txt, time: 3.060000
page 22426
/bbs/Gossiping/M.1496548808.A.B30.html download to ptt/Gossiping/22426_0.txt, time: 3.430000
/bbs/Gossiping/M.1496548814.A.D35.html download to ptt/Gossiping/22426_1.txt, time: 4.040000
/bbs/Gossiping/M.1496548818.A.964.html download to ptt/Gossiping/22426_2.txt, time: 3.170000
/bbs/Gossiping/M.1496548842.A.57E.html download to ptt/Gossiping/22426_3.txt, time: 3.920000
/bbs/Gossiping/M.1496548853.A.E83.html download to ptt/Gossiping/22426_4.txt, time: 3.360000
/bbs/Gossiping/M.1496548862.A.FE6.html download to ptt/Gossiping/22426_5.txt, time: 5.520000
/bbs/Gossiping/M.1496548867.A.A6E.html download to ptt/Gossiping/22426_6.txt, time: 5.620000
/bbs/Gossiping/M.1496548893.A.152.html download to ptt/Gossiping/22426_7.txt, time: 3.890000
/bbs/Gossiping/M.1496548917.A.313.html download to ptt/Gossiping/22426_8.txt, time: 3.590000
/bbs/Gossiping/M.1496548995.A.047.html download to ptt/Gossiping/22426_9.txt, time: 4.450000
/bbs/Gossiping/M.1496548995.A.FB3.html download to ptt/Gossiping/22426_10.txt, time: 2.960000
/bbs/Gossiping/M.1496549024.A.0A7.html download to ptt/Gossiping/22426_11.txt, time: 4.600000
/bbs/Gossiping/M.1496549036.A.00D.html download to ptt/Gossiping/22426_12.txt, time: 2.960000
/bbs/Gossiping/M.1496549057.A.362.html download to ptt/Gossiping/22426_13.txt, time: 5.060000
/bbs/Gossiping/M.1496549106.A.841.html download to ptt/Gossiping/22426_14.txt, time: 4.100000
/bbs/Gossiping/M.1496549129.A.E61.html download to ptt/Gossiping/22426_15.txt, time: 3.230000
/bbs/Gossiping/M.1496549158.A.27B.html download to ptt/Gossiping/22426_16.txt, time: 4.140000
/bbs/Gossiping/M.1496549166.A.42C.html download to ptt/Gossiping/22426_17.txt, time: 5.400000
/bbs/Gossiping/M.1496549189.A.560.html download to ptt/Gossiping/22426_18.txt, time: 2.080000
/bbs/Gossiping/M.1496549197.A.276.html download to ptt/Gossiping/22426_19.txt, time: 2.100000
time: 545.5369229316711 seconds
