page 22440
/bbs/Gossiping/M.1496555366.A.A74.html download to ptt/Gossiping/22440_0.txt, time: 4.560000
/bbs/Gossiping/M.1496555390.A.686.html download to ptt/Gossiping/22440_1.txt, time: 8.140000
/bbs/Gossiping/M.1496555402.A.EB3.html download to ptt/Gossiping/22440_2.txt, time: 4.430000
/bbs/Gossiping/M.1496555412.A.B08.html download to ptt/Gossiping/22440_3.txt, time: 4.470000
/bbs/Gossiping/M.1496555415.A.F76.html download to ptt/Gossiping/22440_4.txt, time: 4.570000
/bbs/Gossiping/M.1496555511.A.E46.html download to ptt/Gossiping/22440_5.txt, time: 5.810000
/bbs/Gossiping/M.1496555523.A.075.html download to ptt/Gossiping/22440_6.txt, time: 4.910000
/bbs/Gossiping/M.1496555526.A.F5B.html download to ptt/Gossiping/22440_7.txt, time: 6.010000
/bbs/Gossiping/M.1496555558.A.7F5.html download to ptt/Gossiping/22440_8.txt, time: 7.720000
/bbs/Gossiping/M.1496555560.A.E63.html download to ptt/Gossiping/22440_9.txt, time: 4.550000
/bbs/Gossiping/M.1496555581.A.0D9.html download to ptt/Gossiping/22440_10.txt, time: 6.020000
/bbs/Gossiping/M.1496555616.A.22A.html download to ptt/Gossiping/22440_11.txt, time: 6.640000
/bbs/Gossiping/M.1496555673.A.702.html download to ptt/Gossiping/22440_12.txt, time: 4.480000
/bbs/Gossiping/M.1496555684.A.770.html download to ptt/Gossiping/22440_13.txt, time: 5.690000
/bbs/Gossiping/M.1496555731.A.5A5.html download to ptt/Gossiping/22440_14.txt, time: 3.910000
/bbs/Gossiping/M.1496555737.A.757.html download to ptt/Gossiping/22440_15.txt, time: 3.720000
/bbs/Gossiping/M.1496555738.A.474.html download to ptt/Gossiping/22440_16.txt, time: 4.460000
/bbs/Gossiping/M.1496555756.A.F3A.html download to ptt/Gossiping/22440_17.txt, time: 4.790000
/bbs/Gossiping/M.1496555787.A.B05.html download to ptt/Gossiping/22440_18.txt, time: 5.270000
/bbs/Gossiping/M.1496555798.A.3E5.html download to ptt/Gossiping/22440_19.txt, time: 6.590000
page 22439
/bbs/Gossiping/M.1496554821.A.351.html download to ptt/Gossiping/22439_0.txt, time: 4.720000
/bbs/Gossiping/M.1496554878.A.FFC.html download to ptt/Gossiping/22439_1.txt, time: 5.470000
/bbs/Gossiping/M.1496554914.A.24C.html download to ptt/Gossiping/22439_2.txt, time: 6.350000
/bbs/Gossiping/M.1496554923.A.3E3.html download to ptt/Gossiping/22439_3.txt, time: 5.540000
/bbs/Gossiping/M.1496554936.A.5BB.html download to ptt/Gossiping/22439_4.txt, time: 4.110000
/bbs/Gossiping/M.1496554975.A.571.html download to ptt/Gossiping/22439_5.txt, time: 4.820000
/bbs/Gossiping/M.1496555039.A.42E.html download to ptt/Gossiping/22439_6.txt, time: 4.940000
empty download to ptt/Gossiping/22439_7.txt, time: 0.000000
/bbs/Gossiping/M.1496555079.A.88D.html download to ptt/Gossiping/22439_8.txt, time: 5.740000
/bbs/Gossiping/M.1496555103.A.777.html download to ptt/Gossiping/22439_9.txt, time: 5.770000
/bbs/Gossiping/M.1496555154.A.253.html download to ptt/Gossiping/22439_10.txt, time: 5.120000
/bbs/Gossiping/M.1496555161.A.F8D.html download to ptt/Gossiping/22439_11.txt, time: 4.100000
/bbs/Gossiping/M.1496555212.A.CD5.html download to ptt/Gossiping/22439_12.txt, time: 4.460000
/bbs/Gossiping/M.1496555233.A.E7C.html download to ptt/Gossiping/22439_13.txt, time: 6.100000
/bbs/Gossiping/M.1496555269.A.F3E.html download to ptt/Gossiping/22439_14.txt, time: 3.930000
/bbs/Gossiping/M.1496555278.A.888.html download to ptt/Gossiping/22439_15.txt, time: 5.120000
/bbs/Gossiping/M.1496555301.A.724.html download to ptt/Gossiping/22439_16.txt, time: 6.250000
/bbs/Gossiping/M.1496555332.A.609.html download to ptt/Gossiping/22439_17.txt, time: 4.840000
/bbs/Gossiping/M.1496555334.A.1C5.html download to ptt/Gossiping/22439_18.txt, time: 4.910000
/bbs/Gossiping/M.1496555338.A.7BF.html download to ptt/Gossiping/22439_19.txt, time: 4.320000
page 22438
/bbs/Gossiping/M.1496554155.A.F83.html download to ptt/Gossiping/22438_0.txt, time: 6.030000
/bbs/Gossiping/M.1496554155.A.722.html download to ptt/Gossiping/22438_1.txt, time: 4.350000
/bbs/Gossiping/M.1496554203.A.CCD.html download to ptt/Gossiping/22438_2.txt, time: 4.100000
/bbs/Gossiping/M.1496554218.A.49B.html download to ptt/Gossiping/22438_3.txt, time: 4.470000
/bbs/Gossiping/M.1496554324.A.FC6.html download to ptt/Gossiping/22438_4.txt, time: 5.880000
/bbs/Gossiping/M.1496554333.A.FF9.html download to ptt/Gossiping/22438_5.txt, time: 4.190000
/bbs/Gossiping/M.1496554348.A.6B1.html download to ptt/Gossiping/22438_6.txt, time: 4.670000
/bbs/Gossiping/M.1496554431.A.E8B.html download to ptt/Gossiping/22438_7.txt, time: 10.410000
/bbs/Gossiping/M.1496554444.A.964.html download to ptt/Gossiping/22438_8.txt, time: 16.670000
/bbs/Gossiping/M.1496554445.A.6ED.html download to ptt/Gossiping/22438_9.txt, time: 11.600000
/bbs/Gossiping/M.1496554532.A.149.html download to ptt/Gossiping/22438_10.txt, time: 4.870000
/bbs/Gossiping/M.1496554587.A.03D.html download to ptt/Gossiping/22438_11.txt, time: 4.800000
/bbs/Gossiping/M.1496554595.A.33A.html download to ptt/Gossiping/22438_12.txt, time: 2.810000
empty download to ptt/Gossiping/22438_13.txt, time: 0.000000
/bbs/Gossiping/M.1496554731.A.E18.html download to ptt/Gossiping/22438_14.txt, time: 6.210000
/bbs/Gossiping/M.1496554733.A.454.html download to ptt/Gossiping/22438_15.txt, time: 5.670000
/bbs/Gossiping/M.1496554735.A.71A.html download to ptt/Gossiping/22438_16.txt, time: 3.650000
/bbs/Gossiping/M.1496554784.A.95D.html download to ptt/Gossiping/22438_17.txt, time: 3.900000
/bbs/Gossiping/M.1496554786.A.985.html download to ptt/Gossiping/22438_18.txt, time: 4.060000
/bbs/Gossiping/M.1496554799.A.937.html download to ptt/Gossiping/22438_19.txt, time: 3.970000
page 22437
/bbs/Gossiping/M.1496553671.A.9EE.html download to ptt/Gossiping/22437_0.txt, time: 4.710000
/bbs/Gossiping/M.1496553709.A.AA6.html download to ptt/Gossiping/22437_1.txt, time: 5.050000
/bbs/Gossiping/M.1496553717.A.7D0.html download to ptt/Gossiping/22437_2.txt, time: 4.250000
/bbs/Gossiping/M.1496553730.A.2A0.html download to ptt/Gossiping/22437_3.txt, time: 3.890000
/bbs/Gossiping/M.1496553746.A.6CF.html download to ptt/Gossiping/22437_4.txt, time: 3.750000
/bbs/Gossiping/M.1496553754.A.1D7.html download to ptt/Gossiping/22437_5.txt, time: 3.070000
empty download to ptt/Gossiping/22437_6.txt, time: 0.000000
/bbs/Gossiping/M.1496553759.A.CD3.html download to ptt/Gossiping/22437_7.txt, time: 4.350000
/bbs/Gossiping/M.1496553798.A.BCA.html download to ptt/Gossiping/22437_8.txt, time: 4.570000
/bbs/Gossiping/M.1496553809.A.649.html download to ptt/Gossiping/22437_9.txt, time: 3.930000
/bbs/Gossiping/M.1496553914.A.2FF.html download to ptt/Gossiping/22437_10.txt, time: 4.230000
/bbs/Gossiping/M.1496553940.A.6E5.html download to ptt/Gossiping/22437_11.txt, time: 5.470000
/bbs/Gossiping/M.1496553961.A.E4A.html download to ptt/Gossiping/22437_12.txt, time: 2.820000
/bbs/Gossiping/M.1496553998.A.7B4.html download to ptt/Gossiping/22437_13.txt, time: 5.620000
/bbs/Gossiping/M.1496554006.A.E8A.html download to ptt/Gossiping/22437_14.txt, time: 4.310000
/bbs/Gossiping/M.1496554031.A.692.html download to ptt/Gossiping/22437_15.txt, time: 6.500000
/bbs/Gossiping/M.1496554047.A.06D.html download to ptt/Gossiping/22437_16.txt, time: 6.190000
/bbs/Gossiping/M.1496554108.A.28C.html download to ptt/Gossiping/22437_17.txt, time: 5.030000
/bbs/Gossiping/M.1496554145.A.AE6.html download to ptt/Gossiping/22437_18.txt, time: 4.300000
/bbs/Gossiping/M.1496554147.A.075.html download to ptt/Gossiping/22437_19.txt, time: 4.280000
page 22436
/bbs/Gossiping/M.1496553062.A.5B2.html download to ptt/Gossiping/22436_0.txt, time: 3.850000
/bbs/Gossiping/M.1496553104.A.6E8.html download to ptt/Gossiping/22436_1.txt, time: 3.800000
/bbs/Gossiping/M.1496553126.A.3CD.html download to ptt/Gossiping/22436_2.txt, time: 3.960000
/bbs/Gossiping/M.1496553194.A.F69.html download to ptt/Gossiping/22436_3.txt, time: 3.180000
empty download to ptt/Gossiping/22436_4.txt, time: 0.000000
/bbs/Gossiping/M.1496553239.A.56E.html download to ptt/Gossiping/22436_5.txt, time: 3.590000
/bbs/Gossiping/M.1496553257.A.33F.html download to ptt/Gossiping/22436_6.txt, time: 3.350000
/bbs/Gossiping/M.1496553291.A.828.html download to ptt/Gossiping/22436_7.txt, time: 3.880000
/bbs/Gossiping/M.1496553332.A.229.html download to ptt/Gossiping/22436_8.txt, time: 4.260000
empty download to ptt/Gossiping/22436_9.txt, time: 0.000000
/bbs/Gossiping/M.1496553380.A.4F4.html download to ptt/Gossiping/22436_10.txt, time: 3.200000
/bbs/Gossiping/M.1496553391.A.8C8.html download to ptt/Gossiping/22436_11.txt, time: 2.200000
/bbs/Gossiping/M.1496553396.A.594.html download to ptt/Gossiping/22436_12.txt, time: 2.410000
/bbs/Gossiping/M.1496553398.A.083.html download to ptt/Gossiping/22436_13.txt, time: 3.200000
/bbs/Gossiping/M.1496553470.A.1B2.html download to ptt/Gossiping/22436_14.txt, time: 2.760000
/bbs/Gossiping/M.1496553506.A.2CF.html download to ptt/Gossiping/22436_15.txt, time: 3.620000
/bbs/Gossiping/M.1496553523.A.09D.html download to ptt/Gossiping/22436_16.txt, time: 3.500000
/bbs/Gossiping/M.1496553527.A.330.html download to ptt/Gossiping/22436_17.txt, time: 2.730000
/bbs/Gossiping/M.1496553535.A.C81.html download to ptt/Gossiping/22436_18.txt, time: 5.100000
/bbs/Gossiping/M.1496553548.A.58D.html download to ptt/Gossiping/22436_19.txt, time: 4.340000
time: 521.5684230327606 seconds
