page 22450
/bbs/Gossiping/M.1496560771.A.6D7.html download to ptt/Gossiping/22450_0.txt, time: 6.590000
/bbs/Gossiping/M.1496560777.A.547.html download to ptt/Gossiping/22450_1.txt, time: 6.680000
empty download to ptt/Gossiping/22450_2.txt, time: 0.000000
/bbs/Gossiping/M.1496560820.A.2B5.html download to ptt/Gossiping/22450_3.txt, time: 3.790000
/bbs/Gossiping/M.1496560878.A.2BB.html download to ptt/Gossiping/22450_4.txt, time: 8.010000
empty download to ptt/Gossiping/22450_5.txt, time: 0.000000
/bbs/Gossiping/M.1496561045.A.F6B.html download to ptt/Gossiping/22450_6.txt, time: 6.410000
/bbs/Gossiping/M.1496561152.A.1D1.html download to ptt/Gossiping/22450_7.txt, time: 3.390000
/bbs/Gossiping/M.1496561172.A.CDD.html download to ptt/Gossiping/22450_8.txt, time: 4.580000
/bbs/Gossiping/M.1496561195.A.EE7.html download to ptt/Gossiping/22450_9.txt, time: 4.390000
/bbs/Gossiping/M.1496561227.A.BAB.html download to ptt/Gossiping/22450_10.txt, time: 4.340000
empty download to ptt/Gossiping/22450_11.txt, time: 0.000000
/bbs/Gossiping/M.1496561292.A.D47.html download to ptt/Gossiping/22450_12.txt, time: 5.420000
/bbs/Gossiping/M.1496561296.A.F9F.html download to ptt/Gossiping/22450_13.txt, time: 8.820000
/bbs/Gossiping/M.1496561369.A.C23.html download to ptt/Gossiping/22450_14.txt, time: 5.260000
/bbs/Gossiping/M.1496561397.A.2DF.html download to ptt/Gossiping/22450_15.txt, time: 4.410000
empty download to ptt/Gossiping/22450_16.txt, time: 0.000000
empty download to ptt/Gossiping/22450_17.txt, time: 0.000000
/bbs/Gossiping/M.1496561554.A.9D9.html download to ptt/Gossiping/22450_18.txt, time: 4.610000
/bbs/Gossiping/M.1496561568.A.D56.html download to ptt/Gossiping/22450_19.txt, time: 4.510000
page 22449
/bbs/Gossiping/M.1496560216.A.9D0.html download to ptt/Gossiping/22449_0.txt, time: 5.500000
/bbs/Gossiping/M.1496560232.A.61F.html download to ptt/Gossiping/22449_1.txt, time: 5.310000
/bbs/Gossiping/M.1496560235.A.05A.html download to ptt/Gossiping/22449_2.txt, time: 5.390000
/bbs/Gossiping/M.1496560237.A.273.html download to ptt/Gossiping/22449_3.txt, time: 3.840000
/bbs/Gossiping/M.1496560287.A.71B.html download to ptt/Gossiping/22449_4.txt, time: 6.210000
/bbs/Gossiping/M.1496560332.A.705.html download to ptt/Gossiping/22449_5.txt, time: 4.250000
/bbs/Gossiping/M.1496560368.A.279.html download to ptt/Gossiping/22449_6.txt, time: 3.730000
/bbs/Gossiping/M.1496560430.A.5A1.html download to ptt/Gossiping/22449_7.txt, time: 5.240000
/bbs/Gossiping/M.1496560465.A.C9F.html download to ptt/Gossiping/22449_8.txt, time: 4.940000
/bbs/Gossiping/M.1496560477.A.5C4.html download to ptt/Gossiping/22449_9.txt, time: 6.030000
/bbs/Gossiping/M.1496560484.A.990.html download to ptt/Gossiping/22449_10.txt, time: 6.600000
/bbs/Gossiping/M.1496560489.A.31D.html download to ptt/Gossiping/22449_11.txt, time: 4.960000
/bbs/Gossiping/M.1496560495.A.492.html download to ptt/Gossiping/22449_12.txt, time: 4.870000
empty download to ptt/Gossiping/22449_13.txt, time: 0.000000
/bbs/Gossiping/M.1496560562.A.9E6.html download to ptt/Gossiping/22449_14.txt, time: 4.770000
/bbs/Gossiping/M.1496560580.A.5BC.html download to ptt/Gossiping/22449_15.txt, time: 5.230000
/bbs/Gossiping/M.1496560587.A.22F.html download to ptt/Gossiping/22449_16.txt, time: 3.300000
/bbs/Gossiping/M.1496560742.A.C66.html download to ptt/Gossiping/22449_17.txt, time: 5.030000
empty download to ptt/Gossiping/22449_18.txt, time: 0.000000
/bbs/Gossiping/M.1496560752.A.FF5.html download to ptt/Gossiping/22449_19.txt, time: 5.300000
page 22448
/bbs/Gossiping/M.1496559762.A.422.html download to ptt/Gossiping/22448_0.txt, time: 6.630000
/bbs/Gossiping/M.1496559774.A.8D6.html download to ptt/Gossiping/22448_1.txt, time: 4.980000
empty download to ptt/Gossiping/22448_2.txt, time: 0.000000
/bbs/Gossiping/M.1496559805.A.70C.html download to ptt/Gossiping/22448_3.txt, time: 5.960000
/bbs/Gossiping/M.1496559812.A.7F8.html download to ptt/Gossiping/22448_4.txt, time: 6.240000
/bbs/Gossiping/M.1496559820.A.076.html download to ptt/Gossiping/22448_5.txt, time: 5.750000
/bbs/Gossiping/M.1496559851.A.C53.html download to ptt/Gossiping/22448_6.txt, time: 8.890000
empty download to ptt/Gossiping/22448_7.txt, time: 0.000000
/bbs/Gossiping/M.1496559861.A.6AC.html download to ptt/Gossiping/22448_8.txt, time: 6.780000
/bbs/Gossiping/M.1496559961.A.EAF.html download to ptt/Gossiping/22448_9.txt, time: 5.640000
/bbs/Gossiping/M.1496559980.A.383.html download to ptt/Gossiping/22448_10.txt, time: 5.960000
/bbs/Gossiping/M.1496559996.A.B42.html download to ptt/Gossiping/22448_11.txt, time: 5.320000
/bbs/Gossiping/M.1496560002.A.3F6.html download to ptt/Gossiping/22448_12.txt, time: 6.040000
/bbs/Gossiping/M.1496560059.A.AA0.html download to ptt/Gossiping/22448_13.txt, time: 5.720000
/bbs/Gossiping/M.1496560068.A.9E3.html download to ptt/Gossiping/22448_14.txt, time: 4.130000
/bbs/Gossiping/M.1496560086.A.028.html download to ptt/Gossiping/22448_15.txt, time: 7.250000
/bbs/Gossiping/M.1496560088.A.145.html download to ptt/Gossiping/22448_16.txt, time: 6.440000
/bbs/Gossiping/M.1496560089.A.896.html download to ptt/Gossiping/22448_17.txt, time: 4.570000
/bbs/Gossiping/M.1496560092.A.E7E.html download to ptt/Gossiping/22448_18.txt, time: 5.110000
/bbs/Gossiping/M.1496560130.A.EE9.html download to ptt/Gossiping/22448_19.txt, time: 4.990000
page 22447
/bbs/Gossiping/M.1496559220.A.547.html download to ptt/Gossiping/22447_0.txt, time: 4.230000
/bbs/Gossiping/M.1496559265.A.E81.html download to ptt/Gossiping/22447_1.txt, time: 7.770000
/bbs/Gossiping/M.1496559285.A.6A0.html download to ptt/Gossiping/22447_2.txt, time: 5.310000
/bbs/Gossiping/M.1496559287.A.BD7.html download to ptt/Gossiping/22447_3.txt, time: 6.870000
/bbs/Gossiping/M.1496559309.A.E2A.html download to ptt/Gossiping/22447_4.txt, time: 4.260000
/bbs/Gossiping/M.1496559354.A.D27.html download to ptt/Gossiping/22447_5.txt, time: 5.670000
/bbs/Gossiping/M.1496559388.A.383.html download to ptt/Gossiping/22447_6.txt, time: 5.250000
/bbs/Gossiping/M.1496559402.A.E77.html download to ptt/Gossiping/22447_7.txt, time: 4.220000
/bbs/Gossiping/M.1496559411.A.365.html download to ptt/Gossiping/22447_8.txt, time: 3.360000
empty download to ptt/Gossiping/22447_9.txt, time: 0.000000
/bbs/Gossiping/M.1496559449.A.F7D.html download to ptt/Gossiping/22447_10.txt, time: 5.290000
/bbs/Gossiping/M.1496559463.A.1A1.html download to ptt/Gossiping/22447_11.txt, time: 3.030000
/bbs/Gossiping/M.1496559475.A.DBA.html download to ptt/Gossiping/22447_12.txt, time: 4.020000
/bbs/Gossiping/M.1496559491.A.A14.html download to ptt/Gossiping/22447_13.txt, time: 5.690000
empty download to ptt/Gossiping/22447_14.txt, time: 0.000000
empty download to ptt/Gossiping/22447_15.txt, time: 0.000000
empty download to ptt/Gossiping/22447_16.txt, time: 0.000000
/bbs/Gossiping/M.1496559634.A.0F8.html download to ptt/Gossiping/22447_17.txt, time: 4.540000
/bbs/Gossiping/M.1496559657.A.E6E.html download to ptt/Gossiping/22447_18.txt, time: 4.470000
empty download to ptt/Gossiping/22447_19.txt, time: 0.000000
page 22446
/bbs/Gossiping/M.1496558682.A.9C6.html download to ptt/Gossiping/22446_0.txt, time: 3.880000
/bbs/Gossiping/M.1496558694.A.629.html download to ptt/Gossiping/22446_1.txt, time: 4.190000
/bbs/Gossiping/M.1496558715.A.F62.html download to ptt/Gossiping/22446_2.txt, time: 4.340000
/bbs/Gossiping/M.1496558737.A.D56.html download to ptt/Gossiping/22446_3.txt, time: 4.920000
/bbs/Gossiping/M.1496558747.A.38E.html download to ptt/Gossiping/22446_4.txt, time: 3.320000
/bbs/Gossiping/M.1496558753.A.2D7.html download to ptt/Gossiping/22446_5.txt, time: 4.100000
/bbs/Gossiping/M.1496558758.A.3AD.html download to ptt/Gossiping/22446_6.txt, time: 3.520000
/bbs/Gossiping/M.1496558823.A.6AB.html download to ptt/Gossiping/22446_7.txt, time: 4.120000
/bbs/Gossiping/M.1496558905.A.52F.html download to ptt/Gossiping/22446_8.txt, time: 7.020000
/bbs/Gossiping/M.1496558923.A.A73.html download to ptt/Gossiping/22446_9.txt, time: 5.550000
/bbs/Gossiping/M.1496558948.A.7C2.html download to ptt/Gossiping/22446_10.txt, time: 5.700000
/bbs/Gossiping/M.1496558957.A.2A9.html download to ptt/Gossiping/22446_11.txt, time: 3.300000
/bbs/Gossiping/M.1496558991.A.0F2.html download to ptt/Gossiping/22446_12.txt, time: 5.930000
/bbs/Gossiping/M.1496559003.A.CB4.html download to ptt/Gossiping/22446_13.txt, time: 3.080000
empty download to ptt/Gossiping/22446_14.txt, time: 0.000000
/bbs/Gossiping/M.1496559010.A.1B8.html download to ptt/Gossiping/22446_15.txt, time: 5.150000
/bbs/Gossiping/M.1496559017.A.999.html download to ptt/Gossiping/22446_16.txt, time: 3.560000
/bbs/Gossiping/M.1496559121.A.012.html download to ptt/Gossiping/22446_17.txt, time: 3.690000
/bbs/Gossiping/M.1496559155.A.D97.html download to ptt/Gossiping/22446_18.txt, time: 2.920000
/bbs/Gossiping/M.1496559210.A.995.html download to ptt/Gossiping/22446_19.txt, time: 3.620000
time: 489.83405470848083 seconds
