page 22460
/bbs/Gossiping/M.1496565897.A.399.html download to ptt/Gossiping/22460_0.txt, time: 4.500000
/bbs/Gossiping/M.1496565932.A.9D7.html download to ptt/Gossiping/22460_1.txt, time: 4.850000
/bbs/Gossiping/M.1496565955.A.1CD.html download to ptt/Gossiping/22460_2.txt, time: 3.930000
/bbs/Gossiping/M.1496566002.A.965.html download to ptt/Gossiping/22460_3.txt, time: 3.170000
/bbs/Gossiping/M.1496566006.A.145.html download to ptt/Gossiping/22460_4.txt, time: 5.610000
/bbs/Gossiping/M.1496566105.A.7E9.html download to ptt/Gossiping/22460_5.txt, time: 5.720000
/bbs/Gossiping/M.1496566109.A.09D.html download to ptt/Gossiping/22460_6.txt, time: 3.090000
/bbs/Gossiping/M.1496566122.A.E7A.html download to ptt/Gossiping/22460_7.txt, time: 5.770000
/bbs/Gossiping/M.1496566145.A.553.html download to ptt/Gossiping/22460_8.txt, time: 3.620000
/bbs/Gossiping/M.1496566155.A.AF6.html download to ptt/Gossiping/22460_9.txt, time: 8.500000
/bbs/Gossiping/M.1496566186.A.3BC.html download to ptt/Gossiping/22460_10.txt, time: 5.800000
/bbs/Gossiping/M.1496566194.A.1C6.html download to ptt/Gossiping/22460_11.txt, time: 3.500000
/bbs/Gossiping/M.1496566228.A.ADA.html download to ptt/Gossiping/22460_12.txt, time: 6.420000
/bbs/Gossiping/M.1496566233.A.98B.html download to ptt/Gossiping/22460_13.txt, time: 4.530000
/bbs/Gossiping/M.1496566256.A.481.html download to ptt/Gossiping/22460_14.txt, time: 4.270000
/bbs/Gossiping/M.1496566288.A.736.html download to ptt/Gossiping/22460_15.txt, time: 4.500000
/bbs/Gossiping/M.1496566288.A.739.html download to ptt/Gossiping/22460_16.txt, time: 9.200000
/bbs/Gossiping/M.1496566368.A.FBB.html download to ptt/Gossiping/22460_17.txt, time: 4.770000
empty download to ptt/Gossiping/22460_18.txt, time: 0.000000
/bbs/Gossiping/M.1496566460.A.815.html download to ptt/Gossiping/22460_19.txt, time: 3.950000
page 22459
/bbs/Gossiping/M.1496565227.A.7BC.html download to ptt/Gossiping/22459_0.txt, time: 4.340000
/bbs/Gossiping/M.1496565227.A.035.html download to ptt/Gossiping/22459_1.txt, time: 3.010000
/bbs/Gossiping/M.1496565282.A.E1A.html download to ptt/Gossiping/22459_2.txt, time: 5.460000
/bbs/Gossiping/M.1496565295.A.6F3.html download to ptt/Gossiping/22459_3.txt, time: 3.340000
/bbs/Gossiping/M.1496565367.A.89A.html download to ptt/Gossiping/22459_4.txt, time: 3.910000
/bbs/Gossiping/M.1496565396.A.BE0.html download to ptt/Gossiping/22459_5.txt, time: 3.870000
/bbs/Gossiping/M.1496565491.A.745.html download to ptt/Gossiping/22459_6.txt, time: 3.940000
/bbs/Gossiping/M.1496565526.A.51E.html download to ptt/Gossiping/22459_7.txt, time: 3.670000
/bbs/Gossiping/M.1496565535.A.B7C.html download to ptt/Gossiping/22459_8.txt, time: 4.750000
/bbs/Gossiping/M.1496565575.A.22F.html download to ptt/Gossiping/22459_9.txt, time: 4.250000
/bbs/Gossiping/M.1496565583.A.BA6.html download to ptt/Gossiping/22459_10.txt, time: 3.270000
/bbs/Gossiping/M.1496565631.A.B25.html download to ptt/Gossiping/22459_11.txt, time: 5.090000
/bbs/Gossiping/M.1496565679.A.BD2.html download to ptt/Gossiping/22459_12.txt, time: 3.970000
/bbs/Gossiping/M.1496565690.A.2ED.html download to ptt/Gossiping/22459_13.txt, time: 4.470000
/bbs/Gossiping/M.1496565699.A.2BE.html download to ptt/Gossiping/22459_14.txt, time: 6.930000
empty download to ptt/Gossiping/22459_15.txt, time: 0.000000
/bbs/Gossiping/M.1496565797.A.627.html download to ptt/Gossiping/22459_16.txt, time: 4.950000
empty download to ptt/Gossiping/22459_17.txt, time: 0.000000
/bbs/Gossiping/M.1496565819.A.F71.html download to ptt/Gossiping/22459_18.txt, time: 4.360000
/bbs/Gossiping/M.1496565844.A.D08.html download to ptt/Gossiping/22459_19.txt, time: 4.060000
page 22458
/bbs/Gossiping/M.1496564773.A.C76.html download to ptt/Gossiping/22458_0.txt, time: 4.410000
/bbs/Gossiping/M.1496564802.A.2BA.html download to ptt/Gossiping/22458_1.txt, time: 5.400000
/bbs/Gossiping/M.1496564829.A.7DF.html download to ptt/Gossiping/22458_2.txt, time: 4.890000
empty download to ptt/Gossiping/22458_3.txt, time: 0.000000
/bbs/Gossiping/M.1496564868.A.EA9.html download to ptt/Gossiping/22458_4.txt, time: 4.260000
/bbs/Gossiping/M.1496564899.A.8D8.html download to ptt/Gossiping/22458_5.txt, time: 4.880000
/bbs/Gossiping/M.1496564920.A.FEF.html download to ptt/Gossiping/22458_6.txt, time: 5.810000
/bbs/Gossiping/M.1496564951.A.EDD.html download to ptt/Gossiping/22458_7.txt, time: 3.790000
/bbs/Gossiping/M.1496564959.A.9E6.html download to ptt/Gossiping/22458_8.txt, time: 13.200000
empty download to ptt/Gossiping/22458_9.txt, time: 0.000000
/bbs/Gossiping/M.1496565006.A.27D.html download to ptt/Gossiping/22458_10.txt, time: 9.450000
/bbs/Gossiping/M.1496565076.A.C2D.html download to ptt/Gossiping/22458_11.txt, time: 6.150000
/bbs/Gossiping/M.1496565101.A.D43.html download to ptt/Gossiping/22458_12.txt, time: 6.930000
/bbs/Gossiping/M.1496565120.A.8E3.html download to ptt/Gossiping/22458_13.txt, time: 3.810000
/bbs/Gossiping/M.1496565133.A.C61.html download to ptt/Gossiping/22458_14.txt, time: 5.260000
/bbs/Gossiping/M.1496565139.A.EAE.html download to ptt/Gossiping/22458_15.txt, time: 8.770000
/bbs/Gossiping/M.1496565164.A.8A0.html download to ptt/Gossiping/22458_16.txt, time: 4.710000
/bbs/Gossiping/M.1496565167.A.299.html download to ptt/Gossiping/22458_17.txt, time: 6.030000
/bbs/Gossiping/M.1496565176.A.998.html download to ptt/Gossiping/22458_18.txt, time: 8.680000
/bbs/Gossiping/M.1496565184.A.A13.html download to ptt/Gossiping/22458_19.txt, time: 7.660000
page 22457
/bbs/Gossiping/M.1496564288.A.4BB.html download to ptt/Gossiping/22457_0.txt, time: 4.770000
/bbs/Gossiping/M.1496564297.A.DBD.html download to ptt/Gossiping/22457_1.txt, time: 6.810000
/bbs/Gossiping/M.1496564302.A.0F0.html download to ptt/Gossiping/22457_2.txt, time: 4.730000
/bbs/Gossiping/M.1496564314.A.45F.html download to ptt/Gossiping/22457_3.txt, time: 11.200000
/bbs/Gossiping/M.1496564364.A.5BC.html download to ptt/Gossiping/22457_4.txt, time: 3.830000
/bbs/Gossiping/M.1496564427.A.D4C.html download to ptt/Gossiping/22457_5.txt, time: 6.450000
/bbs/Gossiping/M.1496564485.A.FD5.html download to ptt/Gossiping/22457_6.txt, time: 4.030000
/bbs/Gossiping/M.1496564513.A.C65.html download to ptt/Gossiping/22457_7.txt, time: 3.390000
/bbs/Gossiping/M.1496564513.A.1B0.html download to ptt/Gossiping/22457_8.txt, time: 3.540000
/bbs/Gossiping/M.1496564536.A.4AD.html download to ptt/Gossiping/22457_9.txt, time: 5.350000
/bbs/Gossiping/M.1496564562.A.C9C.html download to ptt/Gossiping/22457_10.txt, time: 4.980000
/bbs/Gossiping/M.1496564575.A.A4F.html download to ptt/Gossiping/22457_11.txt, time: 4.100000
/bbs/Gossiping/M.1496564597.A.4DA.html download to ptt/Gossiping/22457_12.txt, time: 3.190000
/bbs/Gossiping/M.1496564601.A.739.html download to ptt/Gossiping/22457_13.txt, time: 5.240000
/bbs/Gossiping/M.1496564614.A.CB2.html download to ptt/Gossiping/22457_14.txt, time: 4.070000
/bbs/Gossiping/M.1496564621.A.3BC.html download to ptt/Gossiping/22457_15.txt, time: 4.390000
/bbs/Gossiping/M.1496564652.A.3F2.html download to ptt/Gossiping/22457_16.txt, time: 4.320000
/bbs/Gossiping/M.1496564670.A.DA7.html download to ptt/Gossiping/22457_17.txt, time: 3.810000
/bbs/Gossiping/M.1496564687.A.EF6.html download to ptt/Gossiping/22457_18.txt, time: 3.150000
/bbs/Gossiping/M.1496564766.A.37D.html download to ptt/Gossiping/22457_19.txt, time: 3.930000
page 22456
/bbs/Gossiping/M.1496563759.A.8A5.html download to ptt/Gossiping/22456_0.txt, time: 4.990000
/bbs/Gossiping/M.1496563893.A.649.html download to ptt/Gossiping/22456_1.txt, time: 4.410000
/bbs/Gossiping/M.1496563908.A.3CD.html download to ptt/Gossiping/22456_2.txt, time: 5.030000
/bbs/Gossiping/M.1496563939.A.986.html download to ptt/Gossiping/22456_3.txt, time: 3.470000
/bbs/Gossiping/M.1496563943.A.721.html download to ptt/Gossiping/22456_4.txt, time: 4.240000
empty download to ptt/Gossiping/22456_5.txt, time: 0.000000
/bbs/Gossiping/M.1496564017.A.D59.html download to ptt/Gossiping/22456_6.txt, time: 6.930000
/bbs/Gossiping/M.1496564062.A.4C6.html download to ptt/Gossiping/22456_7.txt, time: 6.930000
/bbs/Gossiping/M.1496564078.A.5BC.html download to ptt/Gossiping/22456_8.txt, time: 6.110000
/bbs/Gossiping/M.1496564092.A.354.html download to ptt/Gossiping/22456_9.txt, time: 2.980000
/bbs/Gossiping/M.1496564093.A.FE6.html download to ptt/Gossiping/22456_10.txt, time: 5.340000
/bbs/Gossiping/M.1496564097.A.E17.html download to ptt/Gossiping/22456_11.txt, time: 4.020000
/bbs/Gossiping/M.1496564113.A.92D.html download to ptt/Gossiping/22456_12.txt, time: 6.050000
/bbs/Gossiping/M.1496564133.A.A99.html download to ptt/Gossiping/22456_13.txt, time: 4.250000
/bbs/Gossiping/M.1496564159.A.C1F.html download to ptt/Gossiping/22456_14.txt, time: 4.700000
/bbs/Gossiping/M.1496564187.A.38D.html download to ptt/Gossiping/22456_15.txt, time: 3.440000
/bbs/Gossiping/M.1496564246.A.219.html download to ptt/Gossiping/22456_16.txt, time: 4.010000
/bbs/Gossiping/M.1496564250.A.2E5.html download to ptt/Gossiping/22456_17.txt, time: 2.870000
/bbs/Gossiping/M.1496564251.A.D11.html download to ptt/Gossiping/22456_18.txt, time: 4.030000
/bbs/Gossiping/M.1496564288.A.39B.html download to ptt/Gossiping/22456_19.txt, time: 3.530000
time: 529.2883427143097 seconds
