page 22470
empty download to ptt/Gossiping/22470_0.txt, time: 0.000000
/bbs/Gossiping/M.1496572461.A.A02.html download to ptt/Gossiping/22470_1.txt, time: 4.990000
/bbs/Gossiping/M.1496572482.A.0AE.html download to ptt/Gossiping/22470_2.txt, time: 5.200000
/bbs/Gossiping/M.1496572494.A.E0C.html download to ptt/Gossiping/22470_3.txt, time: 4.730000
/bbs/Gossiping/M.1496572508.A.7A7.html download to ptt/Gossiping/22470_4.txt, time: 4.950000
/bbs/Gossiping/M.1496572549.A.60F.html download to ptt/Gossiping/22470_5.txt, time: 4.740000
/bbs/Gossiping/M.1496572588.A.FFB.html download to ptt/Gossiping/22470_6.txt, time: 5.160000
/bbs/Gossiping/M.1496572613.A.BC8.html download to ptt/Gossiping/22470_7.txt, time: 4.840000
/bbs/Gossiping/M.1496572624.A.22D.html download to ptt/Gossiping/22470_8.txt, time: 4.340000
/bbs/Gossiping/M.1496572630.A.8DF.html download to ptt/Gossiping/22470_9.txt, time: 3.070000
/bbs/Gossiping/M.1496572671.A.BFB.html download to ptt/Gossiping/22470_10.txt, time: 3.760000
/bbs/Gossiping/M.1496572681.A.9F2.html download to ptt/Gossiping/22470_11.txt, time: 3.360000
/bbs/Gossiping/M.1496572686.A.384.html download to ptt/Gossiping/22470_12.txt, time: 3.950000
/bbs/Gossiping/M.1496572723.A.6AD.html download to ptt/Gossiping/22470_13.txt, time: 6.320000
/bbs/Gossiping/M.1496572733.A.DCA.html download to ptt/Gossiping/22470_14.txt, time: 8.030000
/bbs/Gossiping/M.1496572739.A.44B.html download to ptt/Gossiping/22470_15.txt, time: 6.820000
/bbs/Gossiping/M.1496572749.A.C9D.html download to ptt/Gossiping/22470_16.txt, time: 6.020000
/bbs/Gossiping/M.1496572808.A.238.html download to ptt/Gossiping/22470_17.txt, time: 3.930000
/bbs/Gossiping/M.1496572833.A.130.html download to ptt/Gossiping/22470_18.txt, time: 5.810000
/bbs/Gossiping/M.1496572860.A.7C2.html download to ptt/Gossiping/22470_19.txt, time: 8.660000
page 22469
/bbs/Gossiping/M.1496571748.A.DF1.html download to ptt/Gossiping/22469_0.txt, time: 4.820000
/bbs/Gossiping/M.1496571817.A.B04.html download to ptt/Gossiping/22469_1.txt, time: 4.770000
/bbs/Gossiping/M.1496571818.A.6F2.html download to ptt/Gossiping/22469_2.txt, time: 3.830000
/bbs/Gossiping/M.1496571885.A.ACF.html download to ptt/Gossiping/22469_3.txt, time: 5.420000
/bbs/Gossiping/M.1496571933.A.BCA.html download to ptt/Gossiping/22469_4.txt, time: 5.440000
/bbs/Gossiping/M.1496572022.A.DBB.html download to ptt/Gossiping/22469_5.txt, time: 6.590000
/bbs/Gossiping/M.1496572048.A.DD6.html download to ptt/Gossiping/22469_6.txt, time: 7.290000
/bbs/Gossiping/M.1496572062.A.32D.html download to ptt/Gossiping/22469_7.txt, time: 4.350000
/bbs/Gossiping/M.1496572152.A.E76.html download to ptt/Gossiping/22469_8.txt, time: 5.630000
/bbs/Gossiping/M.1496572181.A.5FC.html download to ptt/Gossiping/22469_9.txt, time: 5.410000
/bbs/Gossiping/M.1496572187.A.0BE.html download to ptt/Gossiping/22469_10.txt, time: 5.350000
/bbs/Gossiping/M.1496572220.A.B0A.html download to ptt/Gossiping/22469_11.txt, time: 4.610000
/bbs/Gossiping/M.1496572240.A.EFC.html download to ptt/Gossiping/22469_12.txt, time: 5.560000
/bbs/Gossiping/M.1496572252.A.1F0.html download to ptt/Gossiping/22469_13.txt, time: 4.620000
/bbs/Gossiping/M.1496572298.A.39D.html download to ptt/Gossiping/22469_14.txt, time: 5.940000
/bbs/Gossiping/M.1496572310.A.194.html download to ptt/Gossiping/22469_15.txt, time: 4.210000
empty download to ptt/Gossiping/22469_16.txt, time: 0.000000
/bbs/Gossiping/M.1496572343.A.F70.html download to ptt/Gossiping/22469_17.txt, time: 4.230000
/bbs/Gossiping/M.1496572356.A.603.html download to ptt/Gossiping/22469_18.txt, time: 3.680000
/bbs/Gossiping/M.1496572387.A.AEB.html download to ptt/Gossiping/22469_19.txt, time: 3.890000
page 22468
/bbs/Gossiping/M.1496571049.A.A37.html download to ptt/Gossiping/22468_0.txt, time: 6.440000
/bbs/Gossiping/M.1496571090.A.5B3.html download to ptt/Gossiping/22468_1.txt, time: 7.110000
/bbs/Gossiping/M.1496571124.A.08A.html download to ptt/Gossiping/22468_2.txt, time: 6.080000
/bbs/Gossiping/M.1496571166.A.653.html download to ptt/Gossiping/22468_3.txt, time: 5.570000
/bbs/Gossiping/M.1496571201.A.446.html download to ptt/Gossiping/22468_4.txt, time: 3.860000
/bbs/Gossiping/M.1496571218.A.2C6.html download to ptt/Gossiping/22468_5.txt, time: 5.870000
/bbs/Gossiping/M.1496571269.A.684.html download to ptt/Gossiping/22468_6.txt, time: 3.780000
/bbs/Gossiping/M.1496571295.A.423.html download to ptt/Gossiping/22468_7.txt, time: 8.020000
/bbs/Gossiping/M.1496571338.A.100.html download to ptt/Gossiping/22468_8.txt, time: 5.310000
/bbs/Gossiping/M.1496571396.A.93D.html download to ptt/Gossiping/22468_9.txt, time: 4.220000
/bbs/Gossiping/M.1496571412.A.B4C.html download to ptt/Gossiping/22468_10.txt, time: 5.200000
/bbs/Gossiping/M.1496571419.A.599.html download to ptt/Gossiping/22468_11.txt, time: 5.170000
/bbs/Gossiping/M.1496571503.A.288.html download to ptt/Gossiping/22468_12.txt, time: 6.430000
/bbs/Gossiping/M.1496571520.A.E0D.html download to ptt/Gossiping/22468_13.txt, time: 5.180000
/bbs/Gossiping/M.1496571577.A.9AF.html download to ptt/Gossiping/22468_14.txt, time: 9.050000
/bbs/Gossiping/M.1496571579.A.776.html download to ptt/Gossiping/22468_15.txt, time: 7.470000
/bbs/Gossiping/M.1496571637.A.9E6.html download to ptt/Gossiping/22468_16.txt, time: 8.390000
empty download to ptt/Gossiping/22468_17.txt, time: 0.000000
/bbs/Gossiping/M.1496571649.A.440.html download to ptt/Gossiping/22468_18.txt, time: 5.690000
/bbs/Gossiping/M.1496571704.A.D88.html download to ptt/Gossiping/22468_19.txt, time: 6.630000
page 22467
/bbs/Gossiping/M.1496570397.A.A95.html download to ptt/Gossiping/22467_0.txt, time: 5.100000
/bbs/Gossiping/M.1496570429.A.E3D.html download to ptt/Gossiping/22467_1.txt, time: 11.860000
/bbs/Gossiping/M.1496570468.A.3CC.html download to ptt/Gossiping/22467_2.txt, time: 5.640000
/bbs/Gossiping/M.1496570518.A.6E6.html download to ptt/Gossiping/22467_3.txt, time: 3.530000
/bbs/Gossiping/M.1496570525.A.ED2.html download to ptt/Gossiping/22467_4.txt, time: 4.050000
/bbs/Gossiping/M.1496570586.A.BFF.html download to ptt/Gossiping/22467_5.txt, time: 3.460000
/bbs/Gossiping/M.1496570650.A.57B.html download to ptt/Gossiping/22467_6.txt, time: 4.960000
/bbs/Gossiping/M.1496570651.A.ADB.html download to ptt/Gossiping/22467_7.txt, time: 5.290000
/bbs/Gossiping/M.1496570685.A.1DE.html download to ptt/Gossiping/22467_8.txt, time: 4.850000
/bbs/Gossiping/M.1496570692.A.789.html download to ptt/Gossiping/22467_9.txt, time: 4.370000
empty download to ptt/Gossiping/22467_10.txt, time: 0.000000
/bbs/Gossiping/M.1496570813.A.8C6.html download to ptt/Gossiping/22467_11.txt, time: 3.860000
/bbs/Gossiping/M.1496570843.A.8C0.html download to ptt/Gossiping/22467_12.txt, time: 4.160000
/bbs/Gossiping/M.1496570865.A.470.html download to ptt/Gossiping/22467_13.txt, time: 3.900000
/bbs/Gossiping/M.1496570901.A.03C.html download to ptt/Gossiping/22467_14.txt, time: 7.200000
/bbs/Gossiping/M.1496570907.A.530.html download to ptt/Gossiping/22467_15.txt, time: 3.270000
/bbs/Gossiping/M.1496570912.A.FCE.html download to ptt/Gossiping/22467_16.txt, time: 3.350000
empty download to ptt/Gossiping/22467_17.txt, time: 0.000000
/bbs/Gossiping/M.1496570964.A.3A5.html download to ptt/Gossiping/22467_18.txt, time: 2.610000
/bbs/Gossiping/M.1496571028.A.6D5.html download to ptt/Gossiping/22467_19.txt, time: 4.140000
page 22466
/bbs/Gossiping/M.1496569752.A.31E.html download to ptt/Gossiping/22466_0.txt, time: 3.270000
/bbs/Gossiping/M.1496569899.A.A46.html download to ptt/Gossiping/22466_1.txt, time: 4.660000
/bbs/Gossiping/M.1496569902.A.A82.html download to ptt/Gossiping/22466_2.txt, time: 5.230000
/bbs/Gossiping/M.1496569926.A.950.html download to ptt/Gossiping/22466_3.txt, time: 3.730000
/bbs/Gossiping/M.1496569944.A.17B.html download to ptt/Gossiping/22466_4.txt, time: 7.070000
/bbs/Gossiping/M.1496569953.A.C2F.html download to ptt/Gossiping/22466_5.txt, time: 4.860000
empty download to ptt/Gossiping/22466_6.txt, time: 0.000000
/bbs/Gossiping/M.1496570021.A.07D.html download to ptt/Gossiping/22466_7.txt, time: 5.200000
/bbs/Gossiping/M.1496570043.A.985.html download to ptt/Gossiping/22466_8.txt, time: 3.560000
/bbs/Gossiping/M.1496570106.A.3E7.html download to ptt/Gossiping/22466_9.txt, time: 4.030000
empty download to ptt/Gossiping/22466_10.txt, time: 0.000000
/bbs/Gossiping/M.1496570125.A.021.html download to ptt/Gossiping/22466_11.txt, time: 4.760000
/bbs/Gossiping/M.1496570135.A.49E.html download to ptt/Gossiping/22466_12.txt, time: 5.450000
/bbs/Gossiping/M.1496570205.A.124.html download to ptt/Gossiping/22466_13.txt, time: 4.260000
/bbs/Gossiping/M.1496570244.A.847.html download to ptt/Gossiping/22466_14.txt, time: 3.010000
/bbs/Gossiping/M.1496570275.A.ECF.html download to ptt/Gossiping/22466_15.txt, time: 4.270000
/bbs/Gossiping/M.1496570297.A.6CD.html download to ptt/Gossiping/22466_16.txt, time: 3.880000
/bbs/Gossiping/M.1496570301.A.002.html download to ptt/Gossiping/22466_17.txt, time: 5.280000
/bbs/Gossiping/M.1496570321.A.202.html download to ptt/Gossiping/22466_18.txt, time: 5.070000
/bbs/Gossiping/M.1496570325.A.D16.html download to ptt/Gossiping/22466_19.txt, time: 3.830000
time: 540.6822195053101 seconds
