page 22480
/bbs/Gossiping/M.1496577269.A.347.html download to ptt/Gossiping/22480_0.txt, time: 5.290000
/bbs/Gossiping/M.1496577295.A.613.html download to ptt/Gossiping/22480_1.txt, time: 4.920000
/bbs/Gossiping/M.1496577308.A.3B8.html download to ptt/Gossiping/22480_2.txt, time: 5.190000
empty download to ptt/Gossiping/22480_3.txt, time: 0.000000
empty download to ptt/Gossiping/22480_4.txt, time: 0.000000
/bbs/Gossiping/M.1496577376.A.65F.html download to ptt/Gossiping/22480_5.txt, time: 5.160000
empty download to ptt/Gossiping/22480_6.txt, time: 0.000000
/bbs/Gossiping/M.1496577392.A.827.html download to ptt/Gossiping/22480_7.txt, time: 4.240000
/bbs/Gossiping/M.1496577405.A.89E.html download to ptt/Gossiping/22480_8.txt, time: 5.330000
/bbs/Gossiping/M.1496577427.A.F44.html download to ptt/Gossiping/22480_9.txt, time: 4.990000
/bbs/Gossiping/M.1496577456.A.160.html download to ptt/Gossiping/22480_10.txt, time: 5.180000
/bbs/Gossiping/M.1496577460.A.C43.html download to ptt/Gossiping/22480_11.txt, time: 5.110000
/bbs/Gossiping/M.1496577473.A.B47.html download to ptt/Gossiping/22480_12.txt, time: 3.760000
/bbs/Gossiping/M.1496577508.A.7CC.html download to ptt/Gossiping/22480_13.txt, time: 4.460000
/bbs/Gossiping/M.1496577509.A.2B1.html download to ptt/Gossiping/22480_14.txt, time: 5.160000
/bbs/Gossiping/M.1496577519.A.DDB.html download to ptt/Gossiping/22480_15.txt, time: 8.810000
/bbs/Gossiping/M.1496577574.A.93D.html download to ptt/Gossiping/22480_16.txt, time: 5.160000
/bbs/Gossiping/M.1496577587.A.F56.html download to ptt/Gossiping/22480_17.txt, time: 6.270000
/bbs/Gossiping/M.1496577591.A.A83.html download to ptt/Gossiping/22480_18.txt, time: 4.850000
/bbs/Gossiping/M.1496577615.A.32E.html download to ptt/Gossiping/22480_19.txt, time: 5.170000
page 22479
/bbs/Gossiping/M.1496576866.A.87B.html download to ptt/Gossiping/22479_0.txt, time: 4.800000
/bbs/Gossiping/M.1496576890.A.EEB.html download to ptt/Gossiping/22479_1.txt, time: 4.250000
/bbs/Gossiping/M.1496576911.A.90C.html download to ptt/Gossiping/22479_2.txt, time: 3.870000
/bbs/Gossiping/M.1496576921.A.FD7.html download to ptt/Gossiping/22479_3.txt, time: 4.080000
/bbs/Gossiping/M.1496576971.A.1F8.html download to ptt/Gossiping/22479_4.txt, time: 6.260000
/bbs/Gossiping/M.1496576977.A.01A.html download to ptt/Gossiping/22479_5.txt, time: 3.530000
empty download to ptt/Gossiping/22479_6.txt, time: 0.000000
/bbs/Gossiping/M.1496577002.A.641.html download to ptt/Gossiping/22479_7.txt, time: 5.270000
/bbs/Gossiping/M.1496577016.A.55E.html download to ptt/Gossiping/22479_8.txt, time: 3.670000
/bbs/Gossiping/M.1496577016.A.D6F.html download to ptt/Gossiping/22479_9.txt, time: 3.950000
/bbs/Gossiping/M.1496577112.A.54C.html download to ptt/Gossiping/22479_10.txt, time: 3.540000
/bbs/Gossiping/M.1496577123.A.A02.html download to ptt/Gossiping/22479_11.txt, time: 3.080000
/bbs/Gossiping/M.1496577134.A.8DC.html download to ptt/Gossiping/22479_12.txt, time: 4.400000
/bbs/Gossiping/M.1496577152.A.14D.html download to ptt/Gossiping/22479_13.txt, time: 6.080000
/bbs/Gossiping/M.1496577154.A.299.html download to ptt/Gossiping/22479_14.txt, time: 4.130000
/bbs/Gossiping/M.1496577170.A.C45.html download to ptt/Gossiping/22479_15.txt, time: 5.520000
/bbs/Gossiping/M.1496577208.A.F03.html download to ptt/Gossiping/22479_16.txt, time: 4.180000
/bbs/Gossiping/M.1496577221.A.424.html download to ptt/Gossiping/22479_17.txt, time: 5.870000
/bbs/Gossiping/M.1496577234.A.441.html download to ptt/Gossiping/22479_18.txt, time: 5.180000
empty download to ptt/Gossiping/22479_19.txt, time: 0.000000
page 22478
/bbs/Gossiping/M.1496576386.A.D4F.html download to ptt/Gossiping/22478_0.txt, time: 4.310000
/bbs/Gossiping/M.1496576408.A.851.html download to ptt/Gossiping/22478_1.txt, time: 5.070000
/bbs/Gossiping/M.1496576416.A.3DA.html download to ptt/Gossiping/22478_2.txt, time: 5.530000
/bbs/Gossiping/M.1496576424.A.ECC.html download to ptt/Gossiping/22478_3.txt, time: 5.560000
/bbs/Gossiping/M.1496576461.A.E0D.html download to ptt/Gossiping/22478_4.txt, time: 5.580000
/bbs/Gossiping/M.1496576483.A.2E0.html download to ptt/Gossiping/22478_5.txt, time: 5.230000
/bbs/Gossiping/M.1496576484.A.7C4.html download to ptt/Gossiping/22478_6.txt, time: 5.910000
/bbs/Gossiping/M.1496576532.A.3B9.html download to ptt/Gossiping/22478_7.txt, time: 5.120000
/bbs/Gossiping/M.1496576620.A.D95.html download to ptt/Gossiping/22478_8.txt, time: 5.570000
/bbs/Gossiping/M.1496576628.A.34A.html download to ptt/Gossiping/22478_9.txt, time: 5.320000
/bbs/Gossiping/M.1496576638.A.5D5.html download to ptt/Gossiping/22478_10.txt, time: 5.950000
/bbs/Gossiping/M.1496576696.A.B5E.html download to ptt/Gossiping/22478_11.txt, time: 6.970000
/bbs/Gossiping/M.1496576712.A.018.html download to ptt/Gossiping/22478_12.txt, time: 5.080000
/bbs/Gossiping/M.1496576756.A.8D7.html download to ptt/Gossiping/22478_13.txt, time: 5.170000
/bbs/Gossiping/M.1496576761.A.785.html download to ptt/Gossiping/22478_14.txt, time: 4.970000
/bbs/Gossiping/M.1496576786.A.75F.html download to ptt/Gossiping/22478_15.txt, time: 4.250000
/bbs/Gossiping/M.1496576794.A.E1E.html download to ptt/Gossiping/22478_16.txt, time: 9.570000
/bbs/Gossiping/M.1496576811.A.3C6.html download to ptt/Gossiping/22478_17.txt, time: 4.420000
/bbs/Gossiping/M.1496576815.A.DDC.html download to ptt/Gossiping/22478_18.txt, time: 13.760000
/bbs/Gossiping/M.1496576845.A.181.html download to ptt/Gossiping/22478_19.txt, time: 4.370000
page 22477
/bbs/Gossiping/M.1496576028.A.DE9.html download to ptt/Gossiping/22477_0.txt, time: 4.310000
/bbs/Gossiping/M.1496576029.A.B6D.html download to ptt/Gossiping/22477_1.txt, time: 13.230000
/bbs/Gossiping/M.1496576048.A.C37.html download to ptt/Gossiping/22477_2.txt, time: 7.490000
/bbs/Gossiping/M.1496576049.A.9AC.html download to ptt/Gossiping/22477_3.txt, time: 3.130000
/bbs/Gossiping/M.1496576057.A.D9D.html download to ptt/Gossiping/22477_4.txt, time: 5.700000
/bbs/Gossiping/M.1496576068.A.D40.html download to ptt/Gossiping/22477_5.txt, time: 6.900000
/bbs/Gossiping/M.1496576090.A.96B.html download to ptt/Gossiping/22477_6.txt, time: 3.480000
/bbs/Gossiping/M.1496576093.A.D95.html download to ptt/Gossiping/22477_7.txt, time: 3.470000
/bbs/Gossiping/M.1496576098.A.5D7.html download to ptt/Gossiping/22477_8.txt, time: 5.160000
/bbs/Gossiping/M.1496576110.A.6A5.html download to ptt/Gossiping/22477_9.txt, time: 4.740000
/bbs/Gossiping/M.1496576116.A.66A.html download to ptt/Gossiping/22477_10.txt, time: 4.250000
/bbs/Gossiping/M.1496576156.A.888.html download to ptt/Gossiping/22477_11.txt, time: 4.810000
empty download to ptt/Gossiping/22477_12.txt, time: 0.000000
/bbs/Gossiping/M.1496576255.A.876.html download to ptt/Gossiping/22477_13.txt, time: 4.880000
/bbs/Gossiping/M.1496576291.A.91C.html download to ptt/Gossiping/22477_14.txt, time: 4.830000
/bbs/Gossiping/M.1496576313.A.4B8.html download to ptt/Gossiping/22477_15.txt, time: 3.780000
/bbs/Gossiping/M.1496576314.A.420.html download to ptt/Gossiping/22477_16.txt, time: 3.860000
/bbs/Gossiping/M.1496576333.A.5AF.html download to ptt/Gossiping/22477_17.txt, time: 3.440000
/bbs/Gossiping/M.1496576373.A.1D8.html download to ptt/Gossiping/22477_18.txt, time: 3.040000
/bbs/Gossiping/M.1496576375.A.365.html download to ptt/Gossiping/22477_19.txt, time: 4.140000
page 22476
/bbs/Gossiping/M.1496575586.A.E6E.html download to ptt/Gossiping/22476_0.txt, time: 5.280000
/bbs/Gossiping/M.1496575603.A.83B.html download to ptt/Gossiping/22476_1.txt, time: 4.830000
/bbs/Gossiping/M.1496575650.A.B66.html download to ptt/Gossiping/22476_2.txt, time: 3.440000
/bbs/Gossiping/M.1496575676.A.2B6.html download to ptt/Gossiping/22476_3.txt, time: 4.150000
/bbs/Gossiping/M.1496575709.A.47C.html download to ptt/Gossiping/22476_4.txt, time: 4.200000
/bbs/Gossiping/M.1496575720.A.E9E.html download to ptt/Gossiping/22476_5.txt, time: 4.730000
/bbs/Gossiping/M.1496575724.A.6EC.html download to ptt/Gossiping/22476_6.txt, time: 8.210000
/bbs/Gossiping/M.1496575729.A.037.html download to ptt/Gossiping/22476_7.txt, time: 3.470000
/bbs/Gossiping/M.1496575741.A.1C0.html download to ptt/Gossiping/22476_8.txt, time: 4.350000
/bbs/Gossiping/M.1496575766.A.237.html download to ptt/Gossiping/22476_9.txt, time: 3.610000
/bbs/Gossiping/M.1496575861.A.568.html download to ptt/Gossiping/22476_10.txt, time: 3.810000
/bbs/Gossiping/M.1496575862.A.0B2.html download to ptt/Gossiping/22476_11.txt, time: 3.980000
/bbs/Gossiping/M.1496575885.A.C01.html download to ptt/Gossiping/22476_12.txt, time: 5.040000
/bbs/Gossiping/M.1496575907.A.FAB.html download to ptt/Gossiping/22476_13.txt, time: 3.920000
empty download to ptt/Gossiping/22476_14.txt, time: 0.000000
/bbs/Gossiping/M.1496575927.A.2BA.html download to ptt/Gossiping/22476_15.txt, time: 4.110000
/bbs/Gossiping/M.1496575944.A.F69.html download to ptt/Gossiping/22476_16.txt, time: 3.090000
/bbs/Gossiping/M.1496575980.A.1E5.html download to ptt/Gossiping/22476_17.txt, time: 3.430000
/bbs/Gossiping/M.1496576005.A.765.html download to ptt/Gossiping/22476_18.txt, time: 4.170000
/bbs/Gossiping/M.1496576018.A.3BA.html download to ptt/Gossiping/22476_19.txt, time: 3.560000
time: 538.2845315933228 seconds
