page 22490
/bbs/Gossiping/M.1496582142.A.EA8.html download to ptt/Gossiping/22490_0.txt, time: 4.950000
/bbs/Gossiping/M.1496582148.A.47B.html download to ptt/Gossiping/22490_1.txt, time: 5.520000
/bbs/Gossiping/M.1496582152.A.5F4.html download to ptt/Gossiping/22490_2.txt, time: 4.430000
/bbs/Gossiping/M.1496582155.A.24F.html download to ptt/Gossiping/22490_3.txt, time: 4.640000
/bbs/Gossiping/M.1496582177.A.654.html download to ptt/Gossiping/22490_4.txt, time: 5.050000
/bbs/Gossiping/M.1496582192.A.D1D.html download to ptt/Gossiping/22490_5.txt, time: 4.740000
/bbs/Gossiping/M.1496582197.A.15C.html download to ptt/Gossiping/22490_6.txt, time: 4.630000
/bbs/Gossiping/M.1496582199.A.B42.html download to ptt/Gossiping/22490_7.txt, time: 4.720000
/bbs/Gossiping/M.1496582286.A.E66.html download to ptt/Gossiping/22490_8.txt, time: 5.790000
/bbs/Gossiping/M.1496582329.A.101.html download to ptt/Gossiping/22490_9.txt, time: 5.190000
/bbs/Gossiping/M.1496582346.A.543.html download to ptt/Gossiping/22490_10.txt, time: 7.840000
/bbs/Gossiping/M.1496582372.A.DB5.html download to ptt/Gossiping/22490_11.txt, time: 5.120000
/bbs/Gossiping/M.1496582417.A.98B.html download to ptt/Gossiping/22490_12.txt, time: 8.050000
/bbs/Gossiping/M.1496582454.A.567.html download to ptt/Gossiping/22490_13.txt, time: 6.480000
/bbs/Gossiping/M.1496582551.A.DEA.html download to ptt/Gossiping/22490_14.txt, time: 4.240000
/bbs/Gossiping/M.1496582556.A.551.html download to ptt/Gossiping/22490_15.txt, time: 5.550000
/bbs/Gossiping/M.1496582590.A.A9A.html download to ptt/Gossiping/22490_16.txt, time: 4.250000
/bbs/Gossiping/M.1496582601.A.A2F.html download to ptt/Gossiping/22490_17.txt, time: 3.690000
/bbs/Gossiping/M.1496582624.A.824.html download to ptt/Gossiping/22490_18.txt, time: 6.500000
/bbs/Gossiping/M.1496582636.A.686.html download to ptt/Gossiping/22490_19.txt, time: 6.470000
page 22489
/bbs/Gossiping/M.1496581495.A.E98.html download to ptt/Gossiping/22489_0.txt, time: 5.330000
/bbs/Gossiping/M.1496581507.A.9D2.html download to ptt/Gossiping/22489_1.txt, time: 3.850000
/bbs/Gossiping/M.1496581514.A.D6E.html download to ptt/Gossiping/22489_2.txt, time: 7.870000
/bbs/Gossiping/M.1496581545.A.A5A.html download to ptt/Gossiping/22489_3.txt, time: 6.390000
/bbs/Gossiping/M.1496581587.A.361.html download to ptt/Gossiping/22489_4.txt, time: 5.400000
empty download to ptt/Gossiping/22489_5.txt, time: 0.000000
/bbs/Gossiping/M.1496581631.A.B3A.html download to ptt/Gossiping/22489_6.txt, time: 3.380000
/bbs/Gossiping/M.1496581635.A.4B4.html download to ptt/Gossiping/22489_7.txt, time: 3.420000
/bbs/Gossiping/M.1496581682.A.9CB.html download to ptt/Gossiping/22489_8.txt, time: 4.370000
/bbs/Gossiping/M.1496581694.A.F11.html download to ptt/Gossiping/22489_9.txt, time: 3.270000
/bbs/Gossiping/M.1496581764.A.3DC.html download to ptt/Gossiping/22489_10.txt, time: 4.540000
/bbs/Gossiping/M.1496581883.A.AAE.html download to ptt/Gossiping/22489_11.txt, time: 4.500000
/bbs/Gossiping/M.1496581895.A.DF4.html download to ptt/Gossiping/22489_12.txt, time: 5.470000
/bbs/Gossiping/M.1496581911.A.C5F.html download to ptt/Gossiping/22489_13.txt, time: 5.810000
/bbs/Gossiping/M.1496581914.A.39D.html download to ptt/Gossiping/22489_14.txt, time: 5.130000
/bbs/Gossiping/M.1496581931.A.89D.html download to ptt/Gossiping/22489_15.txt, time: 3.940000
/bbs/Gossiping/M.1496581983.A.1C6.html download to ptt/Gossiping/22489_16.txt, time: 5.420000
/bbs/Gossiping/M.1496582014.A.119.html download to ptt/Gossiping/22489_17.txt, time: 4.120000
/bbs/Gossiping/M.1496582085.A.4DC.html download to ptt/Gossiping/22489_18.txt, time: 5.000000
/bbs/Gossiping/M.1496582108.A.030.html download to ptt/Gossiping/22489_19.txt, time: 4.900000
page 22488
/bbs/Gossiping/M.1496581148.A.05B.html download to ptt/Gossiping/22488_0.txt, time: 4.880000
/bbs/Gossiping/M.1496581161.A.9FC.html download to ptt/Gossiping/22488_1.txt, time: 5.320000
/bbs/Gossiping/M.1496581169.A.6FB.html download to ptt/Gossiping/22488_2.txt, time: 4.200000
/bbs/Gossiping/M.1496581178.A.4DB.html download to ptt/Gossiping/22488_3.txt, time: 4.390000
/bbs/Gossiping/M.1496581185.A.012.html download to ptt/Gossiping/22488_4.txt, time: 6.530000
/bbs/Gossiping/M.1496581187.A.D3C.html download to ptt/Gossiping/22488_5.txt, time: 6.480000
/bbs/Gossiping/M.1496581191.A.D48.html download to ptt/Gossiping/22488_6.txt, time: 10.180000
/bbs/Gossiping/M.1496581234.A.0A8.html download to ptt/Gossiping/22488_7.txt, time: 10.340000
/bbs/Gossiping/M.1496581246.A.2C9.html download to ptt/Gossiping/22488_8.txt, time: 6.360000
/bbs/Gossiping/M.1496581253.A.ABA.html download to ptt/Gossiping/22488_9.txt, time: 4.040000
/bbs/Gossiping/M.1496581257.A.B83.html download to ptt/Gossiping/22488_10.txt, time: 4.510000
empty download to ptt/Gossiping/22488_11.txt, time: 0.000000
/bbs/Gossiping/M.1496581335.A.5DF.html download to ptt/Gossiping/22488_12.txt, time: 5.830000
/bbs/Gossiping/M.1496581343.A.5A2.html download to ptt/Gossiping/22488_13.txt, time: 10.480000
/bbs/Gossiping/M.1496581357.A.B09.html download to ptt/Gossiping/22488_14.txt, time: 10.120000
/bbs/Gossiping/M.1496581369.A.D4A.html download to ptt/Gossiping/22488_15.txt, time: 14.320000
/bbs/Gossiping/M.1496581400.A.70E.html download to ptt/Gossiping/22488_16.txt, time: 5.990000
/bbs/Gossiping/M.1496581430.A.144.html download to ptt/Gossiping/22488_17.txt, time: 15.780000
/bbs/Gossiping/M.1496581474.A.D12.html download to ptt/Gossiping/22488_18.txt, time: 5.660000
/bbs/Gossiping/M.1496581492.A.A8E.html download to ptt/Gossiping/22488_19.txt, time: 3.290000
page 22487
empty download to ptt/Gossiping/22487_0.txt, time: 0.000000
/bbs/Gossiping/M.1496580755.A.7F2.html download to ptt/Gossiping/22487_1.txt, time: 5.660000
/bbs/Gossiping/M.1496580786.A.A94.html download to ptt/Gossiping/22487_2.txt, time: 6.480000
empty download to ptt/Gossiping/22487_3.txt, time: 0.000000
/bbs/Gossiping/M.1496580839.A.BA1.html download to ptt/Gossiping/22487_4.txt, time: 4.080000
/bbs/Gossiping/M.1496580840.A.DD2.html download to ptt/Gossiping/22487_5.txt, time: 3.150000
/bbs/Gossiping/M.1496580857.A.BE3.html download to ptt/Gossiping/22487_6.txt, time: 3.870000
/bbs/Gossiping/M.1496580860.A.A73.html download to ptt/Gossiping/22487_7.txt, time: 3.750000
/bbs/Gossiping/M.1496580883.A.3B6.html download to ptt/Gossiping/22487_8.txt, time: 5.610000
/bbs/Gossiping/M.1496580891.A.141.html download to ptt/Gossiping/22487_9.txt, time: 3.840000
/bbs/Gossiping/M.1496580915.A.A56.html download to ptt/Gossiping/22487_10.txt, time: 4.860000
/bbs/Gossiping/M.1496580923.A.1D4.html download to ptt/Gossiping/22487_11.txt, time: 4.290000
/bbs/Gossiping/M.1496580943.A.D01.html download to ptt/Gossiping/22487_12.txt, time: 4.470000
/bbs/Gossiping/M.1496580946.A.E6F.html download to ptt/Gossiping/22487_13.txt, time: 4.420000
/bbs/Gossiping/M.1496580958.A.E1D.html download to ptt/Gossiping/22487_14.txt, time: 5.860000
/bbs/Gossiping/M.1496580984.A.4AE.html download to ptt/Gossiping/22487_15.txt, time: 3.110000
/bbs/Gossiping/M.1496581015.A.08C.html download to ptt/Gossiping/22487_16.txt, time: 5.960000
/bbs/Gossiping/M.1496581031.A.5C1.html download to ptt/Gossiping/22487_17.txt, time: 6.580000
/bbs/Gossiping/M.1496581096.A.1B6.html download to ptt/Gossiping/22487_18.txt, time: 3.700000
/bbs/Gossiping/M.1496581116.A.757.html download to ptt/Gossiping/22487_19.txt, time: 3.470000
page 22486
/bbs/Gossiping/M.1496580178.A.FC0.html download to ptt/Gossiping/22486_0.txt, time: 5.220000
empty download to ptt/Gossiping/22486_1.txt, time: 0.000000
/bbs/Gossiping/M.1496580249.A.230.html download to ptt/Gossiping/22486_2.txt, time: 5.930000
/bbs/Gossiping/M.1496580254.A.93F.html download to ptt/Gossiping/22486_3.txt, time: 6.820000
/bbs/Gossiping/M.1496580307.A.D35.html download to ptt/Gossiping/22486_4.txt, time: 5.100000
/bbs/Gossiping/M.1496580309.A.02B.html download to ptt/Gossiping/22486_5.txt, time: 4.540000
/bbs/Gossiping/M.1496580332.A.5CF.html download to ptt/Gossiping/22486_6.txt, time: 5.390000
/bbs/Gossiping/M.1496580354.A.4C0.html download to ptt/Gossiping/22486_7.txt, time: 4.440000
/bbs/Gossiping/M.1496580395.A.9DC.html download to ptt/Gossiping/22486_8.txt, time: 3.070000
/bbs/Gossiping/M.1496580448.A.077.html download to ptt/Gossiping/22486_9.txt, time: 4.760000
/bbs/Gossiping/M.1496580488.A.2EC.html download to ptt/Gossiping/22486_10.txt, time: 2.590000
/bbs/Gossiping/M.1496580502.A.3A5.html download to ptt/Gossiping/22486_11.txt, time: 5.660000
/bbs/Gossiping/M.1496580506.A.805.html download to ptt/Gossiping/22486_12.txt, time: 4.000000
/bbs/Gossiping/M.1496580523.A.11F.html download to ptt/Gossiping/22486_13.txt, time: 3.760000
/bbs/Gossiping/M.1496580558.A.9E5.html download to ptt/Gossiping/22486_14.txt, time: 2.680000
/bbs/Gossiping/M.1496580567.A.313.html download to ptt/Gossiping/22486_15.txt, time: 3.440000
/bbs/Gossiping/M.1496580586.A.608.html download to ptt/Gossiping/22486_16.txt, time: 3.340000
/bbs/Gossiping/M.1496580618.A.F16.html download to ptt/Gossiping/22486_17.txt, time: 5.130000
/bbs/Gossiping/M.1496580634.A.8F3.html download to ptt/Gossiping/22486_18.txt, time: 3.350000
/bbs/Gossiping/M.1496580665.A.AB7.html download to ptt/Gossiping/22486_19.txt, time: 3.150000
time: 560.9598088264465 seconds
