page 22500
/bbs/Gossiping/M.1496586331.A.EAC.html download to ptt/Gossiping/22500_0.txt, time: 6.690000
/bbs/Gossiping/M.1496586370.A.42A.html download to ptt/Gossiping/22500_1.txt, time: 4.020000
/bbs/Gossiping/M.1496586378.A.9B1.html download to ptt/Gossiping/22500_2.txt, time: 8.000000
/bbs/Gossiping/M.1496586411.A.EE7.html download to ptt/Gossiping/22500_3.txt, time: 5.560000
/bbs/Gossiping/M.1496586427.A.B93.html download to ptt/Gossiping/22500_4.txt, time: 5.770000
/bbs/Gossiping/M.1496586430.A.422.html download to ptt/Gossiping/22500_5.txt, time: 5.320000
/bbs/Gossiping/M.1496586446.A.AFE.html download to ptt/Gossiping/22500_6.txt, time: 5.490000
/bbs/Gossiping/M.1496586474.A.16C.html download to ptt/Gossiping/22500_7.txt, time: 4.940000
/bbs/Gossiping/M.1496586494.A.686.html download to ptt/Gossiping/22500_8.txt, time: 8.390000
/bbs/Gossiping/M.1496586502.A.421.html download to ptt/Gossiping/22500_9.txt, time: 4.650000
/bbs/Gossiping/M.1496586534.A.777.html download to ptt/Gossiping/22500_10.txt, time: 4.170000
/bbs/Gossiping/M.1496586543.A.6EB.html download to ptt/Gossiping/22500_11.txt, time: 4.310000
/bbs/Gossiping/M.1496586549.A.711.html download to ptt/Gossiping/22500_12.txt, time: 3.350000
/bbs/Gossiping/M.1496586564.A.401.html download to ptt/Gossiping/22500_13.txt, time: 5.280000
/bbs/Gossiping/M.1496586569.A.F9A.html download to ptt/Gossiping/22500_14.txt, time: 6.800000
/bbs/Gossiping/M.1496586618.A.9A0.html download to ptt/Gossiping/22500_15.txt, time: 5.680000
/bbs/Gossiping/M.1496586620.A.8E1.html download to ptt/Gossiping/22500_16.txt, time: 5.530000
/bbs/Gossiping/M.1496586621.A.E17.html download to ptt/Gossiping/22500_17.txt, time: 3.990000
/bbs/Gossiping/M.1496586684.A.83F.html download to ptt/Gossiping/22500_18.txt, time: 5.910000
/bbs/Gossiping/M.1496586745.A.27B.html download to ptt/Gossiping/22500_19.txt, time: 4.800000
page 22499
empty download to ptt/Gossiping/22499_0.txt, time: 0.000000
/bbs/Gossiping/M.1496585833.A.EA9.html download to ptt/Gossiping/22499_1.txt, time: 6.640000
/bbs/Gossiping/M.1496585843.A.938.html download to ptt/Gossiping/22499_2.txt, time: 4.100000
empty download to ptt/Gossiping/22499_3.txt, time: 0.000000
/bbs/Gossiping/M.1496585954.A.39B.html download to ptt/Gossiping/22499_4.txt, time: 3.040000
/bbs/Gossiping/M.1496585963.A.CB0.html download to ptt/Gossiping/22499_5.txt, time: 4.840000
/bbs/Gossiping/M.1496585976.A.611.html download to ptt/Gossiping/22499_6.txt, time: 4.980000
/bbs/Gossiping/M.1496586006.A.A57.html download to ptt/Gossiping/22499_7.txt, time: 3.910000
/bbs/Gossiping/M.1496586010.A.AC9.html download to ptt/Gossiping/22499_8.txt, time: 4.430000
/bbs/Gossiping/M.1496586031.A.F0D.html download to ptt/Gossiping/22499_9.txt, time: 4.920000
/bbs/Gossiping/M.1496586064.A.26F.html download to ptt/Gossiping/22499_10.txt, time: 3.390000
/bbs/Gossiping/M.1496586082.A.F98.html download to ptt/Gossiping/22499_11.txt, time: 3.620000
/bbs/Gossiping/M.1496586119.A.EAA.html download to ptt/Gossiping/22499_12.txt, time: 4.170000
/bbs/Gossiping/M.1496586136.A.F28.html download to ptt/Gossiping/22499_13.txt, time: 5.490000
/bbs/Gossiping/M.1496586139.A.ACE.html download to ptt/Gossiping/22499_14.txt, time: 5.610000
/bbs/Gossiping/M.1496586156.A.A0A.html download to ptt/Gossiping/22499_15.txt, time: 6.890000
/bbs/Gossiping/M.1496586161.A.B9A.html download to ptt/Gossiping/22499_16.txt, time: 5.530000
/bbs/Gossiping/M.1496586231.A.9A6.html download to ptt/Gossiping/22499_17.txt, time: 3.550000
/bbs/Gossiping/M.1496586240.A.B04.html download to ptt/Gossiping/22499_18.txt, time: 4.630000
/bbs/Gossiping/M.1496586276.A.AB1.html download to ptt/Gossiping/22499_19.txt, time: 5.260000
page 22498
/bbs/Gossiping/M.1496585415.A.658.html download to ptt/Gossiping/22498_0.txt, time: 15.210000
/bbs/Gossiping/M.1496585445.A.773.html download to ptt/Gossiping/22498_1.txt, time: 6.340000
/bbs/Gossiping/M.1496585488.A.4C6.html download to ptt/Gossiping/22498_2.txt, time: 3.790000
/bbs/Gossiping/M.1496585494.A.522.html download to ptt/Gossiping/22498_3.txt, time: 3.960000
/bbs/Gossiping/M.1496585501.A.B56.html download to ptt/Gossiping/22498_4.txt, time: 4.910000
/bbs/Gossiping/M.1496585591.A.C1F.html download to ptt/Gossiping/22498_5.txt, time: 6.350000
/bbs/Gossiping/M.1496585595.A.3E6.html download to ptt/Gossiping/22498_6.txt, time: 3.980000
/bbs/Gossiping/M.1496585600.A.63A.html download to ptt/Gossiping/22498_7.txt, time: 6.130000
/bbs/Gossiping/M.1496585616.A.DEF.html download to ptt/Gossiping/22498_8.txt, time: 4.400000
/bbs/Gossiping/M.1496585627.A.E4C.html download to ptt/Gossiping/22498_9.txt, time: 3.800000
empty download to ptt/Gossiping/22498_10.txt, time: 0.000000
/bbs/Gossiping/M.1496585671.A.F4F.html download to ptt/Gossiping/22498_11.txt, time: 5.070000
/bbs/Gossiping/M.1496585694.A.CB8.html download to ptt/Gossiping/22498_12.txt, time: 7.330000
/bbs/Gossiping/M.1496585698.A.828.html download to ptt/Gossiping/22498_13.txt, time: 10.110000
/bbs/Gossiping/M.1496585706.A.924.html download to ptt/Gossiping/22498_14.txt, time: 6.670000
/bbs/Gossiping/M.1496585723.A.A4E.html download to ptt/Gossiping/22498_15.txt, time: 10.450000
/bbs/Gossiping/M.1496585753.A.977.html download to ptt/Gossiping/22498_16.txt, time: 5.410000
/bbs/Gossiping/M.1496585789.A.048.html download to ptt/Gossiping/22498_17.txt, time: 3.560000
/bbs/Gossiping/M.1496585799.A.73C.html download to ptt/Gossiping/22498_18.txt, time: 3.850000
/bbs/Gossiping/M.1496585817.A.EAD.html download to ptt/Gossiping/22498_19.txt, time: 3.680000
page 22497
/bbs/Gossiping/M.1496585057.A.24F.html download to ptt/Gossiping/22497_0.txt, time: 3.720000
/bbs/Gossiping/M.1496585068.A.D5E.html download to ptt/Gossiping/22497_1.txt, time: 5.320000
/bbs/Gossiping/M.1496585091.A.D3B.html download to ptt/Gossiping/22497_2.txt, time: 4.740000
empty download to ptt/Gossiping/22497_3.txt, time: 0.000000
/bbs/Gossiping/M.1496585169.A.500.html download to ptt/Gossiping/22497_4.txt, time: 3.420000
/bbs/Gossiping/M.1496585171.A.842.html download to ptt/Gossiping/22497_5.txt, time: 3.970000
/bbs/Gossiping/M.1496585186.A.6DF.html download to ptt/Gossiping/22497_6.txt, time: 6.270000
/bbs/Gossiping/M.1496585198.A.A7F.html download to ptt/Gossiping/22497_7.txt, time: 5.170000
empty download to ptt/Gossiping/22497_8.txt, time: 0.000000
/bbs/Gossiping/M.1496585217.A.78A.html download to ptt/Gossiping/22497_9.txt, time: 3.130000
/bbs/Gossiping/M.1496585282.A.404.html download to ptt/Gossiping/22497_10.txt, time: 3.130000
/bbs/Gossiping/M.1496585286.A.AA2.html download to ptt/Gossiping/22497_11.txt, time: 3.380000
/bbs/Gossiping/M.1496585308.A.044.html download to ptt/Gossiping/22497_12.txt, time: 2.870000
/bbs/Gossiping/M.1496585320.A.645.html download to ptt/Gossiping/22497_13.txt, time: 4.260000
/bbs/Gossiping/M.1496585327.A.BC4.html download to ptt/Gossiping/22497_14.txt, time: 5.240000
/bbs/Gossiping/M.1496585334.A.BF4.html download to ptt/Gossiping/22497_15.txt, time: 3.560000
/bbs/Gossiping/M.1496585360.A.5A8.html download to ptt/Gossiping/22497_16.txt, time: 4.620000
/bbs/Gossiping/M.1496585368.A.714.html download to ptt/Gossiping/22497_17.txt, time: 2.970000
/bbs/Gossiping/M.1496585371.A.2E4.html download to ptt/Gossiping/22497_18.txt, time: 4.250000
/bbs/Gossiping/M.1496585413.A.E04.html download to ptt/Gossiping/22497_19.txt, time: 6.420000
page 22496
/bbs/Gossiping/M.1496584680.A.9A0.html download to ptt/Gossiping/22496_0.txt, time: 3.060000
/bbs/Gossiping/M.1496584685.A.14D.html download to ptt/Gossiping/22496_1.txt, time: 4.560000
/bbs/Gossiping/M.1496584686.A.C93.html download to ptt/Gossiping/22496_2.txt, time: 3.320000
/bbs/Gossiping/M.1496584689.A.61E.html download to ptt/Gossiping/22496_3.txt, time: 4.330000
/bbs/Gossiping/M.1496584699.A.E71.html download to ptt/Gossiping/22496_4.txt, time: 5.910000
/bbs/Gossiping/M.1496584752.A.9FE.html download to ptt/Gossiping/22496_5.txt, time: 3.190000
/bbs/Gossiping/M.1496584754.A.D1B.html download to ptt/Gossiping/22496_6.txt, time: 6.430000
/bbs/Gossiping/M.1496584759.A.108.html download to ptt/Gossiping/22496_7.txt, time: 4.250000
/bbs/Gossiping/M.1496584777.A.0A8.html download to ptt/Gossiping/22496_8.txt, time: 4.540000
/bbs/Gossiping/M.1496584798.A.F8D.html download to ptt/Gossiping/22496_9.txt, time: 3.510000
/bbs/Gossiping/M.1496584835.A.F64.html download to ptt/Gossiping/22496_10.txt, time: 4.230000
/bbs/Gossiping/M.1496584837.A.023.html download to ptt/Gossiping/22496_11.txt, time: 3.770000
/bbs/Gossiping/M.1496584912.A.DDC.html download to ptt/Gossiping/22496_12.txt, time: 3.430000
/bbs/Gossiping/M.1496584919.A.A30.html download to ptt/Gossiping/22496_13.txt, time: 3.250000
empty download to ptt/Gossiping/22496_14.txt, time: 0.000000
/bbs/Gossiping/M.1496584945.A.75C.html download to ptt/Gossiping/22496_15.txt, time: 3.520000
/bbs/Gossiping/M.1496584955.A.C16.html download to ptt/Gossiping/22496_16.txt, time: 3.160000
/bbs/Gossiping/M.1496584973.A.D33.html download to ptt/Gossiping/22496_17.txt, time: 4.120000
empty download to ptt/Gossiping/22496_18.txt, time: 0.000000
/bbs/Gossiping/M.1496585046.A.462.html download to ptt/Gossiping/22496_19.txt, time: 3.710000
time: 522.0624060630798 seconds
