page 22510
/bbs/Gossiping/M.1496590374.A.EB1.html download to ptt/Gossiping/22510_0.txt, time: 6.390000
/bbs/Gossiping/M.1496590382.A.0C0.html download to ptt/Gossiping/22510_1.txt, time: 7.540000
/bbs/Gossiping/M.1496590387.A.CD6.html download to ptt/Gossiping/22510_2.txt, time: 6.450000
/bbs/Gossiping/M.1496590393.A.B42.html download to ptt/Gossiping/22510_3.txt, time: 3.820000
/bbs/Gossiping/M.1496590394.A.CD2.html download to ptt/Gossiping/22510_4.txt, time: 5.020000
/bbs/Gossiping/M.1496590438.A.FAA.html download to ptt/Gossiping/22510_5.txt, time: 4.210000
/bbs/Gossiping/M.1496590478.A.BF7.html download to ptt/Gossiping/22510_6.txt, time: 6.080000
/bbs/Gossiping/M.1496590497.A.87D.html download to ptt/Gossiping/22510_7.txt, time: 5.400000
/bbs/Gossiping/M.1496590506.A.A0C.html download to ptt/Gossiping/22510_8.txt, time: 7.060000
/bbs/Gossiping/M.1496590524.A.EA2.html download to ptt/Gossiping/22510_9.txt, time: 3.670000
/bbs/Gossiping/M.1496590530.A.2F9.html download to ptt/Gossiping/22510_10.txt, time: 3.670000
/bbs/Gossiping/M.1496590533.A.56F.html download to ptt/Gossiping/22510_11.txt, time: 5.870000
/bbs/Gossiping/M.1496590585.A.152.html download to ptt/Gossiping/22510_12.txt, time: 6.570000
/bbs/Gossiping/M.1496590590.A.10B.html download to ptt/Gossiping/22510_13.txt, time: 6.000000
empty download to ptt/Gossiping/22510_14.txt, time: 0.000000
/bbs/Gossiping/M.1496590635.A.370.html download to ptt/Gossiping/22510_15.txt, time: 6.780000
/bbs/Gossiping/M.1496590703.A.E88.html download to ptt/Gossiping/22510_16.txt, time: 3.440000
/bbs/Gossiping/M.1496590727.A.0C6.html download to ptt/Gossiping/22510_17.txt, time: 4.280000
/bbs/Gossiping/M.1496590756.A.21B.html download to ptt/Gossiping/22510_18.txt, time: 5.810000
empty download to ptt/Gossiping/22510_19.txt, time: 0.000000
page 22509
/bbs/Gossiping/M.1496590028.A.227.html download to ptt/Gossiping/22509_0.txt, time: 4.110000
/bbs/Gossiping/M.1496590039.A.8EA.html download to ptt/Gossiping/22509_1.txt, time: 2.880000
/bbs/Gossiping/M.1496590058.A.625.html download to ptt/Gossiping/22509_2.txt, time: 4.090000
/bbs/Gossiping/M.1496590060.A.0A6.html download to ptt/Gossiping/22509_3.txt, time: 4.740000
/bbs/Gossiping/M.1496590076.A.336.html download to ptt/Gossiping/22509_4.txt, time: 5.600000
/bbs/Gossiping/M.1496590103.A.D1E.html download to ptt/Gossiping/22509_5.txt, time: 5.140000
/bbs/Gossiping/M.1496590112.A.C20.html download to ptt/Gossiping/22509_6.txt, time: 4.990000
/bbs/Gossiping/M.1496590125.A.644.html download to ptt/Gossiping/22509_7.txt, time: 4.420000
/bbs/Gossiping/M.1496590135.A.A2F.html download to ptt/Gossiping/22509_8.txt, time: 4.240000
/bbs/Gossiping/M.1496590142.A.EA5.html download to ptt/Gossiping/22509_9.txt, time: 5.710000
/bbs/Gossiping/M.1496590210.A.621.html download to ptt/Gossiping/22509_10.txt, time: 3.330000
empty download to ptt/Gossiping/22509_11.txt, time: 0.000000
/bbs/Gossiping/M.1496590294.A.328.html download to ptt/Gossiping/22509_12.txt, time: 6.130000
/bbs/Gossiping/M.1496590295.A.236.html download to ptt/Gossiping/22509_13.txt, time: 2.940000
/bbs/Gossiping/M.1496590316.A.68D.html download to ptt/Gossiping/22509_14.txt, time: 5.510000
/bbs/Gossiping/M.1496590331.A.BD3.html download to ptt/Gossiping/22509_15.txt, time: 4.740000
/bbs/Gossiping/M.1496590341.A.DC6.html download to ptt/Gossiping/22509_16.txt, time: 6.750000
/bbs/Gossiping/M.1496590352.A.A3E.html download to ptt/Gossiping/22509_17.txt, time: 4.370000
empty download to ptt/Gossiping/22509_18.txt, time: 0.000000
/bbs/Gossiping/M.1496590371.A.C78.html download to ptt/Gossiping/22509_19.txt, time: 4.750000
page 22508
empty download to ptt/Gossiping/22508_0.txt, time: 0.000000
/bbs/Gossiping/M.1496589597.A.85B.html download to ptt/Gossiping/22508_1.txt, time: 4.250000
/bbs/Gossiping/M.1496589610.A.A16.htmlTraceback (most recent call last):
  File "/home/studentyl/anaconda3/lib/python3.6/site-packages/requests/packages/urllib3/connectionpool.py", line 600, in urlopen
    chunked=chunked)
  File "/home/studentyl/anaconda3/lib/python3.6/site-packages/requests/packages/urllib3/connectionpool.py", line 386, in _make_request
    six.raise_from(e, None)
  File "<string>", line 2, in raise_from
  File "/home/studentyl/anaconda3/lib/python3.6/site-packages/requests/packages/urllib3/connectionpool.py", line 382, in _make_request
    httplib_response = conn.getresponse()
  File "/home/studentyl/anaconda3/lib/python3.6/http/client.py", line 1331, in getresponse
    response.begin()
  File "/home/studentyl/anaconda3/lib/python3.6/http/client.py", line 297, in begin
    version, status, reason = self._read_status()
  File "/home/studentyl/anaconda3/lib/python3.6/http/client.py", line 266, in _read_status
    raise RemoteDisconnected("Remote end closed connection without"
http.client.RemoteDisconnected: Remote end closed connection without response

During handling of the above exception, another exception occurred:

Traceback (most recent call last):
  File "/home/studentyl/anaconda3/lib/python3.6/site-packages/requests/adapters.py", line 438, in send
    timeout=timeout
  File "/home/studentyl/anaconda3/lib/python3.6/site-packages/requests/packages/urllib3/connectionpool.py", line 649, in urlopen
    _stacktrace=sys.exc_info()[2])
  File "/home/studentyl/anaconda3/lib/python3.6/site-packages/requests/packages/urllib3/util/retry.py", line 357, in increment
    raise six.reraise(type(error), error, _stacktrace)
  File "/home/studentyl/anaconda3/lib/python3.6/site-packages/requests/packages/urllib3/packages/six.py", line 685, in reraise
    raise value.with_traceback(tb)
  File "/home/studentyl/anaconda3/lib/python3.6/site-packages/requests/packages/urllib3/connectionpool.py", line 600, in urlopen
    chunked=chunked)
  File "/home/studentyl/anaconda3/lib/python3.6/site-packages/requests/packages/urllib3/connectionpool.py", line 386, in _make_request
    six.raise_from(e, None)
  File "<string>", line 2, in raise_from
  File "/home/studentyl/anaconda3/lib/python3.6/site-packages/requests/packages/urllib3/connectionpool.py", line 382, in _make_request
    httplib_response = conn.getresponse()
  File "/home/studentyl/anaconda3/lib/python3.6/http/client.py", line 1331, in getresponse
    response.begin()
  File "/home/studentyl/anaconda3/lib/python3.6/http/client.py", line 297, in begin
    version, status, reason = self._read_status()
  File "/home/studentyl/anaconda3/lib/python3.6/http/client.py", line 266, in _read_status
    raise RemoteDisconnected("Remote end closed connection without"
requests.packages.urllib3.exceptions.ProtocolError: ('Connection aborted.', RemoteDisconnected('Remote end closed connection without response',))

During handling of the above exception, another exception occurred:

Traceback (most recent call last):
  File "./crawler.py", line 177, in <module>
    main(sys.argv[1:])
  File "./crawler.py", line 158, in main
    downloadForum(forumName, startPage, pages)
  File "./crawler.py", line 140, in downloadForum
    downloadPage(str(articleCount), forumName, pageNum, 'https://www.ptt.cc'+link)
  File "./crawler.py", line 82, in downloadPage
    pageText = getPageText(link)
  File "./crawler.py", line 13, in getPageText
    pageText=requests.get(link, cookies={'over18':'1'}).text
  File "/home/studentyl/anaconda3/lib/python3.6/site-packages/requests/api.py", line 72, in get
    return request('get', url, params=params, **kwargs)
  File "/home/studentyl/anaconda3/lib/python3.6/site-packages/requests/api.py", line 58, in request
    return session.request(method=method, url=url, **kwargs)
  File "/home/studentyl/anaconda3/lib/python3.6/site-packages/requests/sessions.py", line 518, in request
    resp = self.send(prep, **send_kwargs)
  File "/home/studentyl/anaconda3/lib/python3.6/site-packages/requests/sessions.py", line 639, in send
    r = adapter.send(request, **kwargs)
  File "/home/studentyl/anaconda3/lib/python3.6/site-packages/requests/adapters.py", line 488, in send
    raise ConnectionError(err, request=request)
requests.exceptions.ConnectionError: ('Connection aborted.', RemoteDisconnected('Remote end closed connection without response',))
