page 22520
/bbs/Gossiping/M.1496594749.A.81C.html download to ptt/Gossiping/22520_0.txt, time: 4.530000
/bbs/Gossiping/M.1496594777.A.030.html download to ptt/Gossiping/22520_1.txt, time: 5.060000
/bbs/Gossiping/M.1496594805.A.EC4.html download to ptt/Gossiping/22520_2.txt, time: 5.240000
/bbs/Gossiping/M.1496594807.A.B8A.html download to ptt/Gossiping/22520_3.txt, time: 4.370000
/bbs/Gossiping/M.1496594820.A.62B.html download to ptt/Gossiping/22520_4.txt, time: 5.440000
/bbs/Gossiping/M.1496594840.A.D85.html download to ptt/Gossiping/22520_5.txt, time: 5.000000
/bbs/Gossiping/M.1496594847.A.B47.html download to ptt/Gossiping/22520_6.txt, time: 5.690000
/bbs/Gossiping/M.1496594877.A.A9C.html download to ptt/Gossiping/22520_7.txt, time: 6.090000
/bbs/Gossiping/M.1496594890.A.36D.html download to ptt/Gossiping/22520_8.txt, time: 6.050000
/bbs/Gossiping/M.1496594900.A.C83.html download to ptt/Gossiping/22520_9.txt, time: 4.190000
/bbs/Gossiping/M.1496594904.A.1B3.html download to ptt/Gossiping/22520_10.txt, time: 6.610000
/bbs/Gossiping/M.1496594924.A.E44.html download to ptt/Gossiping/22520_11.txt, time: 5.760000
/bbs/Gossiping/M.1496594924.A.433.html download to ptt/Gossiping/22520_12.txt, time: 4.480000
/bbs/Gossiping/M.1496594968.A.EFC.html download to ptt/Gossiping/22520_13.txt, time: 4.790000
/bbs/Gossiping/M.1496594971.A.32B.html download to ptt/Gossiping/22520_14.txt, time: 3.550000
/bbs/Gossiping/M.1496594999.A.1B8.html download to ptt/Gossiping/22520_15.txt, time: 4.850000
empty download to ptt/Gossiping/22520_16.txt, time: 0.000000
/bbs/Gossiping/M.1496595062.A.D71.html download to ptt/Gossiping/22520_17.txt, time: 3.740000
/bbs/Gossiping/M.1496595065.A.3E8.html download to ptt/Gossiping/22520_18.txt, time: 6.370000
/bbs/Gossiping/M.1496595092.A.C0F.html download to ptt/Gossiping/22520_19.txt, time: 7.830000
page 22519
/bbs/Gossiping/M.1496594175.A.473.html download to ptt/Gossiping/22519_0.txt, time: 4.020000
/bbs/Gossiping/M.1496594199.A.8D9.html download to ptt/Gossiping/22519_1.txt, time: 6.720000
/bbs/Gossiping/M.1496594229.A.416.html download to ptt/Gossiping/22519_2.txt, time: 4.610000
/bbs/Gossiping/M.1496594236.A.448.html download to ptt/Gossiping/22519_3.txt, time: 3.390000
/bbs/Gossiping/M.1496594270.A.DBD.html download to ptt/Gossiping/22519_4.txt, time: 4.910000
/bbs/Gossiping/M.1496594356.A.38A.html download to ptt/Gossiping/22519_5.txt, time: 5.670000
/bbs/Gossiping/M.1496594398.A.E62.html download to ptt/Gossiping/22519_6.txt, time: 3.930000
/bbs/Gossiping/M.1496594428.A.E1A.html download to ptt/Gossiping/22519_7.txt, time: 5.450000
/bbs/Gossiping/M.1496594476.A.3E7.html download to ptt/Gossiping/22519_8.txt, time: 6.690000
/bbs/Gossiping/M.1496594490.A.CEC.html download to ptt/Gossiping/22519_9.txt, time: 3.010000
/bbs/Gossiping/M.1496594544.A.6E7.html download to ptt/Gossiping/22519_10.txt, time: 4.400000
empty download to ptt/Gossiping/22519_11.txt, time: 0.000000
/bbs/Gossiping/M.1496594666.A.B4E.html download to ptt/Gossiping/22519_12.txt, time: 3.780000
/bbs/Gossiping/M.1496594673.A.2DD.html download to ptt/Gossiping/22519_13.txt, time: 4.770000
/bbs/Gossiping/M.1496594676.A.E41.html download to ptt/Gossiping/22519_14.txt, time: 3.230000
/bbs/Gossiping/M.1496594690.A.520.html download to ptt/Gossiping/22519_15.txt, time: 6.540000
/bbs/Gossiping/M.1496594712.A.5CF.html download to ptt/Gossiping/22519_16.txt, time: 5.400000
/bbs/Gossiping/M.1496594718.A.ED5.html download to ptt/Gossiping/22519_17.txt, time: 2.900000
/bbs/Gossiping/M.1496594721.A.E4F.html download to ptt/Gossiping/22519_18.txt, time: 3.790000
/bbs/Gossiping/M.1496594741.A.59F.html download to ptt/Gossiping/22519_19.txt, time: 4.780000
page 22518
/bbs/Gossiping/M.1496593621.A.F6F.html download to ptt/Gossiping/22518_0.txt, time: 5.270000
/bbs/Gossiping/M.1496593674.A.626.html download to ptt/Gossiping/22518_1.txt, time: 5.440000
/bbs/Gossiping/M.1496593690.A.684.html download to ptt/Gossiping/22518_2.txt, time: 4.620000
/bbs/Gossiping/M.1496593729.A.5A5.html download to ptt/Gossiping/22518_3.txt, time: 7.290000
/bbs/Gossiping/M.1496593739.A.715.html download to ptt/Gossiping/22518_4.txt, time: 6.210000
/bbs/Gossiping/M.1496593745.A.4C4.html download to ptt/Gossiping/22518_5.txt, time: 4.370000
/bbs/Gossiping/M.1496593751.A.861.html download to ptt/Gossiping/22518_6.txt, time: 5.240000
/bbs/Gossiping/M.1496593822.A.169.html download to ptt/Gossiping/22518_7.txt, time: 7.240000
/bbs/Gossiping/M.1496593863.A.A1C.html download to ptt/Gossiping/22518_8.txt, time: 5.810000
/bbs/Gossiping/M.1496593866.A.D8B.html download to ptt/Gossiping/22518_9.txt, time: 5.070000
empty download to ptt/Gossiping/22518_10.txt, time: 0.000000
/bbs/Gossiping/M.1496593950.A.CF5.html download to ptt/Gossiping/22518_11.txt, time: 6.300000
/bbs/Gossiping/M.1496593954.A.0A0.html download to ptt/Gossiping/22518_12.txt, time: 7.980000
/bbs/Gossiping/M.1496593967.A.9C8.html download to ptt/Gossiping/22518_13.txt, time: 4.340000
/bbs/Gossiping/M.1496594032.A.C6B.html download to ptt/Gossiping/22518_14.txt, time: 8.580000
/bbs/Gossiping/M.1496594081.A.71B.html download to ptt/Gossiping/22518_15.txt, time: 10.350000
/bbs/Gossiping/M.1496594093.A.F0D.html download to ptt/Gossiping/22518_16.txt, time: 6.480000
/bbs/Gossiping/M.1496594116.A.904.html download to ptt/Gossiping/22518_17.txt, time: 6.300000
/bbs/Gossiping/M.1496594117.A.196.html download to ptt/Gossiping/22518_18.txt, time: 5.830000
/bbs/Gossiping/M.1496594169.A.DB5.html download to ptt/Gossiping/22518_19.txt, time: 3.780000
page 22517
/bbs/Gossiping/M.1496593118.A.B5B.html download to ptt/Gossiping/22517_0.txt, time: 5.400000
/bbs/Gossiping/M.1496593124.A.08B.html download to ptt/Gossiping/22517_1.txt, time: 8.700000
/bbs/Gossiping/M.1496593159.A.442.html download to ptt/Gossiping/22517_2.txt, time: 6.080000
empty download to ptt/Gossiping/22517_3.txt, time: 0.000000
/bbs/Gossiping/M.1496593268.A.C00.html download to ptt/Gossiping/22517_4.txt, time: 4.380000
/bbs/Gossiping/M.1496593271.A.020.html download to ptt/Gossiping/22517_5.txt, time: 6.820000
/bbs/Gossiping/M.1496593282.A.DDF.html download to ptt/Gossiping/22517_6.txt, time: 6.170000
/bbs/Gossiping/M.1496593290.A.A0A.html download to ptt/Gossiping/22517_7.txt, time: 3.460000
/bbs/Gossiping/M.1496593293.A.B16.html download to ptt/Gossiping/22517_8.txt, time: 3.640000
/bbs/Gossiping/M.1496593330.A.717.html download to ptt/Gossiping/22517_9.txt, time: 3.480000
/bbs/Gossiping/M.1496593334.A.7EA.html download to ptt/Gossiping/22517_10.txt, time: 3.700000
/bbs/Gossiping/M.1496593335.A.784.html download to ptt/Gossiping/22517_11.txt, time: 3.700000
/bbs/Gossiping/M.1496593373.A.C7A.html download to ptt/Gossiping/22517_12.txt, time: 4.470000
/bbs/Gossiping/M.1496593396.A.EDD.html download to ptt/Gossiping/22517_13.txt, time: 4.130000
/bbs/Gossiping/M.1496593407.A.E7A.html download to ptt/Gossiping/22517_14.txt, time: 4.420000
/bbs/Gossiping/M.1496593458.A.167.html download to ptt/Gossiping/22517_15.txt, time: 2.960000
/bbs/Gossiping/M.1496593474.A.465.html download to ptt/Gossiping/22517_16.txt, time: 5.100000
/bbs/Gossiping/M.1496593526.A.875.html download to ptt/Gossiping/22517_17.txt, time: 3.120000
/bbs/Gossiping/M.1496593564.A.DB1.html download to ptt/Gossiping/22517_18.txt, time: 3.960000
/bbs/Gossiping/M.1496593602.A.4AD.html download to ptt/Gossiping/22517_19.txt, time: 4.330000
page 22516
/bbs/Gossiping/M.1496592636.A.45B.html download to ptt/Gossiping/22516_0.txt, time: 3.930000
/bbs/Gossiping/M.1496592656.A.AFC.html download to ptt/Gossiping/22516_1.txt, time: 3.270000
/bbs/Gossiping/M.1496592681.A.3A1.html download to ptt/Gossiping/22516_2.txt, time: 5.030000
/bbs/Gossiping/M.1496592706.A.06F.html download to ptt/Gossiping/22516_3.txt, time: 3.230000
/bbs/Gossiping/M.1496592778.A.A3B.html download to ptt/Gossiping/22516_4.txt, time: 4.870000
/bbs/Gossiping/M.1496592784.A.C35.html download to ptt/Gossiping/22516_5.txt, time: 3.240000
/bbs/Gossiping/M.1496592883.A.D2C.html download to ptt/Gossiping/22516_6.txt, time: 7.370000
empty download to ptt/Gossiping/22516_7.txt, time: 0.000000
/bbs/Gossiping/M.1496592943.A.9F0.html download to ptt/Gossiping/22516_8.txt, time: 6.700000
/bbs/Gossiping/M.1496592954.A.3C6.html download to ptt/Gossiping/22516_9.txt, time: 5.530000
/bbs/Gossiping/M.1496592965.A.A2E.html download to ptt/Gossiping/22516_10.txt, time: 4.540000
/bbs/Gossiping/M.1496593002.A.D94.html download to ptt/Gossiping/22516_11.txt, time: 2.590000
/bbs/Gossiping/M.1496593020.A.424.html download to ptt/Gossiping/22516_12.txt, time: 4.530000
/bbs/Gossiping/M.1496593020.A.BC8.html download to ptt/Gossiping/22516_13.txt, time: 6.530000
/bbs/Gossiping/M.1496593044.A.845.html download to ptt/Gossiping/22516_14.txt, time: 2.470000
/bbs/Gossiping/M.1496593048.A.7B3.html download to ptt/Gossiping/22516_15.txt, time: 6.790000
/bbs/Gossiping/M.1496593051.A.A69.html download to ptt/Gossiping/22516_16.txt, time: 3.290000
/bbs/Gossiping/M.1496593053.A.009.html download to ptt/Gossiping/22516_17.txt, time: 3.870000
/bbs/Gossiping/M.1496593107.A.C9B.html download to ptt/Gossiping/22516_18.txt, time: 3.800000
/bbs/Gossiping/M.1496593115.A.750.html download to ptt/Gossiping/22516_19.txt, time: 5.740000
time: 537.5411505699158 seconds
