page 22530
/bbs/Gossiping/M.1496601335.A.3DC.html download to ptt/Gossiping/22530_0.txt, time: 6.350000
/bbs/Gossiping/M.1496601348.A.885.html download to ptt/Gossiping/22530_1.txt, time: 7.070000
/bbs/Gossiping/M.1496601359.A.2E1.html download to ptt/Gossiping/22530_2.txt, time: 5.830000
/bbs/Gossiping/M.1496601374.A.04E.html download to ptt/Gossiping/22530_3.txt, time: 5.530000
/bbs/Gossiping/M.1496601418.A.6B6.html download to ptt/Gossiping/22530_4.txt, time: 4.600000
/bbs/Gossiping/M.1496601443.A.119.html download to ptt/Gossiping/22530_5.txt, time: 4.130000
/bbs/Gossiping/M.1496601469.A.82C.html download to ptt/Gossiping/22530_6.txt, time: 4.410000
empty download to ptt/Gossiping/22530_7.txt, time: 0.000000
/bbs/Gossiping/M.1496601526.A.33B.html download to ptt/Gossiping/22530_8.txt, time: 3.450000
/bbs/Gossiping/M.1496601584.A.B45.html download to ptt/Gossiping/22530_9.txt, time: 5.270000
/bbs/Gossiping/M.1496601596.A.4F6.html download to ptt/Gossiping/22530_10.txt, time: 7.610000
/bbs/Gossiping/M.1496601735.A.ABD.html download to ptt/Gossiping/22530_11.txt, time: 4.650000
/bbs/Gossiping/M.1496601800.A.945.html download to ptt/Gossiping/22530_12.txt, time: 3.880000
/bbs/Gossiping/M.1496601894.A.A72.html download to ptt/Gossiping/22530_13.txt, time: 4.740000
/bbs/Gossiping/M.1496601962.A.BD9.html download to ptt/Gossiping/22530_14.txt, time: 3.770000
/bbs/Gossiping/M.1496601962.A.1B3.html download to ptt/Gossiping/22530_15.txt, time: 5.910000
/bbs/Gossiping/M.1496601999.A.82A.html download to ptt/Gossiping/22530_16.txt, time: 5.290000
/bbs/Gossiping/M.1496602057.A.0B2.html download to ptt/Gossiping/22530_17.txt, time: 3.880000
/bbs/Gossiping/M.1496602093.A.8A0.html download to ptt/Gossiping/22530_18.txt, time: 5.100000
/bbs/Gossiping/M.1496602132.A.631.html download to ptt/Gossiping/22530_19.txt, time: 4.640000
page 22529
/bbs/Gossiping/M.1496599928.A.090.html download to ptt/Gossiping/22529_0.txt, time: 4.480000
/bbs/Gossiping/M.1496599964.A.F43.html download to ptt/Gossiping/22529_1.txt, time: 5.190000
/bbs/Gossiping/M.1496599981.A.944.html download to ptt/Gossiping/22529_2.txt, time: 4.340000
/bbs/Gossiping/M.1496600013.A.EA9.html download to ptt/Gossiping/22529_3.txt, time: 5.190000
/bbs/Gossiping/M.1496600324.A.E44.html download to ptt/Gossiping/22529_4.txt, time: 4.700000
/bbs/Gossiping/M.1496600378.A.270.html download to ptt/Gossiping/22529_5.txt, time: 4.090000
/bbs/Gossiping/M.1496600549.A.825.html download to ptt/Gossiping/22529_6.txt, time: 3.400000
/bbs/Gossiping/M.1496600576.A.52D.html download to ptt/Gossiping/22529_7.txt, time: 4.250000
/bbs/Gossiping/M.1496600627.A.D3C.html download to ptt/Gossiping/22529_8.txt, time: 4.270000
/bbs/Gossiping/M.1496600887.A.616.html download to ptt/Gossiping/22529_9.txt, time: 6.630000
/bbs/Gossiping/M.1496600958.A.620.html download to ptt/Gossiping/22529_10.txt, time: 4.230000
empty download to ptt/Gossiping/22529_11.txt, time: 0.000000
/bbs/Gossiping/M.1496601042.A.C9C.html download to ptt/Gossiping/22529_12.txt, time: 5.620000
/bbs/Gossiping/M.1496601046.A.EAD.html download to ptt/Gossiping/22529_13.txt, time: 4.890000
/bbs/Gossiping/M.1496601077.A.6B3.html download to ptt/Gossiping/22529_14.txt, time: 5.800000
/bbs/Gossiping/M.1496601122.A.643.html download to ptt/Gossiping/22529_15.txt, time: 5.770000
/bbs/Gossiping/M.1496601156.A.D20.html download to ptt/Gossiping/22529_16.txt, time: 5.360000
/bbs/Gossiping/M.1496601237.A.9DC.html download to ptt/Gossiping/22529_17.txt, time: 5.840000
/bbs/Gossiping/M.1496601238.A.C05.html download to ptt/Gossiping/22529_18.txt, time: 5.340000
/bbs/Gossiping/M.1496601255.A.717.html download to ptt/Gossiping/22529_19.txt, time: 7.180000
page 22528
empty download to ptt/Gossiping/22528_0.txt, time: 0.000000
/bbs/Gossiping/M.1496599163.A.91B.html download to ptt/Gossiping/22528_1.txt, time: 5.480000
/bbs/Gossiping/M.1496599169.A.5DE.html download to ptt/Gossiping/22528_2.txt, time: 4.970000
/bbs/Gossiping/M.1496599231.A.1FF.html download to ptt/Gossiping/22528_3.txt, time: 9.110000
/bbs/Gossiping/M.1496599308.A.FB1.html download to ptt/Gossiping/22528_4.txt, time: 7.870000
/bbs/Gossiping/M.1496599322.A.1E1.html download to ptt/Gossiping/22528_5.txt, time: 6.360000
/bbs/Gossiping/M.1496599353.A.147.html download to ptt/Gossiping/22528_6.txt, time: 12.600000
/bbs/Gossiping/M.1496599519.A.BAF.html download to ptt/Gossiping/22528_7.txt, time: 5.440000
/bbs/Gossiping/M.1496599532.A.066.html download to ptt/Gossiping/22528_8.txt, time: 4.650000
/bbs/Gossiping/M.1496599582.A.40E.html download to ptt/Gossiping/22528_9.txt, time: 7.460000
/bbs/Gossiping/M.1496599585.A.889.html download to ptt/Gossiping/22528_10.txt, time: 4.700000
/bbs/Gossiping/M.1496599611.A.5D1.html download to ptt/Gossiping/22528_11.txt, time: 4.860000
/bbs/Gossiping/M.1496599623.A.A68.html download to ptt/Gossiping/22528_12.txt, time: 4.290000
/bbs/Gossiping/M.1496599683.A.CB6.html download to ptt/Gossiping/22528_13.txt, time: 10.350000
/bbs/Gossiping/M.1496599721.A.771.html download to ptt/Gossiping/22528_14.txt, time: 15.810000
/bbs/Gossiping/M.1496599793.A.E0C.html download to ptt/Gossiping/22528_15.txt, time: 7.500000
/bbs/Gossiping/M.1496599861.A.73C.html download to ptt/Gossiping/22528_16.txt, time: 3.490000
/bbs/Gossiping/M.1496599872.A.6D5.html download to ptt/Gossiping/22528_17.txt, time: 4.540000
/bbs/Gossiping/M.1496599900.A.ECF.html download to ptt/Gossiping/22528_18.txt, time: 3.640000
/bbs/Gossiping/M.1496599921.A.033.html download to ptt/Gossiping/22528_19.txt, time: 5.210000
page 22527
/bbs/Gossiping/M.1496598293.A.DCF.html download to ptt/Gossiping/22527_0.txt, time: 5.330000
/bbs/Gossiping/M.1496598330.A.794.html download to ptt/Gossiping/22527_1.txt, time: 3.180000
/bbs/Gossiping/M.1496598410.A.B7B.html download to ptt/Gossiping/22527_2.txt, time: 3.980000
/bbs/Gossiping/M.1496598433.A.670.html download to ptt/Gossiping/22527_3.txt, time: 3.140000
/bbs/Gossiping/M.1496598443.A.A0C.html download to ptt/Gossiping/22527_4.txt, time: 2.920000
/bbs/Gossiping/M.1496598488.A.BBC.html download to ptt/Gossiping/22527_5.txt, time: 2.920000
/bbs/Gossiping/M.1496598494.A.8EC.html download to ptt/Gossiping/22527_6.txt, time: 4.780000
/bbs/Gossiping/M.1496598544.A.08B.html download to ptt/Gossiping/22527_7.txt, time: 6.030000
/bbs/Gossiping/M.1496598605.A.1F3.html download to ptt/Gossiping/22527_8.txt, time: 4.860000
/bbs/Gossiping/M.1496598607.A.175.html download to ptt/Gossiping/22527_9.txt, time: 3.390000
empty download to ptt/Gossiping/22527_10.txt, time: 0.000000
/bbs/Gossiping/M.1496598657.A.831.html download to ptt/Gossiping/22527_11.txt, time: 3.860000
/bbs/Gossiping/M.1496598662.A.216.html download to ptt/Gossiping/22527_12.txt, time: 4.290000
/bbs/Gossiping/M.1496598738.A.62F.html download to ptt/Gossiping/22527_13.txt, time: 4.100000
/bbs/Gossiping/M.1496598772.A.D38.html download to ptt/Gossiping/22527_14.txt, time: 3.690000
/bbs/Gossiping/M.1496598869.A.84C.html download to ptt/Gossiping/22527_15.txt, time: 4.810000
/bbs/Gossiping/M.1496598902.A.3E2.html download to ptt/Gossiping/22527_16.txt, time: 7.830000
/bbs/Gossiping/M.1496598905.A.C78.html download to ptt/Gossiping/22527_17.txt, time: 4.500000
/bbs/Gossiping/M.1496599022.A.3B3.html download to ptt/Gossiping/22527_18.txt, time: 4.290000
/bbs/Gossiping/M.1496599067.A.519.html download to ptt/Gossiping/22527_19.txt, time: 4.270000
page 22526
/bbs/Gossiping/M.1496597446.A.43C.html download to ptt/Gossiping/22526_0.txt, time: 3.440000
/bbs/Gossiping/M.1496597448.A.A35.html download to ptt/Gossiping/22526_1.txt, time: 3.550000
/bbs/Gossiping/M.1496597456.A.CAB.html download to ptt/Gossiping/22526_2.txt, time: 4.410000
empty download to ptt/Gossiping/22526_3.txt, time: 0.000000
/bbs/Gossiping/M.1496597463.A.456.html download to ptt/Gossiping/22526_4.txt, time: 3.070000
/bbs/Gossiping/M.1496597526.A.CBE.html download to ptt/Gossiping/22526_5.txt, time: 3.340000
/bbs/Gossiping/M.1496597556.A.A22.html download to ptt/Gossiping/22526_6.txt, time: 3.870000
/bbs/Gossiping/M.1496597559.A.3EE.html download to ptt/Gossiping/22526_7.txt, time: 2.990000
/bbs/Gossiping/M.1496597663.A.6FA.html download to ptt/Gossiping/22526_8.txt, time: 4.680000
/bbs/Gossiping/M.1496597705.A.175.html download to ptt/Gossiping/22526_9.txt, time: 4.240000
/bbs/Gossiping/M.1496597709.A.458.html download to ptt/Gossiping/22526_10.txt, time: 2.740000
/bbs/Gossiping/M.1496597790.A.2F7.html download to ptt/Gossiping/22526_11.txt, time: 2.390000
/bbs/Gossiping/M.1496597881.A.519.html download to ptt/Gossiping/22526_12.txt, time: 4.700000
/bbs/Gossiping/M.1496597892.A.7EF.html download to ptt/Gossiping/22526_13.txt, time: 2.820000
/bbs/Gossiping/M.1496597928.A.85F.html download to ptt/Gossiping/22526_14.txt, time: 3.700000
/bbs/Gossiping/M.1496598080.A.7C2.html download to ptt/Gossiping/22526_15.txt, time: 2.860000
/bbs/Gossiping/M.1496598210.A.965.html download to ptt/Gossiping/22526_16.txt, time: 3.800000
/bbs/Gossiping/M.1496598259.A.347.html download to ptt/Gossiping/22526_17.txt, time: 3.030000
/bbs/Gossiping/M.1496598277.A.A83.html download to ptt/Gossiping/22526_18.txt, time: 2.390000
/bbs/Gossiping/M.1496598288.A.099.html download to ptt/Gossiping/22526_19.txt, time: 5.660000
time: 531.1513073444366 seconds
