page 22540
/bbs/Gossiping/M.1496623409.A.EBE.html download to ptt/Gossiping/22540_0.txt, time: 4.580000
/bbs/Gossiping/M.1496623530.A.DE1.html download to ptt/Gossiping/22540_1.txt, time: 5.210000
/bbs/Gossiping/M.1496623649.A.ADE.html download to ptt/Gossiping/22540_2.txt, time: 5.960000
/bbs/Gossiping/M.1496623656.A.47D.html download to ptt/Gossiping/22540_3.txt, time: 4.000000
/bbs/Gossiping/M.1496623735.A.288.html download to ptt/Gossiping/22540_4.txt, time: 6.250000
/bbs/Gossiping/M.1496623740.A.31F.html download to ptt/Gossiping/22540_5.txt, time: 4.890000
/bbs/Gossiping/M.1496623764.A.336.html download to ptt/Gossiping/22540_6.txt, time: 5.100000
/bbs/Gossiping/M.1496623795.A.A76.html download to ptt/Gossiping/22540_7.txt, time: 8.220000
/bbs/Gossiping/M.1496623818.A.A7B.html download to ptt/Gossiping/22540_8.txt, time: 5.660000
/bbs/Gossiping/M.1496623925.A.B66.html download to ptt/Gossiping/22540_9.txt, time: 4.910000
/bbs/Gossiping/M.1496624039.A.A1A.html download to ptt/Gossiping/22540_10.txt, time: 5.440000
/bbs/Gossiping/M.1496624121.A.7AB.html download to ptt/Gossiping/22540_11.txt, time: 5.990000
/bbs/Gossiping/M.1496624174.A.D4E.html download to ptt/Gossiping/22540_12.txt, time: 5.470000
/bbs/Gossiping/M.1496624206.A.1C8.html download to ptt/Gossiping/22540_13.txt, time: 8.550000
/bbs/Gossiping/M.1496624230.A.ACB.html download to ptt/Gossiping/22540_14.txt, time: 4.840000
/bbs/Gossiping/M.1496624252.A.8AB.html download to ptt/Gossiping/22540_15.txt, time: 5.510000
/bbs/Gossiping/M.1496624282.A.7CE.html download to ptt/Gossiping/22540_16.txt, time: 4.280000
/bbs/Gossiping/M.1496624398.A.E6C.html download to ptt/Gossiping/22540_17.txt, time: 4.640000
/bbs/Gossiping/M.1496624488.A.668.html download to ptt/Gossiping/22540_18.txt, time: 4.620000
/bbs/Gossiping/M.1496624520.A.903.html download to ptt/Gossiping/22540_19.txt, time: 5.130000
page 22539
/bbs/Gossiping/M.1496622486.A.6E3.html download to ptt/Gossiping/22539_0.txt, time: 6.790000
/bbs/Gossiping/M.1496622489.A.E2F.html download to ptt/Gossiping/22539_1.txt, time: 4.090000
/bbs/Gossiping/M.1496622523.A.B5B.html download to ptt/Gossiping/22539_2.txt, time: 6.150000
/bbs/Gossiping/M.1496622537.A.6DB.html download to ptt/Gossiping/22539_3.txt, time: 5.800000
/bbs/Gossiping/M.1496622607.A.22E.html download to ptt/Gossiping/22539_4.txt, time: 4.740000
/bbs/Gossiping/M.1496622836.A.CE9.html download to ptt/Gossiping/22539_5.txt, time: 4.210000
/bbs/Gossiping/M.1496622921.A.4C4.html download to ptt/Gossiping/22539_6.txt, time: 3.550000
/bbs/Gossiping/M.1496623017.A.B78.html download to ptt/Gossiping/22539_7.txt, time: 4.100000
/bbs/Gossiping/M.1496623091.A.013.html download to ptt/Gossiping/22539_8.txt, time: 4.400000
/bbs/Gossiping/M.1496623113.A.B38.html download to ptt/Gossiping/22539_9.txt, time: 4.570000
/bbs/Gossiping/M.1496623115.A.104.html download to ptt/Gossiping/22539_10.txt, time: 4.520000
/bbs/Gossiping/M.1496623147.A.DDC.html download to ptt/Gossiping/22539_11.txt, time: 4.400000
/bbs/Gossiping/M.1496623179.A.ADC.html download to ptt/Gossiping/22539_12.txt, time: 6.630000
/bbs/Gossiping/M.1496623196.A.FC7.html download to ptt/Gossiping/22539_13.txt, time: 5.480000
/bbs/Gossiping/M.1496623281.A.705.html download to ptt/Gossiping/22539_14.txt, time: 5.670000
/bbs/Gossiping/M.1496623310.A.AC6.html download to ptt/Gossiping/22539_15.txt, time: 4.400000
/bbs/Gossiping/M.1496623331.A.B83.html download to ptt/Gossiping/22539_16.txt, time: 6.390000
/bbs/Gossiping/M.1496623349.A.D79.html download to ptt/Gossiping/22539_17.txt, time: 5.040000
/bbs/Gossiping/M.1496623371.A.0AA.html download to ptt/Gossiping/22539_18.txt, time: 6.900000
/bbs/Gossiping/M.1496623387.A.67D.html download to ptt/Gossiping/22539_19.txt, time: 8.120000
page 22538
empty download to ptt/Gossiping/22538_0.txt, time: 0.000000
/bbs/Gossiping/M.1496620653.A.B60.html download to ptt/Gossiping/22538_1.txt, time: 6.260000
/bbs/Gossiping/M.1496620737.A.C35.html download to ptt/Gossiping/22538_2.txt, time: 7.520000
/bbs/Gossiping/M.1496620808.A.2A4.html download to ptt/Gossiping/22538_3.txt, time: 10.720000
/bbs/Gossiping/M.1496620820.A.6FE.html download to ptt/Gossiping/22538_4.txt, time: 4.650000
/bbs/Gossiping/M.1496620854.A.0BA.html download to ptt/Gossiping/22538_5.txt, time: 9.720000
/bbs/Gossiping/M.1496620862.A.13F.html download to ptt/Gossiping/22538_6.txt, time: 5.680000
/bbs/Gossiping/M.1496621031.A.884.html download to ptt/Gossiping/22538_7.txt, time: 6.230000
/bbs/Gossiping/M.1496621060.A.A53.html download to ptt/Gossiping/22538_8.txt, time: 4.780000
/bbs/Gossiping/M.1496621109.A.4BC.html download to ptt/Gossiping/22538_9.txt, time: 4.190000
/bbs/Gossiping/M.1496621195.A.C09.html download to ptt/Gossiping/22538_10.txt, time: 4.350000
/bbs/Gossiping/M.1496621200.A.294.html download to ptt/Gossiping/22538_11.txt, time: 6.410000
/bbs/Gossiping/M.1496621223.A.245.html download to ptt/Gossiping/22538_12.txt, time: 6.390000
/bbs/Gossiping/M.1496621231.A.7BB.html download to ptt/Gossiping/22538_13.txt, time: 5.730000
empty download to ptt/Gossiping/22538_14.txt, time: 0.000000
/bbs/Gossiping/M.1496621530.A.D94.html download to ptt/Gossiping/22538_15.txt, time: 6.920000
/bbs/Gossiping/M.1496621638.A.D14.html download to ptt/Gossiping/22538_16.txt, time: 3.560000
/bbs/Gossiping/M.1496621910.A.5B6.html download to ptt/Gossiping/22538_17.txt, time: 4.750000
/bbs/Gossiping/M.1496622146.A.5F1.html download to ptt/Gossiping/22538_18.txt, time: 3.970000
/bbs/Gossiping/M.1496622356.A.C2E.html download to ptt/Gossiping/22538_19.txt, time: 2.970000
page 22537
/bbs/Gossiping/M.1496618488.A.DDF.html download to ptt/Gossiping/22537_0.txt, time: 3.950000
/bbs/Gossiping/M.1496618509.A.62A.html download to ptt/Gossiping/22537_1.txt, time: 4.690000
/bbs/Gossiping/M.1496618765.A.02C.html download to ptt/Gossiping/22537_2.txt, time: 4.720000
/bbs/Gossiping/M.1496619096.A.1FA.html download to ptt/Gossiping/22537_3.txt, time: 3.650000
empty download to ptt/Gossiping/22537_4.txt, time: 0.000000
/bbs/Gossiping/M.1496619334.A.B8D.html download to ptt/Gossiping/22537_5.txt, time: 3.340000
empty download to ptt/Gossiping/22537_6.txt, time: 0.000000
empty download to ptt/Gossiping/22537_7.txt, time: 0.000000
/bbs/Gossiping/M.1496619653.A.EA6.html download to ptt/Gossiping/22537_8.txt, time: 6.620000
/bbs/Gossiping/M.1496619751.A.9AA.html download to ptt/Gossiping/22537_9.txt, time: 4.950000
/bbs/Gossiping/M.1496619943.A.E07.html download to ptt/Gossiping/22537_10.txt, time: 3.520000
/bbs/Gossiping/M.1496620007.A.D91.html download to ptt/Gossiping/22537_11.txt, time: 3.160000
/bbs/Gossiping/M.1496620027.A.16B.html download to ptt/Gossiping/22537_12.txt, time: 3.720000
/bbs/Gossiping/M.1496620063.A.0E5.html download to ptt/Gossiping/22537_13.txt, time: 4.980000
/bbs/Gossiping/M.1496620244.A.FB5.html download to ptt/Gossiping/22537_14.txt, time: 5.300000
/bbs/Gossiping/M.1496620246.A.1BE.html download to ptt/Gossiping/22537_15.txt, time: 4.010000
/bbs/Gossiping/M.1496620301.A.4DF.html download to ptt/Gossiping/22537_16.txt, time: 4.670000
/bbs/Gossiping/M.1496620358.A.62F.html download to ptt/Gossiping/22537_17.txt, time: 4.180000
/bbs/Gossiping/M.1496620455.A.391.html download to ptt/Gossiping/22537_18.txt, time: 3.470000
/bbs/Gossiping/M.1496620612.A.B15.html download to ptt/Gossiping/22537_19.txt, time: 4.070000
page 22536
/bbs/Gossiping/M.1496615181.A.ACD.html download to ptt/Gossiping/22536_0.txt, time: 5.970000
/bbs/Gossiping/M.1496615229.A.7C1.html download to ptt/Gossiping/22536_1.txt, time: 3.200000
/bbs/Gossiping/M.1496615247.A.41A.html download to ptt/Gossiping/22536_2.txt, time: 4.260000
empty download to ptt/Gossiping/22536_3.txt, time: 0.000000
/bbs/Gossiping/M.1496615556.A.6F7.html download to ptt/Gossiping/22536_4.txt, time: 4.530000
empty download to ptt/Gossiping/22536_5.txt, time: 0.000000
/bbs/Gossiping/M.1496616500.A.51F.html download to ptt/Gossiping/22536_6.txt, time: 5.380000
/bbs/Gossiping/M.1496616737.A.BA4.html download to ptt/Gossiping/22536_7.txt, time: 3.650000
empty download to ptt/Gossiping/22536_8.txt, time: 0.000000
/bbs/Gossiping/M.1496616883.A.AEA.html download to ptt/Gossiping/22536_9.txt, time: 3.080000
/bbs/Gossiping/M.1496617261.A.455.html download to ptt/Gossiping/22536_10.txt, time: 3.490000
/bbs/Gossiping/M.1496617284.A.DBE.html download to ptt/Gossiping/22536_11.txt, time: 4.010000
/bbs/Gossiping/M.1496617366.A.4DD.html download to ptt/Gossiping/22536_12.txt, time: 4.040000
/bbs/Gossiping/M.1496617598.A.16E.html download to ptt/Gossiping/22536_13.txt, time: 2.830000
/bbs/Gossiping/M.1496617745.A.0AC.html download to ptt/Gossiping/22536_14.txt, time: 3.600000
empty download to ptt/Gossiping/22536_15.txt, time: 0.000000
/bbs/Gossiping/M.1496618054.A.005.html download to ptt/Gossiping/22536_16.txt, time: 4.810000
/bbs/Gossiping/M.1496618071.A.3B4.html download to ptt/Gossiping/22536_17.txt, time: 3.850000
/bbs/Gossiping/M.1496618363.A.52D.html download to ptt/Gossiping/22536_18.txt, time: 6.230000
/bbs/Gossiping/M.1496618481.A.4C7.html download to ptt/Gossiping/22536_19.txt, time: 4.550000
time: 531.7250444889069 seconds
