page 22550
/bbs/Gossiping/M.1496631452.A.90E.html download to ptt/Gossiping/22550_0.txt, time: 4.030000
/bbs/Gossiping/M.1496631488.A.6DA.html download to ptt/Gossiping/22550_1.txt, time: 5.710000
/bbs/Gossiping/M.1496631552.A.702.html download to ptt/Gossiping/22550_2.txt, time: 4.590000
/bbs/Gossiping/M.1496631552.A.C79.html download to ptt/Gossiping/22550_3.txt, time: 4.910000
/bbs/Gossiping/M.1496631563.A.080.html download to ptt/Gossiping/22550_4.txt, time: 5.280000
/bbs/Gossiping/M.1496631572.A.E16.html download to ptt/Gossiping/22550_5.txt, time: 4.770000
/bbs/Gossiping/M.1496631625.A.6B4.html download to ptt/Gossiping/22550_6.txt, time: 4.470000
/bbs/Gossiping/M.1496631738.A.D1A.html download to ptt/Gossiping/22550_7.txt, time: 3.570000
/bbs/Gossiping/M.1496631789.A.E7D.html download to ptt/Gossiping/22550_8.txt, time: 5.420000
/bbs/Gossiping/M.1496631838.A.49B.html download to ptt/Gossiping/22550_9.txt, time: 4.340000
/bbs/Gossiping/M.1496631842.A.937.html download to ptt/Gossiping/22550_10.txt, time: 4.690000
/bbs/Gossiping/M.1496631884.A.7FF.html download to ptt/Gossiping/22550_11.txt, time: 4.230000
/bbs/Gossiping/M.1496631957.A.E23.html download to ptt/Gossiping/22550_12.txt, time: 3.420000
/bbs/Gossiping/M.1496631971.A.F32.html download to ptt/Gossiping/22550_13.txt, time: 4.100000
/bbs/Gossiping/M.1496631976.A.0F5.html download to ptt/Gossiping/22550_14.txt, time: 6.550000
/bbs/Gossiping/M.1496631979.A.797.html download to ptt/Gossiping/22550_15.txt, time: 6.040000
/bbs/Gossiping/M.1496632038.A.F7F.html download to ptt/Gossiping/22550_16.txt, time: 5.430000
/bbs/Gossiping/M.1496632039.A.F4D.html download to ptt/Gossiping/22550_17.txt, time: 4.710000
/bbs/Gossiping/M.1496632044.A.7AC.html download to ptt/Gossiping/22550_18.txt, time: 4.880000
/bbs/Gossiping/M.1496632138.A.A28.html download to ptt/Gossiping/22550_19.txt, time: 5.400000
page 22549
/bbs/Gossiping/M.1496630970.A.ADB.html download to ptt/Gossiping/22549_0.txt, time: 4.960000
/bbs/Gossiping/M.1496630972.A.1AE.html download to ptt/Gossiping/22549_1.txt, time: 4.630000
/bbs/Gossiping/M.1496630980.A.F28.html download to ptt/Gossiping/22549_2.txt, time: 4.010000
/bbs/Gossiping/M.1496630984.A.A46.html download to ptt/Gossiping/22549_3.txt, time: 3.760000
empty download to ptt/Gossiping/22549_4.txt, time: 0.000000
/bbs/Gossiping/M.1496631068.A.6F2.html download to ptt/Gossiping/22549_5.txt, time: 3.880000
/bbs/Gossiping/M.1496631100.A.A96.html download to ptt/Gossiping/22549_6.txt, time: 3.590000
/bbs/Gossiping/M.1496631108.A.C3C.html download to ptt/Gossiping/22549_7.txt, time: 4.560000
/bbs/Gossiping/M.1496631161.A.250.html download to ptt/Gossiping/22549_8.txt, time: 4.510000
/bbs/Gossiping/M.1496631211.A.5F8.html download to ptt/Gossiping/22549_9.txt, time: 2.810000
/bbs/Gossiping/M.1496631227.A.A94.html download to ptt/Gossiping/22549_10.txt, time: 3.690000
/bbs/Gossiping/M.1496631228.A.031.html download to ptt/Gossiping/22549_11.txt, time: 3.930000
/bbs/Gossiping/M.1496631231.A.0FB.html download to ptt/Gossiping/22549_12.txt, time: 4.330000
/bbs/Gossiping/M.1496631239.A.54F.html download to ptt/Gossiping/22549_13.txt, time: 5.390000
/bbs/Gossiping/M.1496631256.A.CE4.html download to ptt/Gossiping/22549_14.txt, time: 6.750000
/bbs/Gossiping/M.1496631287.A.423.html download to ptt/Gossiping/22549_15.txt, time: 4.510000
/bbs/Gossiping/M.1496631346.A.3C3.html download to ptt/Gossiping/22549_16.txt, time: 5.840000
/bbs/Gossiping/M.1496631404.A.0E4.html download to ptt/Gossiping/22549_17.txt, time: 5.970000
/bbs/Gossiping/M.1496631432.A.4E4.html download to ptt/Gossiping/22549_18.txt, time: 4.940000
empty download to ptt/Gossiping/22549_19.txt, time: 0.000000
page 22548
/bbs/Gossiping/M.1496630631.A.292.html download to ptt/Gossiping/22548_0.txt, time: 7.140000
/bbs/Gossiping/M.1496630635.A.F01.html download to ptt/Gossiping/22548_1.txt, time: 5.070000
/bbs/Gossiping/M.1496630641.A.413.html download to ptt/Gossiping/22548_2.txt, time: 6.270000
/bbs/Gossiping/M.1496630656.A.9EA.html download to ptt/Gossiping/22548_3.txt, time: 7.020000
/bbs/Gossiping/M.1496630697.A.8D1.html download to ptt/Gossiping/22548_4.txt, time: 4.200000
/bbs/Gossiping/M.1496630725.A.877.html download to ptt/Gossiping/22548_5.txt, time: 3.800000
/bbs/Gossiping/M.1496630740.A.F90.html download to ptt/Gossiping/22548_6.txt, time: 5.220000
/bbs/Gossiping/M.1496630758.A.76B.html download to ptt/Gossiping/22548_7.txt, time: 4.780000
/bbs/Gossiping/M.1496630797.A.483.html download to ptt/Gossiping/22548_8.txt, time: 5.170000
/bbs/Gossiping/M.1496630799.A.F23.html download to ptt/Gossiping/22548_9.txt, time: 5.180000
empty download to ptt/Gossiping/22548_10.txt, time: 0.000000
/bbs/Gossiping/M.1496630890.A.54B.html download to ptt/Gossiping/22548_11.txt, time: 4.530000
/bbs/Gossiping/M.1496630897.A.7E5.html download to ptt/Gossiping/22548_12.txt, time: 7.380000
/bbs/Gossiping/M.1496630903.A.C34.html download to ptt/Gossiping/22548_13.txt, time: 14.080000
/bbs/Gossiping/M.1496630920.A.DC0.html download to ptt/Gossiping/22548_14.txt, time: 6.380000
empty download to ptt/Gossiping/22548_15.txt, time: 0.000000
/bbs/Gossiping/M.1496630923.A.296.html download to ptt/Gossiping/22548_16.txt, time: 5.930000
empty download to ptt/Gossiping/22548_17.txt, time: 0.000000
/bbs/Gossiping/M.1496630948.A.65A.htmlTraceback (most recent call last):
  File "/home/studentyl/anaconda3/lib/python3.6/site-packages/requests/packages/urllib3/connectionpool.py", line 600, in urlopen
    chunked=chunked)
  File "/home/studentyl/anaconda3/lib/python3.6/site-packages/requests/packages/urllib3/connectionpool.py", line 386, in _make_request
    six.raise_from(e, None)
  File "<string>", line 2, in raise_from
  File "/home/studentyl/anaconda3/lib/python3.6/site-packages/requests/packages/urllib3/connectionpool.py", line 382, in _make_request
    httplib_response = conn.getresponse()
  File "/home/studentyl/anaconda3/lib/python3.6/http/client.py", line 1331, in getresponse
    response.begin()
  File "/home/studentyl/anaconda3/lib/python3.6/http/client.py", line 297, in begin
    version, status, reason = self._read_status()
  File "/home/studentyl/anaconda3/lib/python3.6/http/client.py", line 266, in _read_status
    raise RemoteDisconnected("Remote end closed connection without"
http.client.RemoteDisconnected: Remote end closed connection without response

During handling of the above exception, another exception occurred:

Traceback (most recent call last):
  File "/home/studentyl/anaconda3/lib/python3.6/site-packages/requests/adapters.py", line 438, in send
    timeout=timeout
  File "/home/studentyl/anaconda3/lib/python3.6/site-packages/requests/packages/urllib3/connectionpool.py", line 649, in urlopen
    _stacktrace=sys.exc_info()[2])
  File "/home/studentyl/anaconda3/lib/python3.6/site-packages/requests/packages/urllib3/util/retry.py", line 357, in increment
    raise six.reraise(type(error), error, _stacktrace)
  File "/home/studentyl/anaconda3/lib/python3.6/site-packages/requests/packages/urllib3/packages/six.py", line 685, in reraise
    raise value.with_traceback(tb)
  File "/home/studentyl/anaconda3/lib/python3.6/site-packages/requests/packages/urllib3/connectionpool.py", line 600, in urlopen
    chunked=chunked)
  File "/home/studentyl/anaconda3/lib/python3.6/site-packages/requests/packages/urllib3/connectionpool.py", line 386, in _make_request
    six.raise_from(e, None)
  File "<string>", line 2, in raise_from
  File "/home/studentyl/anaconda3/lib/python3.6/site-packages/requests/packages/urllib3/connectionpool.py", line 382, in _make_request
    httplib_response = conn.getresponse()
  File "/home/studentyl/anaconda3/lib/python3.6/http/client.py", line 1331, in getresponse
    response.begin()
  File "/home/studentyl/anaconda3/lib/python3.6/http/client.py", line 297, in begin
    version, status, reason = self._read_status()
  File "/home/studentyl/anaconda3/lib/python3.6/http/client.py", line 266, in _read_status
    raise RemoteDisconnected("Remote end closed connection without"
requests.packages.urllib3.exceptions.ProtocolError: ('Connection aborted.', RemoteDisconnected('Remote end closed connection without response',))

During handling of the above exception, another exception occurred:

Traceback (most recent call last):
  File "./crawler.py", line 177, in <module>
    main(sys.argv[1:])
  File "./crawler.py", line 158, in main
    downloadForum(forumName, startPage, pages)
  File "./crawler.py", line 140, in downloadForum
    downloadPage(str(articleCount), forumName, pageNum, 'https://www.ptt.cc'+link)
  File "./crawler.py", line 82, in downloadPage
    pageText = getPageText(link)
  File "./crawler.py", line 13, in getPageText
    pageText=requests.get(link, cookies={'over18':'1'}).text
  File "/home/studentyl/anaconda3/lib/python3.6/site-packages/requests/api.py", line 72, in get
    return request('get', url, params=params, **kwargs)
  File "/home/studentyl/anaconda3/lib/python3.6/site-packages/requests/api.py", line 58, in request
    return session.request(method=method, url=url, **kwargs)
  File "/home/studentyl/anaconda3/lib/python3.6/site-packages/requests/sessions.py", line 518, in request
    resp = self.send(prep, **send_kwargs)
  File "/home/studentyl/anaconda3/lib/python3.6/site-packages/requests/sessions.py", line 639, in send
    r = adapter.send(request, **kwargs)
  File "/home/studentyl/anaconda3/lib/python3.6/site-packages/requests/adapters.py", line 488, in send
    raise ConnectionError(err, request=request)
requests.exceptions.ConnectionError: ('Connection aborted.', RemoteDisconnected('Remote end closed connection without response',))
