page 22560
/bbs/Gossiping/M.1496637086.A.08A.html download to ptt/Gossiping/22560_0.txt, time: 4.720000
/bbs/Gossiping/M.1496637109.A.51D.html download to ptt/Gossiping/22560_1.txt, time: 4.830000
/bbs/Gossiping/M.1496637156.A.5C6.html download to ptt/Gossiping/22560_2.txt, time: 4.090000
/bbs/Gossiping/M.1496637188.A.4AD.html download to ptt/Gossiping/22560_3.txt, time: 4.460000
/bbs/Gossiping/M.1496637197.A.B69.html download to ptt/Gossiping/22560_4.txt, time: 5.810000
empty download to ptt/Gossiping/22560_5.txt, time: 0.000000
/bbs/Gossiping/M.1496637265.A.EB7.html download to ptt/Gossiping/22560_6.txt, time: 4.250000
/bbs/Gossiping/M.1496637290.A.D40.html download to ptt/Gossiping/22560_7.txt, time: 5.810000
/bbs/Gossiping/M.1496637321.A.A61.html download to ptt/Gossiping/22560_8.txt, time: 8.360000
/bbs/Gossiping/M.1496637355.A.CC9.html download to ptt/Gossiping/22560_9.txt, time: 3.860000
/bbs/Gossiping/M.1496637505.A.C7E.html download to ptt/Gossiping/22560_10.txt, time: 5.350000
/bbs/Gossiping/M.1496637531.A.2F4.html download to ptt/Gossiping/22560_11.txt, time: 3.470000
/bbs/Gossiping/M.1496637561.A.6C4.html download to ptt/Gossiping/22560_12.txt, time: 4.360000
/bbs/Gossiping/M.1496637574.A.1C0.html download to ptt/Gossiping/22560_13.txt, time: 6.590000
/bbs/Gossiping/M.1496637592.A.D2A.html download to ptt/Gossiping/22560_14.txt, time: 9.410000
/bbs/Gossiping/M.1496637697.A.266.html download to ptt/Gossiping/22560_15.txt, time: 4.040000
/bbs/Gossiping/M.1496637728.A.5A2.html download to ptt/Gossiping/22560_16.txt, time: 3.550000
/bbs/Gossiping/M.1496637802.A.07C.html download to ptt/Gossiping/22560_17.txt, time: 4.860000
/bbs/Gossiping/M.1496637819.A.130.html download to ptt/Gossiping/22560_18.txt, time: 3.580000
/bbs/Gossiping/M.1496637826.A.AB6.html download to ptt/Gossiping/22560_19.txt, time: 2.860000
page 22559
/bbs/Gossiping/M.1496636800.A.0D1.html download to ptt/Gossiping/22559_0.txt, time: 6.100000
/bbs/Gossiping/M.1496636814.A.9DA.html download to ptt/Gossiping/22559_1.txt, time: 4.090000
/bbs/Gossiping/M.1496636862.A.379.html download to ptt/Gossiping/22559_2.txt, time: 5.990000
/bbs/Gossiping/M.1496636867.A.302.html download to ptt/Gossiping/22559_3.txt, time: 6.900000
/bbs/Gossiping/M.1496636868.A.738.html download to ptt/Gossiping/22559_4.txt, time: 3.800000
/bbs/Gossiping/M.1496636898.A.FB4.html download to ptt/Gossiping/22559_5.txt, time: 3.500000
empty download to ptt/Gossiping/22559_6.txt, time: 0.000000
/bbs/Gossiping/M.1496636930.A.C29.html download to ptt/Gossiping/22559_7.txt, time: 4.170000
/bbs/Gossiping/M.1496636947.A.D52.html download to ptt/Gossiping/22559_8.txt, time: 4.320000
/bbs/Gossiping/M.1496636948.A.97B.html download to ptt/Gossiping/22559_9.txt, time: 3.260000
/bbs/Gossiping/M.1496636949.A.A24.html download to ptt/Gossiping/22559_10.txt, time: 5.110000
/bbs/Gossiping/M.1496636973.A.B06.html download to ptt/Gossiping/22559_11.txt, time: 5.140000
/bbs/Gossiping/M.1496636973.A.68A.html download to ptt/Gossiping/22559_12.txt, time: 5.880000
/bbs/Gossiping/M.1496636979.A.906.html download to ptt/Gossiping/22559_13.txt, time: 6.720000
/bbs/Gossiping/M.1496636998.A.54E.html download to ptt/Gossiping/22559_14.txt, time: 3.940000
/bbs/Gossiping/M.1496636999.A.40A.html download to ptt/Gossiping/22559_15.txt, time: 4.400000
/bbs/Gossiping/M.1496637007.A.FC8.html download to ptt/Gossiping/22559_16.txt, time: 4.000000
/bbs/Gossiping/M.1496637016.A.7E3.html download to ptt/Gossiping/22559_17.txt, time: 2.940000
/bbs/Gossiping/M.1496637046.A.D2E.html download to ptt/Gossiping/22559_18.txt, time: 4.450000
empty download to ptt/Gossiping/22559_19.txt, time: 0.000000
page 22558
/bbs/Gossiping/M.1496636234.A.514.html download to ptt/Gossiping/22558_0.txt, time: 3.760000
/bbs/Gossiping/M.1496636263.A.584.html download to ptt/Gossiping/22558_1.txt, time: 4.920000
/bbs/Gossiping/M.1496636313.A.074.html download to ptt/Gossiping/22558_2.txt, time: 5.050000
/bbs/Gossiping/M.1496636329.A.5A1.html download to ptt/Gossiping/22558_3.txt, time: 5.070000
/bbs/Gossiping/M.1496636346.A.913.html download to ptt/Gossiping/22558_4.txt, time: 6.920000
/bbs/Gossiping/M.1496636359.A.FB7.html download to ptt/Gossiping/22558_5.txt, time: 5.890000
/bbs/Gossiping/M.1496636402.A.EAA.html download to ptt/Gossiping/22558_6.txt, time: 3.960000
/bbs/Gossiping/M.1496636454.A.488.html download to ptt/Gossiping/22558_7.txt, time: 4.250000
/bbs/Gossiping/M.1496636478.A.325.html download to ptt/Gossiping/22558_8.txt, time: 5.200000
/bbs/Gossiping/M.1496636506.A.74A.html download to ptt/Gossiping/22558_9.txt, time: 4.130000
/bbs/Gossiping/M.1496636532.A.421.html download to ptt/Gossiping/22558_10.txt, time: 5.200000
/bbs/Gossiping/M.1496636536.A.460.html download to ptt/Gossiping/22558_11.txt, time: 4.320000
/bbs/Gossiping/M.1496636567.A.041.html download to ptt/Gossiping/22558_12.txt, time: 7.580000
/bbs/Gossiping/M.1496636567.A.7A4.html download to ptt/Gossiping/22558_13.txt, time: 16.110000
/bbs/Gossiping/M.1496636581.A.8D3.html download to ptt/Gossiping/22558_14.txt, time: 10.220000
empty download to ptt/Gossiping/22558_15.txt, time: 0.000000
/bbs/Gossiping/M.1496636698.A.DBE.htmlTraceback (most recent call last):
  File "/home/studentyl/anaconda3/lib/python3.6/site-packages/requests/packages/urllib3/connectionpool.py", line 600, in urlopen
    chunked=chunked)
  File "/home/studentyl/anaconda3/lib/python3.6/site-packages/requests/packages/urllib3/connectionpool.py", line 386, in _make_request
    six.raise_from(e, None)
  File "<string>", line 2, in raise_from
  File "/home/studentyl/anaconda3/lib/python3.6/site-packages/requests/packages/urllib3/connectionpool.py", line 382, in _make_request
    httplib_response = conn.getresponse()
  File "/home/studentyl/anaconda3/lib/python3.6/http/client.py", line 1331, in getresponse
    response.begin()
  File "/home/studentyl/anaconda3/lib/python3.6/http/client.py", line 297, in begin
    version, status, reason = self._read_status()
  File "/home/studentyl/anaconda3/lib/python3.6/http/client.py", line 266, in _read_status
    raise RemoteDisconnected("Remote end closed connection without"
http.client.RemoteDisconnected: Remote end closed connection without response

During handling of the above exception, another exception occurred:

Traceback (most recent call last):
  File "/home/studentyl/anaconda3/lib/python3.6/site-packages/requests/adapters.py", line 438, in send
    timeout=timeout
  File "/home/studentyl/anaconda3/lib/python3.6/site-packages/requests/packages/urllib3/connectionpool.py", line 649, in urlopen
    _stacktrace=sys.exc_info()[2])
  File "/home/studentyl/anaconda3/lib/python3.6/site-packages/requests/packages/urllib3/util/retry.py", line 357, in increment
    raise six.reraise(type(error), error, _stacktrace)
  File "/home/studentyl/anaconda3/lib/python3.6/site-packages/requests/packages/urllib3/packages/six.py", line 685, in reraise
    raise value.with_traceback(tb)
  File "/home/studentyl/anaconda3/lib/python3.6/site-packages/requests/packages/urllib3/connectionpool.py", line 600, in urlopen
    chunked=chunked)
  File "/home/studentyl/anaconda3/lib/python3.6/site-packages/requests/packages/urllib3/connectionpool.py", line 386, in _make_request
    six.raise_from(e, None)
  File "<string>", line 2, in raise_from
  File "/home/studentyl/anaconda3/lib/python3.6/site-packages/requests/packages/urllib3/connectionpool.py", line 382, in _make_request
    httplib_response = conn.getresponse()
  File "/home/studentyl/anaconda3/lib/python3.6/http/client.py", line 1331, in getresponse
    response.begin()
  File "/home/studentyl/anaconda3/lib/python3.6/http/client.py", line 297, in begin
    version, status, reason = self._read_status()
  File "/home/studentyl/anaconda3/lib/python3.6/http/client.py", line 266, in _read_status
    raise RemoteDisconnected("Remote end closed connection without"
requests.packages.urllib3.exceptions.ProtocolError: ('Connection aborted.', RemoteDisconnected('Remote end closed connection without response',))

During handling of the above exception, another exception occurred:

Traceback (most recent call last):
  File "./crawler.py", line 177, in <module>
    main(sys.argv[1:])
  File "./crawler.py", line 158, in main
    downloadForum(forumName, startPage, pages)
  File "./crawler.py", line 140, in downloadForum
    downloadPage(str(articleCount), forumName, pageNum, 'https://www.ptt.cc'+link)
  File "./crawler.py", line 82, in downloadPage
    pageText = getPageText(link)
  File "./crawler.py", line 13, in getPageText
    pageText=requests.get(link, cookies={'over18':'1'}).text
  File "/home/studentyl/anaconda3/lib/python3.6/site-packages/requests/api.py", line 72, in get
    return request('get', url, params=params, **kwargs)
  File "/home/studentyl/anaconda3/lib/python3.6/site-packages/requests/api.py", line 58, in request
    return session.request(method=method, url=url, **kwargs)
  File "/home/studentyl/anaconda3/lib/python3.6/site-packages/requests/sessions.py", line 518, in request
    resp = self.send(prep, **send_kwargs)
  File "/home/studentyl/anaconda3/lib/python3.6/site-packages/requests/sessions.py", line 639, in send
    r = adapter.send(request, **kwargs)
  File "/home/studentyl/anaconda3/lib/python3.6/site-packages/requests/adapters.py", line 488, in send
    raise ConnectionError(err, request=request)
requests.exceptions.ConnectionError: ('Connection aborted.', RemoteDisconnected('Remote end closed connection without response',))
