page 22570
/bbs/Gossiping/M.1496642896.A.A62.html download to ptt/Gossiping/22570_0.txt, time: 4.400000
/bbs/Gossiping/M.1496642952.A.966.html download to ptt/Gossiping/22570_1.txt, time: 5.000000
/bbs/Gossiping/M.1496643004.A.176.html download to ptt/Gossiping/22570_2.txt, time: 4.440000
/bbs/Gossiping/M.1496643100.A.307.html download to ptt/Gossiping/22570_3.txt, time: 4.680000
/bbs/Gossiping/M.1496643112.A.C42.html download to ptt/Gossiping/22570_4.txt, time: 4.990000
/bbs/Gossiping/M.1496643113.A.EDE.html download to ptt/Gossiping/22570_5.txt, time: 5.270000
/bbs/Gossiping/M.1496643196.A.346.html download to ptt/Gossiping/22570_6.txt, time: 5.190000
/bbs/Gossiping/M.1496643222.A.A52.html download to ptt/Gossiping/22570_7.txt, time: 4.560000
/bbs/Gossiping/M.1496643255.A.7D8.html download to ptt/Gossiping/22570_8.txt, time: 4.860000
/bbs/Gossiping/M.1496643305.A.2BE.html download to ptt/Gossiping/22570_9.txt, time: 6.280000
/bbs/Gossiping/M.1496643367.A.9C2.html download to ptt/Gossiping/22570_10.txt, time: 4.990000
/bbs/Gossiping/M.1496643403.A.6B6.html download to ptt/Gossiping/22570_11.txt, time: 6.480000
/bbs/Gossiping/M.1496643419.A.C11.html download to ptt/Gossiping/22570_12.txt, time: 3.970000
/bbs/Gossiping/M.1496643419.A.A5A.html download to ptt/Gossiping/22570_13.txt, time: 7.300000
/bbs/Gossiping/M.1496643513.A.EA8.html download to ptt/Gossiping/22570_14.txt, time: 5.740000
/bbs/Gossiping/M.1496643520.A.F07.html download to ptt/Gossiping/22570_15.txt, time: 3.320000
/bbs/Gossiping/M.1496643649.A.414.html download to ptt/Gossiping/22570_16.txt, time: 5.760000
/bbs/Gossiping/M.1496643681.A.B8E.html download to ptt/Gossiping/22570_17.txt, time: 4.140000
/bbs/Gossiping/M.1496643686.A.10A.html download to ptt/Gossiping/22570_18.txt, time: 4.680000
/bbs/Gossiping/M.1496643718.A.A2F.html download to ptt/Gossiping/22570_19.txt, time: 4.110000
page 22569
/bbs/Gossiping/M.1496642507.A.95F.html download to ptt/Gossiping/22569_0.txt, time: 6.020000
/bbs/Gossiping/M.1496642512.A.749.html download to ptt/Gossiping/22569_1.txt, time: 4.190000
/bbs/Gossiping/M.1496642545.A.A12.html download to ptt/Gossiping/22569_2.txt, time: 6.460000
/bbs/Gossiping/M.1496642562.A.C5C.html download to ptt/Gossiping/22569_3.txt, time: 5.300000
empty download to ptt/Gossiping/22569_4.txt, time: 0.000000
/bbs/Gossiping/M.1496642576.A.6FB.html download to ptt/Gossiping/22569_5.txt, time: 5.460000
/bbs/Gossiping/M.1496642579.A.E4C.html download to ptt/Gossiping/22569_6.txt, time: 5.040000
/bbs/Gossiping/M.1496642579.A.E48.html download to ptt/Gossiping/22569_7.txt, time: 3.200000
/bbs/Gossiping/M.1496642603.A.261.html download to ptt/Gossiping/22569_8.txt, time: 4.600000
/bbs/Gossiping/M.1496642619.A.59C.html download to ptt/Gossiping/22569_9.txt, time: 3.260000
empty download to ptt/Gossiping/22569_10.txt, time: 0.000000
/bbs/Gossiping/M.1496642635.A.08B.html download to ptt/Gossiping/22569_11.txt, time: 4.010000
/bbs/Gossiping/M.1496642641.A.6F0.html download to ptt/Gossiping/22569_12.txt, time: 3.870000
/bbs/Gossiping/M.1496642770.A.9BA.html download to ptt/Gossiping/22569_13.txt, time: 4.110000
/bbs/Gossiping/M.1496642803.A.2AB.html download to ptt/Gossiping/22569_14.txt, time: 4.930000
/bbs/Gossiping/M.1496642830.A.7D8.html download to ptt/Gossiping/22569_15.txt, time: 4.050000
/bbs/Gossiping/M.1496642843.A.8C7.html download to ptt/Gossiping/22569_16.txt, time: 4.050000
/bbs/Gossiping/M.1496642862.A.B19.html download to ptt/Gossiping/22569_17.txt, time: 5.070000
/bbs/Gossiping/M.1496642870.A.A72.html download to ptt/Gossiping/22569_18.txt, time: 3.930000
/bbs/Gossiping/M.1496642895.A.7DA.html download to ptt/Gossiping/22569_19.txt, time: 4.090000
page 22568
/bbs/Gossiping/M.1496641745.A.216.html download to ptt/Gossiping/22568_0.txt, time: 5.510000
/bbs/Gossiping/M.1496641746.A.FF3.html download to ptt/Gossiping/22568_1.txt, time: 5.600000
/bbs/Gossiping/M.1496641843.A.754.html download to ptt/Gossiping/22568_2.txt, time: 5.500000
/bbs/Gossiping/M.1496641861.A.67D.html download to ptt/Gossiping/22568_3.txt, time: 3.520000
/bbs/Gossiping/M.1496641883.A.35E.html download to ptt/Gossiping/22568_4.txt, time: 5.230000
/bbs/Gossiping/M.1496641941.A.256.html download to ptt/Gossiping/22568_5.txt, time: 4.540000
/bbs/Gossiping/M.1496641958.A.922.html download to ptt/Gossiping/22568_6.txt, time: 5.840000
/bbs/Gossiping/M.1496641965.A.308.html download to ptt/Gossiping/22568_7.txt, time: 4.370000
/bbs/Gossiping/M.1496641973.A.48F.html download to ptt/Gossiping/22568_8.txt, time: 4.250000
/bbs/Gossiping/M.1496642015.A.2F1.html download to ptt/Gossiping/22568_9.txt, time: 7.970000
/bbs/Gossiping/M.1496642067.A.31D.html download to ptt/Gossiping/22568_10.txt, time: 11.940000
/bbs/Gossiping/M.1496642159.A.461.html download to ptt/Gossiping/22568_11.txt, time: 8.650000
/bbs/Gossiping/M.1496642245.A.536.html download to ptt/Gossiping/22568_12.txt, time: 8.410000
/bbs/Gossiping/M.1496642267.A.5CD.html download to ptt/Gossiping/22568_13.txt, time: 3.190000
/bbs/Gossiping/M.1496642308.A.AE5.html download to ptt/Gossiping/22568_14.txt, time: 5.840000
/bbs/Gossiping/M.1496642372.A.9F1.html download to ptt/Gossiping/22568_15.txt, time: 7.020000
/bbs/Gossiping/M.1496642401.A.B8D.html download to ptt/Gossiping/22568_16.txt, time: 10.920000
/bbs/Gossiping/M.1496642433.A.552.html download to ptt/Gossiping/22568_17.txt, time: 15.010000
/bbs/Gossiping/M.1496642495.A.429.html download to ptt/Gossiping/22568_18.txt, time: 5.140000
/bbs/Gossiping/M.1496642500.A.611.html download to ptt/Gossiping/22568_19.txt, time: 4.800000
page 22567
/bbs/Gossiping/M.1496641125.A.63F.html download to ptt/Gossiping/22567_0.txt, time: 5.490000
/bbs/Gossiping/M.1496641135.A.987.html download to ptt/Gossiping/22567_1.txt, time: 4.250000
/bbs/Gossiping/M.1496641195.A.E56.html download to ptt/Gossiping/22567_2.txt, time: 6.700000
/bbs/Gossiping/M.1496641302.A.6B6.html download to ptt/Gossiping/22567_3.txt, time: 13.300000
/bbs/Gossiping/M.1496641341.A.4C5.html download to ptt/Gossiping/22567_4.txt, time: 4.230000
/bbs/Gossiping/M.1496641395.A.02B.html download to ptt/Gossiping/22567_5.txt, time: 4.320000
/bbs/Gossiping/M.1496641407.A.BE4.html download to ptt/Gossiping/22567_6.txt, time: 3.810000
/bbs/Gossiping/M.1496641431.A.8C6.html download to ptt/Gossiping/22567_7.txt, time: 3.910000
/bbs/Gossiping/M.1496641442.A.7BC.html download to ptt/Gossiping/22567_8.txt, time: 3.400000
/bbs/Gossiping/M.1496641448.A.723.html download to ptt/Gossiping/22567_9.txt, time: 3.700000
/bbs/Gossiping/M.1496641448.A.1D0.html download to ptt/Gossiping/22567_10.txt, time: 3.940000
/bbs/Gossiping/M.1496641455.A.5E6.html download to ptt/Gossiping/22567_11.txt, time: 3.410000
/bbs/Gossiping/M.1496641465.A.91C.html download to ptt/Gossiping/22567_12.txt, time: 5.010000
/bbs/Gossiping/M.1496641513.A.56B.html download to ptt/Gossiping/22567_13.txt, time: 3.600000
empty download to ptt/Gossiping/22567_14.txt, time: 0.000000
/bbs/Gossiping/M.1496641575.A.15E.html download to ptt/Gossiping/22567_15.txt, time: 6.220000
empty download to ptt/Gossiping/22567_16.txt, time: 0.000000
/bbs/Gossiping/M.1496641674.A.743.html download to ptt/Gossiping/22567_17.txt, time: 4.020000
/bbs/Gossiping/M.1496641686.A.933.html download to ptt/Gossiping/22567_18.txt, time: 4.960000
/bbs/Gossiping/M.1496641691.A.2C0.html download to ptt/Gossiping/22567_19.txt, time: 3.820000
page 22566
empty download to ptt/Gossiping/22566_0.txt, time: 0.000000
/bbs/Gossiping/M.1496640454.A.3B1.html download to ptt/Gossiping/22566_1.txt, time: 3.220000
/bbs/Gossiping/M.1496640489.A.2B2.html download to ptt/Gossiping/22566_2.txt, time: 4.910000
/bbs/Gossiping/M.1496640504.A.DD3.html download to ptt/Gossiping/22566_3.txt, time: 3.470000
/bbs/Gossiping/M.1496640539.A.55A.html download to ptt/Gossiping/22566_4.txt, time: 4.200000
/bbs/Gossiping/M.1496640557.A.BF6.html download to ptt/Gossiping/22566_5.txt, time: 4.140000
/bbs/Gossiping/M.1496640560.A.402.html download to ptt/Gossiping/22566_6.txt, time: 3.630000
empty download to ptt/Gossiping/22566_7.txt, time: 0.000000
/bbs/Gossiping/M.1496640625.A.000.html download to ptt/Gossiping/22566_8.txt, time: 6.740000
/bbs/Gossiping/M.1496640657.A.238.html download to ptt/Gossiping/22566_9.txt, time: 3.290000
/bbs/Gossiping/M.1496640677.A.D73.html download to ptt/Gossiping/22566_10.txt, time: 4.310000
/bbs/Gossiping/M.1496640704.A.E8C.html download to ptt/Gossiping/22566_11.txt, time: 4.730000
/bbs/Gossiping/M.1496640756.A.4A1.html download to ptt/Gossiping/22566_12.txt, time: 4.200000
/bbs/Gossiping/M.1496640767.A.3DC.html download to ptt/Gossiping/22566_13.txt, time: 4.310000
/bbs/Gossiping/M.1496640849.A.F74.html download to ptt/Gossiping/22566_14.txt, time: 4.020000
/bbs/Gossiping/M.1496640913.A.9E4.html download to ptt/Gossiping/22566_15.txt, time: 4.200000
/bbs/Gossiping/M.1496640960.A.7ED.html download to ptt/Gossiping/22566_16.txt, time: 3.730000
/bbs/Gossiping/M.1496640961.A.323.html download to ptt/Gossiping/22566_17.txt, time: 3.330000
/bbs/Gossiping/M.1496641035.A.CA4.html download to ptt/Gossiping/22566_18.txt, time: 3.510000
/bbs/Gossiping/M.1496641076.A.BFF.html download to ptt/Gossiping/22566_19.txt, time: 4.290000
time: 540.496988773346 seconds
