page 22580
/bbs/Gossiping/M.1496648889.A.F5C.html download to ptt/Gossiping/22580_0.txt, time: 5.080000
/bbs/Gossiping/M.1496648896.A.488.html download to ptt/Gossiping/22580_1.txt, time: 5.600000
/bbs/Gossiping/M.1496648936.A.632.html download to ptt/Gossiping/22580_2.txt, time: 5.200000
/bbs/Gossiping/M.1496648938.A.6E1.html download to ptt/Gossiping/22580_3.txt, time: 4.300000
/bbs/Gossiping/M.1496648980.A.066.html download to ptt/Gossiping/22580_4.txt, time: 5.620000
/bbs/Gossiping/M.1496649001.A.C2B.html download to ptt/Gossiping/22580_5.txt, time: 6.410000
/bbs/Gossiping/M.1496649059.A.0A8.html download to ptt/Gossiping/22580_6.txt, time: 5.390000
/bbs/Gossiping/M.1496649099.A.57E.html download to ptt/Gossiping/22580_7.txt, time: 4.970000
/bbs/Gossiping/M.1496649105.A.A50.html download to ptt/Gossiping/22580_8.txt, time: 6.840000
/bbs/Gossiping/M.1496649146.A.764.html download to ptt/Gossiping/22580_9.txt, time: 9.140000
/bbs/Gossiping/M.1496649152.A.CA9.html download to ptt/Gossiping/22580_10.txt, time: 4.800000
/bbs/Gossiping/M.1496649181.A.938.html download to ptt/Gossiping/22580_11.txt, time: 4.800000
/bbs/Gossiping/M.1496649201.A.0C0.html download to ptt/Gossiping/22580_12.txt, time: 5.280000
/bbs/Gossiping/M.1496649268.A.487.html download to ptt/Gossiping/22580_13.txt, time: 4.320000
/bbs/Gossiping/M.1496649271.A.237.html download to ptt/Gossiping/22580_14.txt, time: 4.700000
/bbs/Gossiping/M.1496649316.A.163.html download to ptt/Gossiping/22580_15.txt, time: 6.170000
/bbs/Gossiping/M.1496649339.A.EC9.html download to ptt/Gossiping/22580_16.txt, time: 6.610000
/bbs/Gossiping/M.1496649348.A.B03.html download to ptt/Gossiping/22580_17.txt, time: 4.520000
/bbs/Gossiping/M.1496649368.A.EDA.html download to ptt/Gossiping/22580_18.txt, time: 4.810000
/bbs/Gossiping/M.1496649449.A.FC7.html download to ptt/Gossiping/22580_19.txt, time: 3.960000
page 22579
/bbs/Gossiping/M.1496648412.A.88E.html download to ptt/Gossiping/22579_0.txt, time: 3.620000
/bbs/Gossiping/M.1496648441.A.522.html download to ptt/Gossiping/22579_1.txt, time: 3.810000
/bbs/Gossiping/M.1496648443.A.C4A.html download to ptt/Gossiping/22579_2.txt, time: 6.250000
/bbs/Gossiping/M.1496648475.A.7F1.html download to ptt/Gossiping/22579_3.txt, time: 5.210000
/bbs/Gossiping/M.1496648512.A.671.html download to ptt/Gossiping/22579_4.txt, time: 3.200000
/bbs/Gossiping/M.1496648515.A.3F6.html download to ptt/Gossiping/22579_5.txt, time: 5.080000
/bbs/Gossiping/M.1496648529.A.9BE.html download to ptt/Gossiping/22579_6.txt, time: 4.170000
/bbs/Gossiping/M.1496648575.A.E2F.html download to ptt/Gossiping/22579_7.txt, time: 5.790000
/bbs/Gossiping/M.1496648592.A.69F.html download to ptt/Gossiping/22579_8.txt, time: 4.680000
/bbs/Gossiping/M.1496648608.A.9C7.html download to ptt/Gossiping/22579_9.txt, time: 4.060000
/bbs/Gossiping/M.1496648645.A.752.html download to ptt/Gossiping/22579_10.txt, time: 6.390000
/bbs/Gossiping/M.1496648655.A.E77.html download to ptt/Gossiping/22579_11.txt, time: 5.050000
/bbs/Gossiping/M.1496648701.A.362.html download to ptt/Gossiping/22579_12.txt, time: 6.420000
/bbs/Gossiping/M.1496648708.A.0BB.html download to ptt/Gossiping/22579_13.txt, time: 4.960000
/bbs/Gossiping/M.1496648759.A.584.html download to ptt/Gossiping/22579_14.txt, time: 6.650000
/bbs/Gossiping/M.1496648759.A.08C.html download to ptt/Gossiping/22579_15.txt, time: 3.370000
/bbs/Gossiping/M.1496648826.A.243.html download to ptt/Gossiping/22579_16.txt, time: 5.170000
empty download to ptt/Gossiping/22579_17.txt, time: 0.000000
/bbs/Gossiping/M.1496648870.A.4D1.html download to ptt/Gossiping/22579_18.txt, time: 6.390000
/bbs/Gossiping/M.1496648876.A.573.html download to ptt/Gossiping/22579_19.txt, time: 6.280000
page 22578
/bbs/Gossiping/M.1496647744.A.E8D.html download to ptt/Gossiping/22578_0.txt, time: 5.100000
/bbs/Gossiping/M.1496647764.A.90D.html download to ptt/Gossiping/22578_1.txt, time: 6.900000
/bbs/Gossiping/M.1496647806.A.F45.html download to ptt/Gossiping/22578_2.txt, time: 10.790000
/bbs/Gossiping/M.1496647849.A.CDC.html download to ptt/Gossiping/22578_3.txt, time: 7.430000
/bbs/Gossiping/M.1496647909.A.EB8.html download to ptt/Gossiping/22578_4.txt, time: 7.130000
/bbs/Gossiping/M.1496647914.A.36E.html download to ptt/Gossiping/22578_5.txt, time: 7.050000
/bbs/Gossiping/M.1496647947.A.084.html download to ptt/Gossiping/22578_6.txt, time: 7.230000
/bbs/Gossiping/M.1496647984.A.74A.html download to ptt/Gossiping/22578_7.txt, time: 6.770000
/bbs/Gossiping/M.1496647996.A.A6F.html download to ptt/Gossiping/22578_8.txt, time: 8.600000
/bbs/Gossiping/M.1496647998.A.6A3.html download to ptt/Gossiping/22578_9.txt, time: 5.710000
/bbs/Gossiping/M.1496648042.A.40C.html download to ptt/Gossiping/22578_10.txt, time: 4.330000
/bbs/Gossiping/M.1496648045.A.99F.html download to ptt/Gossiping/22578_11.txt, time: 7.770000
/bbs/Gossiping/M.1496648152.A.28E.html download to ptt/Gossiping/22578_12.txt, time: 5.710000
/bbs/Gossiping/M.1496648178.A.B8B.html download to ptt/Gossiping/22578_13.txt, time: 9.190000
empty download to ptt/Gossiping/22578_14.txt, time: 0.000000
/bbs/Gossiping/M.1496648219.A.2EA.html download to ptt/Gossiping/22578_15.txt, time: 5.800000
/bbs/Gossiping/M.1496648226.A.A88.html download to ptt/Gossiping/22578_16.txt, time: 6.410000
/bbs/Gossiping/M.1496648338.A.D1E.html download to ptt/Gossiping/22578_17.txt, time: 5.060000
/bbs/Gossiping/M.1496648390.A.737.html download to ptt/Gossiping/22578_18.txt, time: 3.890000
/bbs/Gossiping/M.1496648402.A.5C8.html download to ptt/Gossiping/22578_19.txt, time: 4.330000
page 22577
/bbs/Gossiping/M.1496647350.A.5D2.html download to ptt/Gossiping/22577_0.txt, time: 5.710000
/bbs/Gossiping/M.1496647364.A.AD3.html download to ptt/Gossiping/22577_1.txt, time: 4.760000
empty download to ptt/Gossiping/22577_2.txt, time: 0.000000
/bbs/Gossiping/M.1496647405.A.0E0.html download to ptt/Gossiping/22577_3.txt, time: 3.420000
/bbs/Gossiping/M.1496647423.A.F33.html download to ptt/Gossiping/22577_4.txt, time: 4.340000
/bbs/Gossiping/M.1496647432.A.F4C.html download to ptt/Gossiping/22577_5.txt, time: 3.450000
/bbs/Gossiping/M.1496647451.A.EDA.html download to ptt/Gossiping/22577_6.txt, time: 3.310000
/bbs/Gossiping/M.1496647498.A.858.html download to ptt/Gossiping/22577_7.txt, time: 4.660000
/bbs/Gossiping/M.1496647502.A.E52.html download to ptt/Gossiping/22577_8.txt, time: 4.620000
/bbs/Gossiping/M.1496647576.A.61C.html download to ptt/Gossiping/22577_9.txt, time: 5.780000
/bbs/Gossiping/M.1496647603.A.68B.html download to ptt/Gossiping/22577_10.txt, time: 4.010000
/bbs/Gossiping/M.1496647605.A.4DA.html download to ptt/Gossiping/22577_11.txt, time: 3.860000
/bbs/Gossiping/M.1496647607.A.676.html download to ptt/Gossiping/22577_12.txt, time: 3.180000
/bbs/Gossiping/M.1496647635.A.17D.html download to ptt/Gossiping/22577_13.txt, time: 4.340000
/bbs/Gossiping/M.1496647650.A.7A8.html download to ptt/Gossiping/22577_14.txt, time: 5.840000
/bbs/Gossiping/M.1496647673.A.E99.html download to ptt/Gossiping/22577_15.txt, time: 4.190000
/bbs/Gossiping/M.1496647687.A.CC2.html download to ptt/Gossiping/22577_16.txt, time: 2.720000
/bbs/Gossiping/M.1496647688.A.0DE.html download to ptt/Gossiping/22577_17.txt, time: 3.900000
empty download to ptt/Gossiping/22577_18.txt, time: 0.000000
/bbs/Gossiping/M.1496647695.A.609.html download to ptt/Gossiping/22577_19.txt, time: 3.250000
page 22576
empty download to ptt/Gossiping/22576_0.txt, time: 0.000000
/bbs/Gossiping/M.1496646777.A.24A.html download to ptt/Gossiping/22576_1.txt, time: 3.290000
/bbs/Gossiping/M.1496646792.A.648.html download to ptt/Gossiping/22576_2.txt, time: 5.290000
/bbs/Gossiping/M.1496646792.A.1EB.html download to ptt/Gossiping/22576_3.txt, time: 4.070000
/bbs/Gossiping/M.1496646810.A.D9F.html download to ptt/Gossiping/22576_4.txt, time: 7.370000
/bbs/Gossiping/M.1496646814.A.5E0.html download to ptt/Gossiping/22576_5.txt, time: 5.470000
/bbs/Gossiping/M.1496646858.A.BD4.html download to ptt/Gossiping/22576_6.txt, time: 6.490000
/bbs/Gossiping/M.1496646860.A.01F.html download to ptt/Gossiping/22576_7.txt, time: 4.010000
empty download to ptt/Gossiping/22576_8.txt, time: 0.000000
/bbs/Gossiping/M.1496646895.A.904.html download to ptt/Gossiping/22576_9.txt, time: 5.060000
/bbs/Gossiping/M.1496646930.A.96D.html download to ptt/Gossiping/22576_10.txt, time: 2.490000
/bbs/Gossiping/M.1496646995.A.F37.html download to ptt/Gossiping/22576_11.txt, time: 4.480000
/bbs/Gossiping/M.1496647040.A.16F.html download to ptt/Gossiping/22576_12.txt, time: 5.940000
/bbs/Gossiping/M.1496647129.A.DF1.html download to ptt/Gossiping/22576_13.txt, time: 3.640000
/bbs/Gossiping/M.1496647240.A.965.html download to ptt/Gossiping/22576_14.txt, time: 2.720000
/bbs/Gossiping/M.1496647253.A.F76.html download to ptt/Gossiping/22576_15.txt, time: 3.820000
/bbs/Gossiping/M.1496647257.A.D6F.html download to ptt/Gossiping/22576_16.txt, time: 3.500000
/bbs/Gossiping/M.1496647277.A.8C7.html download to ptt/Gossiping/22576_17.txt, time: 3.960000
/bbs/Gossiping/M.1496647329.A.755.html download to ptt/Gossiping/22576_18.txt, time: 4.050000
/bbs/Gossiping/M.1496647335.A.D5D.html download to ptt/Gossiping/22576_19.txt, time: 4.480000
time: 540.2926239967346 seconds
