page 22590
/bbs/Gossiping/M.1496654246.A.E77.html download to ptt/Gossiping/22590_0.txt, time: 5.200000
/bbs/Gossiping/M.1496654311.A.356.html download to ptt/Gossiping/22590_1.txt, time: 5.080000
/bbs/Gossiping/M.1496654458.A.7D3.html download to ptt/Gossiping/22590_2.txt, time: 4.110000
/bbs/Gossiping/M.1496654470.A.A8A.html download to ptt/Gossiping/22590_3.txt, time: 5.190000
/bbs/Gossiping/M.1496654503.A.188.html download to ptt/Gossiping/22590_4.txt, time: 6.180000
/bbs/Gossiping/M.1496654512.A.68E.html download to ptt/Gossiping/22590_5.txt, time: 5.360000
/bbs/Gossiping/M.1496654531.A.E17.html download to ptt/Gossiping/22590_6.txt, time: 7.240000
empty download to ptt/Gossiping/22590_7.txt, time: 0.000000
/bbs/Gossiping/M.1496654579.A.813.html download to ptt/Gossiping/22590_8.txt, time: 5.710000
/bbs/Gossiping/M.1496654601.A.C7F.html download to ptt/Gossiping/22590_9.txt, time: 3.520000
/bbs/Gossiping/M.1496654623.A.5B6.html download to ptt/Gossiping/22590_10.txt, time: 3.680000
/bbs/Gossiping/M.1496654774.A.46A.html download to ptt/Gossiping/22590_11.txt, time: 3.790000
/bbs/Gossiping/M.1496654795.A.148.html download to ptt/Gossiping/22590_12.txt, time: 4.580000
/bbs/Gossiping/M.1496654870.A.695.html download to ptt/Gossiping/22590_13.txt, time: 3.970000
/bbs/Gossiping/M.1496654888.A.7D8.html download to ptt/Gossiping/22590_14.txt, time: 7.770000
/bbs/Gossiping/M.1496654890.A.03D.html download to ptt/Gossiping/22590_15.txt, time: 4.690000
/bbs/Gossiping/M.1496654891.A.800.html download to ptt/Gossiping/22590_16.txt, time: 5.190000
/bbs/Gossiping/M.1496654900.A.781.html download to ptt/Gossiping/22590_17.txt, time: 4.310000
/bbs/Gossiping/M.1496654948.A.6A6.html download to ptt/Gossiping/22590_18.txt, time: 4.800000
/bbs/Gossiping/M.1496654983.A.3FA.html download to ptt/Gossiping/22590_19.txt, time: 4.420000
page 22589
/bbs/Gossiping/M.1496653759.A.623.html download to ptt/Gossiping/22589_0.txt, time: 4.370000
/bbs/Gossiping/M.1496653776.A.2B7.html download to ptt/Gossiping/22589_1.txt, time: 5.510000
/bbs/Gossiping/M.1496653812.A.4EF.html download to ptt/Gossiping/22589_2.txt, time: 3.870000
/bbs/Gossiping/M.1496653816.A.107.html download to ptt/Gossiping/22589_3.txt, time: 5.550000
/bbs/Gossiping/M.1496653833.A.F90.html download to ptt/Gossiping/22589_4.txt, time: 5.180000
/bbs/Gossiping/M.1496653864.A.AF2.html download to ptt/Gossiping/22589_5.txt, time: 4.840000
empty download to ptt/Gossiping/22589_6.txt, time: 0.000000
/bbs/Gossiping/M.1496653903.A.E6B.html download to ptt/Gossiping/22589_7.txt, time: 3.340000
/bbs/Gossiping/M.1496653908.A.D7D.html download to ptt/Gossiping/22589_8.txt, time: 4.990000
/bbs/Gossiping/M.1496653918.A.4F8.html download to ptt/Gossiping/22589_9.txt, time: 4.040000
/bbs/Gossiping/M.1496653926.A.4B2.html download to ptt/Gossiping/22589_10.txt, time: 4.990000
/bbs/Gossiping/M.1496653957.A.76A.html download to ptt/Gossiping/22589_11.txt, time: 5.320000
/bbs/Gossiping/M.1496653986.A.54A.html download to ptt/Gossiping/22589_12.txt, time: 4.470000
/bbs/Gossiping/M.1496654004.A.1A5.html download to ptt/Gossiping/22589_13.txt, time: 6.740000
/bbs/Gossiping/M.1496654005.A.671.html download to ptt/Gossiping/22589_14.txt, time: 5.830000
/bbs/Gossiping/M.1496654036.A.FB6.html download to ptt/Gossiping/22589_15.txt, time: 5.140000
/bbs/Gossiping/M.1496654055.A.A93.html download to ptt/Gossiping/22589_16.txt, time: 3.910000
/bbs/Gossiping/M.1496654063.A.562.html download to ptt/Gossiping/22589_17.txt, time: 4.980000
/bbs/Gossiping/M.1496654069.A.D47.html download to ptt/Gossiping/22589_18.txt, time: 6.060000
empty download to ptt/Gossiping/22589_19.txt, time: 0.000000
page 22588
/bbs/Gossiping/M.1496653245.A.D33.html download to ptt/Gossiping/22588_0.txt, time: 3.810000
/bbs/Gossiping/M.1496653258.A.1B9.html download to ptt/Gossiping/22588_1.txt, time: 4.410000
/bbs/Gossiping/M.1496653262.A.CA7.html download to ptt/Gossiping/22588_2.txt, time: 5.410000
/bbs/Gossiping/M.1496653276.A.04F.html download to ptt/Gossiping/22588_3.txt, time: 4.700000
/bbs/Gossiping/M.1496653278.A.90E.html download to ptt/Gossiping/22588_4.txt, time: 13.120000
/bbs/Gossiping/M.1496653291.A.CA4.html download to ptt/Gossiping/22588_5.txt, time: 11.380000
/bbs/Gossiping/M.1496653314.A.A49.html download to ptt/Gossiping/22588_6.txt, time: 7.950000
/bbs/Gossiping/M.1496653347.A.F68.html download to ptt/Gossiping/22588_7.txt, time: 4.150000
/bbs/Gossiping/M.1496653407.A.648.html download to ptt/Gossiping/22588_8.txt, time: 3.700000
/bbs/Gossiping/M.1496653471.A.56D.html download to ptt/Gossiping/22588_9.txt, time: 8.650000
/bbs/Gossiping/M.1496653490.A.612.html download to ptt/Gossiping/22588_10.txt, time: 4.330000
/bbs/Gossiping/M.1496653524.A.175.html download to ptt/Gossiping/22588_11.txt, time: 5.870000
/bbs/Gossiping/M.1496653578.A.C72.html download to ptt/Gossiping/22588_12.txt, time: 4.960000
/bbs/Gossiping/M.1496653592.A.6F8.html download to ptt/Gossiping/22588_13.txt, time: 11.270000
/bbs/Gossiping/M.1496653619.A.E40.html download to ptt/Gossiping/22588_14.txt, time: 4.040000
/bbs/Gossiping/M.1496653625.A.D44.html download to ptt/Gossiping/22588_15.txt, time: 7.080000
/bbs/Gossiping/M.1496653657.A.BAC.html download to ptt/Gossiping/22588_16.txt, time: 4.780000
/bbs/Gossiping/M.1496653722.A.9B8.html download to ptt/Gossiping/22588_17.txt, time: 17.560000
/bbs/Gossiping/M.1496653736.A.3A7.html download to ptt/Gossiping/22588_18.txt, time: 3.590000
/bbs/Gossiping/M.1496653750.A.FC9.html download to ptt/Gossiping/22588_19.txt, time: 4.670000
page 22587
/bbs/Gossiping/M.1496652715.A.000.html download to ptt/Gossiping/22587_0.txt, time: 3.520000
/bbs/Gossiping/M.1496652730.A.8F8.html download to ptt/Gossiping/22587_1.txt, time: 3.940000
/bbs/Gossiping/M.1496652784.A.529.html download to ptt/Gossiping/22587_2.txt, time: 3.200000
/bbs/Gossiping/M.1496652804.A.EFF.html download to ptt/Gossiping/22587_3.txt, time: 4.170000
empty download to ptt/Gossiping/22587_4.txt, time: 0.000000
/bbs/Gossiping/M.1496652840.A.E92.html download to ptt/Gossiping/22587_5.txt, time: 3.710000
/bbs/Gossiping/M.1496652852.A.02F.html download to ptt/Gossiping/22587_6.txt, time: 3.260000
/bbs/Gossiping/M.1496652930.A.B19.html download to ptt/Gossiping/22587_7.txt, time: 2.510000
/bbs/Gossiping/M.1496652945.A.A99.html download to ptt/Gossiping/22587_8.txt, time: 3.770000
/bbs/Gossiping/M.1496652958.A.900.html download to ptt/Gossiping/22587_9.txt, time: 3.540000
/bbs/Gossiping/M.1496652959.A.921.html download to ptt/Gossiping/22587_10.txt, time: 4.810000
/bbs/Gossiping/M.1496652959.A.06B.html download to ptt/Gossiping/22587_11.txt, time: 3.150000
/bbs/Gossiping/M.1496652989.A.696.html download to ptt/Gossiping/22587_12.txt, time: 5.380000
/bbs/Gossiping/M.1496652997.A.593.html download to ptt/Gossiping/22587_13.txt, time: 3.470000
/bbs/Gossiping/M.1496653093.A.506.html download to ptt/Gossiping/22587_14.txt, time: 3.630000
/bbs/Gossiping/M.1496653101.A.014.html download to ptt/Gossiping/22587_15.txt, time: 3.620000
/bbs/Gossiping/M.1496653129.A.A30.html download to ptt/Gossiping/22587_16.txt, time: 4.890000
/bbs/Gossiping/M.1496653156.A.663.html download to ptt/Gossiping/22587_17.txt, time: 5.080000
/bbs/Gossiping/M.1496653189.A.F10.html download to ptt/Gossiping/22587_18.txt, time: 3.810000
/bbs/Gossiping/M.1496653237.A.91B.html download to ptt/Gossiping/22587_19.txt, time: 3.940000
page 22586
/bbs/Gossiping/M.1496652014.A.5BF.html download to ptt/Gossiping/22586_0.txt, time: 7.680000
/bbs/Gossiping/M.1496652023.A.056.html download to ptt/Gossiping/22586_1.txt, time: 4.040000
/bbs/Gossiping/M.1496652079.A.3E9.html download to ptt/Gossiping/22586_2.txt, time: 3.970000
/bbs/Gossiping/M.1496652079.A.4DA.html download to ptt/Gossiping/22586_3.txt, time: 3.970000
empty download to ptt/Gossiping/22586_4.txt, time: 0.000000
/bbs/Gossiping/M.1496652223.A.289.html download to ptt/Gossiping/22586_5.txt, time: 3.360000
/bbs/Gossiping/M.1496652294.A.C7A.html download to ptt/Gossiping/22586_6.txt, time: 2.460000
/bbs/Gossiping/M.1496652301.A.D9B.html download to ptt/Gossiping/22586_7.txt, time: 3.150000
/bbs/Gossiping/M.1496652308.A.E53.html download to ptt/Gossiping/22586_8.txt, time: 3.530000
/bbs/Gossiping/M.1496652322.A.165.html download to ptt/Gossiping/22586_9.txt, time: 4.210000
/bbs/Gossiping/M.1496652373.A.3B7.html download to ptt/Gossiping/22586_10.txt, time: 3.790000
/bbs/Gossiping/M.1496652396.A.1A8.html download to ptt/Gossiping/22586_11.txt, time: 4.990000
/bbs/Gossiping/M.1496652404.A.DB2.html download to ptt/Gossiping/22586_12.txt, time: 4.410000
/bbs/Gossiping/M.1496652464.A.D6B.html download to ptt/Gossiping/22586_13.txt, time: 3.910000
empty download to ptt/Gossiping/22586_14.txt, time: 0.000000
/bbs/Gossiping/M.1496652548.A.AC1.html download to ptt/Gossiping/22586_15.txt, time: 5.880000
/bbs/Gossiping/M.1496652561.A.AD0.html download to ptt/Gossiping/22586_16.txt, time: 3.900000
/bbs/Gossiping/M.1496652685.A.8C3.html download to ptt/Gossiping/22586_17.txt, time: 3.820000
/bbs/Gossiping/M.1496652690.A.108.html download to ptt/Gossiping/22586_18.txt, time: 2.100000
empty download to ptt/Gossiping/22586_19.txt, time: 0.000000
time: 520.5432331562042 seconds
