page 22600
/bbs/Gossiping/M.1496660033.A.11D.html download to ptt/Gossiping/22600_0.txt, time: 4.480000
/bbs/Gossiping/M.1496660043.A.52C.html download to ptt/Gossiping/22600_1.txt, time: 5.430000
/bbs/Gossiping/M.1496660095.A.F9E.html download to ptt/Gossiping/22600_2.txt, time: 5.350000
/bbs/Gossiping/M.1496660101.A.F30.html download to ptt/Gossiping/22600_3.txt, time: 6.130000
/bbs/Gossiping/M.1496660207.A.D85.html download to ptt/Gossiping/22600_4.txt, time: 2.620000
/bbs/Gossiping/M.1496660217.A.D40.html download to ptt/Gossiping/22600_5.txt, time: 5.480000
/bbs/Gossiping/M.1496660221.A.EC9.html download to ptt/Gossiping/22600_6.txt, time: 4.820000
/bbs/Gossiping/M.1496660246.A.D0F.html download to ptt/Gossiping/22600_7.txt, time: 6.950000
/bbs/Gossiping/M.1496660254.A.57E.html download to ptt/Gossiping/22600_8.txt, time: 8.260000
empty download to ptt/Gossiping/22600_9.txt, time: 0.000000
/bbs/Gossiping/M.1496660300.A.E2F.html download to ptt/Gossiping/22600_10.txt, time: 2.910000
/bbs/Gossiping/M.1496660318.A.058.html download to ptt/Gossiping/22600_11.txt, time: 4.040000
/bbs/Gossiping/M.1496660400.A.991.html download to ptt/Gossiping/22600_12.txt, time: 5.790000
/bbs/Gossiping/M.1496660403.A.420.html download to ptt/Gossiping/22600_13.txt, time: 4.330000
empty download to ptt/Gossiping/22600_14.txt, time: 0.000000
/bbs/Gossiping/M.1496660411.A.654.html download to ptt/Gossiping/22600_15.txt, time: 5.260000
/bbs/Gossiping/M.1496660432.A.C28.html download to ptt/Gossiping/22600_16.txt, time: 9.290000
/bbs/Gossiping/M.1496660448.A.5BC.html download to ptt/Gossiping/22600_17.txt, time: 5.390000
/bbs/Gossiping/M.1496660457.A.3AF.html download to ptt/Gossiping/22600_18.txt, time: 4.580000
/bbs/Gossiping/M.1496660466.A.2CB.html download to ptt/Gossiping/22600_19.txt, time: 3.920000
page 22599
/bbs/Gossiping/M.1496659507.A.65B.html download to ptt/Gossiping/22599_0.txt, time: 3.520000
/bbs/Gossiping/M.1496659516.A.1F2.html download to ptt/Gossiping/22599_1.txt, time: 4.300000
/bbs/Gossiping/M.1496659519.A.485.html download to ptt/Gossiping/22599_2.txt, time: 2.670000
/bbs/Gossiping/M.1496659549.A.EA3.html download to ptt/Gossiping/22599_3.txt, time: 5.270000
/bbs/Gossiping/M.1496659582.A.F12.html download to ptt/Gossiping/22599_4.txt, time: 3.700000
/bbs/Gossiping/M.1496659598.A.1E5.html download to ptt/Gossiping/22599_5.txt, time: 4.630000
/bbs/Gossiping/M.1496659614.A.9DF.html download to ptt/Gossiping/22599_6.txt, time: 5.980000
/bbs/Gossiping/M.1496659647.A.994.html download to ptt/Gossiping/22599_7.txt, time: 4.530000
/bbs/Gossiping/M.1496659745.A.478.html download to ptt/Gossiping/22599_8.txt, time: 5.160000
/bbs/Gossiping/M.1496659778.A.BD1.html download to ptt/Gossiping/22599_9.txt, time: 4.350000
/bbs/Gossiping/M.1496659800.A.904.html download to ptt/Gossiping/22599_10.txt, time: 4.690000
/bbs/Gossiping/M.1496659801.A.704.html download to ptt/Gossiping/22599_11.txt, time: 5.230000
/bbs/Gossiping/M.1496659886.A.404.html download to ptt/Gossiping/22599_12.txt, time: 5.190000
/bbs/Gossiping/M.1496659891.A.DBF.html download to ptt/Gossiping/22599_13.txt, time: 3.760000
/bbs/Gossiping/M.1496659907.A.863.html download to ptt/Gossiping/22599_14.txt, time: 4.440000
/bbs/Gossiping/M.1496659943.A.346.html download to ptt/Gossiping/22599_15.txt, time: 4.100000
/bbs/Gossiping/M.1496659963.A.C99.html download to ptt/Gossiping/22599_16.txt, time: 2.360000
empty download to ptt/Gossiping/22599_17.txt, time: 0.000000
/bbs/Gossiping/M.1496659976.A.B8F.html download to ptt/Gossiping/22599_18.txt, time: 6.670000
/bbs/Gossiping/M.1496660010.A.8ED.html download to ptt/Gossiping/22599_19.txt, time: 5.090000
page 22598
/bbs/Gossiping/M.1496659058.A.D2E.html download to ptt/Gossiping/22598_0.txt, time: 5.910000
empty download to ptt/Gossiping/22598_1.txt, time: 0.000000
/bbs/Gossiping/M.1496659091.A.D05.html download to ptt/Gossiping/22598_2.txt, time: 3.670000
/bbs/Gossiping/M.1496659119.A.F9A.html download to ptt/Gossiping/22598_3.txt, time: 4.810000
/bbs/Gossiping/M.1496659119.A.94D.html download to ptt/Gossiping/22598_4.txt, time: 5.500000
/bbs/Gossiping/M.1496659140.A.981.html download to ptt/Gossiping/22598_5.txt, time: 6.530000
/bbs/Gossiping/M.1496659153.A.FBF.html download to ptt/Gossiping/22598_6.txt, time: 8.090000
/bbs/Gossiping/M.1496659173.A.58C.html download to ptt/Gossiping/22598_7.txt, time: 5.600000
/bbs/Gossiping/M.1496659177.A.F9F.html download to ptt/Gossiping/22598_8.txt, time: 6.260000
/bbs/Gossiping/M.1496659249.A.8DB.html download to ptt/Gossiping/22598_9.txt, time: 6.620000
/bbs/Gossiping/M.1496659282.A.A67.html download to ptt/Gossiping/22598_10.txt, time: 8.000000
/bbs/Gossiping/M.1496659325.A.287.html download to ptt/Gossiping/22598_11.txt, time: 7.710000
/bbs/Gossiping/M.1496659339.A.FD8.html download to ptt/Gossiping/22598_12.txt, time: 7.690000
/bbs/Gossiping/M.1496659369.A.611.html download to ptt/Gossiping/22598_13.txt, time: 5.080000
/bbs/Gossiping/M.1496659377.A.BE5.html download to ptt/Gossiping/22598_14.txt, time: 5.080000
/bbs/Gossiping/M.1496659416.A.F10.html download to ptt/Gossiping/22598_15.txt, time: 6.950000
/bbs/Gossiping/M.1496659430.A.D96.html download to ptt/Gossiping/22598_16.txt, time: 7.190000
/bbs/Gossiping/M.1496659475.A.104.htmlTraceback (most recent call last):
  File "/home/studentyl/anaconda3/lib/python3.6/site-packages/requests/packages/urllib3/contrib/pyopenssl.py", line 438, in wrap_socket
    cnx.do_handshake()
  File "/home/studentyl/anaconda3/lib/python3.6/site-packages/OpenSSL/SSL.py", line 1426, in do_handshake
    self._raise_ssl_error(self._ssl, result)
  File "/home/studentyl/anaconda3/lib/python3.6/site-packages/OpenSSL/SSL.py", line 1167, in _raise_ssl_error
    raise SysCallError(-1, "Unexpected EOF")
OpenSSL.SSL.SysCallError: (-1, 'Unexpected EOF')

During handling of the above exception, another exception occurred:

Traceback (most recent call last):
  File "/home/studentyl/anaconda3/lib/python3.6/site-packages/requests/packages/urllib3/connectionpool.py", line 600, in urlopen
    chunked=chunked)
  File "/home/studentyl/anaconda3/lib/python3.6/site-packages/requests/packages/urllib3/connectionpool.py", line 345, in _make_request
    self._validate_conn(conn)
  File "/home/studentyl/anaconda3/lib/python3.6/site-packages/requests/packages/urllib3/connectionpool.py", line 844, in _validate_conn
    conn.connect()
  File "/home/studentyl/anaconda3/lib/python3.6/site-packages/requests/packages/urllib3/connection.py", line 326, in connect
    ssl_context=context)
  File "/home/studentyl/anaconda3/lib/python3.6/site-packages/requests/packages/urllib3/util/ssl_.py", line 325, in ssl_wrap_socket
    return context.wrap_socket(sock, server_hostname=server_hostname)
  File "/home/studentyl/anaconda3/lib/python3.6/site-packages/requests/packages/urllib3/contrib/pyopenssl.py", line 445, in wrap_socket
    raise ssl.SSLError('bad handshake: %r' % e)
ssl.SSLError: ("bad handshake: SysCallError(-1, 'Unexpected EOF')",)

During handling of the above exception, another exception occurred:

Traceback (most recent call last):
  File "/home/studentyl/anaconda3/lib/python3.6/site-packages/requests/adapters.py", line 438, in send
    timeout=timeout
  File "/home/studentyl/anaconda3/lib/python3.6/site-packages/requests/packages/urllib3/connectionpool.py", line 630, in urlopen
    raise SSLError(e)
requests.packages.urllib3.exceptions.SSLError: ("bad handshake: SysCallError(-1, 'Unexpected EOF')",)

During handling of the above exception, another exception occurred:

Traceback (most recent call last):
  File "./crawler.py", line 177, in <module>
    main(sys.argv[1:])
  File "./crawler.py", line 158, in main
    downloadForum(forumName, startPage, pages)
  File "./crawler.py", line 140, in downloadForum
    downloadPage(str(articleCount), forumName, pageNum, 'https://www.ptt.cc'+link)
  File "./crawler.py", line 82, in downloadPage
    pageText = getPageText(link)
  File "./crawler.py", line 13, in getPageText
    pageText=requests.get(link, cookies={'over18':'1'}).text
  File "/home/studentyl/anaconda3/lib/python3.6/site-packages/requests/api.py", line 72, in get
    return request('get', url, params=params, **kwargs)
  File "/home/studentyl/anaconda3/lib/python3.6/site-packages/requests/api.py", line 58, in request
    return session.request(method=method, url=url, **kwargs)
  File "/home/studentyl/anaconda3/lib/python3.6/site-packages/requests/sessions.py", line 518, in request
    resp = self.send(prep, **send_kwargs)
  File "/home/studentyl/anaconda3/lib/python3.6/site-packages/requests/sessions.py", line 639, in send
    r = adapter.send(request, **kwargs)
  File "/home/studentyl/anaconda3/lib/python3.6/site-packages/requests/adapters.py", line 512, in send
    raise SSLError(e, request=request)
requests.exceptions.SSLError: ("bad handshake: SysCallError(-1, 'Unexpected EOF')",)
