page 22610
/bbs/Gossiping/M.1496665539.A.719.html download to ptt/Gossiping/22610_0.txt, time: 5.530000
/bbs/Gossiping/M.1496665570.A.BAA.html download to ptt/Gossiping/22610_1.txt, time: 5.400000
/bbs/Gossiping/M.1496665592.A.17E.html download to ptt/Gossiping/22610_2.txt, time: 5.530000
/bbs/Gossiping/M.1496665628.A.4C0.html download to ptt/Gossiping/22610_3.txt, time: 4.700000
/bbs/Gossiping/M.1496665636.A.65E.html download to ptt/Gossiping/22610_4.txt, time: 4.720000
/bbs/Gossiping/M.1496665662.A.5BB.html download to ptt/Gossiping/22610_5.txt, time: 4.620000
/bbs/Gossiping/M.1496665669.A.937.html download to ptt/Gossiping/22610_6.txt, time: 5.120000
/bbs/Gossiping/M.1496665717.A.132.html download to ptt/Gossiping/22610_7.txt, time: 3.900000
/bbs/Gossiping/M.1496665729.A.249.html download to ptt/Gossiping/22610_8.txt, time: 6.250000
/bbs/Gossiping/M.1496665750.A.1F5.html download to ptt/Gossiping/22610_9.txt, time: 4.200000
/bbs/Gossiping/M.1496665754.A.9A8.html download to ptt/Gossiping/22610_10.txt, time: 7.500000
/bbs/Gossiping/M.1496665757.A.6FD.html download to ptt/Gossiping/22610_11.txt, time: 5.320000
/bbs/Gossiping/M.1496665761.A.22C.html download to ptt/Gossiping/22610_12.txt, time: 2.940000
empty download to ptt/Gossiping/22610_13.txt, time: 0.000000
/bbs/Gossiping/M.1496665839.A.F33.html download to ptt/Gossiping/22610_14.txt, time: 4.340000
/bbs/Gossiping/M.1496665846.A.7B1.html download to ptt/Gossiping/22610_15.txt, time: 5.150000
/bbs/Gossiping/M.1496665854.A.799.html download to ptt/Gossiping/22610_16.txt, time: 5.250000
/bbs/Gossiping/M.1496665888.A.9A1.html download to ptt/Gossiping/22610_17.txt, time: 5.450000
/bbs/Gossiping/M.1496665921.A.461.html download to ptt/Gossiping/22610_18.txt, time: 7.960000
/bbs/Gossiping/M.1496665924.A.6CB.html download to ptt/Gossiping/22610_19.txt, time: 4.410000
page 22609
/bbs/Gossiping/M.1496665168.A.85F.html download to ptt/Gossiping/22609_0.txt, time: 4.870000
/bbs/Gossiping/M.1496665178.A.ADA.html download to ptt/Gossiping/22609_1.txt, time: 5.050000
/bbs/Gossiping/M.1496665179.A.07A.html download to ptt/Gossiping/22609_2.txt, time: 3.860000
/bbs/Gossiping/M.1496665183.A.259.html download to ptt/Gossiping/22609_3.txt, time: 5.320000
/bbs/Gossiping/M.1496665230.A.BD8.html download to ptt/Gossiping/22609_4.txt, time: 5.680000
/bbs/Gossiping/M.1496665251.A.6E5.html download to ptt/Gossiping/22609_5.txt, time: 3.350000
/bbs/Gossiping/M.1496665295.A.BC4.html download to ptt/Gossiping/22609_6.txt, time: 4.080000
/bbs/Gossiping/M.1496665328.A.433.html download to ptt/Gossiping/22609_7.txt, time: 4.020000
/bbs/Gossiping/M.1496665347.A.E63.html download to ptt/Gossiping/22609_8.txt, time: 4.620000
/bbs/Gossiping/M.1496665353.A.63B.html download to ptt/Gossiping/22609_9.txt, time: 5.450000
/bbs/Gossiping/M.1496665363.A.0D4.html download to ptt/Gossiping/22609_10.txt, time: 3.580000
/bbs/Gossiping/M.1496665395.A.D2D.html download to ptt/Gossiping/22609_11.txt, time: 3.540000
/bbs/Gossiping/M.1496665427.A.0FC.html download to ptt/Gossiping/22609_12.txt, time: 5.690000
/bbs/Gossiping/M.1496665436.A.C12.html download to ptt/Gossiping/22609_13.txt, time: 6.770000
/bbs/Gossiping/M.1496665444.A.CB2.html download to ptt/Gossiping/22609_14.txt, time: 3.960000
/bbs/Gossiping/M.1496665447.A.CED.html download to ptt/Gossiping/22609_15.txt, time: 5.380000
/bbs/Gossiping/M.1496665470.A.C67.html download to ptt/Gossiping/22609_16.txt, time: 5.240000
empty download to ptt/Gossiping/22609_17.txt, time: 0.000000
/bbs/Gossiping/M.1496665485.A.E16.html download to ptt/Gossiping/22609_18.txt, time: 4.030000
/bbs/Gossiping/M.1496665508.A.AE8.html download to ptt/Gossiping/22609_19.txt, time: 4.730000
page 22608
/bbs/Gossiping/M.1496664699.A.5C8.html download to ptt/Gossiping/22608_0.txt, time: 4.320000
/bbs/Gossiping/M.1496664710.A.B01.html download to ptt/Gossiping/22608_1.txt, time: 4.510000
/bbs/Gossiping/M.1496664715.A.478.html download to ptt/Gossiping/22608_2.txt, time: 4.950000
/bbs/Gossiping/M.1496664716.A.350.html download to ptt/Gossiping/22608_3.txt, time: 3.980000
/bbs/Gossiping/M.1496664747.A.B2F.html download to ptt/Gossiping/22608_4.txt, time: 4.640000
/bbs/Gossiping/M.1496664757.A.E34.html download to ptt/Gossiping/22608_5.txt, time: 8.430000
/bbs/Gossiping/M.1496664760.A.5C3.html download to ptt/Gossiping/22608_6.txt, time: 4.810000
/bbs/Gossiping/M.1496664776.A.8D6.html download to ptt/Gossiping/22608_7.txt, time: 3.850000
/bbs/Gossiping/M.1496664871.A.6C1.html download to ptt/Gossiping/22608_8.txt, time: 4.460000
/bbs/Gossiping/M.1496664918.A.425.html download to ptt/Gossiping/22608_9.txt, time: 5.620000
/bbs/Gossiping/M.1496664970.A.814.html download to ptt/Gossiping/22608_10.txt, time: 5.460000
/bbs/Gossiping/M.1496665018.A.914.html download to ptt/Gossiping/22608_11.txt, time: 5.070000
/bbs/Gossiping/M.1496665022.A.B35.html download to ptt/Gossiping/22608_12.txt, time: 5.000000
/bbs/Gossiping/M.1496665029.A.7C7.html download to ptt/Gossiping/22608_13.txt, time: 7.150000
/bbs/Gossiping/M.1496665038.A.0E6.html download to ptt/Gossiping/22608_14.txt, time: 8.270000
/bbs/Gossiping/M.1496665099.A.B90.html download to ptt/Gossiping/22608_15.txt, time: 10.220000
/bbs/Gossiping/M.1496665108.A.AB1.html download to ptt/Gossiping/22608_16.txt, time: 3.730000
/bbs/Gossiping/M.1496665126.A.A6E.html download to ptt/Gossiping/22608_17.txt, time: 6.590000
/bbs/Gossiping/M.1496665130.A.6A6.html download to ptt/Gossiping/22608_18.txt, time: 4.900000
/bbs/Gossiping/M.1496665143.A.1A9.html download to ptt/Gossiping/22608_19.txt, time: 10.660000
page 22607
/bbs/Gossiping/M.1496664082.A.7A3.html download to ptt/Gossiping/22607_0.txt, time: 7.100000
/bbs/Gossiping/M.1496664152.A.778.html download to ptt/Gossiping/22607_1.txt, time: 6.050000
/bbs/Gossiping/M.1496664160.A.A59.html download to ptt/Gossiping/22607_2.txt, time: 5.250000
/bbs/Gossiping/M.1496664215.A.4F5.html download to ptt/Gossiping/22607_3.txt, time: 4.780000
/bbs/Gossiping/M.1496664236.A.F8A.html download to ptt/Gossiping/22607_4.txt, time: 2.890000
/bbs/Gossiping/M.1496664265.A.C8B.html download to ptt/Gossiping/22607_5.txt, time: 3.510000
/bbs/Gossiping/M.1496664281.A.A02.html download to ptt/Gossiping/22607_6.txt, time: 3.770000
/bbs/Gossiping/M.1496664306.A.EB4.html download to ptt/Gossiping/22607_7.txt, time: 3.510000
/bbs/Gossiping/M.1496664346.A.1F3.html download to ptt/Gossiping/22607_8.txt, time: 3.420000
/bbs/Gossiping/M.1496664369.A.53A.html download to ptt/Gossiping/22607_9.txt, time: 3.200000
/bbs/Gossiping/M.1496664415.A.12A.html download to ptt/Gossiping/22607_10.txt, time: 5.110000
/bbs/Gossiping/M.1496664441.A.45C.html download to ptt/Gossiping/22607_11.txt, time: 4.730000
/bbs/Gossiping/M.1496664530.A.0B1.html download to ptt/Gossiping/22607_12.txt, time: 3.410000
/bbs/Gossiping/M.1496664531.A.909.html download to ptt/Gossiping/22607_13.txt, time: 3.400000
/bbs/Gossiping/M.1496664534.A.DD7.html download to ptt/Gossiping/22607_14.txt, time: 4.240000
/bbs/Gossiping/M.1496664600.A.B23.html download to ptt/Gossiping/22607_15.txt, time: 3.250000
/bbs/Gossiping/M.1496664617.A.518.html download to ptt/Gossiping/22607_16.txt, time: 3.730000
/bbs/Gossiping/M.1496664638.A.8B4.html download to ptt/Gossiping/22607_17.txt, time: 3.960000
/bbs/Gossiping/M.1496664675.A.93F.html download to ptt/Gossiping/22607_18.txt, time: 3.490000
/bbs/Gossiping/M.1496664693.A.053.html download to ptt/Gossiping/22607_19.txt, time: 4.200000
page 22606
/bbs/Gossiping/M.1496663219.A.AA1.html download to ptt/Gossiping/22606_0.txt, time: 4.510000
/bbs/Gossiping/M.1496663259.A.532.html download to ptt/Gossiping/22606_1.txt, time: 3.390000
/bbs/Gossiping/M.1496663271.A.0FD.html download to ptt/Gossiping/22606_2.txt, time: 4.410000
/bbs/Gossiping/M.1496663298.A.A6B.html download to ptt/Gossiping/22606_3.txt, time: 5.250000
/bbs/Gossiping/M.1496663318.A.428.html download to ptt/Gossiping/22606_4.txt, time: 6.260000
/bbs/Gossiping/M.1496663382.A.C1F.html download to ptt/Gossiping/22606_5.txt, time: 4.990000
/bbs/Gossiping/M.1496663403.A.69F.html download to ptt/Gossiping/22606_6.txt, time: 4.430000
/bbs/Gossiping/M.1496663467.A.842.html download to ptt/Gossiping/22606_7.txt, time: 5.880000
/bbs/Gossiping/M.1496663571.A.BB3.html download to ptt/Gossiping/22606_8.txt, time: 3.950000
/bbs/Gossiping/M.1496663586.A.BA0.html download to ptt/Gossiping/22606_9.txt, time: 4.880000
/bbs/Gossiping/M.1496663605.A.BEC.html download to ptt/Gossiping/22606_10.txt, time: 5.010000
/bbs/Gossiping/M.1496663609.A.DBE.html download to ptt/Gossiping/22606_11.txt, time: 3.280000
/bbs/Gossiping/M.1496663619.A.8EF.html download to ptt/Gossiping/22606_12.txt, time: 5.880000
/bbs/Gossiping/M.1496663641.A.C6B.html download to ptt/Gossiping/22606_13.txt, time: 2.920000
empty download to ptt/Gossiping/22606_14.txt, time: 0.000000
/bbs/Gossiping/M.1496663799.A.716.html download to ptt/Gossiping/22606_15.txt, time: 4.800000
/bbs/Gossiping/M.1496663822.A.F6D.html download to ptt/Gossiping/22606_16.txt, time: 3.620000
/bbs/Gossiping/M.1496663849.A.A92.html download to ptt/Gossiping/22606_17.txt, time: 5.020000
/bbs/Gossiping/M.1496664019.A.BE0.html download to ptt/Gossiping/22606_18.txt, time: 3.360000
/bbs/Gossiping/M.1496664071.A.43C.html download to ptt/Gossiping/22606_19.txt, time: 4.410000
time: 542.3669788837433 seconds
