page 22620
/bbs/Gossiping/M.1496669796.A.031.html download to ptt/Gossiping/22620_0.txt, time: 4.730000
/bbs/Gossiping/M.1496669862.A.038.html download to ptt/Gossiping/22620_1.txt, time: 4.670000
/bbs/Gossiping/M.1496669891.A.C89.html download to ptt/Gossiping/22620_2.txt, time: 4.720000
empty download to ptt/Gossiping/22620_3.txt, time: 0.000000
/bbs/Gossiping/M.1496669905.A.DF5.html download to ptt/Gossiping/22620_4.txt, time: 5.850000
empty download to ptt/Gossiping/22620_5.txt, time: 0.000000
/bbs/Gossiping/M.1496669935.A.169.html download to ptt/Gossiping/22620_6.txt, time: 4.630000
/bbs/Gossiping/M.1496669947.A.F6A.html download to ptt/Gossiping/22620_7.txt, time: 6.020000
/bbs/Gossiping/M.1496669974.A.7F4.html download to ptt/Gossiping/22620_8.txt, time: 4.820000
/bbs/Gossiping/M.1496669992.A.D7B.html download to ptt/Gossiping/22620_9.txt, time: 3.440000
/bbs/Gossiping/M.1496670012.A.786.html download to ptt/Gossiping/22620_10.txt, time: 8.280000
/bbs/Gossiping/M.1496670012.A.F15.html download to ptt/Gossiping/22620_11.txt, time: 5.020000
/bbs/Gossiping/M.1496670036.A.7B7.html download to ptt/Gossiping/22620_12.txt, time: 4.950000
/bbs/Gossiping/M.1496670053.A.A61.html download to ptt/Gossiping/22620_13.txt, time: 5.050000
/bbs/Gossiping/M.1496670072.A.2BF.html download to ptt/Gossiping/22620_14.txt, time: 5.190000
/bbs/Gossiping/M.1496670105.A.B18.html download to ptt/Gossiping/22620_15.txt, time: 3.390000
/bbs/Gossiping/M.1496670121.A.202.html download to ptt/Gossiping/22620_16.txt, time: 4.960000
/bbs/Gossiping/M.1496670129.A.C51.html download to ptt/Gossiping/22620_17.txt, time: 7.660000
/bbs/Gossiping/M.1496670134.A.D20.html download to ptt/Gossiping/22620_18.txt, time: 6.070000
/bbs/Gossiping/M.1496670153.A.940.html download to ptt/Gossiping/22620_19.txt, time: 6.470000
page 22619
/bbs/Gossiping/M.1496669498.A.7BE.html download to ptt/Gossiping/22619_0.txt, time: 3.020000
/bbs/Gossiping/M.1496669498.A.4A4.html download to ptt/Gossiping/22619_1.txt, time: 6.080000
/bbs/Gossiping/M.1496669540.A.56A.html download to ptt/Gossiping/22619_2.txt, time: 5.750000
/bbs/Gossiping/M.1496669544.A.A53.html download to ptt/Gossiping/22619_3.txt, time: 4.030000
/bbs/Gossiping/M.1496669546.A.E1D.html download to ptt/Gossiping/22619_4.txt, time: 4.880000
/bbs/Gossiping/M.1496669579.A.CB9.html download to ptt/Gossiping/22619_5.txt, time: 2.820000
empty download to ptt/Gossiping/22619_6.txt, time: 0.000000
empty download to ptt/Gossiping/22619_7.txt, time: 0.000000
/bbs/Gossiping/M.1496669601.A.160.html download to ptt/Gossiping/22619_8.txt, time: 5.460000
/bbs/Gossiping/M.1496669650.A.712.html download to ptt/Gossiping/22619_9.txt, time: 6.150000
/bbs/Gossiping/M.1496669654.A.BB7.html download to ptt/Gossiping/22619_10.txt, time: 5.470000
/bbs/Gossiping/M.1496669682.A.B9C.html download to ptt/Gossiping/22619_11.txt, time: 4.210000
/bbs/Gossiping/M.1496669696.A.881.html download to ptt/Gossiping/22619_12.txt, time: 4.540000
/bbs/Gossiping/M.1496669706.A.2AF.html download to ptt/Gossiping/22619_13.txt, time: 4.690000
/bbs/Gossiping/M.1496669728.A.11B.html download to ptt/Gossiping/22619_14.txt, time: 6.290000
/bbs/Gossiping/M.1496669730.A.290.html download to ptt/Gossiping/22619_15.txt, time: 3.640000
/bbs/Gossiping/M.1496669757.A.C09.html download to ptt/Gossiping/22619_16.txt, time: 5.480000
/bbs/Gossiping/M.1496669770.A.133.html download to ptt/Gossiping/22619_17.txt, time: 4.060000
/bbs/Gossiping/M.1496669771.A.09F.html download to ptt/Gossiping/22619_18.txt, time: 4.140000
/bbs/Gossiping/M.1496669782.A.F8F.html download to ptt/Gossiping/22619_19.txt, time: 3.780000
page 22618
empty download to ptt/Gossiping/22618_0.txt, time: 0.000000
/bbs/Gossiping/M.1496669163.A.B2E.html download to ptt/Gossiping/22618_1.txt, time: 5.500000
/bbs/Gossiping/M.1496669172.A.EF2.html download to ptt/Gossiping/22618_2.txt, time: 4.680000
/bbs/Gossiping/M.1496669179.A.9E1.html download to ptt/Gossiping/22618_3.txt, time: 4.220000
/bbs/Gossiping/M.1496669216.A.083.html download to ptt/Gossiping/22618_4.txt, time: 4.040000
/bbs/Gossiping/M.1496669253.A.987.html download to ptt/Gossiping/22618_5.txt, time: 4.300000
/bbs/Gossiping/M.1496669268.A.987.html download to ptt/Gossiping/22618_6.txt, time: 5.680000
/bbs/Gossiping/M.1496669293.A.291.html download to ptt/Gossiping/22618_7.txt, time: 5.670000
/bbs/Gossiping/M.1496669325.A.E9C.html download to ptt/Gossiping/22618_8.txt, time: 6.900000
empty download to ptt/Gossiping/22618_9.txt, time: 0.000000
/bbs/Gossiping/M.1496669342.A.03A.html download to ptt/Gossiping/22618_10.txt, time: 3.540000
/bbs/Gossiping/M.1496669345.A.C98.html download to ptt/Gossiping/22618_11.txt, time: 4.740000
/bbs/Gossiping/M.1496669402.A.0D6.html download to ptt/Gossiping/22618_12.txt, time: 5.440000
/bbs/Gossiping/M.1496669430.A.9A1.htmlTraceback (most recent call last):
  File "/home/studentyl/anaconda3/lib/python3.6/site-packages/requests/packages/urllib3/connectionpool.py", line 600, in urlopen
    chunked=chunked)
  File "/home/studentyl/anaconda3/lib/python3.6/site-packages/requests/packages/urllib3/connectionpool.py", line 386, in _make_request
    six.raise_from(e, None)
  File "<string>", line 2, in raise_from
  File "/home/studentyl/anaconda3/lib/python3.6/site-packages/requests/packages/urllib3/connectionpool.py", line 382, in _make_request
    httplib_response = conn.getresponse()
  File "/home/studentyl/anaconda3/lib/python3.6/http/client.py", line 1331, in getresponse
    response.begin()
  File "/home/studentyl/anaconda3/lib/python3.6/http/client.py", line 297, in begin
    version, status, reason = self._read_status()
  File "/home/studentyl/anaconda3/lib/python3.6/http/client.py", line 266, in _read_status
    raise RemoteDisconnected("Remote end closed connection without"
http.client.RemoteDisconnected: Remote end closed connection without response

During handling of the above exception, another exception occurred:

Traceback (most recent call last):
  File "/home/studentyl/anaconda3/lib/python3.6/site-packages/requests/adapters.py", line 438, in send
    timeout=timeout
  File "/home/studentyl/anaconda3/lib/python3.6/site-packages/requests/packages/urllib3/connectionpool.py", line 649, in urlopen
    _stacktrace=sys.exc_info()[2])
  File "/home/studentyl/anaconda3/lib/python3.6/site-packages/requests/packages/urllib3/util/retry.py", line 357, in increment
    raise six.reraise(type(error), error, _stacktrace)
  File "/home/studentyl/anaconda3/lib/python3.6/site-packages/requests/packages/urllib3/packages/six.py", line 685, in reraise
    raise value.with_traceback(tb)
  File "/home/studentyl/anaconda3/lib/python3.6/site-packages/requests/packages/urllib3/connectionpool.py", line 600, in urlopen
    chunked=chunked)
  File "/home/studentyl/anaconda3/lib/python3.6/site-packages/requests/packages/urllib3/connectionpool.py", line 386, in _make_request
    six.raise_from(e, None)
  File "<string>", line 2, in raise_from
  File "/home/studentyl/anaconda3/lib/python3.6/site-packages/requests/packages/urllib3/connectionpool.py", line 382, in _make_request
    httplib_response = conn.getresponse()
  File "/home/studentyl/anaconda3/lib/python3.6/http/client.py", line 1331, in getresponse
    response.begin()
  File "/home/studentyl/anaconda3/lib/python3.6/http/client.py", line 297, in begin
    version, status, reason = self._read_status()
  File "/home/studentyl/anaconda3/lib/python3.6/http/client.py", line 266, in _read_status
    raise RemoteDisconnected("Remote end closed connection without"
requests.packages.urllib3.exceptions.ProtocolError: ('Connection aborted.', RemoteDisconnected('Remote end closed connection without response',))

During handling of the above exception, another exception occurred:

Traceback (most recent call last):
  File "./crawler.py", line 177, in <module>
    main(sys.argv[1:])
  File "./crawler.py", line 158, in main
    downloadForum(forumName, startPage, pages)
  File "./crawler.py", line 140, in downloadForum
    downloadPage(str(articleCount), forumName, pageNum, 'https://www.ptt.cc'+link)
  File "./crawler.py", line 82, in downloadPage
    pageText = getPageText(link)
  File "./crawler.py", line 13, in getPageText
    pageText=requests.get(link, cookies={'over18':'1'}).text
  File "/home/studentyl/anaconda3/lib/python3.6/site-packages/requests/api.py", line 72, in get
    return request('get', url, params=params, **kwargs)
  File "/home/studentyl/anaconda3/lib/python3.6/site-packages/requests/api.py", line 58, in request
    return session.request(method=method, url=url, **kwargs)
  File "/home/studentyl/anaconda3/lib/python3.6/site-packages/requests/sessions.py", line 518, in request
    resp = self.send(prep, **send_kwargs)
  File "/home/studentyl/anaconda3/lib/python3.6/site-packages/requests/sessions.py", line 639, in send
    r = adapter.send(request, **kwargs)
  File "/home/studentyl/anaconda3/lib/python3.6/site-packages/requests/adapters.py", line 488, in send
    raise ConnectionError(err, request=request)
requests.exceptions.ConnectionError: ('Connection aborted.', RemoteDisconnected('Remote end closed connection without response',))
