page 22630
/bbs/Gossiping/M.1496673476.A.7FC.html download to ptt/Gossiping/22630_0.txt, time: 4.980000
/bbs/Gossiping/M.1496673485.A.364.html download to ptt/Gossiping/22630_1.txt, time: 4.600000
/bbs/Gossiping/M.1496673523.A.E32.html download to ptt/Gossiping/22630_2.txt, time: 4.070000
/bbs/Gossiping/M.1496673566.A.712.html download to ptt/Gossiping/22630_3.txt, time: 4.860000
/bbs/Gossiping/M.1496673580.A.FE4.html download to ptt/Gossiping/22630_4.txt, time: 4.310000
/bbs/Gossiping/M.1496673584.A.1EE.html download to ptt/Gossiping/22630_5.txt, time: 5.470000
/bbs/Gossiping/M.1496673600.A.FAA.html download to ptt/Gossiping/22630_6.txt, time: 5.560000
/bbs/Gossiping/M.1496673614.A.0CE.html download to ptt/Gossiping/22630_7.txt, time: 5.840000
/bbs/Gossiping/M.1496673619.A.957.html download to ptt/Gossiping/22630_8.txt, time: 4.540000
/bbs/Gossiping/M.1496673629.A.F3C.html download to ptt/Gossiping/22630_9.txt, time: 5.760000
/bbs/Gossiping/M.1496673635.A.2CC.html download to ptt/Gossiping/22630_10.txt, time: 4.480000
/bbs/Gossiping/M.1496673639.A.D64.html download to ptt/Gossiping/22630_11.txt, time: 6.280000
/bbs/Gossiping/M.1496673655.A.0CC.html download to ptt/Gossiping/22630_12.txt, time: 5.680000
/bbs/Gossiping/M.1496673699.A.58D.html download to ptt/Gossiping/22630_13.txt, time: 5.690000
/bbs/Gossiping/M.1496673710.A.E4A.html download to ptt/Gossiping/22630_14.txt, time: 4.940000
/bbs/Gossiping/M.1496673727.A.499.html download to ptt/Gossiping/22630_15.txt, time: 4.440000
/bbs/Gossiping/M.1496673754.A.70E.html download to ptt/Gossiping/22630_16.txt, time: 4.530000
/bbs/Gossiping/M.1496673755.A.963.html download to ptt/Gossiping/22630_17.txt, time: 5.830000
/bbs/Gossiping/M.1496673780.A.4FA.html download to ptt/Gossiping/22630_18.txt, time: 6.320000
/bbs/Gossiping/M.1496673795.A.430.html download to ptt/Gossiping/22630_19.txt, time: 6.070000
page 22629
/bbs/Gossiping/M.1496673186.A.9B5.html download to ptt/Gossiping/22629_0.txt, time: 4.580000
/bbs/Gossiping/M.1496673202.A.13A.html download to ptt/Gossiping/22629_1.txt, time: 5.440000
empty download to ptt/Gossiping/22629_2.txt, time: 0.000000
/bbs/Gossiping/M.1496673236.A.960.html download to ptt/Gossiping/22629_3.txt, time: 3.700000
/bbs/Gossiping/M.1496673258.A.668.html download to ptt/Gossiping/22629_4.txt, time: 5.920000
/bbs/Gossiping/M.1496673277.A.F97.html download to ptt/Gossiping/22629_5.txt, time: 5.640000
/bbs/Gossiping/M.1496673281.A.B52.html download to ptt/Gossiping/22629_6.txt, time: 4.410000
/bbs/Gossiping/M.1496673290.A.AB3.html download to ptt/Gossiping/22629_7.txt, time: 2.680000
/bbs/Gossiping/M.1496673324.A.077.html download to ptt/Gossiping/22629_8.txt, time: 4.310000
/bbs/Gossiping/M.1496673327.A.BD6.html download to ptt/Gossiping/22629_9.txt, time: 3.620000
/bbs/Gossiping/M.1496673334.A.06D.html download to ptt/Gossiping/22629_10.txt, time: 4.790000
/bbs/Gossiping/M.1496673340.A.DE0.html download to ptt/Gossiping/22629_11.txt, time: 5.690000
/bbs/Gossiping/M.1496673356.A.86B.html download to ptt/Gossiping/22629_12.txt, time: 5.310000
/bbs/Gossiping/M.1496673364.A.176.html download to ptt/Gossiping/22629_13.txt, time: 4.850000
/bbs/Gossiping/M.1496673383.A.3AD.html download to ptt/Gossiping/22629_14.txt, time: 6.530000
/bbs/Gossiping/M.1496673413.A.026.html download to ptt/Gossiping/22629_15.txt, time: 3.250000
/bbs/Gossiping/M.1496673416.A.726.html download to ptt/Gossiping/22629_16.txt, time: 5.850000
/bbs/Gossiping/M.1496673417.A.56A.html download to ptt/Gossiping/22629_17.txt, time: 4.190000
/bbs/Gossiping/M.1496673420.A.AB4.html download to ptt/Gossiping/22629_18.txt, time: 4.000000
empty download to ptt/Gossiping/22629_19.txt, time: 0.000000
page 22628
/bbs/Gossiping/M.1496672668.A.E0B.html download to ptt/Gossiping/22628_0.txt, time: 5.630000
empty download to ptt/Gossiping/22628_1.txt, time: 0.000000
/bbs/Gossiping/M.1496672721.A.CB6.html download to ptt/Gossiping/22628_2.txt, time: 5.050000
/bbs/Gossiping/M.1496672729.A.A8D.html download to ptt/Gossiping/22628_3.txt, time: 4.170000
/bbs/Gossiping/M.1496672730.A.215.html download to ptt/Gossiping/22628_4.txt, time: 5.140000
/bbs/Gossiping/M.1496672732.A.B14.html download to ptt/Gossiping/22628_5.txt, time: 5.120000
/bbs/Gossiping/M.1496672754.A.7A0.html download to ptt/Gossiping/22628_6.txt, time: 3.620000
/bbs/Gossiping/M.1496672755.A.20F.html download to ptt/Gossiping/22628_7.txt, time: 4.550000
/bbs/Gossiping/M.1496672862.A.C7B.html download to ptt/Gossiping/22628_8.txt, time: 7.470000
empty download to ptt/Gossiping/22628_9.txt, time: 0.000000
/bbs/Gossiping/M.1496672912.A.A35.html download to ptt/Gossiping/22628_10.txt, time: 4.960000
/bbs/Gossiping/M.1496672921.A.B50.html download to ptt/Gossiping/22628_11.txt, time: 6.180000
/bbs/Gossiping/M.1496672947.A.A1D.html download to ptt/Gossiping/22628_12.txt, time: 8.210000
/bbs/Gossiping/M.1496672947.A.10F.html download to ptt/Gossiping/22628_13.txt, time: 8.220000
/bbs/Gossiping/M.1496673026.A.B75.html download to ptt/Gossiping/22628_14.txt, time: 4.810000
/bbs/Gossiping/M.1496673057.A.C5B.htmlTraceback (most recent call last):
  File "/home/studentyl/anaconda3/lib/python3.6/site-packages/requests/packages/urllib3/connectionpool.py", line 600, in urlopen
    chunked=chunked)
  File "/home/studentyl/anaconda3/lib/python3.6/site-packages/requests/packages/urllib3/connectionpool.py", line 386, in _make_request
    six.raise_from(e, None)
  File "<string>", line 2, in raise_from
  File "/home/studentyl/anaconda3/lib/python3.6/site-packages/requests/packages/urllib3/connectionpool.py", line 382, in _make_request
    httplib_response = conn.getresponse()
  File "/home/studentyl/anaconda3/lib/python3.6/http/client.py", line 1331, in getresponse
    response.begin()
  File "/home/studentyl/anaconda3/lib/python3.6/http/client.py", line 297, in begin
    version, status, reason = self._read_status()
  File "/home/studentyl/anaconda3/lib/python3.6/http/client.py", line 266, in _read_status
    raise RemoteDisconnected("Remote end closed connection without"
http.client.RemoteDisconnected: Remote end closed connection without response

During handling of the above exception, another exception occurred:

Traceback (most recent call last):
  File "/home/studentyl/anaconda3/lib/python3.6/site-packages/requests/adapters.py", line 438, in send
    timeout=timeout
  File "/home/studentyl/anaconda3/lib/python3.6/site-packages/requests/packages/urllib3/connectionpool.py", line 649, in urlopen
    _stacktrace=sys.exc_info()[2])
  File "/home/studentyl/anaconda3/lib/python3.6/site-packages/requests/packages/urllib3/util/retry.py", line 357, in increment
    raise six.reraise(type(error), error, _stacktrace)
  File "/home/studentyl/anaconda3/lib/python3.6/site-packages/requests/packages/urllib3/packages/six.py", line 685, in reraise
    raise value.with_traceback(tb)
  File "/home/studentyl/anaconda3/lib/python3.6/site-packages/requests/packages/urllib3/connectionpool.py", line 600, in urlopen
    chunked=chunked)
  File "/home/studentyl/anaconda3/lib/python3.6/site-packages/requests/packages/urllib3/connectionpool.py", line 386, in _make_request
    six.raise_from(e, None)
  File "<string>", line 2, in raise_from
  File "/home/studentyl/anaconda3/lib/python3.6/site-packages/requests/packages/urllib3/connectionpool.py", line 382, in _make_request
    httplib_response = conn.getresponse()
  File "/home/studentyl/anaconda3/lib/python3.6/http/client.py", line 1331, in getresponse
    response.begin()
  File "/home/studentyl/anaconda3/lib/python3.6/http/client.py", line 297, in begin
    version, status, reason = self._read_status()
  File "/home/studentyl/anaconda3/lib/python3.6/http/client.py", line 266, in _read_status
    raise RemoteDisconnected("Remote end closed connection without"
requests.packages.urllib3.exceptions.ProtocolError: ('Connection aborted.', RemoteDisconnected('Remote end closed connection without response',))

During handling of the above exception, another exception occurred:

Traceback (most recent call last):
  File "./crawler.py", line 177, in <module>
    main(sys.argv[1:])
  File "./crawler.py", line 158, in main
    downloadForum(forumName, startPage, pages)
  File "./crawler.py", line 140, in downloadForum
    downloadPage(str(articleCount), forumName, pageNum, 'https://www.ptt.cc'+link)
  File "./crawler.py", line 82, in downloadPage
    pageText = getPageText(link)
  File "./crawler.py", line 13, in getPageText
    pageText=requests.get(link, cookies={'over18':'1'}).text
  File "/home/studentyl/anaconda3/lib/python3.6/site-packages/requests/api.py", line 72, in get
    return request('get', url, params=params, **kwargs)
  File "/home/studentyl/anaconda3/lib/python3.6/site-packages/requests/api.py", line 58, in request
    return session.request(method=method, url=url, **kwargs)
  File "/home/studentyl/anaconda3/lib/python3.6/site-packages/requests/sessions.py", line 518, in request
    resp = self.send(prep, **send_kwargs)
  File "/home/studentyl/anaconda3/lib/python3.6/site-packages/requests/sessions.py", line 639, in send
    r = adapter.send(request, **kwargs)
  File "/home/studentyl/anaconda3/lib/python3.6/site-packages/requests/adapters.py", line 488, in send
    raise ConnectionError(err, request=request)
requests.exceptions.ConnectionError: ('Connection aborted.', RemoteDisconnected('Remote end closed connection without response',))
