page 22640
/bbs/Gossiping/M.1496677407.A.516.html download to ptt/Gossiping/22640_0.txt, time: 4.900000
/bbs/Gossiping/M.1496677460.A.9F7.html download to ptt/Gossiping/22640_1.txt, time: 4.700000
/bbs/Gossiping/M.1496677487.A.5AA.html download to ptt/Gossiping/22640_2.txt, time: 4.620000
/bbs/Gossiping/M.1496677513.A.3C1.html download to ptt/Gossiping/22640_3.txt, time: 3.880000
/bbs/Gossiping/M.1496677529.A.675.html download to ptt/Gossiping/22640_4.txt, time: 5.620000
/bbs/Gossiping/M.1496677534.A.45A.html download to ptt/Gossiping/22640_5.txt, time: 4.850000
/bbs/Gossiping/M.1496677539.A.8E0.html download to ptt/Gossiping/22640_6.txt, time: 3.950000
/bbs/Gossiping/M.1496677544.A.12C.html download to ptt/Gossiping/22640_7.txt, time: 3.850000
empty download to ptt/Gossiping/22640_8.txt, time: 0.000000
/bbs/Gossiping/M.1496677582.A.5AD.html download to ptt/Gossiping/22640_9.txt, time: 4.910000
/bbs/Gossiping/M.1496677584.A.C6B.html download to ptt/Gossiping/22640_10.txt, time: 4.360000
empty download to ptt/Gossiping/22640_11.txt, time: 0.000000
/bbs/Gossiping/M.1496677622.A.EE9.html download to ptt/Gossiping/22640_12.txt, time: 10.350000
/bbs/Gossiping/M.1496677626.A.AA9.html download to ptt/Gossiping/22640_13.txt, time: 5.060000
/bbs/Gossiping/M.1496677650.A.F2F.html download to ptt/Gossiping/22640_14.txt, time: 5.640000
/bbs/Gossiping/M.1496677662.A.F7E.html download to ptt/Gossiping/22640_15.txt, time: 6.630000
/bbs/Gossiping/M.1496677668.A.0B8.html download to ptt/Gossiping/22640_16.txt, time: 4.660000
/bbs/Gossiping/M.1496677668.A.D37.html download to ptt/Gossiping/22640_17.txt, time: 4.610000
/bbs/Gossiping/M.1496677690.A.BC1.html download to ptt/Gossiping/22640_18.txt, time: 8.250000
/bbs/Gossiping/M.1496677707.A.6B5.html download to ptt/Gossiping/22640_19.txt, time: 4.510000
page 22639
/bbs/Gossiping/M.1496676954.A.DE2.html download to ptt/Gossiping/22639_0.txt, time: 6.090000
/bbs/Gossiping/M.1496676990.A.531.html download to ptt/Gossiping/22639_1.txt, time: 4.590000
/bbs/Gossiping/M.1496677021.A.E3F.html download to ptt/Gossiping/22639_2.txt, time: 3.680000
/bbs/Gossiping/M.1496677023.A.8A3.html download to ptt/Gossiping/22639_3.txt, time: 3.530000
/bbs/Gossiping/M.1496677029.A.8C8.html download to ptt/Gossiping/22639_4.txt, time: 3.980000
/bbs/Gossiping/M.1496677132.A.244.html download to ptt/Gossiping/22639_5.txt, time: 3.260000
/bbs/Gossiping/M.1496677144.A.962.html download to ptt/Gossiping/22639_6.txt, time: 5.900000
/bbs/Gossiping/M.1496677147.A.51F.html download to ptt/Gossiping/22639_7.txt, time: 5.270000
/bbs/Gossiping/M.1496677205.A.7F0.html download to ptt/Gossiping/22639_8.txt, time: 6.770000
/bbs/Gossiping/M.1496677236.A.31F.html download to ptt/Gossiping/22639_9.txt, time: 5.910000
empty download to ptt/Gossiping/22639_10.txt, time: 0.000000
/bbs/Gossiping/M.1496677259.A.4BC.html download to ptt/Gossiping/22639_11.txt, time: 7.070000
/bbs/Gossiping/M.1496677271.A.F92.html download to ptt/Gossiping/22639_12.txt, time: 4.470000
/bbs/Gossiping/M.1496677274.A.7F3.html download to ptt/Gossiping/22639_13.txt, time: 5.620000
/bbs/Gossiping/M.1496677305.A.A15.html download to ptt/Gossiping/22639_14.txt, time: 4.490000
/bbs/Gossiping/M.1496677306.A.A30.html download to ptt/Gossiping/22639_15.txt, time: 4.260000
/bbs/Gossiping/M.1496677320.A.ACF.html download to ptt/Gossiping/22639_16.txt, time: 3.590000
/bbs/Gossiping/M.1496677325.A.B6C.html download to ptt/Gossiping/22639_17.txt, time: 4.560000
/bbs/Gossiping/M.1496677380.A.3CF.html download to ptt/Gossiping/22639_18.txt, time: 3.930000
/bbs/Gossiping/M.1496677407.A.2D3.html download to ptt/Gossiping/22639_19.txt, time: 5.230000
page 22638
/bbs/Gossiping/M.1496676568.A.A32.html download to ptt/Gossiping/22638_0.txt, time: 5.780000
/bbs/Gossiping/M.1496676581.A.136.html download to ptt/Gossiping/22638_1.txt, time: 4.340000
/bbs/Gossiping/M.1496676589.A.061.html download to ptt/Gossiping/22638_2.txt, time: 5.550000
/bbs/Gossiping/M.1496676611.A.30C.html download to ptt/Gossiping/22638_3.txt, time: 4.400000
/bbs/Gossiping/M.1496676619.A.0D9.html download to ptt/Gossiping/22638_4.txt, time: 4.820000
/bbs/Gossiping/M.1496676646.A.DCC.html download to ptt/Gossiping/22638_5.txt, time: 6.930000
/bbs/Gossiping/M.1496676684.A.0A3.html download to ptt/Gossiping/22638_6.txt, time: 6.810000
/bbs/Gossiping/M.1496676778.A.B87.html download to ptt/Gossiping/22638_7.txt, time: 3.280000
empty download to ptt/Gossiping/22638_8.txt, time: 0.000000
/bbs/Gossiping/M.1496676810.A.39B.htmlTraceback (most recent call last):
  File "/home/studentyl/anaconda3/lib/python3.6/site-packages/requests/packages/urllib3/connectionpool.py", line 600, in urlopen
    chunked=chunked)
  File "/home/studentyl/anaconda3/lib/python3.6/site-packages/requests/packages/urllib3/connectionpool.py", line 386, in _make_request
    six.raise_from(e, None)
  File "<string>", line 2, in raise_from
  File "/home/studentyl/anaconda3/lib/python3.6/site-packages/requests/packages/urllib3/connectionpool.py", line 382, in _make_request
    httplib_response = conn.getresponse()
  File "/home/studentyl/anaconda3/lib/python3.6/http/client.py", line 1331, in getresponse
    response.begin()
  File "/home/studentyl/anaconda3/lib/python3.6/http/client.py", line 297, in begin
    version, status, reason = self._read_status()
  File "/home/studentyl/anaconda3/lib/python3.6/http/client.py", line 266, in _read_status
    raise RemoteDisconnected("Remote end closed connection without"
http.client.RemoteDisconnected: Remote end closed connection without response

During handling of the above exception, another exception occurred:

Traceback (most recent call last):
  File "/home/studentyl/anaconda3/lib/python3.6/site-packages/requests/adapters.py", line 438, in send
    timeout=timeout
  File "/home/studentyl/anaconda3/lib/python3.6/site-packages/requests/packages/urllib3/connectionpool.py", line 649, in urlopen
    _stacktrace=sys.exc_info()[2])
  File "/home/studentyl/anaconda3/lib/python3.6/site-packages/requests/packages/urllib3/util/retry.py", line 357, in increment
    raise six.reraise(type(error), error, _stacktrace)
  File "/home/studentyl/anaconda3/lib/python3.6/site-packages/requests/packages/urllib3/packages/six.py", line 685, in reraise
    raise value.with_traceback(tb)
  File "/home/studentyl/anaconda3/lib/python3.6/site-packages/requests/packages/urllib3/connectionpool.py", line 600, in urlopen
    chunked=chunked)
  File "/home/studentyl/anaconda3/lib/python3.6/site-packages/requests/packages/urllib3/connectionpool.py", line 386, in _make_request
    six.raise_from(e, None)
  File "<string>", line 2, in raise_from
  File "/home/studentyl/anaconda3/lib/python3.6/site-packages/requests/packages/urllib3/connectionpool.py", line 382, in _make_request
    httplib_response = conn.getresponse()
  File "/home/studentyl/anaconda3/lib/python3.6/http/client.py", line 1331, in getresponse
    response.begin()
  File "/home/studentyl/anaconda3/lib/python3.6/http/client.py", line 297, in begin
    version, status, reason = self._read_status()
  File "/home/studentyl/anaconda3/lib/python3.6/http/client.py", line 266, in _read_status
    raise RemoteDisconnected("Remote end closed connection without"
requests.packages.urllib3.exceptions.ProtocolError: ('Connection aborted.', RemoteDisconnected('Remote end closed connection without response',))

During handling of the above exception, another exception occurred:

Traceback (most recent call last):
  File "./crawler.py", line 177, in <module>
    main(sys.argv[1:])
  File "./crawler.py", line 158, in main
    downloadForum(forumName, startPage, pages)
  File "./crawler.py", line 140, in downloadForum
    downloadPage(str(articleCount), forumName, pageNum, 'https://www.ptt.cc'+link)
  File "./crawler.py", line 82, in downloadPage
    pageText = getPageText(link)
  File "./crawler.py", line 13, in getPageText
    pageText=requests.get(link, cookies={'over18':'1'}).text
  File "/home/studentyl/anaconda3/lib/python3.6/site-packages/requests/api.py", line 72, in get
    return request('get', url, params=params, **kwargs)
  File "/home/studentyl/anaconda3/lib/python3.6/site-packages/requests/api.py", line 58, in request
    return session.request(method=method, url=url, **kwargs)
  File "/home/studentyl/anaconda3/lib/python3.6/site-packages/requests/sessions.py", line 518, in request
    resp = self.send(prep, **send_kwargs)
  File "/home/studentyl/anaconda3/lib/python3.6/site-packages/requests/sessions.py", line 639, in send
    r = adapter.send(request, **kwargs)
  File "/home/studentyl/anaconda3/lib/python3.6/site-packages/requests/adapters.py", line 488, in send
    raise ConnectionError(err, request=request)
requests.exceptions.ConnectionError: ('Connection aborted.', RemoteDisconnected('Remote end closed connection without response',))
