page 22650
/bbs/Gossiping/M.1496680715.A.41B.html download to ptt/Gossiping/22650_0.txt, time: 3.680000
/bbs/Gossiping/M.1496680720.A.C92.html download to ptt/Gossiping/22650_1.txt, time: 5.080000
/bbs/Gossiping/M.1496680731.A.8A8.html download to ptt/Gossiping/22650_2.txt, time: 4.870000
/bbs/Gossiping/M.1496680755.A.36C.html download to ptt/Gossiping/22650_3.txt, time: 5.090000
/bbs/Gossiping/M.1496680809.A.AB7.html download to ptt/Gossiping/22650_4.txt, time: 5.180000
/bbs/Gossiping/M.1496680819.A.18D.html download to ptt/Gossiping/22650_5.txt, time: 4.470000
/bbs/Gossiping/M.1496680822.A.BB6.html download to ptt/Gossiping/22650_6.txt, time: 5.530000
/bbs/Gossiping/M.1496680843.A.867.html download to ptt/Gossiping/22650_7.txt, time: 6.320000
/bbs/Gossiping/M.1496680894.A.DCB.html download to ptt/Gossiping/22650_8.txt, time: 3.330000
/bbs/Gossiping/M.1496680914.A.FF2.html download to ptt/Gossiping/22650_9.txt, time: 6.070000
/bbs/Gossiping/M.1496680916.A.BF1.html download to ptt/Gossiping/22650_10.txt, time: 3.520000
/bbs/Gossiping/M.1496680940.A.C38.html download to ptt/Gossiping/22650_11.txt, time: 7.790000
/bbs/Gossiping/M.1496680941.A.B90.html download to ptt/Gossiping/22650_12.txt, time: 5.550000
empty download to ptt/Gossiping/22650_13.txt, time: 0.000000
/bbs/Gossiping/M.1496680999.A.ADA.html download to ptt/Gossiping/22650_14.txt, time: 3.650000
/bbs/Gossiping/M.1496681001.A.B7C.html download to ptt/Gossiping/22650_15.txt, time: 6.310000
/bbs/Gossiping/M.1496681040.A.113.html download to ptt/Gossiping/22650_16.txt, time: 5.500000
/bbs/Gossiping/M.1496681042.A.8BD.html download to ptt/Gossiping/22650_17.txt, time: 4.980000
empty download to ptt/Gossiping/22650_18.txt, time: 0.000000
/bbs/Gossiping/M.1496681069.A.89F.html download to ptt/Gossiping/22650_19.txt, time: 6.160000
page 22649
/bbs/Gossiping/M.1496680294.A.530.html download to ptt/Gossiping/22649_0.txt, time: 4.290000
empty download to ptt/Gossiping/22649_1.txt, time: 0.000000
/bbs/Gossiping/M.1496680316.A.807.html download to ptt/Gossiping/22649_2.txt, time: 4.160000
/bbs/Gossiping/M.1496680334.A.CD1.html download to ptt/Gossiping/22649_3.txt, time: 6.620000
/bbs/Gossiping/M.1496680335.A.4B0.html download to ptt/Gossiping/22649_4.txt, time: 6.260000
/bbs/Gossiping/M.1496680339.A.1CB.html download to ptt/Gossiping/22649_5.txt, time: 7.270000
/bbs/Gossiping/M.1496680391.A.A64.html download to ptt/Gossiping/22649_6.txt, time: 3.100000
/bbs/Gossiping/M.1496680403.A.307.html download to ptt/Gossiping/22649_7.txt, time: 5.950000
/bbs/Gossiping/M.1496680429.A.599.html download to ptt/Gossiping/22649_8.txt, time: 3.920000
/bbs/Gossiping/M.1496680468.A.9C1.html download to ptt/Gossiping/22649_9.txt, time: 3.920000
/bbs/Gossiping/M.1496680478.A.04D.html download to ptt/Gossiping/22649_10.txt, time: 4.730000
/bbs/Gossiping/M.1496680482.A.D09.html download to ptt/Gossiping/22649_11.txt, time: 5.040000
/bbs/Gossiping/M.1496680548.A.C12.html download to ptt/Gossiping/22649_12.txt, time: 3.980000
/bbs/Gossiping/M.1496680580.A.834.html download to ptt/Gossiping/22649_13.txt, time: 5.670000
/bbs/Gossiping/M.1496680610.A.D81.html download to ptt/Gossiping/22649_14.txt, time: 4.040000
/bbs/Gossiping/M.1496680611.A.7B9.html download to ptt/Gossiping/22649_15.txt, time: 3.200000
/bbs/Gossiping/M.1496680650.A.746.html download to ptt/Gossiping/22649_16.txt, time: 4.720000
/bbs/Gossiping/M.1496680682.A.2B3.html download to ptt/Gossiping/22649_17.txt, time: 4.880000
/bbs/Gossiping/M.1496680686.A.D33.html download to ptt/Gossiping/22649_18.txt, time: 4.310000
/bbs/Gossiping/M.1496680705.A.96E.html download to ptt/Gossiping/22649_19.txt, time: 6.710000
page 22648
/bbs/Gossiping/M.1496679909.A.D50.html download to ptt/Gossiping/22648_0.txt, time: 5.970000
/bbs/Gossiping/M.1496679916.A.FB4.html download to ptt/Gossiping/22648_1.txt, time: 5.830000
/bbs/Gossiping/M.1496679927.A.DD5.html download to ptt/Gossiping/22648_2.txt, time: 4.050000
/bbs/Gossiping/M.1496679938.A.8DB.html download to ptt/Gossiping/22648_3.txt, time: 4.130000
/bbs/Gossiping/M.1496679947.A.788.html download to ptt/Gossiping/22648_4.txt, time: 4.550000
/bbs/Gossiping/M.1496680024.A.3C0.html download to ptt/Gossiping/22648_5.txt, time: 4.470000
/bbs/Gossiping/M.1496680028.A.50E.html download to ptt/Gossiping/22648_6.txt, time: 6.810000
/bbs/Gossiping/M.1496680030.A.942.html download to ptt/Gossiping/22648_7.txt, time: 6.310000
/bbs/Gossiping/M.1496680031.A.FE8.html download to ptt/Gossiping/22648_8.txt, time: 5.630000
/bbs/Gossiping/M.1496680063.A.B18.html download to ptt/Gossiping/22648_9.txt, time: 4.750000
/bbs/Gossiping/M.1496680072.A.041.html download to ptt/Gossiping/22648_10.txt, time: 5.560000
/bbs/Gossiping/M.1496680077.A.4C1.html download to ptt/Gossiping/22648_11.txt, time: 6.210000
/bbs/Gossiping/M.1496680082.A.842.html download to ptt/Gossiping/22648_12.txt, time: 7.870000
/bbs/Gossiping/M.1496680103.A.70C.html download to ptt/Gossiping/22648_13.txt, time: 8.190000
/bbs/Gossiping/M.1496680117.A.A93.html download to ptt/Gossiping/22648_14.txt, time: 12.010000
/bbs/Gossiping/M.1496680124.A.1A8.html download to ptt/Gossiping/22648_15.txt, time: 7.900000
/bbs/Gossiping/M.1496680144.A.16B.html download to ptt/Gossiping/22648_16.txt, time: 6.920000
/bbs/Gossiping/M.1496680196.A.04D.html download to ptt/Gossiping/22648_17.txt, time: 4.020000
/bbs/Gossiping/M.1496680255.A.264.html download to ptt/Gossiping/22648_18.txt, time: 3.750000
/bbs/Gossiping/M.1496680287.A.807.html download to ptt/Gossiping/22648_19.txt, time: 4.980000
page 22647
/bbs/Gossiping/M.1496679492.A.08F.html download to ptt/Gossiping/22647_0.txt, time: 5.500000
/bbs/Gossiping/M.1496679528.A.522.html download to ptt/Gossiping/22647_1.txt, time: 3.120000
/bbs/Gossiping/M.1496679544.A.0F1.html download to ptt/Gossiping/22647_2.txt, time: 7.710000
/bbs/Gossiping/M.1496679593.A.BED.html download to ptt/Gossiping/22647_3.txt, time: 3.280000
empty download to ptt/Gossiping/22647_4.txt, time: 0.000000
/bbs/Gossiping/M.1496679643.A.21C.html download to ptt/Gossiping/22647_5.txt, time: 4.490000
/bbs/Gossiping/M.1496679704.A.8A9.html download to ptt/Gossiping/22647_6.txt, time: 4.370000
/bbs/Gossiping/M.1496679739.A.543.html download to ptt/Gossiping/22647_7.txt, time: 3.520000
/bbs/Gossiping/M.1496679748.A.744.html download to ptt/Gossiping/22647_8.txt, time: 4.250000
/bbs/Gossiping/M.1496679801.A.63A.html download to ptt/Gossiping/22647_9.txt, time: 4.470000
/bbs/Gossiping/M.1496679808.A.05D.html download to ptt/Gossiping/22647_10.txt, time: 4.040000
/bbs/Gossiping/M.1496679819.A.51C.html download to ptt/Gossiping/22647_11.txt, time: 3.410000
/bbs/Gossiping/M.1496679831.A.CB1.html download to ptt/Gossiping/22647_12.txt, time: 4.660000
/bbs/Gossiping/M.1496679834.A.294.html download to ptt/Gossiping/22647_13.txt, time: 4.500000
/bbs/Gossiping/M.1496679835.A.A68.html download to ptt/Gossiping/22647_14.txt, time: 6.110000
/bbs/Gossiping/M.1496679836.A.04F.html download to ptt/Gossiping/22647_15.txt, time: 4.630000
/bbs/Gossiping/M.1496679839.A.C50.html download to ptt/Gossiping/22647_16.txt, time: 4.220000
/bbs/Gossiping/M.1496679844.A.CFC.html download to ptt/Gossiping/22647_17.txt, time: 3.650000
/bbs/Gossiping/M.1496679863.A.6F5.html download to ptt/Gossiping/22647_18.txt, time: 4.920000
/bbs/Gossiping/M.1496679908.A.C58.html download to ptt/Gossiping/22647_19.txt, time: 4.490000
page 22646
/bbs/Gossiping/M.1496679131.A.63C.html download to ptt/Gossiping/22646_0.txt, time: 4.190000
/bbs/Gossiping/M.1496679155.A.3EA.html download to ptt/Gossiping/22646_1.txt, time: 5.240000
/bbs/Gossiping/M.1496679206.A.88E.html download to ptt/Gossiping/22646_2.txt, time: 2.860000
/bbs/Gossiping/M.1496679259.A.DB4.html download to ptt/Gossiping/22646_3.txt, time: 3.640000
/bbs/Gossiping/M.1496679263.A.004.html download to ptt/Gossiping/22646_4.txt, time: 3.570000
/bbs/Gossiping/M.1496679284.A.D29.html download to ptt/Gossiping/22646_5.txt, time: 4.530000
/bbs/Gossiping/M.1496679297.A.6F2.html download to ptt/Gossiping/22646_6.txt, time: 6.940000
/bbs/Gossiping/M.1496679342.A.647.html download to ptt/Gossiping/22646_7.txt, time: 5.330000
/bbs/Gossiping/M.1496679368.A.7A8.html download to ptt/Gossiping/22646_8.txt, time: 3.650000
/bbs/Gossiping/M.1496679371.A.9C2.html download to ptt/Gossiping/22646_9.txt, time: 3.860000
/bbs/Gossiping/M.1496679371.A.A3E.html download to ptt/Gossiping/22646_10.txt, time: 3.870000
/bbs/Gossiping/M.1496679404.A.343.html download to ptt/Gossiping/22646_11.txt, time: 4.610000
/bbs/Gossiping/M.1496679414.A.6D1.html download to ptt/Gossiping/22646_12.txt, time: 5.340000
/bbs/Gossiping/M.1496679421.A.CCE.html download to ptt/Gossiping/22646_13.txt, time: 5.030000
/bbs/Gossiping/M.1496679423.A.3F3.html download to ptt/Gossiping/22646_14.txt, time: 4.750000
/bbs/Gossiping/M.1496679427.A.EE3.html download to ptt/Gossiping/22646_15.txt, time: 2.800000
/bbs/Gossiping/M.1496679429.A.A9E.html download to ptt/Gossiping/22646_16.txt, time: 3.960000
/bbs/Gossiping/M.1496679457.A.4D0.html download to ptt/Gossiping/22646_17.txt, time: 2.940000
/bbs/Gossiping/M.1496679457.A.064.html download to ptt/Gossiping/22646_18.txt, time: 5.130000
/bbs/Gossiping/M.1496679460.A.677.html download to ptt/Gossiping/22646_19.txt, time: 2.990000
time: 538.8527216911316 seconds
