page 22660
/bbs/Gossiping/M.1496687301.A.FA2.html download to ptt/Gossiping/22660_0.txt, time: 5.400000
/bbs/Gossiping/M.1496687409.A.8A4.html download to ptt/Gossiping/22660_1.txt, time: 4.720000
/bbs/Gossiping/M.1496687424.A.530.html download to ptt/Gossiping/22660_2.txt, time: 4.930000
/bbs/Gossiping/M.1496687475.A.DBB.html download to ptt/Gossiping/22660_3.txt, time: 5.370000
/bbs/Gossiping/M.1496687679.A.A02.html download to ptt/Gossiping/22660_4.txt, time: 4.580000
/bbs/Gossiping/M.1496687755.A.AE0.html download to ptt/Gossiping/22660_5.txt, time: 5.960000
/bbs/Gossiping/M.1496687803.A.384.html download to ptt/Gossiping/22660_6.txt, time: 5.830000
/bbs/Gossiping/M.1496687899.A.90B.html download to ptt/Gossiping/22660_7.txt, time: 3.840000
/bbs/Gossiping/M.1496687982.A.81A.html download to ptt/Gossiping/22660_8.txt, time: 6.430000
/bbs/Gossiping/M.1496688285.A.B15.html download to ptt/Gossiping/22660_9.txt, time: 5.650000
/bbs/Gossiping/M.1496688305.A.65D.html download to ptt/Gossiping/22660_10.txt, time: 7.850000
/bbs/Gossiping/M.1496688345.A.350.html download to ptt/Gossiping/22660_11.txt, time: 6.160000
/bbs/Gossiping/M.1496688358.A.CEB.html download to ptt/Gossiping/22660_12.txt, time: 4.240000
/bbs/Gossiping/M.1496688377.A.F5C.html download to ptt/Gossiping/22660_13.txt, time: 4.460000
/bbs/Gossiping/M.1496688379.A.FBC.html download to ptt/Gossiping/22660_14.txt, time: 4.200000
/bbs/Gossiping/M.1496688406.A.238.html download to ptt/Gossiping/22660_15.txt, time: 4.390000
/bbs/Gossiping/M.1496688448.A.CFE.html download to ptt/Gossiping/22660_16.txt, time: 4.700000
empty download to ptt/Gossiping/22660_17.txt, time: 0.000000
/bbs/Gossiping/M.1496688503.A.05C.html download to ptt/Gossiping/22660_18.txt, time: 8.780000
/bbs/Gossiping/M.1496688588.A.096.html download to ptt/Gossiping/22660_19.txt, time: 4.180000
page 22659
/bbs/Gossiping/M.1496686292.A.6C8.html download to ptt/Gossiping/22659_0.txt, time: 5.960000
empty download to ptt/Gossiping/22659_1.txt, time: 0.000000
/bbs/Gossiping/M.1496686318.A.2E1.html download to ptt/Gossiping/22659_2.txt, time: 5.870000
/bbs/Gossiping/M.1496686349.A.0C1.html download to ptt/Gossiping/22659_3.txt, time: 6.570000
/bbs/Gossiping/M.1496686370.A.6B0.html download to ptt/Gossiping/22659_4.txt, time: 5.350000
/bbs/Gossiping/M.1496686378.A.41E.html download to ptt/Gossiping/22659_5.txt, time: 4.960000
/bbs/Gossiping/M.1496686380.A.08A.html download to ptt/Gossiping/22659_6.txt, time: 4.930000
/bbs/Gossiping/M.1496686628.A.489.html download to ptt/Gossiping/22659_7.txt, time: 4.920000
/bbs/Gossiping/M.1496686657.A.E1C.html download to ptt/Gossiping/22659_8.txt, time: 5.250000
/bbs/Gossiping/M.1496686662.A.796.html download to ptt/Gossiping/22659_9.txt, time: 3.140000
/bbs/Gossiping/M.1496686674.A.036.html download to ptt/Gossiping/22659_10.txt, time: 4.680000
/bbs/Gossiping/M.1496686766.A.EE3.html download to ptt/Gossiping/22659_11.txt, time: 4.210000
/bbs/Gossiping/M.1496686839.A.16F.html download to ptt/Gossiping/22659_12.txt, time: 4.940000
/bbs/Gossiping/M.1496686983.A.8FD.html download to ptt/Gossiping/22659_13.txt, time: 3.120000
/bbs/Gossiping/M.1496687050.A.D7C.html download to ptt/Gossiping/22659_14.txt, time: 5.930000
/bbs/Gossiping/M.1496687072.A.AF2.html download to ptt/Gossiping/22659_15.txt, time: 5.720000
/bbs/Gossiping/M.1496687084.A.CD5.html download to ptt/Gossiping/22659_16.txt, time: 4.480000
/bbs/Gossiping/M.1496687131.A.746.html download to ptt/Gossiping/22659_17.txt, time: 4.850000
/bbs/Gossiping/M.1496687142.A.151.html download to ptt/Gossiping/22659_18.txt, time: 5.210000
/bbs/Gossiping/M.1496687299.A.6CF.html download to ptt/Gossiping/22659_19.txt, time: 4.780000
page 22658
/bbs/Gossiping/M.1496685523.A.C68.html download to ptt/Gossiping/22658_0.txt, time: 4.160000
empty download to ptt/Gossiping/22658_1.txt, time: 0.000000
/bbs/Gossiping/M.1496685738.A.A3C.html download to ptt/Gossiping/22658_2.txt, time: 5.590000
empty download to ptt/Gossiping/22658_3.txt, time: 0.000000
/bbs/Gossiping/M.1496685783.A.C40.html download to ptt/Gossiping/22658_4.txt, time: 4.990000
/bbs/Gossiping/M.1496685786.A.B8C.html download to ptt/Gossiping/22658_5.txt, time: 5.510000
/bbs/Gossiping/M.1496685865.A.FC6.html download to ptt/Gossiping/22658_6.txt, time: 5.790000
/bbs/Gossiping/M.1496685882.A.49D.html download to ptt/Gossiping/22658_7.txt, time: 8.060000
/bbs/Gossiping/M.1496685940.A.5CA.html download to ptt/Gossiping/22658_8.txt, time: 10.480000
empty download to ptt/Gossiping/22658_9.txt, time: 0.000000
/bbs/Gossiping/M.1496685979.A.AF9.html download to ptt/Gossiping/22658_10.txt, time: 8.410000
/bbs/Gossiping/M.1496686010.A.36A.html download to ptt/Gossiping/22658_11.txt, time: 4.840000
/bbs/Gossiping/M.1496686083.A.AA7.html download to ptt/Gossiping/22658_12.txt, time: 4.150000
/bbs/Gossiping/M.1496686118.A.105.html download to ptt/Gossiping/22658_13.txt, time: 4.530000
/bbs/Gossiping/M.1496686132.A.EFA.html download to ptt/Gossiping/22658_14.txt, time: 6.340000
/bbs/Gossiping/M.1496686194.A.9A9.html download to ptt/Gossiping/22658_15.txt, time: 4.060000
/bbs/Gossiping/M.1496686194.A.3DA.html download to ptt/Gossiping/22658_16.txt, time: 6.440000
/bbs/Gossiping/M.1496686197.A.D0B.html download to ptt/Gossiping/22658_17.txt, time: 3.530000
/bbs/Gossiping/M.1496686237.A.7DE.html download to ptt/Gossiping/22658_18.txt, time: 3.780000
/bbs/Gossiping/M.1496686284.A.449.html download to ptt/Gossiping/22658_19.txt, time: 7.550000
page 22657
/bbs/Gossiping/M.1496684550.A.E59.html download to ptt/Gossiping/22657_0.txt, time: 3.440000
/bbs/Gossiping/M.1496684586.A.50D.html download to ptt/Gossiping/22657_1.txt, time: 9.370000
/bbs/Gossiping/M.1496684622.A.D4A.html download to ptt/Gossiping/22657_2.txt, time: 4.380000
/bbs/Gossiping/M.1496684631.A.232.html download to ptt/Gossiping/22657_3.txt, time: 5.480000
/bbs/Gossiping/M.1496684731.A.FD7.html download to ptt/Gossiping/22657_4.txt, time: 3.780000
/bbs/Gossiping/M.1496684864.A.C94.html download to ptt/Gossiping/22657_5.txt, time: 6.700000
/bbs/Gossiping/M.1496684936.A.DFE.html download to ptt/Gossiping/22657_6.txt, time: 3.230000
/bbs/Gossiping/M.1496684971.A.395.html download to ptt/Gossiping/22657_7.txt, time: 3.980000
/bbs/Gossiping/M.1496685052.A.1E5.html download to ptt/Gossiping/22657_8.txt, time: 3.240000
/bbs/Gossiping/M.1496685089.A.F3A.html download to ptt/Gossiping/22657_9.txt, time: 3.490000
/bbs/Gossiping/M.1496685101.A.DD4.html download to ptt/Gossiping/22657_10.txt, time: 3.850000
/bbs/Gossiping/M.1496685131.A.E40.html download to ptt/Gossiping/22657_11.txt, time: 3.820000
/bbs/Gossiping/M.1496685137.A.24E.html download to ptt/Gossiping/22657_12.txt, time: 4.750000
/bbs/Gossiping/M.1496685157.A.ED0.html download to ptt/Gossiping/22657_13.txt, time: 3.740000
/bbs/Gossiping/M.1496685169.A.F69.html download to ptt/Gossiping/22657_14.txt, time: 4.470000
/bbs/Gossiping/M.1496685288.A.B03.html download to ptt/Gossiping/22657_15.txt, time: 4.200000
/bbs/Gossiping/M.1496685325.A.735.html download to ptt/Gossiping/22657_16.txt, time: 5.180000
/bbs/Gossiping/M.1496685472.A.958.html download to ptt/Gossiping/22657_17.txt, time: 3.990000
/bbs/Gossiping/M.1496685477.A.896.html download to ptt/Gossiping/22657_18.txt, time: 3.470000
/bbs/Gossiping/M.1496685522.A.24E.html download to ptt/Gossiping/22657_19.txt, time: 4.500000
page 22656
/bbs/Gossiping/M.1496683643.A.72F.html download to ptt/Gossiping/22656_0.txt, time: 3.670000
/bbs/Gossiping/M.1496683663.A.FEE.html download to ptt/Gossiping/22656_1.txt, time: 4.110000
/bbs/Gossiping/M.1496683685.A.6EF.html download to ptt/Gossiping/22656_2.txt, time: 3.420000
empty download to ptt/Gossiping/22656_3.txt, time: 0.000000
/bbs/Gossiping/M.1496683704.A.A86.html download to ptt/Gossiping/22656_4.txt, time: 4.330000
/bbs/Gossiping/M.1496683715.A.E5A.html download to ptt/Gossiping/22656_5.txt, time: 4.880000
/bbs/Gossiping/M.1496683775.A.899.html download to ptt/Gossiping/22656_6.txt, time: 5.310000
/bbs/Gossiping/M.1496683780.A.715.html download to ptt/Gossiping/22656_7.txt, time: 6.880000
/bbs/Gossiping/M.1496683784.A.7D0.html download to ptt/Gossiping/22656_8.txt, time: 4.050000
/bbs/Gossiping/M.1496683922.A.F3C.html download to ptt/Gossiping/22656_9.txt, time: 3.720000
/bbs/Gossiping/M.1496683981.A.5A9.html download to ptt/Gossiping/22656_10.txt, time: 5.650000
/bbs/Gossiping/M.1496684033.A.15F.html download to ptt/Gossiping/22656_11.txt, time: 3.770000
/bbs/Gossiping/M.1496684041.A.D37.html download to ptt/Gossiping/22656_12.txt, time: 3.790000
/bbs/Gossiping/M.1496684106.A.916.html download to ptt/Gossiping/22656_13.txt, time: 3.620000
/bbs/Gossiping/M.1496684178.A.5E2.html download to ptt/Gossiping/22656_14.txt, time: 4.940000
/bbs/Gossiping/M.1496684227.A.F92.html download to ptt/Gossiping/22656_15.txt, time: 3.340000
/bbs/Gossiping/M.1496684264.A.DDA.html download to ptt/Gossiping/22656_16.txt, time: 3.230000
/bbs/Gossiping/M.1496684401.A.C63.html download to ptt/Gossiping/22656_17.txt, time: 4.110000
/bbs/Gossiping/M.1496684520.A.F57.html download to ptt/Gossiping/22656_18.txt, time: 3.980000
/bbs/Gossiping/M.1496684546.A.3A4.html download to ptt/Gossiping/22656_19.txt, time: 3.390000
time: 529.263837814331 seconds
