page 22670
/bbs/Gossiping/M.1496708476.A.CCD.html download to ptt/Gossiping/22670_0.txt, time: 5.400000
/bbs/Gossiping/M.1496708483.A.8C8.html download to ptt/Gossiping/22670_1.txt, time: 5.360000
/bbs/Gossiping/M.1496708555.A.FC1.html download to ptt/Gossiping/22670_2.txt, time: 4.930000
/bbs/Gossiping/M.1496708620.A.4A5.html download to ptt/Gossiping/22670_3.txt, time: 5.250000
/bbs/Gossiping/M.1496708665.A.4BD.html download to ptt/Gossiping/22670_4.txt, time: 5.270000
/bbs/Gossiping/M.1496708672.A.B5D.html download to ptt/Gossiping/22670_5.txt, time: 5.220000
/bbs/Gossiping/M.1496708799.A.430.html download to ptt/Gossiping/22670_6.txt, time: 5.200000
/bbs/Gossiping/M.1496708834.A.A9E.html download to ptt/Gossiping/22670_7.txt, time: 4.290000
/bbs/Gossiping/M.1496708847.A.DC6.html download to ptt/Gossiping/22670_8.txt, time: 4.680000
/bbs/Gossiping/M.1496708850.A.22F.html download to ptt/Gossiping/22670_9.txt, time: 5.740000
/bbs/Gossiping/M.1496708892.A.014.html download to ptt/Gossiping/22670_10.txt, time: 5.540000
/bbs/Gossiping/M.1496708942.A.D00.html download to ptt/Gossiping/22670_11.txt, time: 5.000000
/bbs/Gossiping/M.1496709010.A.6DB.html download to ptt/Gossiping/22670_12.txt, time: 6.010000
/bbs/Gossiping/M.1496709074.A.CD9.html download to ptt/Gossiping/22670_13.txt, time: 6.700000
/bbs/Gossiping/M.1496709102.A.085.html download to ptt/Gossiping/22670_14.txt, time: 4.300000
/bbs/Gossiping/M.1496709137.A.AC9.html download to ptt/Gossiping/22670_15.txt, time: 4.060000
/bbs/Gossiping/M.1496709218.A.E94.html download to ptt/Gossiping/22670_16.txt, time: 6.280000
/bbs/Gossiping/M.1496709231.A.B2B.html download to ptt/Gossiping/22670_17.txt, time: 4.680000
/bbs/Gossiping/M.1496709275.A.151.html download to ptt/Gossiping/22670_18.txt, time: 5.020000
/bbs/Gossiping/M.1496709304.A.1C6.html download to ptt/Gossiping/22670_19.txt, time: 5.920000
page 22669
/bbs/Gossiping/M.1496707550.A.BC5.html download to ptt/Gossiping/22669_0.txt, time: 4.310000
/bbs/Gossiping/M.1496707566.A.C35.html download to ptt/Gossiping/22669_1.txt, time: 4.900000
/bbs/Gossiping/M.1496707577.A.592.html download to ptt/Gossiping/22669_2.txt, time: 5.280000
/bbs/Gossiping/M.1496707584.A.45E.html download to ptt/Gossiping/22669_3.txt, time: 6.120000
/bbs/Gossiping/M.1496707604.A.142.html download to ptt/Gossiping/22669_4.txt, time: 3.720000
/bbs/Gossiping/M.1496707610.A.812.html download to ptt/Gossiping/22669_5.txt, time: 4.140000
/bbs/Gossiping/M.1496707647.A.1BD.html download to ptt/Gossiping/22669_6.txt, time: 3.990000
/bbs/Gossiping/M.1496707722.A.140.html download to ptt/Gossiping/22669_7.txt, time: 6.140000
/bbs/Gossiping/M.1496707771.A.6DC.html download to ptt/Gossiping/22669_8.txt, time: 5.870000
/bbs/Gossiping/M.1496707804.A.948.html download to ptt/Gossiping/22669_9.txt, time: 4.830000
/bbs/Gossiping/M.1496707850.A.6D3.html download to ptt/Gossiping/22669_10.txt, time: 5.120000
/bbs/Gossiping/M.1496707890.A.EF3.html download to ptt/Gossiping/22669_11.txt, time: 6.900000
/bbs/Gossiping/M.1496707896.A.988.html download to ptt/Gossiping/22669_12.txt, time: 4.350000
/bbs/Gossiping/M.1496707909.A.7CF.html download to ptt/Gossiping/22669_13.txt, time: 4.790000
/bbs/Gossiping/M.1496707920.A.0A1.html download to ptt/Gossiping/22669_14.txt, time: 5.030000
/bbs/Gossiping/M.1496707920.A.C50.html download to ptt/Gossiping/22669_15.txt, time: 5.680000
/bbs/Gossiping/M.1496707921.A.BAA.html download to ptt/Gossiping/22669_16.txt, time: 4.730000
/bbs/Gossiping/M.1496707921.A.598.html download to ptt/Gossiping/22669_17.txt, time: 7.470000
/bbs/Gossiping/M.1496707928.A.553.html download to ptt/Gossiping/22669_18.txt, time: 3.570000
/bbs/Gossiping/M.1496708145.A.7F6.html download to ptt/Gossiping/22669_19.txt, time: 4.890000
page 22668
/bbs/Gossiping/M.1496706458.A.9B7.html download to ptt/Gossiping/22668_0.txt, time: 6.220000
empty download to ptt/Gossiping/22668_1.txt, time: 0.000000
/bbs/Gossiping/M.1496706577.A.8BD.html download to ptt/Gossiping/22668_2.txt, time: 5.150000
/bbs/Gossiping/M.1496706637.A.50A.html download to ptt/Gossiping/22668_3.txt, time: 4.540000
/bbs/Gossiping/M.1496706661.A.C99.html download to ptt/Gossiping/22668_4.txt, time: 5.820000
/bbs/Gossiping/M.1496706705.A.79F.html download to ptt/Gossiping/22668_5.txt, time: 6.060000
/bbs/Gossiping/M.1496706783.A.D74.html download to ptt/Gossiping/22668_6.txt, time: 7.000000
/bbs/Gossiping/M.1496706810.A.4A9.html download to ptt/Gossiping/22668_7.txt, time: 16.650000
/bbs/Gossiping/M.1496706956.A.4CA.html download to ptt/Gossiping/22668_8.txt, time: 10.790000
/bbs/Gossiping/M.1496707008.A.93B.html download to ptt/Gossiping/22668_9.txt, time: 4.800000
/bbs/Gossiping/M.1496707087.A.8F3.html download to ptt/Gossiping/22668_10.txt, time: 9.610000
/bbs/Gossiping/M.1496707088.A.5CF.html download to ptt/Gossiping/22668_11.txt, time: 5.000000
/bbs/Gossiping/M.1496707135.A.30C.html download to ptt/Gossiping/22668_12.txt, time: 6.520000
/bbs/Gossiping/M.1496707143.A.108.html download to ptt/Gossiping/22668_13.txt, time: 4.650000
/bbs/Gossiping/M.1496707185.A.277.html download to ptt/Gossiping/22668_14.txt, time: 8.100000
/bbs/Gossiping/M.1496707196.A.D29.html download to ptt/Gossiping/22668_15.txt, time: 4.580000
/bbs/Gossiping/M.1496707359.A.2FA.html download to ptt/Gossiping/22668_16.txt, time: 5.120000
/bbs/Gossiping/M.1496707405.A.4AB.html download to ptt/Gossiping/22668_17.txt, time: 5.650000
/bbs/Gossiping/M.1496707460.A.88D.html download to ptt/Gossiping/22668_18.txt, time: 14.950000
empty download to ptt/Gossiping/22668_19.txt, time: 0.000000
page 22667
/bbs/Gossiping/M.1496704510.A.99D.html download to ptt/Gossiping/22667_0.txt, time: 4.600000
/bbs/Gossiping/M.1496704658.A.652.html download to ptt/Gossiping/22667_1.txt, time: 4.520000
/bbs/Gossiping/M.1496704761.A.B43.html download to ptt/Gossiping/22667_2.txt, time: 4.490000
/bbs/Gossiping/M.1496704898.A.F50.html download to ptt/Gossiping/22667_3.txt, time: 3.540000
/bbs/Gossiping/M.1496704927.A.B0F.html download to ptt/Gossiping/22667_4.txt, time: 4.850000
/bbs/Gossiping/M.1496704979.A.B57.html download to ptt/Gossiping/22667_5.txt, time: 3.580000
/bbs/Gossiping/M.1496705102.A.C80.html download to ptt/Gossiping/22667_6.txt, time: 4.430000
/bbs/Gossiping/M.1496705567.A.9FF.html download to ptt/Gossiping/22667_7.txt, time: 3.110000
/bbs/Gossiping/M.1496705718.A.F14.html download to ptt/Gossiping/22667_8.txt, time: 3.640000
/bbs/Gossiping/M.1496705756.A.ED6.html download to ptt/Gossiping/22667_9.txt, time: 2.750000
/bbs/Gossiping/M.1496706054.A.DB4.html download to ptt/Gossiping/22667_10.txt, time: 2.750000
/bbs/Gossiping/M.1496706113.A.337.html download to ptt/Gossiping/22667_11.txt, time: 3.600000
/bbs/Gossiping/M.1496706152.A.99F.html download to ptt/Gossiping/22667_12.txt, time: 3.890000
/bbs/Gossiping/M.1496706214.A.E11.html download to ptt/Gossiping/22667_13.txt, time: 4.810000
/bbs/Gossiping/M.1496706236.A.A06.html download to ptt/Gossiping/22667_14.txt, time: 3.510000
/bbs/Gossiping/M.1496706248.A.659.html download to ptt/Gossiping/22667_15.txt, time: 3.550000
/bbs/Gossiping/M.1496706259.A.219.html download to ptt/Gossiping/22667_16.txt, time: 3.880000
/bbs/Gossiping/M.1496706272.A.4F4.html download to ptt/Gossiping/22667_17.txt, time: 3.530000
/bbs/Gossiping/M.1496706298.A.B74.html download to ptt/Gossiping/22667_18.txt, time: 3.500000
/bbs/Gossiping/M.1496706368.A.C80.html download to ptt/Gossiping/22667_19.txt, time: 4.380000
page 22666
/bbs/Gossiping/M.1496701695.A.540.html download to ptt/Gossiping/22666_0.txt, time: 3.880000
/bbs/Gossiping/M.1496701705.A.D1A.html download to ptt/Gossiping/22666_1.txt, time: 3.990000
/bbs/Gossiping/M.1496701977.A.3D5.html download to ptt/Gossiping/22666_2.txt, time: 3.930000
/bbs/Gossiping/M.1496702007.A.E3D.html download to ptt/Gossiping/22666_3.txt, time: 8.390000
/bbs/Gossiping/M.1496702387.A.156.html download to ptt/Gossiping/22666_4.txt, time: 6.210000
/bbs/Gossiping/M.1496702467.A.FC4.html download to ptt/Gossiping/22666_5.txt, time: 3.400000
/bbs/Gossiping/M.1496702706.A.D96.html download to ptt/Gossiping/22666_6.txt, time: 4.740000
/bbs/Gossiping/M.1496702761.A.16C.html download to ptt/Gossiping/22666_7.txt, time: 5.450000
/bbs/Gossiping/M.1496702839.A.339.html download to ptt/Gossiping/22666_8.txt, time: 3.280000
/bbs/Gossiping/M.1496702984.A.325.html download to ptt/Gossiping/22666_9.txt, time: 2.700000
/bbs/Gossiping/M.1496702985.A.55B.html download to ptt/Gossiping/22666_10.txt, time: 3.890000
/bbs/Gossiping/M.1496703029.A.545.html download to ptt/Gossiping/22666_11.txt, time: 3.250000
/bbs/Gossiping/M.1496703321.A.E4F.html download to ptt/Gossiping/22666_12.txt, time: 3.600000
/bbs/Gossiping/M.1496703499.A.385.html download to ptt/Gossiping/22666_13.txt, time: 2.850000
/bbs/Gossiping/M.1496703704.A.019.html download to ptt/Gossiping/22666_14.txt, time: 2.860000
/bbs/Gossiping/M.1496703917.A.598.html download to ptt/Gossiping/22666_15.txt, time: 3.700000
/bbs/Gossiping/M.1496704019.A.302.html download to ptt/Gossiping/22666_16.txt, time: 3.850000
/bbs/Gossiping/M.1496704028.A.E1F.html download to ptt/Gossiping/22666_17.txt, time: 3.640000
/bbs/Gossiping/M.1496704368.A.462.html download to ptt/Gossiping/22666_18.txt, time: 5.360000
/bbs/Gossiping/M.1496704378.A.436.html download to ptt/Gossiping/22666_19.txt, time: 4.600000
time: 557.5893425941467 seconds
