page 22680
/bbs/Gossiping/M.1496715722.A.F4F.html download to ptt/Gossiping/22680_0.txt, time: 4.080000
/bbs/Gossiping/M.1496715727.A.5B9.html download to ptt/Gossiping/22680_1.txt, time: 5.040000
/bbs/Gossiping/M.1496715771.A.09A.html download to ptt/Gossiping/22680_2.txt, time: 5.230000
/bbs/Gossiping/M.1496715787.A.842.html download to ptt/Gossiping/22680_3.txt, time: 4.490000
/bbs/Gossiping/M.1496715794.A.D0A.html download to ptt/Gossiping/22680_4.txt, time: 6.300000
empty download to ptt/Gossiping/22680_5.txt, time: 0.000000
/bbs/Gossiping/M.1496715822.A.D88.html download to ptt/Gossiping/22680_6.txt, time: 9.090000
/bbs/Gossiping/M.1496715841.A.684.html download to ptt/Gossiping/22680_7.txt, time: 3.540000
/bbs/Gossiping/M.1496715876.A.FA8.html download to ptt/Gossiping/22680_8.txt, time: 4.300000
/bbs/Gossiping/M.1496715922.A.82D.html download to ptt/Gossiping/22680_9.txt, time: 3.390000
/bbs/Gossiping/M.1496715931.A.7F3.html download to ptt/Gossiping/22680_10.txt, time: 4.720000
empty download to ptt/Gossiping/22680_11.txt, time: 0.000000
/bbs/Gossiping/M.1496715958.A.154.html download to ptt/Gossiping/22680_12.txt, time: 4.500000
/bbs/Gossiping/M.1496715994.A.190.html download to ptt/Gossiping/22680_13.txt, time: 6.000000
/bbs/Gossiping/M.1496716007.A.4B4.html download to ptt/Gossiping/22680_14.txt, time: 6.150000
/bbs/Gossiping/M.1496716008.A.D08.html download to ptt/Gossiping/22680_15.txt, time: 4.060000
/bbs/Gossiping/M.1496716026.A.D65.html download to ptt/Gossiping/22680_16.txt, time: 3.600000
/bbs/Gossiping/M.1496716034.A.514.html download to ptt/Gossiping/22680_17.txt, time: 3.830000
/bbs/Gossiping/M.1496716096.A.6B7.html download to ptt/Gossiping/22680_18.txt, time: 5.390000
/bbs/Gossiping/M.1496716177.A.EA9.html download to ptt/Gossiping/22680_19.txt, time: 6.270000
page 22679
/bbs/Gossiping/M.1496714901.A.AE8.html download to ptt/Gossiping/22679_0.txt, time: 5.820000
/bbs/Gossiping/M.1496714911.A.B79.html download to ptt/Gossiping/22679_1.txt, time: 5.350000
/bbs/Gossiping/M.1496715068.A.BAC.html download to ptt/Gossiping/22679_2.txt, time: 5.010000
/bbs/Gossiping/M.1496715077.A.F47.html download to ptt/Gossiping/22679_3.txt, time: 5.510000
/bbs/Gossiping/M.1496715079.A.1D8.html download to ptt/Gossiping/22679_4.txt, time: 5.600000
/bbs/Gossiping/M.1496715120.A.163.html download to ptt/Gossiping/22679_5.txt, time: 5.620000
/bbs/Gossiping/M.1496715128.A.B61.html download to ptt/Gossiping/22679_6.txt, time: 6.820000
/bbs/Gossiping/M.1496715181.A.22A.html download to ptt/Gossiping/22679_7.txt, time: 6.810000
/bbs/Gossiping/M.1496715224.A.D61.html download to ptt/Gossiping/22679_8.txt, time: 4.560000
/bbs/Gossiping/M.1496715240.A.2FD.html download to ptt/Gossiping/22679_9.txt, time: 5.050000
/bbs/Gossiping/M.1496715288.A.E23.html download to ptt/Gossiping/22679_10.txt, time: 6.580000
/bbs/Gossiping/M.1496715300.A.345.html download to ptt/Gossiping/22679_11.txt, time: 4.960000
/bbs/Gossiping/M.1496715323.A.239.html download to ptt/Gossiping/22679_12.txt, time: 5.340000
empty download to ptt/Gossiping/22679_13.txt, time: 0.000000
/bbs/Gossiping/M.1496715365.A.4F7.html download to ptt/Gossiping/22679_14.txt, time: 5.890000
/bbs/Gossiping/M.1496715427.A.542.html download to ptt/Gossiping/22679_15.txt, time: 4.740000
empty download to ptt/Gossiping/22679_16.txt, time: 0.000000
/bbs/Gossiping/M.1496715547.A.6F9.html download to ptt/Gossiping/22679_17.txt, time: 3.730000
/bbs/Gossiping/M.1496715603.A.2E9.html download to ptt/Gossiping/22679_18.txt, time: 5.660000
/bbs/Gossiping/M.1496715656.A.94E.html download to ptt/Gossiping/22679_19.txt, time: 5.360000
page 22678
/bbs/Gossiping/M.1496714530.A.081.html download to ptt/Gossiping/22678_0.txt, time: 8.640000
/bbs/Gossiping/M.1496714550.A.97F.html download to ptt/Gossiping/22678_1.txt, time: 5.320000
/bbs/Gossiping/M.1496714568.A.93E.html download to ptt/Gossiping/22678_2.txt, time: 3.690000
/bbs/Gossiping/M.1496714570.A.464.html download to ptt/Gossiping/22678_3.txt, time: 3.370000
/bbs/Gossiping/M.1496714572.A.C0C.html download to ptt/Gossiping/22678_4.txt, time: 6.240000
/bbs/Gossiping/M.1496714575.A.9C9.html download to ptt/Gossiping/22678_5.txt, time: 7.070000
/bbs/Gossiping/M.1496714577.A.F2A.html download to ptt/Gossiping/22678_6.txt, time: 11.200000
/bbs/Gossiping/M.1496714604.A.6A4.html download to ptt/Gossiping/22678_7.txt, time: 4.240000
/bbs/Gossiping/M.1496714611.A.CE5.html download to ptt/Gossiping/22678_8.txt, time: 15.410000
/bbs/Gossiping/M.1496714635.A.B7D.html download to ptt/Gossiping/22678_9.txt, time: 4.980000
empty download to ptt/Gossiping/22678_10.txt, time: 0.000000
/bbs/Gossiping/M.1496714656.A.36A.html download to ptt/Gossiping/22678_11.txt, time: 7.300000
/bbs/Gossiping/M.1496714661.A.3F8.html download to ptt/Gossiping/22678_12.txt, time: 4.630000
/bbs/Gossiping/M.1496714714.A.EA6.html download to ptt/Gossiping/22678_13.txt, time: 3.860000
empty download to ptt/Gossiping/22678_14.txt, time: 0.000000
/bbs/Gossiping/M.1496714733.A.FB9.html download to ptt/Gossiping/22678_15.txt, time: 3.600000
/bbs/Gossiping/M.1496714755.A.E11.html download to ptt/Gossiping/22678_16.txt, time: 4.650000
/bbs/Gossiping/M.1496714802.A.8F2.html download to ptt/Gossiping/22678_17.txt, time: 5.000000
/bbs/Gossiping/M.1496714841.A.1A1.html download to ptt/Gossiping/22678_18.txt, time: 5.440000
/bbs/Gossiping/M.1496714900.A.39B.html download to ptt/Gossiping/22678_19.txt, time: 3.650000
page 22677
/bbs/Gossiping/M.1496713925.A.F87.html download to ptt/Gossiping/22677_0.txt, time: 4.350000
/bbs/Gossiping/M.1496713937.A.193.html download to ptt/Gossiping/22677_1.txt, time: 4.380000
/bbs/Gossiping/M.1496714051.A.5C1.html download to ptt/Gossiping/22677_2.txt, time: 4.510000
/bbs/Gossiping/M.1496714071.A.F29.html download to ptt/Gossiping/22677_3.txt, time: 4.150000
/bbs/Gossiping/M.1496714127.A.26D.html download to ptt/Gossiping/22677_4.txt, time: 5.500000
/bbs/Gossiping/M.1496714149.A.76E.html download to ptt/Gossiping/22677_5.txt, time: 5.210000
/bbs/Gossiping/M.1496714155.A.A3C.html download to ptt/Gossiping/22677_6.txt, time: 4.730000
/bbs/Gossiping/M.1496714159.A.681.html download to ptt/Gossiping/22677_7.txt, time: 5.320000
/bbs/Gossiping/M.1496714190.A.2D1.html download to ptt/Gossiping/22677_8.txt, time: 6.320000
/bbs/Gossiping/M.1496714278.A.1C7.html download to ptt/Gossiping/22677_9.txt, time: 5.070000
/bbs/Gossiping/M.1496714335.A.B63.html download to ptt/Gossiping/22677_10.txt, time: 2.720000
/bbs/Gossiping/M.1496714367.A.72F.html download to ptt/Gossiping/22677_11.txt, time: 4.880000
/bbs/Gossiping/M.1496714391.A.1C7.html download to ptt/Gossiping/22677_12.txt, time: 4.550000
/bbs/Gossiping/M.1496714401.A.D2B.html download to ptt/Gossiping/22677_13.txt, time: 3.930000
/bbs/Gossiping/M.1496714452.A.450.html download to ptt/Gossiping/22677_14.txt, time: 3.450000
/bbs/Gossiping/M.1496714452.A.814.html download to ptt/Gossiping/22677_15.txt, time: 4.320000
/bbs/Gossiping/M.1496714469.A.89D.html download to ptt/Gossiping/22677_16.txt, time: 3.130000
/bbs/Gossiping/M.1496714491.A.5AC.html download to ptt/Gossiping/22677_17.txt, time: 4.960000
empty download to ptt/Gossiping/22677_18.txt, time: 0.000000
/bbs/Gossiping/M.1496714505.A.778.html download to ptt/Gossiping/22677_19.txt, time: 4.960000
page 22676
/bbs/Gossiping/M.1496713477.A.58C.html download to ptt/Gossiping/22676_0.txt, time: 3.490000
/bbs/Gossiping/M.1496713484.A.E24.html download to ptt/Gossiping/22676_1.txt, time: 3.790000
/bbs/Gossiping/M.1496713500.A.6CD.html download to ptt/Gossiping/22676_2.txt, time: 4.540000
/bbs/Gossiping/M.1496713511.A.E20.html download to ptt/Gossiping/22676_3.txt, time: 4.700000
/bbs/Gossiping/M.1496713534.A.427.html download to ptt/Gossiping/22676_4.txt, time: 5.560000
/bbs/Gossiping/M.1496713571.A.63D.html download to ptt/Gossiping/22676_5.txt, time: 3.780000
/bbs/Gossiping/M.1496713596.A.DCA.html download to ptt/Gossiping/22676_6.txt, time: 4.810000
/bbs/Gossiping/M.1496713606.A.EC2.html download to ptt/Gossiping/22676_7.txt, time: 2.910000
/bbs/Gossiping/M.1496713611.A.74E.html download to ptt/Gossiping/22676_8.txt, time: 4.090000
/bbs/Gossiping/M.1496713653.A.13B.html download to ptt/Gossiping/22676_9.txt, time: 4.050000
/bbs/Gossiping/M.1496713664.A.1C7.html download to ptt/Gossiping/22676_10.txt, time: 5.160000
/bbs/Gossiping/M.1496713664.A.E00.html download to ptt/Gossiping/22676_11.txt, time: 3.970000
/bbs/Gossiping/M.1496713670.A.883.html download to ptt/Gossiping/22676_12.txt, time: 3.740000
/bbs/Gossiping/M.1496713699.A.5A5.html download to ptt/Gossiping/22676_13.txt, time: 3.350000
/bbs/Gossiping/M.1496713734.A.ACB.html download to ptt/Gossiping/22676_14.txt, time: 4.690000
/bbs/Gossiping/M.1496713741.A.30C.html download to ptt/Gossiping/22676_15.txt, time: 3.790000
/bbs/Gossiping/M.1496713747.A.8CA.html download to ptt/Gossiping/22676_16.txt, time: 3.370000
/bbs/Gossiping/M.1496713775.A.9A9.html download to ptt/Gossiping/22676_17.txt, time: 3.280000
/bbs/Gossiping/M.1496713879.A.55F.html download to ptt/Gossiping/22676_18.txt, time: 3.070000
/bbs/Gossiping/M.1496713921.A.8E4.html download to ptt/Gossiping/22676_19.txt, time: 2.430000
time: 537.2146530151367 seconds
