page 22690
/bbs/Gossiping/M.1496720374.A.E06.html download to ptt/Gossiping/22690_0.txt, time: 5.010000
empty download to ptt/Gossiping/22690_1.txt, time: 0.000000
/bbs/Gossiping/M.1496720423.A.98E.html download to ptt/Gossiping/22690_2.txt, time: 5.100000
/bbs/Gossiping/M.1496720434.A.7A5.html download to ptt/Gossiping/22690_3.txt, time: 5.160000
/bbs/Gossiping/M.1496720434.A.29D.html download to ptt/Gossiping/22690_4.txt, time: 4.970000
/bbs/Gossiping/M.1496720442.A.387.html download to ptt/Gossiping/22690_5.txt, time: 5.450000
/bbs/Gossiping/M.1496720452.A.372.html download to ptt/Gossiping/22690_6.txt, time: 3.950000
/bbs/Gossiping/M.1496720476.A.8F2.html download to ptt/Gossiping/22690_7.txt, time: 5.800000
/bbs/Gossiping/M.1496720488.A.BF8.html download to ptt/Gossiping/22690_8.txt, time: 7.680000
/bbs/Gossiping/M.1496720504.A.8A6.html download to ptt/Gossiping/22690_9.txt, time: 4.270000
/bbs/Gossiping/M.1496720521.A.EE0.html download to ptt/Gossiping/22690_10.txt, time: 2.940000
/bbs/Gossiping/M.1496720523.A.AD9.html download to ptt/Gossiping/22690_11.txt, time: 4.910000
/bbs/Gossiping/M.1496720542.A.AFF.html download to ptt/Gossiping/22690_12.txt, time: 4.620000
/bbs/Gossiping/M.1496720543.A.B16.html download to ptt/Gossiping/22690_13.txt, time: 5.710000
/bbs/Gossiping/M.1496720561.A.643.html download to ptt/Gossiping/22690_14.txt, time: 8.450000
/bbs/Gossiping/M.1496720562.A.0B0.html download to ptt/Gossiping/22690_15.txt, time: 5.620000
/bbs/Gossiping/M.1496720569.A.D76.html download to ptt/Gossiping/22690_16.txt, time: 5.860000
/bbs/Gossiping/M.1496720594.A.EE6.html download to ptt/Gossiping/22690_17.txt, time: 4.240000
/bbs/Gossiping/M.1496720598.A.0F7.html download to ptt/Gossiping/22690_18.txt, time: 5.280000
/bbs/Gossiping/M.1496720650.A.9BD.html download to ptt/Gossiping/22690_19.txt, time: 4.420000
page 22689
/bbs/Gossiping/M.1496720098.A.CE6.html download to ptt/Gossiping/22689_0.txt, time: 4.650000
/bbs/Gossiping/M.1496720104.A.290.html download to ptt/Gossiping/22689_1.txt, time: 2.830000
empty download to ptt/Gossiping/22689_2.txt, time: 0.000000
/bbs/Gossiping/M.1496720129.A.BA5.html download to ptt/Gossiping/22689_3.txt, time: 4.610000
/bbs/Gossiping/M.1496720139.A.493.html download to ptt/Gossiping/22689_4.txt, time: 6.150000
/bbs/Gossiping/M.1496720140.A.B0E.html download to ptt/Gossiping/22689_5.txt, time: 6.910000
/bbs/Gossiping/M.1496720148.A.0A0.html download to ptt/Gossiping/22689_6.txt, time: 5.450000
/bbs/Gossiping/M.1496720179.A.591.html download to ptt/Gossiping/22689_7.txt, time: 6.530000
/bbs/Gossiping/M.1496720184.A.FE3.html download to ptt/Gossiping/22689_8.txt, time: 4.440000
/bbs/Gossiping/M.1496720196.A.E30.html download to ptt/Gossiping/22689_9.txt, time: 6.220000
/bbs/Gossiping/M.1496720229.A.9A0.html download to ptt/Gossiping/22689_10.txt, time: 3.820000
/bbs/Gossiping/M.1496720243.A.8EA.html download to ptt/Gossiping/22689_11.txt, time: 4.490000
/bbs/Gossiping/M.1496720270.A.BBB.html download to ptt/Gossiping/22689_12.txt, time: 3.610000
/bbs/Gossiping/M.1496720290.A.699.html download to ptt/Gossiping/22689_13.txt, time: 7.820000
/bbs/Gossiping/M.1496720296.A.721.html download to ptt/Gossiping/22689_14.txt, time: 6.990000
/bbs/Gossiping/M.1496720299.A.93F.html download to ptt/Gossiping/22689_15.txt, time: 4.530000
/bbs/Gossiping/M.1496720317.A.E80.html download to ptt/Gossiping/22689_16.txt, time: 3.970000
/bbs/Gossiping/M.1496720358.A.4F7.html download to ptt/Gossiping/22689_17.txt, time: 4.640000
/bbs/Gossiping/M.1496720367.A.FC6.html download to ptt/Gossiping/22689_18.txt, time: 4.470000
/bbs/Gossiping/M.1496720368.A.D65.html download to ptt/Gossiping/22689_19.txt, time: 4.010000
page 22688
/bbs/Gossiping/M.1496719590.A.C73.html download to ptt/Gossiping/22688_0.txt, time: 6.770000
/bbs/Gossiping/M.1496719621.A.DA2.html download to ptt/Gossiping/22688_1.txt, time: 5.860000
/bbs/Gossiping/M.1496719624.A.867.html download to ptt/Gossiping/22688_2.txt, time: 3.590000
/bbs/Gossiping/M.1496719646.A.F4D.html download to ptt/Gossiping/22688_3.txt, time: 3.450000
/bbs/Gossiping/M.1496719652.A.E0C.html download to ptt/Gossiping/22688_4.txt, time: 5.440000
/bbs/Gossiping/M.1496719655.A.1E3.html download to ptt/Gossiping/22688_5.txt, time: 7.170000
/bbs/Gossiping/M.1496719661.A.5FD.html download to ptt/Gossiping/22688_6.txt, time: 7.220000
/bbs/Gossiping/M.1496719741.A.880.html download to ptt/Gossiping/22688_7.txt, time: 6.100000
/bbs/Gossiping/M.1496719743.A.63F.html download to ptt/Gossiping/22688_8.txt, time: 4.390000
/bbs/Gossiping/M.1496719757.A.92C.html download to ptt/Gossiping/22688_9.txt, time: 5.610000
empty download to ptt/Gossiping/22688_10.txt, time: 0.000000
empty download to ptt/Gossiping/22688_11.txt, time: 0.000000
/bbs/Gossiping/M.1496719816.A.E6B.html download to ptt/Gossiping/22688_12.txt, time: 5.020000
/bbs/Gossiping/M.1496719917.A.5A4.html download to ptt/Gossiping/22688_13.txt, time: 3.940000
/bbs/Gossiping/M.1496719950.A.7BD.html download to ptt/Gossiping/22688_14.txt, time: 4.690000
/bbs/Gossiping/M.1496720006.A.650.html download to ptt/Gossiping/22688_15.txt, time: 7.080000
/bbs/Gossiping/M.1496720036.A.7F6.html download to ptt/Gossiping/22688_16.txt, time: 8.420000
/bbs/Gossiping/M.1496720037.A.833.html download to ptt/Gossiping/22688_17.txt, time: 6.100000
/bbs/Gossiping/M.1496720046.A.490.html download to ptt/Gossiping/22688_18.txt, time: 4.330000
/bbs/Gossiping/M.1496720093.A.077.html download to ptt/Gossiping/22688_19.txt, time: 6.120000
page 22687
/bbs/Gossiping/M.1496719146.A.2D3.html download to ptt/Gossiping/22687_0.txt, time: 6.900000
/bbs/Gossiping/M.1496719180.A.30A.html download to ptt/Gossiping/22687_1.txt, time: 7.490000
/bbs/Gossiping/M.1496719227.A.14D.html download to ptt/Gossiping/22687_2.txt, time: 4.900000
/bbs/Gossiping/M.1496719253.A.465.html download to ptt/Gossiping/22687_3.txt, time: 4.270000
/bbs/Gossiping/M.1496719260.A.DE5.html download to ptt/Gossiping/22687_4.txt, time: 3.830000
/bbs/Gossiping/M.1496719274.A.758.html download to ptt/Gossiping/22687_5.txt, time: 4.320000
/bbs/Gossiping/M.1496719295.A.A06.html download to ptt/Gossiping/22687_6.txt, time: 3.720000
/bbs/Gossiping/M.1496719314.A.872.html download to ptt/Gossiping/22687_7.txt, time: 3.150000
/bbs/Gossiping/M.1496719348.A.38C.html download to ptt/Gossiping/22687_8.txt, time: 5.530000
/bbs/Gossiping/M.1496719352.A.30A.html download to ptt/Gossiping/22687_9.txt, time: 5.030000
/bbs/Gossiping/M.1496719370.A.5CC.html download to ptt/Gossiping/22687_10.txt, time: 4.330000
/bbs/Gossiping/M.1496719371.A.D27.html download to ptt/Gossiping/22687_11.txt, time: 4.300000
/bbs/Gossiping/M.1496719420.A.587.html download to ptt/Gossiping/22687_12.txt, time: 3.750000
/bbs/Gossiping/M.1496719444.A.12A.html download to ptt/Gossiping/22687_13.txt, time: 3.480000
/bbs/Gossiping/M.1496719445.A.E3C.html download to ptt/Gossiping/22687_14.txt, time: 5.010000
/bbs/Gossiping/M.1496719457.A.17F.html download to ptt/Gossiping/22687_15.txt, time: 4.470000
/bbs/Gossiping/M.1496719467.A.15B.html download to ptt/Gossiping/22687_16.txt, time: 4.200000
empty download to ptt/Gossiping/22687_17.txt, time: 0.000000
/bbs/Gossiping/M.1496719490.A.8E7.html download to ptt/Gossiping/22687_18.txt, time: 5.240000
/bbs/Gossiping/M.1496719582.A.2B4.html download to ptt/Gossiping/22687_19.txt, time: 4.470000
page 22686
/bbs/Gossiping/M.1496718728.A.84A.html download to ptt/Gossiping/22686_0.txt, time: 4.280000
/bbs/Gossiping/M.1496718758.A.CF3.html download to ptt/Gossiping/22686_1.txt, time: 6.830000
/bbs/Gossiping/M.1496718792.A.7D1.html download to ptt/Gossiping/22686_2.txt, time: 5.440000
/bbs/Gossiping/M.1496718804.A.11D.html download to ptt/Gossiping/22686_3.txt, time: 3.200000
empty download to ptt/Gossiping/22686_4.txt, time: 0.000000
/bbs/Gossiping/M.1496718839.A.807.html download to ptt/Gossiping/22686_5.txt, time: 4.610000
/bbs/Gossiping/M.1496718876.A.864.html download to ptt/Gossiping/22686_6.txt, time: 4.740000
/bbs/Gossiping/M.1496718889.A.7B3.html download to ptt/Gossiping/22686_7.txt, time: 5.400000
/bbs/Gossiping/M.1496718890.A.306.html download to ptt/Gossiping/22686_8.txt, time: 3.520000
/bbs/Gossiping/M.1496718949.A.561.html download to ptt/Gossiping/22686_9.txt, time: 5.180000
/bbs/Gossiping/M.1496718972.A.2D4.html download to ptt/Gossiping/22686_10.txt, time: 3.770000
/bbs/Gossiping/M.1496718996.A.817.html download to ptt/Gossiping/22686_11.txt, time: 3.080000
/bbs/Gossiping/M.1496719005.A.2F3.html download to ptt/Gossiping/22686_12.txt, time: 3.360000
/bbs/Gossiping/M.1496719018.A.083.html download to ptt/Gossiping/22686_13.txt, time: 3.990000
/bbs/Gossiping/M.1496719025.A.963.html download to ptt/Gossiping/22686_14.txt, time: 4.430000
/bbs/Gossiping/M.1496719043.A.335.html download to ptt/Gossiping/22686_15.txt, time: 4.790000
/bbs/Gossiping/M.1496719090.A.D54.html download to ptt/Gossiping/22686_16.txt, time: 4.030000
/bbs/Gossiping/M.1496719119.A.68E.html download to ptt/Gossiping/22686_17.txt, time: 2.490000
/bbs/Gossiping/M.1496719131.A.CDF.html download to ptt/Gossiping/22686_18.txt, time: 2.740000
/bbs/Gossiping/M.1496719143.A.632.html download to ptt/Gossiping/22686_19.txt, time: 4.220000
time: 530.2355709075928 seconds
