page 22700
/bbs/Gossiping/M.1496725071.A.04B.html download to ptt/Gossiping/22700_0.txt, time: 4.400000
/bbs/Gossiping/M.1496725099.A.1A3.html download to ptt/Gossiping/22700_1.txt, time: 4.280000
/bbs/Gossiping/M.1496725126.A.AF0.html download to ptt/Gossiping/22700_2.txt, time: 6.950000
/bbs/Gossiping/M.1496725189.A.717.html download to ptt/Gossiping/22700_3.txt, time: 3.550000
/bbs/Gossiping/M.1496725194.A.282.html download to ptt/Gossiping/22700_4.txt, time: 3.470000
/bbs/Gossiping/M.1496725196.A.709.html download to ptt/Gossiping/22700_5.txt, time: 9.680000
/bbs/Gossiping/M.1496725243.A.345.html download to ptt/Gossiping/22700_6.txt, time: 6.850000
/bbs/Gossiping/M.1496725297.A.AB8.html download to ptt/Gossiping/22700_7.txt, time: 4.320000
/bbs/Gossiping/M.1496725303.A.27A.html download to ptt/Gossiping/22700_8.txt, time: 4.100000
/bbs/Gossiping/M.1496725316.A.974.html download to ptt/Gossiping/22700_9.txt, time: 6.230000
empty download to ptt/Gossiping/22700_10.txt, time: 0.000000
empty download to ptt/Gossiping/22700_11.txt, time: 0.000000
/bbs/Gossiping/M.1496725423.A.91A.html download to ptt/Gossiping/22700_12.txt, time: 3.930000
/bbs/Gossiping/M.1496725433.A.26A.html download to ptt/Gossiping/22700_13.txt, time: 9.690000
/bbs/Gossiping/M.1496725521.A.455.html download to ptt/Gossiping/22700_14.txt, time: 6.210000
/bbs/Gossiping/M.1496725567.A.9EF.html download to ptt/Gossiping/22700_15.txt, time: 6.360000
/bbs/Gossiping/M.1496725573.A.E54.html download to ptt/Gossiping/22700_16.txt, time: 5.370000
/bbs/Gossiping/M.1496725578.A.050.html download to ptt/Gossiping/22700_17.txt, time: 2.390000
/bbs/Gossiping/M.1496725645.A.256.html download to ptt/Gossiping/22700_18.txt, time: 4.000000
/bbs/Gossiping/M.1496725681.A.255.html download to ptt/Gossiping/22700_19.txt, time: 4.870000
page 22699
/bbs/Gossiping/M.1496724602.A.165.html download to ptt/Gossiping/22699_0.txt, time: 4.260000
/bbs/Gossiping/M.1496724615.A.D11.html download to ptt/Gossiping/22699_1.txt, time: 3.020000
/bbs/Gossiping/M.1496724677.A.542.html download to ptt/Gossiping/22699_2.txt, time: 4.810000
/bbs/Gossiping/M.1496724706.A.D24.html download to ptt/Gossiping/22699_3.txt, time: 5.380000
/bbs/Gossiping/M.1496724709.A.48A.html download to ptt/Gossiping/22699_4.txt, time: 6.220000
/bbs/Gossiping/M.1496724715.A.C36.html download to ptt/Gossiping/22699_5.txt, time: 4.910000
/bbs/Gossiping/M.1496724731.A.597.html download to ptt/Gossiping/22699_6.txt, time: 3.290000
/bbs/Gossiping/M.1496724736.A.AD3.html download to ptt/Gossiping/22699_7.txt, time: 3.960000
/bbs/Gossiping/M.1496724801.A.930.html download to ptt/Gossiping/22699_8.txt, time: 3.300000
/bbs/Gossiping/M.1496724814.A.2B8.html download to ptt/Gossiping/22699_9.txt, time: 4.840000
/bbs/Gossiping/M.1496724829.A.2EA.html download to ptt/Gossiping/22699_10.txt, time: 4.180000
/bbs/Gossiping/M.1496724932.A.7F3.html download to ptt/Gossiping/22699_11.txt, time: 3.760000
/bbs/Gossiping/M.1496724939.A.C6C.html download to ptt/Gossiping/22699_12.txt, time: 5.840000
empty download to ptt/Gossiping/22699_13.txt, time: 0.000000
/bbs/Gossiping/M.1496724957.A.CFF.html download to ptt/Gossiping/22699_14.txt, time: 3.920000
/bbs/Gossiping/M.1496724958.A.FEF.html download to ptt/Gossiping/22699_15.txt, time: 4.200000
/bbs/Gossiping/M.1496725020.A.0C1.html download to ptt/Gossiping/22699_16.txt, time: 6.130000
/bbs/Gossiping/M.1496725046.A.D3C.html download to ptt/Gossiping/22699_17.txt, time: 4.120000
/bbs/Gossiping/M.1496725058.A.7B0.html download to ptt/Gossiping/22699_18.txt, time: 4.560000
empty download to ptt/Gossiping/22699_19.txt, time: 0.000000
page 22698
/bbs/Gossiping/M.1496723932.A.2C3.html download to ptt/Gossiping/22698_0.txt, time: 5.080000
/bbs/Gossiping/M.1496723951.A.C25.html download to ptt/Gossiping/22698_1.txt, time: 4.420000
/bbs/Gossiping/M.1496724032.A.51D.html download to ptt/Gossiping/22698_2.txt, time: 15.720000
/bbs/Gossiping/M.1496724067.A.3D5.html download to ptt/Gossiping/22698_3.txt, time: 12.900000
/bbs/Gossiping/M.1496724074.A.F3F.html download to ptt/Gossiping/22698_4.txt, time: 4.870000
/bbs/Gossiping/M.1496724082.A.866.html download to ptt/Gossiping/22698_5.txt, time: 4.930000
/bbs/Gossiping/M.1496724181.A.4A8.html download to ptt/Gossiping/22698_6.txt, time: 5.110000
/bbs/Gossiping/M.1496724233.A.614.html download to ptt/Gossiping/22698_7.txt, time: 6.900000
/bbs/Gossiping/M.1496724287.A.AB3.html download to ptt/Gossiping/22698_8.txt, time: 5.470000
/bbs/Gossiping/M.1496724308.A.95D.html download to ptt/Gossiping/22698_9.txt, time: 4.410000
/bbs/Gossiping/M.1496724325.A.1D9.html download to ptt/Gossiping/22698_10.txt, time: 6.700000
empty download to ptt/Gossiping/22698_11.txt, time: 0.000000
/bbs/Gossiping/M.1496724373.A.2B2.html download to ptt/Gossiping/22698_12.txt, time: 6.960000
/bbs/Gossiping/M.1496724454.A.4BD.html download to ptt/Gossiping/22698_13.txt, time: 5.620000
/bbs/Gossiping/M.1496724458.A.52D.html download to ptt/Gossiping/22698_14.txt, time: 9.690000
/bbs/Gossiping/M.1496724474.A.F45.html download to ptt/Gossiping/22698_15.txt, time: 4.970000
/bbs/Gossiping/M.1496724515.A.B99.html download to ptt/Gossiping/22698_16.txt, time: 5.820000
/bbs/Gossiping/M.1496724519.A.189.html download to ptt/Gossiping/22698_17.txt, time: 12.730000
/bbs/Gossiping/M.1496724530.A.7BC.html download to ptt/Gossiping/22698_18.txt, time: 5.650000
/bbs/Gossiping/M.1496724570.A.43A.html download to ptt/Gossiping/22698_19.txt, time: 6.950000
page 22697
empty download to ptt/Gossiping/22697_0.txt, time: 0.000000
/bbs/Gossiping/M.1496723318.A.E4A.html download to ptt/Gossiping/22697_1.txt, time: 3.690000
/bbs/Gossiping/M.1496723330.A.66D.html download to ptt/Gossiping/22697_2.txt, time: 3.790000
/bbs/Gossiping/M.1496723359.A.D56.html download to ptt/Gossiping/22697_3.txt, time: 4.920000
/bbs/Gossiping/M.1496723440.A.4AB.html download to ptt/Gossiping/22697_4.txt, time: 3.690000
/bbs/Gossiping/M.1496723447.A.2D7.html download to ptt/Gossiping/22697_5.txt, time: 4.400000
/bbs/Gossiping/M.1496723492.A.429.html download to ptt/Gossiping/22697_6.txt, time: 2.850000
/bbs/Gossiping/M.1496723513.A.85D.html download to ptt/Gossiping/22697_7.txt, time: 5.020000
/bbs/Gossiping/M.1496723514.A.153.html download to ptt/Gossiping/22697_8.txt, time: 3.970000
/bbs/Gossiping/M.1496723522.A.C0B.html download to ptt/Gossiping/22697_9.txt, time: 3.420000
/bbs/Gossiping/M.1496723576.A.641.html download to ptt/Gossiping/22697_10.txt, time: 4.270000
/bbs/Gossiping/M.1496723582.A.1F8.html download to ptt/Gossiping/22697_11.txt, time: 3.930000
/bbs/Gossiping/M.1496723672.A.0E4.html download to ptt/Gossiping/22697_12.txt, time: 5.030000
/bbs/Gossiping/M.1496723724.A.A5D.html download to ptt/Gossiping/22697_13.txt, time: 6.670000
/bbs/Gossiping/M.1496723725.A.2A8.html download to ptt/Gossiping/22697_14.txt, time: 4.110000
/bbs/Gossiping/M.1496723739.A.598.html download to ptt/Gossiping/22697_15.txt, time: 4.810000
/bbs/Gossiping/M.1496723781.A.DA2.html download to ptt/Gossiping/22697_16.txt, time: 4.370000
/bbs/Gossiping/M.1496723803.A.8F5.html download to ptt/Gossiping/22697_17.txt, time: 3.540000
/bbs/Gossiping/M.1496723863.A.1B8.html download to ptt/Gossiping/22697_18.txt, time: 4.080000
/bbs/Gossiping/M.1496723891.A.44A.html download to ptt/Gossiping/22697_19.txt, time: 5.910000
page 22696
/bbs/Gossiping/M.1496722934.A.63A.html download to ptt/Gossiping/22696_0.txt, time: 3.720000
/bbs/Gossiping/M.1496722955.A.522.html download to ptt/Gossiping/22696_1.txt, time: 5.900000
/bbs/Gossiping/M.1496722976.A.983.html download to ptt/Gossiping/22696_2.txt, time: 5.080000
/bbs/Gossiping/M.1496722979.A.E3A.html download to ptt/Gossiping/22696_3.txt, time: 3.210000
/bbs/Gossiping/M.1496722992.A.BAC.html download to ptt/Gossiping/22696_4.txt, time: 4.740000
/bbs/Gossiping/M.1496723065.A.179.html download to ptt/Gossiping/22696_5.txt, time: 4.160000
/bbs/Gossiping/M.1496723100.A.D63.html download to ptt/Gossiping/22696_6.txt, time: 5.150000
/bbs/Gossiping/M.1496723112.A.CFE.html download to ptt/Gossiping/22696_7.txt, time: 2.870000
/bbs/Gossiping/M.1496723121.A.C1D.html download to ptt/Gossiping/22696_8.txt, time: 3.220000
/bbs/Gossiping/M.1496723134.A.127.html download to ptt/Gossiping/22696_9.txt, time: 3.930000
/bbs/Gossiping/M.1496723169.A.BB3.html download to ptt/Gossiping/22696_10.txt, time: 2.740000
/bbs/Gossiping/M.1496723174.A.8A2.html download to ptt/Gossiping/22696_11.txt, time: 3.690000
/bbs/Gossiping/M.1496723177.A.CAA.html download to ptt/Gossiping/22696_12.txt, time: 3.220000
empty download to ptt/Gossiping/22696_13.txt, time: 0.000000
/bbs/Gossiping/M.1496723200.A.92B.html download to ptt/Gossiping/22696_14.txt, time: 3.720000
/bbs/Gossiping/M.1496723208.A.5ED.html download to ptt/Gossiping/22696_15.txt, time: 3.170000
/bbs/Gossiping/M.1496723221.A.4BD.html download to ptt/Gossiping/22696_16.txt, time: 5.020000
/bbs/Gossiping/M.1496723236.A.CE7.html download to ptt/Gossiping/22696_17.txt, time: 3.030000
/bbs/Gossiping/M.1496723254.A.ED0.html download to ptt/Gossiping/22696_18.txt, time: 3.190000
/bbs/Gossiping/M.1496723302.A.74D.html download to ptt/Gossiping/22696_19.txt, time: 3.830000
time: 531.7230708599091 seconds
