page 22710
/bbs/Gossiping/M.1496729638.A.E44.html download to ptt/Gossiping/22710_0.txt, time: 5.420000
/bbs/Gossiping/M.1496729697.A.EAF.html download to ptt/Gossiping/22710_1.txt, time: 4.330000
/bbs/Gossiping/M.1496729709.A.655.html download to ptt/Gossiping/22710_2.txt, time: 4.690000
/bbs/Gossiping/M.1496729714.A.0D3.html download to ptt/Gossiping/22710_3.txt, time: 5.010000
empty download to ptt/Gossiping/22710_4.txt, time: 0.000000
/bbs/Gossiping/M.1496729741.A.CA6.html download to ptt/Gossiping/22710_5.txt, time: 4.590000
/bbs/Gossiping/M.1496729769.A.19B.html download to ptt/Gossiping/22710_6.txt, time: 5.220000
/bbs/Gossiping/M.1496729789.A.D3E.html download to ptt/Gossiping/22710_7.txt, time: 4.650000
/bbs/Gossiping/M.1496729814.A.E4F.html download to ptt/Gossiping/22710_8.txt, time: 3.500000
/bbs/Gossiping/M.1496729821.A.4AA.html download to ptt/Gossiping/22710_9.txt, time: 5.400000
/bbs/Gossiping/M.1496729830.A.A45.html download to ptt/Gossiping/22710_10.txt, time: 8.110000
/bbs/Gossiping/M.1496729841.A.D40.html download to ptt/Gossiping/22710_11.txt, time: 4.960000
/bbs/Gossiping/M.1496729885.A.7A4.html download to ptt/Gossiping/22710_12.txt, time: 5.500000
/bbs/Gossiping/M.1496729893.A.18A.html download to ptt/Gossiping/22710_13.txt, time: 5.980000
/bbs/Gossiping/M.1496729966.A.C88.html download to ptt/Gossiping/22710_14.txt, time: 5.040000
/bbs/Gossiping/M.1496730003.A.B9A.html download to ptt/Gossiping/22710_15.txt, time: 4.380000
/bbs/Gossiping/M.1496730059.A.52E.html download to ptt/Gossiping/22710_16.txt, time: 6.160000
/bbs/Gossiping/M.1496730088.A.1C8.html download to ptt/Gossiping/22710_17.txt, time: 6.470000
/bbs/Gossiping/M.1496730095.A.25B.html download to ptt/Gossiping/22710_18.txt, time: 4.290000
/bbs/Gossiping/M.1496730113.A.9EC.html download to ptt/Gossiping/22710_19.txt, time: 4.910000
page 22709
/bbs/Gossiping/M.1496729090.A.203.html download to ptt/Gossiping/22709_0.txt, time: 6.590000
/bbs/Gossiping/M.1496729090.A.845.html download to ptt/Gossiping/22709_1.txt, time: 3.560000
/bbs/Gossiping/M.1496729103.A.6A7.html download to ptt/Gossiping/22709_2.txt, time: 4.610000
/bbs/Gossiping/M.1496729111.A.09E.html download to ptt/Gossiping/22709_3.txt, time: 6.110000
/bbs/Gossiping/M.1496729125.A.E2B.html download to ptt/Gossiping/22709_4.txt, time: 4.490000
/bbs/Gossiping/M.1496729168.A.AB9.html download to ptt/Gossiping/22709_5.txt, time: 6.200000
/bbs/Gossiping/M.1496729182.A.AF9.html download to ptt/Gossiping/22709_6.txt, time: 7.140000
/bbs/Gossiping/M.1496729265.A.285.html download to ptt/Gossiping/22709_7.txt, time: 5.540000
/bbs/Gossiping/M.1496729269.A.88B.html download to ptt/Gossiping/22709_8.txt, time: 6.210000
/bbs/Gossiping/M.1496729269.A.E8E.html download to ptt/Gossiping/22709_9.txt, time: 5.570000
/bbs/Gossiping/M.1496729291.A.907.html download to ptt/Gossiping/22709_10.txt, time: 6.970000
empty download to ptt/Gossiping/22709_11.txt, time: 0.000000
/bbs/Gossiping/M.1496729298.A.087.html download to ptt/Gossiping/22709_12.txt, time: 5.540000
/bbs/Gossiping/M.1496729362.A.BEE.html download to ptt/Gossiping/22709_13.txt, time: 4.690000
/bbs/Gossiping/M.1496729441.A.1C0.html download to ptt/Gossiping/22709_14.txt, time: 5.110000
/bbs/Gossiping/M.1496729464.A.411.html download to ptt/Gossiping/22709_15.txt, time: 4.230000
/bbs/Gossiping/M.1496729519.A.D12.html download to ptt/Gossiping/22709_16.txt, time: 5.940000
/bbs/Gossiping/M.1496729530.A.0D2.html download to ptt/Gossiping/22709_17.txt, time: 6.850000
/bbs/Gossiping/M.1496729579.A.392.html download to ptt/Gossiping/22709_18.txt, time: 5.700000
/bbs/Gossiping/M.1496729584.A.5EB.html download to ptt/Gossiping/22709_19.txt, time: 5.950000
page 22708
/bbs/Gossiping/M.1496728764.A.DC6.html download to ptt/Gossiping/22708_0.txt, time: 5.570000
/bbs/Gossiping/M.1496728773.A.F9F.html download to ptt/Gossiping/22708_1.txt, time: 4.780000
/bbs/Gossiping/M.1496728783.A.ED4.html download to ptt/Gossiping/22708_2.txt, time: 9.950000
/bbs/Gossiping/M.1496728834.A.D56.html download to ptt/Gossiping/22708_3.txt, time: 13.250000
/bbs/Gossiping/M.1496728847.A.374.html download to ptt/Gossiping/22708_4.txt, time: 7.190000
/bbs/Gossiping/M.1496728874.A.591.html download to ptt/Gossiping/22708_5.txt, time: 5.460000
/bbs/Gossiping/M.1496728875.A.EAE.html download to ptt/Gossiping/22708_6.txt, time: 4.810000
/bbs/Gossiping/M.1496728886.A.16F.html download to ptt/Gossiping/22708_7.txt, time: 4.870000
/bbs/Gossiping/M.1496728888.A.8F0.html download to ptt/Gossiping/22708_8.txt, time: 5.050000
/bbs/Gossiping/M.1496728897.A.1A6.html download to ptt/Gossiping/22708_9.txt, time: 6.470000
/bbs/Gossiping/M.1496728909.A.D7C.html download to ptt/Gossiping/22708_10.txt, time: 6.150000
/bbs/Gossiping/M.1496728928.A.C38.html download to ptt/Gossiping/22708_11.txt, time: 5.410000
/bbs/Gossiping/M.1496728995.A.A6D.html download to ptt/Gossiping/22708_12.txt, time: 5.800000
/bbs/Gossiping/M.1496728995.A.A18.html download to ptt/Gossiping/22708_13.txt, time: 7.650000
/bbs/Gossiping/M.1496729008.A.5AF.html download to ptt/Gossiping/22708_14.txt, time: 7.200000
/bbs/Gossiping/M.1496729034.A.6EB.html download to ptt/Gossiping/22708_15.txt, time: 8.910000
/bbs/Gossiping/M.1496729049.A.514.html download to ptt/Gossiping/22708_16.txt, time: 5.080000
/bbs/Gossiping/M.1496729052.A.9E9.html download to ptt/Gossiping/22708_17.txt, time: 5.830000
/bbs/Gossiping/M.1496729058.A.0D1.html download to ptt/Gossiping/22708_18.txt, time: 6.710000
/bbs/Gossiping/M.1496729090.A.877.html download to ptt/Gossiping/22708_19.txt, time: 3.660000
page 22707
/bbs/Gossiping/M.1496728203.A.76C.html download to ptt/Gossiping/22707_0.txt, time: 4.740000
/bbs/Gossiping/M.1496728208.A.8BF.html download to ptt/Gossiping/22707_1.txt, time: 5.220000
/bbs/Gossiping/M.1496728240.A.551.html download to ptt/Gossiping/22707_2.txt, time: 4.620000
/bbs/Gossiping/M.1496728241.A.C3D.html download to ptt/Gossiping/22707_3.txt, time: 4.730000
/bbs/Gossiping/M.1496728243.A.91B.html download to ptt/Gossiping/22707_4.txt, time: 4.680000
/bbs/Gossiping/M.1496728250.A.7E4.html download to ptt/Gossiping/22707_5.txt, time: 3.530000
/bbs/Gossiping/M.1496728250.A.225.html download to ptt/Gossiping/22707_6.txt, time: 3.830000
/bbs/Gossiping/M.1496728315.A.928.html download to ptt/Gossiping/22707_7.txt, time: 3.830000
/bbs/Gossiping/M.1496728342.A.400.html download to ptt/Gossiping/22707_8.txt, time: 3.120000
/bbs/Gossiping/M.1496728364.A.53B.html download to ptt/Gossiping/22707_9.txt, time: 3.670000
/bbs/Gossiping/M.1496728422.A.DA8.html download to ptt/Gossiping/22707_10.txt, time: 5.480000
/bbs/Gossiping/M.1496728512.A.ED4.html download to ptt/Gossiping/22707_11.txt, time: 3.280000
/bbs/Gossiping/M.1496728560.A.1B3.html download to ptt/Gossiping/22707_12.txt, time: 5.130000
/bbs/Gossiping/M.1496728627.A.7D1.html download to ptt/Gossiping/22707_13.txt, time: 3.550000
/bbs/Gossiping/M.1496728628.A.9C4.html download to ptt/Gossiping/22707_14.txt, time: 5.220000
/bbs/Gossiping/M.1496728634.A.EA8.html download to ptt/Gossiping/22707_15.txt, time: 3.280000
/bbs/Gossiping/M.1496728681.A.160.html download to ptt/Gossiping/22707_16.txt, time: 3.430000
/bbs/Gossiping/M.1496728726.A.647.html download to ptt/Gossiping/22707_17.txt, time: 3.140000
/bbs/Gossiping/M.1496728741.A.916.html download to ptt/Gossiping/22707_18.txt, time: 4.750000
/bbs/Gossiping/M.1496728745.A.E80.html download to ptt/Gossiping/22707_19.txt, time: 8.790000
page 22706
/bbs/Gossiping/M.1496727736.A.FE0.html download to ptt/Gossiping/22706_0.txt, time: 3.420000
/bbs/Gossiping/M.1496727736.A.E0F.html download to ptt/Gossiping/22706_1.txt, time: 3.440000
/bbs/Gossiping/M.1496727746.A.7A2.html download to ptt/Gossiping/22706_2.txt, time: 2.950000
/bbs/Gossiping/M.1496727762.A.ECB.html download to ptt/Gossiping/22706_3.txt, time: 4.570000
/bbs/Gossiping/M.1496727765.A.09E.html download to ptt/Gossiping/22706_4.txt, time: 4.300000
/bbs/Gossiping/M.1496727804.A.499.html download to ptt/Gossiping/22706_5.txt, time: 3.770000
/bbs/Gossiping/M.1496727812.A.C93.html download to ptt/Gossiping/22706_6.txt, time: 3.750000
/bbs/Gossiping/M.1496727821.A.BA6.html download to ptt/Gossiping/22706_7.txt, time: 3.050000
/bbs/Gossiping/M.1496727857.A.4E9.html download to ptt/Gossiping/22706_8.txt, time: 3.470000
/bbs/Gossiping/M.1496727883.A.58D.html download to ptt/Gossiping/22706_9.txt, time: 3.600000
/bbs/Gossiping/M.1496727888.A.C3B.html download to ptt/Gossiping/22706_10.txt, time: 3.260000
/bbs/Gossiping/M.1496727916.A.902.html download to ptt/Gossiping/22706_11.txt, time: 4.800000
/bbs/Gossiping/M.1496727917.A.9CF.html download to ptt/Gossiping/22706_12.txt, time: 2.890000
empty download to ptt/Gossiping/22706_13.txt, time: 0.000000
/bbs/Gossiping/M.1496727929.A.0F1.html download to ptt/Gossiping/22706_14.txt, time: 3.190000
/bbs/Gossiping/M.1496727993.A.392.html download to ptt/Gossiping/22706_15.txt, time: 3.170000
/bbs/Gossiping/M.1496728026.A.CD0.html download to ptt/Gossiping/22706_16.txt, time: 3.710000
/bbs/Gossiping/M.1496728107.A.CCE.html download to ptt/Gossiping/22706_17.txt, time: 4.260000
/bbs/Gossiping/M.1496728112.A.B28.html download to ptt/Gossiping/22706_18.txt, time: 3.650000
/bbs/Gossiping/M.1496728193.A.86C.html download to ptt/Gossiping/22706_19.txt, time: 3.580000
time: 552.3085889816284 seconds
