page 22720
/bbs/Gossiping/M.1496734973.A.266.html download to ptt/Gossiping/22720_0.txt, time: 5.660000
/bbs/Gossiping/M.1496734990.A.907.html download to ptt/Gossiping/22720_1.txt, time: 4.170000
/bbs/Gossiping/M.1496735037.A.421.html download to ptt/Gossiping/22720_2.txt, time: 4.740000
empty download to ptt/Gossiping/22720_3.txt, time: 0.000000
/bbs/Gossiping/M.1496735095.A.20A.html download to ptt/Gossiping/22720_4.txt, time: 4.730000
/bbs/Gossiping/M.1496735139.A.143.html download to ptt/Gossiping/22720_5.txt, time: 3.850000
/bbs/Gossiping/M.1496735151.A.568.html download to ptt/Gossiping/22720_6.txt, time: 4.710000
/bbs/Gossiping/M.1496735151.A.D64.html download to ptt/Gossiping/22720_7.txt, time: 4.130000
/bbs/Gossiping/M.1496735258.A.8AA.html download to ptt/Gossiping/22720_8.txt, time: 4.340000
/bbs/Gossiping/M.1496735271.A.2EF.html download to ptt/Gossiping/22720_9.txt, time: 5.290000
/bbs/Gossiping/M.1496735275.A.B7C.html download to ptt/Gossiping/22720_10.txt, time: 3.570000
/bbs/Gossiping/M.1496735278.A.0B9.html download to ptt/Gossiping/22720_11.txt, time: 7.500000
/bbs/Gossiping/M.1496735286.A.642.html download to ptt/Gossiping/22720_12.txt, time: 4.590000
/bbs/Gossiping/M.1496735291.A.057.html download to ptt/Gossiping/22720_13.txt, time: 9.590000
/bbs/Gossiping/M.1496735302.A.502.html download to ptt/Gossiping/22720_14.txt, time: 4.570000
/bbs/Gossiping/M.1496735308.A.8FF.html download to ptt/Gossiping/22720_15.txt, time: 4.310000
/bbs/Gossiping/M.1496735326.A.94A.html download to ptt/Gossiping/22720_16.txt, time: 5.480000
/bbs/Gossiping/M.1496735408.A.80E.html download to ptt/Gossiping/22720_17.txt, time: 5.150000
/bbs/Gossiping/M.1496735411.A.976.html download to ptt/Gossiping/22720_18.txt, time: 3.950000
/bbs/Gossiping/M.1496735419.A.7AE.html download to ptt/Gossiping/22720_19.txt, time: 4.700000
page 22719
/bbs/Gossiping/M.1496734547.A.128.html download to ptt/Gossiping/22719_0.txt, time: 4.620000
/bbs/Gossiping/M.1496734563.A.701.html download to ptt/Gossiping/22719_1.txt, time: 4.780000
/bbs/Gossiping/M.1496734573.A.5E9.html download to ptt/Gossiping/22719_2.txt, time: 6.070000
/bbs/Gossiping/M.1496734603.A.B58.html download to ptt/Gossiping/22719_3.txt, time: 5.730000
/bbs/Gossiping/M.1496734604.A.DF7.html download to ptt/Gossiping/22719_4.txt, time: 3.600000
/bbs/Gossiping/M.1496734684.A.ECB.html download to ptt/Gossiping/22719_5.txt, time: 4.150000
/bbs/Gossiping/M.1496734687.A.CA9.html download to ptt/Gossiping/22719_6.txt, time: 4.350000
empty download to ptt/Gossiping/22719_7.txt, time: 0.000000
/bbs/Gossiping/M.1496734725.A.D45.html download to ptt/Gossiping/22719_8.txt, time: 4.600000
/bbs/Gossiping/M.1496734778.A.8C2.html download to ptt/Gossiping/22719_9.txt, time: 4.100000
/bbs/Gossiping/M.1496734799.A.C7E.html download to ptt/Gossiping/22719_10.txt, time: 5.570000
/bbs/Gossiping/M.1496734802.A.903.html download to ptt/Gossiping/22719_11.txt, time: 5.830000
/bbs/Gossiping/M.1496734802.A.DDA.html download to ptt/Gossiping/22719_12.txt, time: 7.200000
/bbs/Gossiping/M.1496734806.A.1F2.html download to ptt/Gossiping/22719_13.txt, time: 4.430000
/bbs/Gossiping/M.1496734807.A.12C.html download to ptt/Gossiping/22719_14.txt, time: 4.930000
/bbs/Gossiping/M.1496734828.A.D99.html download to ptt/Gossiping/22719_15.txt, time: 8.080000
/bbs/Gossiping/M.1496734831.A.017.html download to ptt/Gossiping/22719_16.txt, time: 4.260000
/bbs/Gossiping/M.1496734921.A.15B.html download to ptt/Gossiping/22719_17.txt, time: 4.980000
/bbs/Gossiping/M.1496734932.A.138.html download to ptt/Gossiping/22719_18.txt, time: 4.650000
empty download to ptt/Gossiping/22719_19.txt, time: 0.000000
page 22718
/bbs/Gossiping/M.1496733904.A.C95.html download to ptt/Gossiping/22718_0.txt, time: 5.370000
/bbs/Gossiping/M.1496733905.A.B91.html download to ptt/Gossiping/22718_1.txt, time: 6.460000
/bbs/Gossiping/M.1496733913.A.D51.html download to ptt/Gossiping/22718_2.txt, time: 5.830000
/bbs/Gossiping/M.1496733957.A.E2A.html download to ptt/Gossiping/22718_3.txt, time: 5.540000
/bbs/Gossiping/M.1496733995.A.104.html download to ptt/Gossiping/22718_4.txt, time: 5.010000
/bbs/Gossiping/M.1496733997.A.6CD.html download to ptt/Gossiping/22718_5.txt, time: 5.320000
/bbs/Gossiping/M.1496734013.A.0BC.html download to ptt/Gossiping/22718_6.txt, time: 3.650000
/bbs/Gossiping/M.1496734056.A.3DB.html download to ptt/Gossiping/22718_7.txt, time: 7.190000
/bbs/Gossiping/M.1496734090.A.6F3.html download to ptt/Gossiping/22718_8.txt, time: 8.330000
/bbs/Gossiping/M.1496734162.A.53C.html download to ptt/Gossiping/22718_9.txt, time: 4.690000
/bbs/Gossiping/M.1496734181.A.765.html download to ptt/Gossiping/22718_10.txt, time: 9.080000
/bbs/Gossiping/M.1496734220.A.45F.html download to ptt/Gossiping/22718_11.txt, time: 13.990000
/bbs/Gossiping/M.1496734294.A.347.html download to ptt/Gossiping/22718_12.txt, time: 3.850000
empty download to ptt/Gossiping/22718_13.txt, time: 0.000000
/bbs/Gossiping/M.1496734361.A.F71.html download to ptt/Gossiping/22718_14.txt, time: 4.940000
/bbs/Gossiping/M.1496734380.A.814.html download to ptt/Gossiping/22718_15.txt, time: 5.060000
/bbs/Gossiping/M.1496734434.A.F66.html download to ptt/Gossiping/22718_16.txt, time: 7.050000
/bbs/Gossiping/M.1496734505.A.200.html download to ptt/Gossiping/22718_17.txt, time: 5.550000
/bbs/Gossiping/M.1496734513.A.31A.html download to ptt/Gossiping/22718_18.txt, time: 7.710000
/bbs/Gossiping/M.1496734527.A.29C.html download to ptt/Gossiping/22718_19.txt, time: 5.210000
page 22717
/bbs/Gossiping/M.1496733151.A.C52.html download to ptt/Gossiping/22717_0.txt, time: 5.700000
empty download to ptt/Gossiping/22717_1.txt, time: 0.000000
/bbs/Gossiping/M.1496733174.A.8DF.html download to ptt/Gossiping/22717_2.txt, time: 5.970000
/bbs/Gossiping/M.1496733256.A.E7E.html download to ptt/Gossiping/22717_3.txt, time: 5.300000
/bbs/Gossiping/M.1496733299.A.32D.html download to ptt/Gossiping/22717_4.txt, time: 10.970000
/bbs/Gossiping/M.1496733368.A.295.html download to ptt/Gossiping/22717_5.txt, time: 6.360000
/bbs/Gossiping/M.1496733374.A.064.html download to ptt/Gossiping/22717_6.txt, time: 2.890000
/bbs/Gossiping/M.1496733414.A.203.html download to ptt/Gossiping/22717_7.txt, time: 3.370000
/bbs/Gossiping/M.1496733451.A.9E9.html download to ptt/Gossiping/22717_8.txt, time: 5.450000
/bbs/Gossiping/M.1496733535.A.748.html download to ptt/Gossiping/22717_9.txt, time: 5.010000
/bbs/Gossiping/M.1496733559.A.145.html download to ptt/Gossiping/22717_10.txt, time: 3.610000
/bbs/Gossiping/M.1496733567.A.83D.html download to ptt/Gossiping/22717_11.txt, time: 3.620000
/bbs/Gossiping/M.1496733573.A.3A7.html download to ptt/Gossiping/22717_12.txt, time: 3.880000
/bbs/Gossiping/M.1496733633.A.F34.html download to ptt/Gossiping/22717_13.txt, time: 3.030000
/bbs/Gossiping/M.1496733651.A.050.html download to ptt/Gossiping/22717_14.txt, time: 4.160000
/bbs/Gossiping/M.1496733675.A.3A3.html download to ptt/Gossiping/22717_15.txt, time: 2.920000
/bbs/Gossiping/M.1496733697.A.08C.html download to ptt/Gossiping/22717_16.txt, time: 4.120000
/bbs/Gossiping/M.1496733701.A.07A.html download to ptt/Gossiping/22717_17.txt, time: 4.210000
/bbs/Gossiping/M.1496733708.A.087.html download to ptt/Gossiping/22717_18.txt, time: 4.560000
/bbs/Gossiping/M.1496733765.A.9D5.html download to ptt/Gossiping/22717_19.txt, time: 5.140000
page 22716
/bbs/Gossiping/M.1496732491.A.C79.html download to ptt/Gossiping/22716_0.txt, time: 4.650000
/bbs/Gossiping/M.1496732495.A.BAD.html download to ptt/Gossiping/22716_1.txt, time: 3.870000
/bbs/Gossiping/M.1496732512.A.7DA.html download to ptt/Gossiping/22716_2.txt, time: 5.040000
/bbs/Gossiping/M.1496732516.A.A53.html download to ptt/Gossiping/22716_3.txt, time: 5.300000
empty download to ptt/Gossiping/22716_4.txt, time: 0.000000
empty download to ptt/Gossiping/22716_5.txt, time: 0.000000
/bbs/Gossiping/M.1496732578.A.340.html download to ptt/Gossiping/22716_6.txt, time: 4.950000
/bbs/Gossiping/M.1496732587.A.78E.html download to ptt/Gossiping/22716_7.txt, time: 5.430000
/bbs/Gossiping/M.1496732608.A.E9F.html download to ptt/Gossiping/22716_8.txt, time: 7.450000
/bbs/Gossiping/M.1496732627.A.F13.html download to ptt/Gossiping/22716_9.txt, time: 3.340000
/bbs/Gossiping/M.1496732667.A.227.html download to ptt/Gossiping/22716_10.txt, time: 2.840000
/bbs/Gossiping/M.1496732671.A.272.html download to ptt/Gossiping/22716_11.txt, time: 5.330000
/bbs/Gossiping/M.1496732671.A.75B.html download to ptt/Gossiping/22716_12.txt, time: 4.290000
/bbs/Gossiping/M.1496732752.A.011.html download to ptt/Gossiping/22716_13.txt, time: 4.810000
/bbs/Gossiping/M.1496732888.A.4E6.html download to ptt/Gossiping/22716_14.txt, time: 5.210000
/bbs/Gossiping/M.1496732892.A.ECE.html download to ptt/Gossiping/22716_15.txt, time: 3.360000
/bbs/Gossiping/M.1496732924.A.A8B.html download to ptt/Gossiping/22716_16.txt, time: 3.920000
/bbs/Gossiping/M.1496733015.A.6BB.html download to ptt/Gossiping/22716_17.txt, time: 4.970000
/bbs/Gossiping/M.1496733019.A.89C.html download to ptt/Gossiping/22716_18.txt, time: 3.410000
/bbs/Gossiping/M.1496733119.A.090.html download to ptt/Gossiping/22716_19.txt, time: 4.780000
time: 539.4639401435852 seconds
