page 22730
/bbs/Gossiping/M.1496740598.A.E68.html download to ptt/Gossiping/22730_0.txt, time: 4.230000
/bbs/Gossiping/M.1496740633.A.EF0.html download to ptt/Gossiping/22730_1.txt, time: 5.230000
/bbs/Gossiping/M.1496740643.A.203.html download to ptt/Gossiping/22730_2.txt, time: 5.160000
/bbs/Gossiping/M.1496740695.A.C67.html download to ptt/Gossiping/22730_3.txt, time: 4.960000
/bbs/Gossiping/M.1496740782.A.68A.html download to ptt/Gossiping/22730_4.txt, time: 5.140000
/bbs/Gossiping/M.1496740786.A.AFF.html download to ptt/Gossiping/22730_5.txt, time: 5.110000
/bbs/Gossiping/M.1496740787.A.4D2.html download to ptt/Gossiping/22730_6.txt, time: 4.360000
/bbs/Gossiping/M.1496740917.A.B79.html download to ptt/Gossiping/22730_7.txt, time: 5.410000
/bbs/Gossiping/M.1496740931.A.F55.html download to ptt/Gossiping/22730_8.txt, time: 4.580000
/bbs/Gossiping/M.1496740939.A.641.html download to ptt/Gossiping/22730_9.txt, time: 3.760000
/bbs/Gossiping/M.1496740951.A.CD7.html download to ptt/Gossiping/22730_10.txt, time: 5.360000
/bbs/Gossiping/M.1496740967.A.2FF.html download to ptt/Gossiping/22730_11.txt, time: 5.670000
/bbs/Gossiping/M.1496740983.A.F5D.html download to ptt/Gossiping/22730_12.txt, time: 5.080000
/bbs/Gossiping/M.1496740987.A.7B9.html download to ptt/Gossiping/22730_13.txt, time: 2.930000
/bbs/Gossiping/M.1496741006.A.A35.html download to ptt/Gossiping/22730_14.txt, time: 3.860000
/bbs/Gossiping/M.1496741013.A.5F3.html download to ptt/Gossiping/22730_15.txt, time: 5.700000
/bbs/Gossiping/M.1496741065.A.9ED.html download to ptt/Gossiping/22730_16.txt, time: 5.910000
/bbs/Gossiping/M.1496741075.A.C35.html download to ptt/Gossiping/22730_17.txt, time: 5.240000
/bbs/Gossiping/M.1496741141.A.D99.html download to ptt/Gossiping/22730_18.txt, time: 9.880000
/bbs/Gossiping/M.1496741144.A.3FE.html download to ptt/Gossiping/22730_19.txt, time: 4.620000
page 22729
/bbs/Gossiping/M.1496739942.A.C9F.html download to ptt/Gossiping/22729_0.txt, time: 3.700000
/bbs/Gossiping/M.1496740003.A.EA3.html download to ptt/Gossiping/22729_1.txt, time: 4.240000
/bbs/Gossiping/M.1496740012.A.894.html download to ptt/Gossiping/22729_2.txt, time: 4.850000
empty download to ptt/Gossiping/22729_3.txt, time: 0.000000
/bbs/Gossiping/M.1496740179.A.595.html download to ptt/Gossiping/22729_4.txt, time: 3.260000
/bbs/Gossiping/M.1496740180.A.CCC.html download to ptt/Gossiping/22729_5.txt, time: 4.350000
/bbs/Gossiping/M.1496740181.A.4F0.html download to ptt/Gossiping/22729_6.txt, time: 4.270000
/bbs/Gossiping/M.1496740195.A.A48.html download to ptt/Gossiping/22729_7.txt, time: 3.900000
/bbs/Gossiping/M.1496740195.A.870.html download to ptt/Gossiping/22729_8.txt, time: 3.290000
/bbs/Gossiping/M.1496740214.A.E43.html download to ptt/Gossiping/22729_9.txt, time: 3.740000
/bbs/Gossiping/M.1496740313.A.331.html download to ptt/Gossiping/22729_10.txt, time: 4.120000
/bbs/Gossiping/M.1496740317.A.910.html download to ptt/Gossiping/22729_11.txt, time: 5.490000
/bbs/Gossiping/M.1496740319.A.76A.html download to ptt/Gossiping/22729_12.txt, time: 5.320000
/bbs/Gossiping/M.1496740405.A.460.html download to ptt/Gossiping/22729_13.txt, time: 5.200000
/bbs/Gossiping/M.1496740439.A.55A.html download to ptt/Gossiping/22729_14.txt, time: 5.130000
/bbs/Gossiping/M.1496740482.A.043.html download to ptt/Gossiping/22729_15.txt, time: 4.140000
/bbs/Gossiping/M.1496740508.A.A9C.html download to ptt/Gossiping/22729_16.txt, time: 5.840000
/bbs/Gossiping/M.1496740522.A.732.html download to ptt/Gossiping/22729_17.txt, time: 5.600000
/bbs/Gossiping/M.1496740558.A.EC5.html download to ptt/Gossiping/22729_18.txt, time: 5.570000
/bbs/Gossiping/M.1496740597.A.D9A.html download to ptt/Gossiping/22729_19.txt, time: 4.290000
page 22728
/bbs/Gossiping/M.1496739278.A.870.html download to ptt/Gossiping/22728_0.txt, time: 6.690000
/bbs/Gossiping/M.1496739286.A.48B.html download to ptt/Gossiping/22728_1.txt, time: 4.890000
/bbs/Gossiping/M.1496739303.A.FAC.html download to ptt/Gossiping/22728_2.txt, time: 5.900000
/bbs/Gossiping/M.1496739322.A.EA8.html download to ptt/Gossiping/22728_3.txt, time: 4.680000
/bbs/Gossiping/M.1496739331.A.E22.html download to ptt/Gossiping/22728_4.txt, time: 4.880000
/bbs/Gossiping/M.1496739360.A.A8F.html download to ptt/Gossiping/22728_5.txt, time: 11.270000
/bbs/Gossiping/M.1496739384.A.B2F.html download to ptt/Gossiping/22728_6.txt, time: 6.620000
/bbs/Gossiping/M.1496739403.A.6DA.html download to ptt/Gossiping/22728_7.txt, time: 10.420000
/bbs/Gossiping/M.1496739430.A.2E1.html download to ptt/Gossiping/22728_8.txt, time: 6.340000
/bbs/Gossiping/M.1496739451.A.DE1.html download to ptt/Gossiping/22728_9.txt, time: 6.360000
/bbs/Gossiping/M.1496739458.A.A78.html download to ptt/Gossiping/22728_10.txt, time: 7.000000
/bbs/Gossiping/M.1496739482.A.463.html download to ptt/Gossiping/22728_11.txt, time: 8.780000
/bbs/Gossiping/M.1496739500.A.EE9.html download to ptt/Gossiping/22728_12.txt, time: 4.930000
/bbs/Gossiping/M.1496739506.A.7E6.html download to ptt/Gossiping/22728_13.txt, time: 4.910000
/bbs/Gossiping/M.1496739579.A.A6D.html download to ptt/Gossiping/22728_14.txt, time: 6.470000
/bbs/Gossiping/M.1496739599.A.730.html download to ptt/Gossiping/22728_15.txt, time: 6.630000
/bbs/Gossiping/M.1496739639.A.112.html download to ptt/Gossiping/22728_16.txt, time: 5.070000
/bbs/Gossiping/M.1496739689.A.105.html download to ptt/Gossiping/22728_17.txt, time: 5.850000
/bbs/Gossiping/M.1496739824.A.040.html download to ptt/Gossiping/22728_18.txt, time: 6.070000
empty download to ptt/Gossiping/22728_19.txt, time: 0.000000
page 22727
/bbs/Gossiping/M.1496738612.A.71A.html download to ptt/Gossiping/22727_0.txt, time: 4.800000
/bbs/Gossiping/M.1496738612.A.F41.html download to ptt/Gossiping/22727_1.txt, time: 11.370000
/bbs/Gossiping/M.1496738616.A.A16.html download to ptt/Gossiping/22727_2.txt, time: 3.910000
/bbs/Gossiping/M.1496738727.A.4C2.html download to ptt/Gossiping/22727_3.txt, time: 5.490000
/bbs/Gossiping/M.1496738738.A.24F.html download to ptt/Gossiping/22727_4.txt, time: 3.830000
/bbs/Gossiping/M.1496738749.A.930.html download to ptt/Gossiping/22727_5.txt, time: 4.160000
/bbs/Gossiping/M.1496738810.A.0C1.html download to ptt/Gossiping/22727_6.txt, time: 3.660000
empty download to ptt/Gossiping/22727_7.txt, time: 0.000000
/bbs/Gossiping/M.1496738826.A.87A.html download to ptt/Gossiping/22727_8.txt, time: 4.230000
empty download to ptt/Gossiping/22727_9.txt, time: 0.000000
/bbs/Gossiping/M.1496738851.A.E8D.html download to ptt/Gossiping/22727_10.txt, time: 5.060000
empty download to ptt/Gossiping/22727_11.txt, time: 0.000000
/bbs/Gossiping/M.1496738878.A.FD7.html download to ptt/Gossiping/22727_12.txt, time: 4.720000
/bbs/Gossiping/M.1496738918.A.6CC.html download to ptt/Gossiping/22727_13.txt, time: 3.640000
/bbs/Gossiping/M.1496738943.A.68F.html download to ptt/Gossiping/22727_14.txt, time: 5.200000
/bbs/Gossiping/M.1496738965.A.501.html download to ptt/Gossiping/22727_15.txt, time: 4.200000
/bbs/Gossiping/M.1496739069.A.1F8.html download to ptt/Gossiping/22727_16.txt, time: 5.470000
/bbs/Gossiping/M.1496739077.A.972.html download to ptt/Gossiping/22727_17.txt, time: 4.090000
/bbs/Gossiping/M.1496739108.A.DA8.html download to ptt/Gossiping/22727_18.txt, time: 3.700000
/bbs/Gossiping/M.1496739122.A.692.html download to ptt/Gossiping/22727_19.txt, time: 3.700000
page 22726
/bbs/Gossiping/M.1496738089.A.E91.html download to ptt/Gossiping/22726_0.txt, time: 4.870000
/bbs/Gossiping/M.1496738101.A.2EF.html download to ptt/Gossiping/22726_1.txt, time: 3.700000
/bbs/Gossiping/M.1496738116.A.2C5.html download to ptt/Gossiping/22726_2.txt, time: 3.540000
/bbs/Gossiping/M.1496738154.A.402.html download to ptt/Gossiping/22726_3.txt, time: 3.910000
/bbs/Gossiping/M.1496738169.A.C4B.html download to ptt/Gossiping/22726_4.txt, time: 8.070000
/bbs/Gossiping/M.1496738265.A.CCD.html download to ptt/Gossiping/22726_5.txt, time: 5.380000
/bbs/Gossiping/M.1496738269.A.D6C.html download to ptt/Gossiping/22726_6.txt, time: 6.510000
/bbs/Gossiping/M.1496738329.A.9F9.html download to ptt/Gossiping/22726_7.txt, time: 4.420000
/bbs/Gossiping/M.1496738343.A.A38.html download to ptt/Gossiping/22726_8.txt, time: 3.470000
/bbs/Gossiping/M.1496738421.A.FDA.html download to ptt/Gossiping/22726_9.txt, time: 3.150000
/bbs/Gossiping/M.1496738424.A.EEB.html download to ptt/Gossiping/22726_10.txt, time: 5.420000
/bbs/Gossiping/M.1496738439.A.5AE.html download to ptt/Gossiping/22726_11.txt, time: 3.290000
/bbs/Gossiping/M.1496738455.A.BE8.html download to ptt/Gossiping/22726_12.txt, time: 4.830000
/bbs/Gossiping/M.1496738458.A.412.html download to ptt/Gossiping/22726_13.txt, time: 3.740000
/bbs/Gossiping/M.1496738472.A.C49.html download to ptt/Gossiping/22726_14.txt, time: 3.110000
/bbs/Gossiping/M.1496738497.A.DBB.html download to ptt/Gossiping/22726_15.txt, time: 4.540000
/bbs/Gossiping/M.1496738521.A.920.html download to ptt/Gossiping/22726_16.txt, time: 5.160000
/bbs/Gossiping/M.1496738536.A.27A.html download to ptt/Gossiping/22726_17.txt, time: 3.350000
empty download to ptt/Gossiping/22726_18.txt, time: 0.000000
/bbs/Gossiping/M.1496738598.A.082.html download to ptt/Gossiping/22726_19.txt, time: 3.350000
time: 546.1623959541321 seconds
