page 22740
empty download to ptt/Gossiping/22740_0.txt, time: 0.000000
/bbs/Gossiping/M.1496746398.A.A92.html download to ptt/Gossiping/22740_1.txt, time: 5.020000
/bbs/Gossiping/M.1496746425.A.1E3.html download to ptt/Gossiping/22740_2.txt, time: 5.750000
/bbs/Gossiping/M.1496746436.A.873.html download to ptt/Gossiping/22740_3.txt, time: 5.230000
/bbs/Gossiping/M.1496746462.A.D8B.html download to ptt/Gossiping/22740_4.txt, time: 4.210000
/bbs/Gossiping/M.1496746465.A.4F8.html download to ptt/Gossiping/22740_5.txt, time: 4.430000
/bbs/Gossiping/M.1496746468.A.E82.html download to ptt/Gossiping/22740_6.txt, time: 5.000000
/bbs/Gossiping/M.1496746474.A.800.html download to ptt/Gossiping/22740_7.txt, time: 5.310000
/bbs/Gossiping/M.1496746496.A.9FF.html download to ptt/Gossiping/22740_8.txt, time: 7.010000
empty download to ptt/Gossiping/22740_9.txt, time: 0.000000
empty download to ptt/Gossiping/22740_10.txt, time: 0.000000
/bbs/Gossiping/M.1496746562.A.81C.html download to ptt/Gossiping/22740_11.txt, time: 5.580000
/bbs/Gossiping/M.1496746579.A.0D5.html download to ptt/Gossiping/22740_12.txt, time: 5.060000
/bbs/Gossiping/M.1496746598.A.339.html download to ptt/Gossiping/22740_13.txt, time: 6.870000
/bbs/Gossiping/M.1496746599.A.F86.html download to ptt/Gossiping/22740_14.txt, time: 6.960000
/bbs/Gossiping/M.1496746623.A.A14.html download to ptt/Gossiping/22740_15.txt, time: 5.430000
/bbs/Gossiping/M.1496746661.A.4E6.html download to ptt/Gossiping/22740_16.txt, time: 6.410000
/bbs/Gossiping/M.1496746682.A.10B.html download to ptt/Gossiping/22740_17.txt, time: 4.680000
/bbs/Gossiping/M.1496746712.A.CB4.html download to ptt/Gossiping/22740_18.txt, time: 5.260000
/bbs/Gossiping/M.1496746730.A.910.html download to ptt/Gossiping/22740_19.txt, time: 5.140000
page 22739
/bbs/Gossiping/M.1496745885.A.35F.html download to ptt/Gossiping/22739_0.txt, time: 4.450000
/bbs/Gossiping/M.1496745906.A.C67.html download to ptt/Gossiping/22739_1.txt, time: 4.990000
/bbs/Gossiping/M.1496745912.A.64E.html download to ptt/Gossiping/22739_2.txt, time: 3.670000
/bbs/Gossiping/M.1496745934.A.488.html download to ptt/Gossiping/22739_3.txt, time: 3.240000
/bbs/Gossiping/M.1496746006.A.9DA.html download to ptt/Gossiping/22739_4.txt, time: 6.160000
/bbs/Gossiping/M.1496746023.A.BBE.html download to ptt/Gossiping/22739_5.txt, time: 3.940000
/bbs/Gossiping/M.1496746039.A.762.html download to ptt/Gossiping/22739_6.txt, time: 4.360000
/bbs/Gossiping/M.1496746077.A.371.html download to ptt/Gossiping/22739_7.txt, time: 5.200000
/bbs/Gossiping/M.1496746087.A.723.html download to ptt/Gossiping/22739_8.txt, time: 3.990000
/bbs/Gossiping/M.1496746096.A.CC0.html download to ptt/Gossiping/22739_9.txt, time: 2.920000
empty download to ptt/Gossiping/22739_10.txt, time: 0.000000
/bbs/Gossiping/M.1496746127.A.E44.html download to ptt/Gossiping/22739_11.txt, time: 5.570000
empty download to ptt/Gossiping/22739_12.txt, time: 0.000000
/bbs/Gossiping/M.1496746186.A.61B.html download to ptt/Gossiping/22739_13.txt, time: 4.680000
/bbs/Gossiping/M.1496746196.A.964.html download to ptt/Gossiping/22739_14.txt, time: 4.090000
/bbs/Gossiping/M.1496746229.A.82A.html download to ptt/Gossiping/22739_15.txt, time: 4.460000
/bbs/Gossiping/M.1496746281.A.FF6.html download to ptt/Gossiping/22739_16.txt, time: 5.280000
/bbs/Gossiping/M.1496746298.A.236.html download to ptt/Gossiping/22739_17.txt, time: 7.540000
/bbs/Gossiping/M.1496746307.A.BEA.html download to ptt/Gossiping/22739_18.txt, time: 3.970000
/bbs/Gossiping/M.1496746339.A.AAB.html download to ptt/Gossiping/22739_19.txt, time: 5.090000
page 22738
/bbs/Gossiping/M.1496745159.A.000.html download to ptt/Gossiping/22738_0.txt, time: 3.940000
empty download to ptt/Gossiping/22738_1.txt, time: 0.000000
/bbs/Gossiping/M.1496745170.A.142.html download to ptt/Gossiping/22738_2.txt, time: 3.900000
/bbs/Gossiping/M.1496745226.A.26D.html download to ptt/Gossiping/22738_3.txt, time: 5.470000
/bbs/Gossiping/M.1496745278.A.7AE.html download to ptt/Gossiping/22738_4.txt, time: 5.750000
/bbs/Gossiping/M.1496745331.A.6FB.html download to ptt/Gossiping/22738_5.txt, time: 5.890000
/bbs/Gossiping/M.1496745378.A.F12.html download to ptt/Gossiping/22738_6.txt, time: 3.940000
/bbs/Gossiping/M.1496745384.A.8D0.html download to ptt/Gossiping/22738_7.txt, time: 5.490000
/bbs/Gossiping/M.1496745407.A.230.html download to ptt/Gossiping/22738_8.txt, time: 5.810000
/bbs/Gossiping/M.1496745462.A.71B.html download to ptt/Gossiping/22738_9.txt, time: 3.760000
empty download to ptt/Gossiping/22738_10.txt, time: 0.000000
empty download to ptt/Gossiping/22738_11.txt, time: 0.000000
/bbs/Gossiping/M.1496745569.A.0CB.html download to ptt/Gossiping/22738_12.txt, time: 4.320000
/bbs/Gossiping/M.1496745598.A.53B.html download to ptt/Gossiping/22738_13.txt, time: 7.250000
/bbs/Gossiping/M.1496745611.A.C7A.html download to ptt/Gossiping/22738_14.txt, time: 3.460000
/bbs/Gossiping/M.1496745698.A.500.htmlTraceback (most recent call last):
  File "/home/studentyl/anaconda3/lib/python3.6/site-packages/requests/packages/urllib3/connectionpool.py", line 600, in urlopen
    chunked=chunked)
  File "/home/studentyl/anaconda3/lib/python3.6/site-packages/requests/packages/urllib3/connectionpool.py", line 386, in _make_request
    six.raise_from(e, None)
  File "<string>", line 2, in raise_from
  File "/home/studentyl/anaconda3/lib/python3.6/site-packages/requests/packages/urllib3/connectionpool.py", line 382, in _make_request
    httplib_response = conn.getresponse()
  File "/home/studentyl/anaconda3/lib/python3.6/http/client.py", line 1331, in getresponse
    response.begin()
  File "/home/studentyl/anaconda3/lib/python3.6/http/client.py", line 297, in begin
    version, status, reason = self._read_status()
  File "/home/studentyl/anaconda3/lib/python3.6/http/client.py", line 266, in _read_status
    raise RemoteDisconnected("Remote end closed connection without"
http.client.RemoteDisconnected: Remote end closed connection without response

During handling of the above exception, another exception occurred:

Traceback (most recent call last):
  File "/home/studentyl/anaconda3/lib/python3.6/site-packages/requests/adapters.py", line 438, in send
    timeout=timeout
  File "/home/studentyl/anaconda3/lib/python3.6/site-packages/requests/packages/urllib3/connectionpool.py", line 649, in urlopen
    _stacktrace=sys.exc_info()[2])
  File "/home/studentyl/anaconda3/lib/python3.6/site-packages/requests/packages/urllib3/util/retry.py", line 357, in increment
    raise six.reraise(type(error), error, _stacktrace)
  File "/home/studentyl/anaconda3/lib/python3.6/site-packages/requests/packages/urllib3/packages/six.py", line 685, in reraise
    raise value.with_traceback(tb)
  File "/home/studentyl/anaconda3/lib/python3.6/site-packages/requests/packages/urllib3/connectionpool.py", line 600, in urlopen
    chunked=chunked)
  File "/home/studentyl/anaconda3/lib/python3.6/site-packages/requests/packages/urllib3/connectionpool.py", line 386, in _make_request
    six.raise_from(e, None)
  File "<string>", line 2, in raise_from
  File "/home/studentyl/anaconda3/lib/python3.6/site-packages/requests/packages/urllib3/connectionpool.py", line 382, in _make_request
    httplib_response = conn.getresponse()
  File "/home/studentyl/anaconda3/lib/python3.6/http/client.py", line 1331, in getresponse
    response.begin()
  File "/home/studentyl/anaconda3/lib/python3.6/http/client.py", line 297, in begin
    version, status, reason = self._read_status()
  File "/home/studentyl/anaconda3/lib/python3.6/http/client.py", line 266, in _read_status
    raise RemoteDisconnected("Remote end closed connection without"
requests.packages.urllib3.exceptions.ProtocolError: ('Connection aborted.', RemoteDisconnected('Remote end closed connection without response',))

During handling of the above exception, another exception occurred:

Traceback (most recent call last):
  File "./crawler.py", line 177, in <module>
    main(sys.argv[1:])
  File "./crawler.py", line 158, in main
    downloadForum(forumName, startPage, pages)
  File "./crawler.py", line 140, in downloadForum
    downloadPage(str(articleCount), forumName, pageNum, 'https://www.ptt.cc'+link)
  File "./crawler.py", line 82, in downloadPage
    pageText = getPageText(link)
  File "./crawler.py", line 13, in getPageText
    pageText=requests.get(link, cookies={'over18':'1'}).text
  File "/home/studentyl/anaconda3/lib/python3.6/site-packages/requests/api.py", line 72, in get
    return request('get', url, params=params, **kwargs)
  File "/home/studentyl/anaconda3/lib/python3.6/site-packages/requests/api.py", line 58, in request
    return session.request(method=method, url=url, **kwargs)
  File "/home/studentyl/anaconda3/lib/python3.6/site-packages/requests/sessions.py", line 518, in request
    resp = self.send(prep, **send_kwargs)
  File "/home/studentyl/anaconda3/lib/python3.6/site-packages/requests/sessions.py", line 639, in send
    r = adapter.send(request, **kwargs)
  File "/home/studentyl/anaconda3/lib/python3.6/site-packages/requests/adapters.py", line 488, in send
    raise ConnectionError(err, request=request)
requests.exceptions.ConnectionError: ('Connection aborted.', RemoteDisconnected('Remote end closed connection without response',))
