page 22750
/bbs/Gossiping/M.1496751601.A.A98.html download to ptt/Gossiping/22750_0.txt, time: 4.930000
/bbs/Gossiping/M.1496751609.A.E01.html download to ptt/Gossiping/22750_1.txt, time: 4.630000
/bbs/Gossiping/M.1496751621.A.60D.html download to ptt/Gossiping/22750_2.txt, time: 4.920000
/bbs/Gossiping/M.1496751642.A.72E.html download to ptt/Gossiping/22750_3.txt, time: 5.730000
/bbs/Gossiping/M.1496751667.A.E09.html download to ptt/Gossiping/22750_4.txt, time: 5.020000
/bbs/Gossiping/M.1496751693.A.4BE.html download to ptt/Gossiping/22750_5.txt, time: 4.620000
/bbs/Gossiping/M.1496751707.A.DC2.html download to ptt/Gossiping/22750_6.txt, time: 6.020000
/bbs/Gossiping/M.1496751752.A.E4A.html download to ptt/Gossiping/22750_7.txt, time: 5.560000
empty download to ptt/Gossiping/22750_8.txt, time: 0.000000
/bbs/Gossiping/M.1496751913.A.866.html download to ptt/Gossiping/22750_9.txt, time: 3.760000
/bbs/Gossiping/M.1496751917.A.95A.html download to ptt/Gossiping/22750_10.txt, time: 6.360000
/bbs/Gossiping/M.1496751949.A.643.html download to ptt/Gossiping/22750_11.txt, time: 5.820000
/bbs/Gossiping/M.1496752007.A.6D0.html download to ptt/Gossiping/22750_12.txt, time: 5.160000
/bbs/Gossiping/M.1496752017.A.CC0.html download to ptt/Gossiping/22750_13.txt, time: 5.260000
/bbs/Gossiping/M.1496752038.A.192.html download to ptt/Gossiping/22750_14.txt, time: 3.780000
empty download to ptt/Gossiping/22750_15.txt, time: 0.000000
/bbs/Gossiping/M.1496752090.A.031.html download to ptt/Gossiping/22750_16.txt, time: 8.420000
/bbs/Gossiping/M.1496752109.A.086.html download to ptt/Gossiping/22750_17.txt, time: 4.330000
/bbs/Gossiping/M.1496752121.A.B99.html download to ptt/Gossiping/22750_18.txt, time: 4.440000
/bbs/Gossiping/M.1496752136.A.A0B.html download to ptt/Gossiping/22750_19.txt, time: 4.450000
page 22749
/bbs/Gossiping/M.1496750911.A.04B.html download to ptt/Gossiping/22749_0.txt, time: 3.540000
/bbs/Gossiping/M.1496750959.A.FFD.html download to ptt/Gossiping/22749_1.txt, time: 5.410000
/bbs/Gossiping/M.1496750962.A.488.html download to ptt/Gossiping/22749_2.txt, time: 8.720000
/bbs/Gossiping/M.1496751041.A.F2A.html download to ptt/Gossiping/22749_3.txt, time: 5.400000
/bbs/Gossiping/M.1496751100.A.CD0.html download to ptt/Gossiping/22749_4.txt, time: 5.160000
/bbs/Gossiping/M.1496751120.A.358.html download to ptt/Gossiping/22749_5.txt, time: 5.620000
/bbs/Gossiping/M.1496751177.A.970.html download to ptt/Gossiping/22749_6.txt, time: 5.330000
/bbs/Gossiping/M.1496751182.A.678.html download to ptt/Gossiping/22749_7.txt, time: 6.510000
/bbs/Gossiping/M.1496751226.A.E27.html download to ptt/Gossiping/22749_8.txt, time: 5.170000
/bbs/Gossiping/M.1496751247.A.2D8.html download to ptt/Gossiping/22749_9.txt, time: 6.320000
/bbs/Gossiping/M.1496751260.A.592.html download to ptt/Gossiping/22749_10.txt, time: 4.190000
/bbs/Gossiping/M.1496751337.A.4F0.html download to ptt/Gossiping/22749_11.txt, time: 6.030000
empty download to ptt/Gossiping/22749_12.txt, time: 0.000000
/bbs/Gossiping/M.1496751430.A.8E3.html download to ptt/Gossiping/22749_13.txt, time: 2.750000
/bbs/Gossiping/M.1496751436.A.4C5.html download to ptt/Gossiping/22749_14.txt, time: 6.020000
/bbs/Gossiping/M.1496751448.A.5EC.html download to ptt/Gossiping/22749_15.txt, time: 3.890000
/bbs/Gossiping/M.1496751478.A.1C4.html download to ptt/Gossiping/22749_16.txt, time: 5.360000
/bbs/Gossiping/M.1496751488.A.0D5.html download to ptt/Gossiping/22749_17.txt, time: 5.340000
/bbs/Gossiping/M.1496751522.A.281.html download to ptt/Gossiping/22749_18.txt, time: 3.690000
/bbs/Gossiping/M.1496751534.A.5B4.html download to ptt/Gossiping/22749_19.txt, time: 5.080000
page 22748
/bbs/Gossiping/M.1496750328.A.5E1.html download to ptt/Gossiping/22748_0.txt, time: 5.800000
/bbs/Gossiping/M.1496750338.A.427.html download to ptt/Gossiping/22748_1.txt, time: 3.540000
/bbs/Gossiping/M.1496750365.A.93E.html download to ptt/Gossiping/22748_2.txt, time: 5.010000
/bbs/Gossiping/M.1496750452.A.697.html download to ptt/Gossiping/22748_3.txt, time: 3.570000
/bbs/Gossiping/M.1496750468.A.05B.html download to ptt/Gossiping/22748_4.txt, time: 6.490000
/bbs/Gossiping/M.1496750488.A.329.html download to ptt/Gossiping/22748_5.txt, time: 4.150000
/bbs/Gossiping/M.1496750505.A.40B.html download to ptt/Gossiping/22748_6.txt, time: 4.510000
/bbs/Gossiping/M.1496750516.A.8E5.html download to ptt/Gossiping/22748_7.txt, time: 7.100000
/bbs/Gossiping/M.1496750535.A.1E0.html download to ptt/Gossiping/22748_8.txt, time: 4.230000
/bbs/Gossiping/M.1496750569.A.976.html download to ptt/Gossiping/22748_9.txt, time: 6.390000
/bbs/Gossiping/M.1496750574.A.854.html download to ptt/Gossiping/22748_10.txt, time: 6.250000
/bbs/Gossiping/M.1496750650.A.947.html download to ptt/Gossiping/22748_11.txt, time: 4.110000
/bbs/Gossiping/M.1496750660.A.C2B.html download to ptt/Gossiping/22748_12.txt, time: 5.430000
/bbs/Gossiping/M.1496750674.A.862.html download to ptt/Gossiping/22748_13.txt, time: 9.290000
/bbs/Gossiping/M.1496750678.A.5AA.html download to ptt/Gossiping/22748_14.txt, time: 4.690000
/bbs/Gossiping/M.1496750714.A.A46.html download to ptt/Gossiping/22748_15.txt, time: 4.420000
empty download to ptt/Gossiping/22748_16.txt, time: 0.000000
/bbs/Gossiping/M.1496750789.A.6A0.html download to ptt/Gossiping/22748_17.txt, time: 4.080000
/bbs/Gossiping/M.1496750849.A.D82.html download to ptt/Gossiping/22748_18.txt, time: 6.460000
/bbs/Gossiping/M.1496750893.A.90D.html download to ptt/Gossiping/22748_19.txt, time: 9.830000
page 22747
/bbs/Gossiping/M.1496749735.A.480.html download to ptt/Gossiping/22747_0.txt, time: 4.940000
/bbs/Gossiping/M.1496749749.A.CA6.html download to ptt/Gossiping/22747_1.txt, time: 6.030000
/bbs/Gossiping/M.1496749774.A.A1D.html download to ptt/Gossiping/22747_2.txt, time: 3.720000
/bbs/Gossiping/M.1496749834.A.B89.html download to ptt/Gossiping/22747_3.txt, time: 3.840000
/bbs/Gossiping/M.1496749846.A.4EB.html download to ptt/Gossiping/22747_4.txt, time: 4.270000
/bbs/Gossiping/M.1496749919.A.CDD.html download to ptt/Gossiping/22747_5.txt, time: 4.480000
/bbs/Gossiping/M.1496749938.A.0E4.html download to ptt/Gossiping/22747_6.txt, time: 3.210000
/bbs/Gossiping/M.1496749958.A.D49.html download to ptt/Gossiping/22747_7.txt, time: 5.990000
/bbs/Gossiping/M.1496749974.A.C3C.html download to ptt/Gossiping/22747_8.txt, time: 5.520000
/bbs/Gossiping/M.1496749988.A.C5C.html download to ptt/Gossiping/22747_9.txt, time: 4.960000
/bbs/Gossiping/M.1496750008.A.550.html download to ptt/Gossiping/22747_10.txt, time: 9.310000
/bbs/Gossiping/M.1496750090.A.91B.html download to ptt/Gossiping/22747_11.txt, time: 6.560000
/bbs/Gossiping/M.1496750116.A.BF5.html download to ptt/Gossiping/22747_12.txt, time: 4.670000
empty download to ptt/Gossiping/22747_13.txt, time: 0.000000
/bbs/Gossiping/M.1496750158.A.0A6.html download to ptt/Gossiping/22747_14.txt, time: 5.860000
/bbs/Gossiping/M.1496750174.A.64D.html download to ptt/Gossiping/22747_15.txt, time: 4.440000
/bbs/Gossiping/M.1496750181.A.623.html download to ptt/Gossiping/22747_16.txt, time: 4.770000
/bbs/Gossiping/M.1496750259.A.E41.html download to ptt/Gossiping/22747_17.txt, time: 4.290000
/bbs/Gossiping/M.1496750281.A.777.html download to ptt/Gossiping/22747_18.txt, time: 2.980000
/bbs/Gossiping/M.1496750321.A.D7A.html download to ptt/Gossiping/22747_19.txt, time: 3.630000
page 22746
/bbs/Gossiping/M.1496749312.A.78A.html download to ptt/Gossiping/22746_0.txt, time: 4.320000
/bbs/Gossiping/M.1496749364.A.C35.html download to ptt/Gossiping/22746_1.txt, time: 3.010000
/bbs/Gossiping/M.1496749365.A.F6E.html download to ptt/Gossiping/22746_2.txt, time: 4.270000
/bbs/Gossiping/M.1496749368.A.529.html download to ptt/Gossiping/22746_3.txt, time: 3.700000
/bbs/Gossiping/M.1496749373.A.7AA.html download to ptt/Gossiping/22746_4.txt, time: 3.790000
/bbs/Gossiping/M.1496749382.A.D59.html download to ptt/Gossiping/22746_5.txt, time: 3.990000
/bbs/Gossiping/M.1496749384.A.F83.html download to ptt/Gossiping/22746_6.txt, time: 3.460000
/bbs/Gossiping/M.1496749435.A.163.html download to ptt/Gossiping/22746_7.txt, time: 3.940000
/bbs/Gossiping/M.1496749435.A.B5A.html download to ptt/Gossiping/22746_8.txt, time: 3.500000
/bbs/Gossiping/M.1496749460.A.589.html download to ptt/Gossiping/22746_9.txt, time: 2.530000
/bbs/Gossiping/M.1496749487.A.C42.html download to ptt/Gossiping/22746_10.txt, time: 2.690000
/bbs/Gossiping/M.1496749534.A.E1A.html download to ptt/Gossiping/22746_11.txt, time: 3.080000
/bbs/Gossiping/M.1496749556.A.AF4.html download to ptt/Gossiping/22746_12.txt, time: 3.230000
/bbs/Gossiping/M.1496749584.A.336.html download to ptt/Gossiping/22746_13.txt, time: 5.510000
/bbs/Gossiping/M.1496749584.A.D87.html download to ptt/Gossiping/22746_14.txt, time: 7.850000
/bbs/Gossiping/M.1496749616.A.D5B.html download to ptt/Gossiping/22746_15.txt, time: 4.870000
/bbs/Gossiping/M.1496749643.A.271.html download to ptt/Gossiping/22746_16.txt, time: 4.030000
/bbs/Gossiping/M.1496749653.A.8F8.html download to ptt/Gossiping/22746_17.txt, time: 3.160000
/bbs/Gossiping/M.1496749677.A.BFD.html download to ptt/Gossiping/22746_18.txt, time: 3.390000
empty download to ptt/Gossiping/22746_19.txt, time: 0.000000
time: 520.2156488895416 seconds
