page 22760
/bbs/Gossiping/M.1496756496.A.516.html download to ptt/Gossiping/22760_0.txt, time: 5.310000
/bbs/Gossiping/M.1496756503.A.5EC.html download to ptt/Gossiping/22760_1.txt, time: 4.860000
/bbs/Gossiping/M.1496756538.A.44D.html download to ptt/Gossiping/22760_2.txt, time: 4.290000
/bbs/Gossiping/M.1496756607.A.3FF.html download to ptt/Gossiping/22760_3.txt, time: 2.570000
/bbs/Gossiping/M.1496756659.A.F52.html download to ptt/Gossiping/22760_4.txt, time: 6.750000
/bbs/Gossiping/M.1496756660.A.8DA.html download to ptt/Gossiping/22760_5.txt, time: 4.040000
/bbs/Gossiping/M.1496756686.A.0E3.html download to ptt/Gossiping/22760_6.txt, time: 9.150000
/bbs/Gossiping/M.1496756724.A.E7E.html download to ptt/Gossiping/22760_7.txt, time: 4.410000
/bbs/Gossiping/M.1496756730.A.B71.html download to ptt/Gossiping/22760_8.txt, time: 3.360000
/bbs/Gossiping/M.1496756786.A.432.html download to ptt/Gossiping/22760_9.txt, time: 5.850000
/bbs/Gossiping/M.1496756804.A.4A8.html download to ptt/Gossiping/22760_10.txt, time: 4.800000
/bbs/Gossiping/M.1496756813.A.BDB.html download to ptt/Gossiping/22760_11.txt, time: 5.630000
/bbs/Gossiping/M.1496756822.A.3A2.html download to ptt/Gossiping/22760_12.txt, time: 4.820000
/bbs/Gossiping/M.1496756838.A.7FB.html download to ptt/Gossiping/22760_13.txt, time: 8.950000
/bbs/Gossiping/M.1496756863.A.5EE.html download to ptt/Gossiping/22760_14.txt, time: 4.870000
/bbs/Gossiping/M.1496756893.A.543.html download to ptt/Gossiping/22760_15.txt, time: 4.390000
/bbs/Gossiping/M.1496756909.A.F9A.html download to ptt/Gossiping/22760_16.txt, time: 4.150000
/bbs/Gossiping/M.1496756917.A.B4B.html download to ptt/Gossiping/22760_17.txt, time: 3.900000
/bbs/Gossiping/M.1496756955.A.8A3.html download to ptt/Gossiping/22760_18.txt, time: 5.970000
/bbs/Gossiping/M.1496756986.A.955.html download to ptt/Gossiping/22760_19.txt, time: 5.650000
page 22759
/bbs/Gossiping/M.1496755830.A.F4C.html download to ptt/Gossiping/22759_0.txt, time: 3.040000
empty download to ptt/Gossiping/22759_1.txt, time: 0.000000
/bbs/Gossiping/M.1496755877.A.07B.html download to ptt/Gossiping/22759_2.txt, time: 2.980000
/bbs/Gossiping/M.1496755964.A.433.html download to ptt/Gossiping/22759_3.txt, time: 4.400000
/bbs/Gossiping/M.1496755973.A.17D.html download to ptt/Gossiping/22759_4.txt, time: 3.050000
/bbs/Gossiping/M.1496755988.A.69B.html download to ptt/Gossiping/22759_5.txt, time: 5.430000
/bbs/Gossiping/M.1496756046.A.BA1.html download to ptt/Gossiping/22759_6.txt, time: 3.970000
/bbs/Gossiping/M.1496756075.A.596.html download to ptt/Gossiping/22759_7.txt, time: 2.750000
/bbs/Gossiping/M.1496756103.A.2CF.html download to ptt/Gossiping/22759_8.txt, time: 5.670000
/bbs/Gossiping/M.1496756134.A.9F9.html download to ptt/Gossiping/22759_9.txt, time: 5.080000
/bbs/Gossiping/M.1496756164.A.76F.html download to ptt/Gossiping/22759_10.txt, time: 4.140000
/bbs/Gossiping/M.1496756182.A.8BD.html download to ptt/Gossiping/22759_11.txt, time: 4.390000
/bbs/Gossiping/M.1496756227.A.F54.html download to ptt/Gossiping/22759_12.txt, time: 4.000000
/bbs/Gossiping/M.1496756238.A.76E.html download to ptt/Gossiping/22759_13.txt, time: 5.400000
/bbs/Gossiping/M.1496756276.A.F53.html download to ptt/Gossiping/22759_14.txt, time: 4.950000
/bbs/Gossiping/M.1496756310.A.89A.html download to ptt/Gossiping/22759_15.txt, time: 3.320000
empty download to ptt/Gossiping/22759_16.txt, time: 0.000000
/bbs/Gossiping/M.1496756462.A.9CF.html download to ptt/Gossiping/22759_17.txt, time: 4.930000
/bbs/Gossiping/M.1496756468.A.70A.html download to ptt/Gossiping/22759_18.txt, time: 3.310000
/bbs/Gossiping/M.1496756493.A.98A.html download to ptt/Gossiping/22759_19.txt, time: 3.160000
page 22758
/bbs/Gossiping/M.1496755325.A.0C6.html download to ptt/Gossiping/22758_0.txt, time: 5.530000
/bbs/Gossiping/M.1496755341.A.BE6.html download to ptt/Gossiping/22758_1.txt, time: 6.190000
/bbs/Gossiping/M.1496755376.A.3F7.html download to ptt/Gossiping/22758_2.txt, time: 5.220000
/bbs/Gossiping/M.1496755379.A.B76.html download to ptt/Gossiping/22758_3.txt, time: 6.680000
/bbs/Gossiping/M.1496755408.A.6F0.html download to ptt/Gossiping/22758_4.txt, time: 5.050000
/bbs/Gossiping/M.1496755437.A.A1E.html download to ptt/Gossiping/22758_5.txt, time: 4.240000
/bbs/Gossiping/M.1496755464.A.3B8.html download to ptt/Gossiping/22758_6.txt, time: 5.210000
/bbs/Gossiping/M.1496755471.A.168.html download to ptt/Gossiping/22758_7.txt, time: 5.790000
/bbs/Gossiping/M.1496755475.A.F72.html download to ptt/Gossiping/22758_8.txt, time: 10.500000
empty download to ptt/Gossiping/22758_9.txt, time: 0.000000
/bbs/Gossiping/M.1496755525.A.6AA.html download to ptt/Gossiping/22758_10.txt, time: 8.200000
/bbs/Gossiping/M.1496755536.A.3AD.html download to ptt/Gossiping/22758_11.txt, time: 4.830000
/bbs/Gossiping/M.1496755546.A.41B.html download to ptt/Gossiping/22758_12.txt, time: 4.110000
/bbs/Gossiping/M.1496755555.A.88D.html download to ptt/Gossiping/22758_13.txt, time: 4.300000
empty download to ptt/Gossiping/22758_14.txt, time: 0.000000
/bbs/Gossiping/M.1496755723.A.C8F.html download to ptt/Gossiping/22758_15.txt, time: 5.200000
/bbs/Gossiping/M.1496755723.A.389.html download to ptt/Gossiping/22758_16.txt, time: 4.180000
/bbs/Gossiping/M.1496755723.A.1AA.html download to ptt/Gossiping/22758_17.txt, time: 6.820000
/bbs/Gossiping/M.1496755768.A.01C.html download to ptt/Gossiping/22758_18.txt, time: 4.410000
/bbs/Gossiping/M.1496755771.A.C7F.html download to ptt/Gossiping/22758_19.txt, time: 3.560000
page 22757
/bbs/Gossiping/M.1496754974.A.B0F.html download to ptt/Gossiping/22757_0.txt, time: 4.100000
/bbs/Gossiping/M.1496754979.A.329.html download to ptt/Gossiping/22757_1.txt, time: 6.250000
/bbs/Gossiping/M.1496754990.A.364.html download to ptt/Gossiping/22757_2.txt, time: 11.050000
empty download to ptt/Gossiping/22757_3.txt, time: 0.000000
/bbs/Gossiping/M.1496755006.A.6B6.html download to ptt/Gossiping/22757_4.txt, time: 5.920000
/bbs/Gossiping/M.1496755038.A.6B0.html download to ptt/Gossiping/22757_5.txt, time: 6.300000
/bbs/Gossiping/M.1496755049.A.EE5.html download to ptt/Gossiping/22757_6.txt, time: 4.150000
/bbs/Gossiping/M.1496755053.A.27B.html download to ptt/Gossiping/22757_7.txt, time: 3.970000
/bbs/Gossiping/M.1496755073.A.7FF.html download to ptt/Gossiping/22757_8.txt, time: 4.170000
/bbs/Gossiping/M.1496755144.A.F17.html download to ptt/Gossiping/22757_9.txt, time: 4.710000
/bbs/Gossiping/M.1496755184.A.AC8.html download to ptt/Gossiping/22757_10.txt, time: 4.240000
/bbs/Gossiping/M.1496755198.A.43A.html download to ptt/Gossiping/22757_11.txt, time: 5.170000
/bbs/Gossiping/M.1496755200.A.A73.html download to ptt/Gossiping/22757_12.txt, time: 4.040000
/bbs/Gossiping/M.1496755232.A.224.html download to ptt/Gossiping/22757_13.txt, time: 3.140000
empty download to ptt/Gossiping/22757_14.txt, time: 0.000000
/bbs/Gossiping/M.1496755264.A.BDA.html download to ptt/Gossiping/22757_15.txt, time: 3.210000
/bbs/Gossiping/M.1496755290.A.285.html download to ptt/Gossiping/22757_16.txt, time: 3.310000
/bbs/Gossiping/M.1496755292.A.F14.html download to ptt/Gossiping/22757_17.txt, time: 3.270000
/bbs/Gossiping/M.1496755297.A.688.html download to ptt/Gossiping/22757_18.txt, time: 3.880000
/bbs/Gossiping/M.1496755317.A.23C.html download to ptt/Gossiping/22757_19.txt, time: 4.080000
page 22756
/bbs/Gossiping/M.1496754522.A.94B.html download to ptt/Gossiping/22756_0.txt, time: 5.380000
/bbs/Gossiping/M.1496754525.A.BFB.html download to ptt/Gossiping/22756_1.txt, time: 3.620000
/bbs/Gossiping/M.1496754534.A.539.html download to ptt/Gossiping/22756_2.txt, time: 4.030000
/bbs/Gossiping/M.1496754541.A.72E.html download to ptt/Gossiping/22756_3.txt, time: 2.610000
/bbs/Gossiping/M.1496754591.A.61D.html download to ptt/Gossiping/22756_4.txt, time: 3.570000
/bbs/Gossiping/M.1496754592.A.0D2.html download to ptt/Gossiping/22756_5.txt, time: 2.750000
/bbs/Gossiping/M.1496754599.A.70A.html download to ptt/Gossiping/22756_6.txt, time: 4.330000
/bbs/Gossiping/M.1496754650.A.F1D.html download to ptt/Gossiping/22756_7.txt, time: 7.410000
/bbs/Gossiping/M.1496754674.A.46A.html download to ptt/Gossiping/22756_8.txt, time: 4.640000
/bbs/Gossiping/M.1496754685.A.ED9.html download to ptt/Gossiping/22756_9.txt, time: 5.580000
/bbs/Gossiping/M.1496754709.A.97E.html download to ptt/Gossiping/22756_10.txt, time: 3.790000
/bbs/Gossiping/M.1496754740.A.434.html download to ptt/Gossiping/22756_11.txt, time: 4.730000
/bbs/Gossiping/M.1496754742.A.D36.html download to ptt/Gossiping/22756_12.txt, time: 2.670000
/bbs/Gossiping/M.1496754749.A.08F.html download to ptt/Gossiping/22756_13.txt, time: 5.630000
/bbs/Gossiping/M.1496754828.A.16C.html download to ptt/Gossiping/22756_14.txt, time: 3.290000
/bbs/Gossiping/M.1496754872.A.AFD.html download to ptt/Gossiping/22756_15.txt, time: 4.270000
/bbs/Gossiping/M.1496754878.A.DA0.html download to ptt/Gossiping/22756_16.txt, time: 4.570000
/bbs/Gossiping/M.1496754887.A.EBA.html download to ptt/Gossiping/22756_17.txt, time: 3.360000
/bbs/Gossiping/M.1496754927.A.624.html download to ptt/Gossiping/22756_18.txt, time: 4.690000
/bbs/Gossiping/M.1496754962.A.733.html download to ptt/Gossiping/22756_19.txt, time: 4.850000
time: 512.9311916828156 seconds
