page 22770
/bbs/Gossiping/M.1496760787.A.B39.html download to ptt/Gossiping/22770_0.txt, time: 3.190000
empty download to ptt/Gossiping/22770_1.txt, time: 0.000000
/bbs/Gossiping/M.1496760828.A.3E5.html download to ptt/Gossiping/22770_2.txt, time: 4.830000
/bbs/Gossiping/M.1496760847.A.372.html download to ptt/Gossiping/22770_3.txt, time: 5.360000
/bbs/Gossiping/M.1496760878.A.7CF.html download to ptt/Gossiping/22770_4.txt, time: 9.280000
/bbs/Gossiping/M.1496760887.A.480.html download to ptt/Gossiping/22770_5.txt, time: 6.470000
/bbs/Gossiping/M.1496760935.A.EB0.html download to ptt/Gossiping/22770_6.txt, time: 4.160000
/bbs/Gossiping/M.1496760965.A.94B.html download to ptt/Gossiping/22770_7.txt, time: 5.010000
/bbs/Gossiping/M.1496760978.A.66A.html download to ptt/Gossiping/22770_8.txt, time: 5.660000
/bbs/Gossiping/M.1496761000.A.877.html download to ptt/Gossiping/22770_9.txt, time: 5.860000
/bbs/Gossiping/M.1496761063.A.4F6.html download to ptt/Gossiping/22770_10.txt, time: 8.680000
/bbs/Gossiping/M.1496761067.A.BBC.html download to ptt/Gossiping/22770_11.txt, time: 4.650000
/bbs/Gossiping/M.1496761079.A.EB2.html download to ptt/Gossiping/22770_12.txt, time: 3.670000
empty download to ptt/Gossiping/22770_13.txt, time: 0.000000
/bbs/Gossiping/M.1496761112.A.CCC.html download to ptt/Gossiping/22770_14.txt, time: 3.980000
/bbs/Gossiping/M.1496761127.A.B92.html download to ptt/Gossiping/22770_15.txt, time: 5.040000
/bbs/Gossiping/M.1496761156.A.1C9.html download to ptt/Gossiping/22770_16.txt, time: 4.810000
/bbs/Gossiping/M.1496761165.A.AAD.html download to ptt/Gossiping/22770_17.txt, time: 3.660000
empty download to ptt/Gossiping/22770_18.txt, time: 0.000000
/bbs/Gossiping/M.1496761181.A.7A2.html download to ptt/Gossiping/22770_19.txt, time: 3.920000
page 22769
/bbs/Gossiping/M.1496760492.A.878.html download to ptt/Gossiping/22769_0.txt, time: 6.030000
/bbs/Gossiping/M.1496760494.A.5D3.html download to ptt/Gossiping/22769_1.txt, time: 5.860000
/bbs/Gossiping/M.1496760554.A.EC7.html download to ptt/Gossiping/22769_2.txt, time: 5.820000
/bbs/Gossiping/M.1496760566.A.E1C.html download to ptt/Gossiping/22769_3.txt, time: 4.190000
/bbs/Gossiping/M.1496760569.A.C73.html download to ptt/Gossiping/22769_4.txt, time: 3.230000
/bbs/Gossiping/M.1496760600.A.DC1.html download to ptt/Gossiping/22769_5.txt, time: 4.590000
/bbs/Gossiping/M.1496760606.A.40F.html download to ptt/Gossiping/22769_6.txt, time: 5.650000
empty download to ptt/Gossiping/22769_7.txt, time: 0.000000
/bbs/Gossiping/M.1496760619.A.57A.html download to ptt/Gossiping/22769_8.txt, time: 5.420000
/bbs/Gossiping/M.1496760620.A.A49.html download to ptt/Gossiping/22769_9.txt, time: 5.590000
/bbs/Gossiping/M.1496760624.A.B8B.html download to ptt/Gossiping/22769_10.txt, time: 5.710000
/bbs/Gossiping/M.1496760629.A.B73.html download to ptt/Gossiping/22769_11.txt, time: 6.570000
/bbs/Gossiping/M.1496760652.A.430.html download to ptt/Gossiping/22769_12.txt, time: 3.290000
/bbs/Gossiping/M.1496760666.A.668.html download to ptt/Gossiping/22769_13.txt, time: 4.330000
/bbs/Gossiping/M.1496760667.A.907.html download to ptt/Gossiping/22769_14.txt, time: 5.350000
/bbs/Gossiping/M.1496760668.A.666.html download to ptt/Gossiping/22769_15.txt, time: 5.020000
/bbs/Gossiping/M.1496760719.A.F8F.html download to ptt/Gossiping/22769_16.txt, time: 5.050000
empty download to ptt/Gossiping/22769_17.txt, time: 0.000000
/bbs/Gossiping/M.1496760752.A.D0D.html download to ptt/Gossiping/22769_18.txt, time: 5.130000
empty download to ptt/Gossiping/22769_19.txt, time: 0.000000
page 22768
/bbs/Gossiping/M.1496760120.A.530.html download to ptt/Gossiping/22768_0.txt, time: 4.790000
/bbs/Gossiping/M.1496760135.A.AFD.html download to ptt/Gossiping/22768_1.txt, time: 5.410000
/bbs/Gossiping/M.1496760164.A.54F.html download to ptt/Gossiping/22768_2.txt, time: 5.600000
/bbs/Gossiping/M.1496760165.A.0FA.html download to ptt/Gossiping/22768_3.txt, time: 8.850000
/bbs/Gossiping/M.1496760170.A.16D.html download to ptt/Gossiping/22768_4.txt, time: 12.290000
empty download to ptt/Gossiping/22768_5.txt, time: 0.000000
/bbs/Gossiping/M.1496760213.A.4DC.html download to ptt/Gossiping/22768_6.txt, time: 4.390000
empty download to ptt/Gossiping/22768_7.txt, time: 0.000000
/bbs/Gossiping/M.1496760275.A.F8E.html download to ptt/Gossiping/22768_8.txt, time: 5.770000
/bbs/Gossiping/M.1496760276.A.266.html download to ptt/Gossiping/22768_9.txt, time: 4.240000
/bbs/Gossiping/M.1496760278.A.DD7.html download to ptt/Gossiping/22768_10.txt, time: 11.340000
/bbs/Gossiping/M.1496760288.A.D4C.html download to ptt/Gossiping/22768_11.txt, time: 5.120000
/bbs/Gossiping/M.1496760307.A.A2F.html download to ptt/Gossiping/22768_12.txt, time: 5.980000
/bbs/Gossiping/M.1496760322.A.016.html download to ptt/Gossiping/22768_13.txt, time: 6.130000
/bbs/Gossiping/M.1496760353.A.B54.html download to ptt/Gossiping/22768_14.txt, time: 8.170000
/bbs/Gossiping/M.1496760353.A.15B.html download to ptt/Gossiping/22768_15.txt, time: 6.100000
/bbs/Gossiping/M.1496760395.A.899.html download to ptt/Gossiping/22768_16.txt, time: 14.590000
/bbs/Gossiping/M.1496760411.A.B49.html download to ptt/Gossiping/22768_17.txt, time: 6.360000
/bbs/Gossiping/M.1496760446.A.2B3.html download to ptt/Gossiping/22768_18.txt, time: 8.230000
/bbs/Gossiping/M.1496760473.A.087.html download to ptt/Gossiping/22768_19.txt, time: 5.730000
page 22767
/bbs/Gossiping/M.1496759745.A.425.html download to ptt/Gossiping/22767_0.txt, time: 3.680000
/bbs/Gossiping/M.1496759745.A.537.html download to ptt/Gossiping/22767_1.txt, time: 3.290000
/bbs/Gossiping/M.1496759814.A.96A.html download to ptt/Gossiping/22767_2.txt, time: 3.310000
/bbs/Gossiping/M.1496759816.A.195.html download to ptt/Gossiping/22767_3.txt, time: 4.560000
/bbs/Gossiping/M.1496759866.A.668.html download to ptt/Gossiping/22767_4.txt, time: 3.940000
/bbs/Gossiping/M.1496759877.A.F8D.html download to ptt/Gossiping/22767_5.txt, time: 4.370000
/bbs/Gossiping/M.1496759898.A.005.html download to ptt/Gossiping/22767_6.txt, time: 2.860000
/bbs/Gossiping/M.1496759908.A.53D.html download to ptt/Gossiping/22767_7.txt, time: 5.050000
/bbs/Gossiping/M.1496759927.A.789.html download to ptt/Gossiping/22767_8.txt, time: 4.010000
empty download to ptt/Gossiping/22767_9.txt, time: 0.000000
/bbs/Gossiping/M.1496759967.A.DCC.html download to ptt/Gossiping/22767_10.txt, time: 4.000000
/bbs/Gossiping/M.1496759968.A.4BD.html download to ptt/Gossiping/22767_11.txt, time: 4.790000
/bbs/Gossiping/M.1496760011.A.C82.html download to ptt/Gossiping/22767_12.txt, time: 3.420000
empty download to ptt/Gossiping/22767_13.txt, time: 0.000000
/bbs/Gossiping/M.1496760045.A.3F5.html download to ptt/Gossiping/22767_14.txt, time: 2.740000
/bbs/Gossiping/M.1496760055.A.137.html download to ptt/Gossiping/22767_15.txt, time: 3.250000
/bbs/Gossiping/M.1496760077.A.329.html download to ptt/Gossiping/22767_16.txt, time: 3.520000
/bbs/Gossiping/M.1496760089.A.E11.html download to ptt/Gossiping/22767_17.txt, time: 4.520000
/bbs/Gossiping/M.1496760092.A.933.html download to ptt/Gossiping/22767_18.txt, time: 3.520000
empty download to ptt/Gossiping/22767_19.txt, time: 0.000000
page 22766
/bbs/Gossiping/M.1496759243.A.E9E.html download to ptt/Gossiping/22766_0.txt, time: 4.720000
empty download to ptt/Gossiping/22766_1.txt, time: 0.000000
/bbs/Gossiping/M.1496759302.A.858.html download to ptt/Gossiping/22766_2.txt, time: 3.740000
/bbs/Gossiping/M.1496759313.A.DCC.html download to ptt/Gossiping/22766_3.txt, time: 7.720000
/bbs/Gossiping/M.1496759321.A.7D2.html download to ptt/Gossiping/22766_4.txt, time: 6.290000
/bbs/Gossiping/M.1496759351.A.3D4.html download to ptt/Gossiping/22766_5.txt, time: 5.970000
/bbs/Gossiping/M.1496759405.A.BCB.html download to ptt/Gossiping/22766_6.txt, time: 4.910000
empty download to ptt/Gossiping/22766_7.txt, time: 0.000000
/bbs/Gossiping/M.1496759470.A.AAF.html download to ptt/Gossiping/22766_8.txt, time: 3.800000
/bbs/Gossiping/M.1496759473.A.41E.html download to ptt/Gossiping/22766_9.txt, time: 5.750000
/bbs/Gossiping/M.1496759479.A.6C5.html download to ptt/Gossiping/22766_10.txt, time: 5.390000
/bbs/Gossiping/M.1496759519.A.11E.html download to ptt/Gossiping/22766_11.txt, time: 4.320000
/bbs/Gossiping/M.1496759558.A.8AB.html download to ptt/Gossiping/22766_12.txt, time: 3.940000
/bbs/Gossiping/M.1496759562.A.CF8.html download to ptt/Gossiping/22766_13.txt, time: 4.180000
/bbs/Gossiping/M.1496759565.A.8FE.html download to ptt/Gossiping/22766_14.txt, time: 4.680000
/bbs/Gossiping/M.1496759596.A.F9E.html download to ptt/Gossiping/22766_15.txt, time: 5.370000
/bbs/Gossiping/M.1496759597.A.677.html download to ptt/Gossiping/22766_16.txt, time: 4.400000
/bbs/Gossiping/M.1496759624.A.F39.html download to ptt/Gossiping/22766_17.txt, time: 3.420000
/bbs/Gossiping/M.1496759670.A.E84.html download to ptt/Gossiping/22766_18.txt, time: 3.470000
/bbs/Gossiping/M.1496759715.A.8A6.html download to ptt/Gossiping/22766_19.txt, time: 3.420000
time: 507.43746614456177 seconds
