page 22780
/bbs/Gossiping/M.1496764527.A.627.html download to ptt/Gossiping/22780_0.txt, time: 5.610000
/bbs/Gossiping/M.1496764530.A.CCA.html download to ptt/Gossiping/22780_1.txt, time: 5.850000
empty download to ptt/Gossiping/22780_2.txt, time: 0.000000
/bbs/Gossiping/M.1496764548.A.74B.html download to ptt/Gossiping/22780_3.txt, time: 5.380000
empty download to ptt/Gossiping/22780_4.txt, time: 0.000000
/bbs/Gossiping/M.1496764580.A.338.html download to ptt/Gossiping/22780_5.txt, time: 5.190000
/bbs/Gossiping/M.1496764585.A.FA3.html download to ptt/Gossiping/22780_6.txt, time: 4.810000
/bbs/Gossiping/M.1496764590.A.DA8.html download to ptt/Gossiping/22780_7.txt, time: 5.260000
/bbs/Gossiping/M.1496764591.A.C61.html download to ptt/Gossiping/22780_8.txt, time: 4.520000
/bbs/Gossiping/M.1496764593.A.C35.html download to ptt/Gossiping/22780_9.txt, time: 4.950000
/bbs/Gossiping/M.1496764606.A.81D.html download to ptt/Gossiping/22780_10.txt, time: 4.530000
/bbs/Gossiping/M.1496764636.A.9A0.html download to ptt/Gossiping/22780_11.txt, time: 5.190000
/bbs/Gossiping/M.1496764636.A.141.html download to ptt/Gossiping/22780_12.txt, time: 5.910000
/bbs/Gossiping/M.1496764649.A.838.html download to ptt/Gossiping/22780_13.txt, time: 6.460000
/bbs/Gossiping/M.1496764665.A.FD2.html download to ptt/Gossiping/22780_14.txt, time: 3.280000
/bbs/Gossiping/M.1496764677.A.5F0.html download to ptt/Gossiping/22780_15.txt, time: 6.400000
/bbs/Gossiping/M.1496764700.A.051.html download to ptt/Gossiping/22780_16.txt, time: 3.040000
/bbs/Gossiping/M.1496764705.A.06A.html download to ptt/Gossiping/22780_17.txt, time: 7.390000
/bbs/Gossiping/M.1496764728.A.4C7.html download to ptt/Gossiping/22780_18.txt, time: 5.600000
/bbs/Gossiping/M.1496764732.A.C99.html download to ptt/Gossiping/22780_19.txt, time: 5.010000
page 22779
/bbs/Gossiping/M.1496764147.A.934.html download to ptt/Gossiping/22779_0.txt, time: 4.350000
/bbs/Gossiping/M.1496764158.A.F4E.html download to ptt/Gossiping/22779_1.txt, time: 4.620000
/bbs/Gossiping/M.1496764165.A.F37.html download to ptt/Gossiping/22779_2.txt, time: 5.050000
empty download to ptt/Gossiping/22779_3.txt, time: 0.000000
/bbs/Gossiping/M.1496764188.A.5B4.html download to ptt/Gossiping/22779_4.txt, time: 8.640000
/bbs/Gossiping/M.1496764206.A.F57.html download to ptt/Gossiping/22779_5.txt, time: 5.750000
/bbs/Gossiping/M.1496764240.A.91D.html download to ptt/Gossiping/22779_6.txt, time: 4.030000
/bbs/Gossiping/M.1496764290.A.5E3.html download to ptt/Gossiping/22779_7.txt, time: 5.220000
/bbs/Gossiping/M.1496764296.A.442.html download to ptt/Gossiping/22779_8.txt, time: 6.420000
/bbs/Gossiping/M.1496764355.A.C56.html download to ptt/Gossiping/22779_9.txt, time: 5.500000
/bbs/Gossiping/M.1496764375.A.6C5.html download to ptt/Gossiping/22779_10.txt, time: 4.290000
/bbs/Gossiping/M.1496764402.A.B3C.html download to ptt/Gossiping/22779_11.txt, time: 5.240000
/bbs/Gossiping/M.1496764405.A.ABB.html download to ptt/Gossiping/22779_12.txt, time: 3.050000
/bbs/Gossiping/M.1496764430.A.3AD.html download to ptt/Gossiping/22779_13.txt, time: 3.320000
/bbs/Gossiping/M.1496764440.A.658.html download to ptt/Gossiping/22779_14.txt, time: 4.590000
/bbs/Gossiping/M.1496764445.A.58D.html download to ptt/Gossiping/22779_15.txt, time: 3.330000
/bbs/Gossiping/M.1496764469.A.9FD.html download to ptt/Gossiping/22779_16.txt, time: 4.620000
/bbs/Gossiping/M.1496764478.A.B67.html download to ptt/Gossiping/22779_17.txt, time: 3.950000
empty download to ptt/Gossiping/22779_18.txt, time: 0.000000
/bbs/Gossiping/M.1496764523.A.28F.html download to ptt/Gossiping/22779_19.txt, time: 3.780000
page 22778
/bbs/Gossiping/M.1496763907.A.DF5.html download to ptt/Gossiping/22778_0.txt, time: 4.260000
/bbs/Gossiping/M.1496763924.A.BCA.html download to ptt/Gossiping/22778_1.txt, time: 6.590000
/bbs/Gossiping/M.1496763925.A.1BE.html download to ptt/Gossiping/22778_2.txt, time: 5.350000
/bbs/Gossiping/M.1496763929.A.3D4.html download to ptt/Gossiping/22778_3.txt, time: 4.870000
/bbs/Gossiping/M.1496763951.A.3FD.html download to ptt/Gossiping/22778_4.txt, time: 5.410000
/bbs/Gossiping/M.1496763954.A.34F.html download to ptt/Gossiping/22778_5.txt, time: 6.270000
/bbs/Gossiping/M.1496763957.A.56E.html download to ptt/Gossiping/22778_6.txt, time: 4.430000
/bbs/Gossiping/M.1496763970.A.CD9.html download to ptt/Gossiping/22778_7.txt, time: 6.180000
/bbs/Gossiping/M.1496763980.A.7B7.html download to ptt/Gossiping/22778_8.txt, time: 5.320000
/bbs/Gossiping/M.1496763997.A.9E5.html download to ptt/Gossiping/22778_9.txt, time: 5.920000
empty download to ptt/Gossiping/22778_10.txt, time: 0.000000
/bbs/Gossiping/M.1496764040.A.2E1.html download to ptt/Gossiping/22778_11.txt, time: 4.430000
/bbs/Gossiping/M.1496764044.A.A44.html download to ptt/Gossiping/22778_12.txt, time: 4.720000
/bbs/Gossiping/M.1496764048.A.305.html download to ptt/Gossiping/22778_13.txt, time: 4.850000
/bbs/Gossiping/M.1496764063.A.FF7.html download to ptt/Gossiping/22778_14.txt, time: 8.060000
/bbs/Gossiping/M.1496764084.A.116.html download to ptt/Gossiping/22778_15.txt, time: 4.130000
/bbs/Gossiping/M.1496764115.A.42C.html download to ptt/Gossiping/22778_16.txt, time: 7.570000
/bbs/Gossiping/M.1496764125.A.4D6.html download to ptt/Gossiping/22778_17.txt, time: 10.830000
/bbs/Gossiping/M.1496764130.A.B07.html download to ptt/Gossiping/22778_18.txt, time: 6.220000
/bbs/Gossiping/M.1496764144.A.9AD.html download to ptt/Gossiping/22778_19.txt, time: 3.890000
page 22777
/bbs/Gossiping/M.1496763639.A.D49.html download to ptt/Gossiping/22777_0.txt, time: 4.080000
/bbs/Gossiping/M.1496763640.A.BC8.html download to ptt/Gossiping/22777_1.txt, time: 4.370000
/bbs/Gossiping/M.1496763665.A.60C.html download to ptt/Gossiping/22777_2.txt, time: 5.480000
/bbs/Gossiping/M.1496763672.A.0EB.html download to ptt/Gossiping/22777_3.txt, time: 5.330000
/bbs/Gossiping/M.1496763673.A.2E3.html download to ptt/Gossiping/22777_4.txt, time: 5.220000
/bbs/Gossiping/M.1496763716.A.A29.html download to ptt/Gossiping/22777_5.txt, time: 5.690000
empty download to ptt/Gossiping/22777_6.txt, time: 0.000000
/bbs/Gossiping/M.1496763722.A.699.html download to ptt/Gossiping/22777_7.txt, time: 4.400000
/bbs/Gossiping/M.1496763724.A.B7A.html download to ptt/Gossiping/22777_8.txt, time: 3.780000
/bbs/Gossiping/M.1496763732.A.BF4.html download to ptt/Gossiping/22777_9.txt, time: 5.090000
/bbs/Gossiping/M.1496763736.A.C98.html download to ptt/Gossiping/22777_10.txt, time: 4.570000
/bbs/Gossiping/M.1496763755.A.01F.html download to ptt/Gossiping/22777_11.txt, time: 3.240000
/bbs/Gossiping/M.1496763764.A.01F.html download to ptt/Gossiping/22777_12.txt, time: 12.600000
empty download to ptt/Gossiping/22777_13.txt, time: 0.000000
/bbs/Gossiping/M.1496763805.A.A92.html download to ptt/Gossiping/22777_14.txt, time: 6.980000
/bbs/Gossiping/M.1496763830.A.5C3.html download to ptt/Gossiping/22777_15.txt, time: 3.410000
/bbs/Gossiping/M.1496763879.A.174.html download to ptt/Gossiping/22777_16.txt, time: 6.170000
/bbs/Gossiping/M.1496763880.A.66B.html download to ptt/Gossiping/22777_17.txt, time: 4.650000
/bbs/Gossiping/M.1496763897.A.60F.html download to ptt/Gossiping/22777_18.txt, time: 3.780000
/bbs/Gossiping/M.1496763905.A.176.html download to ptt/Gossiping/22777_19.txt, time: 5.120000
page 22776
/bbs/Gossiping/M.1496763239.A.C05.html download to ptt/Gossiping/22776_0.txt, time: 3.990000
/bbs/Gossiping/M.1496763239.A.A19.html download to ptt/Gossiping/22776_1.txt, time: 5.780000
/bbs/Gossiping/M.1496763256.A.615.html download to ptt/Gossiping/22776_2.txt, time: 3.670000
/bbs/Gossiping/M.1496763260.A.145.html download to ptt/Gossiping/22776_3.txt, time: 4.500000
/bbs/Gossiping/M.1496763265.A.A4F.html download to ptt/Gossiping/22776_4.txt, time: 2.950000
/bbs/Gossiping/M.1496763271.A.D9B.html download to ptt/Gossiping/22776_5.txt, time: 5.270000
/bbs/Gossiping/M.1496763304.A.CC5.html download to ptt/Gossiping/22776_6.txt, time: 5.660000
/bbs/Gossiping/M.1496763314.A.AE5.html download to ptt/Gossiping/22776_7.txt, time: 4.690000
/bbs/Gossiping/M.1496763328.A.D91.html download to ptt/Gossiping/22776_8.txt, time: 5.120000
/bbs/Gossiping/M.1496763369.A.44A.html download to ptt/Gossiping/22776_9.txt, time: 3.370000
/bbs/Gossiping/M.1496763388.A.D26.html download to ptt/Gossiping/22776_10.txt, time: 5.150000
/bbs/Gossiping/M.1496763397.A.D51.html download to ptt/Gossiping/22776_11.txt, time: 2.930000
/bbs/Gossiping/M.1496763424.A.793.html download to ptt/Gossiping/22776_12.txt, time: 4.230000
/bbs/Gossiping/M.1496763438.A.A91.html download to ptt/Gossiping/22776_13.txt, time: 6.100000
empty download to ptt/Gossiping/22776_14.txt, time: 0.000000
/bbs/Gossiping/M.1496763527.A.671.html download to ptt/Gossiping/22776_15.txt, time: 4.130000
/bbs/Gossiping/M.1496763536.A.B66.html download to ptt/Gossiping/22776_16.txt, time: 3.250000
/bbs/Gossiping/M.1496763592.A.633.html download to ptt/Gossiping/22776_17.txt, time: 4.750000
/bbs/Gossiping/M.1496763596.A.B49.html download to ptt/Gossiping/22776_18.txt, time: 4.030000
empty download to ptt/Gossiping/22776_19.txt, time: 0.000000
time: 525.652617931366 seconds
