page 22790
/bbs/Gossiping/M.1496768172.A.B64.html download to ptt/Gossiping/22790_0.txt, time: 6.530000
/bbs/Gossiping/M.1496768183.A.E2F.html download to ptt/Gossiping/22790_1.txt, time: 5.220000
/bbs/Gossiping/M.1496768229.A.3F1.html download to ptt/Gossiping/22790_2.txt, time: 4.290000
empty download to ptt/Gossiping/22790_3.txt, time: 0.000000
/bbs/Gossiping/M.1496768267.A.1BE.html download to ptt/Gossiping/22790_4.txt, time: 4.800000
empty download to ptt/Gossiping/22790_5.txt, time: 0.000000
/bbs/Gossiping/M.1496768297.A.94F.html download to ptt/Gossiping/22790_6.txt, time: 5.970000
/bbs/Gossiping/M.1496768300.A.B41.html download to ptt/Gossiping/22790_7.txt, time: 4.150000
/bbs/Gossiping/M.1496768300.A.E2C.html download to ptt/Gossiping/22790_8.txt, time: 5.020000
/bbs/Gossiping/M.1496768321.A.FEA.html download to ptt/Gossiping/22790_9.txt, time: 4.300000
/bbs/Gossiping/M.1496768342.A.761.html download to ptt/Gossiping/22790_10.txt, time: 5.850000
/bbs/Gossiping/M.1496768363.A.FA9.html download to ptt/Gossiping/22790_11.txt, time: 4.630000
/bbs/Gossiping/M.1496768371.A.B48.html download to ptt/Gossiping/22790_12.txt, time: 6.930000
/bbs/Gossiping/M.1496768398.A.90C.html download to ptt/Gossiping/22790_13.txt, time: 4.810000
/bbs/Gossiping/M.1496768467.A.7BC.html download to ptt/Gossiping/22790_14.txt, time: 7.730000
/bbs/Gossiping/M.1496768481.A.B54.html download to ptt/Gossiping/22790_15.txt, time: 6.410000
/bbs/Gossiping/M.1496768486.A.042.html download to ptt/Gossiping/22790_16.txt, time: 6.700000
/bbs/Gossiping/M.1496768511.A.8DD.html download to ptt/Gossiping/22790_17.txt, time: 4.010000
/bbs/Gossiping/M.1496768512.A.713.html download to ptt/Gossiping/22790_18.txt, time: 4.350000
/bbs/Gossiping/M.1496768528.A.32C.html download to ptt/Gossiping/22790_19.txt, time: 3.760000
page 22789
/bbs/Gossiping/M.1496767824.A.7F9.html download to ptt/Gossiping/22789_0.txt, time: 7.680000
/bbs/Gossiping/M.1496767842.A.713.html download to ptt/Gossiping/22789_1.txt, time: 3.950000
/bbs/Gossiping/M.1496767843.A.2E8.html download to ptt/Gossiping/22789_2.txt, time: 5.190000
/bbs/Gossiping/M.1496767850.A.7E9.html download to ptt/Gossiping/22789_3.txt, time: 2.740000
/bbs/Gossiping/M.1496767856.A.EF2.html download to ptt/Gossiping/22789_4.txt, time: 5.530000
empty download to ptt/Gossiping/22789_5.txt, time: 0.000000
/bbs/Gossiping/M.1496767870.A.2DF.html download to ptt/Gossiping/22789_6.txt, time: 3.010000
/bbs/Gossiping/M.1496767874.A.C77.html download to ptt/Gossiping/22789_7.txt, time: 3.680000
/bbs/Gossiping/M.1496767877.A.FB2.html download to ptt/Gossiping/22789_8.txt, time: 6.230000
empty download to ptt/Gossiping/22789_9.txt, time: 0.000000
/bbs/Gossiping/M.1496767923.A.346.html download to ptt/Gossiping/22789_10.txt, time: 5.230000
empty download to ptt/Gossiping/22789_11.txt, time: 0.000000
/bbs/Gossiping/M.1496767989.A.85E.html download to ptt/Gossiping/22789_12.txt, time: 4.170000
/bbs/Gossiping/M.1496768007.A.09B.html download to ptt/Gossiping/22789_13.txt, time: 4.840000
/bbs/Gossiping/M.1496768033.A.56D.html download to ptt/Gossiping/22789_14.txt, time: 4.070000
/bbs/Gossiping/M.1496768041.A.734.html download to ptt/Gossiping/22789_15.txt, time: 4.030000
/bbs/Gossiping/M.1496768047.A.163.html download to ptt/Gossiping/22789_16.txt, time: 4.160000
/bbs/Gossiping/M.1496768067.A.95E.html download to ptt/Gossiping/22789_17.txt, time: 6.780000
/bbs/Gossiping/M.1496768126.A.5D1.html download to ptt/Gossiping/22789_18.txt, time: 5.650000
/bbs/Gossiping/M.1496768168.A.ACE.html download to ptt/Gossiping/22789_19.txt, time: 3.150000
page 22788
/bbs/Gossiping/M.1496767430.A.2B3.html download to ptt/Gossiping/22788_0.txt, time: 5.110000
/bbs/Gossiping/M.1496767460.A.633.html download to ptt/Gossiping/22788_1.txt, time: 3.200000
/bbs/Gossiping/M.1496767524.A.CFA.html download to ptt/Gossiping/22788_2.txt, time: 4.330000
/bbs/Gossiping/M.1496767547.A.BA9.html download to ptt/Gossiping/22788_3.txt, time: 4.440000
/bbs/Gossiping/M.1496767566.A.8E9.html download to ptt/Gossiping/22788_4.txt, time: 5.690000
/bbs/Gossiping/M.1496767609.A.D6C.html download to ptt/Gossiping/22788_5.txt, time: 6.240000
/bbs/Gossiping/M.1496767611.A.2D3.html download to ptt/Gossiping/22788_6.txt, time: 5.550000
/bbs/Gossiping/M.1496767647.A.921.html download to ptt/Gossiping/22788_7.txt, time: 6.360000
/bbs/Gossiping/M.1496767652.A.418.html download to ptt/Gossiping/22788_8.txt, time: 5.220000
/bbs/Gossiping/M.1496767657.A.BBA.html download to ptt/Gossiping/22788_9.txt, time: 5.600000
/bbs/Gossiping/M.1496767660.A.55B.html download to ptt/Gossiping/22788_10.txt, time: 7.480000
/bbs/Gossiping/M.1496767681.A.61B.html download to ptt/Gossiping/22788_11.txt, time: 9.670000
/bbs/Gossiping/M.1496767681.A.454.html download to ptt/Gossiping/22788_12.txt, time: 5.380000
/bbs/Gossiping/M.1496767682.A.9FB.html download to ptt/Gossiping/22788_13.txt, time: 11.620000
/bbs/Gossiping/M.1496767683.A.478.html download to ptt/Gossiping/22788_14.txt, time: 4.990000
/bbs/Gossiping/M.1496767736.A.B85.html download to ptt/Gossiping/22788_15.txt, time: 6.930000
/bbs/Gossiping/M.1496767737.A.08F.html download to ptt/Gossiping/22788_16.txt, time: 3.500000
/bbs/Gossiping/M.1496767764.A.F4F.html download to ptt/Gossiping/22788_17.txt, time: 6.190000
/bbs/Gossiping/M.1496767774.A.48A.html download to ptt/Gossiping/22788_18.txt, time: 5.160000
/bbs/Gossiping/M.1496767791.A.3A2.html download to ptt/Gossiping/22788_19.txt, time: 7.130000
page 22787
Traceback (most recent call last):
  File "/home/studentyl/anaconda3/lib/python3.6/site-packages/requests/packages/urllib3/connectionpool.py", line 600, in urlopen
    chunked=chunked)
  File "/home/studentyl/anaconda3/lib/python3.6/site-packages/requests/packages/urllib3/connectionpool.py", line 386, in _make_request
    six.raise_from(e, None)
  File "<string>", line 2, in raise_from
  File "/home/studentyl/anaconda3/lib/python3.6/site-packages/requests/packages/urllib3/connectionpool.py", line 382, in _make_request
    httplib_response = conn.getresponse()
  File "/home/studentyl/anaconda3/lib/python3.6/http/client.py", line 1331, in getresponse
    response.begin()
  File "/home/studentyl/anaconda3/lib/python3.6/http/client.py", line 297, in begin
    version, status, reason = self._read_status()
  File "/home/studentyl/anaconda3/lib/python3.6/http/client.py", line 266, in _read_status
    raise RemoteDisconnected("Remote end closed connection without"
http.client.RemoteDisconnected: Remote end closed connection without response

During handling of the above exception, another exception occurred:

Traceback (most recent call last):
  File "/home/studentyl/anaconda3/lib/python3.6/site-packages/requests/adapters.py", line 438, in send
    timeout=timeout
  File "/home/studentyl/anaconda3/lib/python3.6/site-packages/requests/packages/urllib3/connectionpool.py", line 649, in urlopen
    _stacktrace=sys.exc_info()[2])
  File "/home/studentyl/anaconda3/lib/python3.6/site-packages/requests/packages/urllib3/util/retry.py", line 357, in increment
    raise six.reraise(type(error), error, _stacktrace)
  File "/home/studentyl/anaconda3/lib/python3.6/site-packages/requests/packages/urllib3/packages/six.py", line 685, in reraise
    raise value.with_traceback(tb)
  File "/home/studentyl/anaconda3/lib/python3.6/site-packages/requests/packages/urllib3/connectionpool.py", line 600, in urlopen
    chunked=chunked)
  File "/home/studentyl/anaconda3/lib/python3.6/site-packages/requests/packages/urllib3/connectionpool.py", line 386, in _make_request
    six.raise_from(e, None)
  File "<string>", line 2, in raise_from
  File "/home/studentyl/anaconda3/lib/python3.6/site-packages/requests/packages/urllib3/connectionpool.py", line 382, in _make_request
    httplib_response = conn.getresponse()
  File "/home/studentyl/anaconda3/lib/python3.6/http/client.py", line 1331, in getresponse
    response.begin()
  File "/home/studentyl/anaconda3/lib/python3.6/http/client.py", line 297, in begin
    version, status, reason = self._read_status()
  File "/home/studentyl/anaconda3/lib/python3.6/http/client.py", line 266, in _read_status
    raise RemoteDisconnected("Remote end closed connection without"
requests.packages.urllib3.exceptions.ProtocolError: ('Connection aborted.', RemoteDisconnected('Remote end closed connection without response',))

During handling of the above exception, another exception occurred:

Traceback (most recent call last):
  File "./crawler.py", line 177, in <module>
    main(sys.argv[1:])
  File "./crawler.py", line 158, in main
    downloadForum(forumName, startPage, pages)
  File "./crawler.py", line 124, in downloadForum
    pageText = getPageText(prevPage)
  File "./crawler.py", line 13, in getPageText
    pageText=requests.get(link, cookies={'over18':'1'}).text
  File "/home/studentyl/anaconda3/lib/python3.6/site-packages/requests/api.py", line 72, in get
    return request('get', url, params=params, **kwargs)
  File "/home/studentyl/anaconda3/lib/python3.6/site-packages/requests/api.py", line 58, in request
    return session.request(method=method, url=url, **kwargs)
  File "/home/studentyl/anaconda3/lib/python3.6/site-packages/requests/sessions.py", line 518, in request
    resp = self.send(prep, **send_kwargs)
  File "/home/studentyl/anaconda3/lib/python3.6/site-packages/requests/sessions.py", line 639, in send
    r = adapter.send(request, **kwargs)
  File "/home/studentyl/anaconda3/lib/python3.6/site-packages/requests/adapters.py", line 488, in send
    raise ConnectionError(err, request=request)
requests.exceptions.ConnectionError: ('Connection aborted.', RemoteDisconnected('Remote end closed connection without response',))
