page 22800
/bbs/Gossiping/M.1496776244.A.EC3.html download to ptt/Gossiping/22800_0.txt, time: 4.320000
/bbs/Gossiping/M.1496776399.A.4EE.html download to ptt/Gossiping/22800_1.txt, time: 4.790000
/bbs/Gossiping/M.1496776513.A.CD6.html download to ptt/Gossiping/22800_2.txt, time: 5.380000
/bbs/Gossiping/M.1496776551.A.C45.html download to ptt/Gossiping/22800_3.txt, time: 5.370000
/bbs/Gossiping/M.1496776554.A.E44.html download to ptt/Gossiping/22800_4.txt, time: 3.490000
empty download to ptt/Gossiping/22800_5.txt, time: 0.000000
/bbs/Gossiping/M.1496776724.A.FA0.html download to ptt/Gossiping/22800_6.txt, time: 4.160000
/bbs/Gossiping/M.1496776883.A.63F.html download to ptt/Gossiping/22800_7.txt, time: 3.890000
/bbs/Gossiping/M.1496776936.A.16C.html download to ptt/Gossiping/22800_8.txt, time: 3.740000
/bbs/Gossiping/M.1496777008.A.02D.html download to ptt/Gossiping/22800_9.txt, time: 6.170000
/bbs/Gossiping/M.1496777019.A.6F2.html download to ptt/Gossiping/22800_10.txt, time: 6.500000
/bbs/Gossiping/M.1496777040.A.F7E.html download to ptt/Gossiping/22800_11.txt, time: 3.380000
/bbs/Gossiping/M.1496777053.A.D6F.html download to ptt/Gossiping/22800_12.txt, time: 4.160000
/bbs/Gossiping/M.1496777061.A.3A3.html download to ptt/Gossiping/22800_13.txt, time: 4.420000
/bbs/Gossiping/M.1496777071.A.418.html download to ptt/Gossiping/22800_14.txt, time: 5.050000
/bbs/Gossiping/M.1496777079.A.24D.html download to ptt/Gossiping/22800_15.txt, time: 5.620000
empty download to ptt/Gossiping/22800_16.txt, time: 0.000000
/bbs/Gossiping/M.1496777408.A.C45.html download to ptt/Gossiping/22800_17.txt, time: 7.380000
/bbs/Gossiping/M.1496777555.A.743.html download to ptt/Gossiping/22800_18.txt, time: 5.210000
/bbs/Gossiping/M.1496778111.A.92B.html download to ptt/Gossiping/22800_19.txt, time: 4.810000
page 22799
/bbs/Gossiping/M.1496774123.A.392.html download to ptt/Gossiping/22799_0.txt, time: 6.860000
/bbs/Gossiping/M.1496774321.A.B2F.html download to ptt/Gossiping/22799_1.txt, time: 5.470000
/bbs/Gossiping/M.1496774586.A.AD4.html download to ptt/Gossiping/22799_2.txt, time: 3.150000
/bbs/Gossiping/M.1496774855.A.9EC.html download to ptt/Gossiping/22799_3.txt, time: 6.650000
/bbs/Gossiping/M.1496774900.A.B91.html download to ptt/Gossiping/22799_4.txt, time: 4.730000
/bbs/Gossiping/M.1496774902.A.A30.html download to ptt/Gossiping/22799_5.txt, time: 5.610000
/bbs/Gossiping/M.1496774915.A.DB6.html download to ptt/Gossiping/22799_6.txt, time: 4.220000
empty download to ptt/Gossiping/22799_7.txt, time: 0.000000
/bbs/Gossiping/M.1496774968.A.5BB.html download to ptt/Gossiping/22799_8.txt, time: 4.530000
/bbs/Gossiping/M.1496774993.A.F2F.html download to ptt/Gossiping/22799_9.txt, time: 5.450000
/bbs/Gossiping/M.1496774997.A.BEB.html download to ptt/Gossiping/22799_10.txt, time: 4.400000
/bbs/Gossiping/M.1496775152.A.08E.html download to ptt/Gossiping/22799_11.txt, time: 5.390000
/bbs/Gossiping/M.1496775153.A.ADB.html download to ptt/Gossiping/22799_12.txt, time: 4.760000
/bbs/Gossiping/M.1496775490.A.828.html download to ptt/Gossiping/22799_13.txt, time: 7.260000
/bbs/Gossiping/M.1496775582.A.C6E.html download to ptt/Gossiping/22799_14.txt, time: 5.340000
/bbs/Gossiping/M.1496775610.A.BF9.html download to ptt/Gossiping/22799_15.txt, time: 4.880000
/bbs/Gossiping/M.1496775995.A.A4B.html download to ptt/Gossiping/22799_16.txt, time: 3.720000
/bbs/Gossiping/M.1496776110.A.B4A.html download to ptt/Gossiping/22799_17.txt, time: 4.620000
/bbs/Gossiping/M.1496776168.A.91B.html download to ptt/Gossiping/22799_18.txt, time: 3.780000
/bbs/Gossiping/M.1496776212.A.897.html download to ptt/Gossiping/22799_19.txt, time: 4.350000
page 22798
/bbs/Gossiping/M.1496773143.A.741.html download to ptt/Gossiping/22798_0.txt, time: 5.740000
/bbs/Gossiping/M.1496773143.A.A7A.html download to ptt/Gossiping/22798_1.txt, time: 5.560000
/bbs/Gossiping/M.1496773191.A.605.html download to ptt/Gossiping/22798_2.txt, time: 5.200000
/bbs/Gossiping/M.1496773191.A.C33.html download to ptt/Gossiping/22798_3.txt, time: 6.000000
empty download to ptt/Gossiping/22798_4.txt, time: 0.000000
/bbs/Gossiping/M.1496773203.A.2BC.html download to ptt/Gossiping/22798_5.txt, time: 8.050000
/bbs/Gossiping/M.1496773275.A.848.html download to ptt/Gossiping/22798_6.txt, time: 6.670000
/bbs/Gossiping/M.1496773282.A.790.html download to ptt/Gossiping/22798_7.txt, time: 5.000000
/bbs/Gossiping/M.1496773370.A.777.html download to ptt/Gossiping/22798_8.txt, time: 3.470000
/bbs/Gossiping/M.1496773378.A.316.html download to ptt/Gossiping/22798_9.txt, time: 7.200000
/bbs/Gossiping/M.1496773457.A.8A5.html download to ptt/Gossiping/22798_10.txt, time: 7.330000
/bbs/Gossiping/M.1496773463.A.E8D.html download to ptt/Gossiping/22798_11.txt, time: 6.440000
/bbs/Gossiping/M.1496773603.A.25D.html download to ptt/Gossiping/22798_12.txt, time: 4.490000
/bbs/Gossiping/M.1496773646.A.C85.html download to ptt/Gossiping/22798_13.txt, time: 8.420000
/bbs/Gossiping/M.1496773691.A.ECB.html download to ptt/Gossiping/22798_14.txt, time: 3.530000
/bbs/Gossiping/M.1496773787.A.D5C.html download to ptt/Gossiping/22798_15.txt, time: 6.930000
/bbs/Gossiping/M.1496773840.A.981.html download to ptt/Gossiping/22798_16.txt, time: 5.830000
/bbs/Gossiping/M.1496773863.A.37B.html download to ptt/Gossiping/22798_17.txt, time: 7.900000
/bbs/Gossiping/M.1496773900.A.E6A.html download to ptt/Gossiping/22798_18.txt, time: 4.460000
/bbs/Gossiping/M.1496774047.A.90D.html download to ptt/Gossiping/22798_19.txt, time: 3.230000
page 22797
/bbs/Gossiping/M.1496772488.A.B28.html download to ptt/Gossiping/22797_0.txt, time: 3.450000
/bbs/Gossiping/M.1496772495.A.B41.html download to ptt/Gossiping/22797_1.txt, time: 8.400000
/bbs/Gossiping/M.1496772512.A.B0E.html download to ptt/Gossiping/22797_2.txt, time: 6.310000
/bbs/Gossiping/M.1496772594.A.57A.html download to ptt/Gossiping/22797_3.txt, time: 4.680000
/bbs/Gossiping/M.1496772595.A.829.html download to ptt/Gossiping/22797_4.txt, time: 3.710000
/bbs/Gossiping/M.1496772618.A.B03.html download to ptt/Gossiping/22797_5.txt, time: 5.160000
/bbs/Gossiping/M.1496772684.A.003.html download to ptt/Gossiping/22797_6.txt, time: 3.530000
/bbs/Gossiping/M.1496772708.A.7F4.html download to ptt/Gossiping/22797_7.txt, time: 3.790000
/bbs/Gossiping/M.1496772748.A.047.html download to ptt/Gossiping/22797_8.txt, time: 3.460000
/bbs/Gossiping/M.1496772753.A.55C.html download to ptt/Gossiping/22797_9.txt, time: 3.180000
/bbs/Gossiping/M.1496772789.A.342.html download to ptt/Gossiping/22797_10.txt, time: 3.600000
/bbs/Gossiping/M.1496772834.A.B20.html download to ptt/Gossiping/22797_11.txt, time: 4.820000
/bbs/Gossiping/M.1496772870.A.8A2.html download to ptt/Gossiping/22797_12.txt, time: 4.090000
/bbs/Gossiping/M.1496772938.A.50A.html download to ptt/Gossiping/22797_13.txt, time: 3.610000
/bbs/Gossiping/M.1496773004.A.C83.html download to ptt/Gossiping/22797_14.txt, time: 3.540000
/bbs/Gossiping/M.1496773014.A.6D0.html download to ptt/Gossiping/22797_15.txt, time: 3.890000
/bbs/Gossiping/M.1496773035.A.EF4.html download to ptt/Gossiping/22797_16.txt, time: 3.410000
/bbs/Gossiping/M.1496773051.A.5B3.html download to ptt/Gossiping/22797_17.txt, time: 4.120000
/bbs/Gossiping/M.1496773058.A.A53.html download to ptt/Gossiping/22797_18.txt, time: 5.330000
/bbs/Gossiping/M.1496773072.A.ECA.html download to ptt/Gossiping/22797_19.txt, time: 4.110000
page 22796
/bbs/Gossiping/M.1496771816.A.4EE.html download to ptt/Gossiping/22796_0.txt, time: 3.560000
/bbs/Gossiping/M.1496771855.A.3DE.html download to ptt/Gossiping/22796_1.txt, time: 4.110000
/bbs/Gossiping/M.1496771924.A.A6C.html download to ptt/Gossiping/22796_2.txt, time: 5.520000
/bbs/Gossiping/M.1496771948.A.EC2.html download to ptt/Gossiping/22796_3.txt, time: 4.500000
empty download to ptt/Gossiping/22796_4.txt, time: 0.000000
/bbs/Gossiping/M.1496771995.A.A24.html download to ptt/Gossiping/22796_5.txt, time: 6.290000
/bbs/Gossiping/M.1496772032.A.20A.html download to ptt/Gossiping/22796_6.txt, time: 4.640000
/bbs/Gossiping/M.1496772049.A.B66.html download to ptt/Gossiping/22796_7.txt, time: 4.080000
/bbs/Gossiping/M.1496772107.A.782.html download to ptt/Gossiping/22796_8.txt, time: 4.430000
/bbs/Gossiping/M.1496772159.A.433.html download to ptt/Gossiping/22796_9.txt, time: 4.490000
/bbs/Gossiping/M.1496772183.A.E09.html download to ptt/Gossiping/22796_10.txt, time: 4.320000
/bbs/Gossiping/M.1496772187.A.A59.html download to ptt/Gossiping/22796_11.txt, time: 4.830000
/bbs/Gossiping/M.1496772187.A.CF3.html download to ptt/Gossiping/22796_12.txt, time: 3.360000
/bbs/Gossiping/M.1496772196.A.CE3.html download to ptt/Gossiping/22796_13.txt, time: 4.810000
/bbs/Gossiping/M.1496772332.A.CAD.html download to ptt/Gossiping/22796_14.txt, time: 4.140000
/bbs/Gossiping/M.1496772387.A.0C5.html download to ptt/Gossiping/22796_15.txt, time: 3.090000
/bbs/Gossiping/M.1496772393.A.BE3.html download to ptt/Gossiping/22796_16.txt, time: 3.710000
/bbs/Gossiping/M.1496772418.A.345.html download to ptt/Gossiping/22796_17.txt, time: 3.490000
/bbs/Gossiping/M.1496772463.A.977.html download to ptt/Gossiping/22796_18.txt, time: 3.900000
/bbs/Gossiping/M.1496772481.A.CFE.html download to ptt/Gossiping/22796_19.txt, time: 3.690000
time: 525.2688338756561 seconds
