page 22810
/bbs/Gossiping/M.1496795999.A.EED.html download to ptt/Gossiping/22810_0.txt, time: 4.970000
/bbs/Gossiping/M.1496796021.A.767.html download to ptt/Gossiping/22810_1.txt, time: 5.250000
/bbs/Gossiping/M.1496796028.A.5B8.html download to ptt/Gossiping/22810_2.txt, time: 4.550000
/bbs/Gossiping/M.1496796037.A.2C5.html download to ptt/Gossiping/22810_3.txt, time: 4.830000
/bbs/Gossiping/M.1496796061.A.2A0.html download to ptt/Gossiping/22810_4.txt, time: 4.590000
/bbs/Gossiping/M.1496796092.A.7DB.html download to ptt/Gossiping/22810_5.txt, time: 4.410000
/bbs/Gossiping/M.1496796115.A.2B9.html download to ptt/Gossiping/22810_6.txt, time: 4.750000
/bbs/Gossiping/M.1496796130.A.E52.html download to ptt/Gossiping/22810_7.txt, time: 5.960000
/bbs/Gossiping/M.1496796161.A.792.html download to ptt/Gossiping/22810_8.txt, time: 4.800000
/bbs/Gossiping/M.1496796162.A.0E6.html download to ptt/Gossiping/22810_9.txt, time: 6.550000
/bbs/Gossiping/M.1496796202.A.367.html download to ptt/Gossiping/22810_10.txt, time: 3.840000
/bbs/Gossiping/M.1496796217.A.0A1.html download to ptt/Gossiping/22810_11.txt, time: 9.000000
/bbs/Gossiping/M.1496796246.A.9A7.html download to ptt/Gossiping/22810_12.txt, time: 5.540000
/bbs/Gossiping/M.1496796326.A.F72.html download to ptt/Gossiping/22810_13.txt, time: 3.830000
/bbs/Gossiping/M.1496796370.A.ED0.html download to ptt/Gossiping/22810_14.txt, time: 5.910000
/bbs/Gossiping/M.1496796501.A.D4D.html download to ptt/Gossiping/22810_15.txt, time: 4.370000
/bbs/Gossiping/M.1496796510.A.C7D.html download to ptt/Gossiping/22810_16.txt, time: 4.760000
/bbs/Gossiping/M.1496796591.A.EA9.html download to ptt/Gossiping/22810_17.txt, time: 6.720000
/bbs/Gossiping/M.1496796699.A.4EF.html download to ptt/Gossiping/22810_18.txt, time: 6.570000
/bbs/Gossiping/M.1496796707.A.60C.html download to ptt/Gossiping/22810_19.txt, time: 4.160000
page 22809
/bbs/Gossiping/M.1496795389.A.9D9.html download to ptt/Gossiping/22809_0.txt, time: 7.410000
/bbs/Gossiping/M.1496795395.A.693.html download to ptt/Gossiping/22809_1.txt, time: 7.280000
/bbs/Gossiping/M.1496795440.A.3FC.html download to ptt/Gossiping/22809_2.txt, time: 4.030000
/bbs/Gossiping/M.1496795508.A.A12.html download to ptt/Gossiping/22809_3.txt, time: 6.230000
/bbs/Gossiping/M.1496795581.A.52E.html download to ptt/Gossiping/22809_4.txt, time: 5.200000
/bbs/Gossiping/M.1496795594.A.E0C.html download to ptt/Gossiping/22809_5.txt, time: 4.120000
/bbs/Gossiping/M.1496795606.A.879.html download to ptt/Gossiping/22809_6.txt, time: 4.880000
/bbs/Gossiping/M.1496795627.A.49D.html download to ptt/Gossiping/22809_7.txt, time: 5.450000
/bbs/Gossiping/M.1496795652.A.D36.html download to ptt/Gossiping/22809_8.txt, time: 5.470000
/bbs/Gossiping/M.1496795682.A.F19.html download to ptt/Gossiping/22809_9.txt, time: 5.340000
/bbs/Gossiping/M.1496795711.A.168.html download to ptt/Gossiping/22809_10.txt, time: 5.550000
/bbs/Gossiping/M.1496795728.A.EB7.html download to ptt/Gossiping/22809_11.txt, time: 6.550000
/bbs/Gossiping/M.1496795744.A.0F2.html download to ptt/Gossiping/22809_12.txt, time: 4.740000
/bbs/Gossiping/M.1496795763.A.109.html download to ptt/Gossiping/22809_13.txt, time: 4.790000
/bbs/Gossiping/M.1496795822.A.31A.html download to ptt/Gossiping/22809_14.txt, time: 7.450000
/bbs/Gossiping/M.1496795869.A.85C.html download to ptt/Gossiping/22809_15.txt, time: 5.470000
/bbs/Gossiping/M.1496795870.A.4CF.html download to ptt/Gossiping/22809_16.txt, time: 4.950000
/bbs/Gossiping/M.1496795957.A.714.html download to ptt/Gossiping/22809_17.txt, time: 4.590000
/bbs/Gossiping/M.1496795960.A.901.html download to ptt/Gossiping/22809_18.txt, time: 5.220000
/bbs/Gossiping/M.1496795981.A.E5A.html download to ptt/Gossiping/22809_19.txt, time: 5.070000
page 22808
/bbs/Gossiping/M.1496794569.A.1B6.html download to ptt/Gossiping/22808_0.txt, time: 5.330000
/bbs/Gossiping/M.1496794654.A.467.html download to ptt/Gossiping/22808_1.txt, time: 7.080000
/bbs/Gossiping/M.1496794759.A.D01.html download to ptt/Gossiping/22808_2.txt, time: 4.660000
/bbs/Gossiping/M.1496794764.A.4AC.html download to ptt/Gossiping/22808_3.txt, time: 7.410000
/bbs/Gossiping/M.1496794770.A.7DD.html download to ptt/Gossiping/22808_4.txt, time: 6.230000
/bbs/Gossiping/M.1496794827.A.293.html download to ptt/Gossiping/22808_5.txt, time: 8.090000
/bbs/Gossiping/M.1496794856.A.4B7.html download to ptt/Gossiping/22808_6.txt, time: 4.350000
/bbs/Gossiping/M.1496794917.A.7CD.html download to ptt/Gossiping/22808_7.txt, time: 5.620000
/bbs/Gossiping/M.1496794931.A.308.html download to ptt/Gossiping/22808_8.txt, time: 5.240000
/bbs/Gossiping/M.1496794948.A.38E.html download to ptt/Gossiping/22808_9.txt, time: 5.290000
/bbs/Gossiping/M.1496794998.A.3B5.html download to ptt/Gossiping/22808_10.txt, time: 5.600000
/bbs/Gossiping/M.1496795019.A.878.html download to ptt/Gossiping/22808_11.txt, time: 6.720000
/bbs/Gossiping/M.1496795083.A.5E2.htmlTraceback (most recent call last):
  File "/home/studentyl/anaconda3/lib/python3.6/site-packages/requests/packages/urllib3/connectionpool.py", line 600, in urlopen
    chunked=chunked)
  File "/home/studentyl/anaconda3/lib/python3.6/site-packages/requests/packages/urllib3/connectionpool.py", line 386, in _make_request
    six.raise_from(e, None)
  File "<string>", line 2, in raise_from
  File "/home/studentyl/anaconda3/lib/python3.6/site-packages/requests/packages/urllib3/connectionpool.py", line 382, in _make_request
    httplib_response = conn.getresponse()
  File "/home/studentyl/anaconda3/lib/python3.6/http/client.py", line 1331, in getresponse
    response.begin()
  File "/home/studentyl/anaconda3/lib/python3.6/http/client.py", line 297, in begin
    version, status, reason = self._read_status()
  File "/home/studentyl/anaconda3/lib/python3.6/http/client.py", line 266, in _read_status
    raise RemoteDisconnected("Remote end closed connection without"
http.client.RemoteDisconnected: Remote end closed connection without response

During handling of the above exception, another exception occurred:

Traceback (most recent call last):
  File "/home/studentyl/anaconda3/lib/python3.6/site-packages/requests/adapters.py", line 438, in send
    timeout=timeout
  File "/home/studentyl/anaconda3/lib/python3.6/site-packages/requests/packages/urllib3/connectionpool.py", line 649, in urlopen
    _stacktrace=sys.exc_info()[2])
  File "/home/studentyl/anaconda3/lib/python3.6/site-packages/requests/packages/urllib3/util/retry.py", line 357, in increment
    raise six.reraise(type(error), error, _stacktrace)
  File "/home/studentyl/anaconda3/lib/python3.6/site-packages/requests/packages/urllib3/packages/six.py", line 685, in reraise
    raise value.with_traceback(tb)
  File "/home/studentyl/anaconda3/lib/python3.6/site-packages/requests/packages/urllib3/connectionpool.py", line 600, in urlopen
    chunked=chunked)
  File "/home/studentyl/anaconda3/lib/python3.6/site-packages/requests/packages/urllib3/connectionpool.py", line 386, in _make_request
    six.raise_from(e, None)
  File "<string>", line 2, in raise_from
  File "/home/studentyl/anaconda3/lib/python3.6/site-packages/requests/packages/urllib3/connectionpool.py", line 382, in _make_request
    httplib_response = conn.getresponse()
  File "/home/studentyl/anaconda3/lib/python3.6/http/client.py", line 1331, in getresponse
    response.begin()
  File "/home/studentyl/anaconda3/lib/python3.6/http/client.py", line 297, in begin
    version, status, reason = self._read_status()
  File "/home/studentyl/anaconda3/lib/python3.6/http/client.py", line 266, in _read_status
    raise RemoteDisconnected("Remote end closed connection without"
requests.packages.urllib3.exceptions.ProtocolError: ('Connection aborted.', RemoteDisconnected('Remote end closed connection without response',))

During handling of the above exception, another exception occurred:

Traceback (most recent call last):
  File "./crawler.py", line 177, in <module>
    main(sys.argv[1:])
  File "./crawler.py", line 158, in main
    downloadForum(forumName, startPage, pages)
  File "./crawler.py", line 140, in downloadForum
    downloadPage(str(articleCount), forumName, pageNum, 'https://www.ptt.cc'+link)
  File "./crawler.py", line 82, in downloadPage
    pageText = getPageText(link)
  File "./crawler.py", line 13, in getPageText
    pageText=requests.get(link, cookies={'over18':'1'}).text
  File "/home/studentyl/anaconda3/lib/python3.6/site-packages/requests/api.py", line 72, in get
    return request('get', url, params=params, **kwargs)
  File "/home/studentyl/anaconda3/lib/python3.6/site-packages/requests/api.py", line 58, in request
    return session.request(method=method, url=url, **kwargs)
  File "/home/studentyl/anaconda3/lib/python3.6/site-packages/requests/sessions.py", line 518, in request
    resp = self.send(prep, **send_kwargs)
  File "/home/studentyl/anaconda3/lib/python3.6/site-packages/requests/sessions.py", line 639, in send
    r = adapter.send(request, **kwargs)
  File "/home/studentyl/anaconda3/lib/python3.6/site-packages/requests/adapters.py", line 488, in send
    raise ConnectionError(err, request=request)
requests.exceptions.ConnectionError: ('Connection aborted.', RemoteDisconnected('Remote end closed connection without response',))
